<?xml version="1.0" encoding="UTF-8"?>
<testsuite xmlns:xsi="http://www.w3.org/2001/XMLSchema-instance" xsi:noNamespaceSchemaLocation="https://maven.apache.org/surefire/maven-surefire-plugin/xsd/surefire-test-report.xsd" name="in.rgukt.r081247.universityapi.CrmApplicationTests" time="11.282" tests="1" errors="1" skipped="0" failures="0">
  <properties>
    <property name="sun.desktop" value="gnome"/>
    <property name="awt.toolkit" value="sun.awt.X11.XToolkit"/>
    <property name="java.specification.version" value="11"/>
    <property name="sun.cpu.isalist" value=""/>
    <property name="sun.jnu.encoding" value="UTF-8"/>
    <property name="java.class.path" value="/home/vinod/Desktop/desk/projects/universityapi/target/test-classes:/home/vinod/Desktop/desk/projects/universityapi/target/classes:/home/vinod/.m2/repository/org/springframework/boot/spring-boot-starter-data-jpa/2.1.5.RELEASE/spring-boot-starter-data-jpa-2.1.5.RELEASE.jar:/home/vinod/.m2/repository/org/springframework/boot/spring-boot-starter-aop/2.1.5.RELEASE/spring-boot-starter-aop-2.1.5.RELEASE.jar:/home/vinod/.m2/repository/org/aspectj/aspectjweaver/1.9.4/aspectjweaver-1.9.4.jar:/home/vinod/.m2/repository/org/springframework/boot/spring-boot-starter-jdbc/2.1.5.RELEASE/spring-boot-starter-jdbc-2.1.5.RELEASE.jar:/home/vinod/.m2/repository/com/zaxxer/HikariCP/3.2.0/HikariCP-3.2.0.jar:/home/vinod/.m2/repository/org/springframework/spring-jdbc/5.1.7.RELEASE/spring-jdbc-5.1.7.RELEASE.jar:/home/vinod/.m2/repository/javax/transaction/javax.transaction-api/1.3/javax.transaction-api-1.3.jar:/home/vinod/.m2/repository/javax/xml/bind/jaxb-api/2.3.1/jaxb-api-2.3.1.jar:/home/vinod/.m2/repository/javax/activation/javax.activation-api/1.2.0/javax.activation-api-1.2.0.jar:/home/vinod/.m2/repository/org/hibernate/hibernate-core/5.3.10.Final/hibernate-core-5.3.10.Final.jar:/home/vinod/.m2/repository/org/jboss/logging/jboss-logging/3.3.2.Final/jboss-logging-3.3.2.Final.jar:/home/vinod/.m2/repository/javax/persistence/javax.persistence-api/2.2/javax.persistence-api-2.2.jar:/home/vinod/.m2/repository/org/javassist/javassist/3.23.2-GA/javassist-3.23.2-GA.jar:/home/vinod/.m2/repository/net/bytebuddy/byte-buddy/1.9.12/byte-buddy-1.9.12.jar:/home/vinod/.m2/repository/antlr/antlr/2.7.7/antlr-2.7.7.jar:/home/vinod/.m2/repository/org/jboss/jandex/2.0.5.Final/jandex-2.0.5.Final.jar:/home/vinod/.m2/repository/com/fasterxml/classmate/1.4.0/classmate-1.4.0.jar:/home/vinod/.m2/repository/org/dom4j/dom4j/2.1.1/dom4j-2.1.1.jar:/home/vinod/.m2/repository/org/hibernate/common/hibernate-commons-annotations/5.0.4.Final/hibernate-commons-annotations-5.0.4.Final.jar:/home/vinod/.m2/repository/org/springframework/data/spring-data-jpa/2.1.8.RELEASE/spring-data-jpa-2.1.8.RELEASE.jar:/home/vinod/.m2/repository/org/springframework/data/spring-data-commons/2.1.8.RELEASE/spring-data-commons-2.1.8.RELEASE.jar:/home/vinod/.m2/repository/org/springframework/spring-orm/5.1.7.RELEASE/spring-orm-5.1.7.RELEASE.jar:/home/vinod/.m2/repository/org/springframework/spring-context/5.1.7.RELEASE/spring-context-5.1.7.RELEASE.jar:/home/vinod/.m2/repository/org/springframework/spring-tx/5.1.7.RELEASE/spring-tx-5.1.7.RELEASE.jar:/home/vinod/.m2/repository/org/springframework/spring-beans/5.1.7.RELEASE/spring-beans-5.1.7.RELEASE.jar:/home/vinod/.m2/repository/org/slf4j/slf4j-api/1.7.26/slf4j-api-1.7.26.jar:/home/vinod/.m2/repository/org/springframework/spring-aspects/5.1.7.RELEASE/spring-aspects-5.1.7.RELEASE.jar:/home/vinod/.m2/repository/org/springframework/boot/spring-boot-starter-security/2.1.5.RELEASE/spring-boot-starter-security-2.1.5.RELEASE.jar:/home/vinod/.m2/repository/org/springframework/boot/spring-boot-starter/2.1.5.RELEASE/spring-boot-starter-2.1.5.RELEASE.jar:/home/vinod/.m2/repository/org/springframework/boot/spring-boot-starter-logging/2.1.5.RELEASE/spring-boot-starter-logging-2.1.5.RELEASE.jar:/home/vinod/.m2/repository/ch/qos/logback/logback-classic/1.2.3/logback-classic-1.2.3.jar:/home/vinod/.m2/repository/ch/qos/logback/logback-core/1.2.3/logback-core-1.2.3.jar:/home/vinod/.m2/repository/org/apache/logging/log4j/log4j-to-slf4j/2.11.2/log4j-to-slf4j-2.11.2.jar:/home/vinod/.m2/repository/org/apache/logging/log4j/log4j-api/2.11.2/log4j-api-2.11.2.jar:/home/vinod/.m2/repository/org/slf4j/jul-to-slf4j/1.7.26/jul-to-slf4j-1.7.26.jar:/home/vinod/.m2/repository/javax/annotation/javax.annotation-api/1.3.2/javax.annotation-api-1.3.2.jar:/home/vinod/.m2/repository/org/yaml/snakeyaml/1.23/snakeyaml-1.23.jar:/home/vinod/.m2/repository/org/springframework/spring-aop/5.1.7.RELEASE/spring-aop-5.1.7.RELEASE.jar:/home/vinod/.m2/repository/org/springframework/security/spring-security-config/5.1.5.RELEASE/spring-security-config-5.1.5.RELEASE.jar:/home/vinod/.m2/repository/org/springframework/security/spring-security-web/5.1.5.RELEASE/spring-security-web-5.1.5.RELEASE.jar:/home/vinod/.m2/repository/org/springframework/spring-expression/5.1.7.RELEASE/spring-expression-5.1.7.RELEASE.jar:/home/vinod/.m2/repository/org/springframework/boot/spring-boot-starter-web/2.1.5.RELEASE/spring-boot-starter-web-2.1.5.RELEASE.jar:/home/vinod/.m2/repository/org/springframework/boot/spring-boot-starter-json/2.1.5.RELEASE/spring-boot-starter-json-2.1.5.RELEASE.jar:/home/vinod/.m2/repository/com/fasterxml/jackson/core/jackson-databind/2.9.8/jackson-databind-2.9.8.jar:/home/vinod/.m2/repository/com/fasterxml/jackson/core/jackson-annotations/2.9.0/jackson-annotations-2.9.0.jar:/home/vinod/.m2/repository/com/fasterxml/jackson/core/jackson-core/2.9.8/jackson-core-2.9.8.jar:/home/vinod/.m2/repository/com/fasterxml/jackson/datatype/jackson-datatype-jdk8/2.9.8/jackson-datatype-jdk8-2.9.8.jar:/home/vinod/.m2/repository/com/fasterxml/jackson/datatype/jackson-datatype-jsr310/2.9.8/jackson-datatype-jsr310-2.9.8.jar:/home/vinod/.m2/repository/com/fasterxml/jackson/module/jackson-module-parameter-names/2.9.8/jackson-module-parameter-names-2.9.8.jar:/home/vinod/.m2/repository/org/springframework/boot/spring-boot-starter-tomcat/2.1.5.RELEASE/spring-boot-starter-tomcat-2.1.5.RELEASE.jar:/home/vinod/.m2/repository/org/apache/tomcat/embed/tomcat-embed-core/9.0.19/tomcat-embed-core-9.0.19.jar:/home/vinod/.m2/repository/org/apache/tomcat/embed/tomcat-embed-el/9.0.19/tomcat-embed-el-9.0.19.jar:/home/vinod/.m2/repository/org/apache/tomcat/embed/tomcat-embed-websocket/9.0.19/tomcat-embed-websocket-9.0.19.jar:/home/vinod/.m2/repository/org/hibernate/validator/hibernate-validator/6.0.16.Final/hibernate-validator-6.0.16.Final.jar:/home/vinod/.m2/repository/javax/validation/validation-api/2.0.1.Final/validation-api-2.0.1.Final.jar:/home/vinod/.m2/repository/org/springframework/spring-web/5.1.7.RELEASE/spring-web-5.1.7.RELEASE.jar:/home/vinod/.m2/repository/org/springframework/spring-webmvc/5.1.7.RELEASE/spring-webmvc-5.1.7.RELEASE.jar:/home/vinod/.m2/repository/mysql/mysql-connector-java/8.0.16/mysql-connector-java-8.0.16.jar:/home/vinod/.m2/repository/org/springframework/boot/spring-boot-starter-test/2.1.5.RELEASE/spring-boot-starter-test-2.1.5.RELEASE.jar:/home/vinod/.m2/repository/org/springframework/boot/spring-boot-test/2.1.5.RELEASE/spring-boot-test-2.1.5.RELEASE.jar:/home/vinod/.m2/repository/org/springframework/boot/spring-boot-test-autoconfigure/2.1.5.RELEASE/spring-boot-test-autoconfigure-2.1.5.RELEASE.jar:/home/vinod/.m2/repository/com/jayway/jsonpath/json-path/2.4.0/json-path-2.4.0.jar:/home/vinod/.m2/repository/net/minidev/json-smart/2.3/json-smart-2.3.jar:/home/vinod/.m2/repository/net/minidev/accessors-smart/1.2/accessors-smart-1.2.jar:/home/vinod/.m2/repository/org/ow2/asm/asm/5.0.4/asm-5.0.4.jar:/home/vinod/.m2/repository/junit/junit/4.12/junit-4.12.jar:/home/vinod/.m2/repository/org/assertj/assertj-core/3.11.1/assertj-core-3.11.1.jar:/home/vinod/.m2/repository/org/mockito/mockito-core/2.23.4/mockito-core-2.23.4.jar:/home/vinod/.m2/repository/net/bytebuddy/byte-buddy-agent/1.9.12/byte-buddy-agent-1.9.12.jar:/home/vinod/.m2/repository/org/objenesis/objenesis/2.6/objenesis-2.6.jar:/home/vinod/.m2/repository/org/hamcrest/hamcrest-core/1.3/hamcrest-core-1.3.jar:/home/vinod/.m2/repository/org/hamcrest/hamcrest-library/1.3/hamcrest-library-1.3.jar:/home/vinod/.m2/repository/org/skyscreamer/jsonassert/1.5.0/jsonassert-1.5.0.jar:/home/vinod/.m2/repository/com/vaadin/external/google/android-json/0.0.20131108.vaadin1/android-json-0.0.20131108.vaadin1.jar:/home/vinod/.m2/repository/org/springframework/spring-core/5.1.7.RELEASE/spring-core-5.1.7.RELEASE.jar:/home/vinod/.m2/repository/org/springframework/spring-jcl/5.1.7.RELEASE/spring-jcl-5.1.7.RELEASE.jar:/home/vinod/.m2/repository/org/springframework/spring-test/5.1.7.RELEASE/spring-test-5.1.7.RELEASE.jar:/home/vinod/.m2/repository/org/xmlunit/xmlunit-core/2.6.2/xmlunit-core-2.6.2.jar:/home/vinod/.m2/repository/com/h2database/h2/1.4.199/h2-1.4.199.jar:/home/vinod/.m2/repository/org/springframework/security/spring-security-test/5.1.5.RELEASE/spring-security-test-5.1.5.RELEASE.jar:/home/vinod/.m2/repository/org/springframework/security/spring-security-core/5.1.5.RELEASE/spring-security-core-5.1.5.RELEASE.jar:/home/vinod/.m2/repository/org/springframework/boot/spring-boot-devtools/2.1.5.RELEASE/spring-boot-devtools-2.1.5.RELEASE.jar:/home/vinod/.m2/repository/org/springframework/boot/spring-boot/2.1.5.RELEASE/spring-boot-2.1.5.RELEASE.jar:/home/vinod/.m2/repository/org/springframework/boot/spring-boot-autoconfigure/2.1.5.RELEASE/spring-boot-autoconfigure-2.1.5.RELEASE.jar:"/>
    <property name="java.vm.vendor" value="AdoptOpenJDK"/>
    <property name="sun.arch.data.model" value="64"/>
    <property name="java.vendor.url" value="https://adoptopenjdk.net/"/>
    <property name="user.timezone" value=""/>
    <property name="java.vm.specification.version" value="11"/>
    <property name="os.name" value="Linux"/>
    <property name="sun.java.launcher" value="SUN_STANDARD"/>
    <property name="user.country" value="IN"/>
    <property name="sun.boot.library.path" value="/home/vinod/.sdkman/candidates/java/11.0.4.hs-adpt/lib"/>
    <property name="sun.java.command" value="/home/vinod/Desktop/desk/projects/universityapi/target/surefire/surefirebooter9337132622826742852.jar /home/vinod/Desktop/desk/projects/universityapi/target/surefire 2020-02-08T10-21-20_114-jvmRun1 surefire10272446337612567938tmp surefire_012652112760342641946tmp"/>
    <property name="jdk.debug" value="release"/>
    <property name="surefire.test.class.path" value="/home/vinod/Desktop/desk/projects/universityapi/target/test-classes:/home/vinod/Desktop/desk/projects/universityapi/target/classes:/home/vinod/.m2/repository/org/springframework/boot/spring-boot-starter-data-jpa/2.1.5.RELEASE/spring-boot-starter-data-jpa-2.1.5.RELEASE.jar:/home/vinod/.m2/repository/org/springframework/boot/spring-boot-starter-aop/2.1.5.RELEASE/spring-boot-starter-aop-2.1.5.RELEASE.jar:/home/vinod/.m2/repository/org/aspectj/aspectjweaver/1.9.4/aspectjweaver-1.9.4.jar:/home/vinod/.m2/repository/org/springframework/boot/spring-boot-starter-jdbc/2.1.5.RELEASE/spring-boot-starter-jdbc-2.1.5.RELEASE.jar:/home/vinod/.m2/repository/com/zaxxer/HikariCP/3.2.0/HikariCP-3.2.0.jar:/home/vinod/.m2/repository/org/springframework/spring-jdbc/5.1.7.RELEASE/spring-jdbc-5.1.7.RELEASE.jar:/home/vinod/.m2/repository/javax/transaction/javax.transaction-api/1.3/javax.transaction-api-1.3.jar:/home/vinod/.m2/repository/javax/xml/bind/jaxb-api/2.3.1/jaxb-api-2.3.1.jar:/home/vinod/.m2/repository/javax/activation/javax.activation-api/1.2.0/javax.activation-api-1.2.0.jar:/home/vinod/.m2/repository/org/hibernate/hibernate-core/5.3.10.Final/hibernate-core-5.3.10.Final.jar:/home/vinod/.m2/repository/org/jboss/logging/jboss-logging/3.3.2.Final/jboss-logging-3.3.2.Final.jar:/home/vinod/.m2/repository/javax/persistence/javax.persistence-api/2.2/javax.persistence-api-2.2.jar:/home/vinod/.m2/repository/org/javassist/javassist/3.23.2-GA/javassist-3.23.2-GA.jar:/home/vinod/.m2/repository/net/bytebuddy/byte-buddy/1.9.12/byte-buddy-1.9.12.jar:/home/vinod/.m2/repository/antlr/antlr/2.7.7/antlr-2.7.7.jar:/home/vinod/.m2/repository/org/jboss/jandex/2.0.5.Final/jandex-2.0.5.Final.jar:/home/vinod/.m2/repository/com/fasterxml/classmate/1.4.0/classmate-1.4.0.jar:/home/vinod/.m2/repository/org/dom4j/dom4j/2.1.1/dom4j-2.1.1.jar:/home/vinod/.m2/repository/org/hibernate/common/hibernate-commons-annotations/5.0.4.Final/hibernate-commons-annotations-5.0.4.Final.jar:/home/vinod/.m2/repository/org/springframework/data/spring-data-jpa/2.1.8.RELEASE/spring-data-jpa-2.1.8.RELEASE.jar:/home/vinod/.m2/repository/org/springframework/data/spring-data-commons/2.1.8.RELEASE/spring-data-commons-2.1.8.RELEASE.jar:/home/vinod/.m2/repository/org/springframework/spring-orm/5.1.7.RELEASE/spring-orm-5.1.7.RELEASE.jar:/home/vinod/.m2/repository/org/springframework/spring-context/5.1.7.RELEASE/spring-context-5.1.7.RELEASE.jar:/home/vinod/.m2/repository/org/springframework/spring-tx/5.1.7.RELEASE/spring-tx-5.1.7.RELEASE.jar:/home/vinod/.m2/repository/org/springframework/spring-beans/5.1.7.RELEASE/spring-beans-5.1.7.RELEASE.jar:/home/vinod/.m2/repository/org/slf4j/slf4j-api/1.7.26/slf4j-api-1.7.26.jar:/home/vinod/.m2/repository/org/springframework/spring-aspects/5.1.7.RELEASE/spring-aspects-5.1.7.RELEASE.jar:/home/vinod/.m2/repository/org/springframework/boot/spring-boot-starter-security/2.1.5.RELEASE/spring-boot-starter-security-2.1.5.RELEASE.jar:/home/vinod/.m2/repository/org/springframework/boot/spring-boot-starter/2.1.5.RELEASE/spring-boot-starter-2.1.5.RELEASE.jar:/home/vinod/.m2/repository/org/springframework/boot/spring-boot-starter-logging/2.1.5.RELEASE/spring-boot-starter-logging-2.1.5.RELEASE.jar:/home/vinod/.m2/repository/ch/qos/logback/logback-classic/1.2.3/logback-classic-1.2.3.jar:/home/vinod/.m2/repository/ch/qos/logback/logback-core/1.2.3/logback-core-1.2.3.jar:/home/vinod/.m2/repository/org/apache/logging/log4j/log4j-to-slf4j/2.11.2/log4j-to-slf4j-2.11.2.jar:/home/vinod/.m2/repository/org/apache/logging/log4j/log4j-api/2.11.2/log4j-api-2.11.2.jar:/home/vinod/.m2/repository/org/slf4j/jul-to-slf4j/1.7.26/jul-to-slf4j-1.7.26.jar:/home/vinod/.m2/repository/javax/annotation/javax.annotation-api/1.3.2/javax.annotation-api-1.3.2.jar:/home/vinod/.m2/repository/org/yaml/snakeyaml/1.23/snakeyaml-1.23.jar:/home/vinod/.m2/repository/org/springframework/spring-aop/5.1.7.RELEASE/spring-aop-5.1.7.RELEASE.jar:/home/vinod/.m2/repository/org/springframework/security/spring-security-config/5.1.5.RELEASE/spring-security-config-5.1.5.RELEASE.jar:/home/vinod/.m2/repository/org/springframework/security/spring-security-web/5.1.5.RELEASE/spring-security-web-5.1.5.RELEASE.jar:/home/vinod/.m2/repository/org/springframework/spring-expression/5.1.7.RELEASE/spring-expression-5.1.7.RELEASE.jar:/home/vinod/.m2/repository/org/springframework/boot/spring-boot-starter-web/2.1.5.RELEASE/spring-boot-starter-web-2.1.5.RELEASE.jar:/home/vinod/.m2/repository/org/springframework/boot/spring-boot-starter-json/2.1.5.RELEASE/spring-boot-starter-json-2.1.5.RELEASE.jar:/home/vinod/.m2/repository/com/fasterxml/jackson/core/jackson-databind/2.9.8/jackson-databind-2.9.8.jar:/home/vinod/.m2/repository/com/fasterxml/jackson/core/jackson-annotations/2.9.0/jackson-annotations-2.9.0.jar:/home/vinod/.m2/repository/com/fasterxml/jackson/core/jackson-core/2.9.8/jackson-core-2.9.8.jar:/home/vinod/.m2/repository/com/fasterxml/jackson/datatype/jackson-datatype-jdk8/2.9.8/jackson-datatype-jdk8-2.9.8.jar:/home/vinod/.m2/repository/com/fasterxml/jackson/datatype/jackson-datatype-jsr310/2.9.8/jackson-datatype-jsr310-2.9.8.jar:/home/vinod/.m2/repository/com/fasterxml/jackson/module/jackson-module-parameter-names/2.9.8/jackson-module-parameter-names-2.9.8.jar:/home/vinod/.m2/repository/org/springframework/boot/spring-boot-starter-tomcat/2.1.5.RELEASE/spring-boot-starter-tomcat-2.1.5.RELEASE.jar:/home/vinod/.m2/repository/org/apache/tomcat/embed/tomcat-embed-core/9.0.19/tomcat-embed-core-9.0.19.jar:/home/vinod/.m2/repository/org/apache/tomcat/embed/tomcat-embed-el/9.0.19/tomcat-embed-el-9.0.19.jar:/home/vinod/.m2/repository/org/apache/tomcat/embed/tomcat-embed-websocket/9.0.19/tomcat-embed-websocket-9.0.19.jar:/home/vinod/.m2/repository/org/hibernate/validator/hibernate-validator/6.0.16.Final/hibernate-validator-6.0.16.Final.jar:/home/vinod/.m2/repository/javax/validation/validation-api/2.0.1.Final/validation-api-2.0.1.Final.jar:/home/vinod/.m2/repository/org/springframework/spring-web/5.1.7.RELEASE/spring-web-5.1.7.RELEASE.jar:/home/vinod/.m2/repository/org/springframework/spring-webmvc/5.1.7.RELEASE/spring-webmvc-5.1.7.RELEASE.jar:/home/vinod/.m2/repository/mysql/mysql-connector-java/8.0.16/mysql-connector-java-8.0.16.jar:/home/vinod/.m2/repository/org/springframework/boot/spring-boot-starter-test/2.1.5.RELEASE/spring-boot-starter-test-2.1.5.RELEASE.jar:/home/vinod/.m2/repository/org/springframework/boot/spring-boot-test/2.1.5.RELEASE/spring-boot-test-2.1.5.RELEASE.jar:/home/vinod/.m2/repository/org/springframework/boot/spring-boot-test-autoconfigure/2.1.5.RELEASE/spring-boot-test-autoconfigure-2.1.5.RELEASE.jar:/home/vinod/.m2/repository/com/jayway/jsonpath/json-path/2.4.0/json-path-2.4.0.jar:/home/vinod/.m2/repository/net/minidev/json-smart/2.3/json-smart-2.3.jar:/home/vinod/.m2/repository/net/minidev/accessors-smart/1.2/accessors-smart-1.2.jar:/home/vinod/.m2/repository/org/ow2/asm/asm/5.0.4/asm-5.0.4.jar:/home/vinod/.m2/repository/junit/junit/4.12/junit-4.12.jar:/home/vinod/.m2/repository/org/assertj/assertj-core/3.11.1/assertj-core-3.11.1.jar:/home/vinod/.m2/repository/org/mockito/mockito-core/2.23.4/mockito-core-2.23.4.jar:/home/vinod/.m2/repository/net/bytebuddy/byte-buddy-agent/1.9.12/byte-buddy-agent-1.9.12.jar:/home/vinod/.m2/repository/org/objenesis/objenesis/2.6/objenesis-2.6.jar:/home/vinod/.m2/repository/org/hamcrest/hamcrest-core/1.3/hamcrest-core-1.3.jar:/home/vinod/.m2/repository/org/hamcrest/hamcrest-library/1.3/hamcrest-library-1.3.jar:/home/vinod/.m2/repository/org/skyscreamer/jsonassert/1.5.0/jsonassert-1.5.0.jar:/home/vinod/.m2/repository/com/vaadin/external/google/android-json/0.0.20131108.vaadin1/android-json-0.0.20131108.vaadin1.jar:/home/vinod/.m2/repository/org/springframework/spring-core/5.1.7.RELEASE/spring-core-5.1.7.RELEASE.jar:/home/vinod/.m2/repository/org/springframework/spring-jcl/5.1.7.RELEASE/spring-jcl-5.1.7.RELEASE.jar:/home/vinod/.m2/repository/org/springframework/spring-test/5.1.7.RELEASE/spring-test-5.1.7.RELEASE.jar:/home/vinod/.m2/repository/org/xmlunit/xmlunit-core/2.6.2/xmlunit-core-2.6.2.jar:/home/vinod/.m2/repository/com/h2database/h2/1.4.199/h2-1.4.199.jar:/home/vinod/.m2/repository/org/springframework/security/spring-security-test/5.1.5.RELEASE/spring-security-test-5.1.5.RELEASE.jar:/home/vinod/.m2/repository/org/springframework/security/spring-security-core/5.1.5.RELEASE/spring-security-core-5.1.5.RELEASE.jar:/home/vinod/.m2/repository/org/springframework/boot/spring-boot-devtools/2.1.5.RELEASE/spring-boot-devtools-2.1.5.RELEASE.jar:/home/vinod/.m2/repository/org/springframework/boot/spring-boot/2.1.5.RELEASE/spring-boot-2.1.5.RELEASE.jar:/home/vinod/.m2/repository/org/springframework/boot/spring-boot-autoconfigure/2.1.5.RELEASE/spring-boot-autoconfigure-2.1.5.RELEASE.jar:"/>
    <property name="sun.cpu.endian" value="little"/>
    <property name="user.home" value="/home/vinod"/>
    <property name="user.language" value="en"/>
    <property name="java.specification.vendor" value="Oracle Corporation"/>
    <property name="java.version.date" value="2019-07-16"/>
    <property name="java.home" value="/home/vinod/.sdkman/candidates/java/11.0.4.hs-adpt"/>
    <property name="file.separator" value="/"/>
    <property name="basedir" value="/home/vinod/Desktop/desk/projects/universityapi"/>
    <property name="java.vm.compressedOopsMode" value="32-bit"/>
    <property name="line.separator" value="&#10;"/>
    <property name="java.specification.name" value="Java Platform API Specification"/>
    <property name="java.vm.specification.vendor" value="Oracle Corporation"/>
    <property name="java.awt.graphicsenv" value="sun.awt.X11GraphicsEnvironment"/>
    <property name="surefire.real.class.path" value="/home/vinod/Desktop/desk/projects/universityapi/target/surefire/surefirebooter9337132622826742852.jar"/>
    <property name="sun.management.compiler" value="HotSpot 64-Bit Tiered Compilers"/>
    <property name="java.runtime.version" value="11.0.4+11"/>
    <property name="user.name" value="vinod"/>
    <property name="path.separator" value=":"/>
    <property name="os.version" value="4.9.0-8-amd64"/>
    <property name="java.runtime.name" value="OpenJDK Runtime Environment"/>
    <property name="file.encoding" value="UTF-8"/>
    <property name="java.vm.name" value="OpenJDK 64-Bit Server VM"/>
    <property name="java.vendor.version" value="AdoptOpenJDK"/>
    <property name="localRepository" value="/home/vinod/.m2/repository"/>
    <property name="java.vendor.url.bug" value="https://github.com/AdoptOpenJDK/openjdk-build/issues"/>
    <property name="java.io.tmpdir" value="/tmp"/>
    <property name="java.version" value="11.0.4"/>
    <property name="user.dir" value="/home/vinod/Desktop/desk/projects/universityapi"/>
    <property name="os.arch" value="amd64"/>
    <property name="java.vm.specification.name" value="Java Virtual Machine Specification"/>
    <property name="java.awt.printerjob" value="sun.print.PSPrinterJob"/>
    <property name="idea.version2019.1.2" value="true"/>
    <property name="sun.os.patch.level" value="unknown"/>
    <property name="java.library.path" value="/usr/java/packages/lib:/usr/lib64:/lib64:/lib:/usr/lib"/>
    <property name="java.vendor" value="AdoptOpenJDK"/>
    <property name="java.vm.info" value="mixed mode"/>
    <property name="java.vm.version" value="11.0.4+11"/>
    <property name="sun.io.unicode.encoding" value="UnicodeLittle"/>
    <property name="java.class.version" value="55.0"/>
  </properties>
  <testcase name="contextLoads" classname="in.rgukt.r081247.universityapi.CrmApplicationTests" time="0.04">
    <error message="Failed to load ApplicationContext" type="java.lang.IllegalStateException">java.lang.IllegalStateException: Failed to load ApplicationContext
Caused by: org.springframework.beans.factory.UnsatisfiedDependencyException: Error creating bean with name 'courseController': Unsatisfied dependency expressed through field 'courseService'; nested exception is org.springframework.beans.factory.UnsatisfiedDependencyException: Error creating bean with name 'courseService': Unsatisfied dependency expressed through field 'departmentRepository'; nested exception is org.springframework.beans.factory.NoSuchBeanDefinitionException: No qualifying bean of type 'in.rgukt.r081247.universityapi.repository.DepartmentRepository' available: expected at least 1 bean which qualifies as autowire candidate. Dependency annotations: {@org.springframework.beans.factory.annotation.Autowired(required=true)}
Caused by: org.springframework.beans.factory.UnsatisfiedDependencyException: Error creating bean with name 'courseService': Unsatisfied dependency expressed through field 'departmentRepository'; nested exception is org.springframework.beans.factory.NoSuchBeanDefinitionException: No qualifying bean of type 'in.rgukt.r081247.universityapi.repository.DepartmentRepository' available: expected at least 1 bean which qualifies as autowire candidate. Dependency annotations: {@org.springframework.beans.factory.annotation.Autowired(required=true)}
Caused by: org.springframework.beans.factory.NoSuchBeanDefinitionException: No qualifying bean of type 'in.rgukt.r081247.universityapi.repository.DepartmentRepository' available: expected at least 1 bean which qualifies as autowire candidate. Dependency annotations: {@org.springframework.beans.factory.annotation.Autowired(required=true)}
</error>
    <system-out><![CDATA[10:21:21.602 [main] DEBUG org.springframework.test.context.junit4.SpringJUnit4ClassRunner - SpringJUnit4ClassRunner constructor called with [class in.rgukt.r081247.universityapi.CrmApplicationTests]
10:21:21.611 [main] DEBUG org.springframework.test.context.BootstrapUtils - Instantiating CacheAwareContextLoaderDelegate from class [org.springframework.test.context.cache.DefaultCacheAwareContextLoaderDelegate]
10:21:21.629 [main] DEBUG org.springframework.test.context.BootstrapUtils - Instantiating BootstrapContext using constructor [public org.springframework.test.context.support.DefaultBootstrapContext(java.lang.Class,org.springframework.test.context.CacheAwareContextLoaderDelegate)]
10:21:21.670 [main] DEBUG org.springframework.test.context.BootstrapUtils - Instantiating TestContextBootstrapper for test class [in.rgukt.r081247.universityapi.CrmApplicationTests] from class [org.springframework.boot.test.context.SpringBootTestContextBootstrapper]
10:21:21.724 [main] INFO org.springframework.boot.test.context.SpringBootTestContextBootstrapper - Neither @ContextConfiguration nor @ContextHierarchy found for test class [in.rgukt.r081247.universityapi.CrmApplicationTests], using SpringBootContextLoader
10:21:21.733 [main] DEBUG org.springframework.test.context.support.AbstractContextLoader - Did not detect default resource location for test class [in.rgukt.r081247.universityapi.CrmApplicationTests]: class path resource [in/rgukt/r081247/universityapi/CrmApplicationTests-context.xml] does not exist
10:21:21.736 [main] DEBUG org.springframework.test.context.support.AbstractContextLoader - Did not detect default resource location for test class [in.rgukt.r081247.universityapi.CrmApplicationTests]: class path resource [in/rgukt/r081247/universityapi/CrmApplicationTestsContext.groovy] does not exist
10:21:21.736 [main] INFO org.springframework.test.context.support.AbstractContextLoader - Could not detect default resource locations for test class [in.rgukt.r081247.universityapi.CrmApplicationTests]: no resource found for suffixes {-context.xml, Context.groovy}.
10:21:21.963 [main] DEBUG org.springframework.test.context.support.ActiveProfilesUtils - Could not find an 'annotation declaring class' for annotation type [org.springframework.test.context.ActiveProfiles] and class [in.rgukt.r081247.universityapi.CrmApplicationTests]
10:21:22.279 [main] DEBUG org.springframework.boot.test.context.SpringBootTestContextBootstrapper - @TestExecutionListeners is not present for class [in.rgukt.r081247.universityapi.CrmApplicationTests]: using defaults.
10:21:22.280 [main] INFO org.springframework.boot.test.context.SpringBootTestContextBootstrapper - Loaded default TestExecutionListener class names from location [META-INF/spring.factories]: [org.springframework.boot.test.mock.mockito.MockitoTestExecutionListener, org.springframework.boot.test.mock.mockito.ResetMocksTestExecutionListener, org.springframework.boot.test.autoconfigure.restdocs.RestDocsTestExecutionListener, org.springframework.boot.test.autoconfigure.web.client.MockRestServiceServerResetTestExecutionListener, org.springframework.boot.test.autoconfigure.web.servlet.MockMvcPrintOnlyOnFailureTestExecutionListener, org.springframework.boot.test.autoconfigure.web.servlet.WebDriverTestExecutionListener, org.springframework.test.context.web.ServletTestExecutionListener, org.springframework.test.context.support.DirtiesContextBeforeModesTestExecutionListener, org.springframework.test.context.support.DependencyInjectionTestExecutionListener, org.springframework.test.context.support.DirtiesContextTestExecutionListener, org.springframework.test.context.transaction.TransactionalTestExecutionListener, org.springframework.test.context.jdbc.SqlScriptsTestExecutionListener, org.springframework.security.test.context.support.WithSecurityContextTestExecutionListener, org.springframework.security.test.context.support.ReactorContextTestExecutionListener]
10:21:22.357 [main] INFO org.springframework.boot.test.context.SpringBootTestContextBootstrapper - Using TestExecutionListeners: [org.springframework.test.context.web.ServletTestExecutionListener@15f47664, org.springframework.test.context.support.DirtiesContextBeforeModesTestExecutionListener@471a9022, org.springframework.boot.test.mock.mockito.MockitoTestExecutionListener@dc9876b, org.springframework.boot.test.autoconfigure.SpringBootDependencyInjectionTestExecutionListener@2f666ebb, org.springframework.test.context.support.DirtiesContextTestExecutionListener@19976a65, org.springframework.test.context.transaction.TransactionalTestExecutionListener@a1f72f5, org.springframework.test.context.jdbc.SqlScriptsTestExecutionListener@4b2c5e02, org.springframework.security.test.context.support.WithSecurityContextTestExecutionListener@57a3e26a, org.springframework.security.test.context.support.ReactorContextTestExecutionListener@75c56eb9, org.springframework.boot.test.mock.mockito.ResetMocksTestExecutionListener@4bc222e, org.springframework.boot.test.autoconfigure.restdocs.RestDocsTestExecutionListener@2dc9b0f5, org.springframework.boot.test.autoconfigure.web.client.MockRestServiceServerResetTestExecutionListener@6531a794, org.springframework.boot.test.autoconfigure.web.servlet.MockMvcPrintOnlyOnFailureTestExecutionListener@3b5fad2d, org.springframework.boot.test.autoconfigure.web.servlet.WebDriverTestExecutionListener@5e17553a]
10:21:22.360 [main] DEBUG org.springframework.test.annotation.ProfileValueUtils - Retrieved @ProfileValueSourceConfiguration [null] for test class [in.rgukt.r081247.universityapi.CrmApplicationTests]
10:21:22.361 [main] DEBUG org.springframework.test.annotation.ProfileValueUtils - Retrieved ProfileValueSource type [class org.springframework.test.annotation.SystemProfileValueSource] for class [in.rgukt.r081247.universityapi.CrmApplicationTests]
10:21:22.363 [main] DEBUG org.springframework.test.annotation.ProfileValueUtils - Retrieved @ProfileValueSourceConfiguration [null] for test class [in.rgukt.r081247.universityapi.CrmApplicationTests]
10:21:22.363 [main] DEBUG org.springframework.test.annotation.ProfileValueUtils - Retrieved ProfileValueSource type [class org.springframework.test.annotation.SystemProfileValueSource] for class [in.rgukt.r081247.universityapi.CrmApplicationTests]
10:21:22.365 [main] DEBUG org.springframework.test.annotation.ProfileValueUtils - Retrieved @ProfileValueSourceConfiguration [null] for test class [in.rgukt.r081247.universityapi.CrmApplicationTests]
10:21:22.365 [main] DEBUG org.springframework.test.annotation.ProfileValueUtils - Retrieved ProfileValueSource type [class org.springframework.test.annotation.SystemProfileValueSource] for class [in.rgukt.r081247.universityapi.CrmApplicationTests]
10:21:22.372 [main] DEBUG org.springframework.test.context.support.AbstractDirtiesContextTestExecutionListener - Before test class: context [DefaultTestContext@6f1c29b7 testClass = CrmApplicationTests, testInstance = [null], testMethod = [null], testException = [null], mergedContextConfiguration = [WebMergedContextConfiguration@4d6025c5 testClass = CrmApplicationTests, locations = '{}', classes = '{class in.rgukt.r081247.universityapi.CrmApplication, class in.rgukt.r081247.universityapi.CrmApplication}', contextInitializerClasses = '[]', activeProfiles = '{}', propertySourceLocations = '{}', propertySourceProperties = '{org.springframework.boot.test.context.SpringBootTestContextBootstrapper=true}', contextCustomizers = set[org.springframework.boot.test.context.filter.ExcludeFilterContextCustomizer@55f616cf, org.springframework.boot.test.json.DuplicateJsonObjectContextCustomizerFactory$DuplicateJsonObjectContextCustomizer@1329eff, org.springframework.boot.test.mock.mockito.MockitoContextCustomizer@0, org.springframework.boot.test.web.client.TestRestTemplateContextCustomizer@2beee7ff, org.springframework.boot.test.autoconfigure.properties.PropertyMappingContextCustomizer@0, org.springframework.boot.test.autoconfigure.web.servlet.WebDriverContextCustomizerFactory$Customizer@26275bef], resourceBasePath = 'src/main/webapp', contextLoader = 'org.springframework.boot.test.context.SpringBootContextLoader', parent = [null]], attributes = map['org.springframework.test.context.web.ServletTestExecutionListener.activateListener' -> true]], class annotated with @DirtiesContext [false] with mode [null].
10:21:22.373 [main] DEBUG org.springframework.test.annotation.ProfileValueUtils - Retrieved @ProfileValueSourceConfiguration [null] for test class [in.rgukt.r081247.universityapi.CrmApplicationTests]
10:21:22.373 [main] DEBUG org.springframework.test.annotation.ProfileValueUtils - Retrieved ProfileValueSource type [class org.springframework.test.annotation.SystemProfileValueSource] for class [in.rgukt.r081247.universityapi.CrmApplicationTests]
10:21:22.468 [main] DEBUG org.springframework.test.context.support.TestPropertySourceUtils - Adding inlined properties to environment: {spring.jmx.enabled=false, org.springframework.boot.test.context.SpringBootTestContextBootstrapper=true, server.port=-1}
&amp#27;[30m2020-02-08 10:21:23,219&amp#27;[0;39m &amp#27;[39mDEBUG&amp#27;[0;39m [&amp#27;[34mmain&amp#27;[0;39m] &amp#27;[33morg.springframework.boot.context.logging.ClasspathLoggingApplicationListener&amp#27;[0;39m: Application started with classpath: unknown
&amp#27;[30m2020-02-08 10:21:23,235&amp#27;[0;39m &amp#27;[39mDEBUG&amp#27;[0;39m [&amp#27;[34mbackground-preinit&amp#27;[0;39m] &amp#27;[33morg.hibernate.validator.messageinterpolation.ResourceBundleMessageInterpolator&amp#27;[0;39m: Loaded expression factory via original TCCL

  .   ____          _            __ _ _
 /\\ / ___'_ __ _ _(_)_ __  __ _ \ \ \ \
( ( )\___ | '_ | '_| | '_ \/ _` | \ \ \ \
 \\/  ___)| |_)| | | | | || (_| |  ) ) ) )
  '  |____| .__|_| |_|_| |_\__, | / / / /
 =========|_|==============|___/=/_/_/_/
 :: Spring Boot ::        (v2.1.5.RELEASE)

&amp#27;[30m2020-02-08 10:21:23,325&amp#27;[0;39m &amp#27;[39mDEBUG&amp#27;[0;39m [&amp#27;[34mbackground-preinit&amp#27;[0;39m] &amp#27;[33morg.hibernate.validator.internal.engine.ValidatorFactoryImpl&amp#27;[0;39m: HV000234: Using org.hibernate.validator.messageinterpolation.ResourceBundleMessageInterpolator as ValidatorFactory-scoped message interpolator.
&amp#27;[30m2020-02-08 10:21:23,326&amp#27;[0;39m &amp#27;[39mDEBUG&amp#27;[0;39m [&amp#27;[34mbackground-preinit&amp#27;[0;39m] &amp#27;[33morg.hibernate.validator.internal.engine.ValidatorFactoryImpl&amp#27;[0;39m: HV000234: Using org.hibernate.validator.internal.engine.resolver.JPATraversableResolver as ValidatorFactory-scoped traversable resolver.
&amp#27;[30m2020-02-08 10:21:23,326&amp#27;[0;39m &amp#27;[39mDEBUG&amp#27;[0;39m [&amp#27;[34mbackground-preinit&amp#27;[0;39m] &amp#27;[33morg.hibernate.validator.internal.engine.ValidatorFactoryImpl&amp#27;[0;39m: HV000234: Using org.hibernate.validator.internal.util.ExecutableParameterNameProvider as ValidatorFactory-scoped parameter name provider.
&amp#27;[30m2020-02-08 10:21:23,327&amp#27;[0;39m &amp#27;[39mDEBUG&amp#27;[0;39m [&amp#27;[34mbackground-preinit&amp#27;[0;39m] &amp#27;[33morg.hibernate.validator.internal.engine.ValidatorFactoryImpl&amp#27;[0;39m: HV000234: Using org.hibernate.validator.internal.engine.DefaultClockProvider as ValidatorFactory-scoped clock provider.
&amp#27;[30m2020-02-08 10:21:23,328&amp#27;[0;39m &amp#27;[39mDEBUG&amp#27;[0;39m [&amp#27;[34mbackground-preinit&amp#27;[0;39m] &amp#27;[33morg.hibernate.validator.internal.engine.ValidatorFactoryImpl&amp#27;[0;39m: HV000234: Using org.hibernate.validator.internal.engine.scripting.DefaultScriptEvaluatorFactory as ValidatorFactory-scoped script evaluator factory.
&amp#27;[30m2020-02-08 10:21:23,620&amp#27;[0;39m &amp#27;[34mINFO &amp#27;[0;39m [&amp#27;[34mmain&amp#27;[0;39m] &amp#27;[33morg.springframework.boot.StartupInfoLogger&amp#27;[0;39m: Starting CrmApplicationTests on vinod with PID 6772 (started by vinod in /home/vinod/Desktop/desk/projects/universityapi)
&amp#27;[30m2020-02-08 10:21:23,621&amp#27;[0;39m &amp#27;[39mDEBUG&amp#27;[0;39m [&amp#27;[34mmain&amp#27;[0;39m] &amp#27;[33morg.springframework.boot.StartupInfoLogger&amp#27;[0;39m: Running with Spring Boot v2.1.5.RELEASE, Spring v5.1.7.RELEASE
&amp#27;[30m2020-02-08 10:21:23,624&amp#27;[0;39m &amp#27;[34mINFO &amp#27;[0;39m [&amp#27;[34mmain&amp#27;[0;39m] &amp#27;[33morg.springframework.boot.SpringApplication&amp#27;[0;39m: No active profile set, falling back to default profiles: default
&amp#27;[30m2020-02-08 10:21:23,625&amp#27;[0;39m &amp#27;[39mDEBUG&amp#27;[0;39m [&amp#27;[34mmain&amp#27;[0;39m] &amp#27;[33morg.springframework.boot.SpringApplication&amp#27;[0;39m: Loading source class in.rgukt.r081247.universityapi.CrmApplication
&amp#27;[30m2020-02-08 10:21:23,732&amp#27;[0;39m &amp#27;[39mDEBUG&amp#27;[0;39m [&amp#27;[34mmain&amp#27;[0;39m] &amp#27;[33morg.springframework.boot.logging.DeferredLog&amp#27;[0;39m: Loaded config file 'file:/home/vinod/Desktop/desk/projects/universityapi/target/test-classes/application.properties' (classpath:/application.properties)
&amp#27;[30m2020-02-08 10:21:23,734&amp#27;[0;39m &amp#27;[39mDEBUG&amp#27;[0;39m [&amp#27;[34mmain&amp#27;[0;39m] &amp#27;[33morg.springframework.context.support.AbstractApplicationContext&amp#27;[0;39m: Refreshing org.springframework.web.context.support.GenericWebApplicationContext@42a9e5d1
&amp#27;[30m2020-02-08 10:21:23,870&amp#27;[0;39m &amp#27;[39mDEBUG&amp#27;[0;39m [&amp#27;[34mmain&amp#27;[0;39m] &amp#27;[33morg.springframework.beans.factory.support.DefaultSingletonBeanRegistry&amp#27;[0;39m: Creating shared instance of singleton bean 'org.springframework.context.annotation.internalConfigurationAnnotationProcessor'
&amp#27;[30m2020-02-08 10:21:23,970&amp#27;[0;39m &amp#27;[39mDEBUG&amp#27;[0;39m [&amp#27;[34mmain&amp#27;[0;39m] &amp#27;[33morg.springframework.beans.factory.support.DefaultSingletonBeanRegistry&amp#27;[0;39m: Creating shared instance of singleton bean 'org.springframework.boot.autoconfigure.internalCachingMetadataReaderFactory'
&amp#27;[30m2020-02-08 10:21:24,713&amp#27;[0;39m &amp#27;[39mDEBUG&amp#27;[0;39m [&amp#27;[34mmain&amp#27;[0;39m] &amp#27;[33morg.springframework.context.annotation.ClassPathScanningCandidateComponentProvider&amp#27;[0;39m: Identified candidate component class: file [/home/vinod/Desktop/desk/projects/universityapi/target/classes/in/rgukt/r081247/universityapi/config/CrmCofig.class]
&amp#27;[30m2020-02-08 10:21:24,727&amp#27;[0;39m &amp#27;[39mDEBUG&amp#27;[0;39m [&amp#27;[34mmain&amp#27;[0;39m] &amp#27;[33morg.springframework.context.annotation.ClassPathScanningCandidateComponentProvider&amp#27;[0;39m: Identified candidate component class: file [/home/vinod/Desktop/desk/projects/universityapi/target/classes/in/rgukt/r081247/universityapi/config/SecurityConfiguration.class]
&amp#27;[30m2020-02-08 10:21:24,750&amp#27;[0;39m &amp#27;[39mDEBUG&amp#27;[0;39m [&amp#27;[34mmain&amp#27;[0;39m] &amp#27;[33morg.springframework.context.annotation.ClassPathScanningCandidateComponentProvider&amp#27;[0;39m: Identified candidate component class: file [/home/vinod/Desktop/desk/projects/universityapi/target/classes/in/rgukt/r081247/universityapi/controller/CourseController.class]
&amp#27;[30m2020-02-08 10:21:24,756&amp#27;[0;39m &amp#27;[39mDEBUG&amp#27;[0;39m [&amp#27;[34mmain&amp#27;[0;39m] &amp#27;[33morg.springframework.context.annotation.ClassPathScanningCandidateComponentProvider&amp#27;[0;39m: Identified candidate component class: file [/home/vinod/Desktop/desk/projects/universityapi/target/classes/in/rgukt/r081247/universityapi/controller/DepartmentController.class]
&amp#27;[30m2020-02-08 10:21:24,767&amp#27;[0;39m &amp#27;[39mDEBUG&amp#27;[0;39m [&amp#27;[34mmain&amp#27;[0;39m] &amp#27;[33morg.springframework.context.annotation.ClassPathScanningCandidateComponentProvider&amp#27;[0;39m: Identified candidate component class: file [/home/vinod/Desktop/desk/projects/universityapi/target/classes/in/rgukt/r081247/universityapi/controller/StudentController.class]
&amp#27;[30m2020-02-08 10:21:24,770&amp#27;[0;39m &amp#27;[39mDEBUG&amp#27;[0;39m [&amp#27;[34mmain&amp#27;[0;39m] &amp#27;[33morg.springframework.context.annotation.ClassPathScanningCandidateComponentProvider&amp#27;[0;39m: Identified candidate component class: file [/home/vinod/Desktop/desk/projects/universityapi/target/classes/in/rgukt/r081247/universityapi/controller/TestController.class]
&amp#27;[30m2020-02-08 10:21:24,783&amp#27;[0;39m &amp#27;[39mDEBUG&amp#27;[0;39m [&amp#27;[34mmain&amp#27;[0;39m] &amp#27;[33morg.springframework.context.annotation.ClassPathScanningCandidateComponentProvider&amp#27;[0;39m: Identified candidate component class: file [/home/vinod/Desktop/desk/projects/universityapi/target/classes/in/rgukt/r081247/universityapi/exception/CustomExceptionHandler.class]
&amp#27;[30m2020-02-08 10:21:24,791&amp#27;[0;39m &amp#27;[39mDEBUG&amp#27;[0;39m [&amp#27;[34mmain&amp#27;[0;39m] &amp#27;[33morg.springframework.context.annotation.ClassPathScanningCandidateComponentProvider&amp#27;[0;39m: Ignored because not a concrete top-level class: file [/home/vinod/Desktop/desk/projects/universityapi/target/classes/in/rgukt/r081247/universityapi/repository/CourseRepository.class]
&amp#27;[30m2020-02-08 10:21:24,793&amp#27;[0;39m &amp#27;[39mDEBUG&amp#27;[0;39m [&amp#27;[34mmain&amp#27;[0;39m] &amp#27;[33morg.springframework.context.annotation.ClassPathScanningCandidateComponentProvider&amp#27;[0;39m: Ignored because not a concrete top-level class: file [/home/vinod/Desktop/desk/projects/universityapi/target/classes/in/rgukt/r081247/universityapi/repository/DepartmentRepository.class]
&amp#27;[30m2020-02-08 10:21:24,794&amp#27;[0;39m &amp#27;[39mDEBUG&amp#27;[0;39m [&amp#27;[34mmain&amp#27;[0;39m] &amp#27;[33morg.springframework.context.annotation.ClassPathScanningCandidateComponentProvider&amp#27;[0;39m: Ignored because not a concrete top-level class: file [/home/vinod/Desktop/desk/projects/universityapi/target/classes/in/rgukt/r081247/universityapi/repository/StudentRepository.class]
&amp#27;[30m2020-02-08 10:21:24,798&amp#27;[0;39m &amp#27;[39mDEBUG&amp#27;[0;39m [&amp#27;[34mmain&amp#27;[0;39m] &amp#27;[33morg.springframework.context.annotation.ClassPathScanningCandidateComponentProvider&amp#27;[0;39m: Identified candidate component class: file [/home/vinod/Desktop/desk/projects/universityapi/target/classes/in/rgukt/r081247/universityapi/service/CourseService.class]
&amp#27;[30m2020-02-08 10:21:24,803&amp#27;[0;39m &amp#27;[39mDEBUG&amp#27;[0;39m [&amp#27;[34mmain&amp#27;[0;39m] &amp#27;[33morg.springframework.context.annotation.ClassPathScanningCandidateComponentProvider&amp#27;[0;39m: Identified candidate component class: file [/home/vinod/Desktop/desk/projects/universityapi/target/classes/in/rgukt/r081247/universityapi/service/DepartmentService.class]
&amp#27;[30m2020-02-08 10:21:24,806&amp#27;[0;39m &amp#27;[39mDEBUG&amp#27;[0;39m [&amp#27;[34mmain&amp#27;[0;39m] &amp#27;[33morg.springframework.context.annotation.ClassPathScanningCandidateComponentProvider&amp#27;[0;39m: Identified candidate component class: file [/home/vinod/Desktop/desk/projects/universityapi/target/classes/in/rgukt/r081247/universityapi/service/StudentService.class]
&amp#27;[30m2020-02-08 10:21:25,659&amp#27;[0;39m &amp#27;[39mDEBUG&amp#27;[0;39m [&amp#27;[34mmain&amp#27;[0;39m] &amp#27;[33morg.springframework.core.env.PropertySourcesPropertyResolver&amp#27;[0;39m: Found key 'spring.jmx.enabled' in PropertySource 'configurationProperties' with value of type String
&amp#27;[30m2020-02-08 10:21:25,727&amp#27;[0;39m &amp#27;[39mDEBUG&amp#27;[0;39m [&amp#27;[34mmain&amp#27;[0;39m] &amp#27;[33morg.springframework.core.env.PropertySourcesPropertyResolver&amp#27;[0;39m: Found key 'spring.jmx.enabled' in PropertySource 'configurationProperties' with value of type String
&amp#27;[30m2020-02-08 10:21:25,933&amp#27;[0;39m &amp#27;[39mDEBUG&amp#27;[0;39m [&amp#27;[34mmain&amp#27;[0;39m] &amp#27;[33morg.springframework.core.env.PropertySourcesPropertyResolver&amp#27;[0;39m: Found key 'spring.h2.console.enabled' in PropertySource 'configurationProperties' with value of type String
&amp#27;[30m2020-02-08 10:21:26,084&amp#27;[0;39m &amp#27;[34mINFO &amp#27;[0;39m [&amp#27;[34mmain&amp#27;[0;39m] &amp#27;[33morg.springframework.data.repository.config.RepositoryConfigurationDelegate&amp#27;[0;39m: Bootstrapping Spring Data repositories in DEFAULT mode.
&amp#27;[30m2020-02-08 10:21:26,129&amp#27;[0;39m &amp#27;[39mDEBUG&amp#27;[0;39m [&amp#27;[34mmain&amp#27;[0;39m] &amp#27;[33morg.springframework.data.repository.config.RepositoryConfigurationDelegate&amp#27;[0;39m: Scanning for repositories in packages org.nrp.crm.repository.
&amp#27;[30m2020-02-08 10:21:26,142&amp#27;[0;39m &amp#27;[34mINFO &amp#27;[0;39m [&amp#27;[34mmain&amp#27;[0;39m] &amp#27;[33morg.springframework.data.repository.config.RepositoryConfigurationDelegate&amp#27;[0;39m: Finished Spring Data repository scanning in 12ms. Found 0 repository interfaces.
&amp#27;[30m2020-02-08 10:21:26,168&amp#27;[0;39m &amp#27;[39mDEBUG&amp#27;[0;39m [&amp#27;[34mmain&amp#27;[0;39m] &amp#27;[33morg.springframework.beans.factory.support.DefaultSingletonBeanRegistry&amp#27;[0;39m: Creating shared instance of singleton bean 'org.springframework.boot.autoconfigure.condition.BeanTypeRegistry'
&amp#27;[30m2020-02-08 10:21:26,592&amp#27;[0;39m &amp#27;[39mDEBUG&amp#27;[0;39m [&amp#27;[34mmain&amp#27;[0;39m] &amp#27;[33morg.springframework.core.env.PropertySourcesPropertyResolver&amp#27;[0;39m: Found key 'spring.h2.console.enabled' in PropertySource 'configurationProperties' with value of type String
&amp#27;[30m2020-02-08 10:21:27,095&amp#27;[0;39m &amp#27;[39mDEBUG&amp#27;[0;39m [&amp#27;[34mmain&amp#27;[0;39m] &amp#27;[33morg.springframework.beans.factory.support.DefaultSingletonBeanRegistry&amp#27;[0;39m: Creating shared instance of singleton bean 'propertySourcesPlaceholderConfigurer'
&amp#27;[30m2020-02-08 10:21:27,106&amp#27;[0;39m &amp#27;[39mDEBUG&amp#27;[0;39m [&amp#27;[34mmain&amp#27;[0;39m] &amp#27;[33morg.springframework.beans.factory.support.DefaultSingletonBeanRegistry&amp#27;[0;39m: Creating shared instance of singleton bean 'org.springframework.boot.test.mock.mockito.MockitoPostProcessor'
&amp#27;[30m2020-02-08 10:21:27,118&amp#27;[0;39m &amp#27;[39mDEBUG&amp#27;[0;39m [&amp#27;[34mmain&amp#27;[0;39m] &amp#27;[33morg.springframework.beans.factory.support.DefaultSingletonBeanRegistry&amp#27;[0;39m: Creating shared instance of singleton bean 'emBeanDefinitionRegistrarPostProcessor'
&amp#27;[30m2020-02-08 10:21:27,194&amp#27;[0;39m &amp#27;[39mDEBUG&amp#27;[0;39m [&amp#27;[34mmain&amp#27;[0;39m] &amp#27;[33morg.springframework.beans.factory.support.DefaultSingletonBeanRegistry&amp#27;[0;39m: Creating shared instance of singleton bean 'org.springframework.context.event.internalEventListenerProcessor'
&amp#27;[30m2020-02-08 10:21:27,196&amp#27;[0;39m &amp#27;[39mDEBUG&amp#27;[0;39m [&amp#27;[34mmain&amp#27;[0;39m] &amp#27;[33morg.springframework.beans.factory.support.DefaultSingletonBeanRegistry&amp#27;[0;39m: Creating shared instance of singleton bean 'org.springframework.boot.context.properties.ConfigurationBeanFactoryMetadata'
&amp#27;[30m2020-02-08 10:21:27,197&amp#27;[0;39m &amp#27;[39mDEBUG&amp#27;[0;39m [&amp#27;[34mmain&amp#27;[0;39m] &amp#27;[33morg.springframework.beans.factory.support.DefaultSingletonBeanRegistry&amp#27;[0;39m: Creating shared instance of singleton bean 'preserveErrorControllerTargetClassPostProcessor'
&amp#27;[30m2020-02-08 10:21:27,198&amp#27;[0;39m &amp#27;[39mDEBUG&amp#27;[0;39m [&amp#27;[34mmain&amp#27;[0;39m] &amp#27;[33morg.springframework.beans.factory.support.DefaultSingletonBeanRegistry&amp#27;[0;39m: Creating shared instance of singleton bean 'org.springframework.boot.devtools.autoconfigure.DevToolsDataSourceAutoConfiguration$DatabaseShutdownExecutorJpaDependencyConfiguration'
&amp#27;[30m2020-02-08 10:21:27,201&amp#27;[0;39m &amp#27;[39mDEBUG&amp#27;[0;39m [&amp#27;[34mmain&amp#27;[0;39m] &amp#27;[33morg.springframework.beans.factory.support.DefaultSingletonBeanRegistry&amp#27;[0;39m: Creating shared instance of singleton bean 'org.springframework.context.event.internalEventListenerFactory'
&amp#27;[30m2020-02-08 10:21:27,202&amp#27;[0;39m &amp#27;[39mDEBUG&amp#27;[0;39m [&amp#27;[34mmain&amp#27;[0;39m] &amp#27;[33morg.springframework.beans.factory.support.DefaultSingletonBeanRegistry&amp#27;[0;39m: Creating shared instance of singleton bean 'org.springframework.transaction.config.internalTransactionalEventListenerFactory'
&amp#27;[30m2020-02-08 10:21:27,216&amp#27;[0;39m &amp#27;[39mDEBUG&amp#27;[0;39m [&amp#27;[34mmain&amp#27;[0;39m] &amp#27;[33morg.springframework.beans.factory.support.DefaultSingletonBeanRegistry&amp#27;[0;39m: Creating shared instance of singleton bean 'org.springframework.boot.test.mock.mockito.MockitoPostProcessor$SpyPostProcessor'
&amp#27;[30m2020-02-08 10:21:27,217&amp#27;[0;39m &amp#27;[39mDEBUG&amp#27;[0;39m [&amp#27;[34mmain&amp#27;[0;39m] &amp#27;[33morg.springframework.beans.factory.support.DefaultSingletonBeanRegistry&amp#27;[0;39m: Creating shared instance of singleton bean 'org.springframework.context.annotation.internalAutowiredAnnotationProcessor'
&amp#27;[30m2020-02-08 10:21:27,218&amp#27;[0;39m &amp#27;[39mDEBUG&amp#27;[0;39m [&amp#27;[34mmain&amp#27;[0;39m] &amp#27;[33morg.springframework.beans.factory.support.DefaultSingletonBeanRegistry&amp#27;[0;39m: Creating shared instance of singleton bean 'org.springframework.context.annotation.internalCommonAnnotationProcessor'
&amp#27;[30m2020-02-08 10:21:27,222&amp#27;[0;39m &amp#27;[39mDEBUG&amp#27;[0;39m [&amp#27;[34mmain&amp#27;[0;39m] &amp#27;[33morg.springframework.beans.factory.support.DefaultSingletonBeanRegistry&amp#27;[0;39m: Creating shared instance of singleton bean 'org.springframework.context.annotation.internalPersistenceAnnotationProcessor'
&amp#27;[30m2020-02-08 10:21:27,223&amp#27;[0;39m &amp#27;[39mDEBUG&amp#27;[0;39m [&amp#27;[34mmain&amp#27;[0;39m] &amp#27;[33morg.springframework.beans.factory.support.DefaultSingletonBeanRegistry&amp#27;[0;39m: Creating shared instance of singleton bean 'org.springframework.boot.context.properties.ConfigurationPropertiesBindingPostProcessor'
&amp#27;[30m2020-02-08 10:21:27,227&amp#27;[0;39m &amp#27;[39mDEBUG&amp#27;[0;39m [&amp#27;[34mmain&amp#27;[0;39m] &amp#27;[33morg.springframework.beans.factory.support.DefaultSingletonBeanRegistry&amp#27;[0;39m: Creating shared instance of singleton bean 'org.springframework.aop.config.internalAutoProxyCreator'
&amp#27;[30m2020-02-08 10:21:27,277&amp#27;[0;39m &amp#27;[39mDEBUG&amp#27;[0;39m [&amp#27;[34mmain&amp#27;[0;39m] &amp#27;[33morg.springframework.beans.factory.support.DefaultSingletonBeanRegistry&amp#27;[0;39m: Creating shared instance of singleton bean 'methodValidationPostProcessor'
&amp#27;[30m2020-02-08 10:21:27,291&amp#27;[0;39m &amp#27;[39mDEBUG&amp#27;[0;39m [&amp#27;[34mmain&amp#27;[0;39m] &amp#27;[33morg.springframework.beans.factory.support.ConstructorResolver&amp#27;[0;39m: Autowiring by type from bean name 'methodValidationPostProcessor' via factory method to bean named 'environment'
&amp#27;[30m2020-02-08 10:21:27,313&amp#27;[0;39m &amp#27;[39mDEBUG&amp#27;[0;39m [&amp#27;[34mmain&amp#27;[0;39m] &amp#27;[33morg.springframework.beans.factory.support.DefaultSingletonBeanRegistry&amp#27;[0;39m: Creating shared instance of singleton bean 'dataSourceInitializerPostProcessor'
&amp#27;[30m2020-02-08 10:21:27,321&amp#27;[0;39m &amp#27;[39mDEBUG&amp#27;[0;39m [&amp#27;[34mmain&amp#27;[0;39m] &amp#27;[33morg.springframework.beans.factory.support.DefaultSingletonBeanRegistry&amp#27;[0;39m: Creating shared instance of singleton bean 'persistenceExceptionTranslationPostProcessor'
&amp#27;[30m2020-02-08 10:21:27,324&amp#27;[0;39m &amp#27;[39mDEBUG&amp#27;[0;39m [&amp#27;[34mmain&amp#27;[0;39m] &amp#27;[33morg.springframework.beans.factory.support.ConstructorResolver&amp#27;[0;39m: Autowiring by type from bean name 'persistenceExceptionTranslationPostProcessor' via factory method to bean named 'environment'
&amp#27;[30m2020-02-08 10:21:27,339&amp#27;[0;39m &amp#27;[39mDEBUG&amp#27;[0;39m [&amp#27;[34mmain&amp#27;[0;39m] &amp#27;[33morg.springframework.beans.factory.support.DefaultSingletonBeanRegistry&amp#27;[0;39m: Creating shared instance of singleton bean 'webServerFactoryCustomizerBeanPostProcessor'
&amp#27;[30m2020-02-08 10:21:27,345&amp#27;[0;39m &amp#27;[39mDEBUG&amp#27;[0;39m [&amp#27;[34mmain&amp#27;[0;39m] &amp#27;[33morg.springframework.beans.factory.support.DefaultSingletonBeanRegistry&amp#27;[0;39m: Creating shared instance of singleton bean 'errorPageRegistrarBeanPostProcessor'
&amp#27;[30m2020-02-08 10:21:27,350&amp#27;[0;39m &amp#27;[39mDEBUG&amp#27;[0;39m [&amp#27;[34mmain&amp#27;[0;39m] &amp#27;[33morg.springframework.beans.factory.support.DefaultSingletonBeanRegistry&amp#27;[0;39m: Creating shared instance of singleton bean 'dataSourceInitializedPublisher'
&amp#27;[30m2020-02-08 10:21:27,357&amp#27;[0;39m &amp#27;[39mDEBUG&amp#27;[0;39m [&amp#27;[34mmain&amp#27;[0;39m] &amp#27;[33morg.springframework.beans.factory.support.DefaultSingletonBeanRegistry&amp#27;[0;39m: Creating shared instance of singleton bean 'projectingArgumentResolverBeanPostProcessor'
&amp#27;[30m2020-02-08 10:21:27,361&amp#27;[0;39m &amp#27;[39mDEBUG&amp#27;[0;39m [&amp#27;[34mmain&amp#27;[0;39m] &amp#27;[33morg.springframework.beans.factory.support.DefaultSingletonBeanRegistry&amp#27;[0;39m: Creating shared instance of singleton bean 'org.springframework.transaction.config.internalTransactionAdvisor'
&amp#27;[30m2020-02-08 10:21:27,362&amp#27;[0;39m &amp#27;[39mDEBUG&amp#27;[0;39m [&amp#27;[34mmain&amp#27;[0;39m] &amp#27;[33morg.springframework.beans.factory.support.DefaultSingletonBeanRegistry&amp#27;[0;39m: Creating shared instance of singleton bean 'org.springframework.transaction.annotation.ProxyTransactionManagementConfiguration'
&amp#27;[30m2020-02-08 10:21:27,363&amp#27;[0;39m &amp#27;[39mDEBUG&amp#27;[0;39m [&amp#27;[34mmain&amp#27;[0;39m] &amp#27;[33morg.springframework.beans.factory.support.DefaultSingletonBeanRegistry&amp#27;[0;39m: Creating shared instance of singleton bean 'metaDataSourceAdvisor'
&amp#27;[30m2020-02-08 10:21:27,364&amp#27;[0;39m &amp#27;[39mDEBUG&amp#27;[0;39m [&amp#27;[34mmain&amp#27;[0;39m] &amp#27;[33morg.springframework.beans.factory.support.DefaultSingletonBeanRegistry&amp#27;[0;39m: Creating shared instance of singleton bean 'methodSecurityMetadataSource'
&amp#27;[30m2020-02-08 10:21:27,364&amp#27;[0;39m &amp#27;[39mDEBUG&amp#27;[0;39m [&amp#27;[34mmain&amp#27;[0;39m] &amp#27;[33morg.springframework.beans.factory.support.DefaultSingletonBeanRegistry&amp#27;[0;39m: Creating shared instance of singleton bean 'org.springframework.security.config.annotation.method.configuration.GlobalMethodSecurityConfiguration'
&amp#27;[30m2020-02-08 10:21:27,422&amp#27;[0;39m &amp#27;[39mDEBUG&amp#27;[0;39m [&amp#27;[34mmain&amp#27;[0;39m] &amp#27;[33morg.springframework.beans.factory.support.DefaultSingletonBeanRegistry&amp#27;[0;39m: Creating shared instance of singleton bean 'objectPostProcessor'
&amp#27;[30m2020-02-08 10:21:27,423&amp#27;[0;39m &amp#27;[39mDEBUG&amp#27;[0;39m [&amp#27;[34mmain&amp#27;[0;39m] &amp#27;[33morg.springframework.beans.factory.support.DefaultSingletonBeanRegistry&amp#27;[0;39m: Creating shared instance of singleton bean 'org.springframework.security.config.annotation.configuration.ObjectPostProcessorConfiguration'
&amp#27;[30m2020-02-08 10:21:27,430&amp#27;[0;39m &amp#27;[34mINFO &amp#27;[0;39m [&amp#27;[34mmain&amp#27;[0;39m] &amp#27;[33morg.springframework.context.support.PostProcessorRegistrationDelegate$BeanPostProcessorChecker&amp#27;[0;39m: Bean 'org.springframework.security.config.annotation.configuration.ObjectPostProcessorConfiguration' of type [org.springframework.security.config.annotation.configuration.ObjectPostProcessorConfiguration$$EnhancerBySpringCGLIB$$6f1ba0a5] is not eligible for getting processed by all BeanPostProcessors (for example: not eligible for auto-proxying)
&amp#27;[30m2020-02-08 10:21:27,435&amp#27;[0;39m &amp#27;[39mDEBUG&amp#27;[0;39m [&amp#27;[34mmain&amp#27;[0;39m] &amp#27;[33morg.springframework.beans.factory.support.ConstructorResolver&amp#27;[0;39m: Autowiring by type from bean name 'objectPostProcessor' via factory method to bean named 'org.springframework.beans.factory.support.DefaultListableBeanFactory@7544a1e4'
&amp#27;[30m2020-02-08 10:21:27,446&amp#27;[0;39m &amp#27;[34mINFO &amp#27;[0;39m [&amp#27;[34mmain&amp#27;[0;39m] &amp#27;[33morg.springframework.context.support.PostProcessorRegistrationDelegate$BeanPostProcessorChecker&amp#27;[0;39m: Bean 'objectPostProcessor' of type [org.springframework.security.config.annotation.configuration.AutowireBeanFactoryObjectPostProcessor] is not eligible for getting processed by all BeanPostProcessors (for example: not eligible for auto-proxying)
&amp#27;[30m2020-02-08 10:21:27,448&amp#27;[0;39m &amp#27;[34mINFO &amp#27;[0;39m [&amp#27;[34mmain&amp#27;[0;39m] &amp#27;[33morg.springframework.context.support.PostProcessorRegistrationDelegate$BeanPostProcessorChecker&amp#27;[0;39m: Bean 'org.springframework.security.access.expression.method.DefaultMethodSecurityExpressionHandler@24d61e4' of type [org.springframework.security.access.expression.method.DefaultMethodSecurityExpressionHandler] is not eligible for getting processed by all BeanPostProcessors (for example: not eligible for auto-proxying)
&amp#27;[30m2020-02-08 10:21:27,464&amp#27;[0;39m &amp#27;[34mINFO &amp#27;[0;39m [&amp#27;[34mmain&amp#27;[0;39m] &amp#27;[33morg.springframework.context.support.PostProcessorRegistrationDelegate$BeanPostProcessorChecker&amp#27;[0;39m: Bean 'org.springframework.security.config.annotation.method.configuration.GlobalMethodSecurityConfiguration' of type [org.springframework.security.config.annotation.method.configuration.GlobalMethodSecurityConfiguration$$EnhancerBySpringCGLIB$$93f04357] is not eligible for getting processed by all BeanPostProcessors (for example: not eligible for auto-proxying)
&amp#27;[30m2020-02-08 10:21:27,480&amp#27;[0;39m &amp#27;[34mINFO &amp#27;[0;39m [&amp#27;[34mmain&amp#27;[0;39m] &amp#27;[33morg.springframework.context.support.PostProcessorRegistrationDelegate$BeanPostProcessorChecker&amp#27;[0;39m: Bean 'methodSecurityMetadataSource' of type [org.springframework.security.access.method.DelegatingMethodSecurityMetadataSource] is not eligible for getting processed by all BeanPostProcessors (for example: not eligible for auto-proxying)
&amp#27;[30m2020-02-08 10:21:27,504&amp#27;[0;39m &amp#27;[34mINFO &amp#27;[0;39m [&amp#27;[34mmain&amp#27;[0;39m] &amp#27;[33morg.springframework.context.support.PostProcessorRegistrationDelegate$BeanPostProcessorChecker&amp#27;[0;39m: Bean 'org.springframework.transaction.annotation.ProxyTransactionManagementConfiguration' of type [org.springframework.transaction.annotation.ProxyTransactionManagementConfiguration$$EnhancerBySpringCGLIB$$d66dd86b] is not eligible for getting processed by all BeanPostProcessors (for example: not eligible for auto-proxying)
&amp#27;[30m2020-02-08 10:21:27,521&amp#27;[0;39m &amp#27;[39mDEBUG&amp#27;[0;39m [&amp#27;[34mmain&amp#27;[0;39m] &amp#27;[33morg.springframework.beans.factory.support.DefaultSingletonBeanRegistry&amp#27;[0;39m: Creating shared instance of singleton bean 'transactionAttributeSource'
&amp#27;[30m2020-02-08 10:21:27,531&amp#27;[0;39m &amp#27;[39mDEBUG&amp#27;[0;39m [&amp#27;[34mmain&amp#27;[0;39m] &amp#27;[33morg.springframework.beans.factory.support.DefaultSingletonBeanRegistry&amp#27;[0;39m: Creating shared instance of singleton bean 'transactionInterceptor'
&amp#27;[30m2020-02-08 10:21:27,592&amp#27;[0;39m &amp#27;[39mDEBUG&amp#27;[0;39m [&amp#27;[34mmain&amp#27;[0;39m] &amp#27;[33morg.springframework.ui.context.support.UiApplicationContextUtils&amp#27;[0;39m: Unable to locate ThemeSource with name 'themeSource': using default [org.springframework.ui.context.support.ResourceBundleThemeSource@6af91cc8]
&amp#27;[30m2020-02-08 10:21:27,599&amp#27;[0;39m &amp#27;[39mDEBUG&amp#27;[0;39m [&amp#27;[34mmain&amp#27;[0;39m] &amp#27;[33morg.springframework.beans.factory.support.DefaultSingletonBeanRegistry&amp#27;[0;39m: Creating shared instance of singleton bean 'inMemoryDatabaseShutdownExecutor'
&amp#27;[30m2020-02-08 10:21:27,600&amp#27;[0;39m &amp#27;[39mDEBUG&amp#27;[0;39m [&amp#27;[34mmain&amp#27;[0;39m] &amp#27;[33morg.springframework.beans.factory.support.DefaultSingletonBeanRegistry&amp#27;[0;39m: Creating shared instance of singleton bean 'org.springframework.boot.devtools.autoconfigure.DevToolsDataSourceAutoConfiguration'
&amp#27;[30m2020-02-08 10:21:27,610&amp#27;[0;39m &amp#27;[39mDEBUG&amp#27;[0;39m [&amp#27;[34mmain&amp#27;[0;39m] &amp#27;[33morg.springframework.beans.factory.support.DefaultSingletonBeanRegistry&amp#27;[0;39m: Creating shared instance of singleton bean 'dataSource'
&amp#27;[30m2020-02-08 10:21:27,611&amp#27;[0;39m &amp#27;[39mDEBUG&amp#27;[0;39m [&amp#27;[34mmain&amp#27;[0;39m] &amp#27;[33morg.springframework.beans.factory.support.DefaultSingletonBeanRegistry&amp#27;[0;39m: Creating shared instance of singleton bean 'org.springframework.boot.autoconfigure.jdbc.DataSourceConfiguration$Hikari'
&amp#27;[30m2020-02-08 10:21:27,621&amp#27;[0;39m &amp#27;[39mDEBUG&amp#27;[0;39m [&amp#27;[34mmain&amp#27;[0;39m] &amp#27;[33morg.springframework.beans.factory.support.DefaultSingletonBeanRegistry&amp#27;[0;39m: Creating shared instance of singleton bean 'spring.datasource-org.springframework.boot.autoconfigure.jdbc.DataSourceProperties'
&amp#27;[30m2020-02-08 10:21:27,690&amp#27;[0;39m &amp#27;[39mDEBUG&amp#27;[0;39m [&amp#27;[34mmain&amp#27;[0;39m] &amp#27;[33morg.springframework.beans.factory.support.ConstructorResolver&amp#27;[0;39m: Autowiring by type from bean name 'dataSource' via factory method to bean named 'spring.datasource-org.springframework.boot.autoconfigure.jdbc.DataSourceProperties'
&amp#27;[30m2020-02-08 10:21:27,714&amp#27;[0;39m &amp#27;[39mDEBUG&amp#27;[0;39m [&amp#27;[34mmain&amp#27;[0;39m] &amp#27;[33mcom.zaxxer.hikari.HikariConfig&amp#27;[0;39m: Driver class org.h2.Driver found in Thread context class loader jdk.internal.loader.ClassLoaders$AppClassLoader@4b85612c
&amp#27;[30m2020-02-08 10:21:27,762&amp#27;[0;39m &amp#27;[39mDEBUG&amp#27;[0;39m [&amp#27;[34mmain&amp#27;[0;39m] &amp#27;[33morg.springframework.beans.factory.support.DefaultSingletonBeanRegistry&amp#27;[0;39m: Creating shared instance of singleton bean 'org.springframework.boot.autoconfigure.jdbc.DataSourceInitializerInvoker'
&amp#27;[30m2020-02-08 10:21:27,767&amp#27;[0;39m &amp#27;[39mDEBUG&amp#27;[0;39m [&amp#27;[34mmain&amp#27;[0;39m] &amp#27;[33morg.springframework.beans.factory.support.ConstructorResolver&amp#27;[0;39m: Autowiring by type from bean name 'org.springframework.boot.autoconfigure.jdbc.DataSourceInitializerInvoker' via constructor to bean named 'spring.datasource-org.springframework.boot.autoconfigure.jdbc.DataSourceProperties'
&amp#27;[30m2020-02-08 10:21:27,768&amp#27;[0;39m &amp#27;[39mDEBUG&amp#27;[0;39m [&amp#27;[34mmain&amp#27;[0;39m] &amp#27;[33morg.springframework.beans.factory.support.ConstructorResolver&amp#27;[0;39m: Autowiring by type from bean name 'org.springframework.boot.autoconfigure.jdbc.DataSourceInitializerInvoker' via constructor to bean named 'org.springframework.web.context.support.GenericWebApplicationContext@42a9e5d1'
&amp#27;[30m2020-02-08 10:21:27,782&amp#27;[0;39m &amp#27;[39mDEBUG&amp#27;[0;39m [&amp#27;[34mmain&amp#27;[0;39m] &amp#27;[33morg.springframework.beans.factory.support.ConstructorResolver&amp#27;[0;39m: Autowiring by type from bean name 'inMemoryDatabaseShutdownExecutor' via factory method to bean named 'dataSource'
&amp#27;[30m2020-02-08 10:21:27,782&amp#27;[0;39m &amp#27;[39mDEBUG&amp#27;[0;39m [&amp#27;[34mmain&amp#27;[0;39m] &amp#27;[33morg.springframework.beans.factory.support.ConstructorResolver&amp#27;[0;39m: Autowiring by type from bean name 'inMemoryDatabaseShutdownExecutor' via factory method to bean named 'spring.datasource-org.springframework.boot.autoconfigure.jdbc.DataSourceProperties'
&amp#27;[30m2020-02-08 10:21:27,792&amp#27;[0;39m &amp#27;[39mDEBUG&amp#27;[0;39m [&amp#27;[34mmain&amp#27;[0;39m] &amp#27;[33morg.springframework.beans.factory.support.DefaultSingletonBeanRegistry&amp#27;[0;39m: Creating shared instance of singleton bean 'entityManagerFactory'
&amp#27;[30m2020-02-08 10:21:27,793&amp#27;[0;39m &amp#27;[39mDEBUG&amp#27;[0;39m [&amp#27;[34mmain&amp#27;[0;39m] &amp#27;[33morg.springframework.beans.factory.support.DefaultSingletonBeanRegistry&amp#27;[0;39m: Creating shared instance of singleton bean 'org.springframework.boot.autoconfigure.orm.jpa.HibernateJpaConfiguration'
&amp#27;[30m2020-02-08 10:21:27,794&amp#27;[0;39m &amp#27;[39mDEBUG&amp#27;[0;39m [&amp#27;[34mmain&amp#27;[0;39m] &amp#27;[33morg.springframework.core.LocalVariableTableParameterNameDiscoverer&amp#27;[0;39m: Cannot find '.class' file for class [class org.springframework.boot.autoconfigure.orm.jpa.HibernateJpaConfiguration$$EnhancerBySpringCGLIB$$f5449ada] - unable to determine constructor/method parameter names
&amp#27;[30m2020-02-08 10:21:27,797&amp#27;[0;39m &amp#27;[39mDEBUG&amp#27;[0;39m [&amp#27;[34mmain&amp#27;[0;39m] &amp#27;[33morg.springframework.beans.factory.support.DefaultSingletonBeanRegistry&amp#27;[0;39m: Creating shared instance of singleton bean 'spring.jpa-org.springframework.boot.autoconfigure.orm.jpa.JpaProperties'
&amp#27;[30m2020-02-08 10:21:27,822&amp#27;[0;39m &amp#27;[39mDEBUG&amp#27;[0;39m [&amp#27;[34mmain&amp#27;[0;39m] &amp#27;[33morg.springframework.beans.factory.support.DefaultSingletonBeanRegistry&amp#27;[0;39m: Creating shared instance of singleton bean 'spring.jpa.hibernate-org.springframework.boot.autoconfigure.orm.jpa.HibernateProperties'
&amp#27;[30m2020-02-08 10:21:27,833&amp#27;[0;39m &amp#27;[39mDEBUG&amp#27;[0;39m [&amp#27;[34mmain&amp#27;[0;39m] &amp#27;[33morg.springframework.beans.factory.support.ConstructorResolver&amp#27;[0;39m: Autowiring by type from bean name 'org.springframework.boot.autoconfigure.orm.jpa.HibernateJpaConfiguration' via constructor to bean named 'dataSource'
&amp#27;[30m2020-02-08 10:21:27,833&amp#27;[0;39m &amp#27;[39mDEBUG&amp#27;[0;39m [&amp#27;[34mmain&amp#27;[0;39m] &amp#27;[33morg.springframework.beans.factory.support.ConstructorResolver&amp#27;[0;39m: Autowiring by type from bean name 'org.springframework.boot.autoconfigure.orm.jpa.HibernateJpaConfiguration' via constructor to bean named 'spring.jpa-org.springframework.boot.autoconfigure.orm.jpa.JpaProperties'
&amp#27;[30m2020-02-08 10:21:27,833&amp#27;[0;39m &amp#27;[39mDEBUG&amp#27;[0;39m [&amp#27;[34mmain&amp#27;[0;39m] &amp#27;[33morg.springframework.beans.factory.support.ConstructorResolver&amp#27;[0;39m: Autowiring by type from bean name 'org.springframework.boot.autoconfigure.orm.jpa.HibernateJpaConfiguration' via constructor to bean named 'org.springframework.beans.factory.support.DefaultListableBeanFactory@7544a1e4'
&amp#27;[30m2020-02-08 10:21:27,833&amp#27;[0;39m &amp#27;[39mDEBUG&amp#27;[0;39m [&amp#27;[34mmain&amp#27;[0;39m] &amp#27;[33morg.springframework.beans.factory.support.ConstructorResolver&amp#27;[0;39m: Autowiring by type from bean name 'org.springframework.boot.autoconfigure.orm.jpa.HibernateJpaConfiguration' via constructor to bean named 'spring.jpa.hibernate-org.springframework.boot.autoconfigure.orm.jpa.HibernateProperties'
&amp#27;[30m2020-02-08 10:21:27,838&amp#27;[0;39m &amp#27;[39mDEBUG&amp#27;[0;39m [&amp#27;[34mmain&amp#27;[0;39m] &amp#27;[33morg.springframework.beans.factory.support.DefaultSingletonBeanRegistry&amp#27;[0;39m: Creating shared instance of singleton bean 'platformTransactionManagerCustomizers'
&amp#27;[30m2020-02-08 10:21:27,839&amp#27;[0;39m &amp#27;[39mDEBUG&amp#27;[0;39m [&amp#27;[34mmain&amp#27;[0;39m] &amp#27;[33morg.springframework.beans.factory.support.DefaultSingletonBeanRegistry&amp#27;[0;39m: Creating shared instance of singleton bean 'org.springframework.boot.autoconfigure.transaction.TransactionAutoConfiguration'
&amp#27;[30m2020-02-08 10:21:27,860&amp#27;[0;39m &amp#27;[39mDEBUG&amp#27;[0;39m [&amp#27;[34mmain&amp#27;[0;39m] &amp#27;[33morg.springframework.beans.factory.support.DefaultSingletonBeanRegistry&amp#27;[0;39m: Creating shared instance of singleton bean 'spring.transaction-org.springframework.boot.autoconfigure.transaction.TransactionProperties'
&amp#27;[30m2020-02-08 10:21:27,879&amp#27;[0;39m &amp#27;[39mDEBUG&amp#27;[0;39m [&amp#27;[34mmain&amp#27;[0;39m] &amp#27;[33morg.springframework.beans.factory.support.DefaultSingletonBeanRegistry&amp#27;[0;39m: Creating shared instance of singleton bean 'hikariPoolDataSourceMetadataProvider'
&amp#27;[30m2020-02-08 10:21:27,879&amp#27;[0;39m &amp#27;[39mDEBUG&amp#27;[0;39m [&amp#27;[34mmain&amp#27;[0;39m] &amp#27;[33morg.springframework.beans.factory.support.DefaultSingletonBeanRegistry&amp#27;[0;39m: Creating shared instance of singleton bean 'org.springframework.boot.autoconfigure.jdbc.metadata.DataSourcePoolMetadataProvidersConfiguration$HikariPoolDataSourceMetadataProviderConfiguration'
&amp#27;[30m2020-02-08 10:21:27,953&amp#27;[0;39m &amp#27;[39mDEBUG&amp#27;[0;39m [&amp#27;[34mmain&amp#27;[0;39m] &amp#27;[33morg.springframework.beans.factory.support.DefaultSingletonBeanRegistry&amp#27;[0;39m: Creating shared instance of singleton bean 'entityManagerFactoryBuilder'
&amp#27;[30m2020-02-08 10:21:27,955&amp#27;[0;39m &amp#27;[39mDEBUG&amp#27;[0;39m [&amp#27;[34mmain&amp#27;[0;39m] &amp#27;[33morg.springframework.beans.factory.support.DefaultSingletonBeanRegistry&amp#27;[0;39m: Creating shared instance of singleton bean 'jpaVendorAdapter'
&amp#27;[30m2020-02-08 10:21:28,076&amp#27;[0;39m &amp#27;[39mDEBUG&amp#27;[0;39m [&amp#27;[34mmain&amp#27;[0;39m] &amp#27;[33morg.springframework.jdbc.datasource.DataSourceUtils&amp#27;[0;39m: Fetching JDBC Connection from DataSource
&amp#27;[30m2020-02-08 10:21:28,077&amp#27;[0;39m &amp#27;[39mDEBUG&amp#27;[0;39m [&amp#27;[34mmain&amp#27;[0;39m] &amp#27;[33mcom.zaxxer.hikari.HikariConfig&amp#27;[0;39m: HikariPool-1 - configuration:
&amp#27;[30m2020-02-08 10:21:28,080&amp#27;[0;39m &amp#27;[39mDEBUG&amp#27;[0;39m [&amp#27;[34mmain&amp#27;[0;39m] &amp#27;[33mcom.zaxxer.hikari.HikariConfig&amp#27;[0;39m: allowPoolSuspension.............false
&amp#27;[30m2020-02-08 10:21:28,081&amp#27;[0;39m &amp#27;[39mDEBUG&amp#27;[0;39m [&amp#27;[34mmain&amp#27;[0;39m] &amp#27;[33mcom.zaxxer.hikari.HikariConfig&amp#27;[0;39m: autoCommit......................true
&amp#27;[30m2020-02-08 10:21:28,081&amp#27;[0;39m &amp#27;[39mDEBUG&amp#27;[0;39m [&amp#27;[34mmain&amp#27;[0;39m] &amp#27;[33mcom.zaxxer.hikari.HikariConfig&amp#27;[0;39m: catalog.........................none
&amp#27;[30m2020-02-08 10:21:28,082&amp#27;[0;39m &amp#27;[39mDEBUG&amp#27;[0;39m [&amp#27;[34mmain&amp#27;[0;39m] &amp#27;[33mcom.zaxxer.hikari.HikariConfig&amp#27;[0;39m: connectionInitSql...............none
&amp#27;[30m2020-02-08 10:21:28,082&amp#27;[0;39m &amp#27;[39mDEBUG&amp#27;[0;39m [&amp#27;[34mmain&amp#27;[0;39m] &amp#27;[33mcom.zaxxer.hikari.HikariConfig&amp#27;[0;39m: connectionTestQuery.............none
&amp#27;[30m2020-02-08 10:21:28,083&amp#27;[0;39m &amp#27;[39mDEBUG&amp#27;[0;39m [&amp#27;[34mmain&amp#27;[0;39m] &amp#27;[33mcom.zaxxer.hikari.HikariConfig&amp#27;[0;39m: connectionTimeout...............30000
&amp#27;[30m2020-02-08 10:21:28,083&amp#27;[0;39m &amp#27;[39mDEBUG&amp#27;[0;39m [&amp#27;[34mmain&amp#27;[0;39m] &amp#27;[33mcom.zaxxer.hikari.HikariConfig&amp#27;[0;39m: dataSource......................none
&amp#27;[30m2020-02-08 10:21:28,083&amp#27;[0;39m &amp#27;[39mDEBUG&amp#27;[0;39m [&amp#27;[34mmain&amp#27;[0;39m] &amp#27;[33mcom.zaxxer.hikari.HikariConfig&amp#27;[0;39m: dataSourceClassName.............none
&amp#27;[30m2020-02-08 10:21:28,083&amp#27;[0;39m &amp#27;[39mDEBUG&amp#27;[0;39m [&amp#27;[34mmain&amp#27;[0;39m] &amp#27;[33mcom.zaxxer.hikari.HikariConfig&amp#27;[0;39m: dataSourceJNDI..................none
&amp#27;[30m2020-02-08 10:21:28,084&amp#27;[0;39m &amp#27;[39mDEBUG&amp#27;[0;39m [&amp#27;[34mmain&amp#27;[0;39m] &amp#27;[33mcom.zaxxer.hikari.HikariConfig&amp#27;[0;39m: dataSourceProperties............{password=<masked>}
&amp#27;[30m2020-02-08 10:21:28,085&amp#27;[0;39m &amp#27;[39mDEBUG&amp#27;[0;39m [&amp#27;[34mmain&amp#27;[0;39m] &amp#27;[33mcom.zaxxer.hikari.HikariConfig&amp#27;[0;39m: driverClassName................."org.h2.Driver"
&amp#27;[30m2020-02-08 10:21:28,085&amp#27;[0;39m &amp#27;[39mDEBUG&amp#27;[0;39m [&amp#27;[34mmain&amp#27;[0;39m] &amp#27;[33mcom.zaxxer.hikari.HikariConfig&amp#27;[0;39m: healthCheckProperties...........{}
&amp#27;[30m2020-02-08 10:21:28,086&amp#27;[0;39m &amp#27;[39mDEBUG&amp#27;[0;39m [&amp#27;[34mmain&amp#27;[0;39m] &amp#27;[33mcom.zaxxer.hikari.HikariConfig&amp#27;[0;39m: healthCheckRegistry.............none
&amp#27;[30m2020-02-08 10:21:28,086&amp#27;[0;39m &amp#27;[39mDEBUG&amp#27;[0;39m [&amp#27;[34mmain&amp#27;[0;39m] &amp#27;[33mcom.zaxxer.hikari.HikariConfig&amp#27;[0;39m: idleTimeout.....................600000
&amp#27;[30m2020-02-08 10:21:28,087&amp#27;[0;39m &amp#27;[39mDEBUG&amp#27;[0;39m [&amp#27;[34mmain&amp#27;[0;39m] &amp#27;[33mcom.zaxxer.hikari.HikariConfig&amp#27;[0;39m: initializationFailTimeout.......1
&amp#27;[30m2020-02-08 10:21:28,087&amp#27;[0;39m &amp#27;[39mDEBUG&amp#27;[0;39m [&amp#27;[34mmain&amp#27;[0;39m] &amp#27;[33mcom.zaxxer.hikari.HikariConfig&amp#27;[0;39m: isolateInternalQueries..........false
&amp#27;[30m2020-02-08 10:21:28,087&amp#27;[0;39m &amp#27;[39mDEBUG&amp#27;[0;39m [&amp#27;[34mmain&amp#27;[0;39m] &amp#27;[33mcom.zaxxer.hikari.HikariConfig&amp#27;[0;39m: jdbcUrl.........................jdbc:h2:mem:db;DB_CLOSE_DELAY=-1
&amp#27;[30m2020-02-08 10:21:28,088&amp#27;[0;39m &amp#27;[39mDEBUG&amp#27;[0;39m [&amp#27;[34mmain&amp#27;[0;39m] &amp#27;[33mcom.zaxxer.hikari.HikariConfig&amp#27;[0;39m: leakDetectionThreshold..........0
&amp#27;[30m2020-02-08 10:21:28,088&amp#27;[0;39m &amp#27;[39mDEBUG&amp#27;[0;39m [&amp#27;[34mmain&amp#27;[0;39m] &amp#27;[33mcom.zaxxer.hikari.HikariConfig&amp#27;[0;39m: maxLifetime.....................1800000
&amp#27;[30m2020-02-08 10:21:28,088&amp#27;[0;39m &amp#27;[39mDEBUG&amp#27;[0;39m [&amp#27;[34mmain&amp#27;[0;39m] &amp#27;[33mcom.zaxxer.hikari.HikariConfig&amp#27;[0;39m: maximumPoolSize.................10
&amp#27;[30m2020-02-08 10:21:28,089&amp#27;[0;39m &amp#27;[39mDEBUG&amp#27;[0;39m [&amp#27;[34mmain&amp#27;[0;39m] &amp#27;[33mcom.zaxxer.hikari.HikariConfig&amp#27;[0;39m: metricRegistry..................none
&amp#27;[30m2020-02-08 10:21:28,089&amp#27;[0;39m &amp#27;[39mDEBUG&amp#27;[0;39m [&amp#27;[34mmain&amp#27;[0;39m] &amp#27;[33mcom.zaxxer.hikari.HikariConfig&amp#27;[0;39m: metricsTrackerFactory...........none
&amp#27;[30m2020-02-08 10:21:28,090&amp#27;[0;39m &amp#27;[39mDEBUG&amp#27;[0;39m [&amp#27;[34mmain&amp#27;[0;39m] &amp#27;[33mcom.zaxxer.hikari.HikariConfig&amp#27;[0;39m: minimumIdle.....................10
&amp#27;[30m2020-02-08 10:21:28,090&amp#27;[0;39m &amp#27;[39mDEBUG&amp#27;[0;39m [&amp#27;[34mmain&amp#27;[0;39m] &amp#27;[33mcom.zaxxer.hikari.HikariConfig&amp#27;[0;39m: password........................<masked>
&amp#27;[30m2020-02-08 10:21:28,091&amp#27;[0;39m &amp#27;[39mDEBUG&amp#27;[0;39m [&amp#27;[34mmain&amp#27;[0;39m] &amp#27;[33mcom.zaxxer.hikari.HikariConfig&amp#27;[0;39m: poolName........................"HikariPool-1"
&amp#27;[30m2020-02-08 10:21:28,091&amp#27;[0;39m &amp#27;[39mDEBUG&amp#27;[0;39m [&amp#27;[34mmain&amp#27;[0;39m] &amp#27;[33mcom.zaxxer.hikari.HikariConfig&amp#27;[0;39m: readOnly........................false
&amp#27;[30m2020-02-08 10:21:28,092&amp#27;[0;39m &amp#27;[39mDEBUG&amp#27;[0;39m [&amp#27;[34mmain&amp#27;[0;39m] &amp#27;[33mcom.zaxxer.hikari.HikariConfig&amp#27;[0;39m: registerMbeans..................false
&amp#27;[30m2020-02-08 10:21:28,092&amp#27;[0;39m &amp#27;[39mDEBUG&amp#27;[0;39m [&amp#27;[34mmain&amp#27;[0;39m] &amp#27;[33mcom.zaxxer.hikari.HikariConfig&amp#27;[0;39m: scheduledExecutor...............none
&amp#27;[30m2020-02-08 10:21:28,093&amp#27;[0;39m &amp#27;[39mDEBUG&amp#27;[0;39m [&amp#27;[34mmain&amp#27;[0;39m] &amp#27;[33mcom.zaxxer.hikari.HikariConfig&amp#27;[0;39m: schema..........................none
&amp#27;[30m2020-02-08 10:21:28,093&amp#27;[0;39m &amp#27;[39mDEBUG&amp#27;[0;39m [&amp#27;[34mmain&amp#27;[0;39m] &amp#27;[33mcom.zaxxer.hikari.HikariConfig&amp#27;[0;39m: threadFactory...................internal
&amp#27;[30m2020-02-08 10:21:28,093&amp#27;[0;39m &amp#27;[39mDEBUG&amp#27;[0;39m [&amp#27;[34mmain&amp#27;[0;39m] &amp#27;[33mcom.zaxxer.hikari.HikariConfig&amp#27;[0;39m: transactionIsolation............default
&amp#27;[30m2020-02-08 10:21:28,094&amp#27;[0;39m &amp#27;[39mDEBUG&amp#27;[0;39m [&amp#27;[34mmain&amp#27;[0;39m] &amp#27;[33mcom.zaxxer.hikari.HikariConfig&amp#27;[0;39m: username........................"sa"
&amp#27;[30m2020-02-08 10:21:28,094&amp#27;[0;39m &amp#27;[39mDEBUG&amp#27;[0;39m [&amp#27;[34mmain&amp#27;[0;39m] &amp#27;[33mcom.zaxxer.hikari.HikariConfig&amp#27;[0;39m: validationTimeout...............5000
&amp#27;[30m2020-02-08 10:21:28,094&amp#27;[0;39m &amp#27;[34mINFO &amp#27;[0;39m [&amp#27;[34mmain&amp#27;[0;39m] &amp#27;[33mcom.zaxxer.hikari.HikariDataSource&amp#27;[0;39m: HikariPool-1 - Starting...
&amp#27;[30m2020-02-08 10:21:28,458&amp#27;[0;39m &amp#27;[39mDEBUG&amp#27;[0;39m [&amp#27;[34mmain&amp#27;[0;39m] &amp#27;[33mcom.zaxxer.hikari.pool.HikariPool&amp#27;[0;39m: HikariPool-1 - Added connection conn0: url=jdbc:h2:mem:db user=SA
&amp#27;[30m2020-02-08 10:21:28,469&amp#27;[0;39m &amp#27;[34mINFO &amp#27;[0;39m [&amp#27;[34mmain&amp#27;[0;39m] &amp#27;[33mcom.zaxxer.hikari.HikariDataSource&amp#27;[0;39m: HikariPool-1 - Start completed.
&amp#27;[30m2020-02-08 10:21:28,530&amp#27;[0;39m &amp#27;[39mDEBUG&amp#27;[0;39m [&amp#27;[34mmain&amp#27;[0;39m] &amp#27;[33morg.springframework.beans.factory.support.ConstructorResolver&amp#27;[0;39m: Autowiring by type from bean name 'entityManagerFactoryBuilder' via factory method to bean named 'jpaVendorAdapter'
&amp#27;[30m2020-02-08 10:21:28,541&amp#27;[0;39m &amp#27;[39mDEBUG&amp#27;[0;39m [&amp#27;[34mmain&amp#27;[0;39m] &amp#27;[33morg.springframework.beans.factory.support.ConstructorResolver&amp#27;[0;39m: Autowiring by type from bean name 'entityManagerFactory' via factory method to bean named 'entityManagerFactoryBuilder'
&amp#27;[30m2020-02-08 10:21:28,565&amp#27;[0;39m &amp#27;[39mDEBUG&amp#27;[0;39m [&amp#27;[34mmain&amp#27;[0;39m] &amp#27;[33morg.springframework.beans.factory.support.DefaultSingletonBeanRegistry&amp#27;[0;39m: Creating shared instance of singleton bean 'org.springframework.boot.autoconfigure.AutoConfigurationPackages'
&amp#27;[30m2020-02-08 10:21:28,569&amp#27;[0;39m &amp#27;[39mDEBUG&amp#27;[0;39m [&amp#27;[34mmain&amp#27;[0;39m] &amp#27;[33morg.springframework.boot.autoconfigure.AutoConfigurationPackages$BasePackages&amp#27;[0;39m: @EnableAutoConfiguration was declared on a class in the package 'in.rgukt.r081247.universityapi'. Automatic @Repository and @Entity scanning is enabled.
&amp#27;[30m2020-02-08 10:21:28,569&amp#27;[0;39m &amp#27;[39mDEBUG&amp#27;[0;39m [&amp#27;[34mHikariPool-1 housekeeper&amp#27;[0;39m] &amp#27;[33mcom.zaxxer.hikari.pool.HikariPool&amp#27;[0;39m: HikariPool-1 - Pool stats (total=1, active=0, idle=1, waiting=0)
&amp#27;[30m2020-02-08 10:21:28,574&amp#27;[0;39m &amp#27;[39mDEBUG&amp#27;[0;39m [&amp#27;[34mHikariPool-1 connection adder&amp#27;[0;39m] &amp#27;[33mcom.zaxxer.hikari.pool.HikariPool$PoolEntryCreator&amp#27;[0;39m: HikariPool-1 - Added connection conn1: url=jdbc:h2:mem:db user=SA
&amp#27;[30m2020-02-08 10:21:28,575&amp#27;[0;39m &amp#27;[39mDEBUG&amp#27;[0;39m [&amp#27;[34mHikariPool-1 connection adder&amp#27;[0;39m] &amp#27;[33mcom.zaxxer.hikari.pool.HikariPool$PoolEntryCreator&amp#27;[0;39m: HikariPool-1 - Added connection conn2: url=jdbc:h2:mem:db user=SA
&amp#27;[30m2020-02-08 10:21:28,576&amp#27;[0;39m &amp#27;[39mDEBUG&amp#27;[0;39m [&amp#27;[34mHikariPool-1 connection adder&amp#27;[0;39m] &amp#27;[33mcom.zaxxer.hikari.pool.HikariPool$PoolEntryCreator&amp#27;[0;39m: HikariPool-1 - Added connection conn3: url=jdbc:h2:mem:db user=SA
&amp#27;[30m2020-02-08 10:21:28,580&amp#27;[0;39m &amp#27;[39mDEBUG&amp#27;[0;39m [&amp#27;[34mHikariPool-1 connection adder&amp#27;[0;39m] &amp#27;[33mcom.zaxxer.hikari.pool.HikariPool$PoolEntryCreator&amp#27;[0;39m: HikariPool-1 - Added connection conn4: url=jdbc:h2:mem:db user=SA
&amp#27;[30m2020-02-08 10:21:28,581&amp#27;[0;39m &amp#27;[39mDEBUG&amp#27;[0;39m [&amp#27;[34mHikariPool-1 connection adder&amp#27;[0;39m] &amp#27;[33mcom.zaxxer.hikari.pool.HikariPool$PoolEntryCreator&amp#27;[0;39m: HikariPool-1 - Added connection conn5: url=jdbc:h2:mem:db user=SA
&amp#27;[30m2020-02-08 10:21:28,582&amp#27;[0;39m &amp#27;[39mDEBUG&amp#27;[0;39m [&amp#27;[34mHikariPool-1 connection adder&amp#27;[0;39m] &amp#27;[33mcom.zaxxer.hikari.pool.HikariPool$PoolEntryCreator&amp#27;[0;39m: HikariPool-1 - Added connection conn6: url=jdbc:h2:mem:db user=SA
&amp#27;[30m2020-02-08 10:21:28,584&amp#27;[0;39m &amp#27;[39mDEBUG&amp#27;[0;39m [&amp#27;[34mHikariPool-1 connection adder&amp#27;[0;39m] &amp#27;[33mcom.zaxxer.hikari.pool.HikariPool$PoolEntryCreator&amp#27;[0;39m: HikariPool-1 - Added connection conn7: url=jdbc:h2:mem:db user=SA
&amp#27;[30m2020-02-08 10:21:28,585&amp#27;[0;39m &amp#27;[39mDEBUG&amp#27;[0;39m [&amp#27;[34mHikariPool-1 connection adder&amp#27;[0;39m] &amp#27;[33mcom.zaxxer.hikari.pool.HikariPool$PoolEntryCreator&amp#27;[0;39m: HikariPool-1 - Added connection conn8: url=jdbc:h2:mem:db user=SA
&amp#27;[30m2020-02-08 10:21:28,588&amp#27;[0;39m &amp#27;[39mDEBUG&amp#27;[0;39m [&amp#27;[34mHikariPool-1 connection adder&amp#27;[0;39m] &amp#27;[33mcom.zaxxer.hikari.pool.HikariPool$PoolEntryCreator&amp#27;[0;39m: HikariPool-1 - Added connection conn9: url=jdbc:h2:mem:db user=SA
&amp#27;[30m2020-02-08 10:21:28,588&amp#27;[0;39m &amp#27;[39mDEBUG&amp#27;[0;39m [&amp#27;[34mHikariPool-1 connection adder&amp#27;[0;39m] &amp#27;[33mcom.zaxxer.hikari.pool.HikariPool&amp#27;[0;39m: HikariPool-1 - After adding stats (total=10, active=0, idle=10, waiting=0)
&amp#27;[30m2020-02-08 10:21:28,652&amp#27;[0;39m &amp#27;[39mDEBUG&amp#27;[0;39m [&amp#27;[34mmain&amp#27;[0;39m] &amp#27;[33morg.springframework.orm.jpa.LocalContainerEntityManagerFactoryBean&amp#27;[0;39m: Building JPA container EntityManagerFactory for persistence unit 'default'
&amp#27;[30m2020-02-08 10:21:28,682&amp#27;[0;39m &amp#27;[39mDEBUG&amp#27;[0;39m [&amp#27;[34mmain&amp#27;[0;39m] &amp#27;[33morg.hibernate.jpa.internal.util.LogHelper&amp#27;[0;39m: PersistenceUnitInfo [
	name: default
	persistence provider classname: null
	classloader: jdk.internal.loader.ClassLoaders$AppClassLoader@4b85612c
	excludeUnlistedClasses: true
	JTA datasource: null
	Non JTA datasource: HikariDataSource (HikariPool-1)
	Transaction type: RESOURCE_LOCAL
	PU root URL: file:/home/vinod/Desktop/desk/projects/universityapi/target/test-classes/
	Shared Cache Mode: UNSPECIFIED
	Validation Mode: AUTO
	Jar files URLs []
	Managed classes names [
		in.rgukt.r081247.universityapi.entity.Course
		in.rgukt.r081247.universityapi.entity.Department
		in.rgukt.r081247.universityapi.entity.Student]
	Mapping files names []
	Properties []
&amp#27;[30m2020-02-08 10:21:28,706&amp#27;[0;39m &amp#27;[39mDEBUG&amp#27;[0;39m [&amp#27;[34mmain&amp#27;[0;39m] &amp#27;[33morg.hibernate.integrator.internal.IntegratorServiceImpl&amp#27;[0;39m: Adding Integrator [org.hibernate.cfg.beanvalidation.BeanValidationIntegrator].
&amp#27;[30m2020-02-08 10:21:28,709&amp#27;[0;39m &amp#27;[39mDEBUG&amp#27;[0;39m [&amp#27;[34mmain&amp#27;[0;39m] &amp#27;[33morg.hibernate.integrator.internal.IntegratorServiceImpl&amp#27;[0;39m: Adding Integrator [org.hibernate.secure.spi.JaccIntegrator].
&amp#27;[30m2020-02-08 10:21:28,755&amp#27;[0;39m &amp#27;[39mDEBUG&amp#27;[0;39m [&amp#27;[34mmain&amp#27;[0;39m] &amp#27;[33morg.hibernate.integrator.internal.IntegratorServiceImpl&amp#27;[0;39m: Adding Integrator [org.hibernate.cache.internal.CollectionCacheInvalidator].
&amp#27;[30m2020-02-08 10:21:28,880&amp#27;[0;39m &amp#27;[34mINFO &amp#27;[0;39m [&amp#27;[34mmain&amp#27;[0;39m] &amp#27;[33morg.hibernate.Version&amp#27;[0;39m: HHH000412: Hibernate Core {5.3.10.Final}
&amp#27;[30m2020-02-08 10:21:28,882&amp#27;[0;39m &amp#27;[34mINFO &amp#27;[0;39m [&amp#27;[34mmain&amp#27;[0;39m] &amp#27;[33morg.hibernate.cfg.Environment&amp#27;[0;39m: HHH000206: hibernate.properties not found
&amp#27;[30m2020-02-08 10:21:29,252&amp#27;[0;39m &amp#27;[39mDEBUG&amp#27;[0;39m [&amp#27;[34mmain&amp#27;[0;39m] &amp#27;[33morg.hibernate.service.spi.ServiceBinding&amp#27;[0;39m: Overriding existing service binding [org.hibernate.secure.spi.JaccService]
&amp#27;[30m2020-02-08 10:21:29,309&amp#27;[0;39m &amp#27;[39mDEBUG&amp#27;[0;39m [&amp#27;[34mmain&amp#27;[0;39m] &amp#27;[33morg.hibernate.cache.internal.RegionFactoryInitiator&amp#27;[0;39m: Cannot default RegionFactory based on registered strategies as `[]` RegionFactory strategies were registered
&amp#27;[30m2020-02-08 10:21:29,312&amp#27;[0;39m &amp#27;[39mDEBUG&amp#27;[0;39m [&amp#27;[34mmain&amp#27;[0;39m] &amp#27;[33morg.hibernate.cache.internal.RegionFactoryInitiator&amp#27;[0;39m: Cache region factory : org.hibernate.cache.internal.NoCachingRegionFactory
&amp#27;[30m2020-02-08 10:21:29,334&amp#27;[0;39m &amp#27;[34mINFO &amp#27;[0;39m [&amp#27;[34mmain&amp#27;[0;39m] &amp#27;[33morg.hibernate.annotations.common.reflection.java.JavaReflectionManager&amp#27;[0;39m: HCANN000001: Hibernate Commons Annotations {5.0.4.Final}
&amp#27;[30m2020-02-08 10:21:29,444&amp#27;[0;39m &amp#27;[39mDEBUG&amp#27;[0;39m [&amp#27;[34mmain&amp#27;[0;39m] &amp#27;[33morg.hibernate.type.BasicTypeRegistry&amp#27;[0;39m: Adding type registration boolean -> org.hibernate.type.BooleanType@486bd064
&amp#27;[30m2020-02-08 10:21:29,445&amp#27;[0;39m &amp#27;[39mDEBUG&amp#27;[0;39m [&amp#27;[34mmain&amp#27;[0;39m] &amp#27;[33morg.hibernate.type.BasicTypeRegistry&amp#27;[0;39m: Adding type registration boolean -> org.hibernate.type.BooleanType@486bd064
&amp#27;[30m2020-02-08 10:21:29,446&amp#27;[0;39m &amp#27;[39mDEBUG&amp#27;[0;39m [&amp#27;[34mmain&amp#27;[0;39m] &amp#27;[33morg.hibernate.type.BasicTypeRegistry&amp#27;[0;39m: Adding type registration java.lang.Boolean -> org.hibernate.type.BooleanType@486bd064
&amp#27;[30m2020-02-08 10:21:29,447&amp#27;[0;39m &amp#27;[39mDEBUG&amp#27;[0;39m [&amp#27;[34mmain&amp#27;[0;39m] &amp#27;[33morg.hibernate.type.BasicTypeRegistry&amp#27;[0;39m: Adding type registration numeric_boolean -> org.hibernate.type.NumericBooleanType@5111de7c
&amp#27;[30m2020-02-08 10:21:29,448&amp#27;[0;39m &amp#27;[39mDEBUG&amp#27;[0;39m [&amp#27;[34mmain&amp#27;[0;39m] &amp#27;[33morg.hibernate.type.BasicTypeRegistry&amp#27;[0;39m: Adding type registration true_false -> org.hibernate.type.TrueFalseType@342ee097
&amp#27;[30m2020-02-08 10:21:29,449&amp#27;[0;39m &amp#27;[39mDEBUG&amp#27;[0;39m [&amp#27;[34mmain&amp#27;[0;39m] &amp#27;[33morg.hibernate.type.BasicTypeRegistry&amp#27;[0;39m: Adding type registration yes_no -> org.hibernate.type.YesNoType@231cdda8
&amp#27;[30m2020-02-08 10:21:29,451&amp#27;[0;39m &amp#27;[39mDEBUG&amp#27;[0;39m [&amp#27;[34mmain&amp#27;[0;39m] &amp#27;[33morg.hibernate.type.BasicTypeRegistry&amp#27;[0;39m: Adding type registration byte -> org.hibernate.type.ByteType@14f060b8
&amp#27;[30m2020-02-08 10:21:29,452&amp#27;[0;39m &amp#27;[39mDEBUG&amp#27;[0;39m [&amp#27;[34mmain&amp#27;[0;39m] &amp#27;[33morg.hibernate.type.BasicTypeRegistry&amp#27;[0;39m: Adding type registration byte -> org.hibernate.type.ByteType@14f060b8
&amp#27;[30m2020-02-08 10:21:29,452&amp#27;[0;39m &amp#27;[39mDEBUG&amp#27;[0;39m [&amp#27;[34mmain&amp#27;[0;39m] &amp#27;[33morg.hibernate.type.BasicTypeRegistry&amp#27;[0;39m: Adding type registration java.lang.Byte -> org.hibernate.type.ByteType@14f060b8
&amp#27;[30m2020-02-08 10:21:29,454&amp#27;[0;39m &amp#27;[39mDEBUG&amp#27;[0;39m [&amp#27;[34mmain&amp#27;[0;39m] &amp#27;[33morg.hibernate.type.BasicTypeRegistry&amp#27;[0;39m: Adding type registration character -> org.hibernate.type.CharacterType@5a2ae1ab
&amp#27;[30m2020-02-08 10:21:29,455&amp#27;[0;39m &amp#27;[39mDEBUG&amp#27;[0;39m [&amp#27;[34mmain&amp#27;[0;39m] &amp#27;[33morg.hibernate.type.BasicTypeRegistry&amp#27;[0;39m: Adding type registration char -> org.hibernate.type.CharacterType@5a2ae1ab
&amp#27;[30m2020-02-08 10:21:29,455&amp#27;[0;39m &amp#27;[39mDEBUG&amp#27;[0;39m [&amp#27;[34mmain&amp#27;[0;39m] &amp#27;[33morg.hibernate.type.BasicTypeRegistry&amp#27;[0;39m: Adding type registration java.lang.Character -> org.hibernate.type.CharacterType@5a2ae1ab
&amp#27;[30m2020-02-08 10:21:29,457&amp#27;[0;39m &amp#27;[39mDEBUG&amp#27;[0;39m [&amp#27;[34mmain&amp#27;[0;39m] &amp#27;[33morg.hibernate.type.BasicTypeRegistry&amp#27;[0;39m: Adding type registration short -> org.hibernate.type.ShortType@448462f0
&amp#27;[30m2020-02-08 10:21:29,457&amp#27;[0;39m &amp#27;[39mDEBUG&amp#27;[0;39m [&amp#27;[34mmain&amp#27;[0;39m] &amp#27;[33morg.hibernate.type.BasicTypeRegistry&amp#27;[0;39m: Adding type registration short -> org.hibernate.type.ShortType@448462f0
&amp#27;[30m2020-02-08 10:21:29,458&amp#27;[0;39m &amp#27;[39mDEBUG&amp#27;[0;39m [&amp#27;[34mmain&amp#27;[0;39m] &amp#27;[33morg.hibernate.type.BasicTypeRegistry&amp#27;[0;39m: Adding type registration java.lang.Short -> org.hibernate.type.ShortType@448462f0
&amp#27;[30m2020-02-08 10:21:29,460&amp#27;[0;39m &amp#27;[39mDEBUG&amp#27;[0;39m [&amp#27;[34mmain&amp#27;[0;39m] &amp#27;[33morg.hibernate.type.BasicTypeRegistry&amp#27;[0;39m: Adding type registration integer -> org.hibernate.type.IntegerType@2b43f314
&amp#27;[30m2020-02-08 10:21:29,460&amp#27;[0;39m &amp#27;[39mDEBUG&amp#27;[0;39m [&amp#27;[34mmain&amp#27;[0;39m] &amp#27;[33morg.hibernate.type.BasicTypeRegistry&amp#27;[0;39m: Adding type registration int -> org.hibernate.type.IntegerType@2b43f314
&amp#27;[30m2020-02-08 10:21:29,461&amp#27;[0;39m &amp#27;[39mDEBUG&amp#27;[0;39m [&amp#27;[34mmain&amp#27;[0;39m] &amp#27;[33morg.hibernate.type.BasicTypeRegistry&amp#27;[0;39m: Adding type registration java.lang.Integer -> org.hibernate.type.IntegerType@2b43f314
&amp#27;[30m2020-02-08 10:21:29,463&amp#27;[0;39m &amp#27;[39mDEBUG&amp#27;[0;39m [&amp#27;[34mmain&amp#27;[0;39m] &amp#27;[33morg.hibernate.type.BasicTypeRegistry&amp#27;[0;39m: Adding type registration long -> org.hibernate.type.LongType@6f50d55c
&amp#27;[30m2020-02-08 10:21:29,464&amp#27;[0;39m &amp#27;[39mDEBUG&amp#27;[0;39m [&amp#27;[34mmain&amp#27;[0;39m] &amp#27;[33morg.hibernate.type.BasicTypeRegistry&amp#27;[0;39m: Adding type registration long -> org.hibernate.type.LongType@6f50d55c
&amp#27;[30m2020-02-08 10:21:29,464&amp#27;[0;39m &amp#27;[39mDEBUG&amp#27;[0;39m [&amp#27;[34mmain&amp#27;[0;39m] &amp#27;[33morg.hibernate.type.BasicTypeRegistry&amp#27;[0;39m: Adding type registration java.lang.Long -> org.hibernate.type.LongType@6f50d55c
&amp#27;[30m2020-02-08 10:21:29,466&amp#27;[0;39m &amp#27;[39mDEBUG&amp#27;[0;39m [&amp#27;[34mmain&amp#27;[0;39m] &amp#27;[33morg.hibernate.type.BasicTypeRegistry&amp#27;[0;39m: Adding type registration float -> org.hibernate.type.FloatType@6889f56f
&amp#27;[30m2020-02-08 10:21:29,466&amp#27;[0;39m &amp#27;[39mDEBUG&amp#27;[0;39m [&amp#27;[34mmain&amp#27;[0;39m] &amp#27;[33morg.hibernate.type.BasicTypeRegistry&amp#27;[0;39m: Adding type registration float -> org.hibernate.type.FloatType@6889f56f
&amp#27;[30m2020-02-08 10:21:29,467&amp#27;[0;39m &amp#27;[39mDEBUG&amp#27;[0;39m [&amp#27;[34mmain&amp#27;[0;39m] &amp#27;[33morg.hibernate.type.BasicTypeRegistry&amp#27;[0;39m: Adding type registration java.lang.Float -> org.hibernate.type.FloatType@6889f56f
&amp#27;[30m2020-02-08 10:21:29,469&amp#27;[0;39m &amp#27;[39mDEBUG&amp#27;[0;39m [&amp#27;[34mmain&amp#27;[0;39m] &amp#27;[33morg.hibernate.type.BasicTypeRegistry&amp#27;[0;39m: Adding type registration double -> org.hibernate.type.DoubleType@3b4ef59f
&amp#27;[30m2020-02-08 10:21:29,469&amp#27;[0;39m &amp#27;[39mDEBUG&amp#27;[0;39m [&amp#27;[34mmain&amp#27;[0;39m] &amp#27;[33morg.hibernate.type.BasicTypeRegistry&amp#27;[0;39m: Adding type registration double -> org.hibernate.type.DoubleType@3b4ef59f
&amp#27;[30m2020-02-08 10:21:29,469&amp#27;[0;39m &amp#27;[39mDEBUG&amp#27;[0;39m [&amp#27;[34mmain&amp#27;[0;39m] &amp#27;[33morg.hibernate.type.BasicTypeRegistry&amp#27;[0;39m: Adding type registration java.lang.Double -> org.hibernate.type.DoubleType@3b4ef59f
&amp#27;[30m2020-02-08 10:21:29,471&amp#27;[0;39m &amp#27;[39mDEBUG&amp#27;[0;39m [&amp#27;[34mmain&amp#27;[0;39m] &amp#27;[33morg.hibernate.type.BasicTypeRegistry&amp#27;[0;39m: Adding type registration big_decimal -> org.hibernate.type.BigDecimalType@5a7b309b
&amp#27;[30m2020-02-08 10:21:29,471&amp#27;[0;39m &amp#27;[39mDEBUG&amp#27;[0;39m [&amp#27;[34mmain&amp#27;[0;39m] &amp#27;[33morg.hibernate.type.BasicTypeRegistry&amp#27;[0;39m: Adding type registration java.math.BigDecimal -> org.hibernate.type.BigDecimalType@5a7b309b
&amp#27;[30m2020-02-08 10:21:29,473&amp#27;[0;39m &amp#27;[39mDEBUG&amp#27;[0;39m [&amp#27;[34mmain&amp#27;[0;39m] &amp#27;[33morg.hibernate.type.BasicTypeRegistry&amp#27;[0;39m: Adding type registration big_integer -> org.hibernate.type.BigIntegerType@b022551
&amp#27;[30m2020-02-08 10:21:29,474&amp#27;[0;39m &amp#27;[39mDEBUG&amp#27;[0;39m [&amp#27;[34mmain&amp#27;[0;39m] &amp#27;[33morg.hibernate.type.BasicTypeRegistry&amp#27;[0;39m: Adding type registration java.math.BigInteger -> org.hibernate.type.BigIntegerType@b022551
&amp#27;[30m2020-02-08 10:21:29,475&amp#27;[0;39m &amp#27;[39mDEBUG&amp#27;[0;39m [&amp#27;[34mmain&amp#27;[0;39m] &amp#27;[33morg.hibernate.type.BasicTypeRegistry&amp#27;[0;39m: Adding type registration string -> org.hibernate.type.StringType@530ee28b
&amp#27;[30m2020-02-08 10:21:29,476&amp#27;[0;39m &amp#27;[39mDEBUG&amp#27;[0;39m [&amp#27;[34mmain&amp#27;[0;39m] &amp#27;[33morg.hibernate.type.BasicTypeRegistry&amp#27;[0;39m: Adding type registration java.lang.String -> org.hibernate.type.StringType@530ee28b
&amp#27;[30m2020-02-08 10:21:29,477&amp#27;[0;39m &amp#27;[39mDEBUG&amp#27;[0;39m [&amp#27;[34mmain&amp#27;[0;39m] &amp#27;[33morg.hibernate.type.BasicTypeRegistry&amp#27;[0;39m: Adding type registration nstring -> org.hibernate.type.StringNVarcharType@67f946c3
&amp#27;[30m2020-02-08 10:21:29,478&amp#27;[0;39m &amp#27;[39mDEBUG&amp#27;[0;39m [&amp#27;[34mmain&amp#27;[0;39m] &amp#27;[33morg.hibernate.type.BasicTypeRegistry&amp#27;[0;39m: Adding type registration ncharacter -> org.hibernate.type.CharacterNCharType@46a8c2b4
&amp#27;[30m2020-02-08 10:21:29,480&amp#27;[0;39m &amp#27;[39mDEBUG&amp#27;[0;39m [&amp#27;[34mmain&amp#27;[0;39m] &amp#27;[33morg.hibernate.type.BasicTypeRegistry&amp#27;[0;39m: Adding type registration url -> org.hibernate.type.UrlType@5b8853
&amp#27;[30m2020-02-08 10:21:29,481&amp#27;[0;39m &amp#27;[39mDEBUG&amp#27;[0;39m [&amp#27;[34mmain&amp#27;[0;39m] &amp#27;[33morg.hibernate.type.BasicTypeRegistry&amp#27;[0;39m: Adding type registration java.net.URL -> org.hibernate.type.UrlType@5b8853
&amp#27;[30m2020-02-08 10:21:29,483&amp#27;[0;39m &amp#27;[39mDEBUG&amp#27;[0;39m [&amp#27;[34mmain&amp#27;[0;39m] &amp#27;[33morg.hibernate.type.BasicTypeRegistry&amp#27;[0;39m: Adding type registration Duration -> org.hibernate.type.DurationType@73e4387
&amp#27;[30m2020-02-08 10:21:29,483&amp#27;[0;39m &amp#27;[39mDEBUG&amp#27;[0;39m [&amp#27;[34mmain&amp#27;[0;39m] &amp#27;[33morg.hibernate.type.BasicTypeRegistry&amp#27;[0;39m: Adding type registration java.time.Duration -> org.hibernate.type.DurationType@73e4387
&amp#27;[30m2020-02-08 10:21:29,485&amp#27;[0;39m &amp#27;[39mDEBUG&amp#27;[0;39m [&amp#27;[34mmain&amp#27;[0;39m] &amp#27;[33morg.hibernate.type.BasicTypeRegistry&amp#27;[0;39m: Adding type registration Instant -> org.hibernate.type.InstantType@72c9ebfa
&amp#27;[30m2020-02-08 10:21:29,486&amp#27;[0;39m &amp#27;[39mDEBUG&amp#27;[0;39m [&amp#27;[34mmain&amp#27;[0;39m] &amp#27;[33morg.hibernate.type.BasicTypeRegistry&amp#27;[0;39m: Adding type registration java.time.Instant -> org.hibernate.type.InstantType@72c9ebfa
&amp#27;[30m2020-02-08 10:21:29,488&amp#27;[0;39m &amp#27;[39mDEBUG&amp#27;[0;39m [&amp#27;[34mmain&amp#27;[0;39m] &amp#27;[33morg.hibernate.type.BasicTypeRegistry&amp#27;[0;39m: Adding type registration LocalDateTime -> org.hibernate.type.LocalDateTimeType@27ec8754
&amp#27;[30m2020-02-08 10:21:29,488&amp#27;[0;39m &amp#27;[39mDEBUG&amp#27;[0;39m [&amp#27;[34mmain&amp#27;[0;39m] &amp#27;[33morg.hibernate.type.BasicTypeRegistry&amp#27;[0;39m: Adding type registration java.time.LocalDateTime -> org.hibernate.type.LocalDateTimeType@27ec8754
&amp#27;[30m2020-02-08 10:21:29,490&amp#27;[0;39m &amp#27;[39mDEBUG&amp#27;[0;39m [&amp#27;[34mmain&amp#27;[0;39m] &amp#27;[33morg.hibernate.type.BasicTypeRegistry&amp#27;[0;39m: Adding type registration LocalDate -> org.hibernate.type.LocalDateType@4981d95b
&amp#27;[30m2020-02-08 10:21:29,491&amp#27;[0;39m &amp#27;[39mDEBUG&amp#27;[0;39m [&amp#27;[34mmain&amp#27;[0;39m] &amp#27;[33morg.hibernate.type.BasicTypeRegistry&amp#27;[0;39m: Adding type registration java.time.LocalDate -> org.hibernate.type.LocalDateType@4981d95b
&amp#27;[30m2020-02-08 10:21:29,493&amp#27;[0;39m &amp#27;[39mDEBUG&amp#27;[0;39m [&amp#27;[34mmain&amp#27;[0;39m] &amp#27;[33morg.hibernate.type.BasicTypeRegistry&amp#27;[0;39m: Adding type registration LocalTime -> org.hibernate.type.LocalTimeType@595f9916
&amp#27;[30m2020-02-08 10:21:29,493&amp#27;[0;39m &amp#27;[39mDEBUG&amp#27;[0;39m [&amp#27;[34mmain&amp#27;[0;39m] &amp#27;[33morg.hibernate.type.BasicTypeRegistry&amp#27;[0;39m: Adding type registration java.time.LocalTime -> org.hibernate.type.LocalTimeType@595f9916
&amp#27;[30m2020-02-08 10:21:29,495&amp#27;[0;39m &amp#27;[39mDEBUG&amp#27;[0;39m [&amp#27;[34mmain&amp#27;[0;39m] &amp#27;[33morg.hibernate.type.BasicTypeRegistry&amp#27;[0;39m: Adding type registration OffsetDateTime -> org.hibernate.type.OffsetDateTimeType@5f8f1712
&amp#27;[30m2020-02-08 10:21:29,495&amp#27;[0;39m &amp#27;[39mDEBUG&amp#27;[0;39m [&amp#27;[34mmain&amp#27;[0;39m] &amp#27;[33morg.hibernate.type.BasicTypeRegistry&amp#27;[0;39m: Adding type registration java.time.OffsetDateTime -> org.hibernate.type.OffsetDateTimeType@5f8f1712
&amp#27;[30m2020-02-08 10:21:29,497&amp#27;[0;39m &amp#27;[39mDEBUG&amp#27;[0;39m [&amp#27;[34mmain&amp#27;[0;39m] &amp#27;[33morg.hibernate.type.BasicTypeRegistry&amp#27;[0;39m: Adding type registration OffsetTime -> org.hibernate.type.OffsetTimeType@511da44f
&amp#27;[30m2020-02-08 10:21:29,497&amp#27;[0;39m &amp#27;[39mDEBUG&amp#27;[0;39m [&amp#27;[34mmain&amp#27;[0;39m] &amp#27;[33morg.hibernate.type.BasicTypeRegistry&amp#27;[0;39m: Adding type registration java.time.OffsetTime -> org.hibernate.type.OffsetTimeType@511da44f
&amp#27;[30m2020-02-08 10:21:29,500&amp#27;[0;39m &amp#27;[39mDEBUG&amp#27;[0;39m [&amp#27;[34mmain&amp#27;[0;39m] &amp#27;[33morg.hibernate.type.BasicTypeRegistry&amp#27;[0;39m: Adding type registration ZonedDateTime -> org.hibernate.type.ZonedDateTimeType@29d070c7
&amp#27;[30m2020-02-08 10:21:29,500&amp#27;[0;39m &amp#27;[39mDEBUG&amp#27;[0;39m [&amp#27;[34mmain&amp#27;[0;39m] &amp#27;[33morg.hibernate.type.BasicTypeRegistry&amp#27;[0;39m: Adding type registration java.time.ZonedDateTime -> org.hibernate.type.ZonedDateTimeType@29d070c7
&amp#27;[30m2020-02-08 10:21:29,502&amp#27;[0;39m &amp#27;[39mDEBUG&amp#27;[0;39m [&amp#27;[34mmain&amp#27;[0;39m] &amp#27;[33morg.hibernate.type.BasicTypeRegistry&amp#27;[0;39m: Adding type registration date -> org.hibernate.type.DateType@39d77de9
&amp#27;[30m2020-02-08 10:21:29,503&amp#27;[0;39m &amp#27;[39mDEBUG&amp#27;[0;39m [&amp#27;[34mmain&amp#27;[0;39m] &amp#27;[33morg.hibernate.type.BasicTypeRegistry&amp#27;[0;39m: Adding type registration java.sql.Date -> org.hibernate.type.DateType@39d77de9
&amp#27;[30m2020-02-08 10:21:29,505&amp#27;[0;39m &amp#27;[39mDEBUG&amp#27;[0;39m [&amp#27;[34mmain&amp#27;[0;39m] &amp#27;[33morg.hibernate.type.BasicTypeRegistry&amp#27;[0;39m: Adding type registration time -> org.hibernate.type.TimeType@272778ae
&amp#27;[30m2020-02-08 10:21:29,505&amp#27;[0;39m &amp#27;[39mDEBUG&amp#27;[0;39m [&amp#27;[34mmain&amp#27;[0;39m] &amp#27;[33morg.hibernate.type.BasicTypeRegistry&amp#27;[0;39m: Adding type registration java.sql.Time -> org.hibernate.type.TimeType@272778ae
&amp#27;[30m2020-02-08 10:21:29,507&amp#27;[0;39m &amp#27;[39mDEBUG&amp#27;[0;39m [&amp#27;[34mmain&amp#27;[0;39m] &amp#27;[33morg.hibernate.type.BasicTypeRegistry&amp#27;[0;39m: Adding type registration timestamp -> org.hibernate.type.TimestampType@47fcefb3
&amp#27;[30m2020-02-08 10:21:29,508&amp#27;[0;39m &amp#27;[39mDEBUG&amp#27;[0;39m [&amp#27;[34mmain&amp#27;[0;39m] &amp#27;[33morg.hibernate.type.BasicTypeRegistry&amp#27;[0;39m: Adding type registration java.sql.Timestamp -> org.hibernate.type.TimestampType@47fcefb3
&amp#27;[30m2020-02-08 10:21:29,508&amp#27;[0;39m &amp#27;[39mDEBUG&amp#27;[0;39m [&amp#27;[34mmain&amp#27;[0;39m] &amp#27;[33morg.hibernate.type.BasicTypeRegistry&amp#27;[0;39m: Adding type registration java.util.Date -> org.hibernate.type.TimestampType@47fcefb3
&amp#27;[30m2020-02-08 10:21:29,510&amp#27;[0;39m &amp#27;[39mDEBUG&amp#27;[0;39m [&amp#27;[34mmain&amp#27;[0;39m] &amp#27;[33morg.hibernate.type.BasicTypeRegistry&amp#27;[0;39m: Adding type registration dbtimestamp -> org.hibernate.type.DbTimestampType@32ab408e
&amp#27;[30m2020-02-08 10:21:29,513&amp#27;[0;39m &amp#27;[39mDEBUG&amp#27;[0;39m [&amp#27;[34mmain&amp#27;[0;39m] &amp#27;[33morg.hibernate.type.BasicTypeRegistry&amp#27;[0;39m: Adding type registration calendar -> org.hibernate.type.CalendarType@175c5c3a
&amp#27;[30m2020-02-08 10:21:29,513&amp#27;[0;39m &amp#27;[39mDEBUG&amp#27;[0;39m [&amp#27;[34mmain&amp#27;[0;39m] &amp#27;[33morg.hibernate.type.BasicTypeRegistry&amp#27;[0;39m: Adding type registration java.util.Calendar -> org.hibernate.type.CalendarType@175c5c3a
&amp#27;[30m2020-02-08 10:21:29,514&amp#27;[0;39m &amp#27;[39mDEBUG&amp#27;[0;39m [&amp#27;[34mmain&amp#27;[0;39m] &amp#27;[33morg.hibernate.type.BasicTypeRegistry&amp#27;[0;39m: Adding type registration java.util.GregorianCalendar -> org.hibernate.type.CalendarType@175c5c3a
&amp#27;[30m2020-02-08 10:21:29,515&amp#27;[0;39m &amp#27;[39mDEBUG&amp#27;[0;39m [&amp#27;[34mmain&amp#27;[0;39m] &amp#27;[33morg.hibernate.type.BasicTypeRegistry&amp#27;[0;39m: Adding type registration calendar_date -> org.hibernate.type.CalendarDateType@7b6141f0
&amp#27;[30m2020-02-08 10:21:29,517&amp#27;[0;39m &amp#27;[39mDEBUG&amp#27;[0;39m [&amp#27;[34mmain&amp#27;[0;39m] &amp#27;[33morg.hibernate.type.BasicTypeRegistry&amp#27;[0;39m: Adding type registration locale -> org.hibernate.type.LocaleType@2d130ac4
&amp#27;[30m2020-02-08 10:21:29,518&amp#27;[0;39m &amp#27;[39mDEBUG&amp#27;[0;39m [&amp#27;[34mmain&amp#27;[0;39m] &amp#27;[33morg.hibernate.type.BasicTypeRegistry&amp#27;[0;39m: Adding type registration java.util.Locale -> org.hibernate.type.LocaleType@2d130ac4
&amp#27;[30m2020-02-08 10:21:29,520&amp#27;[0;39m &amp#27;[39mDEBUG&amp#27;[0;39m [&amp#27;[34mmain&amp#27;[0;39m] &amp#27;[33morg.hibernate.type.BasicTypeRegistry&amp#27;[0;39m: Adding type registration currency -> org.hibernate.type.CurrencyType@2ee4706d
&amp#27;[30m2020-02-08 10:21:29,520&amp#27;[0;39m &amp#27;[39mDEBUG&amp#27;[0;39m [&amp#27;[34mmain&amp#27;[0;39m] &amp#27;[33morg.hibernate.type.BasicTypeRegistry&amp#27;[0;39m: Adding type registration java.util.Currency -> org.hibernate.type.CurrencyType@2ee4706d
&amp#27;[30m2020-02-08 10:21:29,522&amp#27;[0;39m &amp#27;[39mDEBUG&amp#27;[0;39m [&amp#27;[34mmain&amp#27;[0;39m] &amp#27;[33morg.hibernate.type.BasicTypeRegistry&amp#27;[0;39m: Adding type registration timezone -> org.hibernate.type.TimeZoneType@2484dbb7
&amp#27;[30m2020-02-08 10:21:29,522&amp#27;[0;39m &amp#27;[39mDEBUG&amp#27;[0;39m [&amp#27;[34mmain&amp#27;[0;39m] &amp#27;[33morg.hibernate.type.BasicTypeRegistry&amp#27;[0;39m: Adding type registration java.util.TimeZone -> org.hibernate.type.TimeZoneType@2484dbb7
&amp#27;[30m2020-02-08 10:21:29,524&amp#27;[0;39m &amp#27;[39mDEBUG&amp#27;[0;39m [&amp#27;[34mmain&amp#27;[0;39m] &amp#27;[33morg.hibernate.type.BasicTypeRegistry&amp#27;[0;39m: Adding type registration class -> org.hibernate.type.ClassType@58a3d521
&amp#27;[30m2020-02-08 10:21:29,525&amp#27;[0;39m &amp#27;[39mDEBUG&amp#27;[0;39m [&amp#27;[34mmain&amp#27;[0;39m] &amp#27;[33morg.hibernate.type.BasicTypeRegistry&amp#27;[0;39m: Adding type registration java.lang.Class -> org.hibernate.type.ClassType@58a3d521
&amp#27;[30m2020-02-08 10:21:29,526&amp#27;[0;39m &amp#27;[39mDEBUG&amp#27;[0;39m [&amp#27;[34mmain&amp#27;[0;39m] &amp#27;[33morg.hibernate.type.BasicTypeRegistry&amp#27;[0;39m: Adding type registration uuid-binary -> org.hibernate.type.UUIDBinaryType@68dfda77
&amp#27;[30m2020-02-08 10:21:29,527&amp#27;[0;39m &amp#27;[39mDEBUG&amp#27;[0;39m [&amp#27;[34mmain&amp#27;[0;39m] &amp#27;[33morg.hibernate.type.BasicTypeRegistry&amp#27;[0;39m: Adding type registration java.util.UUID -> org.hibernate.type.UUIDBinaryType@68dfda77
&amp#27;[30m2020-02-08 10:21:29,528&amp#27;[0;39m &amp#27;[39mDEBUG&amp#27;[0;39m [&amp#27;[34mmain&amp#27;[0;39m] &amp#27;[33morg.hibernate.type.BasicTypeRegistry&amp#27;[0;39m: Adding type registration uuid-char -> org.hibernate.type.UUIDCharType@6fbf5db2
&amp#27;[30m2020-02-08 10:21:29,530&amp#27;[0;39m &amp#27;[39mDEBUG&amp#27;[0;39m [&amp#27;[34mmain&amp#27;[0;39m] &amp#27;[33morg.hibernate.type.BasicTypeRegistry&amp#27;[0;39m: Adding type registration binary -> org.hibernate.type.BinaryType@3ab595c8
&amp#27;[30m2020-02-08 10:21:29,531&amp#27;[0;39m &amp#27;[39mDEBUG&amp#27;[0;39m [&amp#27;[34mmain&amp#27;[0;39m] &amp#27;[33morg.hibernate.type.BasicTypeRegistry&amp#27;[0;39m: Adding type registration byte[] -> org.hibernate.type.BinaryType@3ab595c8
&amp#27;[30m2020-02-08 10:21:29,531&amp#27;[0;39m &amp#27;[39mDEBUG&amp#27;[0;39m [&amp#27;[34mmain&amp#27;[0;39m] &amp#27;[33morg.hibernate.type.BasicTypeRegistry&amp#27;[0;39m: Adding type registration [B -> org.hibernate.type.BinaryType@3ab595c8
&amp#27;[30m2020-02-08 10:21:29,533&amp#27;[0;39m &amp#27;[39mDEBUG&amp#27;[0;39m [&amp#27;[34mmain&amp#27;[0;39m] &amp#27;[33morg.hibernate.type.BasicTypeRegistry&amp#27;[0;39m: Adding type registration wrapper-binary -> org.hibernate.type.WrapperBinaryType@7781263c
&amp#27;[30m2020-02-08 10:21:29,533&amp#27;[0;39m &amp#27;[39mDEBUG&amp#27;[0;39m [&amp#27;[34mmain&amp#27;[0;39m] &amp#27;[33morg.hibernate.type.BasicTypeRegistry&amp#27;[0;39m: Adding type registration Byte[] -> org.hibernate.type.WrapperBinaryType@7781263c
&amp#27;[30m2020-02-08 10:21:29,534&amp#27;[0;39m &amp#27;[39mDEBUG&amp#27;[0;39m [&amp#27;[34mmain&amp#27;[0;39m] &amp#27;[33morg.hibernate.type.BasicTypeRegistry&amp#27;[0;39m: Adding type registration [Ljava.lang.Byte; -> org.hibernate.type.WrapperBinaryType@7781263c
&amp#27;[30m2020-02-08 10:21:29,535&amp#27;[0;39m &amp#27;[39mDEBUG&amp#27;[0;39m [&amp#27;[34mmain&amp#27;[0;39m] &amp#27;[33morg.hibernate.type.BasicTypeRegistry&amp#27;[0;39m: Adding type registration row_version -> org.hibernate.type.RowVersionType@37d3e140
&amp#27;[30m2020-02-08 10:21:29,537&amp#27;[0;39m &amp#27;[39mDEBUG&amp#27;[0;39m [&amp#27;[34mmain&amp#27;[0;39m] &amp#27;[33morg.hibernate.type.BasicTypeRegistry&amp#27;[0;39m: Adding type registration image -> org.hibernate.type.ImageType@a3cba3a
&amp#27;[30m2020-02-08 10:21:29,538&amp#27;[0;39m &amp#27;[39mDEBUG&amp#27;[0;39m [&amp#27;[34mmain&amp#27;[0;39m] &amp#27;[33morg.hibernate.type.BasicTypeRegistry&amp#27;[0;39m: Adding type registration characters -> org.hibernate.type.CharArrayType@6169be09
&amp#27;[30m2020-02-08 10:21:29,539&amp#27;[0;39m &amp#27;[39mDEBUG&amp#27;[0;39m [&amp#27;[34mmain&amp#27;[0;39m] &amp#27;[33morg.hibernate.type.BasicTypeRegistry&amp#27;[0;39m: Adding type registration char[] -> org.hibernate.type.CharArrayType@6169be09
&amp#27;[30m2020-02-08 10:21:29,539&amp#27;[0;39m &amp#27;[39mDEBUG&amp#27;[0;39m [&amp#27;[34mmain&amp#27;[0;39m] &amp#27;[33morg.hibernate.type.BasicTypeRegistry&amp#27;[0;39m: Adding type registration [C -> org.hibernate.type.CharArrayType@6169be09
&amp#27;[30m2020-02-08 10:21:29,541&amp#27;[0;39m &amp#27;[39mDEBUG&amp#27;[0;39m [&amp#27;[34mmain&amp#27;[0;39m] &amp#27;[33morg.hibernate.type.BasicTypeRegistry&amp#27;[0;39m: Adding type registration wrapper-characters -> org.hibernate.type.CharacterArrayType@49c1e294
&amp#27;[30m2020-02-08 10:21:29,541&amp#27;[0;39m &amp#27;[39mDEBUG&amp#27;[0;39m [&amp#27;[34mmain&amp#27;[0;39m] &amp#27;[33morg.hibernate.type.BasicTypeRegistry&amp#27;[0;39m: Adding type registration [Ljava.lang.Character; -> org.hibernate.type.CharacterArrayType@49c1e294
&amp#27;[30m2020-02-08 10:21:29,542&amp#27;[0;39m &amp#27;[39mDEBUG&amp#27;[0;39m [&amp#27;[34mmain&amp#27;[0;39m] &amp#27;[33morg.hibernate.type.BasicTypeRegistry&amp#27;[0;39m: Adding type registration Character[] -> org.hibernate.type.CharacterArrayType@49c1e294
&amp#27;[30m2020-02-08 10:21:29,542&amp#27;[0;39m &amp#27;[39mDEBUG&amp#27;[0;39m [&amp#27;[34mmain&amp#27;[0;39m] &amp#27;[33morg.hibernate.type.BasicTypeRegistry&amp#27;[0;39m: Adding type registration text -> org.hibernate.type.TextType@124eb83d
&amp#27;[30m2020-02-08 10:21:29,543&amp#27;[0;39m &amp#27;[39mDEBUG&amp#27;[0;39m [&amp#27;[34mmain&amp#27;[0;39m] &amp#27;[33morg.hibernate.type.BasicTypeRegistry&amp#27;[0;39m: Adding type registration ntext -> org.hibernate.type.NTextType@4a22e4d7
&amp#27;[30m2020-02-08 10:21:29,546&amp#27;[0;39m &amp#27;[39mDEBUG&amp#27;[0;39m [&amp#27;[34mmain&amp#27;[0;39m] &amp#27;[33morg.hibernate.type.BasicTypeRegistry&amp#27;[0;39m: Adding type registration blob -> org.hibernate.type.BlobType@1e2445f6
&amp#27;[30m2020-02-08 10:21:29,546&amp#27;[0;39m &amp#27;[39mDEBUG&amp#27;[0;39m [&amp#27;[34mmain&amp#27;[0;39m] &amp#27;[33morg.hibernate.type.BasicTypeRegistry&amp#27;[0;39m: Adding type registration java.sql.Blob -> org.hibernate.type.BlobType@1e2445f6
&amp#27;[30m2020-02-08 10:21:29,547&amp#27;[0;39m &amp#27;[39mDEBUG&amp#27;[0;39m [&amp#27;[34mmain&amp#27;[0;39m] &amp#27;[33morg.hibernate.type.BasicTypeRegistry&amp#27;[0;39m: Adding type registration materialized_blob -> org.hibernate.type.MaterializedBlobType@6aea99e7
&amp#27;[30m2020-02-08 10:21:29,550&amp#27;[0;39m &amp#27;[39mDEBUG&amp#27;[0;39m [&amp#27;[34mmain&amp#27;[0;39m] &amp#27;[33morg.hibernate.type.BasicTypeRegistry&amp#27;[0;39m: Adding type registration clob -> org.hibernate.type.ClobType@39652a30
&amp#27;[30m2020-02-08 10:21:29,550&amp#27;[0;39m &amp#27;[39mDEBUG&amp#27;[0;39m [&amp#27;[34mmain&amp#27;[0;39m] &amp#27;[33morg.hibernate.type.BasicTypeRegistry&amp#27;[0;39m: Adding type registration java.sql.Clob -> org.hibernate.type.ClobType@39652a30
&amp#27;[30m2020-02-08 10:21:29,553&amp#27;[0;39m &amp#27;[39mDEBUG&amp#27;[0;39m [&amp#27;[34mmain&amp#27;[0;39m] &amp#27;[33morg.hibernate.type.BasicTypeRegistry&amp#27;[0;39m: Adding type registration nclob -> org.hibernate.type.NClobType@559991f5
&amp#27;[30m2020-02-08 10:21:29,553&amp#27;[0;39m &amp#27;[39mDEBUG&amp#27;[0;39m [&amp#27;[34mmain&amp#27;[0;39m] &amp#27;[33morg.hibernate.type.BasicTypeRegistry&amp#27;[0;39m: Adding type registration java.sql.NClob -> org.hibernate.type.NClobType@559991f5
&amp#27;[30m2020-02-08 10:21:29,554&amp#27;[0;39m &amp#27;[39mDEBUG&amp#27;[0;39m [&amp#27;[34mmain&amp#27;[0;39m] &amp#27;[33morg.hibernate.type.BasicTypeRegistry&amp#27;[0;39m: Adding type registration materialized_clob -> org.hibernate.type.MaterializedClobType@61d60e38
&amp#27;[30m2020-02-08 10:21:29,555&amp#27;[0;39m &amp#27;[39mDEBUG&amp#27;[0;39m [&amp#27;[34mmain&amp#27;[0;39m] &amp#27;[33morg.hibernate.type.BasicTypeRegistry&amp#27;[0;39m: Adding type registration materialized_nclob -> org.hibernate.type.MaterializedNClobType@20256a0b
&amp#27;[30m2020-02-08 10:21:29,564&amp#27;[0;39m &amp#27;[39mDEBUG&amp#27;[0;39m [&amp#27;[34mmain&amp#27;[0;39m] &amp#27;[33morg.hibernate.type.BasicTypeRegistry&amp#27;[0;39m: Adding type registration serializable -> org.hibernate.type.SerializableType@ceb7701
&amp#27;[30m2020-02-08 10:21:29,571&amp#27;[0;39m &amp#27;[39mDEBUG&amp#27;[0;39m [&amp#27;[34mmain&amp#27;[0;39m] &amp#27;[33morg.hibernate.type.BasicTypeRegistry&amp#27;[0;39m: Adding type registration object -> org.hibernate.type.ObjectType@61b60600
&amp#27;[30m2020-02-08 10:21:29,571&amp#27;[0;39m &amp#27;[39mDEBUG&amp#27;[0;39m [&amp#27;[34mmain&amp#27;[0;39m] &amp#27;[33morg.hibernate.type.BasicTypeRegistry&amp#27;[0;39m: Adding type registration java.lang.Object -> org.hibernate.type.ObjectType@61b60600
&amp#27;[30m2020-02-08 10:21:29,572&amp#27;[0;39m &amp#27;[39mDEBUG&amp#27;[0;39m [&amp#27;[34mmain&amp#27;[0;39m] &amp#27;[33morg.hibernate.type.BasicTypeRegistry&amp#27;[0;39m: Adding type registration imm_date -> org.hibernate.type.AdaptedImmutableType@336f49a1
&amp#27;[30m2020-02-08 10:21:29,572&amp#27;[0;39m &amp#27;[39mDEBUG&amp#27;[0;39m [&amp#27;[34mmain&amp#27;[0;39m] &amp#27;[33morg.hibernate.type.BasicTypeRegistry&amp#27;[0;39m: Adding type registration imm_time -> org.hibernate.type.AdaptedImmutableType@2c8b8de0
&amp#27;[30m2020-02-08 10:21:29,573&amp#27;[0;39m &amp#27;[39mDEBUG&amp#27;[0;39m [&amp#27;[34mmain&amp#27;[0;39m] &amp#27;[33morg.hibernate.type.BasicTypeRegistry&amp#27;[0;39m: Adding type registration imm_timestamp -> org.hibernate.type.AdaptedImmutableType@4fb57fb3
&amp#27;[30m2020-02-08 10:21:29,573&amp#27;[0;39m &amp#27;[39mDEBUG&amp#27;[0;39m [&amp#27;[34mmain&amp#27;[0;39m] &amp#27;[33morg.hibernate.type.BasicTypeRegistry&amp#27;[0;39m: Adding type registration imm_dbtimestamp -> org.hibernate.type.AdaptedImmutableType@6b063470
&amp#27;[30m2020-02-08 10:21:29,573&amp#27;[0;39m &amp#27;[39mDEBUG&amp#27;[0;39m [&amp#27;[34mmain&amp#27;[0;39m] &amp#27;[33morg.hibernate.type.BasicTypeRegistry&amp#27;[0;39m: Adding type registration imm_calendar -> org.hibernate.type.AdaptedImmutableType@226d5af0
&amp#27;[30m2020-02-08 10:21:29,573&amp#27;[0;39m &amp#27;[39mDEBUG&amp#27;[0;39m [&amp#27;[34mmain&amp#27;[0;39m] &amp#27;[33morg.hibernate.type.BasicTypeRegistry&amp#27;[0;39m: Adding type registration imm_calendar_date -> org.hibernate.type.AdaptedImmutableType@527937d0
&amp#27;[30m2020-02-08 10:21:29,574&amp#27;[0;39m &amp#27;[39mDEBUG&amp#27;[0;39m [&amp#27;[34mmain&amp#27;[0;39m] &amp#27;[33morg.hibernate.type.BasicTypeRegistry&amp#27;[0;39m: Adding type registration imm_binary -> org.hibernate.type.AdaptedImmutableType@36d582cb
&amp#27;[30m2020-02-08 10:21:29,574&amp#27;[0;39m &amp#27;[39mDEBUG&amp#27;[0;39m [&amp#27;[34mmain&amp#27;[0;39m] &amp#27;[33morg.hibernate.type.BasicTypeRegistry&amp#27;[0;39m: Adding type registration imm_serializable -> org.hibernate.type.AdaptedImmutableType@6c2a95d5
&amp#27;[30m2020-02-08 10:21:29,588&amp#27;[0;39m &amp#27;[39mDEBUG&amp#27;[0;39m [&amp#27;[34mmain&amp#27;[0;39m] &amp#27;[33morg.hibernate.boot.internal.BootstrapContextImpl&amp#27;[0;39m: Injecting JPA temp ClassLoader [org.springframework.instrument.classloading.SimpleThrowawayClassLoader@27ab206] into BootstrapContext; was [null]
&amp#27;[30m2020-02-08 10:21:29,589&amp#27;[0;39m &amp#27;[39mDEBUG&amp#27;[0;39m [&amp#27;[34mmain&amp#27;[0;39m] &amp#27;[33morg.hibernate.boot.internal.ClassLoaderAccessImpl&amp#27;[0;39m: ClassLoaderAccessImpl#injectTempClassLoader(org.springframework.instrument.classloading.SimpleThrowawayClassLoader@27ab206) [was null]
&amp#27;[30m2020-02-08 10:21:29,590&amp#27;[0;39m &amp#27;[39mDEBUG&amp#27;[0;39m [&amp#27;[34mmain&amp#27;[0;39m] &amp#27;[33morg.hibernate.boot.internal.BootstrapContextImpl&amp#27;[0;39m: Injecting ScanEnvironment [org.hibernate.jpa.boot.internal.StandardJpaScanEnvironmentImpl@6af87130] into BootstrapContext; was [null]
&amp#27;[30m2020-02-08 10:21:29,590&amp#27;[0;39m &amp#27;[39mDEBUG&amp#27;[0;39m [&amp#27;[34mmain&amp#27;[0;39m] &amp#27;[33morg.hibernate.boot.internal.BootstrapContextImpl&amp#27;[0;39m: Injecting ScanOptions [org.hibernate.boot.archive.scan.internal.StandardScanOptions@22a4ca4a] into BootstrapContext; was [org.hibernate.boot.archive.scan.internal.StandardScanOptions@72c4a3aa]
&amp#27;[30m2020-02-08 10:21:29,637&amp#27;[0;39m &amp#27;[39mDEBUG&amp#27;[0;39m [&amp#27;[34mmain&amp#27;[0;39m] &amp#27;[33morg.hibernate.boot.internal.BootstrapContextImpl&amp#27;[0;39m: Injecting JPA temp ClassLoader [null] into BootstrapContext; was [org.springframework.instrument.classloading.SimpleThrowawayClassLoader@27ab206]
&amp#27;[30m2020-02-08 10:21:29,638&amp#27;[0;39m &amp#27;[39mDEBUG&amp#27;[0;39m [&amp#27;[34mmain&amp#27;[0;39m] &amp#27;[33morg.hibernate.boot.internal.ClassLoaderAccessImpl&amp#27;[0;39m: ClassLoaderAccessImpl#injectTempClassLoader(null) [was org.springframework.instrument.classloading.SimpleThrowawayClassLoader@27ab206]
&amp#27;[30m2020-02-08 10:21:29,673&amp#27;[0;39m &amp#27;[39mDEBUG&amp#27;[0;39m [&amp#27;[34mmain&amp#27;[0;39m] &amp#27;[33morg.hibernate.id.factory.internal.DefaultIdentifierGeneratorFactory&amp#27;[0;39m: Registering IdentifierGenerator strategy [uuid2] -> [org.hibernate.id.UUIDGenerator]
&amp#27;[30m2020-02-08 10:21:29,674&amp#27;[0;39m &amp#27;[39mDEBUG&amp#27;[0;39m [&amp#27;[34mmain&amp#27;[0;39m] &amp#27;[33morg.hibernate.id.factory.internal.DefaultIdentifierGeneratorFactory&amp#27;[0;39m: Registering IdentifierGenerator strategy [guid] -> [org.hibernate.id.GUIDGenerator]
&amp#27;[30m2020-02-08 10:21:29,676&amp#27;[0;39m &amp#27;[39mDEBUG&amp#27;[0;39m [&amp#27;[34mmain&amp#27;[0;39m] &amp#27;[33morg.hibernate.id.factory.internal.DefaultIdentifierGeneratorFactory&amp#27;[0;39m: Registering IdentifierGenerator strategy [uuid] -> [org.hibernate.id.UUIDHexGenerator]
&amp#27;[30m2020-02-08 10:21:29,676&amp#27;[0;39m &amp#27;[39mDEBUG&amp#27;[0;39m [&amp#27;[34mmain&amp#27;[0;39m] &amp#27;[33morg.hibernate.id.factory.internal.DefaultIdentifierGeneratorFactory&amp#27;[0;39m: Registering IdentifierGenerator strategy [uuid.hex] -> [org.hibernate.id.UUIDHexGenerator]
&amp#27;[30m2020-02-08 10:21:29,677&amp#27;[0;39m &amp#27;[39mDEBUG&amp#27;[0;39m [&amp#27;[34mmain&amp#27;[0;39m] &amp#27;[33morg.hibernate.id.factory.internal.DefaultIdentifierGeneratorFactory&amp#27;[0;39m: Registering IdentifierGenerator strategy [assigned] -> [org.hibernate.id.Assigned]
&amp#27;[30m2020-02-08 10:21:29,679&amp#27;[0;39m &amp#27;[39mDEBUG&amp#27;[0;39m [&amp#27;[34mmain&amp#27;[0;39m] &amp#27;[33morg.hibernate.id.factory.internal.DefaultIdentifierGeneratorFactory&amp#27;[0;39m: Registering IdentifierGenerator strategy [identity] -> [org.hibernate.id.IdentityGenerator]
&amp#27;[30m2020-02-08 10:21:29,681&amp#27;[0;39m &amp#27;[39mDEBUG&amp#27;[0;39m [&amp#27;[34mmain&amp#27;[0;39m] &amp#27;[33morg.hibernate.id.factory.internal.DefaultIdentifierGeneratorFactory&amp#27;[0;39m: Registering IdentifierGenerator strategy [select] -> [org.hibernate.id.SelectGenerator]
&amp#27;[30m2020-02-08 10:21:29,684&amp#27;[0;39m &amp#27;[39mDEBUG&amp#27;[0;39m [&amp#27;[34mmain&amp#27;[0;39m] &amp#27;[33morg.hibernate.id.factory.internal.DefaultIdentifierGeneratorFactory&amp#27;[0;39m: Registering IdentifierGenerator strategy [sequence] -> [org.hibernate.id.enhanced.SequenceStyleGenerator]
&amp#27;[30m2020-02-08 10:21:29,688&amp#27;[0;39m &amp#27;[39mDEBUG&amp#27;[0;39m [&amp#27;[34mmain&amp#27;[0;39m] &amp#27;[33morg.hibernate.id.factory.internal.DefaultIdentifierGeneratorFactory&amp#27;[0;39m: Registering IdentifierGenerator strategy [seqhilo] -> [org.hibernate.id.SequenceHiLoGenerator]
&amp#27;[30m2020-02-08 10:21:29,689&amp#27;[0;39m &amp#27;[39mDEBUG&amp#27;[0;39m [&amp#27;[34mmain&amp#27;[0;39m] &amp#27;[33morg.hibernate.id.factory.internal.DefaultIdentifierGeneratorFactory&amp#27;[0;39m: Registering IdentifierGenerator strategy [increment] -> [org.hibernate.id.IncrementGenerator]
&amp#27;[30m2020-02-08 10:21:29,690&amp#27;[0;39m &amp#27;[39mDEBUG&amp#27;[0;39m [&amp#27;[34mmain&amp#27;[0;39m] &amp#27;[33morg.hibernate.id.factory.internal.DefaultIdentifierGeneratorFactory&amp#27;[0;39m: Registering IdentifierGenerator strategy [foreign] -> [org.hibernate.id.ForeignGenerator]
&amp#27;[30m2020-02-08 10:21:29,691&amp#27;[0;39m &amp#27;[39mDEBUG&amp#27;[0;39m [&amp#27;[34mmain&amp#27;[0;39m] &amp#27;[33morg.hibernate.id.factory.internal.DefaultIdentifierGeneratorFactory&amp#27;[0;39m: Registering IdentifierGenerator strategy [sequence-identity] -> [org.hibernate.id.SequenceIdentityGenerator]
&amp#27;[30m2020-02-08 10:21:29,692&amp#27;[0;39m &amp#27;[39mDEBUG&amp#27;[0;39m [&amp#27;[34mmain&amp#27;[0;39m] &amp#27;[33morg.hibernate.id.factory.internal.DefaultIdentifierGeneratorFactory&amp#27;[0;39m: Registering IdentifierGenerator strategy [enhanced-sequence] -> [org.hibernate.id.enhanced.SequenceStyleGenerator]
&amp#27;[30m2020-02-08 10:21:29,694&amp#27;[0;39m &amp#27;[39mDEBUG&amp#27;[0;39m [&amp#27;[34mmain&amp#27;[0;39m] &amp#27;[33morg.hibernate.id.factory.internal.DefaultIdentifierGeneratorFactory&amp#27;[0;39m: Registering IdentifierGenerator strategy [enhanced-table] -> [org.hibernate.id.enhanced.TableGenerator]
&amp#27;[30m2020-02-08 10:21:29,707&amp#27;[0;39m &amp#27;[39mDEBUG&amp#27;[0;39m [&amp#27;[34mmain&amp#27;[0;39m] &amp#27;[33morg.hibernate.engine.jdbc.env.internal.JdbcEnvironmentInitiator&amp#27;[0;39m: Database ->
       name : H2
    version : 1.4.199 (2019-03-13)
      major : 1
      minor : 4
&amp#27;[30m2020-02-08 10:21:29,708&amp#27;[0;39m &amp#27;[39mDEBUG&amp#27;[0;39m [&amp#27;[34mmain&amp#27;[0;39m] &amp#27;[33morg.hibernate.engine.jdbc.env.internal.JdbcEnvironmentInitiator&amp#27;[0;39m: Driver ->
       name : H2 JDBC Driver
    version : 1.4.199 (2019-03-13)
      major : 1
      minor : 4
&amp#27;[30m2020-02-08 10:21:29,708&amp#27;[0;39m &amp#27;[39mDEBUG&amp#27;[0;39m [&amp#27;[34mmain&amp#27;[0;39m] &amp#27;[33morg.jboss.logging.DelegatingBasicLogger&amp#27;[0;39m: JDBC version : 4.1
&amp#27;[30m2020-02-08 10:21:29,728&amp#27;[0;39m &amp#27;[34mINFO &amp#27;[0;39m [&amp#27;[34mmain&amp#27;[0;39m] &amp#27;[33morg.hibernate.dialect.Dialect&amp#27;[0;39m: HHH000400: Using dialect: org.hibernate.dialect.H2Dialect
&amp#27;[30m2020-02-08 10:21:29,824&amp#27;[0;39m &amp#27;[39mDEBUG&amp#27;[0;39m [&amp#27;[34mmain&amp#27;[0;39m] &amp#27;[33morg.hibernate.engine.jdbc.env.spi.IdentifierHelperBuilder&amp#27;[0;39m: JDBC driver metadata reported database stores quoted identifiers in neither upper, lower nor mixed case
&amp#27;[30m2020-02-08 10:21:29,843&amp#27;[0;39m &amp#27;[39mDEBUG&amp#27;[0;39m [&amp#27;[34mmain&amp#27;[0;39m] &amp#27;[33morg.hibernate.boot.model.relational.Namespace&amp#27;[0;39m: Created database namespace [logicalName=Name{catalog=null, schema=null}, physicalName=Name{catalog=null, schema=null}]
&amp#27;[30m2020-02-08 10:21:29,847&amp#27;[0;39m &amp#27;[39mDEBUG&amp#27;[0;39m [&amp#27;[34mmain&amp#27;[0;39m] &amp#27;[33morg.hibernate.type.spi.TypeConfiguration&amp#27;[0;39m: Scoping TypeConfiguration [org.hibernate.type.spi.TypeConfiguration@1e120628] to MetadataBuildingContext [org.hibernate.boot.internal.MetadataBuildingContextRootImpl@4e4894d]
&amp#27;[30m2020-02-08 10:21:29,924&amp#27;[0;39m &amp#27;[39mDEBUG&amp#27;[0;39m [&amp#27;[34mmain&amp#27;[0;39m] &amp#27;[33morg.hibernate.cfg.AnnotationBinder&amp#27;[0;39m: Binding entity from annotated class: in.rgukt.r081247.universityapi.entity.Course
&amp#27;[30m2020-02-08 10:21:29,970&amp#27;[0;39m &amp#27;[39mDEBUG&amp#27;[0;39m [&amp#27;[34mmain&amp#27;[0;39m] &amp#27;[33morg.hibernate.cfg.Ejb3Column&amp#27;[0;39m: Binding column: Ejb3DiscriminatorColumn{logicalColumnName'DTYPE', discriminatorTypeName='string'}
&amp#27;[30m2020-02-08 10:21:29,978&amp#27;[0;39m &amp#27;[39mDEBUG&amp#27;[0;39m [&amp#27;[34mmain&amp#27;[0;39m] &amp#27;[33morg.hibernate.cfg.annotations.EntityBinder&amp#27;[0;39m: Import with entity name Course
&amp#27;[30m2020-02-08 10:21:29,983&amp#27;[0;39m &amp#27;[39mDEBUG&amp#27;[0;39m [&amp#27;[34mmain&amp#27;[0;39m] &amp#27;[33morg.hibernate.cfg.annotations.EntityBinder&amp#27;[0;39m: Bind entity in.rgukt.r081247.universityapi.entity.Course on table course
&amp#27;[30m2020-02-08 10:21:30,029&amp#27;[0;39m &amp#27;[39mDEBUG&amp#27;[0;39m [&amp#27;[34mmain&amp#27;[0;39m] &amp#27;[33morg.hibernate.cfg.Ejb3Column&amp#27;[0;39m: Binding column: Ejb3Column{table=org.hibernate.mapping.Table(course), mappingColumn=id, insertable=true, updatable=true, unique=false}
&amp#27;[30m2020-02-08 10:21:30,033&amp#27;[0;39m &amp#27;[39mDEBUG&amp#27;[0;39m [&amp#27;[34mmain&amp#27;[0;39m] &amp#27;[33morg.hibernate.cfg.annotations.PropertyBinder&amp#27;[0;39m: MetadataSourceProcessor property id with lazy=false
&amp#27;[30m2020-02-08 10:21:30,035&amp#27;[0;39m &amp#27;[39mDEBUG&amp#27;[0;39m [&amp#27;[34mmain&amp#27;[0;39m] &amp#27;[33morg.hibernate.cfg.AbstractPropertyHolder&amp#27;[0;39m: Attempting to locate auto-apply AttributeConverter for property [in.rgukt.r081247.universityapi.entity.Course:id]
&amp#27;[30m2020-02-08 10:21:30,038&amp#27;[0;39m &amp#27;[39mDEBUG&amp#27;[0;39m [&amp#27;[34mmain&amp#27;[0;39m] &amp#27;[33morg.hibernate.cfg.annotations.SimpleValueBinder&amp#27;[0;39m: building SimpleValue for id
&amp#27;[30m2020-02-08 10:21:30,041&amp#27;[0;39m &amp#27;[39mDEBUG&amp#27;[0;39m [&amp#27;[34mmain&amp#27;[0;39m] &amp#27;[33morg.hibernate.cfg.annotations.PropertyBinder&amp#27;[0;39m: Building property id
&amp#27;[30m2020-02-08 10:21:30,044&amp#27;[0;39m &amp#27;[39mDEBUG&amp#27;[0;39m [&amp#27;[34mmain&amp#27;[0;39m] &amp#27;[33morg.hibernate.cfg.BinderHelper&amp#27;[0;39m: #makeIdGenerator(org.hibernate.mapping.SimpleValue([org.hibernate.mapping.Column(id)]), id, identity, , ...)
&amp#27;[30m2020-02-08 10:21:30,046&amp#27;[0;39m &amp#27;[39mDEBUG&amp#27;[0;39m [&amp#27;[34mmain&amp#27;[0;39m] &amp#27;[33morg.hibernate.cfg.Ejb3Column&amp#27;[0;39m: Binding column: Ejb3JoinColumn{logicalColumnName='DEPARTMENT_ID', referencedColumn='', mappedBy=''}
&amp#27;[30m2020-02-08 10:21:30,049&amp#27;[0;39m &amp#27;[39mDEBUG&amp#27;[0;39m [&amp#27;[34mmain&amp#27;[0;39m] &amp#27;[33morg.hibernate.cfg.Ejb3Column&amp#27;[0;39m: Binding column: Ejb3Column{table=org.hibernate.mapping.Table(course), mappingColumn=department, insertable=true, updatable=true, unique=false}
&amp#27;[30m2020-02-08 10:21:30,052&amp#27;[0;39m &amp#27;[39mDEBUG&amp#27;[0;39m [&amp#27;[34mmain&amp#27;[0;39m] &amp#27;[33morg.hibernate.cfg.annotations.PropertyBinder&amp#27;[0;39m: Building property department
&amp#27;[30m2020-02-08 10:21:30,055&amp#27;[0;39m &amp#27;[39mDEBUG&amp#27;[0;39m [&amp#27;[34mmain&amp#27;[0;39m] &amp#27;[33morg.hibernate.cfg.Ejb3Column&amp#27;[0;39m: Binding column: Ejb3Column{table=org.hibernate.mapping.Table(course), mappingColumn=name, insertable=true, updatable=true, unique=false}
&amp#27;[30m2020-02-08 10:21:30,055&amp#27;[0;39m &amp#27;[39mDEBUG&amp#27;[0;39m [&amp#27;[34mmain&amp#27;[0;39m] &amp#27;[33morg.hibernate.cfg.annotations.PropertyBinder&amp#27;[0;39m: MetadataSourceProcessor property name with lazy=false
&amp#27;[30m2020-02-08 10:21:30,056&amp#27;[0;39m &amp#27;[39mDEBUG&amp#27;[0;39m [&amp#27;[34mmain&amp#27;[0;39m] &amp#27;[33morg.hibernate.cfg.AbstractPropertyHolder&amp#27;[0;39m: Attempting to locate auto-apply AttributeConverter for property [in.rgukt.r081247.universityapi.entity.Course:name]
&amp#27;[30m2020-02-08 10:21:30,056&amp#27;[0;39m &amp#27;[39mDEBUG&amp#27;[0;39m [&amp#27;[34mmain&amp#27;[0;39m] &amp#27;[33morg.hibernate.cfg.annotations.SimpleValueBinder&amp#27;[0;39m: building SimpleValue for name
&amp#27;[30m2020-02-08 10:21:30,056&amp#27;[0;39m &amp#27;[39mDEBUG&amp#27;[0;39m [&amp#27;[34mmain&amp#27;[0;39m] &amp#27;[33morg.hibernate.cfg.annotations.PropertyBinder&amp#27;[0;39m: Building property name
&amp#27;[30m2020-02-08 10:21:30,060&amp#27;[0;39m &amp#27;[39mDEBUG&amp#27;[0;39m [&amp#27;[34mmain&amp#27;[0;39m] &amp#27;[33morg.hibernate.cfg.Ejb3Column&amp#27;[0;39m: Binding column: Ejb3Column{table=org.hibernate.mapping.Table(course), mappingColumn=null, insertable=true, updatable=true, unique=false}
&amp#27;[30m2020-02-08 10:21:30,071&amp#27;[0;39m &amp#27;[39mDEBUG&amp#27;[0;39m [&amp#27;[34mmain&amp#27;[0;39m] &amp#27;[33morg.hibernate.cfg.Ejb3Column&amp#27;[0;39m: Binding column: Ejb3Column{table=org.hibernate.mapping.Table(course), mappingColumn=element, insertable=true, updatable=true, unique=false}
&amp#27;[30m2020-02-08 10:21:30,072&amp#27;[0;39m &amp#27;[39mDEBUG&amp#27;[0;39m [&amp#27;[34mmain&amp#27;[0;39m] &amp#27;[33morg.hibernate.cfg.Ejb3Column&amp#27;[0;39m: Binding column: Ejb3Column{table=org.hibernate.mapping.Table(course), mappingColumn=students_key, insertable=true, updatable=true, unique=false}
&amp#27;[30m2020-02-08 10:21:30,073&amp#27;[0;39m &amp#27;[39mDEBUG&amp#27;[0;39m [&amp#27;[34mmain&amp#27;[0;39m] &amp#27;[33morg.hibernate.cfg.Ejb3Column&amp#27;[0;39m: Binding column: Ejb3JoinColumn{logicalColumnName='students_KEY', referencedColumn='null', mappedBy='null'}
&amp#27;[30m2020-02-08 10:21:30,074&amp#27;[0;39m &amp#27;[39mDEBUG&amp#27;[0;39m [&amp#27;[34mmain&amp#27;[0;39m] &amp#27;[33morg.hibernate.cfg.Ejb3Column&amp#27;[0;39m: Binding column: Ejb3JoinColumn{logicalColumnName='null', referencedColumn='null', mappedBy='courses'}
&amp#27;[30m2020-02-08 10:21:30,074&amp#27;[0;39m &amp#27;[39mDEBUG&amp#27;[0;39m [&amp#27;[34mmain&amp#27;[0;39m] &amp#27;[33morg.hibernate.cfg.Ejb3Column&amp#27;[0;39m: Binding column: Ejb3JoinColumn{logicalColumnName='null', referencedColumn='null', mappedBy='courses'}
&amp#27;[30m2020-02-08 10:21:30,075&amp#27;[0;39m &amp#27;[39mDEBUG&amp#27;[0;39m [&amp#27;[34mmain&amp#27;[0;39m] &amp#27;[33morg.hibernate.cfg.annotations.CollectionBinder&amp#27;[0;39m: Collection role: in.rgukt.r081247.universityapi.entity.Course.students
&amp#27;[30m2020-02-08 10:21:30,078&amp#27;[0;39m &amp#27;[39mDEBUG&amp#27;[0;39m [&amp#27;[34mmain&amp#27;[0;39m] &amp#27;[33morg.hibernate.cfg.annotations.PropertyBinder&amp#27;[0;39m: Building property students
&amp#27;[30m2020-02-08 10:21:30,079&amp#27;[0;39m &amp#27;[39mDEBUG&amp#27;[0;39m [&amp#27;[34mmain&amp#27;[0;39m] &amp#27;[33morg.hibernate.cfg.AnnotationBinder&amp#27;[0;39m: Binding entity from annotated class: in.rgukt.r081247.universityapi.entity.Department
&amp#27;[30m2020-02-08 10:21:30,080&amp#27;[0;39m &amp#27;[39mDEBUG&amp#27;[0;39m [&amp#27;[34mmain&amp#27;[0;39m] &amp#27;[33morg.hibernate.cfg.Ejb3Column&amp#27;[0;39m: Binding column: Ejb3DiscriminatorColumn{logicalColumnName'DTYPE', discriminatorTypeName='string'}
&amp#27;[30m2020-02-08 10:21:30,080&amp#27;[0;39m &amp#27;[39mDEBUG&amp#27;[0;39m [&amp#27;[34mmain&amp#27;[0;39m] &amp#27;[33morg.hibernate.cfg.annotations.EntityBinder&amp#27;[0;39m: Import with entity name Department
&amp#27;[30m2020-02-08 10:21:30,081&amp#27;[0;39m &amp#27;[39mDEBUG&amp#27;[0;39m [&amp#27;[34mmain&amp#27;[0;39m] &amp#27;[33morg.hibernate.cfg.annotations.EntityBinder&amp#27;[0;39m: Bind entity in.rgukt.r081247.universityapi.entity.Department on table department
&amp#27;[30m2020-02-08 10:21:30,084&amp#27;[0;39m &amp#27;[39mDEBUG&amp#27;[0;39m [&amp#27;[34mmain&amp#27;[0;39m] &amp#27;[33morg.hibernate.cfg.Ejb3Column&amp#27;[0;39m: Binding column: Ejb3Column{table=org.hibernate.mapping.Table(department), mappingColumn=id, insertable=true, updatable=true, unique=false}
&amp#27;[30m2020-02-08 10:21:30,085&amp#27;[0;39m &amp#27;[39mDEBUG&amp#27;[0;39m [&amp#27;[34mmain&amp#27;[0;39m] &amp#27;[33morg.hibernate.cfg.annotations.PropertyBinder&amp#27;[0;39m: MetadataSourceProcessor property id with lazy=false
&amp#27;[30m2020-02-08 10:21:30,085&amp#27;[0;39m &amp#27;[39mDEBUG&amp#27;[0;39m [&amp#27;[34mmain&amp#27;[0;39m] &amp#27;[33morg.hibernate.cfg.AbstractPropertyHolder&amp#27;[0;39m: Attempting to locate auto-apply AttributeConverter for property [in.rgukt.r081247.universityapi.entity.Department:id]
&amp#27;[30m2020-02-08 10:21:30,086&amp#27;[0;39m &amp#27;[39mDEBUG&amp#27;[0;39m [&amp#27;[34mmain&amp#27;[0;39m] &amp#27;[33morg.hibernate.cfg.annotations.SimpleValueBinder&amp#27;[0;39m: building SimpleValue for id
&amp#27;[30m2020-02-08 10:21:30,086&amp#27;[0;39m &amp#27;[39mDEBUG&amp#27;[0;39m [&amp#27;[34mmain&amp#27;[0;39m] &amp#27;[33morg.hibernate.cfg.annotations.PropertyBinder&amp#27;[0;39m: Building property id
&amp#27;[30m2020-02-08 10:21:30,087&amp#27;[0;39m &amp#27;[39mDEBUG&amp#27;[0;39m [&amp#27;[34mmain&amp#27;[0;39m] &amp#27;[33morg.hibernate.cfg.BinderHelper&amp#27;[0;39m: #makeIdGenerator(org.hibernate.mapping.SimpleValue([org.hibernate.mapping.Column(id)]), id, identity, , ...)
&amp#27;[30m2020-02-08 10:21:30,087&amp#27;[0;39m &amp#27;[39mDEBUG&amp#27;[0;39m [&amp#27;[34mmain&amp#27;[0;39m] &amp#27;[33morg.hibernate.cfg.Ejb3Column&amp#27;[0;39m: Binding column: Ejb3JoinColumn{logicalColumnName='null', referencedColumn='null', mappedBy='department'}
&amp#27;[30m2020-02-08 10:21:30,088&amp#27;[0;39m &amp#27;[39mDEBUG&amp#27;[0;39m [&amp#27;[34mmain&amp#27;[0;39m] &amp#27;[33morg.hibernate.cfg.Ejb3Column&amp#27;[0;39m: Binding column: Ejb3Column{table=org.hibernate.mapping.Table(department), mappingColumn=courses, insertable=true, updatable=true, unique=false}
&amp#27;[30m2020-02-08 10:21:30,088&amp#27;[0;39m &amp#27;[39mDEBUG&amp#27;[0;39m [&amp#27;[34mmain&amp#27;[0;39m] &amp#27;[33morg.hibernate.cfg.Ejb3Column&amp#27;[0;39m: Binding column: Ejb3Column{table=org.hibernate.mapping.Table(department), mappingColumn=null, insertable=true, updatable=true, unique=false}
&amp#27;[30m2020-02-08 10:21:30,089&amp#27;[0;39m &amp#27;[39mDEBUG&amp#27;[0;39m [&amp#27;[34mmain&amp#27;[0;39m] &amp#27;[33morg.hibernate.cfg.Ejb3Column&amp#27;[0;39m: Binding column: Ejb3Column{table=org.hibernate.mapping.Table(department), mappingColumn=element, insertable=true, updatable=true, unique=false}
&amp#27;[30m2020-02-08 10:21:30,089&amp#27;[0;39m &amp#27;[39mDEBUG&amp#27;[0;39m [&amp#27;[34mmain&amp#27;[0;39m] &amp#27;[33morg.hibernate.cfg.Ejb3Column&amp#27;[0;39m: Binding column: Ejb3Column{table=org.hibernate.mapping.Table(department), mappingColumn=courses_key, insertable=true, updatable=true, unique=false}
&amp#27;[30m2020-02-08 10:21:30,090&amp#27;[0;39m &amp#27;[39mDEBUG&amp#27;[0;39m [&amp#27;[34mmain&amp#27;[0;39m] &amp#27;[33morg.hibernate.cfg.Ejb3Column&amp#27;[0;39m: Binding column: Ejb3JoinColumn{logicalColumnName='courses_KEY', referencedColumn='null', mappedBy='null'}
&amp#27;[30m2020-02-08 10:21:30,091&amp#27;[0;39m &amp#27;[39mDEBUG&amp#27;[0;39m [&amp#27;[34mmain&amp#27;[0;39m] &amp#27;[33morg.hibernate.cfg.Ejb3Column&amp#27;[0;39m: Binding column: Ejb3JoinColumn{logicalColumnName='null', referencedColumn='null', mappedBy='department'}
&amp#27;[30m2020-02-08 10:21:30,091&amp#27;[0;39m &amp#27;[39mDEBUG&amp#27;[0;39m [&amp#27;[34mmain&amp#27;[0;39m] &amp#27;[33morg.hibernate.cfg.Ejb3Column&amp#27;[0;39m: Binding column: Ejb3JoinColumn{logicalColumnName='null', referencedColumn='null', mappedBy='department'}
&amp#27;[30m2020-02-08 10:21:30,092&amp#27;[0;39m &amp#27;[39mDEBUG&amp#27;[0;39m [&amp#27;[34mmain&amp#27;[0;39m] &amp#27;[33morg.hibernate.cfg.annotations.CollectionBinder&amp#27;[0;39m: Collection role: in.rgukt.r081247.universityapi.entity.Department.courses
&amp#27;[30m2020-02-08 10:21:30,092&amp#27;[0;39m &amp#27;[39mDEBUG&amp#27;[0;39m [&amp#27;[34mmain&amp#27;[0;39m] &amp#27;[33morg.hibernate.cfg.annotations.PropertyBinder&amp#27;[0;39m: Building property courses
&amp#27;[30m2020-02-08 10:21:30,093&amp#27;[0;39m &amp#27;[39mDEBUG&amp#27;[0;39m [&amp#27;[34mmain&amp#27;[0;39m] &amp#27;[33morg.hibernate.cfg.Ejb3Column&amp#27;[0;39m: Binding column: Ejb3Column{table=org.hibernate.mapping.Table(department), mappingColumn=name, insertable=true, updatable=true, unique=false}
&amp#27;[30m2020-02-08 10:21:30,094&amp#27;[0;39m &amp#27;[39mDEBUG&amp#27;[0;39m [&amp#27;[34mmain&amp#27;[0;39m] &amp#27;[33morg.hibernate.cfg.annotations.PropertyBinder&amp#27;[0;39m: MetadataSourceProcessor property name with lazy=false
&amp#27;[30m2020-02-08 10:21:30,094&amp#27;[0;39m &amp#27;[39mDEBUG&amp#27;[0;39m [&amp#27;[34mmain&amp#27;[0;39m] &amp#27;[33morg.hibernate.cfg.AbstractPropertyHolder&amp#27;[0;39m: Attempting to locate auto-apply AttributeConverter for property [in.rgukt.r081247.universityapi.entity.Department:name]
&amp#27;[30m2020-02-08 10:21:30,094&amp#27;[0;39m &amp#27;[39mDEBUG&amp#27;[0;39m [&amp#27;[34mmain&amp#27;[0;39m] &amp#27;[33morg.hibernate.cfg.annotations.SimpleValueBinder&amp#27;[0;39m: building SimpleValue for name
&amp#27;[30m2020-02-08 10:21:30,095&amp#27;[0;39m &amp#27;[39mDEBUG&amp#27;[0;39m [&amp#27;[34mmain&amp#27;[0;39m] &amp#27;[33morg.hibernate.cfg.annotations.PropertyBinder&amp#27;[0;39m: Building property name
&amp#27;[30m2020-02-08 10:21:30,095&amp#27;[0;39m &amp#27;[39mDEBUG&amp#27;[0;39m [&amp#27;[34mmain&amp#27;[0;39m] &amp#27;[33morg.hibernate.cfg.AnnotationBinder&amp#27;[0;39m: Binding entity from annotated class: in.rgukt.r081247.universityapi.entity.Student
&amp#27;[30m2020-02-08 10:21:30,095&amp#27;[0;39m &amp#27;[39mDEBUG&amp#27;[0;39m [&amp#27;[34mmain&amp#27;[0;39m] &amp#27;[33morg.hibernate.cfg.Ejb3Column&amp#27;[0;39m: Binding column: Ejb3DiscriminatorColumn{logicalColumnName'DTYPE', discriminatorTypeName='string'}
&amp#27;[30m2020-02-08 10:21:30,096&amp#27;[0;39m &amp#27;[39mDEBUG&amp#27;[0;39m [&amp#27;[34mmain&amp#27;[0;39m] &amp#27;[33morg.hibernate.cfg.annotations.EntityBinder&amp#27;[0;39m: Import with entity name Student
&amp#27;[30m2020-02-08 10:21:30,096&amp#27;[0;39m &amp#27;[39mDEBUG&amp#27;[0;39m [&amp#27;[34mmain&amp#27;[0;39m] &amp#27;[33morg.hibernate.cfg.annotations.EntityBinder&amp#27;[0;39m: Bind entity in.rgukt.r081247.universityapi.entity.Student on table student
&amp#27;[30m2020-02-08 10:21:30,103&amp#27;[0;39m &amp#27;[39mDEBUG&amp#27;[0;39m [&amp#27;[34mmain&amp#27;[0;39m] &amp#27;[33morg.hibernate.cfg.Ejb3Column&amp#27;[0;39m: Binding column: Ejb3Column{table=org.hibernate.mapping.Table(student), mappingColumn=id, insertable=true, updatable=true, unique=false}
&amp#27;[30m2020-02-08 10:21:30,104&amp#27;[0;39m &amp#27;[39mDEBUG&amp#27;[0;39m [&amp#27;[34mmain&amp#27;[0;39m] &amp#27;[33morg.hibernate.cfg.annotations.PropertyBinder&amp#27;[0;39m: MetadataSourceProcessor property id with lazy=false
&amp#27;[30m2020-02-08 10:21:30,105&amp#27;[0;39m &amp#27;[39mDEBUG&amp#27;[0;39m [&amp#27;[34mmain&amp#27;[0;39m] &amp#27;[33morg.hibernate.cfg.AbstractPropertyHolder&amp#27;[0;39m: Attempting to locate auto-apply AttributeConverter for property [in.rgukt.r081247.universityapi.entity.Student:id]
&amp#27;[30m2020-02-08 10:21:30,105&amp#27;[0;39m &amp#27;[39mDEBUG&amp#27;[0;39m [&amp#27;[34mmain&amp#27;[0;39m] &amp#27;[33morg.hibernate.cfg.annotations.SimpleValueBinder&amp#27;[0;39m: building SimpleValue for id
&amp#27;[30m2020-02-08 10:21:30,106&amp#27;[0;39m &amp#27;[39mDEBUG&amp#27;[0;39m [&amp#27;[34mmain&amp#27;[0;39m] &amp#27;[33morg.hibernate.cfg.annotations.PropertyBinder&amp#27;[0;39m: Building property id
&amp#27;[30m2020-02-08 10:21:30,106&amp#27;[0;39m &amp#27;[39mDEBUG&amp#27;[0;39m [&amp#27;[34mmain&amp#27;[0;39m] &amp#27;[33morg.hibernate.cfg.BinderHelper&amp#27;[0;39m: #makeIdGenerator(org.hibernate.mapping.SimpleValue([org.hibernate.mapping.Column(id)]), id, identity, , ...)
&amp#27;[30m2020-02-08 10:21:30,107&amp#27;[0;39m &amp#27;[39mDEBUG&amp#27;[0;39m [&amp#27;[34mmain&amp#27;[0;39m] &amp#27;[33morg.hibernate.cfg.Ejb3Column&amp#27;[0;39m: Binding column: Ejb3Column{table=org.hibernate.mapping.Table(student), mappingColumn=null, insertable=true, updatable=true, unique=false}
&amp#27;[30m2020-02-08 10:21:30,108&amp#27;[0;39m &amp#27;[39mDEBUG&amp#27;[0;39m [&amp#27;[34mmain&amp#27;[0;39m] &amp#27;[33morg.hibernate.cfg.Ejb3Column&amp#27;[0;39m: Binding column: Ejb3Column{table=org.hibernate.mapping.Table(student), mappingColumn=element, insertable=true, updatable=true, unique=false}
&amp#27;[30m2020-02-08 10:21:30,108&amp#27;[0;39m &amp#27;[39mDEBUG&amp#27;[0;39m [&amp#27;[34mmain&amp#27;[0;39m] &amp#27;[33morg.hibernate.cfg.Ejb3Column&amp#27;[0;39m: Binding column: Ejb3Column{table=org.hibernate.mapping.Table(student), mappingColumn=courses_key, insertable=true, updatable=true, unique=false}
&amp#27;[30m2020-02-08 10:21:30,108&amp#27;[0;39m &amp#27;[39mDEBUG&amp#27;[0;39m [&amp#27;[34mmain&amp#27;[0;39m] &amp#27;[33morg.hibernate.cfg.Ejb3Column&amp#27;[0;39m: Binding column: Ejb3JoinColumn{logicalColumnName='courses_KEY', referencedColumn='null', mappedBy='null'}
&amp#27;[30m2020-02-08 10:21:30,109&amp#27;[0;39m &amp#27;[39mDEBUG&amp#27;[0;39m [&amp#27;[34mmain&amp#27;[0;39m] &amp#27;[33morg.hibernate.cfg.Ejb3Column&amp#27;[0;39m: Binding column: Ejb3JoinColumn{logicalColumnName='STUDENT_ID', referencedColumn='', mappedBy=''}
&amp#27;[30m2020-02-08 10:21:30,109&amp#27;[0;39m &amp#27;[39mDEBUG&amp#27;[0;39m [&amp#27;[34mmain&amp#27;[0;39m] &amp#27;[33morg.hibernate.cfg.Ejb3Column&amp#27;[0;39m: Binding column: Ejb3JoinColumn{logicalColumnName='COURSE_ID', referencedColumn='', mappedBy=''}
&amp#27;[30m2020-02-08 10:21:30,109&amp#27;[0;39m &amp#27;[39mDEBUG&amp#27;[0;39m [&amp#27;[34mmain&amp#27;[0;39m] &amp#27;[33morg.hibernate.cfg.annotations.CollectionBinder&amp#27;[0;39m: Collection role: in.rgukt.r081247.universityapi.entity.Student.courses
&amp#27;[30m2020-02-08 10:21:30,110&amp#27;[0;39m &amp#27;[39mDEBUG&amp#27;[0;39m [&amp#27;[34mmain&amp#27;[0;39m] &amp#27;[33morg.hibernate.cfg.annotations.PropertyBinder&amp#27;[0;39m: Building property courses
&amp#27;[30m2020-02-08 10:21:30,110&amp#27;[0;39m &amp#27;[39mDEBUG&amp#27;[0;39m [&amp#27;[34mmain&amp#27;[0;39m] &amp#27;[33morg.hibernate.cfg.Ejb3Column&amp#27;[0;39m: Binding column: Ejb3Column{table=org.hibernate.mapping.Table(student), mappingColumn=dob, insertable=true, updatable=true, unique=false}
&amp#27;[30m2020-02-08 10:21:30,110&amp#27;[0;39m &amp#27;[39mDEBUG&amp#27;[0;39m [&amp#27;[34mmain&amp#27;[0;39m] &amp#27;[33morg.hibernate.cfg.annotations.PropertyBinder&amp#27;[0;39m: MetadataSourceProcessor property dob with lazy=false
&amp#27;[30m2020-02-08 10:21:30,111&amp#27;[0;39m &amp#27;[39mDEBUG&amp#27;[0;39m [&amp#27;[34mmain&amp#27;[0;39m] &amp#27;[33morg.hibernate.cfg.AbstractPropertyHolder&amp#27;[0;39m: Attempting to locate auto-apply AttributeConverter for property [in.rgukt.r081247.universityapi.entity.Student:dob]
&amp#27;[30m2020-02-08 10:21:30,111&amp#27;[0;39m &amp#27;[39mDEBUG&amp#27;[0;39m [&amp#27;[34mmain&amp#27;[0;39m] &amp#27;[33morg.hibernate.cfg.annotations.SimpleValueBinder&amp#27;[0;39m: building SimpleValue for dob
&amp#27;[30m2020-02-08 10:21:30,112&amp#27;[0;39m &amp#27;[39mDEBUG&amp#27;[0;39m [&amp#27;[34mmain&amp#27;[0;39m] &amp#27;[33morg.hibernate.cfg.annotations.PropertyBinder&amp#27;[0;39m: Building property dob
&amp#27;[30m2020-02-08 10:21:30,112&amp#27;[0;39m &amp#27;[39mDEBUG&amp#27;[0;39m [&amp#27;[34mmain&amp#27;[0;39m] &amp#27;[33morg.hibernate.cfg.Ejb3Column&amp#27;[0;39m: Binding column: Ejb3Column{table=org.hibernate.mapping.Table(student), mappingColumn=name, insertable=true, updatable=true, unique=false}
&amp#27;[30m2020-02-08 10:21:30,113&amp#27;[0;39m &amp#27;[39mDEBUG&amp#27;[0;39m [&amp#27;[34mmain&amp#27;[0;39m] &amp#27;[33morg.hibernate.cfg.annotations.PropertyBinder&amp#27;[0;39m: MetadataSourceProcessor property name with lazy=false
&amp#27;[30m2020-02-08 10:21:30,113&amp#27;[0;39m &amp#27;[39mDEBUG&amp#27;[0;39m [&amp#27;[34mmain&amp#27;[0;39m] &amp#27;[33morg.hibernate.cfg.AbstractPropertyHolder&amp#27;[0;39m: Attempting to locate auto-apply AttributeConverter for property [in.rgukt.r081247.universityapi.entity.Student:name]
&amp#27;[30m2020-02-08 10:21:30,113&amp#27;[0;39m &amp#27;[39mDEBUG&amp#27;[0;39m [&amp#27;[34mmain&amp#27;[0;39m] &amp#27;[33morg.hibernate.cfg.annotations.SimpleValueBinder&amp#27;[0;39m: building SimpleValue for name
&amp#27;[30m2020-02-08 10:21:30,114&amp#27;[0;39m &amp#27;[39mDEBUG&amp#27;[0;39m [&amp#27;[34mmain&amp#27;[0;39m] &amp#27;[33morg.hibernate.cfg.annotations.PropertyBinder&amp#27;[0;39m: Building property name
&amp#27;[30m2020-02-08 10:21:30,115&amp#27;[0;39m &amp#27;[39mDEBUG&amp#27;[0;39m [&amp#27;[34mmain&amp#27;[0;39m] &amp#27;[33morg.hibernate.cfg.annotations.SimpleValueBinder&amp#27;[0;39m: Starting fillSimpleValue for id
&amp#27;[30m2020-02-08 10:21:30,116&amp#27;[0;39m &amp#27;[39mDEBUG&amp#27;[0;39m [&amp#27;[34mmain&amp#27;[0;39m] &amp#27;[33morg.hibernate.cfg.annotations.SimpleValueBinder&amp#27;[0;39m: Starting fillSimpleValue for name
&amp#27;[30m2020-02-08 10:21:30,116&amp#27;[0;39m &amp#27;[39mDEBUG&amp#27;[0;39m [&amp#27;[34mmain&amp#27;[0;39m] &amp#27;[33morg.hibernate.cfg.annotations.SimpleValueBinder&amp#27;[0;39m: Starting fillSimpleValue for id
&amp#27;[30m2020-02-08 10:21:30,116&amp#27;[0;39m &amp#27;[39mDEBUG&amp#27;[0;39m [&amp#27;[34mmain&amp#27;[0;39m] &amp#27;[33morg.hibernate.cfg.annotations.SimpleValueBinder&amp#27;[0;39m: Starting fillSimpleValue for name
&amp#27;[30m2020-02-08 10:21:30,117&amp#27;[0;39m &amp#27;[39mDEBUG&amp#27;[0;39m [&amp#27;[34mmain&amp#27;[0;39m] &amp#27;[33morg.hibernate.cfg.annotations.SimpleValueBinder&amp#27;[0;39m: Starting fillSimpleValue for id
&amp#27;[30m2020-02-08 10:21:30,117&amp#27;[0;39m &amp#27;[39mDEBUG&amp#27;[0;39m [&amp#27;[34mmain&amp#27;[0;39m] &amp#27;[33morg.hibernate.cfg.annotations.SimpleValueBinder&amp#27;[0;39m: Starting fillSimpleValue for dob
&amp#27;[30m2020-02-08 10:21:30,117&amp#27;[0;39m &amp#27;[39mDEBUG&amp#27;[0;39m [&amp#27;[34mmain&amp#27;[0;39m] &amp#27;[33morg.hibernate.cfg.annotations.SimpleValueBinder&amp#27;[0;39m: Starting fillSimpleValue for name
&amp#27;[30m2020-02-08 10:21:30,122&amp#27;[0;39m &amp#27;[39mDEBUG&amp#27;[0;39m [&amp#27;[34mmain&amp#27;[0;39m] &amp#27;[33morg.hibernate.mapping.PrimaryKey&amp#27;[0;39m: Forcing column [id] to be non-null as it is part of the primary key for table [course]
&amp#27;[30m2020-02-08 10:21:30,122&amp#27;[0;39m &amp#27;[39mDEBUG&amp#27;[0;39m [&amp#27;[34mmain&amp#27;[0;39m] &amp#27;[33morg.hibernate.mapping.PrimaryKey&amp#27;[0;39m: Forcing column [id] to be non-null as it is part of the primary key for table [department]
&amp#27;[30m2020-02-08 10:21:30,123&amp#27;[0;39m &amp#27;[39mDEBUG&amp#27;[0;39m [&amp#27;[34mmain&amp#27;[0;39m] &amp#27;[33morg.hibernate.mapping.PrimaryKey&amp#27;[0;39m: Forcing column [id] to be non-null as it is part of the primary key for table [student]
&amp#27;[30m2020-02-08 10:21:30,123&amp#27;[0;39m &amp#27;[39mDEBUG&amp#27;[0;39m [&amp#27;[34mmain&amp#27;[0;39m] &amp#27;[33morg.hibernate.cfg.CollectionSecondPass&amp#27;[0;39m: Second pass for collection: in.rgukt.r081247.universityapi.entity.Student.courses
&amp#27;[30m2020-02-08 10:21:30,123&amp#27;[0;39m &amp#27;[39mDEBUG&amp#27;[0;39m [&amp#27;[34mmain&amp#27;[0;39m] &amp#27;[33morg.hibernate.cfg.annotations.CollectionBinder&amp#27;[0;39m: Binding as ManyToMany: in.rgukt.r081247.universityapi.entity.Student.courses
&amp#27;[30m2020-02-08 10:21:30,127&amp#27;[0;39m &amp#27;[39mDEBUG&amp#27;[0;39m [&amp#27;[34mmain&amp#27;[0;39m] &amp#27;[33morg.hibernate.mapping.PrimaryKey&amp#27;[0;39m: Forcing column [student_id] to be non-null as it is part of the primary key for table [student_course]
&amp#27;[30m2020-02-08 10:21:30,128&amp#27;[0;39m &amp#27;[39mDEBUG&amp#27;[0;39m [&amp#27;[34mmain&amp#27;[0;39m] &amp#27;[33morg.hibernate.mapping.PrimaryKey&amp#27;[0;39m: Forcing column [course_id] to be non-null as it is part of the primary key for table [student_course]
&amp#27;[30m2020-02-08 10:21:30,128&amp#27;[0;39m &amp#27;[39mDEBUG&amp#27;[0;39m [&amp#27;[34mmain&amp#27;[0;39m] &amp#27;[33morg.hibernate.cfg.CollectionSecondPass&amp#27;[0;39m: Mapped collection key: student_id, element: course_id
&amp#27;[30m2020-02-08 10:21:30,128&amp#27;[0;39m &amp#27;[39mDEBUG&amp#27;[0;39m [&amp#27;[34mmain&amp#27;[0;39m] &amp#27;[33morg.hibernate.cfg.CollectionSecondPass&amp#27;[0;39m: Second pass for collection: in.rgukt.r081247.universityapi.entity.Course.students
&amp#27;[30m2020-02-08 10:21:30,129&amp#27;[0;39m &amp#27;[39mDEBUG&amp#27;[0;39m [&amp#27;[34mmain&amp#27;[0;39m] &amp#27;[33morg.hibernate.cfg.annotations.CollectionBinder&amp#27;[0;39m: Binding as ManyToMany: in.rgukt.r081247.universityapi.entity.Course.students
&amp#27;[30m2020-02-08 10:21:30,130&amp#27;[0;39m &amp#27;[39mDEBUG&amp#27;[0;39m [&amp#27;[34mmain&amp#27;[0;39m] &amp#27;[33morg.hibernate.cfg.annotations.TableBinder&amp#27;[0;39m: Retrieving property in.rgukt.r081247.universityapi.entity.Student.courses
&amp#27;[30m2020-02-08 10:21:30,130&amp#27;[0;39m &amp#27;[39mDEBUG&amp#27;[0;39m [&amp#27;[34mmain&amp#27;[0;39m] &amp#27;[33morg.hibernate.cfg.CollectionSecondPass&amp#27;[0;39m: Mapped collection key: course_id, element: student_id
&amp#27;[30m2020-02-08 10:21:30,131&amp#27;[0;39m &amp#27;[39mDEBUG&amp#27;[0;39m [&amp#27;[34mmain&amp#27;[0;39m] &amp#27;[33morg.hibernate.cfg.CollectionSecondPass&amp#27;[0;39m: Second pass for collection: in.rgukt.r081247.universityapi.entity.Department.courses
&amp#27;[30m2020-02-08 10:21:30,131&amp#27;[0;39m &amp#27;[39mDEBUG&amp#27;[0;39m [&amp#27;[34mmain&amp#27;[0;39m] &amp#27;[33morg.hibernate.cfg.annotations.CollectionBinder&amp#27;[0;39m: Binding a OneToMany: in.rgukt.r081247.universityapi.entity.Department.courses through a foreign key
&amp#27;[30m2020-02-08 10:21:30,132&amp#27;[0;39m &amp#27;[39mDEBUG&amp#27;[0;39m [&amp#27;[34mmain&amp#27;[0;39m] &amp#27;[33morg.hibernate.cfg.annotations.CollectionBinder&amp#27;[0;39m: Mapping collection: in.rgukt.r081247.universityapi.entity.Department.courses -> course
&amp#27;[30m2020-02-08 10:21:30,132&amp#27;[0;39m &amp#27;[39mDEBUG&amp#27;[0;39m [&amp#27;[34mmain&amp#27;[0;39m] &amp#27;[33morg.hibernate.cfg.annotations.TableBinder&amp#27;[0;39m: Retrieving property in.rgukt.r081247.universityapi.entity.Course.department
&amp#27;[30m2020-02-08 10:21:30,132&amp#27;[0;39m &amp#27;[39mDEBUG&amp#27;[0;39m [&amp#27;[34mmain&amp#27;[0;39m] &amp#27;[33morg.hibernate.cfg.CollectionSecondPass&amp#27;[0;39m: Mapped collection key: department_id, one-to-many: in.rgukt.r081247.universityapi.entity.Course
&amp#27;[30m2020-02-08 10:21:30,132&amp#27;[0;39m &amp#27;[39mDEBUG&amp#27;[0;39m [&amp#27;[34mmain&amp#27;[0;39m] &amp#27;[33morg.hibernate.boot.internal.InFlightMetadataCollectorImpl&amp#27;[0;39m: Resolving reference to class: in.rgukt.r081247.universityapi.entity.Department
&amp#27;[30m2020-02-08 10:21:30,137&amp#27;[0;39m &amp#27;[39mDEBUG&amp#27;[0;39m [&amp#27;[34mmain&amp#27;[0;39m] &amp#27;[33morg.hibernate.boot.internal.InFlightMetadataCollectorImpl&amp#27;[0;39m: Resolving reference to class: in.rgukt.r081247.universityapi.entity.Course
&amp#27;[30m2020-02-08 10:21:30,137&amp#27;[0;39m &amp#27;[39mDEBUG&amp#27;[0;39m [&amp#27;[34mmain&amp#27;[0;39m] &amp#27;[33morg.hibernate.boot.internal.InFlightMetadataCollectorImpl&amp#27;[0;39m: Resolving reference to class: in.rgukt.r081247.universityapi.entity.Student
&amp#27;[30m2020-02-08 10:21:30,139&amp#27;[0;39m &amp#27;[39mDEBUG&amp#27;[0;39m [&amp#27;[34mmain&amp#27;[0;39m] &amp#27;[33morg.hibernate.boot.internal.InFlightMetadataCollectorImpl&amp#27;[0;39m: Resolving reference to class: in.rgukt.r081247.universityapi.entity.Department
&amp#27;[30m2020-02-08 10:21:30,140&amp#27;[0;39m &amp#27;[39mDEBUG&amp#27;[0;39m [&amp#27;[34mmain&amp#27;[0;39m] &amp#27;[33morg.hibernate.boot.internal.InFlightMetadataCollectorImpl&amp#27;[0;39m: Resolving reference to class: in.rgukt.r081247.universityapi.entity.Course
&amp#27;[30m2020-02-08 10:21:30,140&amp#27;[0;39m &amp#27;[39mDEBUG&amp#27;[0;39m [&amp#27;[34mmain&amp#27;[0;39m] &amp#27;[33morg.hibernate.boot.internal.InFlightMetadataCollectorImpl&amp#27;[0;39m: Resolving reference to class: in.rgukt.r081247.universityapi.entity.Student
&amp#27;[30m2020-02-08 10:21:30,223&amp#27;[0;39m &amp#27;[39mDEBUG&amp#27;[0;39m [&amp#27;[34mmain&amp#27;[0;39m] &amp#27;[33morg.hibernate.internal.SessionFactoryImpl&amp#27;[0;39m: Building session factory
&amp#27;[30m2020-02-08 10:21:30,226&amp#27;[0;39m &amp#27;[39mDEBUG&amp#27;[0;39m [&amp#27;[34mmain&amp#27;[0;39m] &amp#27;[33morg.hibernate.cfg.Settings&amp#27;[0;39m: SessionFactory name : null
&amp#27;[30m2020-02-08 10:21:30,226&amp#27;[0;39m &amp#27;[39mDEBUG&amp#27;[0;39m [&amp#27;[34mmain&amp#27;[0;39m] &amp#27;[33morg.hibernate.cfg.Settings&amp#27;[0;39m: Automatic flush during beforeCompletion(): enabled
&amp#27;[30m2020-02-08 10:21:30,226&amp#27;[0;39m &amp#27;[39mDEBUG&amp#27;[0;39m [&amp#27;[34mmain&amp#27;[0;39m] &amp#27;[33morg.hibernate.cfg.Settings&amp#27;[0;39m: Automatic session close at end of transaction: disabled
&amp#27;[30m2020-02-08 10:21:30,227&amp#27;[0;39m &amp#27;[39mDEBUG&amp#27;[0;39m [&amp#27;[34mmain&amp#27;[0;39m] &amp#27;[33morg.hibernate.cfg.Settings&amp#27;[0;39m: Statistics: disabled
&amp#27;[30m2020-02-08 10:21:30,227&amp#27;[0;39m &amp#27;[39mDEBUG&amp#27;[0;39m [&amp#27;[34mmain&amp#27;[0;39m] &amp#27;[33morg.hibernate.cfg.Settings&amp#27;[0;39m: Deleted entity synthetic identifier rollback: disabled
&amp#27;[30m2020-02-08 10:21:30,227&amp#27;[0;39m &amp#27;[39mDEBUG&amp#27;[0;39m [&amp#27;[34mmain&amp#27;[0;39m] &amp#27;[33morg.hibernate.cfg.Settings&amp#27;[0;39m: Default entity-mode: pojo
&amp#27;[30m2020-02-08 10:21:30,230&amp#27;[0;39m &amp#27;[39mDEBUG&amp#27;[0;39m [&amp#27;[34mmain&amp#27;[0;39m] &amp#27;[33morg.hibernate.cfg.Settings&amp#27;[0;39m: Check Nullability in Core (should be disabled when Bean Validation is on): enabled
&amp#27;[30m2020-02-08 10:21:30,231&amp#27;[0;39m &amp#27;[39mDEBUG&amp#27;[0;39m [&amp#27;[34mmain&amp#27;[0;39m] &amp#27;[33morg.hibernate.cfg.Settings&amp#27;[0;39m: Allow initialization of lazy state outside session : disabled
&amp#27;[30m2020-02-08 10:21:30,231&amp#27;[0;39m &amp#27;[39mDEBUG&amp#27;[0;39m [&amp#27;[34mmain&amp#27;[0;39m] &amp#27;[33morg.hibernate.cfg.Settings&amp#27;[0;39m: Using BatchFetchStyle : LEGACY
&amp#27;[30m2020-02-08 10:21:30,231&amp#27;[0;39m &amp#27;[39mDEBUG&amp#27;[0;39m [&amp#27;[34mmain&amp#27;[0;39m] &amp#27;[33morg.hibernate.cfg.Settings&amp#27;[0;39m: Default batch fetch size: -1
&amp#27;[30m2020-02-08 10:21:30,234&amp#27;[0;39m &amp#27;[39mDEBUG&amp#27;[0;39m [&amp#27;[34mmain&amp#27;[0;39m] &amp#27;[33morg.hibernate.cfg.Settings&amp#27;[0;39m: Maximum outer join fetch depth: null
&amp#27;[30m2020-02-08 10:21:30,235&amp#27;[0;39m &amp#27;[39mDEBUG&amp#27;[0;39m [&amp#27;[34mmain&amp#27;[0;39m] &amp#27;[33morg.hibernate.cfg.Settings&amp#27;[0;39m: Default null ordering: NONE
&amp#27;[30m2020-02-08 10:21:30,237&amp#27;[0;39m &amp#27;[39mDEBUG&amp#27;[0;39m [&amp#27;[34mmain&amp#27;[0;39m] &amp#27;[33morg.hibernate.cfg.Settings&amp#27;[0;39m: Order SQL updates by primary key: disabled
&amp#27;[30m2020-02-08 10:21:30,238&amp#27;[0;39m &amp#27;[39mDEBUG&amp#27;[0;39m [&amp#27;[34mmain&amp#27;[0;39m] &amp#27;[33morg.hibernate.cfg.Settings&amp#27;[0;39m: Order SQL inserts for batching: disabled
&amp#27;[30m2020-02-08 10:21:30,238&amp#27;[0;39m &amp#27;[39mDEBUG&amp#27;[0;39m [&amp#27;[34mmain&amp#27;[0;39m] &amp#27;[33morg.hibernate.cfg.Settings&amp#27;[0;39m: multi-tenancy strategy : NONE
&amp#27;[30m2020-02-08 10:21:30,240&amp#27;[0;39m &amp#27;[39mDEBUG&amp#27;[0;39m [&amp#27;[34mmain&amp#27;[0;39m] &amp#27;[33morg.hibernate.cfg.Settings&amp#27;[0;39m: JTA Track by Thread: enabled
&amp#27;[30m2020-02-08 10:21:30,241&amp#27;[0;39m &amp#27;[39mDEBUG&amp#27;[0;39m [&amp#27;[34mmain&amp#27;[0;39m] &amp#27;[33morg.hibernate.cfg.Settings&amp#27;[0;39m: Query language substitutions: {}
&amp#27;[30m2020-02-08 10:21:30,241&amp#27;[0;39m &amp#27;[39mDEBUG&amp#27;[0;39m [&amp#27;[34mmain&amp#27;[0;39m] &amp#27;[33morg.hibernate.cfg.Settings&amp#27;[0;39m: Named query checking : enabled
&amp#27;[30m2020-02-08 10:21:30,241&amp#27;[0;39m &amp#27;[39mDEBUG&amp#27;[0;39m [&amp#27;[34mmain&amp#27;[0;39m] &amp#27;[33morg.hibernate.cfg.Settings&amp#27;[0;39m: Second-level cache: disabled
&amp#27;[30m2020-02-08 10:21:30,241&amp#27;[0;39m &amp#27;[39mDEBUG&amp#27;[0;39m [&amp#27;[34mmain&amp#27;[0;39m] &amp#27;[33morg.hibernate.cfg.Settings&amp#27;[0;39m: Second-level query cache: disabled
&amp#27;[30m2020-02-08 10:21:30,245&amp#27;[0;39m &amp#27;[39mDEBUG&amp#27;[0;39m [&amp#27;[34mmain&amp#27;[0;39m] &amp#27;[33morg.hibernate.cfg.Settings&amp#27;[0;39m: Second-level query cache factory: null
&amp#27;[30m2020-02-08 10:21:30,247&amp#27;[0;39m &amp#27;[39mDEBUG&amp#27;[0;39m [&amp#27;[34mmain&amp#27;[0;39m] &amp#27;[33morg.hibernate.cfg.Settings&amp#27;[0;39m: Second-level cache region prefix: null
&amp#27;[30m2020-02-08 10:21:30,248&amp#27;[0;39m &amp#27;[39mDEBUG&amp#27;[0;39m [&amp#27;[34mmain&amp#27;[0;39m] &amp#27;[33morg.hibernate.cfg.Settings&amp#27;[0;39m: Optimize second-level cache for minimal puts: disabled
&amp#27;[30m2020-02-08 10:21:30,248&amp#27;[0;39m &amp#27;[39mDEBUG&amp#27;[0;39m [&amp#27;[34mmain&amp#27;[0;39m] &amp#27;[33morg.hibernate.cfg.Settings&amp#27;[0;39m: Structured second-level cache entries: disabled
&amp#27;[30m2020-02-08 10:21:30,249&amp#27;[0;39m &amp#27;[39mDEBUG&amp#27;[0;39m [&amp#27;[34mmain&amp#27;[0;39m] &amp#27;[33morg.hibernate.cfg.Settings&amp#27;[0;39m: Second-level cache direct-reference entries: disabled
&amp#27;[30m2020-02-08 10:21:30,249&amp#27;[0;39m &amp#27;[39mDEBUG&amp#27;[0;39m [&amp#27;[34mmain&amp#27;[0;39m] &amp#27;[33morg.hibernate.cfg.Settings&amp#27;[0;39m: Automatic eviction of collection cache: disabled
&amp#27;[30m2020-02-08 10:21:30,249&amp#27;[0;39m &amp#27;[39mDEBUG&amp#27;[0;39m [&amp#27;[34mmain&amp#27;[0;39m] &amp#27;[33morg.hibernate.cfg.Settings&amp#27;[0;39m: JDBC batch size: 15
&amp#27;[30m2020-02-08 10:21:30,250&amp#27;[0;39m &amp#27;[39mDEBUG&amp#27;[0;39m [&amp#27;[34mmain&amp#27;[0;39m] &amp#27;[33morg.hibernate.cfg.Settings&amp#27;[0;39m: JDBC batch updates for versioned data: enabled
&amp#27;[30m2020-02-08 10:21:30,250&amp#27;[0;39m &amp#27;[39mDEBUG&amp#27;[0;39m [&amp#27;[34mmain&amp#27;[0;39m] &amp#27;[33morg.hibernate.cfg.Settings&amp#27;[0;39m: Scrollable result sets: enabled
&amp#27;[30m2020-02-08 10:21:30,250&amp#27;[0;39m &amp#27;[39mDEBUG&amp#27;[0;39m [&amp#27;[34mmain&amp#27;[0;39m] &amp#27;[33morg.hibernate.cfg.Settings&amp#27;[0;39m: Wrap result sets: disabled
&amp#27;[30m2020-02-08 10:21:30,251&amp#27;[0;39m &amp#27;[39mDEBUG&amp#27;[0;39m [&amp#27;[34mmain&amp#27;[0;39m] &amp#27;[33morg.hibernate.cfg.Settings&amp#27;[0;39m: JDBC3 getGeneratedKeys(): enabled
&amp#27;[30m2020-02-08 10:21:30,251&amp#27;[0;39m &amp#27;[39mDEBUG&amp#27;[0;39m [&amp#27;[34mmain&amp#27;[0;39m] &amp#27;[33morg.hibernate.cfg.Settings&amp#27;[0;39m: JDBC result set fetch size: null
&amp#27;[30m2020-02-08 10:21:30,251&amp#27;[0;39m &amp#27;[39mDEBUG&amp#27;[0;39m [&amp#27;[34mmain&amp#27;[0;39m] &amp#27;[33morg.hibernate.cfg.Settings&amp#27;[0;39m: Connection release mode: ON_CLOSE
&amp#27;[30m2020-02-08 10:21:30,251&amp#27;[0;39m &amp#27;[39mDEBUG&amp#27;[0;39m [&amp#27;[34mmain&amp#27;[0;39m] &amp#27;[33morg.hibernate.cfg.Settings&amp#27;[0;39m: Generate SQL with comments: disabled
&amp#27;[30m2020-02-08 10:21:30,252&amp#27;[0;39m &amp#27;[39mDEBUG&amp#27;[0;39m [&amp#27;[34mmain&amp#27;[0;39m] &amp#27;[33morg.hibernate.cfg.Settings&amp#27;[0;39m: JPA compliance - query : 
&amp#27;[30m2020-02-08 10:21:30,252&amp#27;[0;39m &amp#27;[39mDEBUG&amp#27;[0;39m [&amp#27;[34mmain&amp#27;[0;39m] &amp#27;[33morg.hibernate.cfg.Settings&amp#27;[0;39m: JPA compliance - closed-handling : 
&amp#27;[30m2020-02-08 10:21:30,252&amp#27;[0;39m &amp#27;[39mDEBUG&amp#27;[0;39m [&amp#27;[34mmain&amp#27;[0;39m] &amp#27;[33morg.hibernate.cfg.Settings&amp#27;[0;39m: JPA compliance - lists : 
&amp#27;[30m2020-02-08 10:21:30,252&amp#27;[0;39m &amp#27;[39mDEBUG&amp#27;[0;39m [&amp#27;[34mmain&amp#27;[0;39m] &amp#27;[33morg.hibernate.cfg.Settings&amp#27;[0;39m: JPA compliance - transactions : 
&amp#27;[30m2020-02-08 10:21:30,410&amp#27;[0;39m &amp#27;[39mDEBUG&amp#27;[0;39m [&amp#27;[34mmain&amp#27;[0;39m] &amp#27;[33morg.hibernate.internal.SessionFactoryImpl&amp#27;[0;39m: Session factory constructed with filter configurations : {}
&amp#27;[30m2020-02-08 10:21:30,410&amp#27;[0;39m &amp#27;[39mDEBUG&amp#27;[0;39m [&amp#27;[34mmain&amp#27;[0;39m] &amp#27;[33morg.hibernate.internal.SessionFactoryImpl&amp#27;[0;39m: Instantiating session factory with properties: {sun.desktop=gnome, awt.toolkit=sun.awt.X11.XToolkit, hibernate.format_sql=true, hibernate.id.new_generator_mappings=true, java.specification.version=11, sun.cpu.isalist=, hibernate.resource.beans.container=org.springframework.orm.hibernate5.SpringBeanContainer@573a078, hibernate.connection.handling_mode=DELAYED_ACQUISITION_AND_HOLD, sun.jnu.encoding=UTF-8, hibernate.dialect=org.hibernate.dialect.H2Dialect, hibernate.implicit_naming_strategy=org.springframework.boot.orm.jpa.hibernate.SpringImplicitNamingStrategy, java.class.path=/home/vinod/Desktop/desk/projects/universityapi/target/test-classes:/home/vinod/Desktop/desk/projects/universityapi/target/classes:/home/vinod/.m2/repository/org/springframework/boot/spring-boot-starter-data-jpa/2.1.5.RELEASE/spring-boot-starter-data-jpa-2.1.5.RELEASE.jar:/home/vinod/.m2/repository/org/springframework/boot/spring-boot-starter-aop/2.1.5.RELEASE/spring-boot-starter-aop-2.1.5.RELEASE.jar:/home/vinod/.m2/repository/org/aspectj/aspectjweaver/1.9.4/aspectjweaver-1.9.4.jar:/home/vinod/.m2/repository/org/springframework/boot/spring-boot-starter-jdbc/2.1.5.RELEASE/spring-boot-starter-jdbc-2.1.5.RELEASE.jar:/home/vinod/.m2/repository/com/zaxxer/HikariCP/3.2.0/HikariCP-3.2.0.jar:/home/vinod/.m2/repository/org/springframework/spring-jdbc/5.1.7.RELEASE/spring-jdbc-5.1.7.RELEASE.jar:/home/vinod/.m2/repository/javax/transaction/javax.transaction-api/1.3/javax.transaction-api-1.3.jar:/home/vinod/.m2/repository/javax/xml/bind/jaxb-api/2.3.1/jaxb-api-2.3.1.jar:/home/vinod/.m2/repository/javax/activation/javax.activation-api/1.2.0/javax.activation-api-1.2.0.jar:/home/vinod/.m2/repository/org/hibernate/hibernate-core/5.3.10.Final/hibernate-core-5.3.10.Final.jar:/home/vinod/.m2/repository/org/jboss/logging/jboss-logging/3.3.2.Final/jboss-logging-3.3.2.Final.jar:/home/vinod/.m2/repository/javax/persistence/javax.persistence-api/2.2/javax.persistence-api-2.2.jar:/home/vinod/.m2/repository/org/javassist/javassist/3.23.2-GA/javassist-3.23.2-GA.jar:/home/vinod/.m2/repository/net/bytebuddy/byte-buddy/1.9.12/byte-buddy-1.9.12.jar:/home/vinod/.m2/repository/antlr/antlr/2.7.7/antlr-2.7.7.jar:/home/vinod/.m2/repository/org/jboss/jandex/2.0.5.Final/jandex-2.0.5.Final.jar:/home/vinod/.m2/repository/com/fasterxml/classmate/1.4.0/classmate-1.4.0.jar:/home/vinod/.m2/repository/org/dom4j/dom4j/2.1.1/dom4j-2.1.1.jar:/home/vinod/.m2/repository/org/hibernate/common/hibernate-commons-annotations/5.0.4.Final/hibernate-commons-annotations-5.0.4.Final.jar:/home/vinod/.m2/repository/org/springframework/data/spring-data-jpa/2.1.8.RELEASE/spring-data-jpa-2.1.8.RELEASE.jar:/home/vinod/.m2/repository/org/springframework/data/spring-data-commons/2.1.8.RELEASE/spring-data-commons-2.1.8.RELEASE.jar:/home/vinod/.m2/repository/org/springframework/spring-orm/5.1.7.RELEASE/spring-orm-5.1.7.RELEASE.jar:/home/vinod/.m2/repository/org/springframework/spring-context/5.1.7.RELEASE/spring-context-5.1.7.RELEASE.jar:/home/vinod/.m2/repository/org/springframework/spring-tx/5.1.7.RELEASE/spring-tx-5.1.7.RELEASE.jar:/home/vinod/.m2/repository/org/springframework/spring-beans/5.1.7.RELEASE/spring-beans-5.1.7.RELEASE.jar:/home/vinod/.m2/repository/org/slf4j/slf4j-api/1.7.26/slf4j-api-1.7.26.jar:/home/vinod/.m2/repository/org/springframework/spring-aspects/5.1.7.RELEASE/spring-aspects-5.1.7.RELEASE.jar:/home/vinod/.m2/repository/org/springframework/boot/spring-boot-starter-security/2.1.5.RELEASE/spring-boot-starter-security-2.1.5.RELEASE.jar:/home/vinod/.m2/repository/org/springframework/boot/spring-boot-starter/2.1.5.RELEASE/spring-boot-starter-2.1.5.RELEASE.jar:/home/vinod/.m2/repository/org/springframework/boot/spring-boot-starter-logging/2.1.5.RELEASE/spring-boot-starter-logging-2.1.5.RELEASE.jar:/home/vinod/.m2/repository/ch/qos/logback/logback-classic/1.2.3/logback-classic-1.2.3.jar:/home/vinod/.m2/repository/ch/qos/logback/logback-core/1.2.3/logback-core-1.2.3.jar:/home/vinod/.m2/repository/org/apache/logging/log4j/log4j-to-slf4j/2.11.2/log4j-to-slf4j-2.11.2.jar:/home/vinod/.m2/repository/org/apache/logging/log4j/log4j-api/2.11.2/log4j-api-2.11.2.jar:/home/vinod/.m2/repository/org/slf4j/jul-to-slf4j/1.7.26/jul-to-slf4j-1.7.26.jar:/home/vinod/.m2/repository/javax/annotation/javax.annotation-api/1.3.2/javax.annotation-api-1.3.2.jar:/home/vinod/.m2/repository/org/yaml/snakeyaml/1.23/snakeyaml-1.23.jar:/home/vinod/.m2/repository/org/springframework/spring-aop/5.1.7.RELEASE/spring-aop-5.1.7.RELEASE.jar:/home/vinod/.m2/repository/org/springframework/security/spring-security-config/5.1.5.RELEASE/spring-security-config-5.1.5.RELEASE.jar:/home/vinod/.m2/repository/org/springframework/security/spring-security-web/5.1.5.RELEASE/spring-security-web-5.1.5.RELEASE.jar:/home/vinod/.m2/repository/org/springframework/spring-expression/5.1.7.RELEASE/spring-expression-5.1.7.RELEASE.jar:/home/vinod/.m2/repository/org/springframework/boot/spring-boot-starter-web/2.1.5.RELEASE/spring-boot-starter-web-2.1.5.RELEASE.jar:/home/vinod/.m2/repository/org/springframework/boot/spring-boot-starter-json/2.1.5.RELEASE/spring-boot-starter-json-2.1.5.RELEASE.jar:/home/vinod/.m2/repository/com/fasterxml/jackson/core/jackson-databind/2.9.8/jackson-databind-2.9.8.jar:/home/vinod/.m2/repository/com/fasterxml/jackson/core/jackson-annotations/2.9.0/jackson-annotations-2.9.0.jar:/home/vinod/.m2/repository/com/fasterxml/jackson/core/jackson-core/2.9.8/jackson-core-2.9.8.jar:/home/vinod/.m2/repository/com/fasterxml/jackson/datatype/jackson-datatype-jdk8/2.9.8/jackson-datatype-jdk8-2.9.8.jar:/home/vinod/.m2/repository/com/fasterxml/jackson/datatype/jackson-datatype-jsr310/2.9.8/jackson-datatype-jsr310-2.9.8.jar:/home/vinod/.m2/repository/com/fasterxml/jackson/module/jackson-module-parameter-names/2.9.8/jackson-module-parameter-names-2.9.8.jar:/home/vinod/.m2/repository/org/springframework/boot/spring-boot-starter-tomcat/2.1.5.RELEASE/spring-boot-starter-tomcat-2.1.5.RELEASE.jar:/home/vinod/.m2/repository/org/apache/tomcat/embed/tomcat-embed-core/9.0.19/tomcat-embed-core-9.0.19.jar:/home/vinod/.m2/repository/org/apache/tomcat/embed/tomcat-embed-el/9.0.19/tomcat-embed-el-9.0.19.jar:/home/vinod/.m2/repository/org/apache/tomcat/embed/tomcat-embed-websocket/9.0.19/tomcat-embed-websocket-9.0.19.jar:/home/vinod/.m2/repository/org/hibernate/validator/hibernate-validator/6.0.16.Final/hibernate-validator-6.0.16.Final.jar:/home/vinod/.m2/repository/javax/validation/validation-api/2.0.1.Final/validation-api-2.0.1.Final.jar:/home/vinod/.m2/repository/org/springframework/spring-web/5.1.7.RELEASE/spring-web-5.1.7.RELEASE.jar:/home/vinod/.m2/repository/org/springframework/spring-webmvc/5.1.7.RELEASE/spring-webmvc-5.1.7.RELEASE.jar:/home/vinod/.m2/repository/mysql/mysql-connector-java/8.0.16/mysql-connector-java-8.0.16.jar:/home/vinod/.m2/repository/org/springframework/boot/spring-boot-starter-test/2.1.5.RELEASE/spring-boot-starter-test-2.1.5.RELEASE.jar:/home/vinod/.m2/repository/org/springframework/boot/spring-boot-test/2.1.5.RELEASE/spring-boot-test-2.1.5.RELEASE.jar:/home/vinod/.m2/repository/org/springframework/boot/spring-boot-test-autoconfigure/2.1.5.RELEASE/spring-boot-test-autoconfigure-2.1.5.RELEASE.jar:/home/vinod/.m2/repository/com/jayway/jsonpath/json-path/2.4.0/json-path-2.4.0.jar:/home/vinod/.m2/repository/net/minidev/json-smart/2.3/json-smart-2.3.jar:/home/vinod/.m2/repository/net/minidev/accessors-smart/1.2/accessors-smart-1.2.jar:/home/vinod/.m2/repository/org/ow2/asm/asm/5.0.4/asm-5.0.4.jar:/home/vinod/.m2/repository/junit/junit/4.12/junit-4.12.jar:/home/vinod/.m2/repository/org/assertj/assertj-core/3.11.1/assertj-core-3.11.1.jar:/home/vinod/.m2/repository/org/mockito/mockito-core/2.23.4/mockito-core-2.23.4.jar:/home/vinod/.m2/repository/net/bytebuddy/byte-buddy-agent/1.9.12/byte-buddy-agent-1.9.12.jar:/home/vinod/.m2/repository/org/objenesis/objenesis/2.6/objenesis-2.6.jar:/home/vinod/.m2/repository/org/hamcrest/hamcrest-core/1.3/hamcrest-core-1.3.jar:/home/vinod/.m2/repository/org/hamcrest/hamcrest-library/1.3/hamcrest-library-1.3.jar:/home/vinod/.m2/repository/org/skyscreamer/jsonassert/1.5.0/jsonassert-1.5.0.jar:/home/vinod/.m2/repository/com/vaadin/external/google/android-json/0.0.20131108.vaadin1/android-json-0.0.20131108.vaadin1.jar:/home/vinod/.m2/repository/org/springframework/spring-core/5.1.7.RELEASE/spring-core-5.1.7.RELEASE.jar:/home/vinod/.m2/repository/org/springframework/spring-jcl/5.1.7.RELEASE/spring-jcl-5.1.7.RELEASE.jar:/home/vinod/.m2/repository/org/springframework/spring-test/5.1.7.RELEASE/spring-test-5.1.7.RELEASE.jar:/home/vinod/.m2/repository/org/xmlunit/xmlunit-core/2.6.2/xmlunit-core-2.6.2.jar:/home/vinod/.m2/repository/com/h2database/h2/1.4.199/h2-1.4.199.jar:/home/vinod/.m2/repository/org/springframework/security/spring-security-test/5.1.5.RELEASE/spring-security-test-5.1.5.RELEASE.jar:/home/vinod/.m2/repository/org/springframework/security/spring-security-core/5.1.5.RELEASE/spring-security-core-5.1.5.RELEASE.jar:/home/vinod/.m2/repository/org/springframework/boot/spring-boot-devtools/2.1.5.RELEASE/spring-boot-devtools-2.1.5.RELEASE.jar:/home/vinod/.m2/repository/org/springframework/boot/spring-boot/2.1.5.RELEASE/spring-boot-2.1.5.RELEASE.jar:/home/vinod/.m2/repository/org/springframework/boot/spring-boot-autoconfigure/2.1.5.RELEASE/spring-boot-autoconfigure-2.1.5.RELEASE.jar:, java.vm.vendor=AdoptOpenJDK, sun.arch.data.model=64, java.vendor.url=https://adoptopenjdk.net/, user.timezone=Asia/Kolkata, os.name=Linux, java.vm.specification.version=11, javax.persistence.validation.mode=AUTO, sun.java.launcher=SUN_STANDARD, user.country=IN, sun.boot.library.path=/home/vinod/.sdkman/candidates/java/11.0.4.hs-adpt/lib, sun.java.command=/home/vinod/Desktop/desk/projects/universityapi/target/surefire/surefirebooter9337132622826742852.jar /home/vinod/Desktop/desk/projects/universityapi/target/surefire 2020-02-08T10-21-20_114-jvmRun1 surefire10272446337612567938tmp surefire_012652112760342641946tmp, hibernate.transaction.jta.platform=org.hibernate.engine.transaction.jta.platform.internal.NoJtaPlatform@28f05b0c, javax.persistence.sharedCache.mode=UNSPECIFIED, jdk.debug=release, surefire.test.class.path=/home/vinod/Desktop/desk/projects/universityapi/target/test-classes:/home/vinod/Desktop/desk/projects/universityapi/target/classes:/home/vinod/.m2/repository/org/springframework/boot/spring-boot-starter-data-jpa/2.1.5.RELEASE/spring-boot-starter-data-jpa-2.1.5.RELEASE.jar:/home/vinod/.m2/repository/org/springframework/boot/spring-boot-starter-aop/2.1.5.RELEASE/spring-boot-starter-aop-2.1.5.RELEASE.jar:/home/vinod/.m2/repository/org/aspectj/aspectjweaver/1.9.4/aspectjweaver-1.9.4.jar:/home/vinod/.m2/repository/org/springframework/boot/spring-boot-starter-jdbc/2.1.5.RELEASE/spring-boot-starter-jdbc-2.1.5.RELEASE.jar:/home/vinod/.m2/repository/com/zaxxer/HikariCP/3.2.0/HikariCP-3.2.0.jar:/home/vinod/.m2/repository/org/springframework/spring-jdbc/5.1.7.RELEASE/spring-jdbc-5.1.7.RELEASE.jar:/home/vinod/.m2/repository/javax/transaction/javax.transaction-api/1.3/javax.transaction-api-1.3.jar:/home/vinod/.m2/repository/javax/xml/bind/jaxb-api/2.3.1/jaxb-api-2.3.1.jar:/home/vinod/.m2/repository/javax/activation/javax.activation-api/1.2.0/javax.activation-api-1.2.0.jar:/home/vinod/.m2/repository/org/hibernate/hibernate-core/5.3.10.Final/hibernate-core-5.3.10.Final.jar:/home/vinod/.m2/repository/org/jboss/logging/jboss-logging/3.3.2.Final/jboss-logging-3.3.2.Final.jar:/home/vinod/.m2/repository/javax/persistence/javax.persistence-api/2.2/javax.persistence-api-2.2.jar:/home/vinod/.m2/repository/org/javassist/javassist/3.23.2-GA/javassist-3.23.2-GA.jar:/home/vinod/.m2/repository/net/bytebuddy/byte-buddy/1.9.12/byte-buddy-1.9.12.jar:/home/vinod/.m2/repository/antlr/antlr/2.7.7/antlr-2.7.7.jar:/home/vinod/.m2/repository/org/jboss/jandex/2.0.5.Final/jandex-2.0.5.Final.jar:/home/vinod/.m2/repository/com/fasterxml/classmate/1.4.0/classmate-1.4.0.jar:/home/vinod/.m2/repository/org/dom4j/dom4j/2.1.1/dom4j-2.1.1.jar:/home/vinod/.m2/repository/org/hibernate/common/hibernate-commons-annotations/5.0.4.Final/hibernate-commons-annotations-5.0.4.Final.jar:/home/vinod/.m2/repository/org/springframework/data/spring-data-jpa/2.1.8.RELEASE/spring-data-jpa-2.1.8.RELEASE.jar:/home/vinod/.m2/repository/org/springframework/data/spring-data-commons/2.1.8.RELEASE/spring-data-commons-2.1.8.RELEASE.jar:/home/vinod/.m2/repository/org/springframework/spring-orm/5.1.7.RELEASE/spring-orm-5.1.7.RELEASE.jar:/home/vinod/.m2/repository/org/springframework/spring-context/5.1.7.RELEASE/spring-context-5.1.7.RELEASE.jar:/home/vinod/.m2/repository/org/springframework/spring-tx/5.1.7.RELEASE/spring-tx-5.1.7.RELEASE.jar:/home/vinod/.m2/repository/org/springframework/spring-beans/5.1.7.RELEASE/spring-beans-5.1.7.RELEASE.jar:/home/vinod/.m2/repository/org/slf4j/slf4j-api/1.7.26/slf4j-api-1.7.26.jar:/home/vinod/.m2/repository/org/springframework/spring-aspects/5.1.7.RELEASE/spring-aspects-5.1.7.RELEASE.jar:/home/vinod/.m2/repository/org/springframework/boot/spring-boot-starter-security/2.1.5.RELEASE/spring-boot-starter-security-2.1.5.RELEASE.jar:/home/vinod/.m2/repository/org/springframework/boot/spring-boot-starter/2.1.5.RELEASE/spring-boot-starter-2.1.5.RELEASE.jar:/home/vinod/.m2/repository/org/springframework/boot/spring-boot-starter-logging/2.1.5.RELEASE/spring-boot-starter-logging-2.1.5.RELEASE.jar:/home/vinod/.m2/repository/ch/qos/logback/logback-classic/1.2.3/logback-classic-1.2.3.jar:/home/vinod/.m2/repository/ch/qos/logback/logback-core/1.2.3/logback-core-1.2.3.jar:/home/vinod/.m2/repository/org/apache/logging/log4j/log4j-to-slf4j/2.11.2/log4j-to-slf4j-2.11.2.jar:/home/vinod/.m2/repository/org/apache/logging/log4j/log4j-api/2.11.2/log4j-api-2.11.2.jar:/home/vinod/.m2/repository/org/slf4j/jul-to-slf4j/1.7.26/jul-to-slf4j-1.7.26.jar:/home/vinod/.m2/repository/javax/annotation/javax.annotation-api/1.3.2/javax.annotation-api-1.3.2.jar:/home/vinod/.m2/repository/org/yaml/snakeyaml/1.23/snakeyaml-1.23.jar:/home/vinod/.m2/repository/org/springframework/spring-aop/5.1.7.RELEASE/spring-aop-5.1.7.RELEASE.jar:/home/vinod/.m2/repository/org/springframework/security/spring-security-config/5.1.5.RELEASE/spring-security-config-5.1.5.RELEASE.jar:/home/vinod/.m2/repository/org/springframework/security/spring-security-web/5.1.5.RELEASE/spring-security-web-5.1.5.RELEASE.jar:/home/vinod/.m2/repository/org/springframework/spring-expression/5.1.7.RELEASE/spring-expression-5.1.7.RELEASE.jar:/home/vinod/.m2/repository/org/springframework/boot/spring-boot-starter-web/2.1.5.RELEASE/spring-boot-starter-web-2.1.5.RELEASE.jar:/home/vinod/.m2/repository/org/springframework/boot/spring-boot-starter-json/2.1.5.RELEASE/spring-boot-starter-json-2.1.5.RELEASE.jar:/home/vinod/.m2/repository/com/fasterxml/jackson/core/jackson-databind/2.9.8/jackson-databind-2.9.8.jar:/home/vinod/.m2/repository/com/fasterxml/jackson/core/jackson-annotations/2.9.0/jackson-annotations-2.9.0.jar:/home/vinod/.m2/repository/com/fasterxml/jackson/core/jackson-core/2.9.8/jackson-core-2.9.8.jar:/home/vinod/.m2/repository/com/fasterxml/jackson/datatype/jackson-datatype-jdk8/2.9.8/jackson-datatype-jdk8-2.9.8.jar:/home/vinod/.m2/repository/com/fasterxml/jackson/datatype/jackson-datatype-jsr310/2.9.8/jackson-datatype-jsr310-2.9.8.jar:/home/vinod/.m2/repository/com/fasterxml/jackson/module/jackson-module-parameter-names/2.9.8/jackson-module-parameter-names-2.9.8.jar:/home/vinod/.m2/repository/org/springframework/boot/spring-boot-starter-tomcat/2.1.5.RELEASE/spring-boot-starter-tomcat-2.1.5.RELEASE.jar:/home/vinod/.m2/repository/org/apache/tomcat/embed/tomcat-embed-core/9.0.19/tomcat-embed-core-9.0.19.jar:/home/vinod/.m2/repository/org/apache/tomcat/embed/tomcat-embed-el/9.0.19/tomcat-embed-el-9.0.19.jar:/home/vinod/.m2/repository/org/apache/tomcat/embed/tomcat-embed-websocket/9.0.19/tomcat-embed-websocket-9.0.19.jar:/home/vinod/.m2/repository/org/hibernate/validator/hibernate-validator/6.0.16.Final/hibernate-validator-6.0.16.Final.jar:/home/vinod/.m2/repository/javax/validation/validation-api/2.0.1.Final/validation-api-2.0.1.Final.jar:/home/vinod/.m2/repository/org/springframework/spring-web/5.1.7.RELEASE/spring-web-5.1.7.RELEASE.jar:/home/vinod/.m2/repository/org/springframework/spring-webmvc/5.1.7.RELEASE/spring-webmvc-5.1.7.RELEASE.jar:/home/vinod/.m2/repository/mysql/mysql-connector-java/8.0.16/mysql-connector-java-8.0.16.jar:/home/vinod/.m2/repository/org/springframework/boot/spring-boot-starter-test/2.1.5.RELEASE/spring-boot-starter-test-2.1.5.RELEASE.jar:/home/vinod/.m2/repository/org/springframework/boot/spring-boot-test/2.1.5.RELEASE/spring-boot-test-2.1.5.RELEASE.jar:/home/vinod/.m2/repository/org/springframework/boot/spring-boot-test-autoconfigure/2.1.5.RELEASE/spring-boot-test-autoconfigure-2.1.5.RELEASE.jar:/home/vinod/.m2/repository/com/jayway/jsonpath/json-path/2.4.0/json-path-2.4.0.jar:/home/vinod/.m2/repository/net/minidev/json-smart/2.3/json-smart-2.3.jar:/home/vinod/.m2/repository/net/minidev/accessors-smart/1.2/accessors-smart-1.2.jar:/home/vinod/.m2/repository/org/ow2/asm/asm/5.0.4/asm-5.0.4.jar:/home/vinod/.m2/repository/junit/junit/4.12/junit-4.12.jar:/home/vinod/.m2/repository/org/assertj/assertj-core/3.11.1/assertj-core-3.11.1.jar:/home/vinod/.m2/repository/org/mockito/mockito-core/2.23.4/mockito-core-2.23.4.jar:/home/vinod/.m2/repository/net/bytebuddy/byte-buddy-agent/1.9.12/byte-buddy-agent-1.9.12.jar:/home/vinod/.m2/repository/org/objenesis/objenesis/2.6/objenesis-2.6.jar:/home/vinod/.m2/repository/org/hamcrest/hamcrest-core/1.3/hamcrest-core-1.3.jar:/home/vinod/.m2/repository/org/hamcrest/hamcrest-library/1.3/hamcrest-library-1.3.jar:/home/vinod/.m2/repository/org/skyscreamer/jsonassert/1.5.0/jsonassert-1.5.0.jar:/home/vinod/.m2/repository/com/vaadin/external/google/android-json/0.0.20131108.vaadin1/android-json-0.0.20131108.vaadin1.jar:/home/vinod/.m2/repository/org/springframework/spring-core/5.1.7.RELEASE/spring-core-5.1.7.RELEASE.jar:/home/vinod/.m2/repository/org/springframework/spring-jcl/5.1.7.RELEASE/spring-jcl-5.1.7.RELEASE.jar:/home/vinod/.m2/repository/org/springframework/spring-test/5.1.7.RELEASE/spring-test-5.1.7.RELEASE.jar:/home/vinod/.m2/repository/org/xmlunit/xmlunit-core/2.6.2/xmlunit-core-2.6.2.jar:/home/vinod/.m2/repository/com/h2database/h2/1.4.199/h2-1.4.199.jar:/home/vinod/.m2/repository/org/springframework/security/spring-security-test/5.1.5.RELEASE/spring-security-test-5.1.5.RELEASE.jar:/home/vinod/.m2/repository/org/springframework/security/spring-security-core/5.1.5.RELEASE/spring-security-core-5.1.5.RELEASE.jar:/home/vinod/.m2/repository/org/springframework/boot/spring-boot-devtools/2.1.5.RELEASE/spring-boot-devtools-2.1.5.RELEASE.jar:/home/vinod/.m2/repository/org/springframework/boot/spring-boot/2.1.5.RELEASE/spring-boot-2.1.5.RELEASE.jar:/home/vinod/.m2/repository/org/springframework/boot/spring-boot-autoconfigure/2.1.5.RELEASE/spring-boot-autoconfigure-2.1.5.RELEASE.jar:, sun.cpu.endian=little, user.home=/home/vinod, user.language=en, java.specification.vendor=Oracle Corporation, java.version.date=2019-07-16, java.home=/home/vinod/.sdkman/candidates/java/11.0.4.hs-adpt, file.separator=/, basedir=/home/vinod/Desktop/desk/projects/universityapi, java.vm.compressedOopsMode=32-bit, line.separator=
, java.specification.name=Java Platform API Specification, java.vm.specification.vendor=Oracle Corporation, hibernate.transaction.coordinator_class=class org.hibernate.resource.transaction.backend.jdbc.internal.JdbcResourceLocalTransactionCoordinatorBuilderImpl, java.awt.graphicsenv=sun.awt.X11GraphicsEnvironment, java.awt.headless=true, surefire.real.class.path=/home/vinod/Desktop/desk/projects/universityapi/target/surefire/surefirebooter9337132622826742852.jar, hibernate.hbm2ddl.auto=create, sun.management.compiler=HotSpot 64-Bit Tiered Compilers, java.runtime.version=11.0.4+11, user.name=vinod, path.separator=:, os.version=4.9.0-8-amd64, java.runtime.name=OpenJDK Runtime Environment, file.encoding=UTF-8, hibernate.ejb.persistenceUnitName=default, spring.beaninfo.ignore=true, java.vm.name=OpenJDK 64-Bit Server VM, java.vendor.version=AdoptOpenJDK, localRepository=/home/vinod/.m2/repository, java.vendor.url.bug=https://github.com/AdoptOpenJDK/openjdk-build/issues, java.io.tmpdir=/tmp, com.zaxxer.hikari.pool_number=1, java.version=11.0.4, hibernate.physical_naming_strategy=org.springframework.boot.orm.jpa.hibernate.SpringPhysicalNamingStrategy, user.dir=/home/vinod/Desktop/desk/projects/universityapi, os.arch=amd64, java.vm.specification.name=Java Virtual Machine Specification, PID=6772, java.awt.printerjob=sun.print.PSPrinterJob, idea.version2019.1.2=true, sun.os.patch.level=unknown, hibernate.boot.CfgXmlAccessService.key=org.hibernate.boot.cfgxml.spi.LoadedConfig@660296d5, java.library.path=/usr/java/packages/lib:/usr/lib64:/lib64:/lib:/usr/lib, java.vendor=AdoptOpenJDK, java.vm.info=mixed mode, java.vm.version=11.0.4+11, hibernate.bytecode.use_reflection_optimizer=false, sun.io.unicode.encoding=UnicodeLittle, hibernate.connection.datasource=HikariDataSource (HikariPool-1), java.class.version=55.0}
&amp#27;[30m2020-02-08 10:21:30,433&amp#27;[0;39m &amp#27;[39mDEBUG&amp#27;[0;39m [&amp#27;[34mmain&amp#27;[0;39m] &amp#27;[33morg.hibernate.validator.internal.engine.resolver.TraversableResolvers&amp#27;[0;39m: Found javax.persistence.Persistence on classpath containing 'getPersistenceUtil'. Assuming JPA 2 environment. Trying to instantiate JPA aware TraversableResolver
&amp#27;[30m2020-02-08 10:21:30,433&amp#27;[0;39m &amp#27;[39mDEBUG&amp#27;[0;39m [&amp#27;[34mmain&amp#27;[0;39m] &amp#27;[33morg.hibernate.validator.internal.engine.resolver.TraversableResolvers&amp#27;[0;39m: Instantiated JPA aware TraversableResolver of type org.hibernate.validator.internal.engine.resolver.JPATraversableResolver.
&amp#27;[30m2020-02-08 10:21:30,434&amp#27;[0;39m &amp#27;[39mDEBUG&amp#27;[0;39m [&amp#27;[34mmain&amp#27;[0;39m] &amp#27;[33morg.hibernate.validator.internal.xml.config.ValidationXmlParser&amp#27;[0;39m: Trying to load META-INF/validation.xml for XML based Validator configuration.
&amp#27;[30m2020-02-08 10:21:30,434&amp#27;[0;39m &amp#27;[39mDEBUG&amp#27;[0;39m [&amp#27;[34mmain&amp#27;[0;39m] &amp#27;[33morg.hibernate.validator.internal.xml.config.ResourceLoaderHelper&amp#27;[0;39m: Trying to load META-INF/validation.xml via TCCL
&amp#27;[30m2020-02-08 10:21:30,434&amp#27;[0;39m &amp#27;[39mDEBUG&amp#27;[0;39m [&amp#27;[34mmain&amp#27;[0;39m] &amp#27;[33morg.hibernate.validator.internal.xml.config.ResourceLoaderHelper&amp#27;[0;39m: Trying to load META-INF/validation.xml via Hibernate Validator's class loader
&amp#27;[30m2020-02-08 10:21:30,435&amp#27;[0;39m &amp#27;[39mDEBUG&amp#27;[0;39m [&amp#27;[34mmain&amp#27;[0;39m] &amp#27;[33morg.hibernate.validator.internal.xml.config.ValidationXmlParser&amp#27;[0;39m: No META-INF/validation.xml found. Using annotation based configuration only.
&amp#27;[30m2020-02-08 10:21:30,444&amp#27;[0;39m &amp#27;[39mDEBUG&amp#27;[0;39m [&amp#27;[34mmain&amp#27;[0;39m] &amp#27;[33morg.hibernate.validator.messageinterpolation.ResourceBundleMessageInterpolator&amp#27;[0;39m: Loaded expression factory via original TCCL
&amp#27;[30m2020-02-08 10:21:30,445&amp#27;[0;39m &amp#27;[39mDEBUG&amp#27;[0;39m [&amp#27;[34mmain&amp#27;[0;39m] &amp#27;[33morg.hibernate.validator.internal.engine.ValidatorFactoryImpl&amp#27;[0;39m: HV000234: Using org.hibernate.validator.messageinterpolation.ResourceBundleMessageInterpolator as ValidatorFactory-scoped message interpolator.
&amp#27;[30m2020-02-08 10:21:30,445&amp#27;[0;39m &amp#27;[39mDEBUG&amp#27;[0;39m [&amp#27;[34mmain&amp#27;[0;39m] &amp#27;[33morg.hibernate.validator.internal.engine.ValidatorFactoryImpl&amp#27;[0;39m: HV000234: Using org.hibernate.validator.internal.engine.resolver.JPATraversableResolver as ValidatorFactory-scoped traversable resolver.
&amp#27;[30m2020-02-08 10:21:30,445&amp#27;[0;39m &amp#27;[39mDEBUG&amp#27;[0;39m [&amp#27;[34mmain&amp#27;[0;39m] &amp#27;[33morg.hibernate.validator.internal.engine.ValidatorFactoryImpl&amp#27;[0;39m: HV000234: Using org.hibernate.validator.internal.util.ExecutableParameterNameProvider as ValidatorFactory-scoped parameter name provider.
&amp#27;[30m2020-02-08 10:21:30,445&amp#27;[0;39m &amp#27;[39mDEBUG&amp#27;[0;39m [&amp#27;[34mmain&amp#27;[0;39m] &amp#27;[33morg.hibernate.validator.internal.engine.ValidatorFactoryImpl&amp#27;[0;39m: HV000234: Using org.hibernate.validator.internal.engine.DefaultClockProvider as ValidatorFactory-scoped clock provider.
&amp#27;[30m2020-02-08 10:21:30,446&amp#27;[0;39m &amp#27;[39mDEBUG&amp#27;[0;39m [&amp#27;[34mmain&amp#27;[0;39m] &amp#27;[33morg.hibernate.validator.internal.engine.ValidatorFactoryImpl&amp#27;[0;39m: HV000234: Using org.hibernate.validator.internal.engine.scripting.DefaultScriptEvaluatorFactory as ValidatorFactory-scoped script evaluator factory.
&amp#27;[30m2020-02-08 10:21:30,447&amp#27;[0;39m &amp#27;[39mDEBUG&amp#27;[0;39m [&amp#27;[34mmain&amp#27;[0;39m] &amp#27;[33morg.hibernate.boot.internal.ClassLoaderAccessImpl&amp#27;[0;39m: Not known whether passed class name [in.rgukt.r081247.universityapi.entity.Course] is safe
&amp#27;[30m2020-02-08 10:21:30,448&amp#27;[0;39m &amp#27;[39mDEBUG&amp#27;[0;39m [&amp#27;[34mmain&amp#27;[0;39m] &amp#27;[33morg.hibernate.boot.internal.ClassLoaderAccessImpl&amp#27;[0;39m: No temp ClassLoader provided; using live ClassLoader for loading potentially unsafe class : in.rgukt.r081247.universityapi.entity.Course
&amp#27;[30m2020-02-08 10:21:30,523&amp#27;[0;39m &amp#27;[39mDEBUG&amp#27;[0;39m [&amp#27;[34mmain&amp#27;[0;39m] &amp#27;[33morg.hibernate.boot.internal.ClassLoaderAccessImpl&amp#27;[0;39m: Not known whether passed class name [in.rgukt.r081247.universityapi.entity.Department] is safe
&amp#27;[30m2020-02-08 10:21:30,524&amp#27;[0;39m &amp#27;[39mDEBUG&amp#27;[0;39m [&amp#27;[34mmain&amp#27;[0;39m] &amp#27;[33morg.hibernate.boot.internal.ClassLoaderAccessImpl&amp#27;[0;39m: No temp ClassLoader provided; using live ClassLoader for loading potentially unsafe class : in.rgukt.r081247.universityapi.entity.Department
&amp#27;[30m2020-02-08 10:21:30,532&amp#27;[0;39m &amp#27;[39mDEBUG&amp#27;[0;39m [&amp#27;[34mmain&amp#27;[0;39m] &amp#27;[33morg.hibernate.boot.internal.ClassLoaderAccessImpl&amp#27;[0;39m: Not known whether passed class name [in.rgukt.r081247.universityapi.entity.Student] is safe
&amp#27;[30m2020-02-08 10:21:30,532&amp#27;[0;39m &amp#27;[39mDEBUG&amp#27;[0;39m [&amp#27;[34mmain&amp#27;[0;39m] &amp#27;[33morg.hibernate.boot.internal.ClassLoaderAccessImpl&amp#27;[0;39m: No temp ClassLoader provided; using live ClassLoader for loading potentially unsafe class : in.rgukt.r081247.universityapi.entity.Student
&amp#27;[30m2020-02-08 10:21:30,544&amp#27;[0;39m &amp#27;[39mDEBUG&amp#27;[0;39m [&amp#27;[34mmain&amp#27;[0;39m] &amp#27;[33morg.hibernate.secure.spi.JaccIntegrator&amp#27;[0;39m: Skipping JACC integration as it was not enabled
&amp#27;[30m2020-02-08 10:21:30,546&amp#27;[0;39m &amp#27;[39mDEBUG&amp#27;[0;39m [&amp#27;[34mmain&amp#27;[0;39m] &amp#27;[33morg.hibernate.internal.SessionFactoryImpl&amp#27;[0;39m: Instantiated session factory
&amp#27;[30m2020-02-08 10:21:30,546&amp#27;[0;39m &amp#27;[39mDEBUG&amp#27;[0;39m [&amp#27;[34mmain&amp#27;[0;39m] &amp#27;[33morg.hibernate.type.spi.TypeConfiguration&amp#27;[0;39m: Scoping TypeConfiguration [org.hibernate.type.spi.TypeConfiguration@1e120628] to SessionFactoryImpl [org.hibernate.internal.SessionFactoryImpl@1c18ee69]
&amp#27;[30m2020-02-08 10:21:30,597&amp#27;[0;39m &amp#27;[39mDEBUG&amp#27;[0;39m [&amp#27;[34mmain&amp#27;[0;39m] &amp#27;[33morg.hibernate.boot.internal.ClassLoaderAccessImpl&amp#27;[0;39m: Not known whether passed class name [in.rgukt.r081247.universityapi.entity.Course] is safe
&amp#27;[30m2020-02-08 10:21:30,598&amp#27;[0;39m &amp#27;[39mDEBUG&amp#27;[0;39m [&amp#27;[34mmain&amp#27;[0;39m] &amp#27;[33morg.hibernate.boot.internal.ClassLoaderAccessImpl&amp#27;[0;39m: No temp ClassLoader provided; using live ClassLoader for loading potentially unsafe class : in.rgukt.r081247.universityapi.entity.Course
&amp#27;[30m2020-02-08 10:21:30,649&amp#27;[0;39m &amp#27;[39mDEBUG&amp#27;[0;39m [&amp#27;[34mmain&amp#27;[0;39m] &amp#27;[33morg.hibernate.boot.internal.ClassLoaderAccessImpl&amp#27;[0;39m: Not known whether passed class name [in.rgukt.r081247.universityapi.entity.Course] is safe
&amp#27;[30m2020-02-08 10:21:30,649&amp#27;[0;39m &amp#27;[39mDEBUG&amp#27;[0;39m [&amp#27;[34mmain&amp#27;[0;39m] &amp#27;[33morg.hibernate.boot.internal.ClassLoaderAccessImpl&amp#27;[0;39m: No temp ClassLoader provided; using live ClassLoader for loading potentially unsafe class : in.rgukt.r081247.universityapi.entity.Course
&amp#27;[30m2020-02-08 10:21:31,184&amp#27;[0;39m &amp#27;[39mDEBUG&amp#27;[0;39m [&amp#27;[34mmain&amp#27;[0;39m] &amp#27;[33morg.hibernate.boot.internal.ClassLoaderAccessImpl&amp#27;[0;39m: Not known whether passed class name [in.rgukt.r081247.universityapi.entity.Department] is safe
&amp#27;[30m2020-02-08 10:21:31,185&amp#27;[0;39m &amp#27;[39mDEBUG&amp#27;[0;39m [&amp#27;[34mmain&amp#27;[0;39m] &amp#27;[33morg.hibernate.boot.internal.ClassLoaderAccessImpl&amp#27;[0;39m: No temp ClassLoader provided; using live ClassLoader for loading potentially unsafe class : in.rgukt.r081247.universityapi.entity.Department
&amp#27;[30m2020-02-08 10:21:31,186&amp#27;[0;39m &amp#27;[39mDEBUG&amp#27;[0;39m [&amp#27;[34mmain&amp#27;[0;39m] &amp#27;[33morg.hibernate.boot.internal.ClassLoaderAccessImpl&amp#27;[0;39m: Not known whether passed class name [in.rgukt.r081247.universityapi.entity.Department] is safe
&amp#27;[30m2020-02-08 10:21:31,186&amp#27;[0;39m &amp#27;[39mDEBUG&amp#27;[0;39m [&amp#27;[34mmain&amp#27;[0;39m] &amp#27;[33morg.hibernate.boot.internal.ClassLoaderAccessImpl&amp#27;[0;39m: No temp ClassLoader provided; using live ClassLoader for loading potentially unsafe class : in.rgukt.r081247.universityapi.entity.Department
&amp#27;[30m2020-02-08 10:21:31,217&amp#27;[0;39m &amp#27;[39mDEBUG&amp#27;[0;39m [&amp#27;[34mmain&amp#27;[0;39m] &amp#27;[33morg.hibernate.boot.internal.ClassLoaderAccessImpl&amp#27;[0;39m: Not known whether passed class name [in.rgukt.r081247.universityapi.entity.Student] is safe
&amp#27;[30m2020-02-08 10:21:31,217&amp#27;[0;39m &amp#27;[39mDEBUG&amp#27;[0;39m [&amp#27;[34mmain&amp#27;[0;39m] &amp#27;[33morg.hibernate.boot.internal.ClassLoaderAccessImpl&amp#27;[0;39m: No temp ClassLoader provided; using live ClassLoader for loading potentially unsafe class : in.rgukt.r081247.universityapi.entity.Student
&amp#27;[30m2020-02-08 10:21:31,218&amp#27;[0;39m &amp#27;[39mDEBUG&amp#27;[0;39m [&amp#27;[34mmain&amp#27;[0;39m] &amp#27;[33morg.hibernate.boot.internal.ClassLoaderAccessImpl&amp#27;[0;39m: Not known whether passed class name [in.rgukt.r081247.universityapi.entity.Student] is safe
&amp#27;[30m2020-02-08 10:21:31,219&amp#27;[0;39m &amp#27;[39mDEBUG&amp#27;[0;39m [&amp#27;[34mmain&amp#27;[0;39m] &amp#27;[33morg.hibernate.boot.internal.ClassLoaderAccessImpl&amp#27;[0;39m: No temp ClassLoader provided; using live ClassLoader for loading potentially unsafe class : in.rgukt.r081247.universityapi.entity.Student
&amp#27;[30m2020-02-08 10:21:31,265&amp#27;[0;39m &amp#27;[39mDEBUG&amp#27;[0;39m [&amp#27;[34mmain&amp#27;[0;39m] &amp#27;[33morg.hibernate.persister.collection.AbstractCollectionPersister&amp#27;[0;39m: Static SQL for collection: in.rgukt.r081247.universityapi.entity.Student.courses
&amp#27;[30m2020-02-08 10:21:31,266&amp#27;[0;39m &amp#27;[39mDEBUG&amp#27;[0;39m [&amp#27;[34mmain&amp#27;[0;39m] &amp#27;[33morg.hibernate.persister.collection.AbstractCollectionPersister&amp#27;[0;39m:  Row insert: insert into student_course (student_id, course_id) values (?, ?)
&amp#27;[30m2020-02-08 10:21:31,266&amp#27;[0;39m &amp#27;[39mDEBUG&amp#27;[0;39m [&amp#27;[34mmain&amp#27;[0;39m] &amp#27;[33morg.hibernate.persister.collection.AbstractCollectionPersister&amp#27;[0;39m:  Row update: update student_course set course_id=? where student_id=? and course_id=?
&amp#27;[30m2020-02-08 10:21:31,266&amp#27;[0;39m &amp#27;[39mDEBUG&amp#27;[0;39m [&amp#27;[34mmain&amp#27;[0;39m] &amp#27;[33morg.hibernate.persister.collection.AbstractCollectionPersister&amp#27;[0;39m:  Row delete: delete from student_course where student_id=? and course_id=?
&amp#27;[30m2020-02-08 10:21:31,267&amp#27;[0;39m &amp#27;[39mDEBUG&amp#27;[0;39m [&amp#27;[34mmain&amp#27;[0;39m] &amp#27;[33morg.hibernate.persister.collection.AbstractCollectionPersister&amp#27;[0;39m:  One-shot delete: delete from student_course where student_id=?
&amp#27;[30m2020-02-08 10:21:31,270&amp#27;[0;39m &amp#27;[39mDEBUG&amp#27;[0;39m [&amp#27;[34mmain&amp#27;[0;39m] &amp#27;[33morg.hibernate.persister.collection.AbstractCollectionPersister&amp#27;[0;39m: Static SQL for collection: in.rgukt.r081247.universityapi.entity.Department.courses
&amp#27;[30m2020-02-08 10:21:31,270&amp#27;[0;39m &amp#27;[39mDEBUG&amp#27;[0;39m [&amp#27;[34mmain&amp#27;[0;39m] &amp#27;[33morg.hibernate.persister.collection.AbstractCollectionPersister&amp#27;[0;39m:  Row insert: update course set department_id=? where id=?
&amp#27;[30m2020-02-08 10:21:31,270&amp#27;[0;39m &amp#27;[39mDEBUG&amp#27;[0;39m [&amp#27;[34mmain&amp#27;[0;39m] &amp#27;[33morg.hibernate.persister.collection.AbstractCollectionPersister&amp#27;[0;39m:  Row update: update course set  where id=?
&amp#27;[30m2020-02-08 10:21:31,271&amp#27;[0;39m &amp#27;[39mDEBUG&amp#27;[0;39m [&amp#27;[34mmain&amp#27;[0;39m] &amp#27;[33morg.hibernate.persister.collection.AbstractCollectionPersister&amp#27;[0;39m:  Row delete: update course set department_id=null where department_id=? and id=?
&amp#27;[30m2020-02-08 10:21:31,271&amp#27;[0;39m &amp#27;[39mDEBUG&amp#27;[0;39m [&amp#27;[34mmain&amp#27;[0;39m] &amp#27;[33morg.hibernate.persister.collection.AbstractCollectionPersister&amp#27;[0;39m:  One-shot delete: update course set department_id=null where department_id=?
&amp#27;[30m2020-02-08 10:21:31,272&amp#27;[0;39m &amp#27;[39mDEBUG&amp#27;[0;39m [&amp#27;[34mmain&amp#27;[0;39m] &amp#27;[33morg.hibernate.persister.collection.AbstractCollectionPersister&amp#27;[0;39m: Static SQL for collection: in.rgukt.r081247.universityapi.entity.Course.students
&amp#27;[30m2020-02-08 10:21:31,272&amp#27;[0;39m &amp#27;[39mDEBUG&amp#27;[0;39m [&amp#27;[34mmain&amp#27;[0;39m] &amp#27;[33morg.hibernate.persister.collection.AbstractCollectionPersister&amp#27;[0;39m:  Row insert: insert into student_course (course_id, student_id) values (?, ?)
&amp#27;[30m2020-02-08 10:21:31,272&amp#27;[0;39m &amp#27;[39mDEBUG&amp#27;[0;39m [&amp#27;[34mmain&amp#27;[0;39m] &amp#27;[33morg.hibernate.persister.collection.AbstractCollectionPersister&amp#27;[0;39m:  Row update: update student_course set student_id=? where course_id=? and student_id=?
&amp#27;[30m2020-02-08 10:21:31,273&amp#27;[0;39m &amp#27;[39mDEBUG&amp#27;[0;39m [&amp#27;[34mmain&amp#27;[0;39m] &amp#27;[33morg.hibernate.persister.collection.AbstractCollectionPersister&amp#27;[0;39m:  Row delete: delete from student_course where course_id=? and student_id=?
&amp#27;[30m2020-02-08 10:21:31,273&amp#27;[0;39m &amp#27;[39mDEBUG&amp#27;[0;39m [&amp#27;[34mmain&amp#27;[0;39m] &amp#27;[33morg.hibernate.persister.collection.AbstractCollectionPersister&amp#27;[0;39m:  One-shot delete: delete from student_course where course_id=?
&amp#27;[30m2020-02-08 10:21:31,278&amp#27;[0;39m &amp#27;[39mDEBUG&amp#27;[0;39m [&amp#27;[34mmain&amp#27;[0;39m] &amp#27;[33morg.hibernate.persister.entity.AbstractEntityPersister&amp#27;[0;39m: Static SQL for entity: in.rgukt.r081247.universityapi.entity.Course
&amp#27;[30m2020-02-08 10:21:31,278&amp#27;[0;39m &amp#27;[39mDEBUG&amp#27;[0;39m [&amp#27;[34mmain&amp#27;[0;39m] &amp#27;[33morg.hibernate.persister.entity.AbstractEntityPersister&amp#27;[0;39m:  Version select: select id from course where id =?
&amp#27;[30m2020-02-08 10:21:31,278&amp#27;[0;39m &amp#27;[39mDEBUG&amp#27;[0;39m [&amp#27;[34mmain&amp#27;[0;39m] &amp#27;[33morg.hibernate.persister.entity.AbstractEntityPersister&amp#27;[0;39m:  Snapshot select: select course_.id, course_.department_id as departme3_0_, course_.name as name2_0_ from course course_ where course_.id=?
&amp#27;[30m2020-02-08 10:21:31,278&amp#27;[0;39m &amp#27;[39mDEBUG&amp#27;[0;39m [&amp#27;[34mmain&amp#27;[0;39m] &amp#27;[33morg.jboss.logging.DelegatingBasicLogger&amp#27;[0;39m:  Insert 0: insert into course (department_id, name, id) values (?, ?, ?)
&amp#27;[30m2020-02-08 10:21:31,279&amp#27;[0;39m &amp#27;[39mDEBUG&amp#27;[0;39m [&amp#27;[34mmain&amp#27;[0;39m] &amp#27;[33morg.jboss.logging.DelegatingBasicLogger&amp#27;[0;39m:  Update 0: update course set department_id=?, name=? where id=?
&amp#27;[30m2020-02-08 10:21:31,279&amp#27;[0;39m &amp#27;[39mDEBUG&amp#27;[0;39m [&amp#27;[34mmain&amp#27;[0;39m] &amp#27;[33morg.jboss.logging.DelegatingBasicLogger&amp#27;[0;39m:  Delete 0: delete from course where id=?
&amp#27;[30m2020-02-08 10:21:31,279&amp#27;[0;39m &amp#27;[39mDEBUG&amp#27;[0;39m [&amp#27;[34mmain&amp#27;[0;39m] &amp#27;[33morg.hibernate.persister.entity.AbstractEntityPersister&amp#27;[0;39m:  Identity insert: insert into course (id, department_id, name) values (null, ?, ?)
&amp#27;[30m2020-02-08 10:21:31,386&amp#27;[0;39m &amp#27;[39mDEBUG&amp#27;[0;39m [&amp#27;[34mmain&amp#27;[0;39m] &amp#27;[33morg.hibernate.loader.plan.build.internal.spaces.QuerySpacesImpl&amp#27;[0;39m: Adding QuerySpace : uid = <gen:0> -> org.hibernate.loader.plan.build.internal.spaces.EntityQuerySpaceImpl@23c72128]
&amp#27;[30m2020-02-08 10:21:31,388&amp#27;[0;39m &amp#27;[39mDEBUG&amp#27;[0;39m [&amp#27;[34mmain&amp#27;[0;39m] &amp#27;[33morg.hibernate.persister.walking.spi.MetamodelGraphWalker&amp#27;[0;39m: Visiting attribute path : department
&amp#27;[30m2020-02-08 10:21:31,392&amp#27;[0;39m &amp#27;[39mDEBUG&amp#27;[0;39m [&amp#27;[34mmain&amp#27;[0;39m] &amp#27;[33morg.hibernate.loader.plan.build.internal.spaces.QuerySpacesImpl&amp#27;[0;39m: Adding QuerySpace : uid = <gen:1> -> org.hibernate.loader.plan.build.internal.spaces.EntityQuerySpaceImpl@3c2dda7c]
&amp#27;[30m2020-02-08 10:21:31,393&amp#27;[0;39m &amp#27;[39mDEBUG&amp#27;[0;39m [&amp#27;[34mmain&amp#27;[0;39m] &amp#27;[33morg.hibernate.persister.walking.spi.MetamodelGraphWalker&amp#27;[0;39m: Visiting attribute path : name
&amp#27;[30m2020-02-08 10:21:31,394&amp#27;[0;39m &amp#27;[39mDEBUG&amp#27;[0;39m [&amp#27;[34mmain&amp#27;[0;39m] &amp#27;[33morg.hibernate.persister.walking.spi.MetamodelGraphWalker&amp#27;[0;39m: Visiting attribute path : students
&amp#27;[30m2020-02-08 10:21:31,395&amp#27;[0;39m &amp#27;[39mDEBUG&amp#27;[0;39m [&amp#27;[34mmain&amp#27;[0;39m] &amp#27;[33morg.hibernate.loader.plan.build.internal.spaces.QuerySpacesImpl&amp#27;[0;39m: Adding QuerySpace : uid = <gen:2> -> org.hibernate.loader.plan.build.internal.spaces.CollectionQuerySpaceImpl@30e143ff]
&amp#27;[30m2020-02-08 10:21:31,397&amp#27;[0;39m &amp#27;[39mDEBUG&amp#27;[0;39m [&amp#27;[34mmain&amp#27;[0;39m] &amp#27;[33morg.hibernate.loader.plan.build.internal.spaces.QuerySpacesImpl&amp#27;[0;39m: Adding QuerySpace : uid = <gen:3> -> org.hibernate.loader.plan.build.internal.spaces.EntityQuerySpaceImpl@3be46d9c]
&amp#27;[30m2020-02-08 10:21:31,398&amp#27;[0;39m &amp#27;[39mDEBUG&amp#27;[0;39m [&amp#27;[34mmain&amp#27;[0;39m] &amp#27;[33morg.hibernate.loader.plan.build.internal.FetchStyleLoadPlanBuildingAssociationVisitationStrategy&amp#27;[0;39m: Building LoadPlan...
&amp#27;[30m2020-02-08 10:21:31,425&amp#27;[0;39m &amp#27;[39mDEBUG&amp#27;[0;39m [&amp#27;[34mmain&amp#27;[0;39m] &amp#27;[33morg.hibernate.loader.plan.exec.internal.LoadQueryJoinAndFetchProcessor&amp#27;[0;39m: processing queryspace <gen:0>
&amp#27;[30m2020-02-08 10:21:31,431&amp#27;[0;39m &amp#27;[39mDEBUG&amp#27;[0;39m [&amp#27;[34mmain&amp#27;[0;39m] &amp#27;[33morg.hibernate.loader.plan.build.spi.LoadPlanTreePrinter&amp#27;[0;39m: LoadPlan(entity=in.rgukt.r081247.universityapi.entity.Course)
    - Returns
       - EntityReturnImpl(entity=in.rgukt.r081247.universityapi.entity.Course, querySpaceUid=<gen:0>, path=in.rgukt.r081247.universityapi.entity.Course)
          - EntityAttributeFetchImpl(entity=in.rgukt.r081247.universityapi.entity.Department, querySpaceUid=<gen:1>, path=in.rgukt.r081247.universityapi.entity.Course.department)
          - CollectionAttributeFetchImpl(collection=in.rgukt.r081247.universityapi.entity.Course.students, querySpaceUid=<gen:2>, path=in.rgukt.r081247.universityapi.entity.Course.students)
             - (collection element) CollectionFetchableElementEntityGraph(entity=in.rgukt.r081247.universityapi.entity.Student, querySpaceUid=<gen:3>, path=in.rgukt.r081247.universityapi.entity.Course.students.<elements>)
    - QuerySpaces
       - EntityQuerySpaceImpl(uid=<gen:0>, entity=in.rgukt.r081247.universityapi.entity.Course)
          - SQL table alias mapping - course0_
          - alias suffix - 0_
          - suffixed key columns - {id1_0_0_}

&amp#27;[30m2020-02-08 10:21:31,434&amp#27;[0;39m &amp#27;[39mDEBUG&amp#27;[0;39m [&amp#27;[34mmain&amp#27;[0;39m] &amp#27;[33morg.hibernate.loader.entity.plan.EntityLoader&amp#27;[0;39m: Static select for entity in.rgukt.r081247.universityapi.entity.Course [NONE]: select course0_.id as id1_0_0_, course0_.department_id as departme3_0_0_, course0_.name as name2_0_0_ from course course0_ where course0_.id=?
&amp#27;[30m2020-02-08 10:21:31,435&amp#27;[0;39m &amp#27;[39mDEBUG&amp#27;[0;39m [&amp#27;[34mmain&amp#27;[0;39m] &amp#27;[33morg.hibernate.loader.plan.build.internal.spaces.QuerySpacesImpl&amp#27;[0;39m: Adding QuerySpace : uid = <gen:0> -> org.hibernate.loader.plan.build.internal.spaces.EntityQuerySpaceImpl@7c048b30]
&amp#27;[30m2020-02-08 10:21:31,435&amp#27;[0;39m &amp#27;[39mDEBUG&amp#27;[0;39m [&amp#27;[34mmain&amp#27;[0;39m] &amp#27;[33morg.hibernate.persister.walking.spi.MetamodelGraphWalker&amp#27;[0;39m: Visiting attribute path : department
&amp#27;[30m2020-02-08 10:21:31,435&amp#27;[0;39m &amp#27;[39mDEBUG&amp#27;[0;39m [&amp#27;[34mmain&amp#27;[0;39m] &amp#27;[33morg.hibernate.loader.plan.build.internal.spaces.QuerySpacesImpl&amp#27;[0;39m: Adding QuerySpace : uid = <gen:1> -> org.hibernate.loader.plan.build.internal.spaces.EntityQuerySpaceImpl@4d4c4b14]
&amp#27;[30m2020-02-08 10:21:31,436&amp#27;[0;39m &amp#27;[39mDEBUG&amp#27;[0;39m [&amp#27;[34mmain&amp#27;[0;39m] &amp#27;[33morg.hibernate.persister.walking.spi.MetamodelGraphWalker&amp#27;[0;39m: Visiting attribute path : name
&amp#27;[30m2020-02-08 10:21:31,436&amp#27;[0;39m &amp#27;[39mDEBUG&amp#27;[0;39m [&amp#27;[34mmain&amp#27;[0;39m] &amp#27;[33morg.hibernate.persister.walking.spi.MetamodelGraphWalker&amp#27;[0;39m: Visiting attribute path : students
&amp#27;[30m2020-02-08 10:21:31,436&amp#27;[0;39m &amp#27;[39mDEBUG&amp#27;[0;39m [&amp#27;[34mmain&amp#27;[0;39m] &amp#27;[33morg.hibernate.loader.plan.build.internal.spaces.QuerySpacesImpl&amp#27;[0;39m: Adding QuerySpace : uid = <gen:2> -> org.hibernate.loader.plan.build.internal.spaces.CollectionQuerySpaceImpl@49925d21]
&amp#27;[30m2020-02-08 10:21:31,437&amp#27;[0;39m &amp#27;[39mDEBUG&amp#27;[0;39m [&amp#27;[34mmain&amp#27;[0;39m] &amp#27;[33morg.hibernate.loader.plan.build.internal.spaces.QuerySpacesImpl&amp#27;[0;39m: Adding QuerySpace : uid = <gen:3> -> org.hibernate.loader.plan.build.internal.spaces.EntityQuerySpaceImpl@11170228]
&amp#27;[30m2020-02-08 10:21:31,437&amp#27;[0;39m &amp#27;[39mDEBUG&amp#27;[0;39m [&amp#27;[34mmain&amp#27;[0;39m] &amp#27;[33morg.hibernate.loader.plan.build.internal.FetchStyleLoadPlanBuildingAssociationVisitationStrategy&amp#27;[0;39m: Building LoadPlan...
&amp#27;[30m2020-02-08 10:21:31,437&amp#27;[0;39m &amp#27;[39mDEBUG&amp#27;[0;39m [&amp#27;[34mmain&amp#27;[0;39m] &amp#27;[33morg.hibernate.loader.plan.exec.internal.LoadQueryJoinAndFetchProcessor&amp#27;[0;39m: processing queryspace <gen:0>
&amp#27;[30m2020-02-08 10:21:31,438&amp#27;[0;39m &amp#27;[39mDEBUG&amp#27;[0;39m [&amp#27;[34mmain&amp#27;[0;39m] &amp#27;[33morg.hibernate.loader.plan.build.spi.LoadPlanTreePrinter&amp#27;[0;39m: LoadPlan(entity=in.rgukt.r081247.universityapi.entity.Course)
    - Returns
       - EntityReturnImpl(entity=in.rgukt.r081247.universityapi.entity.Course, querySpaceUid=<gen:0>, path=in.rgukt.r081247.universityapi.entity.Course)
          - EntityAttributeFetchImpl(entity=in.rgukt.r081247.universityapi.entity.Department, querySpaceUid=<gen:1>, path=in.rgukt.r081247.universityapi.entity.Course.department)
          - CollectionAttributeFetchImpl(collection=in.rgukt.r081247.universityapi.entity.Course.students, querySpaceUid=<gen:2>, path=in.rgukt.r081247.universityapi.entity.Course.students)
             - (collection element) CollectionFetchableElementEntityGraph(entity=in.rgukt.r081247.universityapi.entity.Student, querySpaceUid=<gen:3>, path=in.rgukt.r081247.universityapi.entity.Course.students.<elements>)
    - QuerySpaces
       - EntityQuerySpaceImpl(uid=<gen:0>, entity=in.rgukt.r081247.universityapi.entity.Course)
          - SQL table alias mapping - course0_
          - alias suffix - 0_
          - suffixed key columns - {id1_0_0_}

&amp#27;[30m2020-02-08 10:21:31,438&amp#27;[0;39m &amp#27;[39mDEBUG&amp#27;[0;39m [&amp#27;[34mmain&amp#27;[0;39m] &amp#27;[33morg.hibernate.loader.entity.plan.EntityLoader&amp#27;[0;39m: Static select for entity in.rgukt.r081247.universityapi.entity.Course [READ]: select course0_.id as id1_0_0_, course0_.department_id as departme3_0_0_, course0_.name as name2_0_0_ from course course0_ where course0_.id=?
&amp#27;[30m2020-02-08 10:21:31,457&amp#27;[0;39m &amp#27;[39mDEBUG&amp#27;[0;39m [&amp#27;[34mmain&amp#27;[0;39m] &amp#27;[33morg.hibernate.loader.entity.CascadeEntityLoader&amp#27;[0;39m: Static select for action ACTION_MERGE on entity in.rgukt.r081247.universityapi.entity.Course: select course0_.id as id1_0_0_, course0_.department_id as departme3_0_0_, course0_.name as name2_0_0_ from course course0_ where course0_.id=?
&amp#27;[30m2020-02-08 10:21:31,457&amp#27;[0;39m &amp#27;[39mDEBUG&amp#27;[0;39m [&amp#27;[34mmain&amp#27;[0;39m] &amp#27;[33morg.hibernate.loader.entity.CascadeEntityLoader&amp#27;[0;39m: Static select for action ACTION_REFRESH on entity in.rgukt.r081247.universityapi.entity.Course: select course0_.id as id1_0_0_, course0_.department_id as departme3_0_0_, course0_.name as name2_0_0_ from course course0_ where course0_.id=?
&amp#27;[30m2020-02-08 10:21:31,458&amp#27;[0;39m &amp#27;[39mDEBUG&amp#27;[0;39m [&amp#27;[34mmain&amp#27;[0;39m] &amp#27;[33morg.hibernate.persister.entity.AbstractEntityPersister&amp#27;[0;39m: Static SQL for entity: in.rgukt.r081247.universityapi.entity.Department
&amp#27;[30m2020-02-08 10:21:31,458&amp#27;[0;39m &amp#27;[39mDEBUG&amp#27;[0;39m [&amp#27;[34mmain&amp#27;[0;39m] &amp#27;[33morg.hibernate.persister.entity.AbstractEntityPersister&amp#27;[0;39m:  Version select: select id from department where id =?
&amp#27;[30m2020-02-08 10:21:31,458&amp#27;[0;39m &amp#27;[39mDEBUG&amp#27;[0;39m [&amp#27;[34mmain&amp#27;[0;39m] &amp#27;[33morg.hibernate.persister.entity.AbstractEntityPersister&amp#27;[0;39m:  Snapshot select: select department_.id, department_.name as name2_1_ from department department_ where department_.id=?
&amp#27;[30m2020-02-08 10:21:31,458&amp#27;[0;39m &amp#27;[39mDEBUG&amp#27;[0;39m [&amp#27;[34mmain&amp#27;[0;39m] &amp#27;[33morg.jboss.logging.DelegatingBasicLogger&amp#27;[0;39m:  Insert 0: insert into department (name, id) values (?, ?)
&amp#27;[30m2020-02-08 10:21:31,459&amp#27;[0;39m &amp#27;[39mDEBUG&amp#27;[0;39m [&amp#27;[34mmain&amp#27;[0;39m] &amp#27;[33morg.jboss.logging.DelegatingBasicLogger&amp#27;[0;39m:  Update 0: update department set name=? where id=?
&amp#27;[30m2020-02-08 10:21:31,459&amp#27;[0;39m &amp#27;[39mDEBUG&amp#27;[0;39m [&amp#27;[34mmain&amp#27;[0;39m] &amp#27;[33morg.jboss.logging.DelegatingBasicLogger&amp#27;[0;39m:  Delete 0: delete from department where id=?
&amp#27;[30m2020-02-08 10:21:31,459&amp#27;[0;39m &amp#27;[39mDEBUG&amp#27;[0;39m [&amp#27;[34mmain&amp#27;[0;39m] &amp#27;[33morg.hibernate.persister.entity.AbstractEntityPersister&amp#27;[0;39m:  Identity insert: insert into department (id, name) values (null, ?)
&amp#27;[30m2020-02-08 10:21:31,459&amp#27;[0;39m &amp#27;[39mDEBUG&amp#27;[0;39m [&amp#27;[34mmain&amp#27;[0;39m] &amp#27;[33morg.hibernate.loader.plan.build.internal.spaces.QuerySpacesImpl&amp#27;[0;39m: Adding QuerySpace : uid = <gen:0> -> org.hibernate.loader.plan.build.internal.spaces.EntityQuerySpaceImpl@3e998033]
&amp#27;[30m2020-02-08 10:21:31,460&amp#27;[0;39m &amp#27;[39mDEBUG&amp#27;[0;39m [&amp#27;[34mmain&amp#27;[0;39m] &amp#27;[33morg.hibernate.persister.walking.spi.MetamodelGraphWalker&amp#27;[0;39m: Visiting attribute path : courses
&amp#27;[30m2020-02-08 10:21:31,460&amp#27;[0;39m &amp#27;[39mDEBUG&amp#27;[0;39m [&amp#27;[34mmain&amp#27;[0;39m] &amp#27;[33morg.hibernate.loader.plan.build.internal.spaces.QuerySpacesImpl&amp#27;[0;39m: Adding QuerySpace : uid = <gen:1> -> org.hibernate.loader.plan.build.internal.spaces.CollectionQuerySpaceImpl@527d5e48]
&amp#27;[30m2020-02-08 10:21:31,460&amp#27;[0;39m &amp#27;[39mDEBUG&amp#27;[0;39m [&amp#27;[34mmain&amp#27;[0;39m] &amp#27;[33morg.hibernate.loader.plan.build.internal.spaces.QuerySpacesImpl&amp#27;[0;39m: Adding QuerySpace : uid = <gen:2> -> org.hibernate.loader.plan.build.internal.spaces.EntityQuerySpaceImpl@407b41e6]
&amp#27;[30m2020-02-08 10:21:31,461&amp#27;[0;39m &amp#27;[39mDEBUG&amp#27;[0;39m [&amp#27;[34mmain&amp#27;[0;39m] &amp#27;[33morg.hibernate.persister.walking.spi.MetamodelGraphWalker&amp#27;[0;39m: Visiting attribute path : name
&amp#27;[30m2020-02-08 10:21:31,461&amp#27;[0;39m &amp#27;[39mDEBUG&amp#27;[0;39m [&amp#27;[34mmain&amp#27;[0;39m] &amp#27;[33morg.hibernate.loader.plan.build.internal.FetchStyleLoadPlanBuildingAssociationVisitationStrategy&amp#27;[0;39m: Building LoadPlan...
&amp#27;[30m2020-02-08 10:21:31,462&amp#27;[0;39m &amp#27;[39mDEBUG&amp#27;[0;39m [&amp#27;[34mmain&amp#27;[0;39m] &amp#27;[33morg.hibernate.loader.plan.exec.internal.LoadQueryJoinAndFetchProcessor&amp#27;[0;39m: processing queryspace <gen:0>
&amp#27;[30m2020-02-08 10:21:31,462&amp#27;[0;39m &amp#27;[39mDEBUG&amp#27;[0;39m [&amp#27;[34mmain&amp#27;[0;39m] &amp#27;[33morg.hibernate.loader.plan.build.spi.LoadPlanTreePrinter&amp#27;[0;39m: LoadPlan(entity=in.rgukt.r081247.universityapi.entity.Department)
    - Returns
       - EntityReturnImpl(entity=in.rgukt.r081247.universityapi.entity.Department, querySpaceUid=<gen:0>, path=in.rgukt.r081247.universityapi.entity.Department)
          - CollectionAttributeFetchImpl(collection=in.rgukt.r081247.universityapi.entity.Department.courses, querySpaceUid=<gen:1>, path=in.rgukt.r081247.universityapi.entity.Department.courses)
             - (collection element) CollectionFetchableElementEntityGraph(entity=in.rgukt.r081247.universityapi.entity.Course, querySpaceUid=<gen:2>, path=in.rgukt.r081247.universityapi.entity.Department.courses.<elements>)
    - QuerySpaces
       - EntityQuerySpaceImpl(uid=<gen:0>, entity=in.rgukt.r081247.universityapi.entity.Department)
          - SQL table alias mapping - department0_
          - alias suffix - 0_
          - suffixed key columns - {id1_1_0_}

&amp#27;[30m2020-02-08 10:21:31,463&amp#27;[0;39m &amp#27;[39mDEBUG&amp#27;[0;39m [&amp#27;[34mmain&amp#27;[0;39m] &amp#27;[33morg.hibernate.loader.entity.plan.EntityLoader&amp#27;[0;39m: Static select for entity in.rgukt.r081247.universityapi.entity.Department [NONE]: select department0_.id as id1_1_0_, department0_.name as name2_1_0_ from department department0_ where department0_.id=?
&amp#27;[30m2020-02-08 10:21:31,463&amp#27;[0;39m &amp#27;[39mDEBUG&amp#27;[0;39m [&amp#27;[34mmain&amp#27;[0;39m] &amp#27;[33morg.hibernate.loader.plan.build.internal.spaces.QuerySpacesImpl&amp#27;[0;39m: Adding QuerySpace : uid = <gen:0> -> org.hibernate.loader.plan.build.internal.spaces.EntityQuerySpaceImpl@3291d9c2]
&amp#27;[30m2020-02-08 10:21:31,463&amp#27;[0;39m &amp#27;[39mDEBUG&amp#27;[0;39m [&amp#27;[34mmain&amp#27;[0;39m] &amp#27;[33morg.hibernate.persister.walking.spi.MetamodelGraphWalker&amp#27;[0;39m: Visiting attribute path : courses
&amp#27;[30m2020-02-08 10:21:31,464&amp#27;[0;39m &amp#27;[39mDEBUG&amp#27;[0;39m [&amp#27;[34mmain&amp#27;[0;39m] &amp#27;[33morg.hibernate.loader.plan.build.internal.spaces.QuerySpacesImpl&amp#27;[0;39m: Adding QuerySpace : uid = <gen:1> -> org.hibernate.loader.plan.build.internal.spaces.CollectionQuerySpaceImpl@54ca9420]
&amp#27;[30m2020-02-08 10:21:31,464&amp#27;[0;39m &amp#27;[39mDEBUG&amp#27;[0;39m [&amp#27;[34mmain&amp#27;[0;39m] &amp#27;[33morg.hibernate.loader.plan.build.internal.spaces.QuerySpacesImpl&amp#27;[0;39m: Adding QuerySpace : uid = <gen:2> -> org.hibernate.loader.plan.build.internal.spaces.EntityQuerySpaceImpl@4ea48b2e]
&amp#27;[30m2020-02-08 10:21:31,464&amp#27;[0;39m &amp#27;[39mDEBUG&amp#27;[0;39m [&amp#27;[34mmain&amp#27;[0;39m] &amp#27;[33morg.hibernate.persister.walking.spi.MetamodelGraphWalker&amp#27;[0;39m: Visiting attribute path : name
&amp#27;[30m2020-02-08 10:21:31,464&amp#27;[0;39m &amp#27;[39mDEBUG&amp#27;[0;39m [&amp#27;[34mmain&amp#27;[0;39m] &amp#27;[33morg.hibernate.loader.plan.build.internal.FetchStyleLoadPlanBuildingAssociationVisitationStrategy&amp#27;[0;39m: Building LoadPlan...
&amp#27;[30m2020-02-08 10:21:31,465&amp#27;[0;39m &amp#27;[39mDEBUG&amp#27;[0;39m [&amp#27;[34mmain&amp#27;[0;39m] &amp#27;[33morg.hibernate.loader.plan.exec.internal.LoadQueryJoinAndFetchProcessor&amp#27;[0;39m: processing queryspace <gen:0>
&amp#27;[30m2020-02-08 10:21:31,470&amp#27;[0;39m &amp#27;[39mDEBUG&amp#27;[0;39m [&amp#27;[34mmain&amp#27;[0;39m] &amp#27;[33morg.hibernate.loader.plan.build.spi.LoadPlanTreePrinter&amp#27;[0;39m: LoadPlan(entity=in.rgukt.r081247.universityapi.entity.Department)
    - Returns
       - EntityReturnImpl(entity=in.rgukt.r081247.universityapi.entity.Department, querySpaceUid=<gen:0>, path=in.rgukt.r081247.universityapi.entity.Department)
          - CollectionAttributeFetchImpl(collection=in.rgukt.r081247.universityapi.entity.Department.courses, querySpaceUid=<gen:1>, path=in.rgukt.r081247.universityapi.entity.Department.courses)
             - (collection element) CollectionFetchableElementEntityGraph(entity=in.rgukt.r081247.universityapi.entity.Course, querySpaceUid=<gen:2>, path=in.rgukt.r081247.universityapi.entity.Department.courses.<elements>)
    - QuerySpaces
       - EntityQuerySpaceImpl(uid=<gen:0>, entity=in.rgukt.r081247.universityapi.entity.Department)
          - SQL table alias mapping - department0_
          - alias suffix - 0_
          - suffixed key columns - {id1_1_0_}

&amp#27;[30m2020-02-08 10:21:31,470&amp#27;[0;39m &amp#27;[39mDEBUG&amp#27;[0;39m [&amp#27;[34mmain&amp#27;[0;39m] &amp#27;[33morg.hibernate.loader.entity.plan.EntityLoader&amp#27;[0;39m: Static select for entity in.rgukt.r081247.universityapi.entity.Department [READ]: select department0_.id as id1_1_0_, department0_.name as name2_1_0_ from department department0_ where department0_.id=?
&amp#27;[30m2020-02-08 10:21:31,473&amp#27;[0;39m &amp#27;[39mDEBUG&amp#27;[0;39m [&amp#27;[34mmain&amp#27;[0;39m] &amp#27;[33morg.hibernate.loader.entity.CascadeEntityLoader&amp#27;[0;39m: Static select for action ACTION_MERGE on entity in.rgukt.r081247.universityapi.entity.Department: select department0_.id as id1_1_1_, department0_.name as name2_1_1_, courses1_.department_id as departme3_0_3_, courses1_.id as id1_0_3_, courses1_.id as id1_0_0_, courses1_.department_id as departme3_0_0_, courses1_.name as name2_0_0_ from department department0_ left outer join course courses1_ on department0_.id=courses1_.department_id where department0_.id=?
&amp#27;[30m2020-02-08 10:21:31,474&amp#27;[0;39m &amp#27;[39mDEBUG&amp#27;[0;39m [&amp#27;[34mmain&amp#27;[0;39m] &amp#27;[33morg.hibernate.loader.entity.CascadeEntityLoader&amp#27;[0;39m: Static select for action ACTION_REFRESH on entity in.rgukt.r081247.universityapi.entity.Department: select department0_.id as id1_1_1_, department0_.name as name2_1_1_, courses1_.department_id as departme3_0_3_, courses1_.id as id1_0_3_, courses1_.id as id1_0_0_, courses1_.department_id as departme3_0_0_, courses1_.name as name2_0_0_ from department department0_ left outer join course courses1_ on department0_.id=courses1_.department_id where department0_.id=?
&amp#27;[30m2020-02-08 10:21:31,475&amp#27;[0;39m &amp#27;[39mDEBUG&amp#27;[0;39m [&amp#27;[34mmain&amp#27;[0;39m] &amp#27;[33morg.hibernate.persister.entity.AbstractEntityPersister&amp#27;[0;39m: Static SQL for entity: in.rgukt.r081247.universityapi.entity.Student
&amp#27;[30m2020-02-08 10:21:31,475&amp#27;[0;39m &amp#27;[39mDEBUG&amp#27;[0;39m [&amp#27;[34mmain&amp#27;[0;39m] &amp#27;[33morg.hibernate.persister.entity.AbstractEntityPersister&amp#27;[0;39m:  Version select: select id from student where id =?
&amp#27;[30m2020-02-08 10:21:31,475&amp#27;[0;39m &amp#27;[39mDEBUG&amp#27;[0;39m [&amp#27;[34mmain&amp#27;[0;39m] &amp#27;[33morg.hibernate.persister.entity.AbstractEntityPersister&amp#27;[0;39m:  Snapshot select: select student_.id, student_.dob as dob2_2_, student_.name as name3_2_ from student student_ where student_.id=?
&amp#27;[30m2020-02-08 10:21:31,476&amp#27;[0;39m &amp#27;[39mDEBUG&amp#27;[0;39m [&amp#27;[34mmain&amp#27;[0;39m] &amp#27;[33morg.jboss.logging.DelegatingBasicLogger&amp#27;[0;39m:  Insert 0: insert into student (dob, name, id) values (?, ?, ?)
&amp#27;[30m2020-02-08 10:21:31,476&amp#27;[0;39m &amp#27;[39mDEBUG&amp#27;[0;39m [&amp#27;[34mmain&amp#27;[0;39m] &amp#27;[33morg.jboss.logging.DelegatingBasicLogger&amp#27;[0;39m:  Update 0: update student set dob=?, name=? where id=?
&amp#27;[30m2020-02-08 10:21:31,477&amp#27;[0;39m &amp#27;[39mDEBUG&amp#27;[0;39m [&amp#27;[34mmain&amp#27;[0;39m] &amp#27;[33morg.jboss.logging.DelegatingBasicLogger&amp#27;[0;39m:  Delete 0: delete from student where id=?
&amp#27;[30m2020-02-08 10:21:31,477&amp#27;[0;39m &amp#27;[39mDEBUG&amp#27;[0;39m [&amp#27;[34mmain&amp#27;[0;39m] &amp#27;[33morg.hibernate.persister.entity.AbstractEntityPersister&amp#27;[0;39m:  Identity insert: insert into student (id, dob, name) values (null, ?, ?)
&amp#27;[30m2020-02-08 10:21:31,478&amp#27;[0;39m &amp#27;[39mDEBUG&amp#27;[0;39m [&amp#27;[34mmain&amp#27;[0;39m] &amp#27;[33morg.hibernate.loader.plan.build.internal.spaces.QuerySpacesImpl&amp#27;[0;39m: Adding QuerySpace : uid = <gen:0> -> org.hibernate.loader.plan.build.internal.spaces.EntityQuerySpaceImpl@8d5da7e]
&amp#27;[30m2020-02-08 10:21:31,478&amp#27;[0;39m &amp#27;[39mDEBUG&amp#27;[0;39m [&amp#27;[34mmain&amp#27;[0;39m] &amp#27;[33morg.hibernate.persister.walking.spi.MetamodelGraphWalker&amp#27;[0;39m: Visiting attribute path : courses
&amp#27;[30m2020-02-08 10:21:31,478&amp#27;[0;39m &amp#27;[39mDEBUG&amp#27;[0;39m [&amp#27;[34mmain&amp#27;[0;39m] &amp#27;[33morg.hibernate.loader.plan.build.internal.spaces.QuerySpacesImpl&amp#27;[0;39m: Adding QuerySpace : uid = <gen:1> -> org.hibernate.loader.plan.build.internal.spaces.CollectionQuerySpaceImpl@16ef1160]
&amp#27;[30m2020-02-08 10:21:31,479&amp#27;[0;39m &amp#27;[39mDEBUG&amp#27;[0;39m [&amp#27;[34mmain&amp#27;[0;39m] &amp#27;[33morg.hibernate.loader.plan.build.internal.spaces.QuerySpacesImpl&amp#27;[0;39m: Adding QuerySpace : uid = <gen:2> -> org.hibernate.loader.plan.build.internal.spaces.EntityQuerySpaceImpl@41f90b10]
&amp#27;[30m2020-02-08 10:21:31,479&amp#27;[0;39m &amp#27;[39mDEBUG&amp#27;[0;39m [&amp#27;[34mmain&amp#27;[0;39m] &amp#27;[33morg.hibernate.persister.walking.spi.MetamodelGraphWalker&amp#27;[0;39m: Visiting attribute path : dob
&amp#27;[30m2020-02-08 10:21:31,479&amp#27;[0;39m &amp#27;[39mDEBUG&amp#27;[0;39m [&amp#27;[34mmain&amp#27;[0;39m] &amp#27;[33morg.hibernate.persister.walking.spi.MetamodelGraphWalker&amp#27;[0;39m: Visiting attribute path : name
&amp#27;[30m2020-02-08 10:21:31,479&amp#27;[0;39m &amp#27;[39mDEBUG&amp#27;[0;39m [&amp#27;[34mmain&amp#27;[0;39m] &amp#27;[33morg.hibernate.loader.plan.build.internal.FetchStyleLoadPlanBuildingAssociationVisitationStrategy&amp#27;[0;39m: Building LoadPlan...
&amp#27;[30m2020-02-08 10:21:31,480&amp#27;[0;39m &amp#27;[39mDEBUG&amp#27;[0;39m [&amp#27;[34mmain&amp#27;[0;39m] &amp#27;[33morg.hibernate.loader.plan.exec.internal.LoadQueryJoinAndFetchProcessor&amp#27;[0;39m: processing queryspace <gen:0>
&amp#27;[30m2020-02-08 10:21:31,481&amp#27;[0;39m &amp#27;[39mDEBUG&amp#27;[0;39m [&amp#27;[34mmain&amp#27;[0;39m] &amp#27;[33morg.hibernate.loader.plan.build.spi.LoadPlanTreePrinter&amp#27;[0;39m: LoadPlan(entity=in.rgukt.r081247.universityapi.entity.Student)
    - Returns
       - EntityReturnImpl(entity=in.rgukt.r081247.universityapi.entity.Student, querySpaceUid=<gen:0>, path=in.rgukt.r081247.universityapi.entity.Student)
          - CollectionAttributeFetchImpl(collection=in.rgukt.r081247.universityapi.entity.Student.courses, querySpaceUid=<gen:1>, path=in.rgukt.r081247.universityapi.entity.Student.courses)
             - (collection element) CollectionFetchableElementEntityGraph(entity=in.rgukt.r081247.universityapi.entity.Course, querySpaceUid=<gen:2>, path=in.rgukt.r081247.universityapi.entity.Student.courses.<elements>)
    - QuerySpaces
       - EntityQuerySpaceImpl(uid=<gen:0>, entity=in.rgukt.r081247.universityapi.entity.Student)
          - SQL table alias mapping - student0_
          - alias suffix - 0_
          - suffixed key columns - {id1_2_0_}

&amp#27;[30m2020-02-08 10:21:31,481&amp#27;[0;39m &amp#27;[39mDEBUG&amp#27;[0;39m [&amp#27;[34mmain&amp#27;[0;39m] &amp#27;[33morg.hibernate.loader.entity.plan.EntityLoader&amp#27;[0;39m: Static select for entity in.rgukt.r081247.universityapi.entity.Student [NONE]: select student0_.id as id1_2_0_, student0_.dob as dob2_2_0_, student0_.name as name3_2_0_ from student student0_ where student0_.id=?
&amp#27;[30m2020-02-08 10:21:31,482&amp#27;[0;39m &amp#27;[39mDEBUG&amp#27;[0;39m [&amp#27;[34mmain&amp#27;[0;39m] &amp#27;[33morg.hibernate.loader.plan.build.internal.spaces.QuerySpacesImpl&amp#27;[0;39m: Adding QuerySpace : uid = <gen:0> -> org.hibernate.loader.plan.build.internal.spaces.EntityQuerySpaceImpl@67593f7b]
&amp#27;[30m2020-02-08 10:21:31,482&amp#27;[0;39m &amp#27;[39mDEBUG&amp#27;[0;39m [&amp#27;[34mmain&amp#27;[0;39m] &amp#27;[33morg.hibernate.persister.walking.spi.MetamodelGraphWalker&amp#27;[0;39m: Visiting attribute path : courses
&amp#27;[30m2020-02-08 10:21:31,483&amp#27;[0;39m &amp#27;[39mDEBUG&amp#27;[0;39m [&amp#27;[34mmain&amp#27;[0;39m] &amp#27;[33morg.hibernate.loader.plan.build.internal.spaces.QuerySpacesImpl&amp#27;[0;39m: Adding QuerySpace : uid = <gen:1> -> org.hibernate.loader.plan.build.internal.spaces.CollectionQuerySpaceImpl@497921d0]
&amp#27;[30m2020-02-08 10:21:31,483&amp#27;[0;39m &amp#27;[39mDEBUG&amp#27;[0;39m [&amp#27;[34mmain&amp#27;[0;39m] &amp#27;[33morg.hibernate.loader.plan.build.internal.spaces.QuerySpacesImpl&amp#27;[0;39m: Adding QuerySpace : uid = <gen:2> -> org.hibernate.loader.plan.build.internal.spaces.EntityQuerySpaceImpl@40d10264]
&amp#27;[30m2020-02-08 10:21:31,483&amp#27;[0;39m &amp#27;[39mDEBUG&amp#27;[0;39m [&amp#27;[34mmain&amp#27;[0;39m] &amp#27;[33morg.hibernate.persister.walking.spi.MetamodelGraphWalker&amp#27;[0;39m: Visiting attribute path : dob
&amp#27;[30m2020-02-08 10:21:31,483&amp#27;[0;39m &amp#27;[39mDEBUG&amp#27;[0;39m [&amp#27;[34mmain&amp#27;[0;39m] &amp#27;[33morg.hibernate.persister.walking.spi.MetamodelGraphWalker&amp#27;[0;39m: Visiting attribute path : name
&amp#27;[30m2020-02-08 10:21:31,484&amp#27;[0;39m &amp#27;[39mDEBUG&amp#27;[0;39m [&amp#27;[34mmain&amp#27;[0;39m] &amp#27;[33morg.hibernate.loader.plan.build.internal.FetchStyleLoadPlanBuildingAssociationVisitationStrategy&amp#27;[0;39m: Building LoadPlan...
&amp#27;[30m2020-02-08 10:21:31,484&amp#27;[0;39m &amp#27;[39mDEBUG&amp#27;[0;39m [&amp#27;[34mmain&amp#27;[0;39m] &amp#27;[33morg.hibernate.loader.plan.exec.internal.LoadQueryJoinAndFetchProcessor&amp#27;[0;39m: processing queryspace <gen:0>
&amp#27;[30m2020-02-08 10:21:31,485&amp#27;[0;39m &amp#27;[39mDEBUG&amp#27;[0;39m [&amp#27;[34mmain&amp#27;[0;39m] &amp#27;[33morg.hibernate.loader.plan.build.spi.LoadPlanTreePrinter&amp#27;[0;39m: LoadPlan(entity=in.rgukt.r081247.universityapi.entity.Student)
    - Returns
       - EntityReturnImpl(entity=in.rgukt.r081247.universityapi.entity.Student, querySpaceUid=<gen:0>, path=in.rgukt.r081247.universityapi.entity.Student)
          - CollectionAttributeFetchImpl(collection=in.rgukt.r081247.universityapi.entity.Student.courses, querySpaceUid=<gen:1>, path=in.rgukt.r081247.universityapi.entity.Student.courses)
             - (collection element) CollectionFetchableElementEntityGraph(entity=in.rgukt.r081247.universityapi.entity.Course, querySpaceUid=<gen:2>, path=in.rgukt.r081247.universityapi.entity.Student.courses.<elements>)
    - QuerySpaces
       - EntityQuerySpaceImpl(uid=<gen:0>, entity=in.rgukt.r081247.universityapi.entity.Student)
          - SQL table alias mapping - student0_
          - alias suffix - 0_
          - suffixed key columns - {id1_2_0_}

&amp#27;[30m2020-02-08 10:21:31,485&amp#27;[0;39m &amp#27;[39mDEBUG&amp#27;[0;39m [&amp#27;[34mmain&amp#27;[0;39m] &amp#27;[33morg.hibernate.loader.entity.plan.EntityLoader&amp#27;[0;39m: Static select for entity in.rgukt.r081247.universityapi.entity.Student [READ]: select student0_.id as id1_2_0_, student0_.dob as dob2_2_0_, student0_.name as name3_2_0_ from student student0_ where student0_.id=?
&amp#27;[30m2020-02-08 10:21:31,487&amp#27;[0;39m &amp#27;[39mDEBUG&amp#27;[0;39m [&amp#27;[34mmain&amp#27;[0;39m] &amp#27;[33morg.hibernate.loader.entity.CascadeEntityLoader&amp#27;[0;39m: Static select for action ACTION_MERGE on entity in.rgukt.r081247.universityapi.entity.Student: select student0_.id as id1_2_1_, student0_.dob as dob2_2_1_, student0_.name as name3_2_1_, courses1_.student_id as student_1_3_3_, course2_.id as course_i2_3_3_, course2_.id as id1_0_0_, course2_.department_id as departme3_0_0_, course2_.name as name2_0_0_ from student student0_ left outer join student_course courses1_ on student0_.id=courses1_.student_id left outer join course course2_ on courses1_.course_id=course2_.id where student0_.id=?
&amp#27;[30m2020-02-08 10:21:31,488&amp#27;[0;39m &amp#27;[39mDEBUG&amp#27;[0;39m [&amp#27;[34mmain&amp#27;[0;39m] &amp#27;[33morg.hibernate.loader.entity.CascadeEntityLoader&amp#27;[0;39m: Static select for action ACTION_REFRESH on entity in.rgukt.r081247.universityapi.entity.Student: select student0_.id as id1_2_1_, student0_.dob as dob2_2_1_, student0_.name as name3_2_1_, courses1_.student_id as student_1_3_3_, course2_.id as course_i2_3_3_, course2_.id as id1_0_0_, course2_.department_id as departme3_0_0_, course2_.name as name2_0_0_ from student student0_ left outer join student_course courses1_ on student0_.id=courses1_.student_id left outer join course course2_ on courses1_.course_id=course2_.id where student0_.id=?
&amp#27;[30m2020-02-08 10:21:31,494&amp#27;[0;39m &amp#27;[39mDEBUG&amp#27;[0;39m [&amp#27;[34mmain&amp#27;[0;39m] &amp#27;[33morg.hibernate.loader.plan.build.internal.spaces.QuerySpacesImpl&amp#27;[0;39m: Adding QuerySpace : uid = <gen:0> -> org.hibernate.loader.plan.build.internal.spaces.CollectionQuerySpaceImpl@286dfa20]
&amp#27;[30m2020-02-08 10:21:31,494&amp#27;[0;39m &amp#27;[39mDEBUG&amp#27;[0;39m [&amp#27;[34mmain&amp#27;[0;39m] &amp#27;[33morg.hibernate.loader.plan.build.internal.spaces.QuerySpacesImpl&amp#27;[0;39m: Adding QuerySpace : uid = <gen:1> -> org.hibernate.loader.plan.build.internal.spaces.EntityQuerySpaceImpl@1468e880]
&amp#27;[30m2020-02-08 10:21:31,497&amp#27;[0;39m &amp#27;[39mDEBUG&amp#27;[0;39m [&amp#27;[34mmain&amp#27;[0;39m] &amp#27;[33morg.hibernate.persister.walking.spi.MetamodelGraphWalker&amp#27;[0;39m: Visiting attribute path : department
&amp#27;[30m2020-02-08 10:21:31,498&amp#27;[0;39m &amp#27;[39mDEBUG&amp#27;[0;39m [&amp#27;[34mmain&amp#27;[0;39m] &amp#27;[33morg.hibernate.loader.plan.build.internal.spaces.QuerySpacesImpl&amp#27;[0;39m: Adding QuerySpace : uid = <gen:2> -> org.hibernate.loader.plan.build.internal.spaces.EntityQuerySpaceImpl@5bccaedb]
&amp#27;[30m2020-02-08 10:21:31,498&amp#27;[0;39m &amp#27;[39mDEBUG&amp#27;[0;39m [&amp#27;[34mmain&amp#27;[0;39m] &amp#27;[33morg.hibernate.persister.walking.spi.MetamodelGraphWalker&amp#27;[0;39m: Visiting attribute path : name
&amp#27;[30m2020-02-08 10:21:31,498&amp#27;[0;39m &amp#27;[39mDEBUG&amp#27;[0;39m [&amp#27;[34mmain&amp#27;[0;39m] &amp#27;[33morg.hibernate.persister.walking.spi.MetamodelGraphWalker&amp#27;[0;39m: Visiting attribute path : students
&amp#27;[30m2020-02-08 10:21:31,498&amp#27;[0;39m &amp#27;[39mDEBUG&amp#27;[0;39m [&amp#27;[34mmain&amp#27;[0;39m] &amp#27;[33morg.hibernate.persister.walking.spi.MetamodelGraphWalker&amp#27;[0;39m: Property path deemed to be circular : students
&amp#27;[30m2020-02-08 10:21:31,499&amp#27;[0;39m &amp#27;[39mDEBUG&amp#27;[0;39m [&amp#27;[34mmain&amp#27;[0;39m] &amp#27;[33morg.hibernate.loader.plan.build.internal.FetchStyleLoadPlanBuildingAssociationVisitationStrategy&amp#27;[0;39m: Building LoadPlan...
&amp#27;[30m2020-02-08 10:21:31,503&amp#27;[0;39m &amp#27;[39mDEBUG&amp#27;[0;39m [&amp#27;[34mmain&amp#27;[0;39m] &amp#27;[33morg.hibernate.loader.plan.exec.internal.LoadQueryJoinAndFetchProcessor&amp#27;[0;39m: processing queryspace <gen:0>
&amp#27;[30m2020-02-08 10:21:31,505&amp#27;[0;39m &amp#27;[39mDEBUG&amp#27;[0;39m [&amp#27;[34mmain&amp#27;[0;39m] &amp#27;[33morg.hibernate.loader.plan.build.spi.LoadPlanTreePrinter&amp#27;[0;39m: LoadPlan(collection=in.rgukt.r081247.universityapi.entity.Student.courses)
    - Returns
       - CollectionReturnImpl(collection=in.rgukt.r081247.universityapi.entity.Student.courses, querySpaceUid=<gen:0>, path=[in.rgukt.r081247.universityapi.entity.Student.courses])
          - (collection element) CollectionFetchableElementEntityGraph(entity=in.rgukt.r081247.universityapi.entity.Course, querySpaceUid=<gen:1>, path=[in.rgukt.r081247.universityapi.entity.Student.courses].<elements>)
             - EntityAttributeFetchImpl(entity=in.rgukt.r081247.universityapi.entity.Department, querySpaceUid=<gen:2>, path=[in.rgukt.r081247.universityapi.entity.Student.courses].<elements>.department)
    - QuerySpaces
       - CollectionQuerySpaceImpl(uid=<gen:0>, collection=in.rgukt.r081247.universityapi.entity.Student.courses)
          - SQL table alias mapping - courses0_
          - alias suffix - 0_
          - suffixed key columns - {student_1_3_0_}
          - entity-element alias suffix - 1_
          - 1_entity-element suffixed key columns - id1_0_1_
          - JOIN (JoinDefinedByMetadata(elements)) : <gen:0> -> <gen:1>
             - EntityQuerySpaceImpl(uid=<gen:1>, entity=in.rgukt.r081247.universityapi.entity.Course)
                - SQL table alias mapping - course1_
                - alias suffix - 1_
                - suffixed key columns - {id1_0_1_}

&amp#27;[30m2020-02-08 10:21:31,506&amp#27;[0;39m &amp#27;[39mDEBUG&amp#27;[0;39m [&amp#27;[34mmain&amp#27;[0;39m] &amp#27;[33morg.hibernate.loader.collection.plan.CollectionLoader&amp#27;[0;39m: Static select for collection in.rgukt.r081247.universityapi.entity.Student.courses: select courses0_.student_id as student_1_3_0_, courses0_.course_id as course_i2_3_0_, course1_.id as id1_0_1_, course1_.department_id as departme3_0_1_, course1_.name as name2_0_1_ from student_course courses0_ inner join course course1_ on courses0_.course_id=course1_.id where courses0_.student_id=?
&amp#27;[30m2020-02-08 10:21:31,506&amp#27;[0;39m &amp#27;[39mDEBUG&amp#27;[0;39m [&amp#27;[34mmain&amp#27;[0;39m] &amp#27;[33morg.hibernate.loader.plan.build.internal.spaces.QuerySpacesImpl&amp#27;[0;39m: Adding QuerySpace : uid = <gen:0> -> org.hibernate.loader.plan.build.internal.spaces.CollectionQuerySpaceImpl@3d7b3b18]
&amp#27;[30m2020-02-08 10:21:31,506&amp#27;[0;39m &amp#27;[39mDEBUG&amp#27;[0;39m [&amp#27;[34mmain&amp#27;[0;39m] &amp#27;[33morg.hibernate.loader.plan.build.internal.spaces.QuerySpacesImpl&amp#27;[0;39m: Adding QuerySpace : uid = <gen:1> -> org.hibernate.loader.plan.build.internal.spaces.EntityQuerySpaceImpl@186dcb05]
&amp#27;[30m2020-02-08 10:21:31,507&amp#27;[0;39m &amp#27;[39mDEBUG&amp#27;[0;39m [&amp#27;[34mmain&amp#27;[0;39m] &amp#27;[33morg.hibernate.persister.walking.spi.MetamodelGraphWalker&amp#27;[0;39m: Visiting attribute path : department
&amp#27;[30m2020-02-08 10:21:31,507&amp#27;[0;39m &amp#27;[39mDEBUG&amp#27;[0;39m [&amp#27;[34mmain&amp#27;[0;39m] &amp#27;[33morg.hibernate.persister.walking.spi.MetamodelGraphWalker&amp#27;[0;39m: Property path deemed to be circular : department
&amp#27;[30m2020-02-08 10:21:31,507&amp#27;[0;39m &amp#27;[39mDEBUG&amp#27;[0;39m [&amp#27;[34mmain&amp#27;[0;39m] &amp#27;[33morg.hibernate.persister.walking.spi.MetamodelGraphWalker&amp#27;[0;39m: Visiting attribute path : name
&amp#27;[30m2020-02-08 10:21:31,507&amp#27;[0;39m &amp#27;[39mDEBUG&amp#27;[0;39m [&amp#27;[34mmain&amp#27;[0;39m] &amp#27;[33morg.hibernate.persister.walking.spi.MetamodelGraphWalker&amp#27;[0;39m: Visiting attribute path : students
&amp#27;[30m2020-02-08 10:21:31,508&amp#27;[0;39m &amp#27;[39mDEBUG&amp#27;[0;39m [&amp#27;[34mmain&amp#27;[0;39m] &amp#27;[33morg.hibernate.loader.plan.build.internal.spaces.QuerySpacesImpl&amp#27;[0;39m: Adding QuerySpace : uid = <gen:2> -> org.hibernate.loader.plan.build.internal.spaces.CollectionQuerySpaceImpl@58a8ea6f]
&amp#27;[30m2020-02-08 10:21:31,508&amp#27;[0;39m &amp#27;[39mDEBUG&amp#27;[0;39m [&amp#27;[34mmain&amp#27;[0;39m] &amp#27;[33morg.hibernate.loader.plan.build.internal.spaces.QuerySpacesImpl&amp#27;[0;39m: Adding QuerySpace : uid = <gen:3> -> org.hibernate.loader.plan.build.internal.spaces.EntityQuerySpaceImpl@2e6b379c]
&amp#27;[30m2020-02-08 10:21:31,508&amp#27;[0;39m &amp#27;[39mDEBUG&amp#27;[0;39m [&amp#27;[34mmain&amp#27;[0;39m] &amp#27;[33morg.hibernate.loader.plan.build.internal.FetchStyleLoadPlanBuildingAssociationVisitationStrategy&amp#27;[0;39m: Building LoadPlan...
&amp#27;[30m2020-02-08 10:21:31,510&amp#27;[0;39m &amp#27;[39mDEBUG&amp#27;[0;39m [&amp#27;[34mmain&amp#27;[0;39m] &amp#27;[33morg.hibernate.loader.plan.exec.internal.LoadQueryJoinAndFetchProcessor&amp#27;[0;39m: processing queryspace <gen:0>
&amp#27;[30m2020-02-08 10:21:31,511&amp#27;[0;39m &amp#27;[39mDEBUG&amp#27;[0;39m [&amp#27;[34mmain&amp#27;[0;39m] &amp#27;[33morg.hibernate.loader.plan.build.spi.LoadPlanTreePrinter&amp#27;[0;39m: LoadPlan(collection=in.rgukt.r081247.universityapi.entity.Department.courses)
    - Returns
       - CollectionReturnImpl(collection=in.rgukt.r081247.universityapi.entity.Department.courses, querySpaceUid=<gen:0>, path=[in.rgukt.r081247.universityapi.entity.Department.courses])
          - (collection element) CollectionFetchableElementEntityGraph(entity=in.rgukt.r081247.universityapi.entity.Course, querySpaceUid=<gen:1>, path=[in.rgukt.r081247.universityapi.entity.Department.courses].<elements>)
             - CollectionAttributeFetchImpl(collection=in.rgukt.r081247.universityapi.entity.Course.students, querySpaceUid=<gen:2>, path=[in.rgukt.r081247.universityapi.entity.Department.courses].<elements>.students)
                - (collection element) CollectionFetchableElementEntityGraph(entity=in.rgukt.r081247.universityapi.entity.Student, querySpaceUid=<gen:3>, path=[in.rgukt.r081247.universityapi.entity.Department.courses].<elements>.students.<elements>)
    - QuerySpaces
       - CollectionQuerySpaceImpl(uid=<gen:0>, collection=in.rgukt.r081247.universityapi.entity.Department.courses)
          - SQL table alias mapping - courses0_
          - alias suffix - 0_
          - suffixed key columns - {departme3_0_0_}
          - entity-element alias suffix - 1_
          - 1_entity-element suffixed key columns - id1_0_1_
          - JOIN (JoinDefinedByMetadata(elements)) : <gen:0> -> <gen:1>
             - EntityQuerySpaceImpl(uid=<gen:1>, entity=in.rgukt.r081247.universityapi.entity.Course)
                - SQL table alias mapping - courses0_
                - alias suffix - 1_
                - suffixed key columns - {id1_0_1_}

&amp#27;[30m2020-02-08 10:21:31,511&amp#27;[0;39m &amp#27;[39mDEBUG&amp#27;[0;39m [&amp#27;[34mmain&amp#27;[0;39m] &amp#27;[33morg.hibernate.loader.collection.plan.CollectionLoader&amp#27;[0;39m: Static select for collection in.rgukt.r081247.universityapi.entity.Department.courses: select courses0_.department_id as departme3_0_0_, courses0_.id as id1_0_0_, courses0_.id as id1_0_1_, courses0_.department_id as departme3_0_1_, courses0_.name as name2_0_1_ from course courses0_ where courses0_.department_id=?
&amp#27;[30m2020-02-08 10:21:31,512&amp#27;[0;39m &amp#27;[39mDEBUG&amp#27;[0;39m [&amp#27;[34mmain&amp#27;[0;39m] &amp#27;[33morg.hibernate.loader.plan.build.internal.spaces.QuerySpacesImpl&amp#27;[0;39m: Adding QuerySpace : uid = <gen:0> -> org.hibernate.loader.plan.build.internal.spaces.CollectionQuerySpaceImpl@773c7147]
&amp#27;[30m2020-02-08 10:21:31,512&amp#27;[0;39m &amp#27;[39mDEBUG&amp#27;[0;39m [&amp#27;[34mmain&amp#27;[0;39m] &amp#27;[33morg.hibernate.loader.plan.build.internal.spaces.QuerySpacesImpl&amp#27;[0;39m: Adding QuerySpace : uid = <gen:1> -> org.hibernate.loader.plan.build.internal.spaces.EntityQuerySpaceImpl@5abc5854]
&amp#27;[30m2020-02-08 10:21:31,512&amp#27;[0;39m &amp#27;[39mDEBUG&amp#27;[0;39m [&amp#27;[34mmain&amp#27;[0;39m] &amp#27;[33morg.hibernate.persister.walking.spi.MetamodelGraphWalker&amp#27;[0;39m: Visiting attribute path : courses
&amp#27;[30m2020-02-08 10:21:31,514&amp#27;[0;39m &amp#27;[39mDEBUG&amp#27;[0;39m [&amp#27;[34mmain&amp#27;[0;39m] &amp#27;[33morg.hibernate.persister.walking.spi.MetamodelGraphWalker&amp#27;[0;39m: Property path deemed to be circular : courses
&amp#27;[30m2020-02-08 10:21:31,515&amp#27;[0;39m &amp#27;[39mDEBUG&amp#27;[0;39m [&amp#27;[34mmain&amp#27;[0;39m] &amp#27;[33morg.hibernate.persister.walking.spi.MetamodelGraphWalker&amp#27;[0;39m: Visiting attribute path : dob
&amp#27;[30m2020-02-08 10:21:31,515&amp#27;[0;39m &amp#27;[39mDEBUG&amp#27;[0;39m [&amp#27;[34mmain&amp#27;[0;39m] &amp#27;[33morg.hibernate.persister.walking.spi.MetamodelGraphWalker&amp#27;[0;39m: Visiting attribute path : name
&amp#27;[30m2020-02-08 10:21:31,515&amp#27;[0;39m &amp#27;[39mDEBUG&amp#27;[0;39m [&amp#27;[34mmain&amp#27;[0;39m] &amp#27;[33morg.hibernate.loader.plan.build.internal.FetchStyleLoadPlanBuildingAssociationVisitationStrategy&amp#27;[0;39m: Building LoadPlan...
&amp#27;[30m2020-02-08 10:21:31,516&amp#27;[0;39m &amp#27;[39mDEBUG&amp#27;[0;39m [&amp#27;[34mmain&amp#27;[0;39m] &amp#27;[33morg.hibernate.loader.plan.exec.internal.LoadQueryJoinAndFetchProcessor&amp#27;[0;39m: processing queryspace <gen:0>
&amp#27;[30m2020-02-08 10:21:31,519&amp#27;[0;39m &amp#27;[39mDEBUG&amp#27;[0;39m [&amp#27;[34mmain&amp#27;[0;39m] &amp#27;[33morg.hibernate.loader.plan.build.spi.LoadPlanTreePrinter&amp#27;[0;39m: LoadPlan(collection=in.rgukt.r081247.universityapi.entity.Course.students)
    - Returns
       - CollectionReturnImpl(collection=in.rgukt.r081247.universityapi.entity.Course.students, querySpaceUid=<gen:0>, path=[in.rgukt.r081247.universityapi.entity.Course.students])
          - (collection element) CollectionFetchableElementEntityGraph(entity=in.rgukt.r081247.universityapi.entity.Student, querySpaceUid=<gen:1>, path=[in.rgukt.r081247.universityapi.entity.Course.students].<elements>)
    - QuerySpaces
       - CollectionQuerySpaceImpl(uid=<gen:0>, collection=in.rgukt.r081247.universityapi.entity.Course.students)
          - SQL table alias mapping - students0_
          - alias suffix - 0_
          - suffixed key columns - {course_i2_3_0_}
          - entity-element alias suffix - 1_
          - 1_entity-element suffixed key columns - id1_2_1_
          - JOIN (JoinDefinedByMetadata(elements)) : <gen:0> -> <gen:1>
             - EntityQuerySpaceImpl(uid=<gen:1>, entity=in.rgukt.r081247.universityapi.entity.Student)
                - SQL table alias mapping - student1_
                - alias suffix - 1_
                - suffixed key columns - {id1_2_1_}

&amp#27;[30m2020-02-08 10:21:31,519&amp#27;[0;39m &amp#27;[39mDEBUG&amp#27;[0;39m [&amp#27;[34mmain&amp#27;[0;39m] &amp#27;[33morg.hibernate.loader.collection.plan.CollectionLoader&amp#27;[0;39m: Static select for collection in.rgukt.r081247.universityapi.entity.Course.students: select students0_.course_id as course_i2_3_0_, students0_.student_id as student_1_3_0_, student1_.id as id1_2_1_, student1_.dob as dob2_2_1_, student1_.name as name3_2_1_ from student_course students0_ inner join student student1_ on students0_.student_id=student1_.id where students0_.course_id=?
&amp#27;[30m2020-02-08 10:21:31,573&amp#27;[0;39m &amp#27;[39mDEBUG&amp#27;[0;39m [&amp#27;[34mmain&amp#27;[0;39m] &amp#27;[33morg.hibernate.engine.jdbc.spi.SqlStatementLogger&amp#27;[0;39m: 
    
    drop table course if exists
&amp#27;[30m2020-02-08 10:21:31,577&amp#27;[0;39m &amp#27;[39mDEBUG&amp#27;[0;39m [&amp#27;[34mmain&amp#27;[0;39m] &amp#27;[33morg.hibernate.engine.jdbc.spi.SqlStatementLogger&amp#27;[0;39m: 
    
    drop table department if exists
&amp#27;[30m2020-02-08 10:21:31,577&amp#27;[0;39m &amp#27;[39mDEBUG&amp#27;[0;39m [&amp#27;[34mmain&amp#27;[0;39m] &amp#27;[33morg.hibernate.engine.jdbc.spi.SqlStatementLogger&amp#27;[0;39m: 
    
    drop table student if exists
&amp#27;[30m2020-02-08 10:21:31,578&amp#27;[0;39m &amp#27;[39mDEBUG&amp#27;[0;39m [&amp#27;[34mmain&amp#27;[0;39m] &amp#27;[33morg.hibernate.engine.jdbc.spi.SqlStatementLogger&amp#27;[0;39m: 
    
    drop table student_course if exists
&amp#27;[30m2020-02-08 10:21:31,581&amp#27;[0;39m &amp#27;[39mDEBUG&amp#27;[0;39m [&amp#27;[34mmain&amp#27;[0;39m] &amp#27;[33morg.hibernate.engine.jdbc.spi.SqlStatementLogger&amp#27;[0;39m: 
    
    create table course (
       id bigint generated by default as identity,
        name varchar(100) not null,
        department_id bigint,
        primary key (id)
    )
&amp#27;[30m2020-02-08 10:21:31,636&amp#27;[0;39m &amp#27;[39mDEBUG&amp#27;[0;39m [&amp#27;[34mmain&amp#27;[0;39m] &amp#27;[33morg.hibernate.engine.jdbc.spi.SqlStatementLogger&amp#27;[0;39m: 
    
    create table department (
       id bigint generated by default as identity,
        name varchar(100) not null,
        primary key (id)
    )
&amp#27;[30m2020-02-08 10:21:31,639&amp#27;[0;39m &amp#27;[39mDEBUG&amp#27;[0;39m [&amp#27;[34mmain&amp#27;[0;39m] &amp#27;[33morg.hibernate.engine.jdbc.spi.SqlStatementLogger&amp#27;[0;39m: 
    
    create table student (
       id bigint generated by default as identity,
        dob date,
        name varchar(100) not null,
        primary key (id)
    )
&amp#27;[30m2020-02-08 10:21:31,642&amp#27;[0;39m &amp#27;[39mDEBUG&amp#27;[0;39m [&amp#27;[34mmain&amp#27;[0;39m] &amp#27;[33morg.hibernate.engine.jdbc.spi.SqlStatementLogger&amp#27;[0;39m: 
    
    create table student_course (
       student_id bigint not null,
        course_id bigint not null,
        primary key (student_id, course_id)
    )
&amp#27;[30m2020-02-08 10:21:31,656&amp#27;[0;39m &amp#27;[39mDEBUG&amp#27;[0;39m [&amp#27;[34mmain&amp#27;[0;39m] &amp#27;[33morg.hibernate.engine.jdbc.spi.SqlStatementLogger&amp#27;[0;39m: 
    
    alter table course 
       add constraint FKi1btm7ma8n3gaj6afdno300wm 
       foreign key (department_id) 
       references department
&amp#27;[30m2020-02-08 10:21:31,673&amp#27;[0;39m &amp#27;[39mDEBUG&amp#27;[0;39m [&amp#27;[34mmain&amp#27;[0;39m] &amp#27;[33morg.hibernate.engine.jdbc.spi.SqlStatementLogger&amp#27;[0;39m: 
    
    alter table student_course 
       add constraint FKejrkh4gv8iqgmspsanaji90ws 
       foreign key (course_id) 
       references course
&amp#27;[30m2020-02-08 10:21:31,683&amp#27;[0;39m &amp#27;[39mDEBUG&amp#27;[0;39m [&amp#27;[34mmain&amp#27;[0;39m] &amp#27;[33morg.hibernate.engine.jdbc.spi.SqlStatementLogger&amp#27;[0;39m: 
    
    alter table student_course 
       add constraint FKq7yw2wg9wlt2cnj480hcdn6dq 
       foreign key (student_id) 
       references student
&amp#27;[30m2020-02-08 10:21:31,689&amp#27;[0;39m &amp#27;[34mINFO &amp#27;[0;39m [&amp#27;[34mmain&amp#27;[0;39m] &amp#27;[33morg.hibernate.tool.schema.internal.SchemaCreatorImpl&amp#27;[0;39m: HHH000476: Executing import script 'org.hibernate.tool.schema.internal.exec.ScriptSourceInputNonExistentImpl@6ab1f85b'
&amp#27;[30m2020-02-08 10:21:31,690&amp#27;[0;39m &amp#27;[39mDEBUG&amp#27;[0;39m [&amp#27;[34mmain&amp#27;[0;39m] &amp#27;[33morg.hibernate.query.spi.NamedQueryRepository&amp#27;[0;39m: Checking 0 named HQL queries
&amp#27;[30m2020-02-08 10:21:31,691&amp#27;[0;39m &amp#27;[39mDEBUG&amp#27;[0;39m [&amp#27;[34mmain&amp#27;[0;39m] &amp#27;[33morg.hibernate.query.spi.NamedQueryRepository&amp#27;[0;39m: Checking 0 named SQL queries
&amp#27;[30m2020-02-08 10:21:31,693&amp#27;[0;39m &amp#27;[39mDEBUG&amp#27;[0;39m [&amp#27;[34mmain&amp#27;[0;39m] &amp#27;[33morg.hibernate.internal.SessionFactoryRegistry&amp#27;[0;39m: Initializing SessionFactoryRegistry : org.hibernate.internal.SessionFactoryRegistry@47c5cbf2
&amp#27;[30m2020-02-08 10:21:31,694&amp#27;[0;39m &amp#27;[39mDEBUG&amp#27;[0;39m [&amp#27;[34mmain&amp#27;[0;39m] &amp#27;[33morg.hibernate.internal.SessionFactoryRegistry&amp#27;[0;39m: Registering SessionFactory: c6fe278a-03d5-4b5a-bf9f-d2cf1ff2e4d8 (<unnamed>)
&amp#27;[30m2020-02-08 10:21:31,694&amp#27;[0;39m &amp#27;[39mDEBUG&amp#27;[0;39m [&amp#27;[34mmain&amp#27;[0;39m] &amp#27;[33morg.hibernate.internal.SessionFactoryRegistry&amp#27;[0;39m: Not binding SessionFactory to JNDI, no JNDI name configured
&amp#27;[30m2020-02-08 10:21:31,694&amp#27;[0;39m &amp#27;[34mINFO &amp#27;[0;39m [&amp#27;[34mmain&amp#27;[0;39m] &amp#27;[33morg.springframework.orm.jpa.AbstractEntityManagerFactoryBean&amp#27;[0;39m: Initialized JPA EntityManagerFactory for persistence unit 'default'
&amp#27;[30m2020-02-08 10:21:31,725&amp#27;[0;39m &amp#27;[39mDEBUG&amp#27;[0;39m [&amp#27;[34mmain&amp#27;[0;39m] &amp#27;[33morg.springframework.beans.factory.support.DefaultSingletonBeanRegistry&amp#27;[0;39m: Creating shared instance of singleton bean 'delegatingApplicationListener'
&amp#27;[30m2020-02-08 10:21:31,732&amp#27;[0;39m &amp#27;[39mDEBUG&amp#27;[0;39m [&amp#27;[34mmain&amp#27;[0;39m] &amp#27;[33morg.springframework.beans.factory.support.DefaultSingletonBeanRegistry&amp#27;[0;39m: Creating shared instance of singleton bean 'crmApplication'
&amp#27;[30m2020-02-08 10:21:31,744&amp#27;[0;39m &amp#27;[39mDEBUG&amp#27;[0;39m [&amp#27;[34mmain&amp#27;[0;39m] &amp#27;[33morg.springframework.beans.factory.support.DefaultSingletonBeanRegistry&amp#27;[0;39m: Creating shared instance of singleton bean 'crmCofig'
&amp#27;[30m2020-02-08 10:21:31,754&amp#27;[0;39m &amp#27;[39mDEBUG&amp#27;[0;39m [&amp#27;[34mmain&amp#27;[0;39m] &amp#27;[33morg.springframework.beans.factory.support.DefaultSingletonBeanRegistry&amp#27;[0;39m: Creating shared instance of singleton bean 'securityConfiguration'
&amp#27;[30m2020-02-08 10:21:31,805&amp#27;[0;39m &amp#27;[39mDEBUG&amp#27;[0;39m [&amp#27;[34mmain&amp#27;[0;39m] &amp#27;[33morg.springframework.beans.factory.support.DefaultSingletonBeanRegistry&amp#27;[0;39m: Creating shared instance of singleton bean 'mvcContentNegotiationManager'
&amp#27;[30m2020-02-08 10:21:31,806&amp#27;[0;39m &amp#27;[39mDEBUG&amp#27;[0;39m [&amp#27;[34mmain&amp#27;[0;39m] &amp#27;[33morg.springframework.beans.factory.support.DefaultSingletonBeanRegistry&amp#27;[0;39m: Creating shared instance of singleton bean 'org.springframework.boot.autoconfigure.web.servlet.WebMvcAutoConfiguration$EnableWebMvcConfiguration'
&amp#27;[30m2020-02-08 10:21:31,807&amp#27;[0;39m &amp#27;[39mDEBUG&amp#27;[0;39m [&amp#27;[34mmain&amp#27;[0;39m] &amp#27;[33morg.springframework.core.LocalVariableTableParameterNameDiscoverer&amp#27;[0;39m: Cannot find '.class' file for class [class org.springframework.boot.autoconfigure.web.servlet.WebMvcAutoConfiguration$EnableWebMvcConfiguration$$EnhancerBySpringCGLIB$$415b28eb] - unable to determine constructor/method parameter names
&amp#27;[30m2020-02-08 10:21:31,812&amp#27;[0;39m &amp#27;[39mDEBUG&amp#27;[0;39m [&amp#27;[34mmain&amp#27;[0;39m] &amp#27;[33morg.springframework.beans.factory.support.ConstructorResolver&amp#27;[0;39m: Autowiring by type from bean name 'org.springframework.boot.autoconfigure.web.servlet.WebMvcAutoConfiguration$EnableWebMvcConfiguration' via constructor to bean named 'org.springframework.beans.factory.support.DefaultListableBeanFactory@7544a1e4'
&amp#27;[30m2020-02-08 10:21:31,815&amp#27;[0;39m &amp#27;[39mDEBUG&amp#27;[0;39m [&amp#27;[34mmain&amp#27;[0;39m] &amp#27;[33morg.springframework.beans.factory.support.DefaultSingletonBeanRegistry&amp#27;[0;39m: Creating shared instance of singleton bean 'spring.mvc-org.springframework.boot.autoconfigure.web.servlet.WebMvcProperties'
&amp#27;[30m2020-02-08 10:21:31,842&amp#27;[0;39m &amp#27;[39mDEBUG&amp#27;[0;39m [&amp#27;[34mmain&amp#27;[0;39m] &amp#27;[33morg.springframework.beans.factory.support.DefaultSingletonBeanRegistry&amp#27;[0;39m: Creating shared instance of singleton bean 'org.springframework.security.config.annotation.web.configuration.WebMvcSecurityConfiguration'
&amp#27;[30m2020-02-08 10:21:31,856&amp#27;[0;39m &amp#27;[39mDEBUG&amp#27;[0;39m [&amp#27;[34mmain&amp#27;[0;39m] &amp#27;[33morg.springframework.beans.factory.support.DefaultSingletonBeanRegistry&amp#27;[0;39m: Creating shared instance of singleton bean 'org.springframework.boot.autoconfigure.web.servlet.WebMvcAutoConfiguration$WebMvcAutoConfigurationAdapter'
&amp#27;[30m2020-02-08 10:21:31,857&amp#27;[0;39m &amp#27;[39mDEBUG&amp#27;[0;39m [&amp#27;[34mmain&amp#27;[0;39m] &amp#27;[33morg.springframework.core.LocalVariableTableParameterNameDiscoverer&amp#27;[0;39m: Cannot find '.class' file for class [class org.springframework.boot.autoconfigure.web.servlet.WebMvcAutoConfiguration$WebMvcAutoConfigurationAdapter$$EnhancerBySpringCGLIB$$e35ef3d0] - unable to determine constructor/method parameter names
&amp#27;[30m2020-02-08 10:21:31,860&amp#27;[0;39m &amp#27;[39mDEBUG&amp#27;[0;39m [&amp#27;[34mmain&amp#27;[0;39m] &amp#27;[33morg.springframework.beans.factory.support.DefaultSingletonBeanRegistry&amp#27;[0;39m: Creating shared instance of singleton bean 'spring.resources-org.springframework.boot.autoconfigure.web.ResourceProperties'
&amp#27;[30m2020-02-08 10:21:31,883&amp#27;[0;39m &amp#27;[39mDEBUG&amp#27;[0;39m [&amp#27;[34mmain&amp#27;[0;39m] &amp#27;[33morg.springframework.beans.factory.support.ConstructorResolver&amp#27;[0;39m: Autowiring by type from bean name 'org.springframework.boot.autoconfigure.web.servlet.WebMvcAutoConfiguration$WebMvcAutoConfigurationAdapter' via constructor to bean named 'spring.resources-org.springframework.boot.autoconfigure.web.ResourceProperties'
&amp#27;[30m2020-02-08 10:21:31,884&amp#27;[0;39m &amp#27;[39mDEBUG&amp#27;[0;39m [&amp#27;[34mmain&amp#27;[0;39m] &amp#27;[33morg.springframework.beans.factory.support.ConstructorResolver&amp#27;[0;39m: Autowiring by type from bean name 'org.springframework.boot.autoconfigure.web.servlet.WebMvcAutoConfiguration$WebMvcAutoConfigurationAdapter' via constructor to bean named 'spring.mvc-org.springframework.boot.autoconfigure.web.servlet.WebMvcProperties'
&amp#27;[30m2020-02-08 10:21:31,886&amp#27;[0;39m &amp#27;[39mDEBUG&amp#27;[0;39m [&amp#27;[34mmain&amp#27;[0;39m] &amp#27;[33morg.springframework.beans.factory.support.ConstructorResolver&amp#27;[0;39m: Autowiring by type from bean name 'org.springframework.boot.autoconfigure.web.servlet.WebMvcAutoConfiguration$WebMvcAutoConfigurationAdapter' via constructor to bean named 'org.springframework.beans.factory.support.DefaultListableBeanFactory@7544a1e4'
&amp#27;[30m2020-02-08 10:21:31,910&amp#27;[0;39m &amp#27;[39mDEBUG&amp#27;[0;39m [&amp#27;[34mmain&amp#27;[0;39m] &amp#27;[33morg.springframework.beans.factory.support.DefaultSingletonBeanRegistry&amp#27;[0;39m: Creating shared instance of singleton bean 'org.springframework.boot.autoconfigure.orm.jpa.JpaBaseConfiguration$JpaWebConfiguration$JpaWebMvcConfiguration'
&amp#27;[30m2020-02-08 10:21:31,911&amp#27;[0;39m &amp#27;[39mDEBUG&amp#27;[0;39m [&amp#27;[34mmain&amp#27;[0;39m] &amp#27;[33morg.springframework.core.LocalVariableTableParameterNameDiscoverer&amp#27;[0;39m: Cannot find '.class' file for class [class org.springframework.boot.autoconfigure.orm.jpa.JpaBaseConfiguration$JpaWebConfiguration$JpaWebMvcConfiguration$$EnhancerBySpringCGLIB$$1fa8e563] - unable to determine constructor/method parameter names
&amp#27;[30m2020-02-08 10:21:31,913&amp#27;[0;39m &amp#27;[39mDEBUG&amp#27;[0;39m [&amp#27;[34mmain&amp#27;[0;39m] &amp#27;[33morg.springframework.beans.factory.support.ConstructorResolver&amp#27;[0;39m: Autowiring by type from bean name 'org.springframework.boot.autoconfigure.orm.jpa.JpaBaseConfiguration$JpaWebConfiguration$JpaWebMvcConfiguration' via constructor to bean named 'spring.jpa-org.springframework.boot.autoconfigure.orm.jpa.JpaProperties'
&amp#27;[30m2020-02-08 10:21:31,921&amp#27;[0;39m &amp#27;[39mDEBUG&amp#27;[0;39m [&amp#27;[34mmain&amp#27;[0;39m] &amp#27;[33morg.springframework.beans.factory.support.DefaultSingletonBeanRegistry&amp#27;[0;39m: Creating shared instance of singleton bean 'org.springframework.data.web.config.SpringDataWebConfiguration'
&amp#27;[30m2020-02-08 10:21:31,922&amp#27;[0;39m &amp#27;[39mDEBUG&amp#27;[0;39m [&amp#27;[34mmain&amp#27;[0;39m] &amp#27;[33morg.springframework.core.LocalVariableTableParameterNameDiscoverer&amp#27;[0;39m: Cannot find '.class' file for class [class org.springframework.data.web.config.SpringDataWebConfiguration$$EnhancerBySpringCGLIB$$37d206be] - unable to determine constructor/method parameter names
&amp#27;[30m2020-02-08 10:21:31,924&amp#27;[0;39m &amp#27;[39mDEBUG&amp#27;[0;39m [&amp#27;[34mmain&amp#27;[0;39m] &amp#27;[33morg.springframework.beans.factory.support.ConstructorResolver&amp#27;[0;39m: Autowiring by type from bean name 'org.springframework.data.web.config.SpringDataWebConfiguration' via constructor to bean named 'org.springframework.web.context.support.GenericWebApplicationContext@42a9e5d1'
&amp#27;[30m2020-02-08 10:21:31,933&amp#27;[0;39m &amp#27;[39mDEBUG&amp#27;[0;39m [&amp#27;[34mmain&amp#27;[0;39m] &amp#27;[33morg.springframework.beans.factory.support.DefaultSingletonBeanRegistry&amp#27;[0;39m: Creating shared instance of singleton bean 'pageableCustomizer'
&amp#27;[30m2020-02-08 10:21:31,934&amp#27;[0;39m &amp#27;[39mDEBUG&amp#27;[0;39m [&amp#27;[34mmain&amp#27;[0;39m] &amp#27;[33morg.springframework.beans.factory.support.DefaultSingletonBeanRegistry&amp#27;[0;39m: Creating shared instance of singleton bean 'org.springframework.boot.autoconfigure.data.web.SpringDataWebAutoConfiguration'
&amp#27;[30m2020-02-08 10:21:31,935&amp#27;[0;39m &amp#27;[39mDEBUG&amp#27;[0;39m [&amp#27;[34mmain&amp#27;[0;39m] &amp#27;[33morg.springframework.core.LocalVariableTableParameterNameDiscoverer&amp#27;[0;39m: Cannot find '.class' file for class [class org.springframework.boot.autoconfigure.data.web.SpringDataWebAutoConfiguration$$EnhancerBySpringCGLIB$$c2048e8c] - unable to determine constructor/method parameter names
&amp#27;[30m2020-02-08 10:21:31,937&amp#27;[0;39m &amp#27;[39mDEBUG&amp#27;[0;39m [&amp#27;[34mmain&amp#27;[0;39m] &amp#27;[33morg.springframework.beans.factory.support.DefaultSingletonBeanRegistry&amp#27;[0;39m: Creating shared instance of singleton bean 'spring.data.web-org.springframework.boot.autoconfigure.data.web.SpringDataWebProperties'
&amp#27;[30m2020-02-08 10:21:31,941&amp#27;[0;39m &amp#27;[39mDEBUG&amp#27;[0;39m [&amp#27;[34mmain&amp#27;[0;39m] &amp#27;[33morg.springframework.beans.factory.support.ConstructorResolver&amp#27;[0;39m: Autowiring by type from bean name 'org.springframework.boot.autoconfigure.data.web.SpringDataWebAutoConfiguration' via constructor to bean named 'spring.data.web-org.springframework.boot.autoconfigure.data.web.SpringDataWebProperties'
&amp#27;[30m2020-02-08 10:21:31,960&amp#27;[0;39m &amp#27;[39mDEBUG&amp#27;[0;39m [&amp#27;[34mmain&amp#27;[0;39m] &amp#27;[33morg.springframework.beans.factory.support.DefaultSingletonBeanRegistry&amp#27;[0;39m: Creating shared instance of singleton bean 'sortCustomizer'
&amp#27;[30m2020-02-08 10:21:32,027&amp#27;[0;39m &amp#27;[39mDEBUG&amp#27;[0;39m [&amp#27;[34mmain&amp#27;[0;39m] &amp#27;[33morg.springframework.beans.factory.support.DefaultSingletonBeanRegistry&amp#27;[0;39m: Creating shared instance of singleton bean 'org.springframework.security.config.annotation.authentication.configuration.AuthenticationConfiguration'
&amp#27;[30m2020-02-08 10:21:32,037&amp#27;[0;39m &amp#27;[39mDEBUG&amp#27;[0;39m [&amp#27;[34mmain&amp#27;[0;39m] &amp#27;[33morg.springframework.beans.factory.support.DefaultSingletonBeanRegistry&amp#27;[0;39m: Creating shared instance of singleton bean 'enableGlobalAuthenticationAutowiredConfigurer'
&amp#27;[30m2020-02-08 10:21:32,039&amp#27;[0;39m &amp#27;[39mDEBUG&amp#27;[0;39m [&amp#27;[34mmain&amp#27;[0;39m] &amp#27;[33morg.springframework.beans.factory.support.ConstructorResolver&amp#27;[0;39m: Autowiring by type from bean name 'enableGlobalAuthenticationAutowiredConfigurer' via factory method to bean named 'org.springframework.web.context.support.GenericWebApplicationContext@42a9e5d1'
&amp#27;[30m2020-02-08 10:21:32,046&amp#27;[0;39m &amp#27;[39mDEBUG&amp#27;[0;39m [&amp#27;[34mmain&amp#27;[0;39m] &amp#27;[33morg.springframework.beans.factory.support.DefaultSingletonBeanRegistry&amp#27;[0;39m: Creating shared instance of singleton bean 'initializeUserDetailsBeanManagerConfigurer'
&amp#27;[30m2020-02-08 10:21:32,047&amp#27;[0;39m &amp#27;[39mDEBUG&amp#27;[0;39m [&amp#27;[34mmain&amp#27;[0;39m] &amp#27;[33morg.springframework.beans.factory.support.ConstructorResolver&amp#27;[0;39m: Autowiring by type from bean name 'initializeUserDetailsBeanManagerConfigurer' via factory method to bean named 'org.springframework.web.context.support.GenericWebApplicationContext@42a9e5d1'
&amp#27;[30m2020-02-08 10:21:32,052&amp#27;[0;39m &amp#27;[39mDEBUG&amp#27;[0;39m [&amp#27;[34mmain&amp#27;[0;39m] &amp#27;[33morg.springframework.beans.factory.support.DefaultSingletonBeanRegistry&amp#27;[0;39m: Creating shared instance of singleton bean 'initializeAuthenticationProviderBeanManagerConfigurer'
&amp#27;[30m2020-02-08 10:21:32,053&amp#27;[0;39m &amp#27;[39mDEBUG&amp#27;[0;39m [&amp#27;[34mmain&amp#27;[0;39m] &amp#27;[33morg.springframework.beans.factory.support.ConstructorResolver&amp#27;[0;39m: Autowiring by type from bean name 'initializeAuthenticationProviderBeanManagerConfigurer' via factory method to bean named 'org.springframework.web.context.support.GenericWebApplicationContext@42a9e5d1'
&amp#27;[30m2020-02-08 10:21:32,077&amp#27;[0;39m &amp#27;[39mDEBUG&amp#27;[0;39m [&amp#27;[34mmain&amp#27;[0;39m] &amp#27;[33morg.springframework.beans.factory.support.DefaultSingletonBeanRegistry&amp#27;[0;39m: Creating shared instance of singleton bean 'courseController'
&amp#27;[30m2020-02-08 10:21:32,088&amp#27;[0;39m &amp#27;[39mDEBUG&amp#27;[0;39m [&amp#27;[34mmain&amp#27;[0;39m] &amp#27;[33morg.springframework.beans.factory.support.DefaultSingletonBeanRegistry&amp#27;[0;39m: Creating shared instance of singleton bean 'courseService'
&amp#27;[30m2020-02-08 10:21:32,095&amp#27;[0;39m &amp#27;[31mWARN &amp#27;[0;39m [&amp#27;[34mmain&amp#27;[0;39m] &amp#27;[33morg.springframework.context.support.AbstractApplicationContext&amp#27;[0;39m: Exception encountered during context initialization - cancelling refresh attempt: org.springframework.beans.factory.UnsatisfiedDependencyException: Error creating bean with name 'courseController': Unsatisfied dependency expressed through field 'courseService'; nested exception is org.springframework.beans.factory.UnsatisfiedDependencyException: Error creating bean with name 'courseService': Unsatisfied dependency expressed through field 'departmentRepository'; nested exception is org.springframework.beans.factory.NoSuchBeanDefinitionException: No qualifying bean of type 'in.rgukt.r081247.universityapi.repository.DepartmentRepository' available: expected at least 1 bean which qualifies as autowire candidate. Dependency annotations: {@org.springframework.beans.factory.annotation.Autowired(required=true)}
&amp#27;[30m2020-02-08 10:21:32,096&amp#27;[0;39m &amp#27;[34mINFO &amp#27;[0;39m [&amp#27;[34mmain&amp#27;[0;39m] &amp#27;[33morg.springframework.orm.jpa.AbstractEntityManagerFactoryBean&amp#27;[0;39m: Closing JPA EntityManagerFactory for persistence unit 'default'
&amp#27;[30m2020-02-08 10:21:32,096&amp#27;[0;39m &amp#27;[39mDEBUG&amp#27;[0;39m [&amp#27;[34mmain&amp#27;[0;39m] &amp#27;[33morg.hibernate.internal.SessionFactoryImpl&amp#27;[0;39m: HHH000031: Closing
&amp#27;[30m2020-02-08 10:21:32,096&amp#27;[0;39m &amp#27;[39mDEBUG&amp#27;[0;39m [&amp#27;[34mmain&amp#27;[0;39m] &amp#27;[33morg.hibernate.type.spi.TypeConfiguration$Scope&amp#27;[0;39m: Un-scoping TypeConfiguration [org.hibernate.type.spi.TypeConfiguration$Scope@35af1558] from SessionFactory [org.hibernate.internal.SessionFactoryImpl@1c18ee69]
&amp#27;[30m2020-02-08 10:21:32,100&amp#27;[0;39m &amp#27;[39mDEBUG&amp#27;[0;39m [&amp#27;[34mmain&amp#27;[0;39m] &amp#27;[33morg.hibernate.service.internal.AbstractServiceRegistryImpl&amp#27;[0;39m: Implicitly destroying ServiceRegistry on de-registration of all child ServiceRegistries
&amp#27;[30m2020-02-08 10:21:32,100&amp#27;[0;39m &amp#27;[39mDEBUG&amp#27;[0;39m [&amp#27;[34mmain&amp#27;[0;39m] &amp#27;[33morg.hibernate.boot.registry.internal.BootstrapServiceRegistryImpl&amp#27;[0;39m: Implicitly destroying Boot-strap registry on de-registration of all child ServiceRegistries
&amp#27;[30m2020-02-08 10:21:32,112&amp#27;[0;39m &amp#27;[34mINFO &amp#27;[0;39m [&amp#27;[34mmain&amp#27;[0;39m] &amp#27;[33morg.springframework.beans.factory.support.DisposableBeanAdapter&amp#27;[0;39m: Invocation of destroy method failed on bean with name 'inMemoryDatabaseShutdownExecutor'
org.h2.jdbc.JdbcSQLNonTransientConnectionException: Database is already closed (to disable automatic closing at VM shutdown, add ";DB_CLOSE_ON_EXIT=FALSE" to the db URL) [90121-199]
	at org.h2.message.DbException.getJdbcSQLException(DbException.java:617)
	at org.h2.message.DbException.getJdbcSQLException(DbException.java:427)
	at org.h2.message.DbException.get(DbException.java:205)
	at org.h2.message.DbException.get(DbException.java:181)
	at org.h2.message.DbException.get(DbException.java:170)
	at org.h2.jdbc.JdbcConnection.checkClosed(JdbcConnection.java:1571)
	at org.h2.jdbc.JdbcConnection.checkClosed(JdbcConnection.java:1547)
	at org.h2.jdbc.JdbcConnection.clearWarnings(JdbcConnection.java:708)
	at com.zaxxer.hikari.pool.ProxyConnection.close(ProxyConnection.java:242)
	at org.springframework.boot.devtools.autoconfigure.DevToolsDataSourceAutoConfiguration$NonEmbeddedInMemoryDatabaseShutdownExecutor.destroy(DevToolsDataSourceAutoConfiguration.java:106)
	at org.springframework.beans.factory.support.DisposableBeanAdapter.destroy(DisposableBeanAdapter.java:256)
	at org.springframework.beans.factory.support.DefaultSingletonBeanRegistry.destroyBean(DefaultSingletonBeanRegistry.java:571)
	at org.springframework.beans.factory.support.DefaultSingletonBeanRegistry.destroySingleton(DefaultSingletonBeanRegistry.java:543)
	at org.springframework.beans.factory.support.DefaultListableBeanFactory.destroySingleton(DefaultListableBeanFactory.java:1034)
	at org.springframework.beans.factory.support.DefaultSingletonBeanRegistry.destroySingletons(DefaultSingletonBeanRegistry.java:504)
	at org.springframework.beans.factory.support.DefaultListableBeanFactory.destroySingletons(DefaultListableBeanFactory.java:1027)
	at org.springframework.context.support.AbstractApplicationContext.destroyBeans(AbstractApplicationContext.java:1057)
	at org.springframework.context.support.AbstractApplicationContext.refresh(AbstractApplicationContext.java:562)
	at org.springframework.boot.SpringApplication.refresh(SpringApplication.java:775)
	at org.springframework.boot.SpringApplication.refreshContext(SpringApplication.java:397)
	at org.springframework.boot.SpringApplication.run(SpringApplication.java:316)
	at org.springframework.boot.test.context.SpringBootContextLoader.loadContext(SpringBootContextLoader.java:127)
	at org.springframework.test.context.cache.DefaultCacheAwareContextLoaderDelegate.loadContextInternal(DefaultCacheAwareContextLoaderDelegate.java:99)
	at org.springframework.test.context.cache.DefaultCacheAwareContextLoaderDelegate.loadContext(DefaultCacheAwareContextLoaderDelegate.java:117)
	at org.springframework.test.context.support.DefaultTestContext.getApplicationContext(DefaultTestContext.java:108)
	at org.springframework.test.context.web.ServletTestExecutionListener.setUpRequestContextIfNecessary(ServletTestExecutionListener.java:190)
	at org.springframework.test.context.web.ServletTestExecutionListener.prepareTestInstance(ServletTestExecutionListener.java:132)
	at org.springframework.test.context.TestContextManager.prepareTestInstance(TestContextManager.java:246)
	at org.springframework.test.context.junit4.SpringJUnit4ClassRunner.createTest(SpringJUnit4ClassRunner.java:227)
	at org.springframework.test.context.junit4.SpringJUnit4ClassRunner$1.runReflectiveCall(SpringJUnit4ClassRunner.java:289)
	at org.junit.internal.runners.model.ReflectiveCallable.run(ReflectiveCallable.java:12)
	at org.springframework.test.context.junit4.SpringJUnit4ClassRunner.methodBlock(SpringJUnit4ClassRunner.java:291)
	at org.springframework.test.context.junit4.SpringJUnit4ClassRunner.runChild(SpringJUnit4ClassRunner.java:246)
	at org.springframework.test.context.junit4.SpringJUnit4ClassRunner.runChild(SpringJUnit4ClassRunner.java:97)
	at org.junit.runners.ParentRunner$3.run(ParentRunner.java:290)
	at org.junit.runners.ParentRunner$1.schedule(ParentRunner.java:71)
	at org.junit.runners.ParentRunner.runChildren(ParentRunner.java:288)
	at org.junit.runners.ParentRunner.access$000(ParentRunner.java:58)
	at org.junit.runners.ParentRunner$2.evaluate(ParentRunner.java:268)
	at org.springframework.test.context.junit4.statements.RunBeforeTestClassCallbacks.evaluate(RunBeforeTestClassCallbacks.java:61)
	at org.springframework.test.context.junit4.statements.RunAfterTestClassCallbacks.evaluate(RunAfterTestClassCallbacks.java:70)
	at org.junit.runners.ParentRunner.run(ParentRunner.java:363)
	at org.springframework.test.context.junit4.SpringJUnit4ClassRunner.run(SpringJUnit4ClassRunner.java:190)
	at org.apache.maven.surefire.junit4.JUnit4Provider.execute(JUnit4Provider.java:365)
	at org.apache.maven.surefire.junit4.JUnit4Provider.executeWithRerun(JUnit4Provider.java:273)
	at org.apache.maven.surefire.junit4.JUnit4Provider.executeTestSet(JUnit4Provider.java:238)
	at org.apache.maven.surefire.junit4.JUnit4Provider.invoke(JUnit4Provider.java:159)
	at org.apache.maven.surefire.booter.ForkedBooter.invokeProviderInSameClassLoader(ForkedBooter.java:384)
	at org.apache.maven.surefire.booter.ForkedBooter.runSuitesInProcess(ForkedBooter.java:345)
	at org.apache.maven.surefire.booter.ForkedBooter.execute(ForkedBooter.java:126)
	at org.apache.maven.surefire.booter.ForkedBooter.main(ForkedBooter.java:418)
&amp#27;[30m2020-02-08 10:21:32,113&amp#27;[0;39m &amp#27;[34mINFO &amp#27;[0;39m [&amp#27;[34mmain&amp#27;[0;39m] &amp#27;[33mcom.zaxxer.hikari.HikariDataSource&amp#27;[0;39m: HikariPool-1 - Shutdown initiated...
&amp#27;[30m2020-02-08 10:21:32,113&amp#27;[0;39m &amp#27;[39mDEBUG&amp#27;[0;39m [&amp#27;[34mmain&amp#27;[0;39m] &amp#27;[33mcom.zaxxer.hikari.pool.HikariPool&amp#27;[0;39m: HikariPool-1 - Before shutdown stats (total=10, active=0, idle=10, waiting=0)
&amp#27;[30m2020-02-08 10:21:32,117&amp#27;[0;39m &amp#27;[39mDEBUG&amp#27;[0;39m [&amp#27;[34mHikariPool-1 connection closer&amp#27;[0;39m] &amp#27;[33mcom.zaxxer.hikari.pool.PoolBase&amp#27;[0;39m: HikariPool-1 - Closing connection conn0: url=jdbc:h2:mem:db user=SA: (connection evicted)
&amp#27;[30m2020-02-08 10:21:32,118&amp#27;[0;39m &amp#27;[39mDEBUG&amp#27;[0;39m [&amp#27;[34mHikariPool-1 connection closer&amp#27;[0;39m] &amp#27;[33mcom.zaxxer.hikari.pool.PoolBase&amp#27;[0;39m: HikariPool-1 - Closing connection conn1: url=jdbc:h2:mem:db user=SA: (connection evicted)
&amp#27;[30m2020-02-08 10:21:32,118&amp#27;[0;39m &amp#27;[39mDEBUG&amp#27;[0;39m [&amp#27;[34mHikariPool-1 connection closer&amp#27;[0;39m] &amp#27;[33mcom.zaxxer.hikari.pool.PoolBase&amp#27;[0;39m: HikariPool-1 - Closing connection conn2: url=jdbc:h2:mem:db user=SA: (connection evicted)
&amp#27;[30m2020-02-08 10:21:32,119&amp#27;[0;39m &amp#27;[39mDEBUG&amp#27;[0;39m [&amp#27;[34mHikariPool-1 connection closer&amp#27;[0;39m] &amp#27;[33mcom.zaxxer.hikari.pool.PoolBase&amp#27;[0;39m: HikariPool-1 - Closing connection conn3: url=jdbc:h2:mem:db user=SA: (connection evicted)
&amp#27;[30m2020-02-08 10:21:32,119&amp#27;[0;39m &amp#27;[39mDEBUG&amp#27;[0;39m [&amp#27;[34mHikariPool-1 connection closer&amp#27;[0;39m] &amp#27;[33mcom.zaxxer.hikari.pool.PoolBase&amp#27;[0;39m: HikariPool-1 - Closing connection conn4: url=jdbc:h2:mem:db user=SA: (connection evicted)
&amp#27;[30m2020-02-08 10:21:32,120&amp#27;[0;39m &amp#27;[39mDEBUG&amp#27;[0;39m [&amp#27;[34mHikariPool-1 connection closer&amp#27;[0;39m] &amp#27;[33mcom.zaxxer.hikari.pool.PoolBase&amp#27;[0;39m: HikariPool-1 - Closing connection conn5: url=jdbc:h2:mem:db user=SA: (connection evicted)
&amp#27;[30m2020-02-08 10:21:32,120&amp#27;[0;39m &amp#27;[39mDEBUG&amp#27;[0;39m [&amp#27;[34mHikariPool-1 connection closer&amp#27;[0;39m] &amp#27;[33mcom.zaxxer.hikari.pool.PoolBase&amp#27;[0;39m: HikariPool-1 - Closing connection conn6: url=jdbc:h2:mem:db user=SA: (connection evicted)
&amp#27;[30m2020-02-08 10:21:32,120&amp#27;[0;39m &amp#27;[39mDEBUG&amp#27;[0;39m [&amp#27;[34mHikariPool-1 connection closer&amp#27;[0;39m] &amp#27;[33mcom.zaxxer.hikari.pool.PoolBase&amp#27;[0;39m: HikariPool-1 - Closing connection conn7: url=jdbc:h2:mem:db user=SA: (connection evicted)
&amp#27;[30m2020-02-08 10:21:32,120&amp#27;[0;39m &amp#27;[39mDEBUG&amp#27;[0;39m [&amp#27;[34mHikariPool-1 connection closer&amp#27;[0;39m] &amp#27;[33mcom.zaxxer.hikari.pool.PoolBase&amp#27;[0;39m: HikariPool-1 - Closing connection conn8: url=jdbc:h2:mem:db user=SA: (connection evicted)
&amp#27;[30m2020-02-08 10:21:32,120&amp#27;[0;39m &amp#27;[39mDEBUG&amp#27;[0;39m [&amp#27;[34mHikariPool-1 connection closer&amp#27;[0;39m] &amp#27;[33mcom.zaxxer.hikari.pool.PoolBase&amp#27;[0;39m: HikariPool-1 - Closing connection conn9: url=jdbc:h2:mem:db user=SA: (connection evicted)
&amp#27;[30m2020-02-08 10:21:32,121&amp#27;[0;39m &amp#27;[39mDEBUG&amp#27;[0;39m [&amp#27;[34mmain&amp#27;[0;39m] &amp#27;[33mcom.zaxxer.hikari.pool.HikariPool&amp#27;[0;39m: HikariPool-1 - After shutdown stats (total=0, active=0, idle=0, waiting=0)
&amp#27;[30m2020-02-08 10:21:32,121&amp#27;[0;39m &amp#27;[34mINFO &amp#27;[0;39m [&amp#27;[34mmain&amp#27;[0;39m] &amp#27;[33mcom.zaxxer.hikari.HikariDataSource&amp#27;[0;39m: HikariPool-1 - Shutdown completed.
&amp#27;[30m2020-02-08 10:21:32,125&amp#27;[0;39m &amp#27;[39mDEBUG&amp#27;[0;39m [&amp#27;[34mmain&amp#27;[0;39m] &amp#27;[33morg.springframework.boot.logging.DeferredLog&amp#27;[0;39m: Creating new Restarter for thread Thread[main,5,main]
&amp#27;[30m2020-02-08 10:21:32,126&amp#27;[0;39m &amp#27;[39mDEBUG&amp#27;[0;39m [&amp#27;[34mmain&amp#27;[0;39m] &amp#27;[33morg.springframework.boot.context.logging.ClasspathLoggingApplicationListener&amp#27;[0;39m: Application failed to start with classpath: unknown
&amp#27;[30m2020-02-08 10:21:32,160&amp#27;[0;39m &amp#27;[39mDEBUG&amp#27;[0;39m [&amp#27;[34mmain&amp#27;[0;39m] &amp#27;[33morg.springframework.boot.autoconfigure.logging.ConditionEvaluationReportLoggingListener&amp#27;[0;39m: 


============================
CONDITIONS EVALUATION REPORT
============================


Positive matches:
-----------------

   AopAutoConfiguration matched:
      - @ConditionalOnClass found required classes 'org.springframework.context.annotation.EnableAspectJAutoProxy', 'org.aspectj.lang.annotation.Aspect', 'org.aspectj.lang.reflect.Advice', 'org.aspectj.weaver.AnnotatedElement' (OnClassCondition)
      - @ConditionalOnProperty (spring.aop.auto=true) matched (OnPropertyCondition)

   AopAutoConfiguration.CglibAutoProxyConfiguration matched:
      - @ConditionalOnProperty (spring.aop.proxy-target-class=true) matched (OnPropertyCondition)

   CodecsAutoConfiguration matched:
      - @ConditionalOnClass found required class 'org.springframework.http.codec.CodecConfigurer' (OnClassCondition)

   CodecsAutoConfiguration.JacksonCodecConfiguration matched:
      - @ConditionalOnClass found required class 'com.fasterxml.jackson.databind.ObjectMapper' (OnClassCondition)

   CodecsAutoConfiguration.JacksonCodecConfiguration#jacksonCodecCustomizer matched:
      - @ConditionalOnBean (types: com.fasterxml.jackson.databind.ObjectMapper; SearchStrategy: all) found bean 'jacksonObjectMapper' (OnBeanCondition)

   DataSourceAutoConfiguration matched:
      - @ConditionalOnClass found required classes 'javax.sql.DataSource', 'org.springframework.jdbc.datasource.embedded.EmbeddedDatabaseType' (OnClassCondition)

   DataSourceAutoConfiguration.PooledDataSourceConfiguration matched:
      - AnyNestedCondition 1 matched 1 did not; NestedCondition on DataSourceAutoConfiguration.PooledDataSourceCondition.PooledDataSourceAvailable PooledDataSource found supported DataSource; NestedCondition on DataSourceAutoConfiguration.PooledDataSourceCondition.ExplicitType @ConditionalOnProperty (spring.datasource.type) did not find property 'type' (DataSourceAutoConfiguration.PooledDataSourceCondition)
      - @ConditionalOnMissingBean (types: javax.sql.DataSource,javax.sql.XADataSource; SearchStrategy: all) did not find any beans (OnBeanCondition)

   DataSourceConfiguration.Hikari matched:
      - @ConditionalOnClass found required class 'com.zaxxer.hikari.HikariDataSource' (OnClassCondition)
      - @ConditionalOnProperty (spring.datasource.type=com.zaxxer.hikari.HikariDataSource) matched (OnPropertyCondition)
      - @ConditionalOnMissingBean (types: javax.sql.DataSource; SearchStrategy: all) did not find any beans (OnBeanCondition)

   DataSourcePoolMetadataProvidersConfiguration.HikariPoolDataSourceMetadataProviderConfiguration matched:
      - @ConditionalOnClass found required class 'com.zaxxer.hikari.HikariDataSource' (OnClassCondition)

   DataSourceTransactionManagerAutoConfiguration matched:
      - @ConditionalOnClass found required classes 'org.springframework.jdbc.core.JdbcTemplate', 'org.springframework.transaction.PlatformTransactionManager' (OnClassCondition)

   DataSourceTransactionManagerAutoConfiguration.DataSourceTransactionManagerConfiguration matched:
      - @ConditionalOnSingleCandidate (types: javax.sql.DataSource; SearchStrategy: all) found a primary bean from beans 'dataSource' (OnBeanCondition)

   DevToolsDataSourceAutoConfiguration matched:
      - DevTools DataSource Condition found auto-configured DataSource (DevToolsDataSourceAutoConfiguration.DevToolsDataSourceCondition)

   DevToolsDataSourceAutoConfiguration.DatabaseShutdownExecutorJpaDependencyConfiguration matched:
      - @ConditionalOnClass found required class 'org.springframework.orm.jpa.LocalContainerEntityManagerFactoryBean' (OnClassCondition)
      - @ConditionalOnBean (types: org.springframework.orm.jpa.AbstractEntityManagerFactoryBean; SearchStrategy: all) found bean '&entityManagerFactory' (OnBeanCondition)

   DispatcherServletAutoConfiguration matched:
      - @ConditionalOnClass found required class 'org.springframework.web.servlet.DispatcherServlet' (OnClassCondition)
      - found 'session' scope (OnWebApplicationCondition)

   DispatcherServletAutoConfiguration.DispatcherServletConfiguration matched:
      - @ConditionalOnClass found required class 'javax.servlet.ServletRegistration' (OnClassCondition)
      - Default DispatcherServlet did not find dispatcher servlet beans (DispatcherServletAutoConfiguration.DefaultDispatcherServletCondition)

   DispatcherServletAutoConfiguration.DispatcherServletRegistrationConfiguration matched:
      - @ConditionalOnClass found required class 'javax.servlet.ServletRegistration' (OnClassCondition)
      - DispatcherServlet Registration did not find servlet registration bean (DispatcherServletAutoConfiguration.DispatcherServletRegistrationCondition)

   DispatcherServletAutoConfiguration.DispatcherServletRegistrationConfiguration#dispatcherServletRegistration matched:
      - @ConditionalOnBean (names: dispatcherServlet; types: org.springframework.web.servlet.DispatcherServlet; SearchStrategy: all) found bean 'dispatcherServlet' (OnBeanCondition)

   EmbeddedWebServerFactoryCustomizerAutoConfiguration matched:
      - @ConditionalOnWebApplication (required) found 'session' scope (OnWebApplicationCondition)

   EmbeddedWebServerFactoryCustomizerAutoConfiguration.TomcatWebServerFactoryCustomizerConfiguration matched:
      - @ConditionalOnClass found required classes 'org.apache.catalina.startup.Tomcat', 'org.apache.coyote.UpgradeProtocol' (OnClassCondition)

   ErrorMvcAutoConfiguration matched:
      - @ConditionalOnClass found required classes 'javax.servlet.Servlet', 'org.springframework.web.servlet.DispatcherServlet' (OnClassCondition)
      - found 'session' scope (OnWebApplicationCondition)

   ErrorMvcAutoConfiguration#basicErrorController matched:
      - @ConditionalOnMissingBean (types: org.springframework.boot.web.servlet.error.ErrorController; SearchStrategy: current) did not find any beans (OnBeanCondition)

   ErrorMvcAutoConfiguration#errorAttributes matched:
      - @ConditionalOnMissingBean (types: org.springframework.boot.web.servlet.error.ErrorAttributes; SearchStrategy: current) did not find any beans (OnBeanCondition)

   ErrorMvcAutoConfiguration.DefaultErrorViewResolverConfiguration#conventionErrorViewResolver matched:
      - @ConditionalOnBean (types: org.springframework.web.servlet.DispatcherServlet; SearchStrategy: all) found bean 'dispatcherServlet'; @ConditionalOnMissingBean (types: org.springframework.boot.autoconfigure.web.servlet.error.DefaultErrorViewResolver; SearchStrategy: all) did not find any beans (OnBeanCondition)

   ErrorMvcAutoConfiguration.WhitelabelErrorViewConfiguration matched:
      - @ConditionalOnProperty (server.error.whitelabel.enabled) matched (OnPropertyCondition)
      - ErrorTemplate Missing did not find error template view (ErrorMvcAutoConfiguration.ErrorTemplateMissingCondition)

   ErrorMvcAutoConfiguration.WhitelabelErrorViewConfiguration#beanNameViewResolver matched:
      - @ConditionalOnMissingBean (types: org.springframework.web.servlet.view.BeanNameViewResolver; SearchStrategy: all) did not find any beans (OnBeanCondition)

   ErrorMvcAutoConfiguration.WhitelabelErrorViewConfiguration#defaultErrorView matched:
      - @ConditionalOnMissingBean (names: error; SearchStrategy: all) did not find any beans (OnBeanCondition)

   GenericCacheConfiguration matched:
      - Cache org.springframework.boot.autoconfigure.cache.GenericCacheConfiguration automatic cache type (CacheCondition)

   H2ConsoleAutoConfiguration matched:
      - @ConditionalOnClass found required class 'org.h2.server.web.WebServlet' (OnClassCondition)
      - found 'session' scope (OnWebApplicationCondition)
      - @ConditionalOnProperty (spring.h2.console.enabled=true) matched (OnPropertyCondition)

   HibernateJpaAutoConfiguration matched:
      - @ConditionalOnClass found required classes 'org.springframework.orm.jpa.LocalContainerEntityManagerFactoryBean', 'javax.persistence.EntityManager' (OnClassCondition)
      - HibernateEntityManager found class 'org.hibernate.ejb.HibernateEntityManager' (HibernateJpaAutoConfiguration.HibernateEntityManagerCondition)

   HibernateJpaConfiguration matched:
      - @ConditionalOnSingleCandidate (types: javax.sql.DataSource; SearchStrategy: all) found a primary bean from beans 'dataSource' (OnBeanCondition)

   HttpEncodingAutoConfiguration matched:
      - @ConditionalOnClass found required class 'org.springframework.web.filter.CharacterEncodingFilter' (OnClassCondition)
      - found 'session' scope (OnWebApplicationCondition)
      - @ConditionalOnProperty (spring.http.encoding.enabled) matched (OnPropertyCondition)

   HttpEncodingAutoConfiguration#characterEncodingFilter matched:
      - @ConditionalOnMissingBean (types: org.springframework.web.filter.CharacterEncodingFilter; SearchStrategy: all) did not find any beans (OnBeanCondition)

   HttpMessageConvertersAutoConfiguration matched:
      - @ConditionalOnClass found required class 'org.springframework.http.converter.HttpMessageConverter' (OnClassCondition)

   HttpMessageConvertersAutoConfiguration#messageConverters matched:
      - @ConditionalOnMissingBean (types: org.springframework.boot.autoconfigure.http.HttpMessageConverters; SearchStrategy: all) did not find any beans (OnBeanCondition)

   HttpMessageConvertersAutoConfiguration.StringHttpMessageConverterConfiguration matched:
      - @ConditionalOnClass found required class 'org.springframework.http.converter.StringHttpMessageConverter' (OnClassCondition)

   HttpMessageConvertersAutoConfiguration.StringHttpMessageConverterConfiguration#stringHttpMessageConverter matched:
      - @ConditionalOnMissingBean (types: org.springframework.http.converter.StringHttpMessageConverter; SearchStrategy: all) did not find any beans (OnBeanCondition)

   JacksonAutoConfiguration matched:
      - @ConditionalOnClass found required class 'com.fasterxml.jackson.databind.ObjectMapper' (OnClassCondition)

   JacksonAutoConfiguration.Jackson2ObjectMapperBuilderCustomizerConfiguration matched:
      - @ConditionalOnClass found required class 'org.springframework.http.converter.json.Jackson2ObjectMapperBuilder' (OnClassCondition)

   JacksonAutoConfiguration.JacksonObjectMapperBuilderConfiguration matched:
      - @ConditionalOnClass found required class 'org.springframework.http.converter.json.Jackson2ObjectMapperBuilder' (OnClassCondition)

   JacksonAutoConfiguration.JacksonObjectMapperBuilderConfiguration#jacksonObjectMapperBuilder matched:
      - @ConditionalOnMissingBean (types: org.springframework.http.converter.json.Jackson2ObjectMapperBuilder; SearchStrategy: all) did not find any beans (OnBeanCondition)

   JacksonAutoConfiguration.JacksonObjectMapperConfiguration matched:
      - @ConditionalOnClass found required class 'org.springframework.http.converter.json.Jackson2ObjectMapperBuilder' (OnClassCondition)

   JacksonAutoConfiguration.JacksonObjectMapperConfiguration#jacksonObjectMapper matched:
      - @ConditionalOnMissingBean (types: com.fasterxml.jackson.databind.ObjectMapper; SearchStrategy: all) did not find any beans (OnBeanCondition)

   JacksonAutoConfiguration.ParameterNamesModuleConfiguration matched:
      - @ConditionalOnClass found required class 'com.fasterxml.jackson.module.paramnames.ParameterNamesModule' (OnClassCondition)

   JacksonAutoConfiguration.ParameterNamesModuleConfiguration#parameterNamesModule matched:
      - @ConditionalOnMissingBean (types: com.fasterxml.jackson.module.paramnames.ParameterNamesModule; SearchStrategy: all) did not find any beans (OnBeanCondition)

   JacksonHttpMessageConvertersConfiguration.MappingJackson2HttpMessageConverterConfiguration matched:
      - @ConditionalOnClass found required class 'com.fasterxml.jackson.databind.ObjectMapper' (OnClassCondition)
      - @ConditionalOnProperty (spring.http.converters.preferred-json-mapper=jackson) matched (OnPropertyCondition)
      - @ConditionalOnBean (types: com.fasterxml.jackson.databind.ObjectMapper; SearchStrategy: all) found bean 'jacksonObjectMapper' (OnBeanCondition)

   JacksonHttpMessageConvertersConfiguration.MappingJackson2HttpMessageConverterConfiguration#mappingJackson2HttpMessageConverter matched:
      - @ConditionalOnMissingBean (types: org.springframework.http.converter.json.MappingJackson2HttpMessageConverter; SearchStrategy: all) did not find any beans (OnBeanCondition)

   JdbcTemplateAutoConfiguration matched:
      - @ConditionalOnClass found required classes 'javax.sql.DataSource', 'org.springframework.jdbc.core.JdbcTemplate' (OnClassCondition)
      - @ConditionalOnSingleCandidate (types: javax.sql.DataSource; SearchStrategy: all) found a primary bean from beans 'dataSource' (OnBeanCondition)

   JdbcTemplateAutoConfiguration.JdbcTemplateConfiguration#jdbcTemplate matched:
      - @ConditionalOnMissingBean (types: org.springframework.jdbc.core.JdbcOperations; SearchStrategy: all) did not find any beans (OnBeanCondition)

   JdbcTemplateAutoConfiguration.NamedParameterJdbcTemplateConfiguration#namedParameterJdbcTemplate matched:
      - @ConditionalOnSingleCandidate (types: org.springframework.jdbc.core.JdbcTemplate; SearchStrategy: all) found a primary bean from beans 'jdbcTemplate'; @ConditionalOnMissingBean (types: org.springframework.jdbc.core.namedparam.NamedParameterJdbcOperations; SearchStrategy: all) did not find any beans (OnBeanCondition)

   JpaBaseConfiguration#entityManagerFactory matched:
      - @ConditionalOnMissingBean (types: org.springframework.orm.jpa.LocalContainerEntityManagerFactoryBean,javax.persistence.EntityManagerFactory; SearchStrategy: all) did not find any beans (OnBeanCondition)

   JpaBaseConfiguration#entityManagerFactoryBuilder matched:
      - @ConditionalOnMissingBean (types: org.springframework.boot.orm.jpa.EntityManagerFactoryBuilder; SearchStrategy: all) did not find any beans (OnBeanCondition)

   JpaBaseConfiguration#jpaVendorAdapter matched:
      - @ConditionalOnMissingBean (types: org.springframework.orm.jpa.JpaVendorAdapter; SearchStrategy: all) did not find any beans (OnBeanCondition)

   JpaBaseConfiguration#transactionManager matched:
      - @ConditionalOnMissingBean (types: org.springframework.transaction.PlatformTransactionManager; SearchStrategy: all) did not find any beans (OnBeanCondition)

   JpaBaseConfiguration.JpaWebConfiguration matched:
      - @ConditionalOnClass found required class 'org.springframework.web.servlet.config.annotation.WebMvcConfigurer' (OnClassCondition)
      - found 'session' scope (OnWebApplicationCondition)
      - @ConditionalOnProperty (spring.jpa.open-in-view=true) matched (OnPropertyCondition)
      - @ConditionalOnMissingBean (types: org.springframework.orm.jpa.support.OpenEntityManagerInViewInterceptor,org.springframework.orm.jpa.support.OpenEntityManagerInViewFilter; SearchStrategy: all) did not find any beans (OnBeanCondition)

   JtaAutoConfiguration matched:
      - @ConditionalOnClass found required class 'javax.transaction.Transaction' (OnClassCondition)
      - @ConditionalOnProperty (spring.jta.enabled) matched (OnPropertyCondition)

   MultipartAutoConfiguration matched:
      - @ConditionalOnClass found required classes 'javax.servlet.Servlet', 'org.springframework.web.multipart.support.StandardServletMultipartResolver', 'javax.servlet.MultipartConfigElement' (OnClassCondition)
      - found 'session' scope (OnWebApplicationCondition)
      - @ConditionalOnProperty (spring.servlet.multipart.enabled) matched (OnPropertyCondition)

   MultipartAutoConfiguration#multipartConfigElement matched:
      - @ConditionalOnMissingBean (types: javax.servlet.MultipartConfigElement,org.springframework.web.multipart.commons.CommonsMultipartResolver; SearchStrategy: all) did not find any beans (OnBeanCondition)

   MultipartAutoConfiguration#multipartResolver matched:
      - @ConditionalOnMissingBean (types: org.springframework.web.multipart.MultipartResolver; SearchStrategy: all) did not find any beans (OnBeanCondition)

   NoOpCacheConfiguration matched:
      - Cache org.springframework.boot.autoconfigure.cache.NoOpCacheConfiguration automatic cache type (CacheCondition)

   PersistenceExceptionTranslationAutoConfiguration matched:
      - @ConditionalOnClass found required class 'org.springframework.dao.annotation.PersistenceExceptionTranslationPostProcessor' (OnClassCondition)

   PersistenceExceptionTranslationAutoConfiguration#persistenceExceptionTranslationPostProcessor matched:
      - @ConditionalOnProperty (spring.dao.exceptiontranslation.enabled) matched (OnPropertyCondition)
      - @ConditionalOnMissingBean (types: org.springframework.dao.annotation.PersistenceExceptionTranslationPostProcessor; SearchStrategy: all) did not find any beans (OnBeanCondition)

   PropertyPlaceholderAutoConfiguration#propertySourcesPlaceholderConfigurer matched:
      - @ConditionalOnMissingBean (types: org.springframework.context.support.PropertySourcesPlaceholderConfigurer; SearchStrategy: current) did not find any beans (OnBeanCondition)

   RestTemplateAutoConfiguration matched:
      - @ConditionalOnClass found required class 'org.springframework.web.client.RestTemplate' (OnClassCondition)

   RestTemplateAutoConfiguration#restTemplateBuilder matched:
      - @ConditionalOnMissingBean (types: org.springframework.boot.web.client.RestTemplateBuilder; SearchStrategy: all) did not find any beans (OnBeanCondition)

   SecurityAutoConfiguration matched:
      - @ConditionalOnClass found required class 'org.springframework.security.authentication.DefaultAuthenticationEventPublisher' (OnClassCondition)

   SecurityAutoConfiguration#authenticationEventPublisher matched:
      - @ConditionalOnMissingBean (types: org.springframework.security.authentication.AuthenticationEventPublisher; SearchStrategy: all) did not find any beans (OnBeanCondition)

   SecurityFilterAutoConfiguration matched:
      - @ConditionalOnClass found required classes 'org.springframework.security.web.context.AbstractSecurityWebApplicationInitializer', 'org.springframework.security.config.http.SessionCreationPolicy' (OnClassCondition)
      - found 'session' scope (OnWebApplicationCondition)

   SecurityFilterAutoConfiguration#securityFilterChainRegistration matched:
      - @ConditionalOnBean (names: springSecurityFilterChain; SearchStrategy: all) found bean 'springSecurityFilterChain' (OnBeanCondition)

   SecurityRequestMatcherProviderAutoConfiguration matched:
      - @ConditionalOnClass found required class 'org.springframework.security.web.util.matcher.RequestMatcher' (OnClassCondition)
      - found 'session' scope (OnWebApplicationCondition)

   SecurityRequestMatcherProviderAutoConfiguration.MvcRequestMatcherConfiguration matched:
      - @ConditionalOnClass found required class 'org.springframework.web.servlet.DispatcherServlet' (OnClassCondition)
      - @ConditionalOnBean (types: org.springframework.web.servlet.handler.HandlerMappingIntrospector; SearchStrategy: all) found bean 'mvcHandlerMappingIntrospector' (OnBeanCondition)

   SecurityRequestMatcherProviderAutoConfiguration.MvcRequestMatcherConfiguration#requestMatcherProvider matched:
      - @ConditionalOnClass found required class 'org.springframework.web.servlet.DispatcherServlet' (OnClassCondition)

   ServletWebServerFactoryAutoConfiguration matched:
      - @ConditionalOnClass found required class 'javax.servlet.ServletRequest' (OnClassCondition)
      - found 'session' scope (OnWebApplicationCondition)

   ServletWebServerFactoryAutoConfiguration#tomcatServletWebServerFactoryCustomizer matched:
      - @ConditionalOnClass found required class 'org.apache.catalina.startup.Tomcat' (OnClassCondition)

   ServletWebServerFactoryConfiguration.EmbeddedTomcat matched:
      - @ConditionalOnClass found required classes 'javax.servlet.Servlet', 'org.apache.catalina.startup.Tomcat', 'org.apache.coyote.UpgradeProtocol' (OnClassCondition)
      - @ConditionalOnMissingBean (types: org.springframework.boot.web.servlet.server.ServletWebServerFactory; SearchStrategy: current) did not find any beans (OnBeanCondition)

   SimpleCacheConfiguration matched:
      - Cache org.springframework.boot.autoconfigure.cache.SimpleCacheConfiguration automatic cache type (CacheCondition)

   SpringDataWebAutoConfiguration matched:
      - @ConditionalOnClass found required classes 'org.springframework.data.web.PageableHandlerMethodArgumentResolver', 'org.springframework.web.servlet.config.annotation.WebMvcConfigurer' (OnClassCondition)
      - found 'session' scope (OnWebApplicationCondition)
      - @ConditionalOnMissingBean (types: org.springframework.data.web.PageableHandlerMethodArgumentResolver; SearchStrategy: all) did not find any beans (OnBeanCondition)

   SpringDataWebAutoConfiguration#pageableCustomizer matched:
      - @ConditionalOnMissingBean (types: org.springframework.data.web.config.PageableHandlerMethodArgumentResolverCustomizer; SearchStrategy: all) did not find any beans (OnBeanCondition)

   SpringDataWebAutoConfiguration#sortCustomizer matched:
      - @ConditionalOnMissingBean (types: org.springframework.data.web.config.SortHandlerMethodArgumentResolverCustomizer; SearchStrategy: all) did not find any beans (OnBeanCondition)

   TaskExecutionAutoConfiguration matched:
      - @ConditionalOnClass found required class 'org.springframework.scheduling.concurrent.ThreadPoolTaskExecutor' (OnClassCondition)

   TaskExecutionAutoConfiguration#applicationTaskExecutor matched:
      - @ConditionalOnMissingBean (types: java.util.concurrent.Executor; SearchStrategy: all) did not find any beans (OnBeanCondition)

   TaskExecutionAutoConfiguration#taskExecutorBuilder matched:
      - @ConditionalOnMissingBean (types: org.springframework.boot.task.TaskExecutorBuilder; SearchStrategy: all) did not find any beans (OnBeanCondition)

   TaskSchedulingAutoConfiguration matched:
      - @ConditionalOnClass found required class 'org.springframework.scheduling.concurrent.ThreadPoolTaskScheduler' (OnClassCondition)

   TaskSchedulingAutoConfiguration#taskSchedulerBuilder matched:
      - @ConditionalOnMissingBean (types: org.springframework.boot.task.TaskSchedulerBuilder; SearchStrategy: all) did not find any beans (OnBeanCondition)

   TransactionAutoConfiguration matched:
      - @ConditionalOnClass found required class 'org.springframework.transaction.PlatformTransactionManager' (OnClassCondition)

   TransactionAutoConfiguration#platformTransactionManagerCustomizers matched:
      - @ConditionalOnMissingBean (types: org.springframework.boot.autoconfigure.transaction.TransactionManagerCustomizers; SearchStrategy: all) did not find any beans (OnBeanCondition)

   TransactionAutoConfiguration.TransactionTemplateConfiguration matched:
      - @ConditionalOnSingleCandidate (types: org.springframework.transaction.PlatformTransactionManager; SearchStrategy: all) found a primary bean from beans 'transactionManager' (OnBeanCondition)

   TransactionAutoConfiguration.TransactionTemplateConfiguration#transactionTemplate matched:
      - @ConditionalOnMissingBean (types: org.springframework.transaction.support.TransactionTemplate; SearchStrategy: all) did not find any beans (OnBeanCondition)

   UserDetailsServiceAutoConfiguration matched:
      - @ConditionalOnClass found required class 'org.springframework.security.authentication.AuthenticationManager' (OnClassCondition)
      - @ConditionalOnBean (types: org.springframework.security.config.annotation.ObjectPostProcessor; SearchStrategy: all) found bean 'objectPostProcessor'; @ConditionalOnMissingBean (types: org.springframework.security.authentication.AuthenticationManager,org.springframework.security.authentication.AuthenticationProvider,org.springframework.security.core.userdetails.UserDetailsService; SearchStrategy: all) did not find any beans (OnBeanCondition)

   UserDetailsServiceAutoConfiguration#inMemoryUserDetailsManager matched:
      - @ConditionalOnMissingBean (types: org.springframework.security.oauth2.client.registration.ClientRegistrationRepository; SearchStrategy: all) did not find any beans (OnBeanCondition)

   ValidationAutoConfiguration matched:
      - @ConditionalOnClass found required class 'javax.validation.executable.ExecutableValidator' (OnClassCondition)
      - @ConditionalOnResource found location classpath:META-INF/services/javax.validation.spi.ValidationProvider (OnResourceCondition)

   ValidationAutoConfiguration#defaultValidator matched:
      - @ConditionalOnMissingBean (types: javax.validation.Validator; SearchStrategy: all) did not find any beans (OnBeanCondition)

   ValidationAutoConfiguration#methodValidationPostProcessor matched:
      - @ConditionalOnMissingBean (types: org.springframework.validation.beanvalidation.MethodValidationPostProcessor; SearchStrategy: all) did not find any beans (OnBeanCondition)

   WebMvcAutoConfiguration matched:
      - @ConditionalOnClass found required classes 'javax.servlet.Servlet', 'org.springframework.web.servlet.DispatcherServlet', 'org.springframework.web.servlet.config.annotation.WebMvcConfigurer' (OnClassCondition)
      - found 'session' scope (OnWebApplicationCondition)
      - @ConditionalOnMissingBean (types: org.springframework.web.servlet.config.annotation.WebMvcConfigurationSupport; SearchStrategy: all) did not find any beans (OnBeanCondition)

   WebMvcAutoConfiguration#formContentFilter matched:
      - @ConditionalOnProperty (spring.mvc.formcontent.filter.enabled) matched (OnPropertyCondition)
      - @ConditionalOnMissingBean (types: org.springframework.web.filter.FormContentFilter; SearchStrategy: all) did not find any beans (OnBeanCondition)

   WebMvcAutoConfiguration#hiddenHttpMethodFilter matched:
      - @ConditionalOnProperty (spring.mvc.hiddenmethod.filter.enabled) matched (OnPropertyCondition)
      - @ConditionalOnMissingBean (types: org.springframework.web.filter.HiddenHttpMethodFilter; SearchStrategy: all) did not find any beans (OnBeanCondition)

   WebMvcAutoConfiguration.WebMvcAutoConfigurationAdapter#defaultViewResolver matched:
      - @ConditionalOnMissingBean (types: org.springframework.web.servlet.view.InternalResourceViewResolver; SearchStrategy: all) did not find any beans (OnBeanCondition)

   WebMvcAutoConfiguration.WebMvcAutoConfigurationAdapter#requestContextFilter matched:
      - @ConditionalOnMissingBean (types: org.springframework.web.context.request.RequestContextListener,org.springframework.web.filter.RequestContextFilter; SearchStrategy: all) did not find any beans (OnBeanCondition)

   WebMvcAutoConfiguration.WebMvcAutoConfigurationAdapter#viewResolver matched:
      - @ConditionalOnBean (types: org.springframework.web.servlet.ViewResolver; SearchStrategy: all) found beans 'defaultViewResolver', 'beanNameViewResolver', 'mvcViewResolver'; @ConditionalOnMissingBean (names: viewResolver; types: org.springframework.web.servlet.view.ContentNegotiatingViewResolver; SearchStrategy: all) did not find any beans (OnBeanCondition)

   WebMvcAutoConfiguration.WebMvcAutoConfigurationAdapter.FaviconConfiguration matched:
      - @ConditionalOnProperty (spring.mvc.favicon.enabled) matched (OnPropertyCondition)

   WebSocketServletAutoConfiguration matched:
      - @ConditionalOnClass found required classes 'javax.servlet.Servlet', 'javax.websocket.server.ServerContainer' (OnClassCondition)
      - found 'session' scope (OnWebApplicationCondition)

   WebSocketServletAutoConfiguration.TomcatWebSocketConfiguration matched:
      - @ConditionalOnClass found required classes 'org.apache.catalina.startup.Tomcat', 'org.apache.tomcat.websocket.server.WsSci' (OnClassCondition)

   WebSocketServletAutoConfiguration.TomcatWebSocketConfiguration#websocketServletWebServerCustomizer matched:
      - @ConditionalOnMissingBean (names: websocketServletWebServerCustomizer; SearchStrategy: all) did not find any beans (OnBeanCondition)


Negative matches:
-----------------

   ActiveMQAutoConfiguration:
      Did not match:
         - @ConditionalOnClass did not find required class 'javax.jms.ConnectionFactory' (OnClassCondition)

   AopAutoConfiguration.JdkDynamicAutoProxyConfiguration:
      Did not match:
         - @ConditionalOnProperty (spring.aop.proxy-target-class=false) did not find property 'proxy-target-class' (OnPropertyCondition)

   ArtemisAutoConfiguration:
      Did not match:
         - @ConditionalOnClass did not find required class 'javax.jms.ConnectionFactory' (OnClassCondition)

   AtomikosJtaConfiguration:
      Did not match:
         - @ConditionalOnClass did not find required class 'com.atomikos.icatch.jta.UserTransactionManager' (OnClassCondition)

   BatchAutoConfiguration:
      Did not match:
         - @ConditionalOnClass did not find required class 'org.springframework.batch.core.launch.JobLauncher' (OnClassCondition)

   BitronixJtaConfiguration:
      Did not match:
         - @ConditionalOnClass did not find required class 'bitronix.tm.jndi.BitronixContext' (OnClassCondition)

   CacheAutoConfiguration:
      Did not match:
         - @ConditionalOnBean (types: org.springframework.cache.interceptor.CacheAspectSupport; SearchStrategy: all) did not find any beans of type org.springframework.cache.interceptor.CacheAspectSupport (OnBeanCondition)
      Matched:
         - @ConditionalOnClass found required class 'org.springframework.cache.CacheManager' (OnClassCondition)

   CacheAutoConfiguration.CacheManagerJpaDependencyConfiguration:
      Did not match:
         - Ancestor org.springframework.boot.autoconfigure.cache.CacheAutoConfiguration did not match (ConditionEvaluationReport.AncestorsMatchedCondition)
      Matched:
         - @ConditionalOnClass found required class 'org.springframework.orm.jpa.LocalContainerEntityManagerFactoryBean' (OnClassCondition)

   CaffeineCacheConfiguration:
      Did not match:
         - @ConditionalOnClass did not find required classes 'com.github.benmanes.caffeine.cache.Caffeine', 'org.springframework.cache.caffeine.CaffeineCacheManager' (OnClassCondition)

   CassandraAutoConfiguration:
      Did not match:
         - @ConditionalOnClass did not find required class 'com.datastax.driver.core.Cluster' (OnClassCondition)

   CassandraDataAutoConfiguration:
      Did not match:
         - @ConditionalOnClass did not find required class 'com.datastax.driver.core.Cluster' (OnClassCondition)

   CassandraReactiveDataAutoConfiguration:
      Did not match:
         - @ConditionalOnClass did not find required class 'com.datastax.driver.core.Cluster' (OnClassCondition)

   CassandraReactiveRepositoriesAutoConfiguration:
      Did not match:
         - @ConditionalOnClass did not find required class 'org.springframework.data.cassandra.ReactiveSession' (OnClassCondition)

   CassandraRepositoriesAutoConfiguration:
      Did not match:
         - @ConditionalOnClass did not find required class 'com.datastax.driver.core.Session' (OnClassCondition)

   ClientHttpConnectorAutoConfiguration:
      Did not match:
         - @ConditionalOnClass did not find required class 'org.springframework.web.reactive.function.client.WebClient' (OnClassCondition)

   CloudServiceConnectorsAutoConfiguration:
      Did not match:
         - @ConditionalOnClass did not find required class 'org.springframework.cloud.config.java.CloudScanConfiguration' (OnClassCondition)

   CouchbaseAutoConfiguration:
      Did not match:
         - @ConditionalOnClass did not find required class 'com.couchbase.client.java.Cluster' (OnClassCondition)

   CouchbaseCacheConfiguration:
      Did not match:
         - @ConditionalOnClass did not find required classes 'com.couchbase.client.java.Bucket', 'com.couchbase.client.spring.cache.CouchbaseCacheManager' (OnClassCondition)

   CouchbaseDataAutoConfiguration:
      Did not match:
         - @ConditionalOnClass did not find required class 'com.couchbase.client.java.Bucket' (OnClassCondition)

   CouchbaseReactiveDataAutoConfiguration:
      Did not match:
         - @ConditionalOnClass did not find required class 'com.couchbase.client.java.Bucket' (OnClassCondition)

   CouchbaseReactiveRepositoriesAutoConfiguration:
      Did not match:
         - @ConditionalOnClass did not find required class 'com.couchbase.client.java.Bucket' (OnClassCondition)

   CouchbaseRepositoriesAutoConfiguration:
      Did not match:
         - @ConditionalOnClass did not find required class 'com.couchbase.client.java.Bucket' (OnClassCondition)

   DataSourceAutoConfiguration.EmbeddedDatabaseConfiguration:
      Did not match:
         - EmbeddedDataSource found supported pooled data source (DataSourceAutoConfiguration.EmbeddedDatabaseCondition)

   DataSourceConfiguration.Dbcp2:
      Did not match:
         - @ConditionalOnClass did not find required class 'org.apache.commons.dbcp2.BasicDataSource' (OnClassCondition)

   DataSourceConfiguration.Generic:
      Did not match:
         - @ConditionalOnProperty (spring.datasource.type) did not find property 'spring.datasource.type' (OnPropertyCondition)

   DataSourceConfiguration.Tomcat:
      Did not match:
         - @ConditionalOnClass did not find required class 'org.apache.tomcat.jdbc.pool.DataSource' (OnClassCondition)

   DataSourceJmxConfiguration:
      Did not match:
         - @ConditionalOnProperty (spring.jmx.enabled=true) found different value in property 'enabled' (OnPropertyCondition)

   DataSourcePoolMetadataProvidersConfiguration.CommonsDbcp2PoolDataSourceMetadataProviderConfiguration:
      Did not match:
         - @ConditionalOnClass did not find required class 'org.apache.commons.dbcp2.BasicDataSource' (OnClassCondition)

   DataSourcePoolMetadataProvidersConfiguration.TomcatDataSourcePoolMetadataProviderConfiguration:
      Did not match:
         - @ConditionalOnClass did not find required class 'org.apache.tomcat.jdbc.pool.DataSource' (OnClassCondition)

   DataSourceTransactionManagerAutoConfiguration.DataSourceTransactionManagerConfiguration#transactionManager:
      Did not match:
         - @ConditionalOnMissingBean (types: org.springframework.transaction.PlatformTransactionManager; SearchStrategy: all) found beans of type 'org.springframework.transaction.PlatformTransactionManager' transactionManager (OnBeanCondition)

   DispatcherServletAutoConfiguration.DispatcherServletConfiguration#multipartResolver:
      Did not match:
         - @ConditionalOnBean (types: org.springframework.web.multipart.MultipartResolver; SearchStrategy: all) did not find any beans of type org.springframework.web.multipart.MultipartResolver (OnBeanCondition)

   EhCacheCacheConfiguration:
      Did not match:
         - @ConditionalOnClass did not find required classes 'net.sf.ehcache.Cache', 'org.springframework.cache.ehcache.EhCacheCacheManager' (OnClassCondition)

   ElasticsearchAutoConfiguration:
      Did not match:
         - @ConditionalOnClass did not find required class 'org.elasticsearch.client.Client' (OnClassCondition)

   ElasticsearchDataAutoConfiguration:
      Did not match:
         - @ConditionalOnClass did not find required class 'org.elasticsearch.client.Client' (OnClassCondition)

   ElasticsearchRepositoriesAutoConfiguration:
      Did not match:
         - @ConditionalOnClass did not find required class 'org.elasticsearch.client.Client' (OnClassCondition)

   EmbeddedLdapAutoConfiguration:
      Did not match:
         - @ConditionalOnClass did not find required class 'com.unboundid.ldap.listener.InMemoryDirectoryServer' (OnClassCondition)

   EmbeddedMongoAutoConfiguration:
      Did not match:
         - @ConditionalOnClass did not find required class 'com.mongodb.MongoClient' (OnClassCondition)

   EmbeddedWebServerFactoryCustomizerAutoConfiguration.JettyWebServerFactoryCustomizerConfiguration:
      Did not match:
         - @ConditionalOnClass did not find required classes 'org.eclipse.jetty.server.Server', 'org.eclipse.jetty.util.Loader', 'org.eclipse.jetty.webapp.WebAppContext' (OnClassCondition)

   EmbeddedWebServerFactoryCustomizerAutoConfiguration.NettyWebServerFactoryCustomizerConfiguration:
      Did not match:
         - @ConditionalOnClass did not find required class 'reactor.netty.http.server.HttpServer' (OnClassCondition)

   EmbeddedWebServerFactoryCustomizerAutoConfiguration.UndertowWebServerFactoryCustomizerConfiguration:
      Did not match:
         - @ConditionalOnClass did not find required classes 'io.undertow.Undertow', 'org.xnio.SslClientAuthMode' (OnClassCondition)

   ErrorWebFluxAutoConfiguration:
      Did not match:
         - @ConditionalOnClass did not find required class 'org.springframework.web.reactive.config.WebFluxConfigurer' (OnClassCondition)

   FlywayAutoConfiguration:
      Did not match:
         - @ConditionalOnClass did not find required class 'org.flywaydb.core.Flyway' (OnClassCondition)

   FreeMarkerAutoConfiguration:
      Did not match:
         - @ConditionalOnClass did not find required class 'freemarker.template.Configuration' (OnClassCondition)

   GroovyTemplateAutoConfiguration:
      Did not match:
         - @ConditionalOnClass did not find required class 'groovy.text.markup.MarkupTemplateEngine' (OnClassCondition)

   GsonAutoConfiguration:
      Did not match:
         - @ConditionalOnClass did not find required class 'com.google.gson.Gson' (OnClassCondition)

   GsonHttpMessageConvertersConfiguration:
      Did not match:
         - @ConditionalOnClass did not find required class 'com.google.gson.Gson' (OnClassCondition)

   HazelcastAutoConfiguration:
      Did not match:
         - @ConditionalOnClass did not find required class 'com.hazelcast.core.HazelcastInstance' (OnClassCondition)

   HazelcastCacheConfiguration:
      Did not match:
         - @ConditionalOnClass did not find required classes 'com.hazelcast.core.HazelcastInstance', 'com.hazelcast.spring.cache.HazelcastCacheManager' (OnClassCondition)

   HazelcastJpaDependencyAutoConfiguration:
      Did not match:
         - @ConditionalOnClass did not find required class 'com.hazelcast.core.HazelcastInstance' (OnClassCondition)

   HttpHandlerAutoConfiguration:
      Did not match:
         - @ConditionalOnClass did not find required class 'org.springframework.web.reactive.DispatcherHandler' (OnClassCondition)

   HypermediaAutoConfiguration:
      Did not match:
         - @ConditionalOnClass did not find required class 'org.springframework.hateoas.Resource' (OnClassCondition)

   InfinispanCacheConfiguration:
      Did not match:
         - @ConditionalOnClass did not find required class 'org.infinispan.spring.provider.SpringEmbeddedCacheManager' (OnClassCondition)

   InfluxDbAutoConfiguration:
      Did not match:
         - @ConditionalOnClass did not find required class 'org.influxdb.InfluxDB' (OnClassCondition)

   IntegrationAutoConfiguration:
      Did not match:
         - @ConditionalOnClass did not find required class 'org.springframework.integration.config.EnableIntegration' (OnClassCondition)

   JCacheCacheConfiguration:
      Did not match:
         - @ConditionalOnClass did not find required classes 'javax.cache.Caching', 'org.springframework.cache.jcache.JCacheCacheManager' (OnClassCondition)

   JacksonAutoConfiguration.JodaDateTimeJacksonConfiguration:
      Did not match:
         - @ConditionalOnClass did not find required classes 'org.joda.time.DateTime', 'com.fasterxml.jackson.datatype.joda.ser.DateTimeSerializer', 'com.fasterxml.jackson.datatype.joda.cfg.JacksonJodaDateFormat' (OnClassCondition)

   JacksonHttpMessageConvertersConfiguration.MappingJackson2XmlHttpMessageConverterConfiguration:
      Did not match:
         - @ConditionalOnClass did not find required class 'com.fasterxml.jackson.dataformat.xml.XmlMapper' (OnClassCondition)

   JdbcRepositoriesAutoConfiguration:
      Did not match:
         - @ConditionalOnClass did not find required class 'org.springframework.data.jdbc.repository.config.JdbcConfiguration' (OnClassCondition)

   JerseyAutoConfiguration:
      Did not match:
         - @ConditionalOnClass did not find required class 'org.glassfish.jersey.server.spring.SpringComponentProvider' (OnClassCondition)

   JestAutoConfiguration:
      Did not match:
         - @ConditionalOnClass did not find required class 'io.searchbox.client.JestClient' (OnClassCondition)

   JmsAutoConfiguration:
      Did not match:
         - @ConditionalOnClass did not find required class 'javax.jms.Message' (OnClassCondition)

   JmxAutoConfiguration:
      Did not match:
         - @ConditionalOnProperty (spring.jmx.enabled=true) found different value in property 'enabled' (OnPropertyCondition)
      Matched:
         - @ConditionalOnClass found required class 'org.springframework.jmx.export.MBeanExporter' (OnClassCondition)

   JndiConnectionFactoryAutoConfiguration:
      Did not match:
         - @ConditionalOnClass did not find required class 'org.springframework.jms.core.JmsTemplate' (OnClassCondition)

   JndiDataSourceAutoConfiguration:
      Did not match:
         - @ConditionalOnProperty (spring.datasource.jndi-name) did not find property 'jndi-name' (OnPropertyCondition)
      Matched:
         - @ConditionalOnClass found required classes 'javax.sql.DataSource', 'org.springframework.jdbc.datasource.embedded.EmbeddedDatabaseType' (OnClassCondition)

   JndiJtaConfiguration:
      Did not match:
         - @ConditionalOnJndi JNDI environment is not available (OnJndiCondition)
      Matched:
         - @ConditionalOnClass found required class 'org.springframework.transaction.jta.JtaTransactionManager' (OnClassCondition)

   JooqAutoConfiguration:
      Did not match:
         - @ConditionalOnClass did not find required class 'org.jooq.DSLContext' (OnClassCondition)

   JpaRepositoriesAutoConfiguration:
      Did not match:
         - @ConditionalOnMissingBean (types: org.springframework.data.jpa.repository.support.JpaRepositoryFactoryBean,org.springframework.data.jpa.repository.config.JpaRepositoryConfigExtension; SearchStrategy: all) found beans of type 'org.springframework.data.jpa.repository.config.JpaRepositoryConfigExtension' org.springframework.data.jpa.repository.config.JpaRepositoryConfigExtension#0 (OnBeanCondition)
      Matched:
         - @ConditionalOnClass found required class 'org.springframework.data.jpa.repository.JpaRepository' (OnClassCondition)
         - @ConditionalOnProperty (spring.data.jpa.repositories.enabled=true) matched (OnPropertyCondition)

   JsonbAutoConfiguration:
      Did not match:
         - @ConditionalOnClass did not find required class 'javax.json.bind.Jsonb' (OnClassCondition)

   JsonbHttpMessageConvertersConfiguration:
      Did not match:
         - @ConditionalOnClass did not find required class 'javax.json.bind.Jsonb' (OnClassCondition)

   KafkaAutoConfiguration:
      Did not match:
         - @ConditionalOnClass did not find required class 'org.springframework.kafka.core.KafkaTemplate' (OnClassCondition)

   LdapAutoConfiguration:
      Did not match:
         - @ConditionalOnClass did not find required class 'org.springframework.ldap.core.ContextSource' (OnClassCondition)

   LdapRepositoriesAutoConfiguration:
      Did not match:
         - @ConditionalOnClass did not find required class 'org.springframework.data.ldap.repository.LdapRepository' (OnClassCondition)

   LiquibaseAutoConfiguration:
      Did not match:
         - @ConditionalOnClass did not find required class 'liquibase.change.DatabaseChange' (OnClassCondition)

   LocalDevToolsAutoConfiguration:
      Did not match:
         - Initialized Restarter Condition initialized without URLs (OnInitializedRestarterCondition)

   MailSenderAutoConfiguration:
      Did not match:
         - @ConditionalOnClass did not find required class 'javax.mail.internet.MimeMessage' (OnClassCondition)

   MailSenderValidatorAutoConfiguration:
      Did not match:
         - @ConditionalOnSingleCandidate did not find required type 'org.springframework.mail.javamail.JavaMailSenderImpl' (OnBeanCondition)

   MessageSourceAutoConfiguration:
      Did not match:
         - ResourceBundle did not find bundle with basename messages (MessageSourceAutoConfiguration.ResourceBundleCondition)

   MongoAutoConfiguration:
      Did not match:
         - @ConditionalOnClass did not find required class 'com.mongodb.MongoClient' (OnClassCondition)

   MongoDataAutoConfiguration:
      Did not match:
         - @ConditionalOnClass did not find required class 'com.mongodb.client.MongoClient' (OnClassCondition)

   MongoReactiveAutoConfiguration:
      Did not match:
         - @ConditionalOnClass did not find required class 'com.mongodb.reactivestreams.client.MongoClient' (OnClassCondition)

   MongoReactiveDataAutoConfiguration:
      Did not match:
         - @ConditionalOnClass did not find required class 'com.mongodb.reactivestreams.client.MongoClient' (OnClassCondition)

   MongoReactiveRepositoriesAutoConfiguration:
      Did not match:
         - @ConditionalOnClass did not find required class 'com.mongodb.reactivestreams.client.MongoClient' (OnClassCondition)

   MongoRepositoriesAutoConfiguration:
      Did not match:
         - @ConditionalOnClass did not find required class 'com.mongodb.MongoClient' (OnClassCondition)

   MustacheAutoConfiguration:
      Did not match:
         - @ConditionalOnClass did not find required class 'com.samskivert.mustache.Mustache' (OnClassCondition)

   Neo4jDataAutoConfiguration:
      Did not match:
         - @ConditionalOnClass did not find required class 'org.neo4j.ogm.session.SessionFactory' (OnClassCondition)

   Neo4jRepositoriesAutoConfiguration:
      Did not match:
         - @ConditionalOnClass did not find required class 'org.neo4j.ogm.session.Neo4jSession' (OnClassCondition)

   OAuth2ClientAutoConfiguration:
      Did not match:
         - @ConditionalOnClass did not find required class 'org.springframework.security.oauth2.client.registration.ClientRegistration' (OnClassCondition)

   OAuth2ResourceServerAutoConfiguration:
      Did not match:
         - @ConditionalOnClass did not find required class 'org.springframework.security.oauth2.jwt.JwtDecoder' (OnClassCondition)

   ProjectInfoAutoConfiguration#buildProperties:
      Did not match:
         - @ConditionalOnResource did not find resource '${spring.info.build.location:classpath:META-INF/build-info.properties}' (OnResourceCondition)

   ProjectInfoAutoConfiguration#gitProperties:
      Did not match:
         - GitResource did not find git info at classpath:git.properties (ProjectInfoAutoConfiguration.GitResourceAvailableCondition)

   QuartzAutoConfiguration:
      Did not match:
         - @ConditionalOnClass did not find required class 'org.quartz.Scheduler' (OnClassCondition)

   RabbitAutoConfiguration:
      Did not match:
         - @ConditionalOnClass did not find required class 'com.rabbitmq.client.Channel' (OnClassCondition)

   ReactiveOAuth2ClientAutoConfiguration:
      Did not match:
         - @ConditionalOnClass did not find required class 'reactor.core.publisher.Flux' (OnClassCondition)

   ReactiveOAuth2ResourceServerAutoConfiguration:
      Did not match:
         - @ConditionalOnClass did not find required class 'org.springframework.security.oauth2.jwt.ReactiveJwtDecoder' (OnClassCondition)

   ReactiveSecurityAutoConfiguration:
      Did not match:
         - @ConditionalOnClass did not find required class 'reactor.core.publisher.Flux' (OnClassCondition)

   ReactiveUserDetailsServiceAutoConfiguration:
      Did not match:
         - @ConditionalOnWebApplication did not find reactive web application classes (OnWebApplicationCondition)

   ReactiveWebServerFactoryAutoConfiguration:
      Did not match:
         - @ConditionalOnWebApplication did not find reactive web application classes (OnWebApplicationCondition)

   ReactorCoreAutoConfiguration:
      Did not match:
         - @ConditionalOnClass did not find required class 'reactor.core.publisher.Flux' (OnClassCondition)

   RedisAutoConfiguration:
      Did not match:
         - @ConditionalOnClass did not find required class 'org.springframework.data.redis.core.RedisOperations' (OnClassCondition)

   RedisCacheConfiguration:
      Did not match:
         - @ConditionalOnClass did not find required class 'org.springframework.data.redis.connection.RedisConnectionFactory' (OnClassCondition)

   RedisReactiveAutoConfiguration:
      Did not match:
         - @ConditionalOnClass did not find required class 'reactor.core.publisher.Flux' (OnClassCondition)

   RedisRepositoriesAutoConfiguration:
      Did not match:
         - @ConditionalOnClass did not find required class 'org.springframework.data.redis.repository.configuration.EnableRedisRepositories' (OnClassCondition)

   RemoteDevToolsAutoConfiguration:
      Did not match:
         - @ConditionalOnProperty (spring.devtools.remote.secret) did not find property 'secret' (OnPropertyCondition)
      Matched:
         - @ConditionalOnClass found required classes 'javax.servlet.Filter', 'org.springframework.http.server.ServerHttpRequest' (OnClassCondition)

   RepositoryRestMvcAutoConfiguration:
      Did not match:
         - @ConditionalOnClass did not find required class 'org.springframework.data.rest.webmvc.config.RepositoryRestMvcConfiguration' (OnClassCondition)

   RestClientAutoConfiguration:
      Did not match:
         - @ConditionalOnClass did not find required class 'org.elasticsearch.client.RestClient' (OnClassCondition)

   SecurityDataConfiguration:
      Did not match:
         - @ConditionalOnClass did not find required class 'org.springframework.security.data.repository.query.SecurityEvaluationContextExtension' (OnClassCondition)

   SecurityRequestMatcherProviderAutoConfiguration.JerseyRequestMatcherConfiguration:
      Did not match:
         - @ConditionalOnClass did not find required class 'org.glassfish.jersey.server.ResourceConfig' (OnClassCondition)

   SendGridAutoConfiguration:
      Did not match:
         - @ConditionalOnClass did not find required class 'com.sendgrid.SendGrid' (OnClassCondition)

   ServletWebServerFactoryConfiguration.EmbeddedJetty:
      Did not match:
         - @ConditionalOnClass did not find required classes 'org.eclipse.jetty.server.Server', 'org.eclipse.jetty.util.Loader', 'org.eclipse.jetty.webapp.WebAppContext' (OnClassCondition)

   ServletWebServerFactoryConfiguration.EmbeddedUndertow:
      Did not match:
         - @ConditionalOnClass did not find required classes 'io.undertow.Undertow', 'org.xnio.SslClientAuthMode' (OnClassCondition)

   SessionAutoConfiguration:
      Did not match:
         - @ConditionalOnClass did not find required class 'org.springframework.session.Session' (OnClassCondition)

   SolrAutoConfiguration:
      Did not match:
         - @ConditionalOnClass did not find required class 'org.apache.solr.client.solrj.impl.CloudSolrClient' (OnClassCondition)

   SolrRepositoriesAutoConfiguration:
      Did not match:
         - @ConditionalOnClass did not find required class 'org.apache.solr.client.solrj.SolrClient' (OnClassCondition)

   SpringApplicationAdminJmxAutoConfiguration:
      Did not match:
         - @ConditionalOnProperty (spring.application.admin.enabled=true) did not find property 'enabled' (OnPropertyCondition)

   SpringBootWebSecurityConfiguration:
      Did not match:
         - @ConditionalOnMissingBean (types: org.springframework.security.config.annotation.web.configuration.WebSecurityConfigurerAdapter; SearchStrategy: all) found beans of type 'org.springframework.security.config.annotation.web.configuration.WebSecurityConfigurerAdapter' securityConfiguration (OnBeanCondition)
      Matched:
         - @ConditionalOnClass found required class 'org.springframework.security.config.annotation.web.configuration.WebSecurityConfigurerAdapter' (OnClassCondition)
         - found 'session' scope (OnWebApplicationCondition)

   TaskSchedulingAutoConfiguration#taskScheduler:
      Did not match:
         - @ConditionalOnBean (names: org.springframework.context.annotation.internalScheduledAnnotationProcessor; SearchStrategy: all) did not find any beans named org.springframework.context.annotation.internalScheduledAnnotationProcessor (OnBeanCondition)

   ThymeleafAutoConfiguration:
      Did not match:
         - @ConditionalOnClass did not find required class 'org.thymeleaf.spring5.SpringTemplateEngine' (OnClassCondition)

   TransactionAutoConfiguration.EnableTransactionManagementConfiguration:
      Did not match:
         - @ConditionalOnMissingBean (types: org.springframework.transaction.annotation.AbstractTransactionManagementConfiguration; SearchStrategy: all) found beans of type 'org.springframework.transaction.annotation.AbstractTransactionManagementConfiguration' org.springframework.transaction.annotation.ProxyTransactionManagementConfiguration (OnBeanCondition)

   TransactionAutoConfiguration.EnableTransactionManagementConfiguration.CglibAutoProxyConfiguration:
      Did not match:
         - Ancestor org.springframework.boot.autoconfigure.transaction.TransactionAutoConfiguration$EnableTransactionManagementConfiguration did not match (ConditionEvaluationReport.AncestorsMatchedCondition)
      Matched:
         - @ConditionalOnProperty (spring.aop.proxy-target-class=true) matched (OnPropertyCondition)

   TransactionAutoConfiguration.EnableTransactionManagementConfiguration.JdkDynamicAutoProxyConfiguration:
      Did not match:
         - @ConditionalOnProperty (spring.aop.proxy-target-class=false) did not find property 'proxy-target-class' (OnPropertyCondition)
         - Ancestor org.springframework.boot.autoconfigure.transaction.TransactionAutoConfiguration$EnableTransactionManagementConfiguration did not match (ConditionEvaluationReport.AncestorsMatchedCondition)

   WebClientAutoConfiguration:
      Did not match:
         - @ConditionalOnClass did not find required class 'org.springframework.web.reactive.function.client.WebClient' (OnClassCondition)

   WebFluxAutoConfiguration:
      Did not match:
         - @ConditionalOnClass did not find required class 'org.springframework.web.reactive.config.WebFluxConfigurer' (OnClassCondition)

   WebMvcAutoConfiguration.ResourceChainCustomizerConfiguration:
      Did not match:
         - @ConditionalOnEnabledResourceChain did not find class org.webjars.WebJarAssetLocator (OnEnabledResourceChainCondition)

   WebMvcAutoConfiguration.WebMvcAutoConfigurationAdapter#beanNameViewResolver:
      Did not match:
         - @ConditionalOnMissingBean (types: org.springframework.web.servlet.view.BeanNameViewResolver; SearchStrategy: all) found beans of type 'org.springframework.web.servlet.view.BeanNameViewResolver' beanNameViewResolver (OnBeanCondition)

   WebMvcAutoConfiguration.WebMvcAutoConfigurationAdapter#localeResolver:
      Did not match:
         - @ConditionalOnProperty (spring.mvc.locale) did not find property 'locale' (OnPropertyCondition)

   WebSecurityEnablerConfiguration:
      Did not match:
         - @ConditionalOnMissingBean (names: springSecurityFilterChain; SearchStrategy: all) found beans named springSecurityFilterChain (OnBeanCondition)
      Matched:
         - found 'session' scope (OnWebApplicationCondition)

   WebServiceTemplateAutoConfiguration:
      Did not match:
         - @ConditionalOnClass did not find required class 'org.springframework.oxm.Marshaller' (OnClassCondition)

   WebServicesAutoConfiguration:
      Did not match:
         - @ConditionalOnClass did not find required class 'org.springframework.ws.transport.http.MessageDispatcherServlet' (OnClassCondition)

   WebSocketMessagingAutoConfiguration:
      Did not match:
         - @ConditionalOnClass did not find required class 'org.springframework.web.socket.config.annotation.WebSocketMessageBrokerConfigurer' (OnClassCondition)

   WebSocketReactiveAutoConfiguration:
      Did not match:
         - @ConditionalOnWebApplication did not find reactive web application classes (OnWebApplicationCondition)

   WebSocketServletAutoConfiguration.JettyWebSocketConfiguration:
      Did not match:
         - @ConditionalOnClass did not find required class 'org.eclipse.jetty.websocket.jsr356.server.deploy.WebSocketServerContainerInitializer' (OnClassCondition)

   WebSocketServletAutoConfiguration.UndertowWebSocketConfiguration:
      Did not match:
         - @ConditionalOnClass did not find required class 'io.undertow.websockets.jsr.Bootstrap' (OnClassCondition)

   XADataSourceAutoConfiguration:
      Did not match:
         - @ConditionalOnBean (types: org.springframework.boot.jdbc.XADataSourceWrapper; SearchStrategy: all) did not find any beans of type org.springframework.boot.jdbc.XADataSourceWrapper (OnBeanCondition)
      Matched:
         - @ConditionalOnClass found required classes 'javax.sql.DataSource', 'javax.transaction.TransactionManager', 'org.springframework.jdbc.datasource.embedded.EmbeddedDatabaseType' (OnClassCondition)


Exclusions:
-----------

    None


Unconditional classes:
----------------------

    org.springframework.boot.autoconfigure.context.ConfigurationPropertiesAutoConfiguration

    org.springframework.boot.autoconfigure.context.PropertyPlaceholderAutoConfiguration

    org.springframework.boot.autoconfigure.info.ProjectInfoAutoConfiguration



&amp#27;[30m2020-02-08 10:21:32,476&amp#27;[0;39m &amp#27;[39mDEBUG&amp#27;[0;39m [&amp#27;[34mmain&amp#27;[0;39m] &amp#27;[33morg.springframework.beans.factory.support.DefaultSingletonBeanRegistry&amp#27;[0;39m: Creating shared instance of singleton bean 'org.springframework.transaction.config.internalTransactionAdvisor'
&amp#27;[30m2020-02-08 10:21:32,476&amp#27;[0;39m &amp#27;[39mDEBUG&amp#27;[0;39m [&amp#27;[34mmain&amp#27;[0;39m] &amp#27;[33morg.springframework.beans.factory.support.DefaultSingletonBeanRegistry&amp#27;[0;39m: Creating shared instance of singleton bean 'org.springframework.transaction.annotation.ProxyTransactionManagementConfiguration'
&amp#27;[30m2020-02-08 10:21:32,477&amp#27;[0;39m &amp#27;[39mDEBUG&amp#27;[0;39m [&amp#27;[34mmain&amp#27;[0;39m] &amp#27;[33morg.springframework.beans.factory.support.AbstractAutowireCapableBeanFactory&amp#27;[0;39m: Bean creation exception on singleton FactoryBean type check: org.springframework.beans.factory.BeanCreationException: Error creating bean with name 'org.springframework.transaction.annotation.ProxyTransactionManagementConfiguration': Initialization of bean failed; nested exception is org.springframework.beans.factory.NoSuchBeanDefinitionException: No bean named 'org.springframework.context.annotation.ConfigurationClassPostProcessor.importRegistry' available
&amp#27;[30m2020-02-08 10:21:32,480&amp#27;[0;39m &amp#27;[39mDEBUG&amp#27;[0;39m [&amp#27;[34mmain&amp#27;[0;39m] &amp#27;[33morg.springframework.boot.diagnostics.LoggingFailureAnalysisReporter&amp#27;[0;39m: Application failed to start due to an exception
org.springframework.beans.factory.NoSuchBeanDefinitionException: No qualifying bean of type 'in.rgukt.r081247.universityapi.repository.DepartmentRepository' available: expected at least 1 bean which qualifies as autowire candidate. Dependency annotations: {@org.springframework.beans.factory.annotation.Autowired(required=true)}
	at org.springframework.beans.factory.support.DefaultListableBeanFactory.raiseNoMatchingBeanFound(DefaultListableBeanFactory.java:1655)
	at org.springframework.beans.factory.support.DefaultListableBeanFactory.doResolveDependency(DefaultListableBeanFactory.java:1214)
	at org.springframework.beans.factory.support.DefaultListableBeanFactory.resolveDependency(DefaultListableBeanFactory.java:1168)
	at org.springframework.beans.factory.annotation.AutowiredAnnotationBeanPostProcessor$AutowiredFieldElement.inject(AutowiredAnnotationBeanPostProcessor.java:593)
	at org.springframework.beans.factory.annotation.InjectionMetadata.inject(InjectionMetadata.java:90)
	at org.springframework.beans.factory.annotation.AutowiredAnnotationBeanPostProcessor.postProcessProperties(AutowiredAnnotationBeanPostProcessor.java:374)
	at org.springframework.beans.factory.support.AbstractAutowireCapableBeanFactory.populateBean(AbstractAutowireCapableBeanFactory.java:1411)
	at org.springframework.beans.factory.support.AbstractAutowireCapableBeanFactory.doCreateBean(AbstractAutowireCapableBeanFactory.java:592)
	at org.springframework.beans.factory.support.AbstractAutowireCapableBeanFactory.createBean(AbstractAutowireCapableBeanFactory.java:515)
	at org.springframework.beans.factory.support.AbstractBeanFactory.lambda$doGetBean$0(AbstractBeanFactory.java:320)
	at org.springframework.beans.factory.support.DefaultSingletonBeanRegistry.getSingleton(DefaultSingletonBeanRegistry.java:222)
	at org.springframework.beans.factory.support.AbstractBeanFactory.doGetBean(AbstractBeanFactory.java:318)
	at org.springframework.beans.factory.support.AbstractBeanFactory.getBean(AbstractBeanFactory.java:199)
	at org.springframework.beans.factory.config.DependencyDescriptor.resolveCandidate(DependencyDescriptor.java:277)
	at org.springframework.beans.factory.support.DefaultListableBeanFactory.doResolveDependency(DefaultListableBeanFactory.java:1248)
	at org.springframework.beans.factory.support.DefaultListableBeanFactory.resolveDependency(DefaultListableBeanFactory.java:1168)
	at org.springframework.beans.factory.annotation.AutowiredAnnotationBeanPostProcessor$AutowiredFieldElement.inject(AutowiredAnnotationBeanPostProcessor.java:593)
	at org.springframework.beans.factory.annotation.InjectionMetadata.inject(InjectionMetadata.java:90)
	at org.springframework.beans.factory.annotation.AutowiredAnnotationBeanPostProcessor.postProcessProperties(AutowiredAnnotationBeanPostProcessor.java:374)
	at org.springframework.beans.factory.support.AbstractAutowireCapableBeanFactory.populateBean(AbstractAutowireCapableBeanFactory.java:1411)
	at org.springframework.beans.factory.support.AbstractAutowireCapableBeanFactory.doCreateBean(AbstractAutowireCapableBeanFactory.java:592)
	at org.springframework.beans.factory.support.AbstractAutowireCapableBeanFactory.createBean(AbstractAutowireCapableBeanFactory.java:515)
	at org.springframework.beans.factory.support.AbstractBeanFactory.lambda$doGetBean$0(AbstractBeanFactory.java:320)
	at org.springframework.beans.factory.support.DefaultSingletonBeanRegistry.getSingleton(DefaultSingletonBeanRegistry.java:222)
	at org.springframework.beans.factory.support.AbstractBeanFactory.doGetBean(AbstractBeanFactory.java:318)
	at org.springframework.beans.factory.support.AbstractBeanFactory.getBean(AbstractBeanFactory.java:199)
	at org.springframework.beans.factory.support.DefaultListableBeanFactory.preInstantiateSingletons(DefaultListableBeanFactory.java:843)
	at org.springframework.context.support.AbstractApplicationContext.finishBeanFactoryInitialization(AbstractApplicationContext.java:877)
	at org.springframework.context.support.AbstractApplicationContext.refresh(AbstractApplicationContext.java:549)
	at org.springframework.boot.SpringApplication.refresh(SpringApplication.java:775)
	at org.springframework.boot.SpringApplication.refreshContext(SpringApplication.java:397)
	at org.springframework.boot.SpringApplication.run(SpringApplication.java:316)
	at org.springframework.boot.test.context.SpringBootContextLoader.loadContext(SpringBootContextLoader.java:127)
	at org.springframework.test.context.cache.DefaultCacheAwareContextLoaderDelegate.loadContextInternal(DefaultCacheAwareContextLoaderDelegate.java:99)
	at org.springframework.test.context.cache.DefaultCacheAwareContextLoaderDelegate.loadContext(DefaultCacheAwareContextLoaderDelegate.java:117)
	at org.springframework.test.context.support.DefaultTestContext.getApplicationContext(DefaultTestContext.java:108)
	at org.springframework.test.context.web.ServletTestExecutionListener.setUpRequestContextIfNecessary(ServletTestExecutionListener.java:190)
	at org.springframework.test.context.web.ServletTestExecutionListener.prepareTestInstance(ServletTestExecutionListener.java:132)
	at org.springframework.test.context.TestContextManager.prepareTestInstance(TestContextManager.java:246)
	at org.springframework.test.context.junit4.SpringJUnit4ClassRunner.createTest(SpringJUnit4ClassRunner.java:227)
	at org.springframework.test.context.junit4.SpringJUnit4ClassRunner$1.runReflectiveCall(SpringJUnit4ClassRunner.java:289)
	at org.junit.internal.runners.model.ReflectiveCallable.run(ReflectiveCallable.java:12)
	at org.springframework.test.context.junit4.SpringJUnit4ClassRunner.methodBlock(SpringJUnit4ClassRunner.java:291)
	at org.springframework.test.context.junit4.SpringJUnit4ClassRunner.runChild(SpringJUnit4ClassRunner.java:246)
	at org.springframework.test.context.junit4.SpringJUnit4ClassRunner.runChild(SpringJUnit4ClassRunner.java:97)
	at org.junit.runners.ParentRunner$3.run(ParentRunner.java:290)
	at org.junit.runners.ParentRunner$1.schedule(ParentRunner.java:71)
	at org.junit.runners.ParentRunner.runChildren(ParentRunner.java:288)
	at org.junit.runners.ParentRunner.access$000(ParentRunner.java:58)
	at org.junit.runners.ParentRunner$2.evaluate(ParentRunner.java:268)
	at org.springframework.test.context.junit4.statements.RunBeforeTestClassCallbacks.evaluate(RunBeforeTestClassCallbacks.java:61)
	at org.springframework.test.context.junit4.statements.RunAfterTestClassCallbacks.evaluate(RunAfterTestClassCallbacks.java:70)
	at org.junit.runners.ParentRunner.run(ParentRunner.java:363)
	at org.springframework.test.context.junit4.SpringJUnit4ClassRunner.run(SpringJUnit4ClassRunner.java:190)
	at org.apache.maven.surefire.junit4.JUnit4Provider.execute(JUnit4Provider.java:365)
	at org.apache.maven.surefire.junit4.JUnit4Provider.executeWithRerun(JUnit4Provider.java:273)
	at org.apache.maven.surefire.junit4.JUnit4Provider.executeTestSet(JUnit4Provider.java:238)
	at org.apache.maven.surefire.junit4.JUnit4Provider.invoke(JUnit4Provider.java:159)
	at org.apache.maven.surefire.booter.ForkedBooter.invokeProviderInSameClassLoader(ForkedBooter.java:384)
	at org.apache.maven.surefire.booter.ForkedBooter.runSuitesInProcess(ForkedBooter.java:345)
	at org.apache.maven.surefire.booter.ForkedBooter.execute(ForkedBooter.java:126)
	at org.apache.maven.surefire.booter.ForkedBooter.main(ForkedBooter.java:418)
&amp#27;[30m2020-02-08 10:21:32,481&amp#27;[0;39m &amp#27;[1;31mERROR&amp#27;[0;39m [&amp#27;[34mmain&amp#27;[0;39m] &amp#27;[33morg.springframework.boot.diagnostics.LoggingFailureAnalysisReporter&amp#27;[0;39m: 

***************************
APPLICATION FAILED TO START
***************************

Description:

Field departmentRepository in in.rgukt.r081247.universityapi.service.CourseService required a bean of type 'in.rgukt.r081247.universityapi.repository.DepartmentRepository' that could not be found.

The injection point has the following annotations:
	- @org.springframework.beans.factory.annotation.Autowired(required=true)


Action:

Consider defining a bean of type 'in.rgukt.r081247.universityapi.repository.DepartmentRepository' in your configuration.

&amp#27;[30m2020-02-08 10:21:32,497&amp#27;[0;39m &amp#27;[1;31mERROR&amp#27;[0;39m [&amp#27;[34mmain&amp#27;[0;39m] &amp#27;[33morg.springframework.test.context.TestContextManager&amp#27;[0;39m: Caught exception while allowing TestExecutionListener [org.springframework.test.context.web.ServletTestExecutionListener@15f47664] to prepare test instance [in.rgukt.r081247.universityapi.CrmApplicationTests@4f356b98]
java.lang.IllegalStateException: Failed to load ApplicationContext
	at org.springframework.test.context.cache.DefaultCacheAwareContextLoaderDelegate.loadContext(DefaultCacheAwareContextLoaderDelegate.java:125)
	at org.springframework.test.context.support.DefaultTestContext.getApplicationContext(DefaultTestContext.java:108)
	at org.springframework.test.context.web.ServletTestExecutionListener.setUpRequestContextIfNecessary(ServletTestExecutionListener.java:190)
	at org.springframework.test.context.web.ServletTestExecutionListener.prepareTestInstance(ServletTestExecutionListener.java:132)
	at org.springframework.test.context.TestContextManager.prepareTestInstance(TestContextManager.java:246)
	at org.springframework.test.context.junit4.SpringJUnit4ClassRunner.createTest(SpringJUnit4ClassRunner.java:227)
	at org.springframework.test.context.junit4.SpringJUnit4ClassRunner$1.runReflectiveCall(SpringJUnit4ClassRunner.java:289)
	at org.junit.internal.runners.model.ReflectiveCallable.run(ReflectiveCallable.java:12)
	at org.springframework.test.context.junit4.SpringJUnit4ClassRunner.methodBlock(SpringJUnit4ClassRunner.java:291)
	at org.springframework.test.context.junit4.SpringJUnit4ClassRunner.runChild(SpringJUnit4ClassRunner.java:246)
	at org.springframework.test.context.junit4.SpringJUnit4ClassRunner.runChild(SpringJUnit4ClassRunner.java:97)
	at org.junit.runners.ParentRunner$3.run(ParentRunner.java:290)
	at org.junit.runners.ParentRunner$1.schedule(ParentRunner.java:71)
	at org.junit.runners.ParentRunner.runChildren(ParentRunner.java:288)
	at org.junit.runners.ParentRunner.access$000(ParentRunner.java:58)
	at org.junit.runners.ParentRunner$2.evaluate(ParentRunner.java:268)
	at org.springframework.test.context.junit4.statements.RunBeforeTestClassCallbacks.evaluate(RunBeforeTestClassCallbacks.java:61)
	at org.springframework.test.context.junit4.statements.RunAfterTestClassCallbacks.evaluate(RunAfterTestClassCallbacks.java:70)
	at org.junit.runners.ParentRunner.run(ParentRunner.java:363)
	at org.springframework.test.context.junit4.SpringJUnit4ClassRunner.run(SpringJUnit4ClassRunner.java:190)
	at org.apache.maven.surefire.junit4.JUnit4Provider.execute(JUnit4Provider.java:365)
	at org.apache.maven.surefire.junit4.JUnit4Provider.executeWithRerun(JUnit4Provider.java:273)
	at org.apache.maven.surefire.junit4.JUnit4Provider.executeTestSet(JUnit4Provider.java:238)
	at org.apache.maven.surefire.junit4.JUnit4Provider.invoke(JUnit4Provider.java:159)
	at org.apache.maven.surefire.booter.ForkedBooter.invokeProviderInSameClassLoader(ForkedBooter.java:384)
	at org.apache.maven.surefire.booter.ForkedBooter.runSuitesInProcess(ForkedBooter.java:345)
	at org.apache.maven.surefire.booter.ForkedBooter.execute(ForkedBooter.java:126)
	at org.apache.maven.surefire.booter.ForkedBooter.main(ForkedBooter.java:418)
Caused by: org.springframework.beans.factory.UnsatisfiedDependencyException: Error creating bean with name 'courseController': Unsatisfied dependency expressed through field 'courseService'; nested exception is org.springframework.beans.factory.UnsatisfiedDependencyException: Error creating bean with name 'courseService': Unsatisfied dependency expressed through field 'departmentRepository'; nested exception is org.springframework.beans.factory.NoSuchBeanDefinitionException: No qualifying bean of type 'in.rgukt.r081247.universityapi.repository.DepartmentRepository' available: expected at least 1 bean which qualifies as autowire candidate. Dependency annotations: {@org.springframework.beans.factory.annotation.Autowired(required=true)}
	at org.springframework.beans.factory.annotation.AutowiredAnnotationBeanPostProcessor$AutowiredFieldElement.inject(AutowiredAnnotationBeanPostProcessor.java:596)
	at org.springframework.beans.factory.annotation.InjectionMetadata.inject(InjectionMetadata.java:90)
	at org.springframework.beans.factory.annotation.AutowiredAnnotationBeanPostProcessor.postProcessProperties(AutowiredAnnotationBeanPostProcessor.java:374)
	at org.springframework.beans.factory.support.AbstractAutowireCapableBeanFactory.populateBean(AbstractAutowireCapableBeanFactory.java:1411)
	at org.springframework.beans.factory.support.AbstractAutowireCapableBeanFactory.doCreateBean(AbstractAutowireCapableBeanFactory.java:592)
	at org.springframework.beans.factory.support.AbstractAutowireCapableBeanFactory.createBean(AbstractAutowireCapableBeanFactory.java:515)
	at org.springframework.beans.factory.support.AbstractBeanFactory.lambda$doGetBean$0(AbstractBeanFactory.java:320)
	at org.springframework.beans.factory.support.DefaultSingletonBeanRegistry.getSingleton(DefaultSingletonBeanRegistry.java:222)
	at org.springframework.beans.factory.support.AbstractBeanFactory.doGetBean(AbstractBeanFactory.java:318)
	at org.springframework.beans.factory.support.AbstractBeanFactory.getBean(AbstractBeanFactory.java:199)
	at org.springframework.beans.factory.support.DefaultListableBeanFactory.preInstantiateSingletons(DefaultListableBeanFactory.java:843)
	at org.springframework.context.support.AbstractApplicationContext.finishBeanFactoryInitialization(AbstractApplicationContext.java:877)
	at org.springframework.context.support.AbstractApplicationContext.refresh(AbstractApplicationContext.java:549)
	at org.springframework.boot.SpringApplication.refresh(SpringApplication.java:775)
	at org.springframework.boot.SpringApplication.refreshContext(SpringApplication.java:397)
	at org.springframework.boot.SpringApplication.run(SpringApplication.java:316)
	at org.springframework.boot.test.context.SpringBootContextLoader.loadContext(SpringBootContextLoader.java:127)
	at org.springframework.test.context.cache.DefaultCacheAwareContextLoaderDelegate.loadContextInternal(DefaultCacheAwareContextLoaderDelegate.java:99)
	at org.springframework.test.context.cache.DefaultCacheAwareContextLoaderDelegate.loadContext(DefaultCacheAwareContextLoaderDelegate.java:117)
	... 27 common frames omitted
Caused by: org.springframework.beans.factory.UnsatisfiedDependencyException: Error creating bean with name 'courseService': Unsatisfied dependency expressed through field 'departmentRepository'; nested exception is org.springframework.beans.factory.NoSuchBeanDefinitionException: No qualifying bean of type 'in.rgukt.r081247.universityapi.repository.DepartmentRepository' available: expected at least 1 bean which qualifies as autowire candidate. Dependency annotations: {@org.springframework.beans.factory.annotation.Autowired(required=true)}
	at org.springframework.beans.factory.annotation.AutowiredAnnotationBeanPostProcessor$AutowiredFieldElement.inject(AutowiredAnnotationBeanPostProcessor.java:596)
	at org.springframework.beans.factory.annotation.InjectionMetadata.inject(InjectionMetadata.java:90)
	at org.springframework.beans.factory.annotation.AutowiredAnnotationBeanPostProcessor.postProcessProperties(AutowiredAnnotationBeanPostProcessor.java:374)
	at org.springframework.beans.factory.support.AbstractAutowireCapableBeanFactory.populateBean(AbstractAutowireCapableBeanFactory.java:1411)
	at org.springframework.beans.factory.support.AbstractAutowireCapableBeanFactory.doCreateBean(AbstractAutowireCapableBeanFactory.java:592)
	at org.springframework.beans.factory.support.AbstractAutowireCapableBeanFactory.createBean(AbstractAutowireCapableBeanFactory.java:515)
	at org.springframework.beans.factory.support.AbstractBeanFactory.lambda$doGetBean$0(AbstractBeanFactory.java:320)
	at org.springframework.beans.factory.support.DefaultSingletonBeanRegistry.getSingleton(DefaultSingletonBeanRegistry.java:222)
	at org.springframework.beans.factory.support.AbstractBeanFactory.doGetBean(AbstractBeanFactory.java:318)
	at org.springframework.beans.factory.support.AbstractBeanFactory.getBean(AbstractBeanFactory.java:199)
	at org.springframework.beans.factory.config.DependencyDescriptor.resolveCandidate(DependencyDescriptor.java:277)
	at org.springframework.beans.factory.support.DefaultListableBeanFactory.doResolveDependency(DefaultListableBeanFactory.java:1248)
	at org.springframework.beans.factory.support.DefaultListableBeanFactory.resolveDependency(DefaultListableBeanFactory.java:1168)
	at org.springframework.beans.factory.annotation.AutowiredAnnotationBeanPostProcessor$AutowiredFieldElement.inject(AutowiredAnnotationBeanPostProcessor.java:593)
	... 45 common frames omitted
Caused by: org.springframework.beans.factory.NoSuchBeanDefinitionException: No qualifying bean of type 'in.rgukt.r081247.universityapi.repository.DepartmentRepository' available: expected at least 1 bean which qualifies as autowire candidate. Dependency annotations: {@org.springframework.beans.factory.annotation.Autowired(required=true)}
	at org.springframework.beans.factory.support.DefaultListableBeanFactory.raiseNoMatchingBeanFound(DefaultListableBeanFactory.java:1655)
	at org.springframework.beans.factory.support.DefaultListableBeanFactory.doResolveDependency(DefaultListableBeanFactory.java:1214)
	at org.springframework.beans.factory.support.DefaultListableBeanFactory.resolveDependency(DefaultListableBeanFactory.java:1168)
	at org.springframework.beans.factory.annotation.AutowiredAnnotationBeanPostProcessor$AutowiredFieldElement.inject(AutowiredAnnotationBeanPostProcessor.java:593)
	... 58 common frames omitted
]]></system-out>
  </testcase>
</testsuite>