<?xml version="1.0" encoding="UTF-8"?>
<testsuite xmlns:xsi="http://www.w3.org/2001/XMLSchema-instance" xsi:noNamespaceSchemaLocation="https://maven.apache.org/surefire/maven-surefire-plugin/xsd/surefire-test-report.xsd" name="in.rgukt.r081247.universityapi.controller.DepartmentControllerIntegrationTest" time="9.039" tests="2" errors="2" skipped="0" failures="0">
  <properties>
    <property name="sun.desktop" value="gnome"/>
    <property name="awt.toolkit" value="sun.awt.X11.XToolkit"/>
    <property name="java.specification.version" value="11"/>
    <property name="sun.cpu.isalist" value=""/>
    <property name="sun.jnu.encoding" value="UTF-8"/>
    <property name="java.class.path" value="/home/vinod/Desktop/desk/projects/universityapi/target/test-classes:/home/vinod/Desktop/desk/projects/universityapi/target/classes:/home/vinod/.m2/repository/org/springframework/boot/spring-boot-starter-data-jpa/2.1.5.RELEASE/spring-boot-starter-data-jpa-2.1.5.RELEASE.jar:/home/vinod/.m2/repository/org/springframework/boot/spring-boot-starter-aop/2.1.5.RELEASE/spring-boot-starter-aop-2.1.5.RELEASE.jar:/home/vinod/.m2/repository/org/aspectj/aspectjweaver/1.9.4/aspectjweaver-1.9.4.jar:/home/vinod/.m2/repository/org/springframework/boot/spring-boot-starter-jdbc/2.1.5.RELEASE/spring-boot-starter-jdbc-2.1.5.RELEASE.jar:/home/vinod/.m2/repository/com/zaxxer/HikariCP/3.2.0/HikariCP-3.2.0.jar:/home/vinod/.m2/repository/org/springframework/spring-jdbc/5.1.7.RELEASE/spring-jdbc-5.1.7.RELEASE.jar:/home/vinod/.m2/repository/javax/transaction/javax.transaction-api/1.3/javax.transaction-api-1.3.jar:/home/vinod/.m2/repository/javax/xml/bind/jaxb-api/2.3.1/jaxb-api-2.3.1.jar:/home/vinod/.m2/repository/javax/activation/javax.activation-api/1.2.0/javax.activation-api-1.2.0.jar:/home/vinod/.m2/repository/org/hibernate/hibernate-core/5.3.10.Final/hibernate-core-5.3.10.Final.jar:/home/vinod/.m2/repository/org/jboss/logging/jboss-logging/3.3.2.Final/jboss-logging-3.3.2.Final.jar:/home/vinod/.m2/repository/javax/persistence/javax.persistence-api/2.2/javax.persistence-api-2.2.jar:/home/vinod/.m2/repository/org/javassist/javassist/3.23.2-GA/javassist-3.23.2-GA.jar:/home/vinod/.m2/repository/net/bytebuddy/byte-buddy/1.9.12/byte-buddy-1.9.12.jar:/home/vinod/.m2/repository/antlr/antlr/2.7.7/antlr-2.7.7.jar:/home/vinod/.m2/repository/org/jboss/jandex/2.0.5.Final/jandex-2.0.5.Final.jar:/home/vinod/.m2/repository/com/fasterxml/classmate/1.4.0/classmate-1.4.0.jar:/home/vinod/.m2/repository/org/dom4j/dom4j/2.1.1/dom4j-2.1.1.jar:/home/vinod/.m2/repository/org/hibernate/common/hibernate-commons-annotations/5.0.4.Final/hibernate-commons-annotations-5.0.4.Final.jar:/home/vinod/.m2/repository/org/springframework/data/spring-data-jpa/2.1.8.RELEASE/spring-data-jpa-2.1.8.RELEASE.jar:/home/vinod/.m2/repository/org/springframework/data/spring-data-commons/2.1.8.RELEASE/spring-data-commons-2.1.8.RELEASE.jar:/home/vinod/.m2/repository/org/springframework/spring-orm/5.1.7.RELEASE/spring-orm-5.1.7.RELEASE.jar:/home/vinod/.m2/repository/org/springframework/spring-context/5.1.7.RELEASE/spring-context-5.1.7.RELEASE.jar:/home/vinod/.m2/repository/org/springframework/spring-tx/5.1.7.RELEASE/spring-tx-5.1.7.RELEASE.jar:/home/vinod/.m2/repository/org/springframework/spring-beans/5.1.7.RELEASE/spring-beans-5.1.7.RELEASE.jar:/home/vinod/.m2/repository/org/slf4j/slf4j-api/1.7.26/slf4j-api-1.7.26.jar:/home/vinod/.m2/repository/org/springframework/spring-aspects/5.1.7.RELEASE/spring-aspects-5.1.7.RELEASE.jar:/home/vinod/.m2/repository/org/springframework/boot/spring-boot-starter-security/2.1.5.RELEASE/spring-boot-starter-security-2.1.5.RELEASE.jar:/home/vinod/.m2/repository/org/springframework/boot/spring-boot-starter/2.1.5.RELEASE/spring-boot-starter-2.1.5.RELEASE.jar:/home/vinod/.m2/repository/org/springframework/boot/spring-boot-starter-logging/2.1.5.RELEASE/spring-boot-starter-logging-2.1.5.RELEASE.jar:/home/vinod/.m2/repository/ch/qos/logback/logback-classic/1.2.3/logback-classic-1.2.3.jar:/home/vinod/.m2/repository/ch/qos/logback/logback-core/1.2.3/logback-core-1.2.3.jar:/home/vinod/.m2/repository/org/apache/logging/log4j/log4j-to-slf4j/2.11.2/log4j-to-slf4j-2.11.2.jar:/home/vinod/.m2/repository/org/apache/logging/log4j/log4j-api/2.11.2/log4j-api-2.11.2.jar:/home/vinod/.m2/repository/org/slf4j/jul-to-slf4j/1.7.26/jul-to-slf4j-1.7.26.jar:/home/vinod/.m2/repository/javax/annotation/javax.annotation-api/1.3.2/javax.annotation-api-1.3.2.jar:/home/vinod/.m2/repository/org/yaml/snakeyaml/1.23/snakeyaml-1.23.jar:/home/vinod/.m2/repository/org/springframework/spring-aop/5.1.7.RELEASE/spring-aop-5.1.7.RELEASE.jar:/home/vinod/.m2/repository/org/springframework/security/spring-security-config/5.1.5.RELEASE/spring-security-config-5.1.5.RELEASE.jar:/home/vinod/.m2/repository/org/springframework/security/spring-security-web/5.1.5.RELEASE/spring-security-web-5.1.5.RELEASE.jar:/home/vinod/.m2/repository/org/springframework/spring-expression/5.1.7.RELEASE/spring-expression-5.1.7.RELEASE.jar:/home/vinod/.m2/repository/org/springframework/boot/spring-boot-starter-web/2.1.5.RELEASE/spring-boot-starter-web-2.1.5.RELEASE.jar:/home/vinod/.m2/repository/org/springframework/boot/spring-boot-starter-json/2.1.5.RELEASE/spring-boot-starter-json-2.1.5.RELEASE.jar:/home/vinod/.m2/repository/com/fasterxml/jackson/core/jackson-databind/2.9.8/jackson-databind-2.9.8.jar:/home/vinod/.m2/repository/com/fasterxml/jackson/core/jackson-annotations/2.9.0/jackson-annotations-2.9.0.jar:/home/vinod/.m2/repository/com/fasterxml/jackson/core/jackson-core/2.9.8/jackson-core-2.9.8.jar:/home/vinod/.m2/repository/com/fasterxml/jackson/datatype/jackson-datatype-jdk8/2.9.8/jackson-datatype-jdk8-2.9.8.jar:/home/vinod/.m2/repository/com/fasterxml/jackson/datatype/jackson-datatype-jsr310/2.9.8/jackson-datatype-jsr310-2.9.8.jar:/home/vinod/.m2/repository/com/fasterxml/jackson/module/jackson-module-parameter-names/2.9.8/jackson-module-parameter-names-2.9.8.jar:/home/vinod/.m2/repository/org/springframework/boot/spring-boot-starter-tomcat/2.1.5.RELEASE/spring-boot-starter-tomcat-2.1.5.RELEASE.jar:/home/vinod/.m2/repository/org/apache/tomcat/embed/tomcat-embed-core/9.0.19/tomcat-embed-core-9.0.19.jar:/home/vinod/.m2/repository/org/apache/tomcat/embed/tomcat-embed-el/9.0.19/tomcat-embed-el-9.0.19.jar:/home/vinod/.m2/repository/org/apache/tomcat/embed/tomcat-embed-websocket/9.0.19/tomcat-embed-websocket-9.0.19.jar:/home/vinod/.m2/repository/org/hibernate/validator/hibernate-validator/6.0.16.Final/hibernate-validator-6.0.16.Final.jar:/home/vinod/.m2/repository/javax/validation/validation-api/2.0.1.Final/validation-api-2.0.1.Final.jar:/home/vinod/.m2/repository/org/springframework/spring-web/5.1.7.RELEASE/spring-web-5.1.7.RELEASE.jar:/home/vinod/.m2/repository/org/springframework/spring-webmvc/5.1.7.RELEASE/spring-webmvc-5.1.7.RELEASE.jar:/home/vinod/.m2/repository/mysql/mysql-connector-java/8.0.16/mysql-connector-java-8.0.16.jar:/home/vinod/.m2/repository/org/springframework/boot/spring-boot-starter-test/2.1.5.RELEASE/spring-boot-starter-test-2.1.5.RELEASE.jar:/home/vinod/.m2/repository/org/springframework/boot/spring-boot-test/2.1.5.RELEASE/spring-boot-test-2.1.5.RELEASE.jar:/home/vinod/.m2/repository/org/springframework/boot/spring-boot-test-autoconfigure/2.1.5.RELEASE/spring-boot-test-autoconfigure-2.1.5.RELEASE.jar:/home/vinod/.m2/repository/com/jayway/jsonpath/json-path/2.4.0/json-path-2.4.0.jar:/home/vinod/.m2/repository/net/minidev/json-smart/2.3/json-smart-2.3.jar:/home/vinod/.m2/repository/net/minidev/accessors-smart/1.2/accessors-smart-1.2.jar:/home/vinod/.m2/repository/org/ow2/asm/asm/5.0.4/asm-5.0.4.jar:/home/vinod/.m2/repository/junit/junit/4.12/junit-4.12.jar:/home/vinod/.m2/repository/org/assertj/assertj-core/3.11.1/assertj-core-3.11.1.jar:/home/vinod/.m2/repository/org/mockito/mockito-core/2.23.4/mockito-core-2.23.4.jar:/home/vinod/.m2/repository/net/bytebuddy/byte-buddy-agent/1.9.12/byte-buddy-agent-1.9.12.jar:/home/vinod/.m2/repository/org/objenesis/objenesis/2.6/objenesis-2.6.jar:/home/vinod/.m2/repository/org/hamcrest/hamcrest-core/1.3/hamcrest-core-1.3.jar:/home/vinod/.m2/repository/org/hamcrest/hamcrest-library/1.3/hamcrest-library-1.3.jar:/home/vinod/.m2/repository/org/skyscreamer/jsonassert/1.5.0/jsonassert-1.5.0.jar:/home/vinod/.m2/repository/com/vaadin/external/google/android-json/0.0.20131108.vaadin1/android-json-0.0.20131108.vaadin1.jar:/home/vinod/.m2/repository/org/springframework/spring-core/5.1.7.RELEASE/spring-core-5.1.7.RELEASE.jar:/home/vinod/.m2/repository/org/springframework/spring-jcl/5.1.7.RELEASE/spring-jcl-5.1.7.RELEASE.jar:/home/vinod/.m2/repository/org/springframework/spring-test/5.1.7.RELEASE/spring-test-5.1.7.RELEASE.jar:/home/vinod/.m2/repository/org/xmlunit/xmlunit-core/2.6.2/xmlunit-core-2.6.2.jar:/home/vinod/.m2/repository/com/h2database/h2/1.4.199/h2-1.4.199.jar:/home/vinod/.m2/repository/org/springframework/security/spring-security-test/5.1.5.RELEASE/spring-security-test-5.1.5.RELEASE.jar:/home/vinod/.m2/repository/org/springframework/security/spring-security-core/5.1.5.RELEASE/spring-security-core-5.1.5.RELEASE.jar:/home/vinod/.m2/repository/org/springframework/boot/spring-boot-devtools/2.1.5.RELEASE/spring-boot-devtools-2.1.5.RELEASE.jar:/home/vinod/.m2/repository/org/springframework/boot/spring-boot/2.1.5.RELEASE/spring-boot-2.1.5.RELEASE.jar:/home/vinod/.m2/repository/org/springframework/boot/spring-boot-autoconfigure/2.1.5.RELEASE/spring-boot-autoconfigure-2.1.5.RELEASE.jar:"/>
    <property name="java.vm.vendor" value="AdoptOpenJDK"/>
    <property name="sun.arch.data.model" value="64"/>
    <property name="java.vendor.url" value="https://adoptopenjdk.net/"/>
    <property name="user.timezone" value=""/>
    <property name="java.vm.specification.version" value="11"/>
    <property name="os.name" value="Linux"/>
    <property name="sun.java.launcher" value="SUN_STANDARD"/>
    <property name="user.country" value="IN"/>
    <property name="sun.boot.library.path" value="/home/vinod/.sdkman/candidates/java/11.0.4.hs-adpt/lib"/>
    <property name="sun.java.command" value="/home/vinod/Desktop/desk/projects/universityapi/target/surefire/surefirebooter9337132622826742852.jar /home/vinod/Desktop/desk/projects/universityapi/target/surefire 2020-02-08T10-21-20_114-jvmRun1 surefire10272446337612567938tmp surefire_012652112760342641946tmp"/>
    <property name="jdk.debug" value="release"/>
    <property name="surefire.test.class.path" value="/home/vinod/Desktop/desk/projects/universityapi/target/test-classes:/home/vinod/Desktop/desk/projects/universityapi/target/classes:/home/vinod/.m2/repository/org/springframework/boot/spring-boot-starter-data-jpa/2.1.5.RELEASE/spring-boot-starter-data-jpa-2.1.5.RELEASE.jar:/home/vinod/.m2/repository/org/springframework/boot/spring-boot-starter-aop/2.1.5.RELEASE/spring-boot-starter-aop-2.1.5.RELEASE.jar:/home/vinod/.m2/repository/org/aspectj/aspectjweaver/1.9.4/aspectjweaver-1.9.4.jar:/home/vinod/.m2/repository/org/springframework/boot/spring-boot-starter-jdbc/2.1.5.RELEASE/spring-boot-starter-jdbc-2.1.5.RELEASE.jar:/home/vinod/.m2/repository/com/zaxxer/HikariCP/3.2.0/HikariCP-3.2.0.jar:/home/vinod/.m2/repository/org/springframework/spring-jdbc/5.1.7.RELEASE/spring-jdbc-5.1.7.RELEASE.jar:/home/vinod/.m2/repository/javax/transaction/javax.transaction-api/1.3/javax.transaction-api-1.3.jar:/home/vinod/.m2/repository/javax/xml/bind/jaxb-api/2.3.1/jaxb-api-2.3.1.jar:/home/vinod/.m2/repository/javax/activation/javax.activation-api/1.2.0/javax.activation-api-1.2.0.jar:/home/vinod/.m2/repository/org/hibernate/hibernate-core/5.3.10.Final/hibernate-core-5.3.10.Final.jar:/home/vinod/.m2/repository/org/jboss/logging/jboss-logging/3.3.2.Final/jboss-logging-3.3.2.Final.jar:/home/vinod/.m2/repository/javax/persistence/javax.persistence-api/2.2/javax.persistence-api-2.2.jar:/home/vinod/.m2/repository/org/javassist/javassist/3.23.2-GA/javassist-3.23.2-GA.jar:/home/vinod/.m2/repository/net/bytebuddy/byte-buddy/1.9.12/byte-buddy-1.9.12.jar:/home/vinod/.m2/repository/antlr/antlr/2.7.7/antlr-2.7.7.jar:/home/vinod/.m2/repository/org/jboss/jandex/2.0.5.Final/jandex-2.0.5.Final.jar:/home/vinod/.m2/repository/com/fasterxml/classmate/1.4.0/classmate-1.4.0.jar:/home/vinod/.m2/repository/org/dom4j/dom4j/2.1.1/dom4j-2.1.1.jar:/home/vinod/.m2/repository/org/hibernate/common/hibernate-commons-annotations/5.0.4.Final/hibernate-commons-annotations-5.0.4.Final.jar:/home/vinod/.m2/repository/org/springframework/data/spring-data-jpa/2.1.8.RELEASE/spring-data-jpa-2.1.8.RELEASE.jar:/home/vinod/.m2/repository/org/springframework/data/spring-data-commons/2.1.8.RELEASE/spring-data-commons-2.1.8.RELEASE.jar:/home/vinod/.m2/repository/org/springframework/spring-orm/5.1.7.RELEASE/spring-orm-5.1.7.RELEASE.jar:/home/vinod/.m2/repository/org/springframework/spring-context/5.1.7.RELEASE/spring-context-5.1.7.RELEASE.jar:/home/vinod/.m2/repository/org/springframework/spring-tx/5.1.7.RELEASE/spring-tx-5.1.7.RELEASE.jar:/home/vinod/.m2/repository/org/springframework/spring-beans/5.1.7.RELEASE/spring-beans-5.1.7.RELEASE.jar:/home/vinod/.m2/repository/org/slf4j/slf4j-api/1.7.26/slf4j-api-1.7.26.jar:/home/vinod/.m2/repository/org/springframework/spring-aspects/5.1.7.RELEASE/spring-aspects-5.1.7.RELEASE.jar:/home/vinod/.m2/repository/org/springframework/boot/spring-boot-starter-security/2.1.5.RELEASE/spring-boot-starter-security-2.1.5.RELEASE.jar:/home/vinod/.m2/repository/org/springframework/boot/spring-boot-starter/2.1.5.RELEASE/spring-boot-starter-2.1.5.RELEASE.jar:/home/vinod/.m2/repository/org/springframework/boot/spring-boot-starter-logging/2.1.5.RELEASE/spring-boot-starter-logging-2.1.5.RELEASE.jar:/home/vinod/.m2/repository/ch/qos/logback/logback-classic/1.2.3/logback-classic-1.2.3.jar:/home/vinod/.m2/repository/ch/qos/logback/logback-core/1.2.3/logback-core-1.2.3.jar:/home/vinod/.m2/repository/org/apache/logging/log4j/log4j-to-slf4j/2.11.2/log4j-to-slf4j-2.11.2.jar:/home/vinod/.m2/repository/org/apache/logging/log4j/log4j-api/2.11.2/log4j-api-2.11.2.jar:/home/vinod/.m2/repository/org/slf4j/jul-to-slf4j/1.7.26/jul-to-slf4j-1.7.26.jar:/home/vinod/.m2/repository/javax/annotation/javax.annotation-api/1.3.2/javax.annotation-api-1.3.2.jar:/home/vinod/.m2/repository/org/yaml/snakeyaml/1.23/snakeyaml-1.23.jar:/home/vinod/.m2/repository/org/springframework/spring-aop/5.1.7.RELEASE/spring-aop-5.1.7.RELEASE.jar:/home/vinod/.m2/repository/org/springframework/security/spring-security-config/5.1.5.RELEASE/spring-security-config-5.1.5.RELEASE.jar:/home/vinod/.m2/repository/org/springframework/security/spring-security-web/5.1.5.RELEASE/spring-security-web-5.1.5.RELEASE.jar:/home/vinod/.m2/repository/org/springframework/spring-expression/5.1.7.RELEASE/spring-expression-5.1.7.RELEASE.jar:/home/vinod/.m2/repository/org/springframework/boot/spring-boot-starter-web/2.1.5.RELEASE/spring-boot-starter-web-2.1.5.RELEASE.jar:/home/vinod/.m2/repository/org/springframework/boot/spring-boot-starter-json/2.1.5.RELEASE/spring-boot-starter-json-2.1.5.RELEASE.jar:/home/vinod/.m2/repository/com/fasterxml/jackson/core/jackson-databind/2.9.8/jackson-databind-2.9.8.jar:/home/vinod/.m2/repository/com/fasterxml/jackson/core/jackson-annotations/2.9.0/jackson-annotations-2.9.0.jar:/home/vinod/.m2/repository/com/fasterxml/jackson/core/jackson-core/2.9.8/jackson-core-2.9.8.jar:/home/vinod/.m2/repository/com/fasterxml/jackson/datatype/jackson-datatype-jdk8/2.9.8/jackson-datatype-jdk8-2.9.8.jar:/home/vinod/.m2/repository/com/fasterxml/jackson/datatype/jackson-datatype-jsr310/2.9.8/jackson-datatype-jsr310-2.9.8.jar:/home/vinod/.m2/repository/com/fasterxml/jackson/module/jackson-module-parameter-names/2.9.8/jackson-module-parameter-names-2.9.8.jar:/home/vinod/.m2/repository/org/springframework/boot/spring-boot-starter-tomcat/2.1.5.RELEASE/spring-boot-starter-tomcat-2.1.5.RELEASE.jar:/home/vinod/.m2/repository/org/apache/tomcat/embed/tomcat-embed-core/9.0.19/tomcat-embed-core-9.0.19.jar:/home/vinod/.m2/repository/org/apache/tomcat/embed/tomcat-embed-el/9.0.19/tomcat-embed-el-9.0.19.jar:/home/vinod/.m2/repository/org/apache/tomcat/embed/tomcat-embed-websocket/9.0.19/tomcat-embed-websocket-9.0.19.jar:/home/vinod/.m2/repository/org/hibernate/validator/hibernate-validator/6.0.16.Final/hibernate-validator-6.0.16.Final.jar:/home/vinod/.m2/repository/javax/validation/validation-api/2.0.1.Final/validation-api-2.0.1.Final.jar:/home/vinod/.m2/repository/org/springframework/spring-web/5.1.7.RELEASE/spring-web-5.1.7.RELEASE.jar:/home/vinod/.m2/repository/org/springframework/spring-webmvc/5.1.7.RELEASE/spring-webmvc-5.1.7.RELEASE.jar:/home/vinod/.m2/repository/mysql/mysql-connector-java/8.0.16/mysql-connector-java-8.0.16.jar:/home/vinod/.m2/repository/org/springframework/boot/spring-boot-starter-test/2.1.5.RELEASE/spring-boot-starter-test-2.1.5.RELEASE.jar:/home/vinod/.m2/repository/org/springframework/boot/spring-boot-test/2.1.5.RELEASE/spring-boot-test-2.1.5.RELEASE.jar:/home/vinod/.m2/repository/org/springframework/boot/spring-boot-test-autoconfigure/2.1.5.RELEASE/spring-boot-test-autoconfigure-2.1.5.RELEASE.jar:/home/vinod/.m2/repository/com/jayway/jsonpath/json-path/2.4.0/json-path-2.4.0.jar:/home/vinod/.m2/repository/net/minidev/json-smart/2.3/json-smart-2.3.jar:/home/vinod/.m2/repository/net/minidev/accessors-smart/1.2/accessors-smart-1.2.jar:/home/vinod/.m2/repository/org/ow2/asm/asm/5.0.4/asm-5.0.4.jar:/home/vinod/.m2/repository/junit/junit/4.12/junit-4.12.jar:/home/vinod/.m2/repository/org/assertj/assertj-core/3.11.1/assertj-core-3.11.1.jar:/home/vinod/.m2/repository/org/mockito/mockito-core/2.23.4/mockito-core-2.23.4.jar:/home/vinod/.m2/repository/net/bytebuddy/byte-buddy-agent/1.9.12/byte-buddy-agent-1.9.12.jar:/home/vinod/.m2/repository/org/objenesis/objenesis/2.6/objenesis-2.6.jar:/home/vinod/.m2/repository/org/hamcrest/hamcrest-core/1.3/hamcrest-core-1.3.jar:/home/vinod/.m2/repository/org/hamcrest/hamcrest-library/1.3/hamcrest-library-1.3.jar:/home/vinod/.m2/repository/org/skyscreamer/jsonassert/1.5.0/jsonassert-1.5.0.jar:/home/vinod/.m2/repository/com/vaadin/external/google/android-json/0.0.20131108.vaadin1/android-json-0.0.20131108.vaadin1.jar:/home/vinod/.m2/repository/org/springframework/spring-core/5.1.7.RELEASE/spring-core-5.1.7.RELEASE.jar:/home/vinod/.m2/repository/org/springframework/spring-jcl/5.1.7.RELEASE/spring-jcl-5.1.7.RELEASE.jar:/home/vinod/.m2/repository/org/springframework/spring-test/5.1.7.RELEASE/spring-test-5.1.7.RELEASE.jar:/home/vinod/.m2/repository/org/xmlunit/xmlunit-core/2.6.2/xmlunit-core-2.6.2.jar:/home/vinod/.m2/repository/com/h2database/h2/1.4.199/h2-1.4.199.jar:/home/vinod/.m2/repository/org/springframework/security/spring-security-test/5.1.5.RELEASE/spring-security-test-5.1.5.RELEASE.jar:/home/vinod/.m2/repository/org/springframework/security/spring-security-core/5.1.5.RELEASE/spring-security-core-5.1.5.RELEASE.jar:/home/vinod/.m2/repository/org/springframework/boot/spring-boot-devtools/2.1.5.RELEASE/spring-boot-devtools-2.1.5.RELEASE.jar:/home/vinod/.m2/repository/org/springframework/boot/spring-boot/2.1.5.RELEASE/spring-boot-2.1.5.RELEASE.jar:/home/vinod/.m2/repository/org/springframework/boot/spring-boot-autoconfigure/2.1.5.RELEASE/spring-boot-autoconfigure-2.1.5.RELEASE.jar:"/>
    <property name="sun.cpu.endian" value="little"/>
    <property name="user.home" value="/home/vinod"/>
    <property name="user.language" value="en"/>
    <property name="java.specification.vendor" value="Oracle Corporation"/>
    <property name="java.version.date" value="2019-07-16"/>
    <property name="java.home" value="/home/vinod/.sdkman/candidates/java/11.0.4.hs-adpt"/>
    <property name="file.separator" value="/"/>
    <property name="basedir" value="/home/vinod/Desktop/desk/projects/universityapi"/>
    <property name="java.vm.compressedOopsMode" value="32-bit"/>
    <property name="line.separator" value="&#10;"/>
    <property name="java.specification.name" value="Java Platform API Specification"/>
    <property name="java.vm.specification.vendor" value="Oracle Corporation"/>
    <property name="java.awt.graphicsenv" value="sun.awt.X11GraphicsEnvironment"/>
    <property name="surefire.real.class.path" value="/home/vinod/Desktop/desk/projects/universityapi/target/surefire/surefirebooter9337132622826742852.jar"/>
    <property name="sun.management.compiler" value="HotSpot 64-Bit Tiered Compilers"/>
    <property name="java.runtime.version" value="11.0.4+11"/>
    <property name="user.name" value="vinod"/>
    <property name="path.separator" value=":"/>
    <property name="os.version" value="4.9.0-8-amd64"/>
    <property name="java.runtime.name" value="OpenJDK Runtime Environment"/>
    <property name="file.encoding" value="UTF-8"/>
    <property name="java.vm.name" value="OpenJDK 64-Bit Server VM"/>
    <property name="java.vendor.version" value="AdoptOpenJDK"/>
    <property name="localRepository" value="/home/vinod/.m2/repository"/>
    <property name="java.vendor.url.bug" value="https://github.com/AdoptOpenJDK/openjdk-build/issues"/>
    <property name="java.io.tmpdir" value="/tmp"/>
    <property name="java.version" value="11.0.4"/>
    <property name="user.dir" value="/home/vinod/Desktop/desk/projects/universityapi"/>
    <property name="os.arch" value="amd64"/>
    <property name="java.vm.specification.name" value="Java Virtual Machine Specification"/>
    <property name="java.awt.printerjob" value="sun.print.PSPrinterJob"/>
    <property name="idea.version2019.1.2" value="true"/>
    <property name="sun.os.patch.level" value="unknown"/>
    <property name="java.library.path" value="/usr/java/packages/lib:/usr/lib64:/lib64:/lib:/usr/lib"/>
    <property name="java.vendor" value="AdoptOpenJDK"/>
    <property name="java.vm.info" value="mixed mode"/>
    <property name="java.vm.version" value="11.0.4+11"/>
    <property name="sun.io.unicode.encoding" value="UnicodeLittle"/>
    <property name="java.class.version" value="55.0"/>
  </properties>
  <testcase name="testAddDepartment" classname="in.rgukt.r081247.universityapi.controller.DepartmentControllerIntegrationTest" time="0.001">
    <error message="Failed to load ApplicationContext" type="java.lang.IllegalStateException">java.lang.IllegalStateException: Failed to load ApplicationContext
Caused by: org.springframework.beans.factory.UnsatisfiedDependencyException: Error creating bean with name 'courseController': Unsatisfied dependency expressed through field 'courseService'; nested exception is org.springframework.beans.factory.UnsatisfiedDependencyException: Error creating bean with name 'courseService': Unsatisfied dependency expressed through field 'departmentRepository'; nested exception is org.springframework.beans.factory.NoSuchBeanDefinitionException: No qualifying bean of type 'in.rgukt.r081247.universityapi.repository.DepartmentRepository' available: expected at least 1 bean which qualifies as autowire candidate. Dependency annotations: {@org.springframework.beans.factory.annotation.Autowired(required=true)}
Caused by: org.springframework.beans.factory.UnsatisfiedDependencyException: Error creating bean with name 'courseService': Unsatisfied dependency expressed through field 'departmentRepository'; nested exception is org.springframework.beans.factory.NoSuchBeanDefinitionException: No qualifying bean of type 'in.rgukt.r081247.universityapi.repository.DepartmentRepository' available: expected at least 1 bean which qualifies as autowire candidate. Dependency annotations: {@org.springframework.beans.factory.annotation.Autowired(required=true)}
Caused by: org.springframework.beans.factory.NoSuchBeanDefinitionException: No qualifying bean of type 'in.rgukt.r081247.universityapi.repository.DepartmentRepository' available: expected at least 1 bean which qualifies as autowire candidate. Dependency annotations: {@org.springframework.beans.factory.annotation.Autowired(required=true)}
</error>
    <system-out><![CDATA[&amp#27;[30m2020-02-08 10:21:35,463&amp#27;[0;39m &amp#27;[39mDEBUG&amp#27;[0;39m [&amp#27;[34mmain&amp#27;[0;39m] &amp#27;[33morg.springframework.test.context.junit4.SpringJUnit4ClassRunner&amp#27;[0;39m: SpringJUnit4ClassRunner constructor called with [class in.rgukt.r081247.universityapi.controller.DepartmentControllerIntegrationTest]
&amp#27;[30m2020-02-08 10:21:35,463&amp#27;[0;39m &amp#27;[39mDEBUG&amp#27;[0;39m [&amp#27;[34mmain&amp#27;[0;39m] &amp#27;[33morg.springframework.test.context.BootstrapUtils&amp#27;[0;39m: Instantiating CacheAwareContextLoaderDelegate from class [org.springframework.test.context.cache.DefaultCacheAwareContextLoaderDelegate]
&amp#27;[30m2020-02-08 10:21:35,463&amp#27;[0;39m &amp#27;[39mDEBUG&amp#27;[0;39m [&amp#27;[34mmain&amp#27;[0;39m] &amp#27;[33morg.springframework.test.context.BootstrapUtils&amp#27;[0;39m: Instantiating BootstrapContext using constructor [public org.springframework.test.context.support.DefaultBootstrapContext(java.lang.Class,org.springframework.test.context.CacheAwareContextLoaderDelegate)]
&amp#27;[30m2020-02-08 10:21:35,468&amp#27;[0;39m &amp#27;[39mDEBUG&amp#27;[0;39m [&amp#27;[34mmain&amp#27;[0;39m] &amp#27;[33morg.springframework.test.context.BootstrapUtils&amp#27;[0;39m: Instantiating TestContextBootstrapper for test class [in.rgukt.r081247.universityapi.controller.DepartmentControllerIntegrationTest] from class [org.springframework.boot.test.context.SpringBootTestContextBootstrapper]
&amp#27;[30m2020-02-08 10:21:35,469&amp#27;[0;39m &amp#27;[34mINFO &amp#27;[0;39m [&amp#27;[34mmain&amp#27;[0;39m] &amp#27;[33morg.springframework.test.context.support.AbstractTestContextBootstrapper&amp#27;[0;39m: Neither @ContextConfiguration nor @ContextHierarchy found for test class [in.rgukt.r081247.universityapi.controller.DepartmentControllerIntegrationTest], using SpringBootContextLoader
&amp#27;[30m2020-02-08 10:21:35,470&amp#27;[0;39m &amp#27;[39mDEBUG&amp#27;[0;39m [&amp#27;[34mmain&amp#27;[0;39m] &amp#27;[33morg.springframework.test.context.support.AbstractContextLoader&amp#27;[0;39m: Did not detect default resource location for test class [in.rgukt.r081247.universityapi.controller.DepartmentControllerIntegrationTest]: class path resource [in/rgukt/r081247/universityapi/controller/DepartmentControllerIntegrationTest-context.xml] does not exist
&amp#27;[30m2020-02-08 10:21:35,470&amp#27;[0;39m &amp#27;[39mDEBUG&amp#27;[0;39m [&amp#27;[34mmain&amp#27;[0;39m] &amp#27;[33morg.springframework.test.context.support.AbstractContextLoader&amp#27;[0;39m: Did not detect default resource location for test class [in.rgukt.r081247.universityapi.controller.DepartmentControllerIntegrationTest]: class path resource [in/rgukt/r081247/universityapi/controller/DepartmentControllerIntegrationTestContext.groovy] does not exist
&amp#27;[30m2020-02-08 10:21:35,471&amp#27;[0;39m &amp#27;[34mINFO &amp#27;[0;39m [&amp#27;[34mmain&amp#27;[0;39m] &amp#27;[33morg.springframework.test.context.support.AbstractContextLoader&amp#27;[0;39m: Could not detect default resource locations for test class [in.rgukt.r081247.universityapi.controller.DepartmentControllerIntegrationTest]: no resource found for suffixes {-context.xml, Context.groovy}.
&amp#27;[30m2020-02-08 10:21:35,473&amp#27;[0;39m &amp#27;[39mDEBUG&amp#27;[0;39m [&amp#27;[34mmain&amp#27;[0;39m] &amp#27;[33morg.springframework.test.context.support.ActiveProfilesUtils&amp#27;[0;39m: Could not find an 'annotation declaring class' for annotation type [org.springframework.test.context.ActiveProfiles] and class [in.rgukt.r081247.universityapi.controller.DepartmentControllerIntegrationTest]
&amp#27;[30m2020-02-08 10:21:35,475&amp#27;[0;39m &amp#27;[39mDEBUG&amp#27;[0;39m [&amp#27;[34mmain&amp#27;[0;39m] &amp#27;[33morg.springframework.test.context.support.AbstractTestContextBootstrapper&amp#27;[0;39m: @TestExecutionListeners is not present for class [in.rgukt.r081247.universityapi.controller.DepartmentControllerIntegrationTest]: using defaults.
&amp#27;[30m2020-02-08 10:21:35,475&amp#27;[0;39m &amp#27;[34mINFO &amp#27;[0;39m [&amp#27;[34mmain&amp#27;[0;39m] &amp#27;[33morg.springframework.test.context.support.AbstractTestContextBootstrapper&amp#27;[0;39m: Loaded default TestExecutionListener class names from location [META-INF/spring.factories]: [org.springframework.boot.test.mock.mockito.MockitoTestExecutionListener, org.springframework.boot.test.mock.mockito.ResetMocksTestExecutionListener, org.springframework.boot.test.autoconfigure.restdocs.RestDocsTestExecutionListener, org.springframework.boot.test.autoconfigure.web.client.MockRestServiceServerResetTestExecutionListener, org.springframework.boot.test.autoconfigure.web.servlet.MockMvcPrintOnlyOnFailureTestExecutionListener, org.springframework.boot.test.autoconfigure.web.servlet.WebDriverTestExecutionListener, org.springframework.test.context.web.ServletTestExecutionListener, org.springframework.test.context.support.DirtiesContextBeforeModesTestExecutionListener, org.springframework.test.context.support.DependencyInjectionTestExecutionListener, org.springframework.test.context.support.DirtiesContextTestExecutionListener, org.springframework.test.context.transaction.TransactionalTestExecutionListener, org.springframework.test.context.jdbc.SqlScriptsTestExecutionListener, org.springframework.security.test.context.support.WithSecurityContextTestExecutionListener, org.springframework.security.test.context.support.ReactorContextTestExecutionListener]
&amp#27;[30m2020-02-08 10:21:35,476&amp#27;[0;39m &amp#27;[34mINFO &amp#27;[0;39m [&amp#27;[34mmain&amp#27;[0;39m] &amp#27;[33morg.springframework.test.context.support.AbstractTestContextBootstrapper&amp#27;[0;39m: Using TestExecutionListeners: [org.springframework.test.context.web.ServletTestExecutionListener@215404a1, org.springframework.test.context.support.DirtiesContextBeforeModesTestExecutionListener@391b03b, org.springframework.boot.test.mock.mockito.MockitoTestExecutionListener@4a977146, org.springframework.boot.test.autoconfigure.SpringBootDependencyInjectionTestExecutionListener@41dc34c8, org.springframework.test.context.support.DirtiesContextTestExecutionListener@402c415e, org.springframework.test.context.transaction.TransactionalTestExecutionListener@4e322108, org.springframework.test.context.jdbc.SqlScriptsTestExecutionListener@3f5e64c9, org.springframework.security.test.context.support.WithSecurityContextTestExecutionListener@1f847d9e, org.springframework.security.test.context.support.ReactorContextTestExecutionListener@3d00e981, org.springframework.boot.test.mock.mockito.ResetMocksTestExecutionListener@6265a548, org.springframework.boot.test.autoconfigure.restdocs.RestDocsTestExecutionListener@2e51ede1, org.springframework.boot.test.autoconfigure.web.client.MockRestServiceServerResetTestExecutionListener@12051d38, org.springframework.boot.test.autoconfigure.web.servlet.MockMvcPrintOnlyOnFailureTestExecutionListener@28f3a218, org.springframework.boot.test.autoconfigure.web.servlet.WebDriverTestExecutionListener@67730dab]
&amp#27;[30m2020-02-08 10:21:35,476&amp#27;[0;39m &amp#27;[39mDEBUG&amp#27;[0;39m [&amp#27;[34mmain&amp#27;[0;39m] &amp#27;[33morg.springframework.test.annotation.ProfileValueUtils&amp#27;[0;39m: Retrieved @ProfileValueSourceConfiguration [null] for test class [in.rgukt.r081247.universityapi.controller.DepartmentControllerIntegrationTest]
&amp#27;[30m2020-02-08 10:21:35,476&amp#27;[0;39m &amp#27;[39mDEBUG&amp#27;[0;39m [&amp#27;[34mmain&amp#27;[0;39m] &amp#27;[33morg.springframework.test.annotation.ProfileValueUtils&amp#27;[0;39m: Retrieved ProfileValueSource type [class org.springframework.test.annotation.SystemProfileValueSource] for class [in.rgukt.r081247.universityapi.controller.DepartmentControllerIntegrationTest]
&amp#27;[30m2020-02-08 10:21:35,476&amp#27;[0;39m &amp#27;[39mDEBUG&amp#27;[0;39m [&amp#27;[34mmain&amp#27;[0;39m] &amp#27;[33morg.springframework.test.annotation.ProfileValueUtils&amp#27;[0;39m: Retrieved @ProfileValueSourceConfiguration [null] for test class [in.rgukt.r081247.universityapi.controller.DepartmentControllerIntegrationTest]
&amp#27;[30m2020-02-08 10:21:35,477&amp#27;[0;39m &amp#27;[39mDEBUG&amp#27;[0;39m [&amp#27;[34mmain&amp#27;[0;39m] &amp#27;[33morg.springframework.test.annotation.ProfileValueUtils&amp#27;[0;39m: Retrieved ProfileValueSource type [class org.springframework.test.annotation.SystemProfileValueSource] for class [in.rgukt.r081247.universityapi.controller.DepartmentControllerIntegrationTest]
&amp#27;[30m2020-02-08 10:21:35,477&amp#27;[0;39m &amp#27;[39mDEBUG&amp#27;[0;39m [&amp#27;[34mmain&amp#27;[0;39m] &amp#27;[33morg.springframework.test.annotation.ProfileValueUtils&amp#27;[0;39m: Retrieved @ProfileValueSourceConfiguration [null] for test class [in.rgukt.r081247.universityapi.controller.DepartmentControllerIntegrationTest]
&amp#27;[30m2020-02-08 10:21:35,477&amp#27;[0;39m &amp#27;[39mDEBUG&amp#27;[0;39m [&amp#27;[34mmain&amp#27;[0;39m] &amp#27;[33morg.springframework.test.annotation.ProfileValueUtils&amp#27;[0;39m: Retrieved ProfileValueSource type [class org.springframework.test.annotation.SystemProfileValueSource] for class [in.rgukt.r081247.universityapi.controller.DepartmentControllerIntegrationTest]
&amp#27;[30m2020-02-08 10:21:35,477&amp#27;[0;39m &amp#27;[39mDEBUG&amp#27;[0;39m [&amp#27;[34mmain&amp#27;[0;39m] &amp#27;[33morg.springframework.test.context.support.AbstractDirtiesContextTestExecutionListener&amp#27;[0;39m: Before test class: context [DefaultTestContext@466cca41 testClass = DepartmentControllerIntegrationTest, testInstance = [null], testMethod = [null], testException = [null], mergedContextConfiguration = [WebMergedContextConfiguration@7c3ae369 testClass = DepartmentControllerIntegrationTest, locations = '{}', classes = '{class in.rgukt.r081247.universityapi.CrmApplication, class in.rgukt.r081247.universityapi.CrmApplication}', contextInitializerClasses = '[]', activeProfiles = '{}', propertySourceLocations = '{}', propertySourceProperties = '{org.springframework.boot.test.context.SpringBootTestContextBootstrapper=true, server.port=0}', contextCustomizers = set[org.springframework.boot.test.context.filter.ExcludeFilterContextCustomizer@55f616cf, org.springframework.boot.test.json.DuplicateJsonObjectContextCustomizerFactory$DuplicateJsonObjectContextCustomizer@1329eff, org.springframework.boot.test.mock.mockito.MockitoContextCustomizer@0, org.springframework.boot.test.web.client.TestRestTemplateContextCustomizer@2beee7ff, org.springframework.boot.test.autoconfigure.properties.PropertyMappingContextCustomizer@0, org.springframework.boot.test.autoconfigure.web.servlet.WebDriverContextCustomizerFactory$Customizer@26275bef], resourceBasePath = 'src/main/webapp', contextLoader = 'org.springframework.boot.test.context.SpringBootContextLoader', parent = [null]], attributes = map['org.springframework.test.context.web.ServletTestExecutionListener.activateListener' -> false]], class annotated with @DirtiesContext [false] with mode [null].
&amp#27;[30m2020-02-08 10:21:35,478&amp#27;[0;39m &amp#27;[39mDEBUG&amp#27;[0;39m [&amp#27;[34mmain&amp#27;[0;39m] &amp#27;[33morg.springframework.test.annotation.ProfileValueUtils&amp#27;[0;39m: Retrieved @ProfileValueSourceConfiguration [null] for test class [in.rgukt.r081247.universityapi.controller.DepartmentControllerIntegrationTest]
&amp#27;[30m2020-02-08 10:21:35,478&amp#27;[0;39m &amp#27;[39mDEBUG&amp#27;[0;39m [&amp#27;[34mmain&amp#27;[0;39m] &amp#27;[33morg.springframework.test.annotation.ProfileValueUtils&amp#27;[0;39m: Retrieved ProfileValueSource type [class org.springframework.test.annotation.SystemProfileValueSource] for class [in.rgukt.r081247.universityapi.controller.DepartmentControllerIntegrationTest]
&amp#27;[30m2020-02-08 10:21:35,478&amp#27;[0;39m &amp#27;[39mDEBUG&amp#27;[0;39m [&amp#27;[34mmain&amp#27;[0;39m] &amp#27;[33morg.springframework.test.context.support.DependencyInjectionTestExecutionListener&amp#27;[0;39m: Performing dependency injection for test context [[DefaultTestContext@466cca41 testClass = DepartmentControllerIntegrationTest, testInstance = in.rgukt.r081247.universityapi.controller.DepartmentControllerIntegrationTest@496c6d94, testMethod = [null], testException = [null], mergedContextConfiguration = [WebMergedContextConfiguration@7c3ae369 testClass = DepartmentControllerIntegrationTest, locations = '{}', classes = '{class in.rgukt.r081247.universityapi.CrmApplication, class in.rgukt.r081247.universityapi.CrmApplication}', contextInitializerClasses = '[]', activeProfiles = '{}', propertySourceLocations = '{}', propertySourceProperties = '{org.springframework.boot.test.context.SpringBootTestContextBootstrapper=true, server.port=0}', contextCustomizers = set[org.springframework.boot.test.context.filter.ExcludeFilterContextCustomizer@55f616cf, org.springframework.boot.test.json.DuplicateJsonObjectContextCustomizerFactory$DuplicateJsonObjectContextCustomizer@1329eff, org.springframework.boot.test.mock.mockito.MockitoContextCustomizer@0, org.springframework.boot.test.web.client.TestRestTemplateContextCustomizer@2beee7ff, org.springframework.boot.test.autoconfigure.properties.PropertyMappingContextCustomizer@0, org.springframework.boot.test.autoconfigure.web.servlet.WebDriverContextCustomizerFactory$Customizer@26275bef], resourceBasePath = 'src/main/webapp', contextLoader = 'org.springframework.boot.test.context.SpringBootContextLoader', parent = [null]], attributes = map['org.springframework.test.context.web.ServletTestExecutionListener.activateListener' -> false]]].
&amp#27;[30m2020-02-08 10:21:35,480&amp#27;[0;39m &amp#27;[39mDEBUG&amp#27;[0;39m [&amp#27;[34mmain&amp#27;[0;39m] &amp#27;[33morg.springframework.test.context.support.TestPropertySourceUtils&amp#27;[0;39m: Adding inlined properties to environment: {spring.jmx.enabled=false, org.springframework.boot.test.context.SpringBootTestContextBootstrapper=true, server.port=0}
&amp#27;[30m2020-02-08 10:21:35,484&amp#27;[0;39m &amp#27;[39mDEBUG&amp#27;[0;39m [&amp#27;[34mmain&amp#27;[0;39m] &amp#27;[33morg.springframework.core.env.AbstractEnvironment&amp#27;[0;39m: Activating profiles []
&amp#27;[30m2020-02-08 10:21:35,497&amp#27;[0;39m &amp#27;[39mDEBUG&amp#27;[0;39m [&amp#27;[34mmain&amp#27;[0;39m] &amp#27;[33morg.springframework.core.env.AbstractEnvironment&amp#27;[0;39m: Activating profiles []
&amp#27;[30m2020-02-08 10:21:35,508&amp#27;[0;39m &amp#27;[39mDEBUG&amp#27;[0;39m [&amp#27;[34mmain&amp#27;[0;39m] &amp#27;[33morg.springframework.boot.context.logging.ClasspathLoggingApplicationListener&amp#27;[0;39m: Application started with classpath: unknown

  .   ____          _            __ _ _
 /\\ / ___'_ __ _ _(_)_ __  __ _ \ \ \ \
( ( )\___ | '_ | '_| | '_ \/ _` | \ \ \ \
 \\/  ___)| |_)| | | | | || (_| |  ) ) ) )
  '  |____| .__|_| |_|_| |_\__, | / / / /
 =========|_|==============|___/=/_/_/_/
 :: Spring Boot ::        (v2.1.5.RELEASE)

&amp#27;[30m2020-02-08 10:21:35,524&amp#27;[0;39m &amp#27;[34mINFO &amp#27;[0;39m [&amp#27;[34mmain&amp#27;[0;39m] &amp#27;[33morg.springframework.boot.StartupInfoLogger&amp#27;[0;39m: Starting DepartmentControllerIntegrationTest on vinod with PID 6772 (started by vinod in /home/vinod/Desktop/desk/projects/universityapi)
&amp#27;[30m2020-02-08 10:21:35,525&amp#27;[0;39m &amp#27;[39mDEBUG&amp#27;[0;39m [&amp#27;[34mmain&amp#27;[0;39m] &amp#27;[33morg.springframework.boot.StartupInfoLogger&amp#27;[0;39m: Running with Spring Boot v2.1.5.RELEASE, Spring v5.1.7.RELEASE
&amp#27;[30m2020-02-08 10:21:35,525&amp#27;[0;39m &amp#27;[34mINFO &amp#27;[0;39m [&amp#27;[34mmain&amp#27;[0;39m] &amp#27;[33morg.springframework.boot.SpringApplication&amp#27;[0;39m: No active profile set, falling back to default profiles: default
&amp#27;[30m2020-02-08 10:21:35,526&amp#27;[0;39m &amp#27;[39mDEBUG&amp#27;[0;39m [&amp#27;[34mmain&amp#27;[0;39m] &amp#27;[33morg.springframework.boot.SpringApplication&amp#27;[0;39m: Loading source class in.rgukt.r081247.universityapi.CrmApplication
&amp#27;[30m2020-02-08 10:21:35,528&amp#27;[0;39m &amp#27;[39mDEBUG&amp#27;[0;39m [&amp#27;[34mmain&amp#27;[0;39m] &amp#27;[33morg.springframework.boot.logging.DeferredLog&amp#27;[0;39m: Loaded config file 'file:/home/vinod/Desktop/desk/projects/universityapi/target/test-classes/application.properties' (classpath:/application.properties)
&amp#27;[30m2020-02-08 10:21:35,529&amp#27;[0;39m &amp#27;[39mDEBUG&amp#27;[0;39m [&amp#27;[34mmain&amp#27;[0;39m] &amp#27;[33morg.springframework.context.support.AbstractApplicationContext&amp#27;[0;39m: Refreshing org.springframework.boot.web.servlet.context.AnnotationConfigServletWebServerApplicationContext@2d5435d4
&amp#27;[30m2020-02-08 10:21:35,532&amp#27;[0;39m &amp#27;[39mDEBUG&amp#27;[0;39m [&amp#27;[34mmain&amp#27;[0;39m] &amp#27;[33morg.springframework.beans.factory.support.DefaultSingletonBeanRegistry&amp#27;[0;39m: Creating shared instance of singleton bean 'org.springframework.context.annotation.internalConfigurationAnnotationProcessor'
&amp#27;[30m2020-02-08 10:21:35,533&amp#27;[0;39m &amp#27;[39mDEBUG&amp#27;[0;39m [&amp#27;[34mmain&amp#27;[0;39m] &amp#27;[33morg.springframework.beans.factory.support.DefaultSingletonBeanRegistry&amp#27;[0;39m: Creating shared instance of singleton bean 'org.springframework.boot.autoconfigure.internalCachingMetadataReaderFactory'
&amp#27;[30m2020-02-08 10:21:35,553&amp#27;[0;39m &amp#27;[39mDEBUG&amp#27;[0;39m [&amp#27;[34mmain&amp#27;[0;39m] &amp#27;[33morg.springframework.context.annotation.ClassPathScanningCandidateComponentProvider&amp#27;[0;39m: Identified candidate component class: file [/home/vinod/Desktop/desk/projects/universityapi/target/classes/in/rgukt/r081247/universityapi/config/CrmCofig.class]
&amp#27;[30m2020-02-08 10:21:35,554&amp#27;[0;39m &amp#27;[39mDEBUG&amp#27;[0;39m [&amp#27;[34mmain&amp#27;[0;39m] &amp#27;[33morg.springframework.context.annotation.ClassPathScanningCandidateComponentProvider&amp#27;[0;39m: Identified candidate component class: file [/home/vinod/Desktop/desk/projects/universityapi/target/classes/in/rgukt/r081247/universityapi/config/SecurityConfiguration.class]
&amp#27;[30m2020-02-08 10:21:35,556&amp#27;[0;39m &amp#27;[39mDEBUG&amp#27;[0;39m [&amp#27;[34mmain&amp#27;[0;39m] &amp#27;[33morg.springframework.context.annotation.ClassPathScanningCandidateComponentProvider&amp#27;[0;39m: Identified candidate component class: file [/home/vinod/Desktop/desk/projects/universityapi/target/classes/in/rgukt/r081247/universityapi/controller/CourseController.class]
&amp#27;[30m2020-02-08 10:21:35,558&amp#27;[0;39m &amp#27;[39mDEBUG&amp#27;[0;39m [&amp#27;[34mmain&amp#27;[0;39m] &amp#27;[33morg.springframework.context.annotation.ClassPathScanningCandidateComponentProvider&amp#27;[0;39m: Identified candidate component class: file [/home/vinod/Desktop/desk/projects/universityapi/target/classes/in/rgukt/r081247/universityapi/controller/DepartmentController.class]
&amp#27;[30m2020-02-08 10:21:35,560&amp#27;[0;39m &amp#27;[39mDEBUG&amp#27;[0;39m [&amp#27;[34mmain&amp#27;[0;39m] &amp#27;[33morg.springframework.context.annotation.ClassPathScanningCandidateComponentProvider&amp#27;[0;39m: Identified candidate component class: file [/home/vinod/Desktop/desk/projects/universityapi/target/classes/in/rgukt/r081247/universityapi/controller/StudentController.class]
&amp#27;[30m2020-02-08 10:21:35,561&amp#27;[0;39m &amp#27;[39mDEBUG&amp#27;[0;39m [&amp#27;[34mmain&amp#27;[0;39m] &amp#27;[33morg.springframework.context.annotation.ClassPathScanningCandidateComponentProvider&amp#27;[0;39m: Identified candidate component class: file [/home/vinod/Desktop/desk/projects/universityapi/target/classes/in/rgukt/r081247/universityapi/controller/TestController.class]
&amp#27;[30m2020-02-08 10:21:35,564&amp#27;[0;39m &amp#27;[39mDEBUG&amp#27;[0;39m [&amp#27;[34mmain&amp#27;[0;39m] &amp#27;[33morg.springframework.context.annotation.ClassPathScanningCandidateComponentProvider&amp#27;[0;39m: Identified candidate component class: file [/home/vinod/Desktop/desk/projects/universityapi/target/classes/in/rgukt/r081247/universityapi/exception/CustomExceptionHandler.class]
&amp#27;[30m2020-02-08 10:21:35,565&amp#27;[0;39m &amp#27;[39mDEBUG&amp#27;[0;39m [&amp#27;[34mmain&amp#27;[0;39m] &amp#27;[33morg.springframework.context.annotation.ClassPathScanningCandidateComponentProvider&amp#27;[0;39m: Ignored because not a concrete top-level class: file [/home/vinod/Desktop/desk/projects/universityapi/target/classes/in/rgukt/r081247/universityapi/repository/CourseRepository.class]
&amp#27;[30m2020-02-08 10:21:35,565&amp#27;[0;39m &amp#27;[39mDEBUG&amp#27;[0;39m [&amp#27;[34mmain&amp#27;[0;39m] &amp#27;[33morg.springframework.context.annotation.ClassPathScanningCandidateComponentProvider&amp#27;[0;39m: Ignored because not a concrete top-level class: file [/home/vinod/Desktop/desk/projects/universityapi/target/classes/in/rgukt/r081247/universityapi/repository/DepartmentRepository.class]
&amp#27;[30m2020-02-08 10:21:35,565&amp#27;[0;39m &amp#27;[39mDEBUG&amp#27;[0;39m [&amp#27;[34mmain&amp#27;[0;39m] &amp#27;[33morg.springframework.context.annotation.ClassPathScanningCandidateComponentProvider&amp#27;[0;39m: Ignored because not a concrete top-level class: file [/home/vinod/Desktop/desk/projects/universityapi/target/classes/in/rgukt/r081247/universityapi/repository/StudentRepository.class]
&amp#27;[30m2020-02-08 10:21:35,566&amp#27;[0;39m &amp#27;[39mDEBUG&amp#27;[0;39m [&amp#27;[34mmain&amp#27;[0;39m] &amp#27;[33morg.springframework.context.annotation.ClassPathScanningCandidateComponentProvider&amp#27;[0;39m: Identified candidate component class: file [/home/vinod/Desktop/desk/projects/universityapi/target/classes/in/rgukt/r081247/universityapi/service/CourseService.class]
&amp#27;[30m2020-02-08 10:21:35,567&amp#27;[0;39m &amp#27;[39mDEBUG&amp#27;[0;39m [&amp#27;[34mmain&amp#27;[0;39m] &amp#27;[33morg.springframework.context.annotation.ClassPathScanningCandidateComponentProvider&amp#27;[0;39m: Identified candidate component class: file [/home/vinod/Desktop/desk/projects/universityapi/target/classes/in/rgukt/r081247/universityapi/service/DepartmentService.class]
&amp#27;[30m2020-02-08 10:21:35,568&amp#27;[0;39m &amp#27;[39mDEBUG&amp#27;[0;39m [&amp#27;[34mmain&amp#27;[0;39m] &amp#27;[33morg.springframework.context.annotation.ClassPathScanningCandidateComponentProvider&amp#27;[0;39m: Identified candidate component class: file [/home/vinod/Desktop/desk/projects/universityapi/target/classes/in/rgukt/r081247/universityapi/service/StudentService.class]
&amp#27;[30m2020-02-08 10:21:35,681&amp#27;[0;39m &amp#27;[39mDEBUG&amp#27;[0;39m [&amp#27;[34mmain&amp#27;[0;39m] &amp#27;[33morg.springframework.core.env.PropertySourcesPropertyResolver&amp#27;[0;39m: Found key 'spring.jmx.enabled' in PropertySource 'configurationProperties' with value of type String
&amp#27;[30m2020-02-08 10:21:35,707&amp#27;[0;39m &amp#27;[39mDEBUG&amp#27;[0;39m [&amp#27;[34mmain&amp#27;[0;39m] &amp#27;[33morg.springframework.core.env.PropertySourcesPropertyResolver&amp#27;[0;39m: Found key 'spring.jmx.enabled' in PropertySource 'configurationProperties' with value of type String
&amp#27;[30m2020-02-08 10:21:35,799&amp#27;[0;39m &amp#27;[39mDEBUG&amp#27;[0;39m [&amp#27;[34mmain&amp#27;[0;39m] &amp#27;[33morg.springframework.core.env.PropertySourcesPropertyResolver&amp#27;[0;39m: Found key 'spring.h2.console.enabled' in PropertySource 'configurationProperties' with value of type String
&amp#27;[30m2020-02-08 10:21:35,855&amp#27;[0;39m &amp#27;[34mINFO &amp#27;[0;39m [&amp#27;[34mmain&amp#27;[0;39m] &amp#27;[33morg.springframework.data.repository.config.RepositoryConfigurationDelegate&amp#27;[0;39m: Bootstrapping Spring Data repositories in DEFAULT mode.
&amp#27;[30m2020-02-08 10:21:35,855&amp#27;[0;39m &amp#27;[39mDEBUG&amp#27;[0;39m [&amp#27;[34mmain&amp#27;[0;39m] &amp#27;[33morg.springframework.data.repository.config.RepositoryConfigurationDelegate&amp#27;[0;39m: Scanning for repositories in packages org.nrp.crm.repository.
&amp#27;[30m2020-02-08 10:21:35,856&amp#27;[0;39m &amp#27;[34mINFO &amp#27;[0;39m [&amp#27;[34mmain&amp#27;[0;39m] &amp#27;[33morg.springframework.data.repository.config.RepositoryConfigurationDelegate&amp#27;[0;39m: Finished Spring Data repository scanning in 0ms. Found 0 repository interfaces.
&amp#27;[30m2020-02-08 10:21:35,867&amp#27;[0;39m &amp#27;[39mDEBUG&amp#27;[0;39m [&amp#27;[34mmain&amp#27;[0;39m] &amp#27;[33morg.springframework.beans.factory.support.DefaultSingletonBeanRegistry&amp#27;[0;39m: Creating shared instance of singleton bean 'org.springframework.boot.autoconfigure.condition.BeanTypeRegistry'
&amp#27;[30m2020-02-08 10:21:35,970&amp#27;[0;39m &amp#27;[39mDEBUG&amp#27;[0;39m [&amp#27;[34mmain&amp#27;[0;39m] &amp#27;[33morg.springframework.core.env.PropertySourcesPropertyResolver&amp#27;[0;39m: Found key 'spring.h2.console.enabled' in PropertySource 'configurationProperties' with value of type String
&amp#27;[30m2020-02-08 10:21:36,015&amp#27;[0;39m &amp#27;[39mDEBUG&amp#27;[0;39m [&amp#27;[34mmain&amp#27;[0;39m] &amp#27;[33morg.springframework.beans.factory.support.DefaultSingletonBeanRegistry&amp#27;[0;39m: Creating shared instance of singleton bean 'org.springframework.boot.test.web.client.TestRestTemplateContextCustomizer$TestRestTemplateRegistrar'
&amp#27;[30m2020-02-08 10:21:36,026&amp#27;[0;39m &amp#27;[39mDEBUG&amp#27;[0;39m [&amp#27;[34mmain&amp#27;[0;39m] &amp#27;[33morg.springframework.beans.factory.support.DefaultSingletonBeanRegistry&amp#27;[0;39m: Creating shared instance of singleton bean 'propertySourcesPlaceholderConfigurer'
&amp#27;[30m2020-02-08 10:21:36,028&amp#27;[0;39m &amp#27;[39mDEBUG&amp#27;[0;39m [&amp#27;[34mmain&amp#27;[0;39m] &amp#27;[33morg.springframework.beans.factory.support.DefaultSingletonBeanRegistry&amp#27;[0;39m: Creating shared instance of singleton bean 'org.springframework.boot.test.mock.mockito.MockitoPostProcessor'
&amp#27;[30m2020-02-08 10:21:36,030&amp#27;[0;39m &amp#27;[39mDEBUG&amp#27;[0;39m [&amp#27;[34mmain&amp#27;[0;39m] &amp#27;[33morg.springframework.beans.factory.support.DefaultSingletonBeanRegistry&amp#27;[0;39m: Creating shared instance of singleton bean 'emBeanDefinitionRegistrarPostProcessor'
&amp#27;[30m2020-02-08 10:21:36,051&amp#27;[0;39m &amp#27;[39mDEBUG&amp#27;[0;39m [&amp#27;[34mmain&amp#27;[0;39m] &amp#27;[33morg.springframework.beans.factory.support.DefaultSingletonBeanRegistry&amp#27;[0;39m: Creating shared instance of singleton bean 'org.springframework.context.event.internalEventListenerProcessor'
&amp#27;[30m2020-02-08 10:21:36,052&amp#27;[0;39m &amp#27;[39mDEBUG&amp#27;[0;39m [&amp#27;[34mmain&amp#27;[0;39m] &amp#27;[33morg.springframework.beans.factory.support.DefaultSingletonBeanRegistry&amp#27;[0;39m: Creating shared instance of singleton bean 'org.springframework.boot.context.properties.ConfigurationBeanFactoryMetadata'
&amp#27;[30m2020-02-08 10:21:36,052&amp#27;[0;39m &amp#27;[39mDEBUG&amp#27;[0;39m [&amp#27;[34mmain&amp#27;[0;39m] &amp#27;[33morg.springframework.beans.factory.support.DefaultSingletonBeanRegistry&amp#27;[0;39m: Creating shared instance of singleton bean 'preserveErrorControllerTargetClassPostProcessor'
&amp#27;[30m2020-02-08 10:21:36,053&amp#27;[0;39m &amp#27;[39mDEBUG&amp#27;[0;39m [&amp#27;[34mmain&amp#27;[0;39m] &amp#27;[33morg.springframework.beans.factory.support.DefaultSingletonBeanRegistry&amp#27;[0;39m: Creating shared instance of singleton bean 'org.springframework.boot.devtools.autoconfigure.DevToolsDataSourceAutoConfiguration$DatabaseShutdownExecutorJpaDependencyConfiguration'
&amp#27;[30m2020-02-08 10:21:36,056&amp#27;[0;39m &amp#27;[39mDEBUG&amp#27;[0;39m [&amp#27;[34mmain&amp#27;[0;39m] &amp#27;[33morg.springframework.beans.factory.support.DefaultSingletonBeanRegistry&amp#27;[0;39m: Creating shared instance of singleton bean 'org.springframework.context.event.internalEventListenerFactory'
&amp#27;[30m2020-02-08 10:21:36,056&amp#27;[0;39m &amp#27;[39mDEBUG&amp#27;[0;39m [&amp#27;[34mmain&amp#27;[0;39m] &amp#27;[33morg.springframework.beans.factory.support.DefaultSingletonBeanRegistry&amp#27;[0;39m: Creating shared instance of singleton bean 'org.springframework.transaction.config.internalTransactionalEventListenerFactory'
&amp#27;[30m2020-02-08 10:21:36,066&amp#27;[0;39m &amp#27;[39mDEBUG&amp#27;[0;39m [&amp#27;[34mmain&amp#27;[0;39m] &amp#27;[33morg.springframework.beans.factory.support.DefaultSingletonBeanRegistry&amp#27;[0;39m: Creating shared instance of singleton bean 'org.springframework.context.annotation.internalAutowiredAnnotationProcessor'
&amp#27;[30m2020-02-08 10:21:36,067&amp#27;[0;39m &amp#27;[39mDEBUG&amp#27;[0;39m [&amp#27;[34mmain&amp#27;[0;39m] &amp#27;[33morg.springframework.beans.factory.support.DefaultSingletonBeanRegistry&amp#27;[0;39m: Creating shared instance of singleton bean 'org.springframework.context.annotation.internalCommonAnnotationProcessor'
&amp#27;[30m2020-02-08 10:21:36,067&amp#27;[0;39m &amp#27;[39mDEBUG&amp#27;[0;39m [&amp#27;[34mmain&amp#27;[0;39m] &amp#27;[33morg.springframework.beans.factory.support.DefaultSingletonBeanRegistry&amp#27;[0;39m: Creating shared instance of singleton bean 'org.springframework.context.annotation.internalPersistenceAnnotationProcessor'
&amp#27;[30m2020-02-08 10:21:36,068&amp#27;[0;39m &amp#27;[39mDEBUG&amp#27;[0;39m [&amp#27;[34mmain&amp#27;[0;39m] &amp#27;[33morg.springframework.beans.factory.support.DefaultSingletonBeanRegistry&amp#27;[0;39m: Creating shared instance of singleton bean 'org.springframework.boot.test.mock.mockito.MockitoPostProcessor$SpyPostProcessor'
&amp#27;[30m2020-02-08 10:21:36,069&amp#27;[0;39m &amp#27;[39mDEBUG&amp#27;[0;39m [&amp#27;[34mmain&amp#27;[0;39m] &amp#27;[33morg.springframework.beans.factory.support.DefaultSingletonBeanRegistry&amp#27;[0;39m: Creating shared instance of singleton bean 'org.springframework.boot.context.properties.ConfigurationPropertiesBindingPostProcessor'
&amp#27;[30m2020-02-08 10:21:36,071&amp#27;[0;39m &amp#27;[39mDEBUG&amp#27;[0;39m [&amp#27;[34mmain&amp#27;[0;39m] &amp#27;[33morg.springframework.beans.factory.support.DefaultSingletonBeanRegistry&amp#27;[0;39m: Creating shared instance of singleton bean 'org.springframework.aop.config.internalAutoProxyCreator'
&amp#27;[30m2020-02-08 10:21:36,079&amp#27;[0;39m &amp#27;[39mDEBUG&amp#27;[0;39m [&amp#27;[34mmain&amp#27;[0;39m] &amp#27;[33morg.springframework.beans.factory.support.DefaultSingletonBeanRegistry&amp#27;[0;39m: Creating shared instance of singleton bean 'methodValidationPostProcessor'
&amp#27;[30m2020-02-08 10:21:36,102&amp#27;[0;39m &amp#27;[39mDEBUG&amp#27;[0;39m [&amp#27;[34mmain&amp#27;[0;39m] &amp#27;[33morg.springframework.beans.factory.support.ConstructorResolver&amp#27;[0;39m: Autowiring by type from bean name 'methodValidationPostProcessor' via factory method to bean named 'environment'
&amp#27;[30m2020-02-08 10:21:36,112&amp#27;[0;39m &amp#27;[39mDEBUG&amp#27;[0;39m [&amp#27;[34mmain&amp#27;[0;39m] &amp#27;[33morg.springframework.beans.factory.support.DefaultSingletonBeanRegistry&amp#27;[0;39m: Creating shared instance of singleton bean 'dataSourceInitializerPostProcessor'
&amp#27;[30m2020-02-08 10:21:36,117&amp#27;[0;39m &amp#27;[39mDEBUG&amp#27;[0;39m [&amp#27;[34mmain&amp#27;[0;39m] &amp#27;[33morg.springframework.beans.factory.support.DefaultSingletonBeanRegistry&amp#27;[0;39m: Creating shared instance of singleton bean 'persistenceExceptionTranslationPostProcessor'
&amp#27;[30m2020-02-08 10:21:36,120&amp#27;[0;39m &amp#27;[39mDEBUG&amp#27;[0;39m [&amp#27;[34mmain&amp#27;[0;39m] &amp#27;[33morg.springframework.beans.factory.support.ConstructorResolver&amp#27;[0;39m: Autowiring by type from bean name 'persistenceExceptionTranslationPostProcessor' via factory method to bean named 'environment'
&amp#27;[30m2020-02-08 10:21:36,128&amp#27;[0;39m &amp#27;[39mDEBUG&amp#27;[0;39m [&amp#27;[34mmain&amp#27;[0;39m] &amp#27;[33morg.springframework.beans.factory.support.DefaultSingletonBeanRegistry&amp#27;[0;39m: Creating shared instance of singleton bean 'webServerFactoryCustomizerBeanPostProcessor'
&amp#27;[30m2020-02-08 10:21:36,131&amp#27;[0;39m &amp#27;[39mDEBUG&amp#27;[0;39m [&amp#27;[34mmain&amp#27;[0;39m] &amp#27;[33morg.springframework.beans.factory.support.DefaultSingletonBeanRegistry&amp#27;[0;39m: Creating shared instance of singleton bean 'errorPageRegistrarBeanPostProcessor'
&amp#27;[30m2020-02-08 10:21:36,134&amp#27;[0;39m &amp#27;[39mDEBUG&amp#27;[0;39m [&amp#27;[34mmain&amp#27;[0;39m] &amp#27;[33morg.springframework.beans.factory.support.DefaultSingletonBeanRegistry&amp#27;[0;39m: Creating shared instance of singleton bean 'dataSourceInitializedPublisher'
&amp#27;[30m2020-02-08 10:21:36,139&amp#27;[0;39m &amp#27;[39mDEBUG&amp#27;[0;39m [&amp#27;[34mmain&amp#27;[0;39m] &amp#27;[33morg.springframework.beans.factory.support.DefaultSingletonBeanRegistry&amp#27;[0;39m: Creating shared instance of singleton bean 'projectingArgumentResolverBeanPostProcessor'
&amp#27;[30m2020-02-08 10:21:36,142&amp#27;[0;39m &amp#27;[39mDEBUG&amp#27;[0;39m [&amp#27;[34mmain&amp#27;[0;39m] &amp#27;[33morg.springframework.beans.factory.support.DefaultSingletonBeanRegistry&amp#27;[0;39m: Creating shared instance of singleton bean 'org.springframework.transaction.config.internalTransactionAdvisor'
&amp#27;[30m2020-02-08 10:21:36,143&amp#27;[0;39m &amp#27;[39mDEBUG&amp#27;[0;39m [&amp#27;[34mmain&amp#27;[0;39m] &amp#27;[33morg.springframework.beans.factory.support.DefaultSingletonBeanRegistry&amp#27;[0;39m: Creating shared instance of singleton bean 'org.springframework.transaction.annotation.ProxyTransactionManagementConfiguration'
&amp#27;[30m2020-02-08 10:21:36,143&amp#27;[0;39m &amp#27;[39mDEBUG&amp#27;[0;39m [&amp#27;[34mmain&amp#27;[0;39m] &amp#27;[33morg.springframework.beans.factory.support.DefaultSingletonBeanRegistry&amp#27;[0;39m: Creating shared instance of singleton bean 'metaDataSourceAdvisor'
&amp#27;[30m2020-02-08 10:21:36,144&amp#27;[0;39m &amp#27;[39mDEBUG&amp#27;[0;39m [&amp#27;[34mmain&amp#27;[0;39m] &amp#27;[33morg.springframework.beans.factory.support.DefaultSingletonBeanRegistry&amp#27;[0;39m: Creating shared instance of singleton bean 'methodSecurityMetadataSource'
&amp#27;[30m2020-02-08 10:21:36,144&amp#27;[0;39m &amp#27;[39mDEBUG&amp#27;[0;39m [&amp#27;[34mmain&amp#27;[0;39m] &amp#27;[33morg.springframework.beans.factory.support.DefaultSingletonBeanRegistry&amp#27;[0;39m: Creating shared instance of singleton bean 'org.springframework.security.config.annotation.method.configuration.GlobalMethodSecurityConfiguration'
&amp#27;[30m2020-02-08 10:21:36,160&amp#27;[0;39m &amp#27;[39mDEBUG&amp#27;[0;39m [&amp#27;[34mmain&amp#27;[0;39m] &amp#27;[33morg.springframework.beans.factory.support.DefaultSingletonBeanRegistry&amp#27;[0;39m: Creating shared instance of singleton bean 'objectPostProcessor'
&amp#27;[30m2020-02-08 10:21:36,160&amp#27;[0;39m &amp#27;[39mDEBUG&amp#27;[0;39m [&amp#27;[34mmain&amp#27;[0;39m] &amp#27;[33morg.springframework.beans.factory.support.DefaultSingletonBeanRegistry&amp#27;[0;39m: Creating shared instance of singleton bean 'org.springframework.security.config.annotation.configuration.ObjectPostProcessorConfiguration'
&amp#27;[30m2020-02-08 10:21:36,165&amp#27;[0;39m &amp#27;[34mINFO &amp#27;[0;39m [&amp#27;[34mmain&amp#27;[0;39m] &amp#27;[33morg.springframework.context.support.PostProcessorRegistrationDelegate$BeanPostProcessorChecker&amp#27;[0;39m: Bean 'org.springframework.security.config.annotation.configuration.ObjectPostProcessorConfiguration' of type [org.springframework.security.config.annotation.configuration.ObjectPostProcessorConfiguration$$EnhancerBySpringCGLIB$$6f1ba0a5] is not eligible for getting processed by all BeanPostProcessors (for example: not eligible for auto-proxying)
&amp#27;[30m2020-02-08 10:21:36,168&amp#27;[0;39m &amp#27;[39mDEBUG&amp#27;[0;39m [&amp#27;[34mmain&amp#27;[0;39m] &amp#27;[33morg.springframework.beans.factory.support.ConstructorResolver&amp#27;[0;39m: Autowiring by type from bean name 'objectPostProcessor' via factory method to bean named 'org.springframework.beans.factory.support.DefaultListableBeanFactory@7dd2a5f7'
&amp#27;[30m2020-02-08 10:21:36,172&amp#27;[0;39m &amp#27;[34mINFO &amp#27;[0;39m [&amp#27;[34mmain&amp#27;[0;39m] &amp#27;[33morg.springframework.context.support.PostProcessorRegistrationDelegate$BeanPostProcessorChecker&amp#27;[0;39m: Bean 'objectPostProcessor' of type [org.springframework.security.config.annotation.configuration.AutowireBeanFactoryObjectPostProcessor] is not eligible for getting processed by all BeanPostProcessors (for example: not eligible for auto-proxying)
&amp#27;[30m2020-02-08 10:21:36,173&amp#27;[0;39m &amp#27;[34mINFO &amp#27;[0;39m [&amp#27;[34mmain&amp#27;[0;39m] &amp#27;[33morg.springframework.context.support.PostProcessorRegistrationDelegate$BeanPostProcessorChecker&amp#27;[0;39m: Bean 'org.springframework.security.access.expression.method.DefaultMethodSecurityExpressionHandler@48d14ea0' of type [org.springframework.security.access.expression.method.DefaultMethodSecurityExpressionHandler] is not eligible for getting processed by all BeanPostProcessors (for example: not eligible for auto-proxying)
&amp#27;[30m2020-02-08 10:21:36,184&amp#27;[0;39m &amp#27;[34mINFO &amp#27;[0;39m [&amp#27;[34mmain&amp#27;[0;39m] &amp#27;[33morg.springframework.context.support.PostProcessorRegistrationDelegate$BeanPostProcessorChecker&amp#27;[0;39m: Bean 'org.springframework.security.config.annotation.method.configuration.GlobalMethodSecurityConfiguration' of type [org.springframework.security.config.annotation.method.configuration.GlobalMethodSecurityConfiguration$$EnhancerBySpringCGLIB$$93f04357] is not eligible for getting processed by all BeanPostProcessors (for example: not eligible for auto-proxying)
&amp#27;[30m2020-02-08 10:21:36,189&amp#27;[0;39m &amp#27;[34mINFO &amp#27;[0;39m [&amp#27;[34mmain&amp#27;[0;39m] &amp#27;[33morg.springframework.context.support.PostProcessorRegistrationDelegate$BeanPostProcessorChecker&amp#27;[0;39m: Bean 'methodSecurityMetadataSource' of type [org.springframework.security.access.method.DelegatingMethodSecurityMetadataSource] is not eligible for getting processed by all BeanPostProcessors (for example: not eligible for auto-proxying)
&amp#27;[30m2020-02-08 10:21:36,205&amp#27;[0;39m &amp#27;[34mINFO &amp#27;[0;39m [&amp#27;[34mmain&amp#27;[0;39m] &amp#27;[33morg.springframework.context.support.PostProcessorRegistrationDelegate$BeanPostProcessorChecker&amp#27;[0;39m: Bean 'org.springframework.transaction.annotation.ProxyTransactionManagementConfiguration' of type [org.springframework.transaction.annotation.ProxyTransactionManagementConfiguration$$EnhancerBySpringCGLIB$$d66dd86b] is not eligible for getting processed by all BeanPostProcessors (for example: not eligible for auto-proxying)
&amp#27;[30m2020-02-08 10:21:36,207&amp#27;[0;39m &amp#27;[39mDEBUG&amp#27;[0;39m [&amp#27;[34mmain&amp#27;[0;39m] &amp#27;[33morg.springframework.beans.factory.support.DefaultSingletonBeanRegistry&amp#27;[0;39m: Creating shared instance of singleton bean 'transactionAttributeSource'
&amp#27;[30m2020-02-08 10:21:36,211&amp#27;[0;39m &amp#27;[39mDEBUG&amp#27;[0;39m [&amp#27;[34mmain&amp#27;[0;39m] &amp#27;[33morg.springframework.beans.factory.support.DefaultSingletonBeanRegistry&amp#27;[0;39m: Creating shared instance of singleton bean 'transactionInterceptor'
&amp#27;[30m2020-02-08 10:21:36,228&amp#27;[0;39m &amp#27;[39mDEBUG&amp#27;[0;39m [&amp#27;[34mmain&amp#27;[0;39m] &amp#27;[33morg.springframework.ui.context.support.UiApplicationContextUtils&amp#27;[0;39m: Unable to locate ThemeSource with name 'themeSource': using default [org.springframework.ui.context.support.ResourceBundleThemeSource@75b25ec3]
&amp#27;[30m2020-02-08 10:21:36,231&amp#27;[0;39m &amp#27;[39mDEBUG&amp#27;[0;39m [&amp#27;[34mmain&amp#27;[0;39m] &amp#27;[33morg.springframework.beans.factory.support.DefaultSingletonBeanRegistry&amp#27;[0;39m: Creating shared instance of singleton bean 'tomcatServletWebServerFactory'
&amp#27;[30m2020-02-08 10:21:36,231&amp#27;[0;39m &amp#27;[39mDEBUG&amp#27;[0;39m [&amp#27;[34mmain&amp#27;[0;39m] &amp#27;[33morg.springframework.beans.factory.support.DefaultSingletonBeanRegistry&amp#27;[0;39m: Creating shared instance of singleton bean 'org.springframework.boot.autoconfigure.web.servlet.ServletWebServerFactoryConfiguration$EmbeddedTomcat'
&amp#27;[30m2020-02-08 10:21:36,382&amp#27;[0;39m &amp#27;[39mDEBUG&amp#27;[0;39m [&amp#27;[34mmain&amp#27;[0;39m] &amp#27;[33morg.springframework.beans.factory.support.DefaultSingletonBeanRegistry&amp#27;[0;39m: Creating shared instance of singleton bean 'websocketServletWebServerCustomizer'
&amp#27;[30m2020-02-08 10:21:36,383&amp#27;[0;39m &amp#27;[39mDEBUG&amp#27;[0;39m [&amp#27;[34mmain&amp#27;[0;39m] &amp#27;[33morg.springframework.beans.factory.support.DefaultSingletonBeanRegistry&amp#27;[0;39m: Creating shared instance of singleton bean 'org.springframework.boot.autoconfigure.websocket.servlet.WebSocketServletAutoConfiguration$TomcatWebSocketConfiguration'
&amp#27;[30m2020-02-08 10:21:36,394&amp#27;[0;39m &amp#27;[39mDEBUG&amp#27;[0;39m [&amp#27;[34mmain&amp#27;[0;39m] &amp#27;[33morg.springframework.beans.factory.support.DefaultSingletonBeanRegistry&amp#27;[0;39m: Creating shared instance of singleton bean 'servletWebServerFactoryCustomizer'
&amp#27;[30m2020-02-08 10:21:36,394&amp#27;[0;39m &amp#27;[39mDEBUG&amp#27;[0;39m [&amp#27;[34mmain&amp#27;[0;39m] &amp#27;[33morg.springframework.beans.factory.support.DefaultSingletonBeanRegistry&amp#27;[0;39m: Creating shared instance of singleton bean 'org.springframework.boot.autoconfigure.web.servlet.ServletWebServerFactoryAutoConfiguration'
&amp#27;[30m2020-02-08 10:21:36,399&amp#27;[0;39m &amp#27;[39mDEBUG&amp#27;[0;39m [&amp#27;[34mmain&amp#27;[0;39m] &amp#27;[33morg.springframework.beans.factory.support.DefaultSingletonBeanRegistry&amp#27;[0;39m: Creating shared instance of singleton bean 'server-org.springframework.boot.autoconfigure.web.ServerProperties'
&amp#27;[30m2020-02-08 10:21:36,416&amp#27;[0;39m &amp#27;[39mDEBUG&amp#27;[0;39m [&amp#27;[34mmain&amp#27;[0;39m] &amp#27;[33morg.springframework.beans.factory.support.ConstructorResolver&amp#27;[0;39m: Autowiring by type from bean name 'servletWebServerFactoryCustomizer' via factory method to bean named 'server-org.springframework.boot.autoconfigure.web.ServerProperties'
&amp#27;[30m2020-02-08 10:21:36,425&amp#27;[0;39m &amp#27;[39mDEBUG&amp#27;[0;39m [&amp#27;[34mmain&amp#27;[0;39m] &amp#27;[33morg.springframework.beans.factory.support.DefaultSingletonBeanRegistry&amp#27;[0;39m: Creating shared instance of singleton bean 'tomcatServletWebServerFactoryCustomizer'
&amp#27;[30m2020-02-08 10:21:36,427&amp#27;[0;39m &amp#27;[39mDEBUG&amp#27;[0;39m [&amp#27;[34mmain&amp#27;[0;39m] &amp#27;[33morg.springframework.beans.factory.support.ConstructorResolver&amp#27;[0;39m: Autowiring by type from bean name 'tomcatServletWebServerFactoryCustomizer' via factory method to bean named 'server-org.springframework.boot.autoconfigure.web.ServerProperties'
&amp#27;[30m2020-02-08 10:21:36,432&amp#27;[0;39m &amp#27;[39mDEBUG&amp#27;[0;39m [&amp#27;[34mmain&amp#27;[0;39m] &amp#27;[33morg.springframework.beans.factory.support.DefaultSingletonBeanRegistry&amp#27;[0;39m: Creating shared instance of singleton bean 'tomcatWebServerFactoryCustomizer'
&amp#27;[30m2020-02-08 10:21:36,432&amp#27;[0;39m &amp#27;[39mDEBUG&amp#27;[0;39m [&amp#27;[34mmain&amp#27;[0;39m] &amp#27;[33morg.springframework.beans.factory.support.DefaultSingletonBeanRegistry&amp#27;[0;39m: Creating shared instance of singleton bean 'org.springframework.boot.autoconfigure.web.embedded.EmbeddedWebServerFactoryCustomizerAutoConfiguration$TomcatWebServerFactoryCustomizerConfiguration'
&amp#27;[30m2020-02-08 10:21:36,440&amp#27;[0;39m &amp#27;[39mDEBUG&amp#27;[0;39m [&amp#27;[34mmain&amp#27;[0;39m] &amp#27;[33morg.springframework.beans.factory.support.ConstructorResolver&amp#27;[0;39m: Autowiring by type from bean name 'tomcatWebServerFactoryCustomizer' via factory method to bean named 'environment'
&amp#27;[30m2020-02-08 10:21:36,440&amp#27;[0;39m &amp#27;[39mDEBUG&amp#27;[0;39m [&amp#27;[34mmain&amp#27;[0;39m] &amp#27;[33morg.springframework.beans.factory.support.ConstructorResolver&amp#27;[0;39m: Autowiring by type from bean name 'tomcatWebServerFactoryCustomizer' via factory method to bean named 'server-org.springframework.boot.autoconfigure.web.ServerProperties'
&amp#27;[30m2020-02-08 10:21:36,452&amp#27;[0;39m &amp#27;[39mDEBUG&amp#27;[0;39m [&amp#27;[34mmain&amp#27;[0;39m] &amp#27;[33morg.springframework.beans.factory.support.DefaultSingletonBeanRegistry&amp#27;[0;39m: Creating shared instance of singleton bean 'localeCharsetMappingsCustomizer'
&amp#27;[30m2020-02-08 10:21:36,453&amp#27;[0;39m &amp#27;[39mDEBUG&amp#27;[0;39m [&amp#27;[34mmain&amp#27;[0;39m] &amp#27;[33morg.springframework.beans.factory.support.DefaultSingletonBeanRegistry&amp#27;[0;39m: Creating shared instance of singleton bean 'org.springframework.boot.autoconfigure.web.servlet.HttpEncodingAutoConfiguration'
&amp#27;[30m2020-02-08 10:21:36,454&amp#27;[0;39m &amp#27;[39mDEBUG&amp#27;[0;39m [&amp#27;[34mmain&amp#27;[0;39m] &amp#27;[33morg.springframework.core.LocalVariableTableParameterNameDiscoverer&amp#27;[0;39m: Cannot find '.class' file for class [class org.springframework.boot.autoconfigure.web.servlet.HttpEncodingAutoConfiguration$$EnhancerBySpringCGLIB$$a9c28f0d] - unable to determine constructor/method parameter names
&amp#27;[30m2020-02-08 10:21:36,455&amp#27;[0;39m &amp#27;[39mDEBUG&amp#27;[0;39m [&amp#27;[34mmain&amp#27;[0;39m] &amp#27;[33morg.springframework.beans.factory.support.DefaultSingletonBeanRegistry&amp#27;[0;39m: Creating shared instance of singleton bean 'spring.http-org.springframework.boot.autoconfigure.http.HttpProperties'
&amp#27;[30m2020-02-08 10:21:36,459&amp#27;[0;39m &amp#27;[39mDEBUG&amp#27;[0;39m [&amp#27;[34mmain&amp#27;[0;39m] &amp#27;[33morg.springframework.beans.factory.support.ConstructorResolver&amp#27;[0;39m: Autowiring by type from bean name 'org.springframework.boot.autoconfigure.web.servlet.HttpEncodingAutoConfiguration' via constructor to bean named 'spring.http-org.springframework.boot.autoconfigure.http.HttpProperties'
&amp#27;[30m2020-02-08 10:21:36,505&amp#27;[0;39m &amp#27;[39mDEBUG&amp#27;[0;39m [&amp#27;[34mmain&amp#27;[0;39m] &amp#27;[33morg.springframework.beans.factory.support.DefaultSingletonBeanRegistry&amp#27;[0;39m: Creating shared instance of singleton bean 'errorPageCustomizer'
&amp#27;[30m2020-02-08 10:21:36,505&amp#27;[0;39m &amp#27;[39mDEBUG&amp#27;[0;39m [&amp#27;[34mmain&amp#27;[0;39m] &amp#27;[33morg.springframework.beans.factory.support.DefaultSingletonBeanRegistry&amp#27;[0;39m: Creating shared instance of singleton bean 'org.springframework.boot.autoconfigure.web.servlet.error.ErrorMvcAutoConfiguration'
&amp#27;[30m2020-02-08 10:21:36,506&amp#27;[0;39m &amp#27;[39mDEBUG&amp#27;[0;39m [&amp#27;[34mmain&amp#27;[0;39m] &amp#27;[33morg.springframework.core.LocalVariableTableParameterNameDiscoverer&amp#27;[0;39m: Cannot find '.class' file for class [class org.springframework.boot.autoconfigure.web.servlet.error.ErrorMvcAutoConfiguration$$EnhancerBySpringCGLIB$$219ddf0] - unable to determine constructor/method parameter names
&amp#27;[30m2020-02-08 10:21:36,509&amp#27;[0;39m &amp#27;[39mDEBUG&amp#27;[0;39m [&amp#27;[34mmain&amp#27;[0;39m] &amp#27;[33morg.springframework.beans.factory.support.DefaultSingletonBeanRegistry&amp#27;[0;39m: Creating shared instance of singleton bean 'dispatcherServletRegistration'
&amp#27;[30m2020-02-08 10:21:36,509&amp#27;[0;39m &amp#27;[39mDEBUG&amp#27;[0;39m [&amp#27;[34mmain&amp#27;[0;39m] &amp#27;[33morg.springframework.beans.factory.support.DefaultSingletonBeanRegistry&amp#27;[0;39m: Creating shared instance of singleton bean 'org.springframework.boot.autoconfigure.web.servlet.DispatcherServletAutoConfiguration$DispatcherServletRegistrationConfiguration'
&amp#27;[30m2020-02-08 10:21:36,510&amp#27;[0;39m &amp#27;[39mDEBUG&amp#27;[0;39m [&amp#27;[34mmain&amp#27;[0;39m] &amp#27;[33morg.springframework.core.LocalVariableTableParameterNameDiscoverer&amp#27;[0;39m: Cannot find '.class' file for class [class org.springframework.boot.autoconfigure.web.servlet.DispatcherServletAutoConfiguration$DispatcherServletRegistrationConfiguration$$EnhancerBySpringCGLIB$$8874fcdb] - unable to determine constructor/method parameter names
&amp#27;[30m2020-02-08 10:21:36,512&amp#27;[0;39m &amp#27;[39mDEBUG&amp#27;[0;39m [&amp#27;[34mmain&amp#27;[0;39m] &amp#27;[33morg.springframework.beans.factory.support.DefaultSingletonBeanRegistry&amp#27;[0;39m: Creating shared instance of singleton bean 'spring.mvc-org.springframework.boot.autoconfigure.web.servlet.WebMvcProperties'
&amp#27;[30m2020-02-08 10:21:36,516&amp#27;[0;39m &amp#27;[39mDEBUG&amp#27;[0;39m [&amp#27;[34mmain&amp#27;[0;39m] &amp#27;[33morg.springframework.beans.factory.support.ConstructorResolver&amp#27;[0;39m: Autowiring by type from bean name 'org.springframework.boot.autoconfigure.web.servlet.DispatcherServletAutoConfiguration$DispatcherServletRegistrationConfiguration' via constructor to bean named 'spring.mvc-org.springframework.boot.autoconfigure.web.servlet.WebMvcProperties'
&amp#27;[30m2020-02-08 10:21:36,518&amp#27;[0;39m &amp#27;[39mDEBUG&amp#27;[0;39m [&amp#27;[34mmain&amp#27;[0;39m] &amp#27;[33morg.springframework.beans.factory.support.DefaultSingletonBeanRegistry&amp#27;[0;39m: Creating shared instance of singleton bean 'multipartConfigElement'
&amp#27;[30m2020-02-08 10:21:36,518&amp#27;[0;39m &amp#27;[39mDEBUG&amp#27;[0;39m [&amp#27;[34mmain&amp#27;[0;39m] &amp#27;[33morg.springframework.beans.factory.support.DefaultSingletonBeanRegistry&amp#27;[0;39m: Creating shared instance of singleton bean 'org.springframework.boot.autoconfigure.web.servlet.MultipartAutoConfiguration'
&amp#27;[30m2020-02-08 10:21:36,519&amp#27;[0;39m &amp#27;[39mDEBUG&amp#27;[0;39m [&amp#27;[34mmain&amp#27;[0;39m] &amp#27;[33morg.springframework.core.LocalVariableTableParameterNameDiscoverer&amp#27;[0;39m: Cannot find '.class' file for class [class org.springframework.boot.autoconfigure.web.servlet.MultipartAutoConfiguration$$EnhancerBySpringCGLIB$$18b3171a] - unable to determine constructor/method parameter names
&amp#27;[30m2020-02-08 10:21:36,520&amp#27;[0;39m &amp#27;[39mDEBUG&amp#27;[0;39m [&amp#27;[34mmain&amp#27;[0;39m] &amp#27;[33morg.springframework.beans.factory.support.DefaultSingletonBeanRegistry&amp#27;[0;39m: Creating shared instance of singleton bean 'spring.servlet.multipart-org.springframework.boot.autoconfigure.web.servlet.MultipartProperties'
&amp#27;[30m2020-02-08 10:21:36,525&amp#27;[0;39m &amp#27;[39mDEBUG&amp#27;[0;39m [&amp#27;[34mmain&amp#27;[0;39m] &amp#27;[33morg.springframework.beans.factory.support.ConstructorResolver&amp#27;[0;39m: Autowiring by type from bean name 'org.springframework.boot.autoconfigure.web.servlet.MultipartAutoConfiguration' via constructor to bean named 'spring.servlet.multipart-org.springframework.boot.autoconfigure.web.servlet.MultipartProperties'
&amp#27;[30m2020-02-08 10:21:36,546&amp#27;[0;39m &amp#27;[39mDEBUG&amp#27;[0;39m [&amp#27;[34mmain&amp#27;[0;39m] &amp#27;[33morg.springframework.beans.factory.support.DefaultSingletonBeanRegistry&amp#27;[0;39m: Creating shared instance of singleton bean 'dispatcherServlet'
&amp#27;[30m2020-02-08 10:21:36,547&amp#27;[0;39m &amp#27;[39mDEBUG&amp#27;[0;39m [&amp#27;[34mmain&amp#27;[0;39m] &amp#27;[33morg.springframework.beans.factory.support.DefaultSingletonBeanRegistry&amp#27;[0;39m: Creating shared instance of singleton bean 'org.springframework.boot.autoconfigure.web.servlet.DispatcherServletAutoConfiguration$DispatcherServletConfiguration'
&amp#27;[30m2020-02-08 10:21:36,547&amp#27;[0;39m &amp#27;[39mDEBUG&amp#27;[0;39m [&amp#27;[34mmain&amp#27;[0;39m] &amp#27;[33morg.springframework.core.LocalVariableTableParameterNameDiscoverer&amp#27;[0;39m: Cannot find '.class' file for class [class org.springframework.boot.autoconfigure.web.servlet.DispatcherServletAutoConfiguration$DispatcherServletConfiguration$$EnhancerBySpringCGLIB$$266d6834] - unable to determine constructor/method parameter names
&amp#27;[30m2020-02-08 10:21:36,549&amp#27;[0;39m &amp#27;[39mDEBUG&amp#27;[0;39m [&amp#27;[34mmain&amp#27;[0;39m] &amp#27;[33morg.springframework.beans.factory.support.ConstructorResolver&amp#27;[0;39m: Autowiring by type from bean name 'org.springframework.boot.autoconfigure.web.servlet.DispatcherServletAutoConfiguration$DispatcherServletConfiguration' via constructor to bean named 'spring.http-org.springframework.boot.autoconfigure.http.HttpProperties'
&amp#27;[30m2020-02-08 10:21:36,550&amp#27;[0;39m &amp#27;[39mDEBUG&amp#27;[0;39m [&amp#27;[34mmain&amp#27;[0;39m] &amp#27;[33morg.springframework.beans.factory.support.ConstructorResolver&amp#27;[0;39m: Autowiring by type from bean name 'org.springframework.boot.autoconfigure.web.servlet.DispatcherServletAutoConfiguration$DispatcherServletConfiguration' via constructor to bean named 'spring.mvc-org.springframework.boot.autoconfigure.web.servlet.WebMvcProperties'
&amp#27;[30m2020-02-08 10:21:36,634&amp#27;[0;39m &amp#27;[39mDEBUG&amp#27;[0;39m [&amp#27;[34mmain&amp#27;[0;39m] &amp#27;[33morg.springframework.beans.factory.support.ConstructorResolver&amp#27;[0;39m: Autowiring by type from bean name 'dispatcherServletRegistration' via factory method to bean named 'dispatcherServlet'
&amp#27;[30m2020-02-08 10:21:36,653&amp#27;[0;39m &amp#27;[39mDEBUG&amp#27;[0;39m [&amp#27;[34mmain&amp#27;[0;39m] &amp#27;[33morg.springframework.beans.factory.support.ConstructorResolver&amp#27;[0;39m: Autowiring by type from bean name 'org.springframework.boot.autoconfigure.web.servlet.error.ErrorMvcAutoConfiguration' via constructor to bean named 'server-org.springframework.boot.autoconfigure.web.ServerProperties'
&amp#27;[30m2020-02-08 10:21:36,653&amp#27;[0;39m &amp#27;[39mDEBUG&amp#27;[0;39m [&amp#27;[34mmain&amp#27;[0;39m] &amp#27;[33morg.springframework.beans.factory.support.ConstructorResolver&amp#27;[0;39m: Autowiring by type from bean name 'org.springframework.boot.autoconfigure.web.servlet.error.ErrorMvcAutoConfiguration' via constructor to bean named 'dispatcherServletRegistration'
&amp#27;[30m2020-02-08 10:21:36,655&amp#27;[0;39m &amp#27;[39mDEBUG&amp#27;[0;39m [&amp#27;[34mmain&amp#27;[0;39m] &amp#27;[33morg.springframework.beans.factory.support.DefaultSingletonBeanRegistry&amp#27;[0;39m: Creating shared instance of singleton bean 'conventionErrorViewResolver'
&amp#27;[30m2020-02-08 10:21:36,656&amp#27;[0;39m &amp#27;[39mDEBUG&amp#27;[0;39m [&amp#27;[34mmain&amp#27;[0;39m] &amp#27;[33morg.springframework.beans.factory.support.DefaultSingletonBeanRegistry&amp#27;[0;39m: Creating shared instance of singleton bean 'org.springframework.boot.autoconfigure.web.servlet.error.ErrorMvcAutoConfiguration$DefaultErrorViewResolverConfiguration'
&amp#27;[30m2020-02-08 10:21:36,657&amp#27;[0;39m &amp#27;[39mDEBUG&amp#27;[0;39m [&amp#27;[34mmain&amp#27;[0;39m] &amp#27;[33morg.springframework.core.LocalVariableTableParameterNameDiscoverer&amp#27;[0;39m: Cannot find '.class' file for class [class org.springframework.boot.autoconfigure.web.servlet.error.ErrorMvcAutoConfiguration$DefaultErrorViewResolverConfiguration$$EnhancerBySpringCGLIB$$16aeb290] - unable to determine constructor/method parameter names
&amp#27;[30m2020-02-08 10:21:36,659&amp#27;[0;39m &amp#27;[39mDEBUG&amp#27;[0;39m [&amp#27;[34mmain&amp#27;[0;39m] &amp#27;[33morg.springframework.beans.factory.support.DefaultSingletonBeanRegistry&amp#27;[0;39m: Creating shared instance of singleton bean 'spring.resources-org.springframework.boot.autoconfigure.web.ResourceProperties'
&amp#27;[30m2020-02-08 10:21:36,664&amp#27;[0;39m &amp#27;[39mDEBUG&amp#27;[0;39m [&amp#27;[34mmain&amp#27;[0;39m] &amp#27;[33morg.springframework.beans.factory.support.ConstructorResolver&amp#27;[0;39m: Autowiring by type from bean name 'org.springframework.boot.autoconfigure.web.servlet.error.ErrorMvcAutoConfiguration$DefaultErrorViewResolverConfiguration' via constructor to bean named 'org.springframework.boot.web.servlet.context.AnnotationConfigServletWebServerApplicationContext@2d5435d4'
&amp#27;[30m2020-02-08 10:21:36,664&amp#27;[0;39m &amp#27;[39mDEBUG&amp#27;[0;39m [&amp#27;[34mmain&amp#27;[0;39m] &amp#27;[33morg.springframework.beans.factory.support.ConstructorResolver&amp#27;[0;39m: Autowiring by type from bean name 'org.springframework.boot.autoconfigure.web.servlet.error.ErrorMvcAutoConfiguration$DefaultErrorViewResolverConfiguration' via constructor to bean named 'spring.resources-org.springframework.boot.autoconfigure.web.ResourceProperties'
&amp#27;[30m2020-02-08 10:21:36,857&amp#27;[0;39m &amp#27;[39mDEBUG&amp#27;[0;39m [&amp#27;[34mmain&amp#27;[0;39m] &amp#27;[33morg.springframework.boot.web.servlet.server.DocumentRoot&amp#27;[0;39m: Code archive: /home/vinod/.m2/repository/org/springframework/boot/spring-boot/2.1.5.RELEASE/spring-boot-2.1.5.RELEASE.jar
&amp#27;[30m2020-02-08 10:21:36,858&amp#27;[0;39m &amp#27;[39mDEBUG&amp#27;[0;39m [&amp#27;[34mmain&amp#27;[0;39m] &amp#27;[33morg.springframework.boot.web.servlet.server.DocumentRoot&amp#27;[0;39m: Code archive: /home/vinod/.m2/repository/org/springframework/boot/spring-boot/2.1.5.RELEASE/spring-boot-2.1.5.RELEASE.jar
&amp#27;[30m2020-02-08 10:21:36,858&amp#27;[0;39m &amp#27;[39mDEBUG&amp#27;[0;39m [&amp#27;[34mmain&amp#27;[0;39m] &amp#27;[33morg.springframework.boot.web.servlet.server.DocumentRoot&amp#27;[0;39m: None of the document roots [src/main/webapp, public, static] point to a directory and will be ignored.
&amp#27;[30m2020-02-08 10:21:36,926&amp#27;[0;39m &amp#27;[34mINFO &amp#27;[0;39m [&amp#27;[34mmain&amp#27;[0;39m] &amp#27;[33morg.springframework.boot.web.embedded.tomcat.TomcatWebServer&amp#27;[0;39m: Tomcat initialized with port(s): 0 (http)
&amp#27;[30m2020-02-08 10:21:36,956&amp#27;[0;39m &amp#27;[34mINFO &amp#27;[0;39m [&amp#27;[34mmain&amp#27;[0;39m] &amp#27;[33morg.apache.juli.logging.DirectJDKLog&amp#27;[0;39m: Initializing ProtocolHandler ["http-nio-auto-1"]
&amp#27;[30m2020-02-08 10:21:36,978&amp#27;[0;39m &amp#27;[34mINFO &amp#27;[0;39m [&amp#27;[34mmain&amp#27;[0;39m] &amp#27;[33morg.apache.juli.logging.DirectJDKLog&amp#27;[0;39m: Starting service [Tomcat]
&amp#27;[30m2020-02-08 10:21:36,979&amp#27;[0;39m &amp#27;[34mINFO &amp#27;[0;39m [&amp#27;[34mmain&amp#27;[0;39m] &amp#27;[33morg.apache.juli.logging.DirectJDKLog&amp#27;[0;39m: Starting Servlet engine: [Apache Tomcat/9.0.19]
&amp#27;[30m2020-02-08 10:21:37,246&amp#27;[0;39m &amp#27;[34mINFO &amp#27;[0;39m [&amp#27;[34mmain&amp#27;[0;39m] &amp#27;[33morg.apache.juli.logging.DirectJDKLog&amp#27;[0;39m: Initializing Spring embedded WebApplicationContext
&amp#27;[30m2020-02-08 10:21:37,247&amp#27;[0;39m &amp#27;[39mDEBUG&amp#27;[0;39m [&amp#27;[34mmain&amp#27;[0;39m] &amp#27;[33morg.springframework.boot.web.servlet.context.ServletWebServerApplicationContext&amp#27;[0;39m: Published root WebApplicationContext as ServletContext attribute with name [org.springframework.web.context.WebApplicationContext.ROOT]
&amp#27;[30m2020-02-08 10:21:37,247&amp#27;[0;39m &amp#27;[34mINFO &amp#27;[0;39m [&amp#27;[34mmain&amp#27;[0;39m] &amp#27;[33morg.springframework.boot.web.servlet.context.ServletWebServerApplicationContext&amp#27;[0;39m: Root WebApplicationContext: initialization completed in 1718 ms
&amp#27;[30m2020-02-08 10:21:37,250&amp#27;[0;39m &amp#27;[39mDEBUG&amp#27;[0;39m [&amp#27;[34mmain&amp#27;[0;39m] &amp#27;[33morg.springframework.beans.factory.support.DefaultSingletonBeanRegistry&amp#27;[0;39m: Creating shared instance of singleton bean 'h2Console'
&amp#27;[30m2020-02-08 10:21:37,251&amp#27;[0;39m &amp#27;[39mDEBUG&amp#27;[0;39m [&amp#27;[34mmain&amp#27;[0;39m] &amp#27;[33morg.springframework.beans.factory.support.DefaultSingletonBeanRegistry&amp#27;[0;39m: Creating shared instance of singleton bean 'org.springframework.boot.autoconfigure.h2.H2ConsoleAutoConfiguration'
&amp#27;[30m2020-02-08 10:21:37,252&amp#27;[0;39m &amp#27;[39mDEBUG&amp#27;[0;39m [&amp#27;[34mmain&amp#27;[0;39m] &amp#27;[33morg.springframework.core.LocalVariableTableParameterNameDiscoverer&amp#27;[0;39m: Cannot find '.class' file for class [class org.springframework.boot.autoconfigure.h2.H2ConsoleAutoConfiguration$$EnhancerBySpringCGLIB$$a6065ea2] - unable to determine constructor/method parameter names
&amp#27;[30m2020-02-08 10:21:37,253&amp#27;[0;39m &amp#27;[39mDEBUG&amp#27;[0;39m [&amp#27;[34mmain&amp#27;[0;39m] &amp#27;[33morg.springframework.beans.factory.support.DefaultSingletonBeanRegistry&amp#27;[0;39m: Creating shared instance of singleton bean 'spring.h2.console-org.springframework.boot.autoconfigure.h2.H2ConsoleProperties'
&amp#27;[30m2020-02-08 10:21:37,259&amp#27;[0;39m &amp#27;[39mDEBUG&amp#27;[0;39m [&amp#27;[34mmain&amp#27;[0;39m] &amp#27;[33morg.springframework.beans.factory.support.ConstructorResolver&amp#27;[0;39m: Autowiring by type from bean name 'org.springframework.boot.autoconfigure.h2.H2ConsoleAutoConfiguration' via constructor to bean named 'spring.h2.console-org.springframework.boot.autoconfigure.h2.H2ConsoleProperties'
&amp#27;[30m2020-02-08 10:21:37,275&amp#27;[0;39m &amp#27;[39mDEBUG&amp#27;[0;39m [&amp#27;[34mmain&amp#27;[0;39m] &amp#27;[33morg.springframework.beans.factory.support.DefaultSingletonBeanRegistry&amp#27;[0;39m: Creating shared instance of singleton bean 'securityFilterChainRegistration'
&amp#27;[30m2020-02-08 10:21:37,275&amp#27;[0;39m &amp#27;[39mDEBUG&amp#27;[0;39m [&amp#27;[34mmain&amp#27;[0;39m] &amp#27;[33morg.springframework.beans.factory.support.DefaultSingletonBeanRegistry&amp#27;[0;39m: Creating shared instance of singleton bean 'org.springframework.boot.autoconfigure.security.servlet.SecurityFilterAutoConfiguration'
&amp#27;[30m2020-02-08 10:21:37,281&amp#27;[0;39m &amp#27;[39mDEBUG&amp#27;[0;39m [&amp#27;[34mmain&amp#27;[0;39m] &amp#27;[33morg.springframework.beans.factory.support.DefaultSingletonBeanRegistry&amp#27;[0;39m: Creating shared instance of singleton bean 'spring.security-org.springframework.boot.autoconfigure.security.SecurityProperties'
&amp#27;[30m2020-02-08 10:21:37,285&amp#27;[0;39m &amp#27;[39mDEBUG&amp#27;[0;39m [&amp#27;[34mmain&amp#27;[0;39m] &amp#27;[33morg.springframework.beans.factory.support.ConstructorResolver&amp#27;[0;39m: Autowiring by type from bean name 'securityFilterChainRegistration' via factory method to bean named 'spring.security-org.springframework.boot.autoconfigure.security.SecurityProperties'
&amp#27;[30m2020-02-08 10:21:37,310&amp#27;[0;39m &amp#27;[39mDEBUG&amp#27;[0;39m [&amp#27;[34mmain&amp#27;[0;39m] &amp#27;[33morg.springframework.beans.factory.support.DefaultSingletonBeanRegistry&amp#27;[0;39m: Creating shared instance of singleton bean 'requestContextFilter'
&amp#27;[30m2020-02-08 10:21:37,324&amp#27;[0;39m &amp#27;[39mDEBUG&amp#27;[0;39m [&amp#27;[34mmain&amp#27;[0;39m] &amp#27;[33morg.springframework.beans.factory.support.DefaultSingletonBeanRegistry&amp#27;[0;39m: Creating shared instance of singleton bean 'hiddenHttpMethodFilter'
&amp#27;[30m2020-02-08 10:21:37,324&amp#27;[0;39m &amp#27;[39mDEBUG&amp#27;[0;39m [&amp#27;[34mmain&amp#27;[0;39m] &amp#27;[33morg.springframework.beans.factory.support.DefaultSingletonBeanRegistry&amp#27;[0;39m: Creating shared instance of singleton bean 'org.springframework.boot.autoconfigure.web.servlet.WebMvcAutoConfiguration'
&amp#27;[30m2020-02-08 10:21:37,346&amp#27;[0;39m &amp#27;[39mDEBUG&amp#27;[0;39m [&amp#27;[34mmain&amp#27;[0;39m] &amp#27;[33morg.springframework.beans.factory.support.DefaultSingletonBeanRegistry&amp#27;[0;39m: Creating shared instance of singleton bean 'formContentFilter'
&amp#27;[30m2020-02-08 10:21:37,362&amp#27;[0;39m &amp#27;[39mDEBUG&amp#27;[0;39m [&amp#27;[34mmain&amp#27;[0;39m] &amp#27;[33morg.springframework.beans.factory.support.DefaultSingletonBeanRegistry&amp#27;[0;39m: Creating shared instance of singleton bean 'characterEncodingFilter'
&amp#27;[30m2020-02-08 10:21:37,387&amp#27;[0;39m &amp#27;[39mDEBUG&amp#27;[0;39m [&amp#27;[34mmain&amp#27;[0;39m] &amp#27;[33morg.springframework.boot.web.servlet.ServletContextInitializerBeans&amp#27;[0;39m: Mapping filters: springSecurityFilterChain urls=[/*], characterEncodingFilter urls=[/*], hiddenHttpMethodFilter urls=[/*], formContentFilter urls=[/*], requestContextFilter urls=[/*]
&amp#27;[30m2020-02-08 10:21:37,388&amp#27;[0;39m &amp#27;[39mDEBUG&amp#27;[0;39m [&amp#27;[34mmain&amp#27;[0;39m] &amp#27;[33morg.springframework.boot.web.servlet.ServletContextInitializerBeans&amp#27;[0;39m: Mapping servlets: dispatcherServlet urls=[/], webServlet urls=[/h2-console/*]
&amp#27;[30m2020-02-08 10:21:37,437&amp#27;[0;39m &amp#27;[39mDEBUG&amp#27;[0;39m [&amp#27;[34mmain&amp#27;[0;39m] &amp#27;[33morg.springframework.web.filter.GenericFilterBean&amp#27;[0;39m: Filter 'requestContextFilter' configured for use
&amp#27;[30m2020-02-08 10:21:37,438&amp#27;[0;39m &amp#27;[39mDEBUG&amp#27;[0;39m [&amp#27;[34mmain&amp#27;[0;39m] &amp#27;[33morg.springframework.web.filter.GenericFilterBean&amp#27;[0;39m: Filter 'hiddenHttpMethodFilter' configured for use
&amp#27;[30m2020-02-08 10:21:37,438&amp#27;[0;39m &amp#27;[39mDEBUG&amp#27;[0;39m [&amp#27;[34mmain&amp#27;[0;39m] &amp#27;[33morg.springframework.web.filter.GenericFilterBean&amp#27;[0;39m: Filter 'characterEncodingFilter' configured for use
&amp#27;[30m2020-02-08 10:21:37,439&amp#27;[0;39m &amp#27;[39mDEBUG&amp#27;[0;39m [&amp#27;[34mmain&amp#27;[0;39m] &amp#27;[33morg.springframework.web.filter.GenericFilterBean&amp#27;[0;39m: Filter 'springSecurityFilterChain' configured for use
&amp#27;[30m2020-02-08 10:21:37,439&amp#27;[0;39m &amp#27;[39mDEBUG&amp#27;[0;39m [&amp#27;[34mmain&amp#27;[0;39m] &amp#27;[33morg.springframework.web.filter.GenericFilterBean&amp#27;[0;39m: Filter 'formContentFilter' configured for use
&amp#27;[30m2020-02-08 10:21:37,450&amp#27;[0;39m &amp#27;[39mDEBUG&amp#27;[0;39m [&amp#27;[34mmain&amp#27;[0;39m] &amp#27;[33morg.springframework.beans.factory.support.DefaultSingletonBeanRegistry&amp#27;[0;39m: Creating shared instance of singleton bean 'inMemoryDatabaseShutdownExecutor'
&amp#27;[30m2020-02-08 10:21:37,451&amp#27;[0;39m &amp#27;[39mDEBUG&amp#27;[0;39m [&amp#27;[34mmain&amp#27;[0;39m] &amp#27;[33morg.springframework.beans.factory.support.DefaultSingletonBeanRegistry&amp#27;[0;39m: Creating shared instance of singleton bean 'org.springframework.boot.devtools.autoconfigure.DevToolsDataSourceAutoConfiguration'
&amp#27;[30m2020-02-08 10:21:37,457&amp#27;[0;39m &amp#27;[39mDEBUG&amp#27;[0;39m [&amp#27;[34mmain&amp#27;[0;39m] &amp#27;[33morg.springframework.beans.factory.support.DefaultSingletonBeanRegistry&amp#27;[0;39m: Creating shared instance of singleton bean 'dataSource'
&amp#27;[30m2020-02-08 10:21:37,458&amp#27;[0;39m &amp#27;[39mDEBUG&amp#27;[0;39m [&amp#27;[34mmain&amp#27;[0;39m] &amp#27;[33morg.springframework.beans.factory.support.DefaultSingletonBeanRegistry&amp#27;[0;39m: Creating shared instance of singleton bean 'org.springframework.boot.autoconfigure.jdbc.DataSourceConfiguration$Hikari'
&amp#27;[30m2020-02-08 10:21:37,464&amp#27;[0;39m &amp#27;[39mDEBUG&amp#27;[0;39m [&amp#27;[34mmain&amp#27;[0;39m] &amp#27;[33morg.springframework.beans.factory.support.DefaultSingletonBeanRegistry&amp#27;[0;39m: Creating shared instance of singleton bean 'spring.datasource-org.springframework.boot.autoconfigure.jdbc.DataSourceProperties'
&amp#27;[30m2020-02-08 10:21:37,481&amp#27;[0;39m &amp#27;[39mDEBUG&amp#27;[0;39m [&amp#27;[34mmain&amp#27;[0;39m] &amp#27;[33morg.springframework.beans.factory.support.ConstructorResolver&amp#27;[0;39m: Autowiring by type from bean name 'dataSource' via factory method to bean named 'spring.datasource-org.springframework.boot.autoconfigure.jdbc.DataSourceProperties'
&amp#27;[30m2020-02-08 10:21:37,486&amp#27;[0;39m &amp#27;[39mDEBUG&amp#27;[0;39m [&amp#27;[34mmain&amp#27;[0;39m] &amp#27;[33mcom.zaxxer.hikari.HikariConfig&amp#27;[0;39m: Driver class org.h2.Driver found in Thread context class loader jdk.internal.loader.ClassLoaders$AppClassLoader@4b85612c
&amp#27;[30m2020-02-08 10:21:37,506&amp#27;[0;39m &amp#27;[39mDEBUG&amp#27;[0;39m [&amp#27;[34mmain&amp#27;[0;39m] &amp#27;[33morg.springframework.beans.factory.support.DefaultSingletonBeanRegistry&amp#27;[0;39m: Creating shared instance of singleton bean 'org.springframework.boot.autoconfigure.jdbc.DataSourceInitializerInvoker'
&amp#27;[30m2020-02-08 10:21:37,509&amp#27;[0;39m &amp#27;[39mDEBUG&amp#27;[0;39m [&amp#27;[34mmain&amp#27;[0;39m] &amp#27;[33morg.springframework.beans.factory.support.ConstructorResolver&amp#27;[0;39m: Autowiring by type from bean name 'org.springframework.boot.autoconfigure.jdbc.DataSourceInitializerInvoker' via constructor to bean named 'spring.datasource-org.springframework.boot.autoconfigure.jdbc.DataSourceProperties'
&amp#27;[30m2020-02-08 10:21:37,509&amp#27;[0;39m &amp#27;[39mDEBUG&amp#27;[0;39m [&amp#27;[34mmain&amp#27;[0;39m] &amp#27;[33morg.springframework.beans.factory.support.ConstructorResolver&amp#27;[0;39m: Autowiring by type from bean name 'org.springframework.boot.autoconfigure.jdbc.DataSourceInitializerInvoker' via constructor to bean named 'org.springframework.boot.web.servlet.context.AnnotationConfigServletWebServerApplicationContext@2d5435d4'
&amp#27;[30m2020-02-08 10:21:37,516&amp#27;[0;39m &amp#27;[39mDEBUG&amp#27;[0;39m [&amp#27;[34mmain&amp#27;[0;39m] &amp#27;[33morg.springframework.beans.factory.support.ConstructorResolver&amp#27;[0;39m: Autowiring by type from bean name 'inMemoryDatabaseShutdownExecutor' via factory method to bean named 'dataSource'
&amp#27;[30m2020-02-08 10:21:37,516&amp#27;[0;39m &amp#27;[39mDEBUG&amp#27;[0;39m [&amp#27;[34mmain&amp#27;[0;39m] &amp#27;[33morg.springframework.beans.factory.support.ConstructorResolver&amp#27;[0;39m: Autowiring by type from bean name 'inMemoryDatabaseShutdownExecutor' via factory method to bean named 'spring.datasource-org.springframework.boot.autoconfigure.jdbc.DataSourceProperties'
&amp#27;[30m2020-02-08 10:21:37,524&amp#27;[0;39m &amp#27;[39mDEBUG&amp#27;[0;39m [&amp#27;[34mmain&amp#27;[0;39m] &amp#27;[33morg.springframework.beans.factory.support.DefaultSingletonBeanRegistry&amp#27;[0;39m: Creating shared instance of singleton bean 'entityManagerFactory'
&amp#27;[30m2020-02-08 10:21:37,524&amp#27;[0;39m &amp#27;[39mDEBUG&amp#27;[0;39m [&amp#27;[34mmain&amp#27;[0;39m] &amp#27;[33morg.springframework.beans.factory.support.DefaultSingletonBeanRegistry&amp#27;[0;39m: Creating shared instance of singleton bean 'org.springframework.boot.autoconfigure.orm.jpa.HibernateJpaConfiguration'
&amp#27;[30m2020-02-08 10:21:37,525&amp#27;[0;39m &amp#27;[39mDEBUG&amp#27;[0;39m [&amp#27;[34mmain&amp#27;[0;39m] &amp#27;[33morg.springframework.core.LocalVariableTableParameterNameDiscoverer&amp#27;[0;39m: Cannot find '.class' file for class [class org.springframework.boot.autoconfigure.orm.jpa.HibernateJpaConfiguration$$EnhancerBySpringCGLIB$$f5449ada] - unable to determine constructor/method parameter names
&amp#27;[30m2020-02-08 10:21:37,528&amp#27;[0;39m &amp#27;[39mDEBUG&amp#27;[0;39m [&amp#27;[34mmain&amp#27;[0;39m] &amp#27;[33morg.springframework.beans.factory.support.DefaultSingletonBeanRegistry&amp#27;[0;39m: Creating shared instance of singleton bean 'spring.jpa-org.springframework.boot.autoconfigure.orm.jpa.JpaProperties'
&amp#27;[30m2020-02-08 10:21:37,549&amp#27;[0;39m &amp#27;[39mDEBUG&amp#27;[0;39m [&amp#27;[34mmain&amp#27;[0;39m] &amp#27;[33morg.springframework.beans.factory.support.DefaultSingletonBeanRegistry&amp#27;[0;39m: Creating shared instance of singleton bean 'spring.jpa.hibernate-org.springframework.boot.autoconfigure.orm.jpa.HibernateProperties'
&amp#27;[30m2020-02-08 10:21:37,560&amp#27;[0;39m &amp#27;[39mDEBUG&amp#27;[0;39m [&amp#27;[34mmain&amp#27;[0;39m] &amp#27;[33morg.springframework.beans.factory.support.ConstructorResolver&amp#27;[0;39m: Autowiring by type from bean name 'org.springframework.boot.autoconfigure.orm.jpa.HibernateJpaConfiguration' via constructor to bean named 'dataSource'
&amp#27;[30m2020-02-08 10:21:37,560&amp#27;[0;39m &amp#27;[39mDEBUG&amp#27;[0;39m [&amp#27;[34mmain&amp#27;[0;39m] &amp#27;[33morg.springframework.beans.factory.support.ConstructorResolver&amp#27;[0;39m: Autowiring by type from bean name 'org.springframework.boot.autoconfigure.orm.jpa.HibernateJpaConfiguration' via constructor to bean named 'spring.jpa-org.springframework.boot.autoconfigure.orm.jpa.JpaProperties'
&amp#27;[30m2020-02-08 10:21:37,560&amp#27;[0;39m &amp#27;[39mDEBUG&amp#27;[0;39m [&amp#27;[34mmain&amp#27;[0;39m] &amp#27;[33morg.springframework.beans.factory.support.ConstructorResolver&amp#27;[0;39m: Autowiring by type from bean name 'org.springframework.boot.autoconfigure.orm.jpa.HibernateJpaConfiguration' via constructor to bean named 'org.springframework.beans.factory.support.DefaultListableBeanFactory@7dd2a5f7'
&amp#27;[30m2020-02-08 10:21:37,560&amp#27;[0;39m &amp#27;[39mDEBUG&amp#27;[0;39m [&amp#27;[34mmain&amp#27;[0;39m] &amp#27;[33morg.springframework.beans.factory.support.ConstructorResolver&amp#27;[0;39m: Autowiring by type from bean name 'org.springframework.boot.autoconfigure.orm.jpa.HibernateJpaConfiguration' via constructor to bean named 'spring.jpa.hibernate-org.springframework.boot.autoconfigure.orm.jpa.HibernateProperties'
&amp#27;[30m2020-02-08 10:21:37,564&amp#27;[0;39m &amp#27;[39mDEBUG&amp#27;[0;39m [&amp#27;[34mmain&amp#27;[0;39m] &amp#27;[33morg.springframework.beans.factory.support.DefaultSingletonBeanRegistry&amp#27;[0;39m: Creating shared instance of singleton bean 'platformTransactionManagerCustomizers'
&amp#27;[30m2020-02-08 10:21:37,564&amp#27;[0;39m &amp#27;[39mDEBUG&amp#27;[0;39m [&amp#27;[34mmain&amp#27;[0;39m] &amp#27;[33morg.springframework.beans.factory.support.DefaultSingletonBeanRegistry&amp#27;[0;39m: Creating shared instance of singleton bean 'org.springframework.boot.autoconfigure.transaction.TransactionAutoConfiguration'
&amp#27;[30m2020-02-08 10:21:37,572&amp#27;[0;39m &amp#27;[39mDEBUG&amp#27;[0;39m [&amp#27;[34mmain&amp#27;[0;39m] &amp#27;[33morg.springframework.beans.factory.support.DefaultSingletonBeanRegistry&amp#27;[0;39m: Creating shared instance of singleton bean 'spring.transaction-org.springframework.boot.autoconfigure.transaction.TransactionProperties'
&amp#27;[30m2020-02-08 10:21:37,587&amp#27;[0;39m &amp#27;[39mDEBUG&amp#27;[0;39m [&amp#27;[34mmain&amp#27;[0;39m] &amp#27;[33morg.springframework.beans.factory.support.DefaultSingletonBeanRegistry&amp#27;[0;39m: Creating shared instance of singleton bean 'hikariPoolDataSourceMetadataProvider'
&amp#27;[30m2020-02-08 10:21:37,587&amp#27;[0;39m &amp#27;[39mDEBUG&amp#27;[0;39m [&amp#27;[34mmain&amp#27;[0;39m] &amp#27;[33morg.springframework.beans.factory.support.DefaultSingletonBeanRegistry&amp#27;[0;39m: Creating shared instance of singleton bean 'org.springframework.boot.autoconfigure.jdbc.metadata.DataSourcePoolMetadataProvidersConfiguration$HikariPoolDataSourceMetadataProviderConfiguration'
&amp#27;[30m2020-02-08 10:21:37,609&amp#27;[0;39m &amp#27;[39mDEBUG&amp#27;[0;39m [&amp#27;[34mmain&amp#27;[0;39m] &amp#27;[33morg.springframework.beans.factory.support.DefaultSingletonBeanRegistry&amp#27;[0;39m: Creating shared instance of singleton bean 'entityManagerFactoryBuilder'
&amp#27;[30m2020-02-08 10:21:37,611&amp#27;[0;39m &amp#27;[39mDEBUG&amp#27;[0;39m [&amp#27;[34mmain&amp#27;[0;39m] &amp#27;[33morg.springframework.beans.factory.support.DefaultSingletonBeanRegistry&amp#27;[0;39m: Creating shared instance of singleton bean 'jpaVendorAdapter'
&amp#27;[30m2020-02-08 10:21:37,611&amp#27;[0;39m &amp#27;[39mDEBUG&amp#27;[0;39m [&amp#27;[34mmain&amp#27;[0;39m] &amp#27;[33morg.springframework.jdbc.datasource.DataSourceUtils&amp#27;[0;39m: Fetching JDBC Connection from DataSource
&amp#27;[30m2020-02-08 10:21:37,612&amp#27;[0;39m &amp#27;[39mDEBUG&amp#27;[0;39m [&amp#27;[34mmain&amp#27;[0;39m] &amp#27;[33mcom.zaxxer.hikari.HikariConfig&amp#27;[0;39m: HikariPool-2 - configuration:
&amp#27;[30m2020-02-08 10:21:37,613&amp#27;[0;39m &amp#27;[39mDEBUG&amp#27;[0;39m [&amp#27;[34mmain&amp#27;[0;39m] &amp#27;[33mcom.zaxxer.hikari.HikariConfig&amp#27;[0;39m: allowPoolSuspension.............false
&amp#27;[30m2020-02-08 10:21:37,614&amp#27;[0;39m &amp#27;[39mDEBUG&amp#27;[0;39m [&amp#27;[34mmain&amp#27;[0;39m] &amp#27;[33mcom.zaxxer.hikari.HikariConfig&amp#27;[0;39m: autoCommit......................true
&amp#27;[30m2020-02-08 10:21:37,614&amp#27;[0;39m &amp#27;[39mDEBUG&amp#27;[0;39m [&amp#27;[34mmain&amp#27;[0;39m] &amp#27;[33mcom.zaxxer.hikari.HikariConfig&amp#27;[0;39m: catalog.........................none
&amp#27;[30m2020-02-08 10:21:37,615&amp#27;[0;39m &amp#27;[39mDEBUG&amp#27;[0;39m [&amp#27;[34mmain&amp#27;[0;39m] &amp#27;[33mcom.zaxxer.hikari.HikariConfig&amp#27;[0;39m: connectionInitSql...............none
&amp#27;[30m2020-02-08 10:21:37,615&amp#27;[0;39m &amp#27;[39mDEBUG&amp#27;[0;39m [&amp#27;[34mmain&amp#27;[0;39m] &amp#27;[33mcom.zaxxer.hikari.HikariConfig&amp#27;[0;39m: connectionTestQuery.............none
&amp#27;[30m2020-02-08 10:21:37,615&amp#27;[0;39m &amp#27;[39mDEBUG&amp#27;[0;39m [&amp#27;[34mmain&amp#27;[0;39m] &amp#27;[33mcom.zaxxer.hikari.HikariConfig&amp#27;[0;39m: connectionTimeout...............30000
&amp#27;[30m2020-02-08 10:21:37,615&amp#27;[0;39m &amp#27;[39mDEBUG&amp#27;[0;39m [&amp#27;[34mmain&amp#27;[0;39m] &amp#27;[33mcom.zaxxer.hikari.HikariConfig&amp#27;[0;39m: dataSource......................none
&amp#27;[30m2020-02-08 10:21:37,615&amp#27;[0;39m &amp#27;[39mDEBUG&amp#27;[0;39m [&amp#27;[34mmain&amp#27;[0;39m] &amp#27;[33mcom.zaxxer.hikari.HikariConfig&amp#27;[0;39m: dataSourceClassName.............none
&amp#27;[30m2020-02-08 10:21:37,616&amp#27;[0;39m &amp#27;[39mDEBUG&amp#27;[0;39m [&amp#27;[34mmain&amp#27;[0;39m] &amp#27;[33mcom.zaxxer.hikari.HikariConfig&amp#27;[0;39m: dataSourceJNDI..................none
&amp#27;[30m2020-02-08 10:21:37,616&amp#27;[0;39m &amp#27;[39mDEBUG&amp#27;[0;39m [&amp#27;[34mmain&amp#27;[0;39m] &amp#27;[33mcom.zaxxer.hikari.HikariConfig&amp#27;[0;39m: dataSourceProperties............{password=<masked>}
&amp#27;[30m2020-02-08 10:21:37,616&amp#27;[0;39m &amp#27;[39mDEBUG&amp#27;[0;39m [&amp#27;[34mmain&amp#27;[0;39m] &amp#27;[33mcom.zaxxer.hikari.HikariConfig&amp#27;[0;39m: driverClassName................."org.h2.Driver"
&amp#27;[30m2020-02-08 10:21:37,617&amp#27;[0;39m &amp#27;[39mDEBUG&amp#27;[0;39m [&amp#27;[34mmain&amp#27;[0;39m] &amp#27;[33mcom.zaxxer.hikari.HikariConfig&amp#27;[0;39m: healthCheckProperties...........{}
&amp#27;[30m2020-02-08 10:21:37,617&amp#27;[0;39m &amp#27;[39mDEBUG&amp#27;[0;39m [&amp#27;[34mmain&amp#27;[0;39m] &amp#27;[33mcom.zaxxer.hikari.HikariConfig&amp#27;[0;39m: healthCheckRegistry.............none
&amp#27;[30m2020-02-08 10:21:37,617&amp#27;[0;39m &amp#27;[39mDEBUG&amp#27;[0;39m [&amp#27;[34mmain&amp#27;[0;39m] &amp#27;[33mcom.zaxxer.hikari.HikariConfig&amp#27;[0;39m: idleTimeout.....................600000
&amp#27;[30m2020-02-08 10:21:37,617&amp#27;[0;39m &amp#27;[39mDEBUG&amp#27;[0;39m [&amp#27;[34mmain&amp#27;[0;39m] &amp#27;[33mcom.zaxxer.hikari.HikariConfig&amp#27;[0;39m: initializationFailTimeout.......1
&amp#27;[30m2020-02-08 10:21:37,617&amp#27;[0;39m &amp#27;[39mDEBUG&amp#27;[0;39m [&amp#27;[34mmain&amp#27;[0;39m] &amp#27;[33mcom.zaxxer.hikari.HikariConfig&amp#27;[0;39m: isolateInternalQueries..........false
&amp#27;[30m2020-02-08 10:21:37,618&amp#27;[0;39m &amp#27;[39mDEBUG&amp#27;[0;39m [&amp#27;[34mmain&amp#27;[0;39m] &amp#27;[33mcom.zaxxer.hikari.HikariConfig&amp#27;[0;39m: jdbcUrl.........................jdbc:h2:mem:db;DB_CLOSE_DELAY=-1
&amp#27;[30m2020-02-08 10:21:37,618&amp#27;[0;39m &amp#27;[39mDEBUG&amp#27;[0;39m [&amp#27;[34mmain&amp#27;[0;39m] &amp#27;[33mcom.zaxxer.hikari.HikariConfig&amp#27;[0;39m: leakDetectionThreshold..........0
&amp#27;[30m2020-02-08 10:21:37,618&amp#27;[0;39m &amp#27;[39mDEBUG&amp#27;[0;39m [&amp#27;[34mmain&amp#27;[0;39m] &amp#27;[33mcom.zaxxer.hikari.HikariConfig&amp#27;[0;39m: maxLifetime.....................1800000
&amp#27;[30m2020-02-08 10:21:37,619&amp#27;[0;39m &amp#27;[39mDEBUG&amp#27;[0;39m [&amp#27;[34mmain&amp#27;[0;39m] &amp#27;[33mcom.zaxxer.hikari.HikariConfig&amp#27;[0;39m: maximumPoolSize.................10
&amp#27;[30m2020-02-08 10:21:37,619&amp#27;[0;39m &amp#27;[39mDEBUG&amp#27;[0;39m [&amp#27;[34mmain&amp#27;[0;39m] &amp#27;[33mcom.zaxxer.hikari.HikariConfig&amp#27;[0;39m: metricRegistry..................none
&amp#27;[30m2020-02-08 10:21:37,619&amp#27;[0;39m &amp#27;[39mDEBUG&amp#27;[0;39m [&amp#27;[34mmain&amp#27;[0;39m] &amp#27;[33mcom.zaxxer.hikari.HikariConfig&amp#27;[0;39m: metricsTrackerFactory...........none
&amp#27;[30m2020-02-08 10:21:37,619&amp#27;[0;39m &amp#27;[39mDEBUG&amp#27;[0;39m [&amp#27;[34mmain&amp#27;[0;39m] &amp#27;[33mcom.zaxxer.hikari.HikariConfig&amp#27;[0;39m: minimumIdle.....................10
&amp#27;[30m2020-02-08 10:21:37,620&amp#27;[0;39m &amp#27;[39mDEBUG&amp#27;[0;39m [&amp#27;[34mmain&amp#27;[0;39m] &amp#27;[33mcom.zaxxer.hikari.HikariConfig&amp#27;[0;39m: password........................<masked>
&amp#27;[30m2020-02-08 10:21:37,620&amp#27;[0;39m &amp#27;[39mDEBUG&amp#27;[0;39m [&amp#27;[34mmain&amp#27;[0;39m] &amp#27;[33mcom.zaxxer.hikari.HikariConfig&amp#27;[0;39m: poolName........................"HikariPool-2"
&amp#27;[30m2020-02-08 10:21:37,620&amp#27;[0;39m &amp#27;[39mDEBUG&amp#27;[0;39m [&amp#27;[34mmain&amp#27;[0;39m] &amp#27;[33mcom.zaxxer.hikari.HikariConfig&amp#27;[0;39m: readOnly........................false
&amp#27;[30m2020-02-08 10:21:37,621&amp#27;[0;39m &amp#27;[39mDEBUG&amp#27;[0;39m [&amp#27;[34mmain&amp#27;[0;39m] &amp#27;[33mcom.zaxxer.hikari.HikariConfig&amp#27;[0;39m: registerMbeans..................false
&amp#27;[30m2020-02-08 10:21:37,621&amp#27;[0;39m &amp#27;[39mDEBUG&amp#27;[0;39m [&amp#27;[34mmain&amp#27;[0;39m] &amp#27;[33mcom.zaxxer.hikari.HikariConfig&amp#27;[0;39m: scheduledExecutor...............none
&amp#27;[30m2020-02-08 10:21:37,621&amp#27;[0;39m &amp#27;[39mDEBUG&amp#27;[0;39m [&amp#27;[34mmain&amp#27;[0;39m] &amp#27;[33mcom.zaxxer.hikari.HikariConfig&amp#27;[0;39m: schema..........................none
&amp#27;[30m2020-02-08 10:21:37,621&amp#27;[0;39m &amp#27;[39mDEBUG&amp#27;[0;39m [&amp#27;[34mmain&amp#27;[0;39m] &amp#27;[33mcom.zaxxer.hikari.HikariConfig&amp#27;[0;39m: threadFactory...................internal
&amp#27;[30m2020-02-08 10:21:37,621&amp#27;[0;39m &amp#27;[39mDEBUG&amp#27;[0;39m [&amp#27;[34mmain&amp#27;[0;39m] &amp#27;[33mcom.zaxxer.hikari.HikariConfig&amp#27;[0;39m: transactionIsolation............default
&amp#27;[30m2020-02-08 10:21:37,622&amp#27;[0;39m &amp#27;[39mDEBUG&amp#27;[0;39m [&amp#27;[34mmain&amp#27;[0;39m] &amp#27;[33mcom.zaxxer.hikari.HikariConfig&amp#27;[0;39m: username........................"sa"
&amp#27;[30m2020-02-08 10:21:37,622&amp#27;[0;39m &amp#27;[39mDEBUG&amp#27;[0;39m [&amp#27;[34mmain&amp#27;[0;39m] &amp#27;[33mcom.zaxxer.hikari.HikariConfig&amp#27;[0;39m: validationTimeout...............5000
&amp#27;[30m2020-02-08 10:21:37,622&amp#27;[0;39m &amp#27;[34mINFO &amp#27;[0;39m [&amp#27;[34mmain&amp#27;[0;39m] &amp#27;[33mcom.zaxxer.hikari.HikariDataSource&amp#27;[0;39m: HikariPool-2 - Starting...
&amp#27;[30m2020-02-08 10:21:37,626&amp#27;[0;39m &amp#27;[39mDEBUG&amp#27;[0;39m [&amp#27;[34mmain&amp#27;[0;39m] &amp#27;[33mcom.zaxxer.hikari.pool.HikariPool&amp#27;[0;39m: HikariPool-2 - Added connection conn18: url=jdbc:h2:mem:db user=SA
&amp#27;[30m2020-02-08 10:21:37,626&amp#27;[0;39m &amp#27;[34mINFO &amp#27;[0;39m [&amp#27;[34mmain&amp#27;[0;39m] &amp#27;[33mcom.zaxxer.hikari.HikariDataSource&amp#27;[0;39m: HikariPool-2 - Start completed.
&amp#27;[30m2020-02-08 10:21:37,631&amp#27;[0;39m &amp#27;[39mDEBUG&amp#27;[0;39m [&amp#27;[34mmain&amp#27;[0;39m] &amp#27;[33morg.springframework.beans.factory.support.ConstructorResolver&amp#27;[0;39m: Autowiring by type from bean name 'entityManagerFactoryBuilder' via factory method to bean named 'jpaVendorAdapter'
&amp#27;[30m2020-02-08 10:21:37,634&amp#27;[0;39m &amp#27;[39mDEBUG&amp#27;[0;39m [&amp#27;[34mmain&amp#27;[0;39m] &amp#27;[33morg.springframework.beans.factory.support.ConstructorResolver&amp#27;[0;39m: Autowiring by type from bean name 'entityManagerFactory' via factory method to bean named 'entityManagerFactoryBuilder'
&amp#27;[30m2020-02-08 10:21:37,635&amp#27;[0;39m &amp#27;[39mDEBUG&amp#27;[0;39m [&amp#27;[34mmain&amp#27;[0;39m] &amp#27;[33morg.springframework.beans.factory.support.DefaultSingletonBeanRegistry&amp#27;[0;39m: Creating shared instance of singleton bean 'org.springframework.boot.autoconfigure.AutoConfigurationPackages'
&amp#27;[30m2020-02-08 10:21:37,637&amp#27;[0;39m &amp#27;[39mDEBUG&amp#27;[0;39m [&amp#27;[34mmain&amp#27;[0;39m] &amp#27;[33morg.springframework.boot.autoconfigure.AutoConfigurationPackages$BasePackages&amp#27;[0;39m: @EnableAutoConfiguration was declared on a class in the package 'in.rgukt.r081247.universityapi'. Automatic @Repository and @Entity scanning is enabled.
&amp#27;[30m2020-02-08 10:21:37,649&amp#27;[0;39m &amp#27;[39mDEBUG&amp#27;[0;39m [&amp#27;[34mmain&amp#27;[0;39m] &amp#27;[33morg.springframework.orm.jpa.LocalContainerEntityManagerFactoryBean&amp#27;[0;39m: Building JPA container EntityManagerFactory for persistence unit 'default'
&amp#27;[30m2020-02-08 10:21:37,649&amp#27;[0;39m &amp#27;[39mDEBUG&amp#27;[0;39m [&amp#27;[34mmain&amp#27;[0;39m] &amp#27;[33morg.hibernate.jpa.internal.util.LogHelper&amp#27;[0;39m: PersistenceUnitInfo [
	name: default
	persistence provider classname: null
	classloader: jdk.internal.loader.ClassLoaders$AppClassLoader@4b85612c
	excludeUnlistedClasses: true
	JTA datasource: null
	Non JTA datasource: HikariDataSource (HikariPool-2)
	Transaction type: RESOURCE_LOCAL
	PU root URL: file:/home/vinod/Desktop/desk/projects/universityapi/target/test-classes/
	Shared Cache Mode: UNSPECIFIED
	Validation Mode: AUTO
	Jar files URLs []
	Managed classes names [
		in.rgukt.r081247.universityapi.entity.Course
		in.rgukt.r081247.universityapi.entity.Department
		in.rgukt.r081247.universityapi.entity.Student]
	Mapping files names []
	Properties []
&amp#27;[30m2020-02-08 10:21:37,649&amp#27;[0;39m &amp#27;[39mDEBUG&amp#27;[0;39m [&amp#27;[34mmain&amp#27;[0;39m] &amp#27;[33morg.hibernate.integrator.internal.IntegratorServiceImpl&amp#27;[0;39m: Adding Integrator [org.hibernate.cfg.beanvalidation.BeanValidationIntegrator].
&amp#27;[30m2020-02-08 10:21:37,650&amp#27;[0;39m &amp#27;[39mDEBUG&amp#27;[0;39m [&amp#27;[34mmain&amp#27;[0;39m] &amp#27;[33morg.hibernate.integrator.internal.IntegratorServiceImpl&amp#27;[0;39m: Adding Integrator [org.hibernate.secure.spi.JaccIntegrator].
&amp#27;[30m2020-02-08 10:21:37,650&amp#27;[0;39m &amp#27;[39mDEBUG&amp#27;[0;39m [&amp#27;[34mmain&amp#27;[0;39m] &amp#27;[33morg.hibernate.integrator.internal.IntegratorServiceImpl&amp#27;[0;39m: Adding Integrator [org.hibernate.cache.internal.CollectionCacheInvalidator].
&amp#27;[30m2020-02-08 10:21:37,651&amp#27;[0;39m &amp#27;[39mDEBUG&amp#27;[0;39m [&amp#27;[34mmain&amp#27;[0;39m] &amp#27;[33morg.hibernate.service.spi.ServiceBinding&amp#27;[0;39m: Overriding existing service binding [org.hibernate.secure.spi.JaccService]
&amp#27;[30m2020-02-08 10:21:37,652&amp#27;[0;39m &amp#27;[39mDEBUG&amp#27;[0;39m [&amp#27;[34mmain&amp#27;[0;39m] &amp#27;[33morg.hibernate.cache.internal.RegionFactoryInitiator&amp#27;[0;39m: Cannot default RegionFactory based on registered strategies as `[]` RegionFactory strategies were registered
&amp#27;[30m2020-02-08 10:21:37,653&amp#27;[0;39m &amp#27;[39mDEBUG&amp#27;[0;39m [&amp#27;[34mmain&amp#27;[0;39m] &amp#27;[33morg.hibernate.cache.internal.RegionFactoryInitiator&amp#27;[0;39m: Cache region factory : org.hibernate.cache.internal.NoCachingRegionFactory
&amp#27;[30m2020-02-08 10:21:37,653&amp#27;[0;39m &amp#27;[39mDEBUG&amp#27;[0;39m [&amp#27;[34mmain&amp#27;[0;39m] &amp#27;[33morg.hibernate.type.BasicTypeRegistry&amp#27;[0;39m: Adding type registration boolean -> org.hibernate.type.BooleanType@486bd064
&amp#27;[30m2020-02-08 10:21:37,653&amp#27;[0;39m &amp#27;[39mDEBUG&amp#27;[0;39m [&amp#27;[34mmain&amp#27;[0;39m] &amp#27;[33morg.hibernate.type.BasicTypeRegistry&amp#27;[0;39m: Adding type registration boolean -> org.hibernate.type.BooleanType@486bd064
&amp#27;[30m2020-02-08 10:21:37,654&amp#27;[0;39m &amp#27;[39mDEBUG&amp#27;[0;39m [&amp#27;[34mmain&amp#27;[0;39m] &amp#27;[33morg.hibernate.type.BasicTypeRegistry&amp#27;[0;39m: Adding type registration java.lang.Boolean -> org.hibernate.type.BooleanType@486bd064
&amp#27;[30m2020-02-08 10:21:37,654&amp#27;[0;39m &amp#27;[39mDEBUG&amp#27;[0;39m [&amp#27;[34mmain&amp#27;[0;39m] &amp#27;[33morg.hibernate.type.BasicTypeRegistry&amp#27;[0;39m: Adding type registration numeric_boolean -> org.hibernate.type.NumericBooleanType@5111de7c
&amp#27;[30m2020-02-08 10:21:37,654&amp#27;[0;39m &amp#27;[39mDEBUG&amp#27;[0;39m [&amp#27;[34mmain&amp#27;[0;39m] &amp#27;[33morg.hibernate.type.BasicTypeRegistry&amp#27;[0;39m: Adding type registration true_false -> org.hibernate.type.TrueFalseType@342ee097
&amp#27;[30m2020-02-08 10:21:37,654&amp#27;[0;39m &amp#27;[39mDEBUG&amp#27;[0;39m [&amp#27;[34mmain&amp#27;[0;39m] &amp#27;[33morg.hibernate.type.BasicTypeRegistry&amp#27;[0;39m: Adding type registration yes_no -> org.hibernate.type.YesNoType@231cdda8
&amp#27;[30m2020-02-08 10:21:37,654&amp#27;[0;39m &amp#27;[39mDEBUG&amp#27;[0;39m [&amp#27;[34mmain&amp#27;[0;39m] &amp#27;[33morg.hibernate.type.BasicTypeRegistry&amp#27;[0;39m: Adding type registration byte -> org.hibernate.type.ByteType@14f060b8
&amp#27;[30m2020-02-08 10:21:37,655&amp#27;[0;39m &amp#27;[39mDEBUG&amp#27;[0;39m [&amp#27;[34mmain&amp#27;[0;39m] &amp#27;[33morg.hibernate.type.BasicTypeRegistry&amp#27;[0;39m: Adding type registration byte -> org.hibernate.type.ByteType@14f060b8
&amp#27;[30m2020-02-08 10:21:37,655&amp#27;[0;39m &amp#27;[39mDEBUG&amp#27;[0;39m [&amp#27;[34mmain&amp#27;[0;39m] &amp#27;[33morg.hibernate.type.BasicTypeRegistry&amp#27;[0;39m: Adding type registration java.lang.Byte -> org.hibernate.type.ByteType@14f060b8
&amp#27;[30m2020-02-08 10:21:37,655&amp#27;[0;39m &amp#27;[39mDEBUG&amp#27;[0;39m [&amp#27;[34mmain&amp#27;[0;39m] &amp#27;[33morg.hibernate.type.BasicTypeRegistry&amp#27;[0;39m: Adding type registration character -> org.hibernate.type.CharacterType@5a2ae1ab
&amp#27;[30m2020-02-08 10:21:37,655&amp#27;[0;39m &amp#27;[39mDEBUG&amp#27;[0;39m [&amp#27;[34mmain&amp#27;[0;39m] &amp#27;[33morg.hibernate.type.BasicTypeRegistry&amp#27;[0;39m: Adding type registration char -> org.hibernate.type.CharacterType@5a2ae1ab
&amp#27;[30m2020-02-08 10:21:37,655&amp#27;[0;39m &amp#27;[39mDEBUG&amp#27;[0;39m [&amp#27;[34mmain&amp#27;[0;39m] &amp#27;[33morg.hibernate.type.BasicTypeRegistry&amp#27;[0;39m: Adding type registration java.lang.Character -> org.hibernate.type.CharacterType@5a2ae1ab
&amp#27;[30m2020-02-08 10:21:37,656&amp#27;[0;39m &amp#27;[39mDEBUG&amp#27;[0;39m [&amp#27;[34mmain&amp#27;[0;39m] &amp#27;[33morg.hibernate.type.BasicTypeRegistry&amp#27;[0;39m: Adding type registration short -> org.hibernate.type.ShortType@448462f0
&amp#27;[30m2020-02-08 10:21:37,656&amp#27;[0;39m &amp#27;[39mDEBUG&amp#27;[0;39m [&amp#27;[34mmain&amp#27;[0;39m] &amp#27;[33morg.hibernate.type.BasicTypeRegistry&amp#27;[0;39m: Adding type registration short -> org.hibernate.type.ShortType@448462f0
&amp#27;[30m2020-02-08 10:21:37,656&amp#27;[0;39m &amp#27;[39mDEBUG&amp#27;[0;39m [&amp#27;[34mmain&amp#27;[0;39m] &amp#27;[33morg.hibernate.type.BasicTypeRegistry&amp#27;[0;39m: Adding type registration java.lang.Short -> org.hibernate.type.ShortType@448462f0
&amp#27;[30m2020-02-08 10:21:37,656&amp#27;[0;39m &amp#27;[39mDEBUG&amp#27;[0;39m [&amp#27;[34mmain&amp#27;[0;39m] &amp#27;[33morg.hibernate.type.BasicTypeRegistry&amp#27;[0;39m: Adding type registration integer -> org.hibernate.type.IntegerType@2b43f314
&amp#27;[30m2020-02-08 10:21:37,656&amp#27;[0;39m &amp#27;[39mDEBUG&amp#27;[0;39m [&amp#27;[34mmain&amp#27;[0;39m] &amp#27;[33morg.hibernate.type.BasicTypeRegistry&amp#27;[0;39m: Adding type registration int -> org.hibernate.type.IntegerType@2b43f314
&amp#27;[30m2020-02-08 10:21:37,657&amp#27;[0;39m &amp#27;[39mDEBUG&amp#27;[0;39m [&amp#27;[34mmain&amp#27;[0;39m] &amp#27;[33morg.hibernate.type.BasicTypeRegistry&amp#27;[0;39m: Adding type registration java.lang.Integer -> org.hibernate.type.IntegerType@2b43f314
&amp#27;[30m2020-02-08 10:21:37,657&amp#27;[0;39m &amp#27;[39mDEBUG&amp#27;[0;39m [&amp#27;[34mmain&amp#27;[0;39m] &amp#27;[33morg.hibernate.type.BasicTypeRegistry&amp#27;[0;39m: Adding type registration long -> org.hibernate.type.LongType@6f50d55c
&amp#27;[30m2020-02-08 10:21:37,657&amp#27;[0;39m &amp#27;[39mDEBUG&amp#27;[0;39m [&amp#27;[34mmain&amp#27;[0;39m] &amp#27;[33morg.hibernate.type.BasicTypeRegistry&amp#27;[0;39m: Adding type registration long -> org.hibernate.type.LongType@6f50d55c
&amp#27;[30m2020-02-08 10:21:37,657&amp#27;[0;39m &amp#27;[39mDEBUG&amp#27;[0;39m [&amp#27;[34mmain&amp#27;[0;39m] &amp#27;[33morg.hibernate.type.BasicTypeRegistry&amp#27;[0;39m: Adding type registration java.lang.Long -> org.hibernate.type.LongType@6f50d55c
&amp#27;[30m2020-02-08 10:21:37,657&amp#27;[0;39m &amp#27;[39mDEBUG&amp#27;[0;39m [&amp#27;[34mmain&amp#27;[0;39m] &amp#27;[33morg.hibernate.type.BasicTypeRegistry&amp#27;[0;39m: Adding type registration float -> org.hibernate.type.FloatType@6889f56f
&amp#27;[30m2020-02-08 10:21:37,658&amp#27;[0;39m &amp#27;[39mDEBUG&amp#27;[0;39m [&amp#27;[34mmain&amp#27;[0;39m] &amp#27;[33morg.hibernate.type.BasicTypeRegistry&amp#27;[0;39m: Adding type registration float -> org.hibernate.type.FloatType@6889f56f
&amp#27;[30m2020-02-08 10:21:37,658&amp#27;[0;39m &amp#27;[39mDEBUG&amp#27;[0;39m [&amp#27;[34mmain&amp#27;[0;39m] &amp#27;[33morg.hibernate.type.BasicTypeRegistry&amp#27;[0;39m: Adding type registration java.lang.Float -> org.hibernate.type.FloatType@6889f56f
&amp#27;[30m2020-02-08 10:21:37,658&amp#27;[0;39m &amp#27;[39mDEBUG&amp#27;[0;39m [&amp#27;[34mmain&amp#27;[0;39m] &amp#27;[33morg.hibernate.type.BasicTypeRegistry&amp#27;[0;39m: Adding type registration double -> org.hibernate.type.DoubleType@3b4ef59f
&amp#27;[30m2020-02-08 10:21:37,658&amp#27;[0;39m &amp#27;[39mDEBUG&amp#27;[0;39m [&amp#27;[34mmain&amp#27;[0;39m] &amp#27;[33morg.hibernate.type.BasicTypeRegistry&amp#27;[0;39m: Adding type registration double -> org.hibernate.type.DoubleType@3b4ef59f
&amp#27;[30m2020-02-08 10:21:37,658&amp#27;[0;39m &amp#27;[39mDEBUG&amp#27;[0;39m [&amp#27;[34mmain&amp#27;[0;39m] &amp#27;[33morg.hibernate.type.BasicTypeRegistry&amp#27;[0;39m: Adding type registration java.lang.Double -> org.hibernate.type.DoubleType@3b4ef59f
&amp#27;[30m2020-02-08 10:21:37,659&amp#27;[0;39m &amp#27;[39mDEBUG&amp#27;[0;39m [&amp#27;[34mmain&amp#27;[0;39m] &amp#27;[33morg.hibernate.type.BasicTypeRegistry&amp#27;[0;39m: Adding type registration big_decimal -> org.hibernate.type.BigDecimalType@5a7b309b
&amp#27;[30m2020-02-08 10:21:37,659&amp#27;[0;39m &amp#27;[39mDEBUG&amp#27;[0;39m [&amp#27;[34mmain&amp#27;[0;39m] &amp#27;[33morg.hibernate.type.BasicTypeRegistry&amp#27;[0;39m: Adding type registration java.math.BigDecimal -> org.hibernate.type.BigDecimalType@5a7b309b
&amp#27;[30m2020-02-08 10:21:37,659&amp#27;[0;39m &amp#27;[39mDEBUG&amp#27;[0;39m [&amp#27;[34mmain&amp#27;[0;39m] &amp#27;[33morg.hibernate.type.BasicTypeRegistry&amp#27;[0;39m: Adding type registration big_integer -> org.hibernate.type.BigIntegerType@b022551
&amp#27;[30m2020-02-08 10:21:37,659&amp#27;[0;39m &amp#27;[39mDEBUG&amp#27;[0;39m [&amp#27;[34mmain&amp#27;[0;39m] &amp#27;[33morg.hibernate.type.BasicTypeRegistry&amp#27;[0;39m: Adding type registration java.math.BigInteger -> org.hibernate.type.BigIntegerType@b022551
&amp#27;[30m2020-02-08 10:21:37,659&amp#27;[0;39m &amp#27;[39mDEBUG&amp#27;[0;39m [&amp#27;[34mmain&amp#27;[0;39m] &amp#27;[33morg.hibernate.type.BasicTypeRegistry&amp#27;[0;39m: Adding type registration string -> org.hibernate.type.StringType@530ee28b
&amp#27;[30m2020-02-08 10:21:37,660&amp#27;[0;39m &amp#27;[39mDEBUG&amp#27;[0;39m [&amp#27;[34mmain&amp#27;[0;39m] &amp#27;[33morg.hibernate.type.BasicTypeRegistry&amp#27;[0;39m: Adding type registration java.lang.String -> org.hibernate.type.StringType@530ee28b
&amp#27;[30m2020-02-08 10:21:37,660&amp#27;[0;39m &amp#27;[39mDEBUG&amp#27;[0;39m [&amp#27;[34mmain&amp#27;[0;39m] &amp#27;[33morg.hibernate.type.BasicTypeRegistry&amp#27;[0;39m: Adding type registration nstring -> org.hibernate.type.StringNVarcharType@67f946c3
&amp#27;[30m2020-02-08 10:21:37,660&amp#27;[0;39m &amp#27;[39mDEBUG&amp#27;[0;39m [&amp#27;[34mmain&amp#27;[0;39m] &amp#27;[33morg.hibernate.type.BasicTypeRegistry&amp#27;[0;39m: Adding type registration ncharacter -> org.hibernate.type.CharacterNCharType@46a8c2b4
&amp#27;[30m2020-02-08 10:21:37,660&amp#27;[0;39m &amp#27;[39mDEBUG&amp#27;[0;39m [&amp#27;[34mmain&amp#27;[0;39m] &amp#27;[33morg.hibernate.type.BasicTypeRegistry&amp#27;[0;39m: Adding type registration url -> org.hibernate.type.UrlType@5b8853
&amp#27;[30m2020-02-08 10:21:37,660&amp#27;[0;39m &amp#27;[39mDEBUG&amp#27;[0;39m [&amp#27;[34mmain&amp#27;[0;39m] &amp#27;[33morg.hibernate.type.BasicTypeRegistry&amp#27;[0;39m: Adding type registration java.net.URL -> org.hibernate.type.UrlType@5b8853
&amp#27;[30m2020-02-08 10:21:37,661&amp#27;[0;39m &amp#27;[39mDEBUG&amp#27;[0;39m [&amp#27;[34mmain&amp#27;[0;39m] &amp#27;[33morg.hibernate.type.BasicTypeRegistry&amp#27;[0;39m: Adding type registration Duration -> org.hibernate.type.DurationType@73e4387
&amp#27;[30m2020-02-08 10:21:37,661&amp#27;[0;39m &amp#27;[39mDEBUG&amp#27;[0;39m [&amp#27;[34mmain&amp#27;[0;39m] &amp#27;[33morg.hibernate.type.BasicTypeRegistry&amp#27;[0;39m: Adding type registration java.time.Duration -> org.hibernate.type.DurationType@73e4387
&amp#27;[30m2020-02-08 10:21:37,661&amp#27;[0;39m &amp#27;[39mDEBUG&amp#27;[0;39m [&amp#27;[34mmain&amp#27;[0;39m] &amp#27;[33morg.hibernate.type.BasicTypeRegistry&amp#27;[0;39m: Adding type registration Instant -> org.hibernate.type.InstantType@72c9ebfa
&amp#27;[30m2020-02-08 10:21:37,661&amp#27;[0;39m &amp#27;[39mDEBUG&amp#27;[0;39m [&amp#27;[34mmain&amp#27;[0;39m] &amp#27;[33morg.hibernate.type.BasicTypeRegistry&amp#27;[0;39m: Adding type registration java.time.Instant -> org.hibernate.type.InstantType@72c9ebfa
&amp#27;[30m2020-02-08 10:21:37,661&amp#27;[0;39m &amp#27;[39mDEBUG&amp#27;[0;39m [&amp#27;[34mmain&amp#27;[0;39m] &amp#27;[33morg.hibernate.type.BasicTypeRegistry&amp#27;[0;39m: Adding type registration LocalDateTime -> org.hibernate.type.LocalDateTimeType@27ec8754
&amp#27;[30m2020-02-08 10:21:37,662&amp#27;[0;39m &amp#27;[39mDEBUG&amp#27;[0;39m [&amp#27;[34mmain&amp#27;[0;39m] &amp#27;[33morg.hibernate.type.BasicTypeRegistry&amp#27;[0;39m: Adding type registration java.time.LocalDateTime -> org.hibernate.type.LocalDateTimeType@27ec8754
&amp#27;[30m2020-02-08 10:21:37,662&amp#27;[0;39m &amp#27;[39mDEBUG&amp#27;[0;39m [&amp#27;[34mmain&amp#27;[0;39m] &amp#27;[33morg.hibernate.type.BasicTypeRegistry&amp#27;[0;39m: Adding type registration LocalDate -> org.hibernate.type.LocalDateType@4981d95b
&amp#27;[30m2020-02-08 10:21:37,662&amp#27;[0;39m &amp#27;[39mDEBUG&amp#27;[0;39m [&amp#27;[34mmain&amp#27;[0;39m] &amp#27;[33morg.hibernate.type.BasicTypeRegistry&amp#27;[0;39m: Adding type registration java.time.LocalDate -> org.hibernate.type.LocalDateType@4981d95b
&amp#27;[30m2020-02-08 10:21:37,662&amp#27;[0;39m &amp#27;[39mDEBUG&amp#27;[0;39m [&amp#27;[34mmain&amp#27;[0;39m] &amp#27;[33morg.hibernate.type.BasicTypeRegistry&amp#27;[0;39m: Adding type registration LocalTime -> org.hibernate.type.LocalTimeType@595f9916
&amp#27;[30m2020-02-08 10:21:37,662&amp#27;[0;39m &amp#27;[39mDEBUG&amp#27;[0;39m [&amp#27;[34mmain&amp#27;[0;39m] &amp#27;[33morg.hibernate.type.BasicTypeRegistry&amp#27;[0;39m: Adding type registration java.time.LocalTime -> org.hibernate.type.LocalTimeType@595f9916
&amp#27;[30m2020-02-08 10:21:37,663&amp#27;[0;39m &amp#27;[39mDEBUG&amp#27;[0;39m [&amp#27;[34mmain&amp#27;[0;39m] &amp#27;[33morg.hibernate.type.BasicTypeRegistry&amp#27;[0;39m: Adding type registration OffsetDateTime -> org.hibernate.type.OffsetDateTimeType@5f8f1712
&amp#27;[30m2020-02-08 10:21:37,663&amp#27;[0;39m &amp#27;[39mDEBUG&amp#27;[0;39m [&amp#27;[34mmain&amp#27;[0;39m] &amp#27;[33morg.hibernate.type.BasicTypeRegistry&amp#27;[0;39m: Adding type registration java.time.OffsetDateTime -> org.hibernate.type.OffsetDateTimeType@5f8f1712
&amp#27;[30m2020-02-08 10:21:37,663&amp#27;[0;39m &amp#27;[39mDEBUG&amp#27;[0;39m [&amp#27;[34mmain&amp#27;[0;39m] &amp#27;[33morg.hibernate.type.BasicTypeRegistry&amp#27;[0;39m: Adding type registration OffsetTime -> org.hibernate.type.OffsetTimeType@511da44f
&amp#27;[30m2020-02-08 10:21:37,663&amp#27;[0;39m &amp#27;[39mDEBUG&amp#27;[0;39m [&amp#27;[34mmain&amp#27;[0;39m] &amp#27;[33morg.hibernate.type.BasicTypeRegistry&amp#27;[0;39m: Adding type registration java.time.OffsetTime -> org.hibernate.type.OffsetTimeType@511da44f
&amp#27;[30m2020-02-08 10:21:37,665&amp#27;[0;39m &amp#27;[39mDEBUG&amp#27;[0;39m [&amp#27;[34mmain&amp#27;[0;39m] &amp#27;[33morg.hibernate.type.BasicTypeRegistry&amp#27;[0;39m: Adding type registration ZonedDateTime -> org.hibernate.type.ZonedDateTimeType@29d070c7
&amp#27;[30m2020-02-08 10:21:37,665&amp#27;[0;39m &amp#27;[39mDEBUG&amp#27;[0;39m [&amp#27;[34mmain&amp#27;[0;39m] &amp#27;[33morg.hibernate.type.BasicTypeRegistry&amp#27;[0;39m: Adding type registration java.time.ZonedDateTime -> org.hibernate.type.ZonedDateTimeType@29d070c7
&amp#27;[30m2020-02-08 10:21:37,665&amp#27;[0;39m &amp#27;[39mDEBUG&amp#27;[0;39m [&amp#27;[34mmain&amp#27;[0;39m] &amp#27;[33morg.hibernate.type.BasicTypeRegistry&amp#27;[0;39m: Adding type registration date -> org.hibernate.type.DateType@39d77de9
&amp#27;[30m2020-02-08 10:21:37,666&amp#27;[0;39m &amp#27;[39mDEBUG&amp#27;[0;39m [&amp#27;[34mmain&amp#27;[0;39m] &amp#27;[33morg.hibernate.type.BasicTypeRegistry&amp#27;[0;39m: Adding type registration java.sql.Date -> org.hibernate.type.DateType@39d77de9
&amp#27;[30m2020-02-08 10:21:37,666&amp#27;[0;39m &amp#27;[39mDEBUG&amp#27;[0;39m [&amp#27;[34mmain&amp#27;[0;39m] &amp#27;[33morg.hibernate.type.BasicTypeRegistry&amp#27;[0;39m: Adding type registration time -> org.hibernate.type.TimeType@272778ae
&amp#27;[30m2020-02-08 10:21:37,666&amp#27;[0;39m &amp#27;[39mDEBUG&amp#27;[0;39m [&amp#27;[34mmain&amp#27;[0;39m] &amp#27;[33morg.hibernate.type.BasicTypeRegistry&amp#27;[0;39m: Adding type registration java.sql.Time -> org.hibernate.type.TimeType@272778ae
&amp#27;[30m2020-02-08 10:21:37,666&amp#27;[0;39m &amp#27;[39mDEBUG&amp#27;[0;39m [&amp#27;[34mmain&amp#27;[0;39m] &amp#27;[33morg.hibernate.type.BasicTypeRegistry&amp#27;[0;39m: Adding type registration timestamp -> org.hibernate.type.TimestampType@47fcefb3
&amp#27;[30m2020-02-08 10:21:37,667&amp#27;[0;39m &amp#27;[39mDEBUG&amp#27;[0;39m [&amp#27;[34mmain&amp#27;[0;39m] &amp#27;[33morg.hibernate.type.BasicTypeRegistry&amp#27;[0;39m: Adding type registration java.sql.Timestamp -> org.hibernate.type.TimestampType@47fcefb3
&amp#27;[30m2020-02-08 10:21:37,667&amp#27;[0;39m &amp#27;[39mDEBUG&amp#27;[0;39m [&amp#27;[34mmain&amp#27;[0;39m] &amp#27;[33morg.hibernate.type.BasicTypeRegistry&amp#27;[0;39m: Adding type registration java.util.Date -> org.hibernate.type.TimestampType@47fcefb3
&amp#27;[30m2020-02-08 10:21:37,667&amp#27;[0;39m &amp#27;[39mDEBUG&amp#27;[0;39m [&amp#27;[34mmain&amp#27;[0;39m] &amp#27;[33morg.hibernate.type.BasicTypeRegistry&amp#27;[0;39m: Adding type registration dbtimestamp -> org.hibernate.type.DbTimestampType@32ab408e
&amp#27;[30m2020-02-08 10:21:37,667&amp#27;[0;39m &amp#27;[39mDEBUG&amp#27;[0;39m [&amp#27;[34mmain&amp#27;[0;39m] &amp#27;[33morg.hibernate.type.BasicTypeRegistry&amp#27;[0;39m: Adding type registration calendar -> org.hibernate.type.CalendarType@175c5c3a
&amp#27;[30m2020-02-08 10:21:37,667&amp#27;[0;39m &amp#27;[39mDEBUG&amp#27;[0;39m [&amp#27;[34mmain&amp#27;[0;39m] &amp#27;[33morg.hibernate.type.BasicTypeRegistry&amp#27;[0;39m: Adding type registration java.util.Calendar -> org.hibernate.type.CalendarType@175c5c3a
&amp#27;[30m2020-02-08 10:21:37,668&amp#27;[0;39m &amp#27;[39mDEBUG&amp#27;[0;39m [&amp#27;[34mmain&amp#27;[0;39m] &amp#27;[33morg.hibernate.type.BasicTypeRegistry&amp#27;[0;39m: Adding type registration java.util.GregorianCalendar -> org.hibernate.type.CalendarType@175c5c3a
&amp#27;[30m2020-02-08 10:21:37,668&amp#27;[0;39m &amp#27;[39mDEBUG&amp#27;[0;39m [&amp#27;[34mmain&amp#27;[0;39m] &amp#27;[33morg.hibernate.type.BasicTypeRegistry&amp#27;[0;39m: Adding type registration calendar_date -> org.hibernate.type.CalendarDateType@7b6141f0
&amp#27;[30m2020-02-08 10:21:37,668&amp#27;[0;39m &amp#27;[39mDEBUG&amp#27;[0;39m [&amp#27;[34mmain&amp#27;[0;39m] &amp#27;[33morg.hibernate.type.BasicTypeRegistry&amp#27;[0;39m: Adding type registration locale -> org.hibernate.type.LocaleType@2d130ac4
&amp#27;[30m2020-02-08 10:21:37,668&amp#27;[0;39m &amp#27;[39mDEBUG&amp#27;[0;39m [&amp#27;[34mmain&amp#27;[0;39m] &amp#27;[33morg.hibernate.type.BasicTypeRegistry&amp#27;[0;39m: Adding type registration java.util.Locale -> org.hibernate.type.LocaleType@2d130ac4
&amp#27;[30m2020-02-08 10:21:37,668&amp#27;[0;39m &amp#27;[39mDEBUG&amp#27;[0;39m [&amp#27;[34mmain&amp#27;[0;39m] &amp#27;[33morg.hibernate.type.BasicTypeRegistry&amp#27;[0;39m: Adding type registration currency -> org.hibernate.type.CurrencyType@2ee4706d
&amp#27;[30m2020-02-08 10:21:37,669&amp#27;[0;39m &amp#27;[39mDEBUG&amp#27;[0;39m [&amp#27;[34mmain&amp#27;[0;39m] &amp#27;[33morg.hibernate.type.BasicTypeRegistry&amp#27;[0;39m: Adding type registration java.util.Currency -> org.hibernate.type.CurrencyType@2ee4706d
&amp#27;[30m2020-02-08 10:21:37,669&amp#27;[0;39m &amp#27;[39mDEBUG&amp#27;[0;39m [&amp#27;[34mmain&amp#27;[0;39m] &amp#27;[33morg.hibernate.type.BasicTypeRegistry&amp#27;[0;39m: Adding type registration timezone -> org.hibernate.type.TimeZoneType@2484dbb7
&amp#27;[30m2020-02-08 10:21:37,669&amp#27;[0;39m &amp#27;[39mDEBUG&amp#27;[0;39m [&amp#27;[34mmain&amp#27;[0;39m] &amp#27;[33morg.hibernate.type.BasicTypeRegistry&amp#27;[0;39m: Adding type registration java.util.TimeZone -> org.hibernate.type.TimeZoneType@2484dbb7
&amp#27;[30m2020-02-08 10:21:37,669&amp#27;[0;39m &amp#27;[39mDEBUG&amp#27;[0;39m [&amp#27;[34mmain&amp#27;[0;39m] &amp#27;[33morg.hibernate.type.BasicTypeRegistry&amp#27;[0;39m: Adding type registration class -> org.hibernate.type.ClassType@58a3d521
&amp#27;[30m2020-02-08 10:21:37,669&amp#27;[0;39m &amp#27;[39mDEBUG&amp#27;[0;39m [&amp#27;[34mmain&amp#27;[0;39m] &amp#27;[33morg.hibernate.type.BasicTypeRegistry&amp#27;[0;39m: Adding type registration java.lang.Class -> org.hibernate.type.ClassType@58a3d521
&amp#27;[30m2020-02-08 10:21:37,670&amp#27;[0;39m &amp#27;[39mDEBUG&amp#27;[0;39m [&amp#27;[34mmain&amp#27;[0;39m] &amp#27;[33morg.hibernate.type.BasicTypeRegistry&amp#27;[0;39m: Adding type registration uuid-binary -> org.hibernate.type.UUIDBinaryType@68dfda77
&amp#27;[30m2020-02-08 10:21:37,670&amp#27;[0;39m &amp#27;[39mDEBUG&amp#27;[0;39m [&amp#27;[34mmain&amp#27;[0;39m] &amp#27;[33morg.hibernate.type.BasicTypeRegistry&amp#27;[0;39m: Adding type registration java.util.UUID -> org.hibernate.type.UUIDBinaryType@68dfda77
&amp#27;[30m2020-02-08 10:21:37,670&amp#27;[0;39m &amp#27;[39mDEBUG&amp#27;[0;39m [&amp#27;[34mmain&amp#27;[0;39m] &amp#27;[33morg.hibernate.type.BasicTypeRegistry&amp#27;[0;39m: Adding type registration uuid-char -> org.hibernate.type.UUIDCharType@6fbf5db2
&amp#27;[30m2020-02-08 10:21:37,670&amp#27;[0;39m &amp#27;[39mDEBUG&amp#27;[0;39m [&amp#27;[34mmain&amp#27;[0;39m] &amp#27;[33morg.hibernate.type.BasicTypeRegistry&amp#27;[0;39m: Adding type registration binary -> org.hibernate.type.BinaryType@3ab595c8
&amp#27;[30m2020-02-08 10:21:37,670&amp#27;[0;39m &amp#27;[39mDEBUG&amp#27;[0;39m [&amp#27;[34mmain&amp#27;[0;39m] &amp#27;[33morg.hibernate.type.BasicTypeRegistry&amp#27;[0;39m: Adding type registration byte[] -> org.hibernate.type.BinaryType@3ab595c8
&amp#27;[30m2020-02-08 10:21:37,671&amp#27;[0;39m &amp#27;[39mDEBUG&amp#27;[0;39m [&amp#27;[34mmain&amp#27;[0;39m] &amp#27;[33morg.hibernate.type.BasicTypeRegistry&amp#27;[0;39m: Adding type registration [B -> org.hibernate.type.BinaryType@3ab595c8
&amp#27;[30m2020-02-08 10:21:37,671&amp#27;[0;39m &amp#27;[39mDEBUG&amp#27;[0;39m [&amp#27;[34mmain&amp#27;[0;39m] &amp#27;[33morg.hibernate.type.BasicTypeRegistry&amp#27;[0;39m: Adding type registration wrapper-binary -> org.hibernate.type.WrapperBinaryType@7781263c
&amp#27;[30m2020-02-08 10:21:37,671&amp#27;[0;39m &amp#27;[39mDEBUG&amp#27;[0;39m [&amp#27;[34mmain&amp#27;[0;39m] &amp#27;[33morg.hibernate.type.BasicTypeRegistry&amp#27;[0;39m: Adding type registration Byte[] -> org.hibernate.type.WrapperBinaryType@7781263c
&amp#27;[30m2020-02-08 10:21:37,671&amp#27;[0;39m &amp#27;[39mDEBUG&amp#27;[0;39m [&amp#27;[34mmain&amp#27;[0;39m] &amp#27;[33morg.hibernate.type.BasicTypeRegistry&amp#27;[0;39m: Adding type registration [Ljava.lang.Byte; -> org.hibernate.type.WrapperBinaryType@7781263c
&amp#27;[30m2020-02-08 10:21:37,671&amp#27;[0;39m &amp#27;[39mDEBUG&amp#27;[0;39m [&amp#27;[34mmain&amp#27;[0;39m] &amp#27;[33morg.hibernate.type.BasicTypeRegistry&amp#27;[0;39m: Adding type registration row_version -> org.hibernate.type.RowVersionType@37d3e140
&amp#27;[30m2020-02-08 10:21:37,672&amp#27;[0;39m &amp#27;[39mDEBUG&amp#27;[0;39m [&amp#27;[34mmain&amp#27;[0;39m] &amp#27;[33morg.hibernate.type.BasicTypeRegistry&amp#27;[0;39m: Adding type registration image -> org.hibernate.type.ImageType@a3cba3a
&amp#27;[30m2020-02-08 10:21:37,672&amp#27;[0;39m &amp#27;[39mDEBUG&amp#27;[0;39m [&amp#27;[34mmain&amp#27;[0;39m] &amp#27;[33morg.hibernate.type.BasicTypeRegistry&amp#27;[0;39m: Adding type registration characters -> org.hibernate.type.CharArrayType@6169be09
&amp#27;[30m2020-02-08 10:21:37,672&amp#27;[0;39m &amp#27;[39mDEBUG&amp#27;[0;39m [&amp#27;[34mmain&amp#27;[0;39m] &amp#27;[33morg.hibernate.type.BasicTypeRegistry&amp#27;[0;39m: Adding type registration char[] -> org.hibernate.type.CharArrayType@6169be09
&amp#27;[30m2020-02-08 10:21:37,672&amp#27;[0;39m &amp#27;[39mDEBUG&amp#27;[0;39m [&amp#27;[34mmain&amp#27;[0;39m] &amp#27;[33morg.hibernate.type.BasicTypeRegistry&amp#27;[0;39m: Adding type registration [C -> org.hibernate.type.CharArrayType@6169be09
&amp#27;[30m2020-02-08 10:21:37,672&amp#27;[0;39m &amp#27;[39mDEBUG&amp#27;[0;39m [&amp#27;[34mmain&amp#27;[0;39m] &amp#27;[33morg.hibernate.type.BasicTypeRegistry&amp#27;[0;39m: Adding type registration wrapper-characters -> org.hibernate.type.CharacterArrayType@49c1e294
&amp#27;[30m2020-02-08 10:21:37,673&amp#27;[0;39m &amp#27;[39mDEBUG&amp#27;[0;39m [&amp#27;[34mmain&amp#27;[0;39m] &amp#27;[33morg.hibernate.type.BasicTypeRegistry&amp#27;[0;39m: Adding type registration [Ljava.lang.Character; -> org.hibernate.type.CharacterArrayType@49c1e294
&amp#27;[30m2020-02-08 10:21:37,673&amp#27;[0;39m &amp#27;[39mDEBUG&amp#27;[0;39m [&amp#27;[34mmain&amp#27;[0;39m] &amp#27;[33morg.hibernate.type.BasicTypeRegistry&amp#27;[0;39m: Adding type registration Character[] -> org.hibernate.type.CharacterArrayType@49c1e294
&amp#27;[30m2020-02-08 10:21:37,673&amp#27;[0;39m &amp#27;[39mDEBUG&amp#27;[0;39m [&amp#27;[34mmain&amp#27;[0;39m] &amp#27;[33morg.hibernate.type.BasicTypeRegistry&amp#27;[0;39m: Adding type registration text -> org.hibernate.type.TextType@124eb83d
&amp#27;[30m2020-02-08 10:21:37,673&amp#27;[0;39m &amp#27;[39mDEBUG&amp#27;[0;39m [&amp#27;[34mmain&amp#27;[0;39m] &amp#27;[33morg.hibernate.type.BasicTypeRegistry&amp#27;[0;39m: Adding type registration ntext -> org.hibernate.type.NTextType@4a22e4d7
&amp#27;[30m2020-02-08 10:21:37,673&amp#27;[0;39m &amp#27;[39mDEBUG&amp#27;[0;39m [&amp#27;[34mmain&amp#27;[0;39m] &amp#27;[33morg.hibernate.type.BasicTypeRegistry&amp#27;[0;39m: Adding type registration blob -> org.hibernate.type.BlobType@1e2445f6
&amp#27;[30m2020-02-08 10:21:37,674&amp#27;[0;39m &amp#27;[39mDEBUG&amp#27;[0;39m [&amp#27;[34mmain&amp#27;[0;39m] &amp#27;[33morg.hibernate.type.BasicTypeRegistry&amp#27;[0;39m: Adding type registration java.sql.Blob -> org.hibernate.type.BlobType@1e2445f6
&amp#27;[30m2020-02-08 10:21:37,674&amp#27;[0;39m &amp#27;[39mDEBUG&amp#27;[0;39m [&amp#27;[34mmain&amp#27;[0;39m] &amp#27;[33morg.hibernate.type.BasicTypeRegistry&amp#27;[0;39m: Adding type registration materialized_blob -> org.hibernate.type.MaterializedBlobType@6aea99e7
&amp#27;[30m2020-02-08 10:21:37,674&amp#27;[0;39m &amp#27;[39mDEBUG&amp#27;[0;39m [&amp#27;[34mmain&amp#27;[0;39m] &amp#27;[33morg.hibernate.type.BasicTypeRegistry&amp#27;[0;39m: Adding type registration clob -> org.hibernate.type.ClobType@39652a30
&amp#27;[30m2020-02-08 10:21:37,674&amp#27;[0;39m &amp#27;[39mDEBUG&amp#27;[0;39m [&amp#27;[34mmain&amp#27;[0;39m] &amp#27;[33morg.hibernate.type.BasicTypeRegistry&amp#27;[0;39m: Adding type registration java.sql.Clob -> org.hibernate.type.ClobType@39652a30
&amp#27;[30m2020-02-08 10:21:37,674&amp#27;[0;39m &amp#27;[39mDEBUG&amp#27;[0;39m [&amp#27;[34mmain&amp#27;[0;39m] &amp#27;[33morg.hibernate.type.BasicTypeRegistry&amp#27;[0;39m: Adding type registration nclob -> org.hibernate.type.NClobType@559991f5
&amp#27;[30m2020-02-08 10:21:37,674&amp#27;[0;39m &amp#27;[39mDEBUG&amp#27;[0;39m [&amp#27;[34mmain&amp#27;[0;39m] &amp#27;[33morg.hibernate.type.BasicTypeRegistry&amp#27;[0;39m: Adding type registration java.sql.NClob -> org.hibernate.type.NClobType@559991f5
&amp#27;[30m2020-02-08 10:21:37,675&amp#27;[0;39m &amp#27;[39mDEBUG&amp#27;[0;39m [&amp#27;[34mmain&amp#27;[0;39m] &amp#27;[33morg.hibernate.type.BasicTypeRegistry&amp#27;[0;39m: Adding type registration materialized_clob -> org.hibernate.type.MaterializedClobType@61d60e38
&amp#27;[30m2020-02-08 10:21:37,675&amp#27;[0;39m &amp#27;[39mDEBUG&amp#27;[0;39m [&amp#27;[34mmain&amp#27;[0;39m] &amp#27;[33morg.hibernate.type.BasicTypeRegistry&amp#27;[0;39m: Adding type registration materialized_nclob -> org.hibernate.type.MaterializedNClobType@20256a0b
&amp#27;[30m2020-02-08 10:21:37,675&amp#27;[0;39m &amp#27;[39mDEBUG&amp#27;[0;39m [&amp#27;[34mmain&amp#27;[0;39m] &amp#27;[33morg.hibernate.type.BasicTypeRegistry&amp#27;[0;39m: Adding type registration serializable -> org.hibernate.type.SerializableType@ceb7701
&amp#27;[30m2020-02-08 10:21:37,675&amp#27;[0;39m &amp#27;[39mDEBUG&amp#27;[0;39m [&amp#27;[34mmain&amp#27;[0;39m] &amp#27;[33morg.hibernate.type.BasicTypeRegistry&amp#27;[0;39m: Adding type registration object -> org.hibernate.type.ObjectType@61b60600
&amp#27;[30m2020-02-08 10:21:37,676&amp#27;[0;39m &amp#27;[39mDEBUG&amp#27;[0;39m [&amp#27;[34mmain&amp#27;[0;39m] &amp#27;[33morg.hibernate.type.BasicTypeRegistry&amp#27;[0;39m: Adding type registration java.lang.Object -> org.hibernate.type.ObjectType@61b60600
&amp#27;[30m2020-02-08 10:21:37,676&amp#27;[0;39m &amp#27;[39mDEBUG&amp#27;[0;39m [&amp#27;[34mmain&amp#27;[0;39m] &amp#27;[33morg.hibernate.type.BasicTypeRegistry&amp#27;[0;39m: Adding type registration imm_date -> org.hibernate.type.AdaptedImmutableType@6b8683b8
&amp#27;[30m2020-02-08 10:21:37,676&amp#27;[0;39m &amp#27;[39mDEBUG&amp#27;[0;39m [&amp#27;[34mmain&amp#27;[0;39m] &amp#27;[33morg.hibernate.type.BasicTypeRegistry&amp#27;[0;39m: Adding type registration imm_time -> org.hibernate.type.AdaptedImmutableType@495598c5
&amp#27;[30m2020-02-08 10:21:37,676&amp#27;[0;39m &amp#27;[39mDEBUG&amp#27;[0;39m [&amp#27;[34mmain&amp#27;[0;39m] &amp#27;[33morg.hibernate.type.BasicTypeRegistry&amp#27;[0;39m: Adding type registration imm_timestamp -> org.hibernate.type.AdaptedImmutableType@6e4ac3f5
&amp#27;[30m2020-02-08 10:21:37,676&amp#27;[0;39m &amp#27;[39mDEBUG&amp#27;[0;39m [&amp#27;[34mmain&amp#27;[0;39m] &amp#27;[33morg.hibernate.type.BasicTypeRegistry&amp#27;[0;39m: Adding type registration imm_dbtimestamp -> org.hibernate.type.AdaptedImmutableType@48dc06a9
&amp#27;[30m2020-02-08 10:21:37,677&amp#27;[0;39m &amp#27;[39mDEBUG&amp#27;[0;39m [&amp#27;[34mmain&amp#27;[0;39m] &amp#27;[33morg.hibernate.type.BasicTypeRegistry&amp#27;[0;39m: Adding type registration imm_calendar -> org.hibernate.type.AdaptedImmutableType@1798c749
&amp#27;[30m2020-02-08 10:21:37,677&amp#27;[0;39m &amp#27;[39mDEBUG&amp#27;[0;39m [&amp#27;[34mmain&amp#27;[0;39m] &amp#27;[33morg.hibernate.type.BasicTypeRegistry&amp#27;[0;39m: Adding type registration imm_calendar_date -> org.hibernate.type.AdaptedImmutableType@726ee6cf
&amp#27;[30m2020-02-08 10:21:37,677&amp#27;[0;39m &amp#27;[39mDEBUG&amp#27;[0;39m [&amp#27;[34mmain&amp#27;[0;39m] &amp#27;[33morg.hibernate.type.BasicTypeRegistry&amp#27;[0;39m: Adding type registration imm_binary -> org.hibernate.type.AdaptedImmutableType@4a83d61c
&amp#27;[30m2020-02-08 10:21:37,677&amp#27;[0;39m &amp#27;[39mDEBUG&amp#27;[0;39m [&amp#27;[34mmain&amp#27;[0;39m] &amp#27;[33morg.hibernate.type.BasicTypeRegistry&amp#27;[0;39m: Adding type registration imm_serializable -> org.hibernate.type.AdaptedImmutableType@624268ab
&amp#27;[30m2020-02-08 10:21:37,679&amp#27;[0;39m &amp#27;[39mDEBUG&amp#27;[0;39m [&amp#27;[34mmain&amp#27;[0;39m] &amp#27;[33morg.hibernate.boot.internal.BootstrapContextImpl&amp#27;[0;39m: Injecting JPA temp ClassLoader [org.springframework.instrument.classloading.SimpleThrowawayClassLoader@366c9912] into BootstrapContext; was [null]
&amp#27;[30m2020-02-08 10:21:37,679&amp#27;[0;39m &amp#27;[39mDEBUG&amp#27;[0;39m [&amp#27;[34mmain&amp#27;[0;39m] &amp#27;[33morg.hibernate.boot.internal.ClassLoaderAccessImpl&amp#27;[0;39m: ClassLoaderAccessImpl#injectTempClassLoader(org.springframework.instrument.classloading.SimpleThrowawayClassLoader@366c9912) [was null]
&amp#27;[30m2020-02-08 10:21:37,679&amp#27;[0;39m &amp#27;[39mDEBUG&amp#27;[0;39m [&amp#27;[34mmain&amp#27;[0;39m] &amp#27;[33morg.hibernate.boot.internal.BootstrapContextImpl&amp#27;[0;39m: Injecting ScanEnvironment [org.hibernate.jpa.boot.internal.StandardJpaScanEnvironmentImpl@628b9af5] into BootstrapContext; was [null]
&amp#27;[30m2020-02-08 10:21:37,680&amp#27;[0;39m &amp#27;[39mDEBUG&amp#27;[0;39m [&amp#27;[34mmain&amp#27;[0;39m] &amp#27;[33morg.hibernate.boot.internal.BootstrapContextImpl&amp#27;[0;39m: Injecting ScanOptions [org.hibernate.boot.archive.scan.internal.StandardScanOptions@137db13f] into BootstrapContext; was [org.hibernate.boot.archive.scan.internal.StandardScanOptions@2a3c3a04]
&amp#27;[30m2020-02-08 10:21:37,683&amp#27;[0;39m &amp#27;[39mDEBUG&amp#27;[0;39m [&amp#27;[34mmain&amp#27;[0;39m] &amp#27;[33morg.hibernate.boot.internal.BootstrapContextImpl&amp#27;[0;39m: Injecting JPA temp ClassLoader [null] into BootstrapContext; was [org.springframework.instrument.classloading.SimpleThrowawayClassLoader@366c9912]
&amp#27;[30m2020-02-08 10:21:37,683&amp#27;[0;39m &amp#27;[39mDEBUG&amp#27;[0;39m [&amp#27;[34mmain&amp#27;[0;39m] &amp#27;[33morg.hibernate.boot.internal.ClassLoaderAccessImpl&amp#27;[0;39m: ClassLoaderAccessImpl#injectTempClassLoader(null) [was org.springframework.instrument.classloading.SimpleThrowawayClassLoader@366c9912]
&amp#27;[30m2020-02-08 10:21:37,684&amp#27;[0;39m &amp#27;[39mDEBUG&amp#27;[0;39m [&amp#27;[34mmain&amp#27;[0;39m] &amp#27;[33morg.hibernate.id.factory.internal.DefaultIdentifierGeneratorFactory&amp#27;[0;39m: Registering IdentifierGenerator strategy [uuid2] -> [org.hibernate.id.UUIDGenerator]
&amp#27;[30m2020-02-08 10:21:37,684&amp#27;[0;39m &amp#27;[39mDEBUG&amp#27;[0;39m [&amp#27;[34mmain&amp#27;[0;39m] &amp#27;[33morg.hibernate.id.factory.internal.DefaultIdentifierGeneratorFactory&amp#27;[0;39m: Registering IdentifierGenerator strategy [guid] -> [org.hibernate.id.GUIDGenerator]
&amp#27;[30m2020-02-08 10:21:37,684&amp#27;[0;39m &amp#27;[39mDEBUG&amp#27;[0;39m [&amp#27;[34mmain&amp#27;[0;39m] &amp#27;[33morg.hibernate.id.factory.internal.DefaultIdentifierGeneratorFactory&amp#27;[0;39m: Registering IdentifierGenerator strategy [uuid] -> [org.hibernate.id.UUIDHexGenerator]
&amp#27;[30m2020-02-08 10:21:37,684&amp#27;[0;39m &amp#27;[39mDEBUG&amp#27;[0;39m [&amp#27;[34mmain&amp#27;[0;39m] &amp#27;[33morg.hibernate.id.factory.internal.DefaultIdentifierGeneratorFactory&amp#27;[0;39m: Registering IdentifierGenerator strategy [uuid.hex] -> [org.hibernate.id.UUIDHexGenerator]
&amp#27;[30m2020-02-08 10:21:37,684&amp#27;[0;39m &amp#27;[39mDEBUG&amp#27;[0;39m [&amp#27;[34mmain&amp#27;[0;39m] &amp#27;[33morg.hibernate.id.factory.internal.DefaultIdentifierGeneratorFactory&amp#27;[0;39m: Registering IdentifierGenerator strategy [assigned] -> [org.hibernate.id.Assigned]
&amp#27;[30m2020-02-08 10:21:37,684&amp#27;[0;39m &amp#27;[39mDEBUG&amp#27;[0;39m [&amp#27;[34mmain&amp#27;[0;39m] &amp#27;[33morg.hibernate.id.factory.internal.DefaultIdentifierGeneratorFactory&amp#27;[0;39m: Registering IdentifierGenerator strategy [identity] -> [org.hibernate.id.IdentityGenerator]
&amp#27;[30m2020-02-08 10:21:37,685&amp#27;[0;39m &amp#27;[39mDEBUG&amp#27;[0;39m [&amp#27;[34mmain&amp#27;[0;39m] &amp#27;[33morg.hibernate.id.factory.internal.DefaultIdentifierGeneratorFactory&amp#27;[0;39m: Registering IdentifierGenerator strategy [select] -> [org.hibernate.id.SelectGenerator]
&amp#27;[30m2020-02-08 10:21:37,685&amp#27;[0;39m &amp#27;[39mDEBUG&amp#27;[0;39m [&amp#27;[34mmain&amp#27;[0;39m] &amp#27;[33morg.hibernate.id.factory.internal.DefaultIdentifierGeneratorFactory&amp#27;[0;39m: Registering IdentifierGenerator strategy [sequence] -> [org.hibernate.id.enhanced.SequenceStyleGenerator]
&amp#27;[30m2020-02-08 10:21:37,685&amp#27;[0;39m &amp#27;[39mDEBUG&amp#27;[0;39m [&amp#27;[34mmain&amp#27;[0;39m] &amp#27;[33morg.hibernate.id.factory.internal.DefaultIdentifierGeneratorFactory&amp#27;[0;39m: Registering IdentifierGenerator strategy [seqhilo] -> [org.hibernate.id.SequenceHiLoGenerator]
&amp#27;[30m2020-02-08 10:21:37,685&amp#27;[0;39m &amp#27;[39mDEBUG&amp#27;[0;39m [&amp#27;[34mmain&amp#27;[0;39m] &amp#27;[33morg.hibernate.id.factory.internal.DefaultIdentifierGeneratorFactory&amp#27;[0;39m: Registering IdentifierGenerator strategy [increment] -> [org.hibernate.id.IncrementGenerator]
&amp#27;[30m2020-02-08 10:21:37,685&amp#27;[0;39m &amp#27;[39mDEBUG&amp#27;[0;39m [&amp#27;[34mmain&amp#27;[0;39m] &amp#27;[33morg.hibernate.id.factory.internal.DefaultIdentifierGeneratorFactory&amp#27;[0;39m: Registering IdentifierGenerator strategy [foreign] -> [org.hibernate.id.ForeignGenerator]
&amp#27;[30m2020-02-08 10:21:37,686&amp#27;[0;39m &amp#27;[39mDEBUG&amp#27;[0;39m [&amp#27;[34mmain&amp#27;[0;39m] &amp#27;[33morg.hibernate.id.factory.internal.DefaultIdentifierGeneratorFactory&amp#27;[0;39m: Registering IdentifierGenerator strategy [sequence-identity] -> [org.hibernate.id.SequenceIdentityGenerator]
&amp#27;[30m2020-02-08 10:21:37,686&amp#27;[0;39m &amp#27;[39mDEBUG&amp#27;[0;39m [&amp#27;[34mmain&amp#27;[0;39m] &amp#27;[33morg.hibernate.id.factory.internal.DefaultIdentifierGeneratorFactory&amp#27;[0;39m: Registering IdentifierGenerator strategy [enhanced-sequence] -> [org.hibernate.id.enhanced.SequenceStyleGenerator]
&amp#27;[30m2020-02-08 10:21:37,686&amp#27;[0;39m &amp#27;[39mDEBUG&amp#27;[0;39m [&amp#27;[34mmain&amp#27;[0;39m] &amp#27;[33morg.hibernate.id.factory.internal.DefaultIdentifierGeneratorFactory&amp#27;[0;39m: Registering IdentifierGenerator strategy [enhanced-table] -> [org.hibernate.id.enhanced.TableGenerator]
&amp#27;[30m2020-02-08 10:21:37,686&amp#27;[0;39m &amp#27;[39mDEBUG&amp#27;[0;39m [&amp#27;[34mmain&amp#27;[0;39m] &amp#27;[33morg.hibernate.engine.jdbc.env.internal.JdbcEnvironmentInitiator&amp#27;[0;39m: Database ->
       name : H2
    version : 1.4.199 (2019-03-13)
      major : 1
      minor : 4
&amp#27;[30m2020-02-08 10:21:37,687&amp#27;[0;39m &amp#27;[39mDEBUG&amp#27;[0;39m [&amp#27;[34mmain&amp#27;[0;39m] &amp#27;[33morg.hibernate.engine.jdbc.env.internal.JdbcEnvironmentInitiator&amp#27;[0;39m: Driver ->
       name : H2 JDBC Driver
    version : 1.4.199 (2019-03-13)
      major : 1
      minor : 4
&amp#27;[30m2020-02-08 10:21:37,687&amp#27;[0;39m &amp#27;[39mDEBUG&amp#27;[0;39m [&amp#27;[34mmain&amp#27;[0;39m] &amp#27;[33morg.jboss.logging.DelegatingBasicLogger&amp#27;[0;39m: JDBC version : 4.1
&amp#27;[30m2020-02-08 10:21:37,687&amp#27;[0;39m &amp#27;[34mINFO &amp#27;[0;39m [&amp#27;[34mmain&amp#27;[0;39m] &amp#27;[33morg.hibernate.dialect.Dialect&amp#27;[0;39m: HHH000400: Using dialect: org.hibernate.dialect.H2Dialect
&amp#27;[30m2020-02-08 10:21:37,694&amp#27;[0;39m &amp#27;[39mDEBUG&amp#27;[0;39m [&amp#27;[34mmain&amp#27;[0;39m] &amp#27;[33morg.hibernate.engine.jdbc.env.spi.IdentifierHelperBuilder&amp#27;[0;39m: JDBC driver metadata reported database stores quoted identifiers in neither upper, lower nor mixed case
&amp#27;[30m2020-02-08 10:21:37,696&amp#27;[0;39m &amp#27;[39mDEBUG&amp#27;[0;39m [&amp#27;[34mmain&amp#27;[0;39m] &amp#27;[33morg.hibernate.boot.model.relational.Namespace&amp#27;[0;39m: Created database namespace [logicalName=Name{catalog=null, schema=null}, physicalName=Name{catalog=null, schema=null}]
&amp#27;[30m2020-02-08 10:21:37,697&amp#27;[0;39m &amp#27;[39mDEBUG&amp#27;[0;39m [&amp#27;[34mmain&amp#27;[0;39m] &amp#27;[33morg.hibernate.type.spi.TypeConfiguration&amp#27;[0;39m: Scoping TypeConfiguration [org.hibernate.type.spi.TypeConfiguration@669b8190] to MetadataBuildingContext [org.hibernate.boot.internal.MetadataBuildingContextRootImpl@5fdcc63f]
&amp#27;[30m2020-02-08 10:21:37,698&amp#27;[0;39m &amp#27;[39mDEBUG&amp#27;[0;39m [&amp#27;[34mmain&amp#27;[0;39m] &amp#27;[33morg.hibernate.cfg.AnnotationBinder&amp#27;[0;39m: Binding entity from annotated class: in.rgukt.r081247.universityapi.entity.Course
&amp#27;[30m2020-02-08 10:21:37,698&amp#27;[0;39m &amp#27;[39mDEBUG&amp#27;[0;39m [&amp#27;[34mmain&amp#27;[0;39m] &amp#27;[33morg.hibernate.cfg.Ejb3Column&amp#27;[0;39m: Binding column: Ejb3DiscriminatorColumn{logicalColumnName'DTYPE', discriminatorTypeName='string'}
&amp#27;[30m2020-02-08 10:21:37,699&amp#27;[0;39m &amp#27;[39mDEBUG&amp#27;[0;39m [&amp#27;[34mmain&amp#27;[0;39m] &amp#27;[33morg.hibernate.cfg.annotations.EntityBinder&amp#27;[0;39m: Import with entity name Course
&amp#27;[30m2020-02-08 10:21:37,699&amp#27;[0;39m &amp#27;[39mDEBUG&amp#27;[0;39m [&amp#27;[34mmain&amp#27;[0;39m] &amp#27;[33morg.hibernate.cfg.annotations.EntityBinder&amp#27;[0;39m: Bind entity in.rgukt.r081247.universityapi.entity.Course on table course
&amp#27;[30m2020-02-08 10:21:37,700&amp#27;[0;39m &amp#27;[39mDEBUG&amp#27;[0;39m [&amp#27;[34mmain&amp#27;[0;39m] &amp#27;[33morg.hibernate.cfg.Ejb3Column&amp#27;[0;39m: Binding column: Ejb3Column{table=org.hibernate.mapping.Table(course), mappingColumn=id, insertable=true, updatable=true, unique=false}
&amp#27;[30m2020-02-08 10:21:37,701&amp#27;[0;39m &amp#27;[39mDEBUG&amp#27;[0;39m [&amp#27;[34mmain&amp#27;[0;39m] &amp#27;[33morg.hibernate.cfg.annotations.PropertyBinder&amp#27;[0;39m: MetadataSourceProcessor property id with lazy=false
&amp#27;[30m2020-02-08 10:21:37,701&amp#27;[0;39m &amp#27;[39mDEBUG&amp#27;[0;39m [&amp#27;[34mmain&amp#27;[0;39m] &amp#27;[33morg.hibernate.cfg.AbstractPropertyHolder&amp#27;[0;39m: Attempting to locate auto-apply AttributeConverter for property [in.rgukt.r081247.universityapi.entity.Course:id]
&amp#27;[30m2020-02-08 10:21:37,701&amp#27;[0;39m &amp#27;[39mDEBUG&amp#27;[0;39m [&amp#27;[34mmain&amp#27;[0;39m] &amp#27;[33morg.hibernate.cfg.annotations.SimpleValueBinder&amp#27;[0;39m: building SimpleValue for id
&amp#27;[30m2020-02-08 10:21:37,701&amp#27;[0;39m &amp#27;[39mDEBUG&amp#27;[0;39m [&amp#27;[34mmain&amp#27;[0;39m] &amp#27;[33morg.hibernate.cfg.annotations.PropertyBinder&amp#27;[0;39m: Building property id
&amp#27;[30m2020-02-08 10:21:37,702&amp#27;[0;39m &amp#27;[39mDEBUG&amp#27;[0;39m [&amp#27;[34mmain&amp#27;[0;39m] &amp#27;[33morg.hibernate.cfg.BinderHelper&amp#27;[0;39m: #makeIdGenerator(org.hibernate.mapping.SimpleValue([org.hibernate.mapping.Column(id)]), id, identity, , ...)
&amp#27;[30m2020-02-08 10:21:37,702&amp#27;[0;39m &amp#27;[39mDEBUG&amp#27;[0;39m [&amp#27;[34mmain&amp#27;[0;39m] &amp#27;[33morg.hibernate.cfg.Ejb3Column&amp#27;[0;39m: Binding column: Ejb3JoinColumn{logicalColumnName='DEPARTMENT_ID', referencedColumn='', mappedBy=''}
&amp#27;[30m2020-02-08 10:21:37,702&amp#27;[0;39m &amp#27;[39mDEBUG&amp#27;[0;39m [&amp#27;[34mmain&amp#27;[0;39m] &amp#27;[33morg.hibernate.cfg.Ejb3Column&amp#27;[0;39m: Binding column: Ejb3Column{table=org.hibernate.mapping.Table(course), mappingColumn=department, insertable=true, updatable=true, unique=false}
&amp#27;[30m2020-02-08 10:21:37,703&amp#27;[0;39m &amp#27;[39mDEBUG&amp#27;[0;39m [&amp#27;[34mmain&amp#27;[0;39m] &amp#27;[33morg.hibernate.cfg.annotations.PropertyBinder&amp#27;[0;39m: Building property department
&amp#27;[30m2020-02-08 10:21:37,703&amp#27;[0;39m &amp#27;[39mDEBUG&amp#27;[0;39m [&amp#27;[34mmain&amp#27;[0;39m] &amp#27;[33morg.hibernate.cfg.Ejb3Column&amp#27;[0;39m: Binding column: Ejb3Column{table=org.hibernate.mapping.Table(course), mappingColumn=name, insertable=true, updatable=true, unique=false}
&amp#27;[30m2020-02-08 10:21:37,703&amp#27;[0;39m &amp#27;[39mDEBUG&amp#27;[0;39m [&amp#27;[34mmain&amp#27;[0;39m] &amp#27;[33morg.hibernate.cfg.annotations.PropertyBinder&amp#27;[0;39m: MetadataSourceProcessor property name with lazy=false
&amp#27;[30m2020-02-08 10:21:37,704&amp#27;[0;39m &amp#27;[39mDEBUG&amp#27;[0;39m [&amp#27;[34mmain&amp#27;[0;39m] &amp#27;[33morg.hibernate.cfg.AbstractPropertyHolder&amp#27;[0;39m: Attempting to locate auto-apply AttributeConverter for property [in.rgukt.r081247.universityapi.entity.Course:name]
&amp#27;[30m2020-02-08 10:21:37,704&amp#27;[0;39m &amp#27;[39mDEBUG&amp#27;[0;39m [&amp#27;[34mmain&amp#27;[0;39m] &amp#27;[33morg.hibernate.cfg.annotations.SimpleValueBinder&amp#27;[0;39m: building SimpleValue for name
&amp#27;[30m2020-02-08 10:21:37,704&amp#27;[0;39m &amp#27;[39mDEBUG&amp#27;[0;39m [&amp#27;[34mmain&amp#27;[0;39m] &amp#27;[33morg.hibernate.cfg.annotations.PropertyBinder&amp#27;[0;39m: Building property name
&amp#27;[30m2020-02-08 10:21:37,704&amp#27;[0;39m &amp#27;[39mDEBUG&amp#27;[0;39m [&amp#27;[34mmain&amp#27;[0;39m] &amp#27;[33morg.hibernate.cfg.Ejb3Column&amp#27;[0;39m: Binding column: Ejb3Column{table=org.hibernate.mapping.Table(course), mappingColumn=null, insertable=true, updatable=true, unique=false}
&amp#27;[30m2020-02-08 10:21:37,705&amp#27;[0;39m &amp#27;[39mDEBUG&amp#27;[0;39m [&amp#27;[34mmain&amp#27;[0;39m] &amp#27;[33morg.hibernate.cfg.Ejb3Column&amp#27;[0;39m: Binding column: Ejb3Column{table=org.hibernate.mapping.Table(course), mappingColumn=element, insertable=true, updatable=true, unique=false}
&amp#27;[30m2020-02-08 10:21:37,705&amp#27;[0;39m &amp#27;[39mDEBUG&amp#27;[0;39m [&amp#27;[34mmain&amp#27;[0;39m] &amp#27;[33morg.hibernate.cfg.Ejb3Column&amp#27;[0;39m: Binding column: Ejb3Column{table=org.hibernate.mapping.Table(course), mappingColumn=students_key, insertable=true, updatable=true, unique=false}
&amp#27;[30m2020-02-08 10:21:37,705&amp#27;[0;39m &amp#27;[39mDEBUG&amp#27;[0;39m [&amp#27;[34mmain&amp#27;[0;39m] &amp#27;[33morg.hibernate.cfg.Ejb3Column&amp#27;[0;39m: Binding column: Ejb3JoinColumn{logicalColumnName='students_KEY', referencedColumn='null', mappedBy='null'}
&amp#27;[30m2020-02-08 10:21:37,706&amp#27;[0;39m &amp#27;[39mDEBUG&amp#27;[0;39m [&amp#27;[34mmain&amp#27;[0;39m] &amp#27;[33morg.hibernate.cfg.Ejb3Column&amp#27;[0;39m: Binding column: Ejb3JoinColumn{logicalColumnName='null', referencedColumn='null', mappedBy='courses'}
&amp#27;[30m2020-02-08 10:21:37,706&amp#27;[0;39m &amp#27;[39mDEBUG&amp#27;[0;39m [&amp#27;[34mmain&amp#27;[0;39m] &amp#27;[33morg.hibernate.cfg.Ejb3Column&amp#27;[0;39m: Binding column: Ejb3JoinColumn{logicalColumnName='null', referencedColumn='null', mappedBy='courses'}
&amp#27;[30m2020-02-08 10:21:37,706&amp#27;[0;39m &amp#27;[39mDEBUG&amp#27;[0;39m [&amp#27;[34mmain&amp#27;[0;39m] &amp#27;[33morg.hibernate.cfg.annotations.CollectionBinder&amp#27;[0;39m: Collection role: in.rgukt.r081247.universityapi.entity.Course.students
&amp#27;[30m2020-02-08 10:21:37,706&amp#27;[0;39m &amp#27;[39mDEBUG&amp#27;[0;39m [&amp#27;[34mmain&amp#27;[0;39m] &amp#27;[33morg.hibernate.cfg.annotations.PropertyBinder&amp#27;[0;39m: Building property students
&amp#27;[30m2020-02-08 10:21:37,707&amp#27;[0;39m &amp#27;[39mDEBUG&amp#27;[0;39m [&amp#27;[34mmain&amp#27;[0;39m] &amp#27;[33morg.hibernate.cfg.AnnotationBinder&amp#27;[0;39m: Binding entity from annotated class: in.rgukt.r081247.universityapi.entity.Department
&amp#27;[30m2020-02-08 10:21:37,707&amp#27;[0;39m &amp#27;[39mDEBUG&amp#27;[0;39m [&amp#27;[34mmain&amp#27;[0;39m] &amp#27;[33morg.hibernate.cfg.Ejb3Column&amp#27;[0;39m: Binding column: Ejb3DiscriminatorColumn{logicalColumnName'DTYPE', discriminatorTypeName='string'}
&amp#27;[30m2020-02-08 10:21:37,707&amp#27;[0;39m &amp#27;[39mDEBUG&amp#27;[0;39m [&amp#27;[34mmain&amp#27;[0;39m] &amp#27;[33morg.hibernate.cfg.annotations.EntityBinder&amp#27;[0;39m: Import with entity name Department
&amp#27;[30m2020-02-08 10:21:37,707&amp#27;[0;39m &amp#27;[39mDEBUG&amp#27;[0;39m [&amp#27;[34mmain&amp#27;[0;39m] &amp#27;[33morg.hibernate.cfg.annotations.EntityBinder&amp#27;[0;39m: Bind entity in.rgukt.r081247.universityapi.entity.Department on table department
&amp#27;[30m2020-02-08 10:21:37,708&amp#27;[0;39m &amp#27;[39mDEBUG&amp#27;[0;39m [&amp#27;[34mmain&amp#27;[0;39m] &amp#27;[33morg.hibernate.cfg.Ejb3Column&amp#27;[0;39m: Binding column: Ejb3Column{table=org.hibernate.mapping.Table(department), mappingColumn=id, insertable=true, updatable=true, unique=false}
&amp#27;[30m2020-02-08 10:21:37,709&amp#27;[0;39m &amp#27;[39mDEBUG&amp#27;[0;39m [&amp#27;[34mmain&amp#27;[0;39m] &amp#27;[33morg.hibernate.cfg.annotations.PropertyBinder&amp#27;[0;39m: MetadataSourceProcessor property id with lazy=false
&amp#27;[30m2020-02-08 10:21:37,709&amp#27;[0;39m &amp#27;[39mDEBUG&amp#27;[0;39m [&amp#27;[34mmain&amp#27;[0;39m] &amp#27;[33morg.hibernate.cfg.AbstractPropertyHolder&amp#27;[0;39m: Attempting to locate auto-apply AttributeConverter for property [in.rgukt.r081247.universityapi.entity.Department:id]
&amp#27;[30m2020-02-08 10:21:37,709&amp#27;[0;39m &amp#27;[39mDEBUG&amp#27;[0;39m [&amp#27;[34mmain&amp#27;[0;39m] &amp#27;[33morg.hibernate.cfg.annotations.SimpleValueBinder&amp#27;[0;39m: building SimpleValue for id
&amp#27;[30m2020-02-08 10:21:37,709&amp#27;[0;39m &amp#27;[39mDEBUG&amp#27;[0;39m [&amp#27;[34mmain&amp#27;[0;39m] &amp#27;[33morg.hibernate.cfg.annotations.PropertyBinder&amp#27;[0;39m: Building property id
&amp#27;[30m2020-02-08 10:21:37,710&amp#27;[0;39m &amp#27;[39mDEBUG&amp#27;[0;39m [&amp#27;[34mmain&amp#27;[0;39m] &amp#27;[33morg.hibernate.cfg.BinderHelper&amp#27;[0;39m: #makeIdGenerator(org.hibernate.mapping.SimpleValue([org.hibernate.mapping.Column(id)]), id, identity, , ...)
&amp#27;[30m2020-02-08 10:21:37,710&amp#27;[0;39m &amp#27;[39mDEBUG&amp#27;[0;39m [&amp#27;[34mmain&amp#27;[0;39m] &amp#27;[33morg.hibernate.cfg.Ejb3Column&amp#27;[0;39m: Binding column: Ejb3JoinColumn{logicalColumnName='null', referencedColumn='null', mappedBy='department'}
&amp#27;[30m2020-02-08 10:21:37,710&amp#27;[0;39m &amp#27;[39mDEBUG&amp#27;[0;39m [&amp#27;[34mmain&amp#27;[0;39m] &amp#27;[33morg.hibernate.cfg.Ejb3Column&amp#27;[0;39m: Binding column: Ejb3Column{table=org.hibernate.mapping.Table(department), mappingColumn=courses, insertable=true, updatable=true, unique=false}
&amp#27;[30m2020-02-08 10:21:37,711&amp#27;[0;39m &amp#27;[39mDEBUG&amp#27;[0;39m [&amp#27;[34mmain&amp#27;[0;39m] &amp#27;[33morg.hibernate.cfg.Ejb3Column&amp#27;[0;39m: Binding column: Ejb3Column{table=org.hibernate.mapping.Table(department), mappingColumn=null, insertable=true, updatable=true, unique=false}
&amp#27;[30m2020-02-08 10:21:37,711&amp#27;[0;39m &amp#27;[39mDEBUG&amp#27;[0;39m [&amp#27;[34mmain&amp#27;[0;39m] &amp#27;[33morg.hibernate.cfg.Ejb3Column&amp#27;[0;39m: Binding column: Ejb3Column{table=org.hibernate.mapping.Table(department), mappingColumn=element, insertable=true, updatable=true, unique=false}
&amp#27;[30m2020-02-08 10:21:37,711&amp#27;[0;39m &amp#27;[39mDEBUG&amp#27;[0;39m [&amp#27;[34mmain&amp#27;[0;39m] &amp#27;[33morg.hibernate.cfg.Ejb3Column&amp#27;[0;39m: Binding column: Ejb3Column{table=org.hibernate.mapping.Table(department), mappingColumn=courses_key, insertable=true, updatable=true, unique=false}
&amp#27;[30m2020-02-08 10:21:37,712&amp#27;[0;39m &amp#27;[39mDEBUG&amp#27;[0;39m [&amp#27;[34mmain&amp#27;[0;39m] &amp#27;[33morg.hibernate.cfg.Ejb3Column&amp#27;[0;39m: Binding column: Ejb3JoinColumn{logicalColumnName='courses_KEY', referencedColumn='null', mappedBy='null'}
&amp#27;[30m2020-02-08 10:21:37,712&amp#27;[0;39m &amp#27;[39mDEBUG&amp#27;[0;39m [&amp#27;[34mmain&amp#27;[0;39m] &amp#27;[33morg.hibernate.cfg.Ejb3Column&amp#27;[0;39m: Binding column: Ejb3JoinColumn{logicalColumnName='null', referencedColumn='null', mappedBy='department'}
&amp#27;[30m2020-02-08 10:21:37,712&amp#27;[0;39m &amp#27;[39mDEBUG&amp#27;[0;39m [&amp#27;[34mmain&amp#27;[0;39m] &amp#27;[33morg.hibernate.cfg.Ejb3Column&amp#27;[0;39m: Binding column: Ejb3JoinColumn{logicalColumnName='null', referencedColumn='null', mappedBy='department'}
&amp#27;[30m2020-02-08 10:21:37,712&amp#27;[0;39m &amp#27;[39mDEBUG&amp#27;[0;39m [&amp#27;[34mmain&amp#27;[0;39m] &amp#27;[33morg.hibernate.cfg.annotations.CollectionBinder&amp#27;[0;39m: Collection role: in.rgukt.r081247.universityapi.entity.Department.courses
&amp#27;[30m2020-02-08 10:21:37,712&amp#27;[0;39m &amp#27;[39mDEBUG&amp#27;[0;39m [&amp#27;[34mmain&amp#27;[0;39m] &amp#27;[33morg.hibernate.cfg.annotations.PropertyBinder&amp#27;[0;39m: Building property courses
&amp#27;[30m2020-02-08 10:21:37,713&amp#27;[0;39m &amp#27;[39mDEBUG&amp#27;[0;39m [&amp#27;[34mmain&amp#27;[0;39m] &amp#27;[33morg.hibernate.cfg.Ejb3Column&amp#27;[0;39m: Binding column: Ejb3Column{table=org.hibernate.mapping.Table(department), mappingColumn=name, insertable=true, updatable=true, unique=false}
&amp#27;[30m2020-02-08 10:21:37,713&amp#27;[0;39m &amp#27;[39mDEBUG&amp#27;[0;39m [&amp#27;[34mmain&amp#27;[0;39m] &amp#27;[33morg.hibernate.cfg.annotations.PropertyBinder&amp#27;[0;39m: MetadataSourceProcessor property name with lazy=false
&amp#27;[30m2020-02-08 10:21:37,713&amp#27;[0;39m &amp#27;[39mDEBUG&amp#27;[0;39m [&amp#27;[34mmain&amp#27;[0;39m] &amp#27;[33morg.hibernate.cfg.AbstractPropertyHolder&amp#27;[0;39m: Attempting to locate auto-apply AttributeConverter for property [in.rgukt.r081247.universityapi.entity.Department:name]
&amp#27;[30m2020-02-08 10:21:37,714&amp#27;[0;39m &amp#27;[39mDEBUG&amp#27;[0;39m [&amp#27;[34mmain&amp#27;[0;39m] &amp#27;[33morg.hibernate.cfg.annotations.SimpleValueBinder&amp#27;[0;39m: building SimpleValue for name
&amp#27;[30m2020-02-08 10:21:37,714&amp#27;[0;39m &amp#27;[39mDEBUG&amp#27;[0;39m [&amp#27;[34mmain&amp#27;[0;39m] &amp#27;[33morg.hibernate.cfg.annotations.PropertyBinder&amp#27;[0;39m: Building property name
&amp#27;[30m2020-02-08 10:21:37,714&amp#27;[0;39m &amp#27;[39mDEBUG&amp#27;[0;39m [&amp#27;[34mmain&amp#27;[0;39m] &amp#27;[33morg.hibernate.cfg.AnnotationBinder&amp#27;[0;39m: Binding entity from annotated class: in.rgukt.r081247.universityapi.entity.Student
&amp#27;[30m2020-02-08 10:21:37,714&amp#27;[0;39m &amp#27;[39mDEBUG&amp#27;[0;39m [&amp#27;[34mmain&amp#27;[0;39m] &amp#27;[33morg.hibernate.cfg.Ejb3Column&amp#27;[0;39m: Binding column: Ejb3DiscriminatorColumn{logicalColumnName'DTYPE', discriminatorTypeName='string'}
&amp#27;[30m2020-02-08 10:21:37,715&amp#27;[0;39m &amp#27;[39mDEBUG&amp#27;[0;39m [&amp#27;[34mmain&amp#27;[0;39m] &amp#27;[33morg.hibernate.cfg.annotations.EntityBinder&amp#27;[0;39m: Import with entity name Student
&amp#27;[30m2020-02-08 10:21:37,715&amp#27;[0;39m &amp#27;[39mDEBUG&amp#27;[0;39m [&amp#27;[34mmain&amp#27;[0;39m] &amp#27;[33morg.hibernate.cfg.annotations.EntityBinder&amp#27;[0;39m: Bind entity in.rgukt.r081247.universityapi.entity.Student on table student
&amp#27;[30m2020-02-08 10:21:37,716&amp#27;[0;39m &amp#27;[39mDEBUG&amp#27;[0;39m [&amp#27;[34mmain&amp#27;[0;39m] &amp#27;[33morg.hibernate.cfg.Ejb3Column&amp#27;[0;39m: Binding column: Ejb3Column{table=org.hibernate.mapping.Table(student), mappingColumn=id, insertable=true, updatable=true, unique=false}
&amp#27;[30m2020-02-08 10:21:37,716&amp#27;[0;39m &amp#27;[39mDEBUG&amp#27;[0;39m [&amp#27;[34mmain&amp#27;[0;39m] &amp#27;[33morg.hibernate.cfg.annotations.PropertyBinder&amp#27;[0;39m: MetadataSourceProcessor property id with lazy=false
&amp#27;[30m2020-02-08 10:21:37,717&amp#27;[0;39m &amp#27;[39mDEBUG&amp#27;[0;39m [&amp#27;[34mmain&amp#27;[0;39m] &amp#27;[33morg.hibernate.cfg.AbstractPropertyHolder&amp#27;[0;39m: Attempting to locate auto-apply AttributeConverter for property [in.rgukt.r081247.universityapi.entity.Student:id]
&amp#27;[30m2020-02-08 10:21:37,717&amp#27;[0;39m &amp#27;[39mDEBUG&amp#27;[0;39m [&amp#27;[34mmain&amp#27;[0;39m] &amp#27;[33morg.hibernate.cfg.annotations.SimpleValueBinder&amp#27;[0;39m: building SimpleValue for id
&amp#27;[30m2020-02-08 10:21:37,717&amp#27;[0;39m &amp#27;[39mDEBUG&amp#27;[0;39m [&amp#27;[34mmain&amp#27;[0;39m] &amp#27;[33morg.hibernate.cfg.annotations.PropertyBinder&amp#27;[0;39m: Building property id
&amp#27;[30m2020-02-08 10:21:37,717&amp#27;[0;39m &amp#27;[39mDEBUG&amp#27;[0;39m [&amp#27;[34mmain&amp#27;[0;39m] &amp#27;[33morg.hibernate.cfg.BinderHelper&amp#27;[0;39m: #makeIdGenerator(org.hibernate.mapping.SimpleValue([org.hibernate.mapping.Column(id)]), id, identity, , ...)
&amp#27;[30m2020-02-08 10:21:37,718&amp#27;[0;39m &amp#27;[39mDEBUG&amp#27;[0;39m [&amp#27;[34mmain&amp#27;[0;39m] &amp#27;[33morg.hibernate.cfg.Ejb3Column&amp#27;[0;39m: Binding column: Ejb3Column{table=org.hibernate.mapping.Table(student), mappingColumn=null, insertable=true, updatable=true, unique=false}
&amp#27;[30m2020-02-08 10:21:37,718&amp#27;[0;39m &amp#27;[39mDEBUG&amp#27;[0;39m [&amp#27;[34mmain&amp#27;[0;39m] &amp#27;[33morg.hibernate.cfg.Ejb3Column&amp#27;[0;39m: Binding column: Ejb3Column{table=org.hibernate.mapping.Table(student), mappingColumn=element, insertable=true, updatable=true, unique=false}
&amp#27;[30m2020-02-08 10:21:37,719&amp#27;[0;39m &amp#27;[39mDEBUG&amp#27;[0;39m [&amp#27;[34mmain&amp#27;[0;39m] &amp#27;[33morg.hibernate.cfg.Ejb3Column&amp#27;[0;39m: Binding column: Ejb3Column{table=org.hibernate.mapping.Table(student), mappingColumn=courses_key, insertable=true, updatable=true, unique=false}
&amp#27;[30m2020-02-08 10:21:37,719&amp#27;[0;39m &amp#27;[39mDEBUG&amp#27;[0;39m [&amp#27;[34mmain&amp#27;[0;39m] &amp#27;[33morg.hibernate.cfg.Ejb3Column&amp#27;[0;39m: Binding column: Ejb3JoinColumn{logicalColumnName='courses_KEY', referencedColumn='null', mappedBy='null'}
&amp#27;[30m2020-02-08 10:21:37,719&amp#27;[0;39m &amp#27;[39mDEBUG&amp#27;[0;39m [&amp#27;[34mmain&amp#27;[0;39m] &amp#27;[33morg.hibernate.cfg.Ejb3Column&amp#27;[0;39m: Binding column: Ejb3JoinColumn{logicalColumnName='STUDENT_ID', referencedColumn='', mappedBy=''}
&amp#27;[30m2020-02-08 10:21:37,720&amp#27;[0;39m &amp#27;[39mDEBUG&amp#27;[0;39m [&amp#27;[34mmain&amp#27;[0;39m] &amp#27;[33morg.hibernate.cfg.Ejb3Column&amp#27;[0;39m: Binding column: Ejb3JoinColumn{logicalColumnName='COURSE_ID', referencedColumn='', mappedBy=''}
&amp#27;[30m2020-02-08 10:21:37,720&amp#27;[0;39m &amp#27;[39mDEBUG&amp#27;[0;39m [&amp#27;[34mmain&amp#27;[0;39m] &amp#27;[33morg.hibernate.cfg.annotations.CollectionBinder&amp#27;[0;39m: Collection role: in.rgukt.r081247.universityapi.entity.Student.courses
&amp#27;[30m2020-02-08 10:21:37,720&amp#27;[0;39m &amp#27;[39mDEBUG&amp#27;[0;39m [&amp#27;[34mmain&amp#27;[0;39m] &amp#27;[33morg.hibernate.cfg.annotations.PropertyBinder&amp#27;[0;39m: Building property courses
&amp#27;[30m2020-02-08 10:21:37,721&amp#27;[0;39m &amp#27;[39mDEBUG&amp#27;[0;39m [&amp#27;[34mmain&amp#27;[0;39m] &amp#27;[33morg.hibernate.cfg.Ejb3Column&amp#27;[0;39m: Binding column: Ejb3Column{table=org.hibernate.mapping.Table(student), mappingColumn=dob, insertable=true, updatable=true, unique=false}
&amp#27;[30m2020-02-08 10:21:37,721&amp#27;[0;39m &amp#27;[39mDEBUG&amp#27;[0;39m [&amp#27;[34mmain&amp#27;[0;39m] &amp#27;[33morg.hibernate.cfg.annotations.PropertyBinder&amp#27;[0;39m: MetadataSourceProcessor property dob with lazy=false
&amp#27;[30m2020-02-08 10:21:37,721&amp#27;[0;39m &amp#27;[39mDEBUG&amp#27;[0;39m [&amp#27;[34mmain&amp#27;[0;39m] &amp#27;[33morg.hibernate.cfg.AbstractPropertyHolder&amp#27;[0;39m: Attempting to locate auto-apply AttributeConverter for property [in.rgukt.r081247.universityapi.entity.Student:dob]
&amp#27;[30m2020-02-08 10:21:37,721&amp#27;[0;39m &amp#27;[39mDEBUG&amp#27;[0;39m [&amp#27;[34mmain&amp#27;[0;39m] &amp#27;[33morg.hibernate.cfg.annotations.SimpleValueBinder&amp#27;[0;39m: building SimpleValue for dob
&amp#27;[30m2020-02-08 10:21:37,722&amp#27;[0;39m &amp#27;[39mDEBUG&amp#27;[0;39m [&amp#27;[34mmain&amp#27;[0;39m] &amp#27;[33morg.hibernate.cfg.annotations.PropertyBinder&amp#27;[0;39m: Building property dob
&amp#27;[30m2020-02-08 10:21:37,722&amp#27;[0;39m &amp#27;[39mDEBUG&amp#27;[0;39m [&amp#27;[34mmain&amp#27;[0;39m] &amp#27;[33morg.hibernate.cfg.Ejb3Column&amp#27;[0;39m: Binding column: Ejb3Column{table=org.hibernate.mapping.Table(student), mappingColumn=name, insertable=true, updatable=true, unique=false}
&amp#27;[30m2020-02-08 10:21:37,722&amp#27;[0;39m &amp#27;[39mDEBUG&amp#27;[0;39m [&amp#27;[34mmain&amp#27;[0;39m] &amp#27;[33morg.hibernate.cfg.annotations.PropertyBinder&amp#27;[0;39m: MetadataSourceProcessor property name with lazy=false
&amp#27;[30m2020-02-08 10:21:37,722&amp#27;[0;39m &amp#27;[39mDEBUG&amp#27;[0;39m [&amp#27;[34mmain&amp#27;[0;39m] &amp#27;[33morg.hibernate.cfg.AbstractPropertyHolder&amp#27;[0;39m: Attempting to locate auto-apply AttributeConverter for property [in.rgukt.r081247.universityapi.entity.Student:name]
&amp#27;[30m2020-02-08 10:21:37,723&amp#27;[0;39m &amp#27;[39mDEBUG&amp#27;[0;39m [&amp#27;[34mmain&amp#27;[0;39m] &amp#27;[33morg.hibernate.cfg.annotations.SimpleValueBinder&amp#27;[0;39m: building SimpleValue for name
&amp#27;[30m2020-02-08 10:21:37,723&amp#27;[0;39m &amp#27;[39mDEBUG&amp#27;[0;39m [&amp#27;[34mmain&amp#27;[0;39m] &amp#27;[33morg.hibernate.cfg.annotations.PropertyBinder&amp#27;[0;39m: Building property name
&amp#27;[30m2020-02-08 10:21:37,724&amp#27;[0;39m &amp#27;[39mDEBUG&amp#27;[0;39m [&amp#27;[34mmain&amp#27;[0;39m] &amp#27;[33morg.hibernate.cfg.annotations.SimpleValueBinder&amp#27;[0;39m: Starting fillSimpleValue for id
&amp#27;[30m2020-02-08 10:21:37,724&amp#27;[0;39m &amp#27;[39mDEBUG&amp#27;[0;39m [&amp#27;[34mmain&amp#27;[0;39m] &amp#27;[33morg.hibernate.cfg.annotations.SimpleValueBinder&amp#27;[0;39m: Starting fillSimpleValue for name
&amp#27;[30m2020-02-08 10:21:37,724&amp#27;[0;39m &amp#27;[39mDEBUG&amp#27;[0;39m [&amp#27;[34mmain&amp#27;[0;39m] &amp#27;[33morg.hibernate.cfg.annotations.SimpleValueBinder&amp#27;[0;39m: Starting fillSimpleValue for id
&amp#27;[30m2020-02-08 10:21:37,724&amp#27;[0;39m &amp#27;[39mDEBUG&amp#27;[0;39m [&amp#27;[34mmain&amp#27;[0;39m] &amp#27;[33morg.hibernate.cfg.annotations.SimpleValueBinder&amp#27;[0;39m: Starting fillSimpleValue for name
&amp#27;[30m2020-02-08 10:21:37,724&amp#27;[0;39m &amp#27;[39mDEBUG&amp#27;[0;39m [&amp#27;[34mmain&amp#27;[0;39m] &amp#27;[33morg.hibernate.cfg.annotations.SimpleValueBinder&amp#27;[0;39m: Starting fillSimpleValue for id
&amp#27;[30m2020-02-08 10:21:37,725&amp#27;[0;39m &amp#27;[39mDEBUG&amp#27;[0;39m [&amp#27;[34mmain&amp#27;[0;39m] &amp#27;[33morg.hibernate.cfg.annotations.SimpleValueBinder&amp#27;[0;39m: Starting fillSimpleValue for dob
&amp#27;[30m2020-02-08 10:21:37,744&amp#27;[0;39m &amp#27;[39mDEBUG&amp#27;[0;39m [&amp#27;[34mHikariPool-2 housekeeper&amp#27;[0;39m] &amp#27;[33mcom.zaxxer.hikari.pool.HikariPool&amp#27;[0;39m: HikariPool-2 - Pool stats (total=1, active=0, idle=1, waiting=0)
&amp#27;[30m2020-02-08 10:21:37,745&amp#27;[0;39m &amp#27;[39mDEBUG&amp#27;[0;39m [&amp#27;[34mmain&amp#27;[0;39m] &amp#27;[33morg.hibernate.cfg.annotations.SimpleValueBinder&amp#27;[0;39m: Starting fillSimpleValue for name
&amp#27;[30m2020-02-08 10:21:37,746&amp#27;[0;39m &amp#27;[39mDEBUG&amp#27;[0;39m [&amp#27;[34mmain&amp#27;[0;39m] &amp#27;[33morg.hibernate.mapping.PrimaryKey&amp#27;[0;39m: Forcing column [id] to be non-null as it is part of the primary key for table [course]
&amp#27;[30m2020-02-08 10:21:37,746&amp#27;[0;39m &amp#27;[39mDEBUG&amp#27;[0;39m [&amp#27;[34mmain&amp#27;[0;39m] &amp#27;[33morg.hibernate.mapping.PrimaryKey&amp#27;[0;39m: Forcing column [id] to be non-null as it is part of the primary key for table [department]
&amp#27;[30m2020-02-08 10:21:37,747&amp#27;[0;39m &amp#27;[39mDEBUG&amp#27;[0;39m [&amp#27;[34mmain&amp#27;[0;39m] &amp#27;[33morg.hibernate.mapping.PrimaryKey&amp#27;[0;39m: Forcing column [id] to be non-null as it is part of the primary key for table [student]
&amp#27;[30m2020-02-08 10:21:37,747&amp#27;[0;39m &amp#27;[39mDEBUG&amp#27;[0;39m [&amp#27;[34mmain&amp#27;[0;39m] &amp#27;[33morg.hibernate.cfg.CollectionSecondPass&amp#27;[0;39m: Second pass for collection: in.rgukt.r081247.universityapi.entity.Student.courses
&amp#27;[30m2020-02-08 10:21:37,747&amp#27;[0;39m &amp#27;[39mDEBUG&amp#27;[0;39m [&amp#27;[34mmain&amp#27;[0;39m] &amp#27;[33morg.hibernate.cfg.annotations.CollectionBinder&amp#27;[0;39m: Binding as ManyToMany: in.rgukt.r081247.universityapi.entity.Student.courses
&amp#27;[30m2020-02-08 10:21:37,748&amp#27;[0;39m &amp#27;[39mDEBUG&amp#27;[0;39m [&amp#27;[34mmain&amp#27;[0;39m] &amp#27;[33morg.hibernate.mapping.PrimaryKey&amp#27;[0;39m: Forcing column [student_id] to be non-null as it is part of the primary key for table [student_course]
&amp#27;[30m2020-02-08 10:21:37,748&amp#27;[0;39m &amp#27;[39mDEBUG&amp#27;[0;39m [&amp#27;[34mmain&amp#27;[0;39m] &amp#27;[33morg.hibernate.mapping.PrimaryKey&amp#27;[0;39m: Forcing column [course_id] to be non-null as it is part of the primary key for table [student_course]
&amp#27;[30m2020-02-08 10:21:37,748&amp#27;[0;39m &amp#27;[39mDEBUG&amp#27;[0;39m [&amp#27;[34mmain&amp#27;[0;39m] &amp#27;[33morg.hibernate.cfg.CollectionSecondPass&amp#27;[0;39m: Mapped collection key: student_id, element: course_id
&amp#27;[30m2020-02-08 10:21:37,749&amp#27;[0;39m &amp#27;[39mDEBUG&amp#27;[0;39m [&amp#27;[34mmain&amp#27;[0;39m] &amp#27;[33morg.hibernate.cfg.CollectionSecondPass&amp#27;[0;39m: Second pass for collection: in.rgukt.r081247.universityapi.entity.Course.students
&amp#27;[30m2020-02-08 10:21:37,749&amp#27;[0;39m &amp#27;[39mDEBUG&amp#27;[0;39m [&amp#27;[34mmain&amp#27;[0;39m] &amp#27;[33morg.hibernate.cfg.annotations.CollectionBinder&amp#27;[0;39m: Binding as ManyToMany: in.rgukt.r081247.universityapi.entity.Course.students
&amp#27;[30m2020-02-08 10:21:37,749&amp#27;[0;39m &amp#27;[39mDEBUG&amp#27;[0;39m [&amp#27;[34mmain&amp#27;[0;39m] &amp#27;[33morg.hibernate.cfg.annotations.TableBinder&amp#27;[0;39m: Retrieving property in.rgukt.r081247.universityapi.entity.Student.courses
&amp#27;[30m2020-02-08 10:21:37,750&amp#27;[0;39m &amp#27;[39mDEBUG&amp#27;[0;39m [&amp#27;[34mmain&amp#27;[0;39m] &amp#27;[33morg.hibernate.cfg.CollectionSecondPass&amp#27;[0;39m: Mapped collection key: course_id, element: student_id
&amp#27;[30m2020-02-08 10:21:37,750&amp#27;[0;39m &amp#27;[39mDEBUG&amp#27;[0;39m [&amp#27;[34mmain&amp#27;[0;39m] &amp#27;[33morg.hibernate.cfg.CollectionSecondPass&amp#27;[0;39m: Second pass for collection: in.rgukt.r081247.universityapi.entity.Department.courses
&amp#27;[30m2020-02-08 10:21:37,751&amp#27;[0;39m &amp#27;[39mDEBUG&amp#27;[0;39m [&amp#27;[34mmain&amp#27;[0;39m] &amp#27;[33morg.hibernate.cfg.annotations.CollectionBinder&amp#27;[0;39m: Binding a OneToMany: in.rgukt.r081247.universityapi.entity.Department.courses through a foreign key
&amp#27;[30m2020-02-08 10:21:37,751&amp#27;[0;39m &amp#27;[39mDEBUG&amp#27;[0;39m [&amp#27;[34mmain&amp#27;[0;39m] &amp#27;[33morg.hibernate.cfg.annotations.CollectionBinder&amp#27;[0;39m: Mapping collection: in.rgukt.r081247.universityapi.entity.Department.courses -> course
&amp#27;[30m2020-02-08 10:21:37,751&amp#27;[0;39m &amp#27;[39mDEBUG&amp#27;[0;39m [&amp#27;[34mmain&amp#27;[0;39m] &amp#27;[33morg.hibernate.cfg.annotations.TableBinder&amp#27;[0;39m: Retrieving property in.rgukt.r081247.universityapi.entity.Course.department
&amp#27;[30m2020-02-08 10:21:37,751&amp#27;[0;39m &amp#27;[39mDEBUG&amp#27;[0;39m [&amp#27;[34mmain&amp#27;[0;39m] &amp#27;[33morg.hibernate.cfg.CollectionSecondPass&amp#27;[0;39m: Mapped collection key: department_id, one-to-many: in.rgukt.r081247.universityapi.entity.Course
&amp#27;[30m2020-02-08 10:21:37,752&amp#27;[0;39m &amp#27;[39mDEBUG&amp#27;[0;39m [&amp#27;[34mmain&amp#27;[0;39m] &amp#27;[33morg.hibernate.boot.internal.InFlightMetadataCollectorImpl&amp#27;[0;39m: Resolving reference to class: in.rgukt.r081247.universityapi.entity.Department
&amp#27;[30m2020-02-08 10:21:37,752&amp#27;[0;39m &amp#27;[39mDEBUG&amp#27;[0;39m [&amp#27;[34mmain&amp#27;[0;39m] &amp#27;[33morg.hibernate.boot.internal.InFlightMetadataCollectorImpl&amp#27;[0;39m: Resolving reference to class: in.rgukt.r081247.universityapi.entity.Course
&amp#27;[30m2020-02-08 10:21:37,755&amp#27;[0;39m &amp#27;[39mDEBUG&amp#27;[0;39m [&amp#27;[34mmain&amp#27;[0;39m] &amp#27;[33morg.hibernate.boot.internal.InFlightMetadataCollectorImpl&amp#27;[0;39m: Resolving reference to class: in.rgukt.r081247.universityapi.entity.Student
&amp#27;[30m2020-02-08 10:21:37,756&amp#27;[0;39m &amp#27;[39mDEBUG&amp#27;[0;39m [&amp#27;[34mmain&amp#27;[0;39m] &amp#27;[33morg.hibernate.boot.internal.InFlightMetadataCollectorImpl&amp#27;[0;39m: Resolving reference to class: in.rgukt.r081247.universityapi.entity.Department
&amp#27;[30m2020-02-08 10:21:37,757&amp#27;[0;39m &amp#27;[39mDEBUG&amp#27;[0;39m [&amp#27;[34mmain&amp#27;[0;39m] &amp#27;[33morg.hibernate.boot.internal.InFlightMetadataCollectorImpl&amp#27;[0;39m: Resolving reference to class: in.rgukt.r081247.universityapi.entity.Course
&amp#27;[30m2020-02-08 10:21:37,757&amp#27;[0;39m &amp#27;[39mDEBUG&amp#27;[0;39m [&amp#27;[34mmain&amp#27;[0;39m] &amp#27;[33morg.hibernate.boot.internal.InFlightMetadataCollectorImpl&amp#27;[0;39m: Resolving reference to class: in.rgukt.r081247.universityapi.entity.Student
&amp#27;[30m2020-02-08 10:21:37,760&amp#27;[0;39m &amp#27;[39mDEBUG&amp#27;[0;39m [&amp#27;[34mmain&amp#27;[0;39m] &amp#27;[33morg.hibernate.internal.SessionFactoryImpl&amp#27;[0;39m: Building session factory
&amp#27;[30m2020-02-08 10:21:37,748&amp#27;[0;39m &amp#27;[39mDEBUG&amp#27;[0;39m [&amp#27;[34mHikariPool-2 connection adder&amp#27;[0;39m] &amp#27;[33mcom.zaxxer.hikari.pool.HikariPool$PoolEntryCreator&amp#27;[0;39m: HikariPool-2 - Added connection conn19: url=jdbc:h2:mem:db user=SA
&amp#27;[30m2020-02-08 10:21:37,760&amp#27;[0;39m &amp#27;[39mDEBUG&amp#27;[0;39m [&amp#27;[34mmain&amp#27;[0;39m] &amp#27;[33morg.hibernate.cfg.Settings&amp#27;[0;39m: SessionFactory name : null
&amp#27;[30m2020-02-08 10:21:37,760&amp#27;[0;39m &amp#27;[39mDEBUG&amp#27;[0;39m [&amp#27;[34mmain&amp#27;[0;39m] &amp#27;[33morg.hibernate.cfg.Settings&amp#27;[0;39m: Automatic flush during beforeCompletion(): enabled
&amp#27;[30m2020-02-08 10:21:37,761&amp#27;[0;39m &amp#27;[39mDEBUG&amp#27;[0;39m [&amp#27;[34mmain&amp#27;[0;39m] &amp#27;[33morg.hibernate.cfg.Settings&amp#27;[0;39m: Automatic session close at end of transaction: disabled
&amp#27;[30m2020-02-08 10:21:37,761&amp#27;[0;39m &amp#27;[39mDEBUG&amp#27;[0;39m [&amp#27;[34mmain&amp#27;[0;39m] &amp#27;[33morg.hibernate.cfg.Settings&amp#27;[0;39m: Statistics: disabled
&amp#27;[30m2020-02-08 10:21:37,761&amp#27;[0;39m &amp#27;[39mDEBUG&amp#27;[0;39m [&amp#27;[34mHikariPool-2 connection adder&amp#27;[0;39m] &amp#27;[33mcom.zaxxer.hikari.pool.HikariPool$PoolEntryCreator&amp#27;[0;39m: HikariPool-2 - Added connection conn20: url=jdbc:h2:mem:db user=SA
&amp#27;[30m2020-02-08 10:21:37,761&amp#27;[0;39m &amp#27;[39mDEBUG&amp#27;[0;39m [&amp#27;[34mmain&amp#27;[0;39m] &amp#27;[33morg.hibernate.cfg.Settings&amp#27;[0;39m: Deleted entity synthetic identifier rollback: disabled
&amp#27;[30m2020-02-08 10:21:37,762&amp#27;[0;39m &amp#27;[39mDEBUG&amp#27;[0;39m [&amp#27;[34mmain&amp#27;[0;39m] &amp#27;[33morg.hibernate.cfg.Settings&amp#27;[0;39m: Default entity-mode: pojo
&amp#27;[30m2020-02-08 10:21:37,763&amp#27;[0;39m &amp#27;[39mDEBUG&amp#27;[0;39m [&amp#27;[34mmain&amp#27;[0;39m] &amp#27;[33morg.hibernate.cfg.Settings&amp#27;[0;39m: Check Nullability in Core (should be disabled when Bean Validation is on): enabled
&amp#27;[30m2020-02-08 10:21:37,763&amp#27;[0;39m &amp#27;[39mDEBUG&amp#27;[0;39m [&amp#27;[34mmain&amp#27;[0;39m] &amp#27;[33morg.hibernate.cfg.Settings&amp#27;[0;39m: Allow initialization of lazy state outside session : disabled
&amp#27;[30m2020-02-08 10:21:37,763&amp#27;[0;39m &amp#27;[39mDEBUG&amp#27;[0;39m [&amp#27;[34mmain&amp#27;[0;39m] &amp#27;[33morg.hibernate.cfg.Settings&amp#27;[0;39m: Using BatchFetchStyle : LEGACY
&amp#27;[30m2020-02-08 10:21:37,763&amp#27;[0;39m &amp#27;[39mDEBUG&amp#27;[0;39m [&amp#27;[34mmain&amp#27;[0;39m] &amp#27;[33morg.hibernate.cfg.Settings&amp#27;[0;39m: Default batch fetch size: -1
&amp#27;[30m2020-02-08 10:21:37,764&amp#27;[0;39m &amp#27;[39mDEBUG&amp#27;[0;39m [&amp#27;[34mmain&amp#27;[0;39m] &amp#27;[33morg.hibernate.cfg.Settings&amp#27;[0;39m: Maximum outer join fetch depth: null
&amp#27;[30m2020-02-08 10:21:37,764&amp#27;[0;39m &amp#27;[39mDEBUG&amp#27;[0;39m [&amp#27;[34mmain&amp#27;[0;39m] &amp#27;[33morg.hibernate.cfg.Settings&amp#27;[0;39m: Default null ordering: NONE
&amp#27;[30m2020-02-08 10:21:37,764&amp#27;[0;39m &amp#27;[39mDEBUG&amp#27;[0;39m [&amp#27;[34mmain&amp#27;[0;39m] &amp#27;[33morg.hibernate.cfg.Settings&amp#27;[0;39m: Order SQL updates by primary key: disabled
&amp#27;[30m2020-02-08 10:21:37,764&amp#27;[0;39m &amp#27;[39mDEBUG&amp#27;[0;39m [&amp#27;[34mmain&amp#27;[0;39m] &amp#27;[33morg.hibernate.cfg.Settings&amp#27;[0;39m: Order SQL inserts for batching: disabled
&amp#27;[30m2020-02-08 10:21:37,764&amp#27;[0;39m &amp#27;[39mDEBUG&amp#27;[0;39m [&amp#27;[34mmain&amp#27;[0;39m] &amp#27;[33morg.hibernate.cfg.Settings&amp#27;[0;39m: multi-tenancy strategy : NONE
&amp#27;[30m2020-02-08 10:21:37,764&amp#27;[0;39m &amp#27;[39mDEBUG&amp#27;[0;39m [&amp#27;[34mHikariPool-2 connection adder&amp#27;[0;39m] &amp#27;[33mcom.zaxxer.hikari.pool.HikariPool$PoolEntryCreator&amp#27;[0;39m: HikariPool-2 - Added connection conn21: url=jdbc:h2:mem:db user=SA
&amp#27;[30m2020-02-08 10:21:37,768&amp#27;[0;39m &amp#27;[39mDEBUG&amp#27;[0;39m [&amp#27;[34mHikariPool-2 connection adder&amp#27;[0;39m] &amp#27;[33mcom.zaxxer.hikari.pool.HikariPool$PoolEntryCreator&amp#27;[0;39m: HikariPool-2 - Added connection conn22: url=jdbc:h2:mem:db user=SA
&amp#27;[30m2020-02-08 10:21:37,769&amp#27;[0;39m &amp#27;[39mDEBUG&amp#27;[0;39m [&amp#27;[34mHikariPool-2 connection adder&amp#27;[0;39m] &amp#27;[33mcom.zaxxer.hikari.pool.HikariPool$PoolEntryCreator&amp#27;[0;39m: HikariPool-2 - Added connection conn23: url=jdbc:h2:mem:db user=SA
&amp#27;[30m2020-02-08 10:21:37,770&amp#27;[0;39m &amp#27;[39mDEBUG&amp#27;[0;39m [&amp#27;[34mHikariPool-2 connection adder&amp#27;[0;39m] &amp#27;[33mcom.zaxxer.hikari.pool.HikariPool$PoolEntryCreator&amp#27;[0;39m: HikariPool-2 - Added connection conn24: url=jdbc:h2:mem:db user=SA
&amp#27;[30m2020-02-08 10:21:37,771&amp#27;[0;39m &amp#27;[39mDEBUG&amp#27;[0;39m [&amp#27;[34mHikariPool-2 connection adder&amp#27;[0;39m] &amp#27;[33mcom.zaxxer.hikari.pool.HikariPool$PoolEntryCreator&amp#27;[0;39m: HikariPool-2 - Added connection conn25: url=jdbc:h2:mem:db user=SA
&amp#27;[30m2020-02-08 10:21:37,772&amp#27;[0;39m &amp#27;[39mDEBUG&amp#27;[0;39m [&amp#27;[34mHikariPool-2 connection adder&amp#27;[0;39m] &amp#27;[33mcom.zaxxer.hikari.pool.HikariPool$PoolEntryCreator&amp#27;[0;39m: HikariPool-2 - Added connection conn26: url=jdbc:h2:mem:db user=SA
&amp#27;[30m2020-02-08 10:21:37,764&amp#27;[0;39m &amp#27;[39mDEBUG&amp#27;[0;39m [&amp#27;[34mmain&amp#27;[0;39m] &amp#27;[33morg.hibernate.cfg.Settings&amp#27;[0;39m: JTA Track by Thread: enabled
&amp#27;[30m2020-02-08 10:21:37,774&amp#27;[0;39m &amp#27;[39mDEBUG&amp#27;[0;39m [&amp#27;[34mmain&amp#27;[0;39m] &amp#27;[33morg.hibernate.cfg.Settings&amp#27;[0;39m: Query language substitutions: {}
&amp#27;[30m2020-02-08 10:21:37,775&amp#27;[0;39m &amp#27;[39mDEBUG&amp#27;[0;39m [&amp#27;[34mmain&amp#27;[0;39m] &amp#27;[33morg.hibernate.cfg.Settings&amp#27;[0;39m: Named query checking : enabled
&amp#27;[30m2020-02-08 10:21:37,775&amp#27;[0;39m &amp#27;[39mDEBUG&amp#27;[0;39m [&amp#27;[34mmain&amp#27;[0;39m] &amp#27;[33morg.hibernate.cfg.Settings&amp#27;[0;39m: Second-level cache: disabled
&amp#27;[30m2020-02-08 10:21:37,775&amp#27;[0;39m &amp#27;[39mDEBUG&amp#27;[0;39m [&amp#27;[34mmain&amp#27;[0;39m] &amp#27;[33morg.hibernate.cfg.Settings&amp#27;[0;39m: Second-level query cache: disabled
&amp#27;[30m2020-02-08 10:21:37,775&amp#27;[0;39m &amp#27;[39mDEBUG&amp#27;[0;39m [&amp#27;[34mmain&amp#27;[0;39m] &amp#27;[33morg.hibernate.cfg.Settings&amp#27;[0;39m: Second-level query cache factory: null
&amp#27;[30m2020-02-08 10:21:37,775&amp#27;[0;39m &amp#27;[39mDEBUG&amp#27;[0;39m [&amp#27;[34mHikariPool-2 connection adder&amp#27;[0;39m] &amp#27;[33mcom.zaxxer.hikari.pool.HikariPool$PoolEntryCreator&amp#27;[0;39m: HikariPool-2 - Added connection conn27: url=jdbc:h2:mem:db user=SA
&amp#27;[30m2020-02-08 10:21:37,775&amp#27;[0;39m &amp#27;[39mDEBUG&amp#27;[0;39m [&amp#27;[34mmain&amp#27;[0;39m] &amp#27;[33morg.hibernate.cfg.Settings&amp#27;[0;39m: Second-level cache region prefix: null
&amp#27;[30m2020-02-08 10:21:37,776&amp#27;[0;39m &amp#27;[39mDEBUG&amp#27;[0;39m [&amp#27;[34mHikariPool-2 connection adder&amp#27;[0;39m] &amp#27;[33mcom.zaxxer.hikari.pool.HikariPool&amp#27;[0;39m: HikariPool-2 - After adding stats (total=10, active=0, idle=10, waiting=0)
&amp#27;[30m2020-02-08 10:21:37,776&amp#27;[0;39m &amp#27;[39mDEBUG&amp#27;[0;39m [&amp#27;[34mmain&amp#27;[0;39m] &amp#27;[33morg.hibernate.cfg.Settings&amp#27;[0;39m: Optimize second-level cache for minimal puts: disabled
&amp#27;[30m2020-02-08 10:21:37,776&amp#27;[0;39m &amp#27;[39mDEBUG&amp#27;[0;39m [&amp#27;[34mmain&amp#27;[0;39m] &amp#27;[33morg.hibernate.cfg.Settings&amp#27;[0;39m: Structured second-level cache entries: disabled
&amp#27;[30m2020-02-08 10:21:37,776&amp#27;[0;39m &amp#27;[39mDEBUG&amp#27;[0;39m [&amp#27;[34mmain&amp#27;[0;39m] &amp#27;[33morg.hibernate.cfg.Settings&amp#27;[0;39m: Second-level cache direct-reference entries: disabled
&amp#27;[30m2020-02-08 10:21:37,776&amp#27;[0;39m &amp#27;[39mDEBUG&amp#27;[0;39m [&amp#27;[34mmain&amp#27;[0;39m] &amp#27;[33morg.hibernate.cfg.Settings&amp#27;[0;39m: Automatic eviction of collection cache: disabled
&amp#27;[30m2020-02-08 10:21:37,776&amp#27;[0;39m &amp#27;[39mDEBUG&amp#27;[0;39m [&amp#27;[34mmain&amp#27;[0;39m] &amp#27;[33morg.hibernate.cfg.Settings&amp#27;[0;39m: JDBC batch size: 15
&amp#27;[30m2020-02-08 10:21:37,777&amp#27;[0;39m &amp#27;[39mDEBUG&amp#27;[0;39m [&amp#27;[34mmain&amp#27;[0;39m] &amp#27;[33morg.hibernate.cfg.Settings&amp#27;[0;39m: JDBC batch updates for versioned data: enabled
&amp#27;[30m2020-02-08 10:21:37,777&amp#27;[0;39m &amp#27;[39mDEBUG&amp#27;[0;39m [&amp#27;[34mmain&amp#27;[0;39m] &amp#27;[33morg.hibernate.cfg.Settings&amp#27;[0;39m: Scrollable result sets: enabled
&amp#27;[30m2020-02-08 10:21:37,777&amp#27;[0;39m &amp#27;[39mDEBUG&amp#27;[0;39m [&amp#27;[34mmain&amp#27;[0;39m] &amp#27;[33morg.hibernate.cfg.Settings&amp#27;[0;39m: Wrap result sets: disabled
&amp#27;[30m2020-02-08 10:21:37,777&amp#27;[0;39m &amp#27;[39mDEBUG&amp#27;[0;39m [&amp#27;[34mmain&amp#27;[0;39m] &amp#27;[33morg.hibernate.cfg.Settings&amp#27;[0;39m: JDBC3 getGeneratedKeys(): enabled
&amp#27;[30m2020-02-08 10:21:37,777&amp#27;[0;39m &amp#27;[39mDEBUG&amp#27;[0;39m [&amp#27;[34mmain&amp#27;[0;39m] &amp#27;[33morg.hibernate.cfg.Settings&amp#27;[0;39m: JDBC result set fetch size: null
&amp#27;[30m2020-02-08 10:21:37,786&amp#27;[0;39m &amp#27;[39mDEBUG&amp#27;[0;39m [&amp#27;[34mmain&amp#27;[0;39m] &amp#27;[33morg.hibernate.cfg.Settings&amp#27;[0;39m: Connection release mode: ON_CLOSE
&amp#27;[30m2020-02-08 10:21:37,786&amp#27;[0;39m &amp#27;[39mDEBUG&amp#27;[0;39m [&amp#27;[34mmain&amp#27;[0;39m] &amp#27;[33morg.hibernate.cfg.Settings&amp#27;[0;39m: Generate SQL with comments: disabled
&amp#27;[30m2020-02-08 10:21:37,786&amp#27;[0;39m &amp#27;[39mDEBUG&amp#27;[0;39m [&amp#27;[34mmain&amp#27;[0;39m] &amp#27;[33morg.hibernate.cfg.Settings&amp#27;[0;39m: JPA compliance - query : 
&amp#27;[30m2020-02-08 10:21:37,786&amp#27;[0;39m &amp#27;[39mDEBUG&amp#27;[0;39m [&amp#27;[34mmain&amp#27;[0;39m] &amp#27;[33morg.hibernate.cfg.Settings&amp#27;[0;39m: JPA compliance - closed-handling : 
&amp#27;[30m2020-02-08 10:21:37,787&amp#27;[0;39m &amp#27;[39mDEBUG&amp#27;[0;39m [&amp#27;[34mmain&amp#27;[0;39m] &amp#27;[33morg.hibernate.cfg.Settings&amp#27;[0;39m: JPA compliance - lists : 
&amp#27;[30m2020-02-08 10:21:37,787&amp#27;[0;39m &amp#27;[39mDEBUG&amp#27;[0;39m [&amp#27;[34mmain&amp#27;[0;39m] &amp#27;[33morg.hibernate.cfg.Settings&amp#27;[0;39m: JPA compliance - transactions : 
&amp#27;[30m2020-02-08 10:21:37,790&amp#27;[0;39m &amp#27;[39mDEBUG&amp#27;[0;39m [&amp#27;[34mmain&amp#27;[0;39m] &amp#27;[33morg.hibernate.internal.SessionFactoryImpl&amp#27;[0;39m: Session factory constructed with filter configurations : {}
&amp#27;[30m2020-02-08 10:21:37,791&amp#27;[0;39m &amp#27;[39mDEBUG&amp#27;[0;39m [&amp#27;[34mmain&amp#27;[0;39m] &amp#27;[33morg.hibernate.internal.SessionFactoryImpl&amp#27;[0;39m: Instantiating session factory with properties: {sun.desktop=gnome, awt.toolkit=sun.awt.X11.XToolkit, hibernate.format_sql=true, hibernate.id.new_generator_mappings=true, java.specification.version=11, sun.cpu.isalist=, hibernate.resource.beans.container=org.springframework.orm.hibernate5.SpringBeanContainer@1315d910, hibernate.connection.handling_mode=DELAYED_ACQUISITION_AND_HOLD, sun.jnu.encoding=UTF-8, hibernate.dialect=org.hibernate.dialect.H2Dialect, hibernate.implicit_naming_strategy=org.springframework.boot.orm.jpa.hibernate.SpringImplicitNamingStrategy, java.class.path=/home/vinod/Desktop/desk/projects/universityapi/target/test-classes:/home/vinod/Desktop/desk/projects/universityapi/target/classes:/home/vinod/.m2/repository/org/springframework/boot/spring-boot-starter-data-jpa/2.1.5.RELEASE/spring-boot-starter-data-jpa-2.1.5.RELEASE.jar:/home/vinod/.m2/repository/org/springframework/boot/spring-boot-starter-aop/2.1.5.RELEASE/spring-boot-starter-aop-2.1.5.RELEASE.jar:/home/vinod/.m2/repository/org/aspectj/aspectjweaver/1.9.4/aspectjweaver-1.9.4.jar:/home/vinod/.m2/repository/org/springframework/boot/spring-boot-starter-jdbc/2.1.5.RELEASE/spring-boot-starter-jdbc-2.1.5.RELEASE.jar:/home/vinod/.m2/repository/com/zaxxer/HikariCP/3.2.0/HikariCP-3.2.0.jar:/home/vinod/.m2/repository/org/springframework/spring-jdbc/5.1.7.RELEASE/spring-jdbc-5.1.7.RELEASE.jar:/home/vinod/.m2/repository/javax/transaction/javax.transaction-api/1.3/javax.transaction-api-1.3.jar:/home/vinod/.m2/repository/javax/xml/bind/jaxb-api/2.3.1/jaxb-api-2.3.1.jar:/home/vinod/.m2/repository/javax/activation/javax.activation-api/1.2.0/javax.activation-api-1.2.0.jar:/home/vinod/.m2/repository/org/hibernate/hibernate-core/5.3.10.Final/hibernate-core-5.3.10.Final.jar:/home/vinod/.m2/repository/org/jboss/logging/jboss-logging/3.3.2.Final/jboss-logging-3.3.2.Final.jar:/home/vinod/.m2/repository/javax/persistence/javax.persistence-api/2.2/javax.persistence-api-2.2.jar:/home/vinod/.m2/repository/org/javassist/javassist/3.23.2-GA/javassist-3.23.2-GA.jar:/home/vinod/.m2/repository/net/bytebuddy/byte-buddy/1.9.12/byte-buddy-1.9.12.jar:/home/vinod/.m2/repository/antlr/antlr/2.7.7/antlr-2.7.7.jar:/home/vinod/.m2/repository/org/jboss/jandex/2.0.5.Final/jandex-2.0.5.Final.jar:/home/vinod/.m2/repository/com/fasterxml/classmate/1.4.0/classmate-1.4.0.jar:/home/vinod/.m2/repository/org/dom4j/dom4j/2.1.1/dom4j-2.1.1.jar:/home/vinod/.m2/repository/org/hibernate/common/hibernate-commons-annotations/5.0.4.Final/hibernate-commons-annotations-5.0.4.Final.jar:/home/vinod/.m2/repository/org/springframework/data/spring-data-jpa/2.1.8.RELEASE/spring-data-jpa-2.1.8.RELEASE.jar:/home/vinod/.m2/repository/org/springframework/data/spring-data-commons/2.1.8.RELEASE/spring-data-commons-2.1.8.RELEASE.jar:/home/vinod/.m2/repository/org/springframework/spring-orm/5.1.7.RELEASE/spring-orm-5.1.7.RELEASE.jar:/home/vinod/.m2/repository/org/springframework/spring-context/5.1.7.RELEASE/spring-context-5.1.7.RELEASE.jar:/home/vinod/.m2/repository/org/springframework/spring-tx/5.1.7.RELEASE/spring-tx-5.1.7.RELEASE.jar:/home/vinod/.m2/repository/org/springframework/spring-beans/5.1.7.RELEASE/spring-beans-5.1.7.RELEASE.jar:/home/vinod/.m2/repository/org/slf4j/slf4j-api/1.7.26/slf4j-api-1.7.26.jar:/home/vinod/.m2/repository/org/springframework/spring-aspects/5.1.7.RELEASE/spring-aspects-5.1.7.RELEASE.jar:/home/vinod/.m2/repository/org/springframework/boot/spring-boot-starter-security/2.1.5.RELEASE/spring-boot-starter-security-2.1.5.RELEASE.jar:/home/vinod/.m2/repository/org/springframework/boot/spring-boot-starter/2.1.5.RELEASE/spring-boot-starter-2.1.5.RELEASE.jar:/home/vinod/.m2/repository/org/springframework/boot/spring-boot-starter-logging/2.1.5.RELEASE/spring-boot-starter-logging-2.1.5.RELEASE.jar:/home/vinod/.m2/repository/ch/qos/logback/logback-classic/1.2.3/logback-classic-1.2.3.jar:/home/vinod/.m2/repository/ch/qos/logback/logback-core/1.2.3/logback-core-1.2.3.jar:/home/vinod/.m2/repository/org/apache/logging/log4j/log4j-to-slf4j/2.11.2/log4j-to-slf4j-2.11.2.jar:/home/vinod/.m2/repository/org/apache/logging/log4j/log4j-api/2.11.2/log4j-api-2.11.2.jar:/home/vinod/.m2/repository/org/slf4j/jul-to-slf4j/1.7.26/jul-to-slf4j-1.7.26.jar:/home/vinod/.m2/repository/javax/annotation/javax.annotation-api/1.3.2/javax.annotation-api-1.3.2.jar:/home/vinod/.m2/repository/org/yaml/snakeyaml/1.23/snakeyaml-1.23.jar:/home/vinod/.m2/repository/org/springframework/spring-aop/5.1.7.RELEASE/spring-aop-5.1.7.RELEASE.jar:/home/vinod/.m2/repository/org/springframework/security/spring-security-config/5.1.5.RELEASE/spring-security-config-5.1.5.RELEASE.jar:/home/vinod/.m2/repository/org/springframework/security/spring-security-web/5.1.5.RELEASE/spring-security-web-5.1.5.RELEASE.jar:/home/vinod/.m2/repository/org/springframework/spring-expression/5.1.7.RELEASE/spring-expression-5.1.7.RELEASE.jar:/home/vinod/.m2/repository/org/springframework/boot/spring-boot-starter-web/2.1.5.RELEASE/spring-boot-starter-web-2.1.5.RELEASE.jar:/home/vinod/.m2/repository/org/springframework/boot/spring-boot-starter-json/2.1.5.RELEASE/spring-boot-starter-json-2.1.5.RELEASE.jar:/home/vinod/.m2/repository/com/fasterxml/jackson/core/jackson-databind/2.9.8/jackson-databind-2.9.8.jar:/home/vinod/.m2/repository/com/fasterxml/jackson/core/jackson-annotations/2.9.0/jackson-annotations-2.9.0.jar:/home/vinod/.m2/repository/com/fasterxml/jackson/core/jackson-core/2.9.8/jackson-core-2.9.8.jar:/home/vinod/.m2/repository/com/fasterxml/jackson/datatype/jackson-datatype-jdk8/2.9.8/jackson-datatype-jdk8-2.9.8.jar:/home/vinod/.m2/repository/com/fasterxml/jackson/datatype/jackson-datatype-jsr310/2.9.8/jackson-datatype-jsr310-2.9.8.jar:/home/vinod/.m2/repository/com/fasterxml/jackson/module/jackson-module-parameter-names/2.9.8/jackson-module-parameter-names-2.9.8.jar:/home/vinod/.m2/repository/org/springframework/boot/spring-boot-starter-tomcat/2.1.5.RELEASE/spring-boot-starter-tomcat-2.1.5.RELEASE.jar:/home/vinod/.m2/repository/org/apache/tomcat/embed/tomcat-embed-core/9.0.19/tomcat-embed-core-9.0.19.jar:/home/vinod/.m2/repository/org/apache/tomcat/embed/tomcat-embed-el/9.0.19/tomcat-embed-el-9.0.19.jar:/home/vinod/.m2/repository/org/apache/tomcat/embed/tomcat-embed-websocket/9.0.19/tomcat-embed-websocket-9.0.19.jar:/home/vinod/.m2/repository/org/hibernate/validator/hibernate-validator/6.0.16.Final/hibernate-validator-6.0.16.Final.jar:/home/vinod/.m2/repository/javax/validation/validation-api/2.0.1.Final/validation-api-2.0.1.Final.jar:/home/vinod/.m2/repository/org/springframework/spring-web/5.1.7.RELEASE/spring-web-5.1.7.RELEASE.jar:/home/vinod/.m2/repository/org/springframework/spring-webmvc/5.1.7.RELEASE/spring-webmvc-5.1.7.RELEASE.jar:/home/vinod/.m2/repository/mysql/mysql-connector-java/8.0.16/mysql-connector-java-8.0.16.jar:/home/vinod/.m2/repository/org/springframework/boot/spring-boot-starter-test/2.1.5.RELEASE/spring-boot-starter-test-2.1.5.RELEASE.jar:/home/vinod/.m2/repository/org/springframework/boot/spring-boot-test/2.1.5.RELEASE/spring-boot-test-2.1.5.RELEASE.jar:/home/vinod/.m2/repository/org/springframework/boot/spring-boot-test-autoconfigure/2.1.5.RELEASE/spring-boot-test-autoconfigure-2.1.5.RELEASE.jar:/home/vinod/.m2/repository/com/jayway/jsonpath/json-path/2.4.0/json-path-2.4.0.jar:/home/vinod/.m2/repository/net/minidev/json-smart/2.3/json-smart-2.3.jar:/home/vinod/.m2/repository/net/minidev/accessors-smart/1.2/accessors-smart-1.2.jar:/home/vinod/.m2/repository/org/ow2/asm/asm/5.0.4/asm-5.0.4.jar:/home/vinod/.m2/repository/junit/junit/4.12/junit-4.12.jar:/home/vinod/.m2/repository/org/assertj/assertj-core/3.11.1/assertj-core-3.11.1.jar:/home/vinod/.m2/repository/org/mockito/mockito-core/2.23.4/mockito-core-2.23.4.jar:/home/vinod/.m2/repository/net/bytebuddy/byte-buddy-agent/1.9.12/byte-buddy-agent-1.9.12.jar:/home/vinod/.m2/repository/org/objenesis/objenesis/2.6/objenesis-2.6.jar:/home/vinod/.m2/repository/org/hamcrest/hamcrest-core/1.3/hamcrest-core-1.3.jar:/home/vinod/.m2/repository/org/hamcrest/hamcrest-library/1.3/hamcrest-library-1.3.jar:/home/vinod/.m2/repository/org/skyscreamer/jsonassert/1.5.0/jsonassert-1.5.0.jar:/home/vinod/.m2/repository/com/vaadin/external/google/android-json/0.0.20131108.vaadin1/android-json-0.0.20131108.vaadin1.jar:/home/vinod/.m2/repository/org/springframework/spring-core/5.1.7.RELEASE/spring-core-5.1.7.RELEASE.jar:/home/vinod/.m2/repository/org/springframework/spring-jcl/5.1.7.RELEASE/spring-jcl-5.1.7.RELEASE.jar:/home/vinod/.m2/repository/org/springframework/spring-test/5.1.7.RELEASE/spring-test-5.1.7.RELEASE.jar:/home/vinod/.m2/repository/org/xmlunit/xmlunit-core/2.6.2/xmlunit-core-2.6.2.jar:/home/vinod/.m2/repository/com/h2database/h2/1.4.199/h2-1.4.199.jar:/home/vinod/.m2/repository/org/springframework/security/spring-security-test/5.1.5.RELEASE/spring-security-test-5.1.5.RELEASE.jar:/home/vinod/.m2/repository/org/springframework/security/spring-security-core/5.1.5.RELEASE/spring-security-core-5.1.5.RELEASE.jar:/home/vinod/.m2/repository/org/springframework/boot/spring-boot-devtools/2.1.5.RELEASE/spring-boot-devtools-2.1.5.RELEASE.jar:/home/vinod/.m2/repository/org/springframework/boot/spring-boot/2.1.5.RELEASE/spring-boot-2.1.5.RELEASE.jar:/home/vinod/.m2/repository/org/springframework/boot/spring-boot-autoconfigure/2.1.5.RELEASE/spring-boot-autoconfigure-2.1.5.RELEASE.jar:, java.vm.vendor=AdoptOpenJDK, sun.arch.data.model=64, java.vendor.url=https://adoptopenjdk.net/, user.timezone=Asia/Kolkata, os.name=Linux, java.vm.specification.version=11, javax.persistence.validation.mode=AUTO, sun.java.launcher=SUN_STANDARD, user.country=IN, sun.boot.library.path=/home/vinod/.sdkman/candidates/java/11.0.4.hs-adpt/lib, sun.java.command=/home/vinod/Desktop/desk/projects/universityapi/target/surefire/surefirebooter9337132622826742852.jar /home/vinod/Desktop/desk/projects/universityapi/target/surefire 2020-02-08T10-21-20_114-jvmRun1 surefire10272446337612567938tmp surefire_012652112760342641946tmp, hibernate.transaction.jta.platform=org.hibernate.engine.transaction.jta.platform.internal.NoJtaPlatform@7a79a5d6, javax.persistence.sharedCache.mode=UNSPECIFIED, jdk.debug=release, surefire.test.class.path=/home/vinod/Desktop/desk/projects/universityapi/target/test-classes:/home/vinod/Desktop/desk/projects/universityapi/target/classes:/home/vinod/.m2/repository/org/springframework/boot/spring-boot-starter-data-jpa/2.1.5.RELEASE/spring-boot-starter-data-jpa-2.1.5.RELEASE.jar:/home/vinod/.m2/repository/org/springframework/boot/spring-boot-starter-aop/2.1.5.RELEASE/spring-boot-starter-aop-2.1.5.RELEASE.jar:/home/vinod/.m2/repository/org/aspectj/aspectjweaver/1.9.4/aspectjweaver-1.9.4.jar:/home/vinod/.m2/repository/org/springframework/boot/spring-boot-starter-jdbc/2.1.5.RELEASE/spring-boot-starter-jdbc-2.1.5.RELEASE.jar:/home/vinod/.m2/repository/com/zaxxer/HikariCP/3.2.0/HikariCP-3.2.0.jar:/home/vinod/.m2/repository/org/springframework/spring-jdbc/5.1.7.RELEASE/spring-jdbc-5.1.7.RELEASE.jar:/home/vinod/.m2/repository/javax/transaction/javax.transaction-api/1.3/javax.transaction-api-1.3.jar:/home/vinod/.m2/repository/javax/xml/bind/jaxb-api/2.3.1/jaxb-api-2.3.1.jar:/home/vinod/.m2/repository/javax/activation/javax.activation-api/1.2.0/javax.activation-api-1.2.0.jar:/home/vinod/.m2/repository/org/hibernate/hibernate-core/5.3.10.Final/hibernate-core-5.3.10.Final.jar:/home/vinod/.m2/repository/org/jboss/logging/jboss-logging/3.3.2.Final/jboss-logging-3.3.2.Final.jar:/home/vinod/.m2/repository/javax/persistence/javax.persistence-api/2.2/javax.persistence-api-2.2.jar:/home/vinod/.m2/repository/org/javassist/javassist/3.23.2-GA/javassist-3.23.2-GA.jar:/home/vinod/.m2/repository/net/bytebuddy/byte-buddy/1.9.12/byte-buddy-1.9.12.jar:/home/vinod/.m2/repository/antlr/antlr/2.7.7/antlr-2.7.7.jar:/home/vinod/.m2/repository/org/jboss/jandex/2.0.5.Final/jandex-2.0.5.Final.jar:/home/vinod/.m2/repository/com/fasterxml/classmate/1.4.0/classmate-1.4.0.jar:/home/vinod/.m2/repository/org/dom4j/dom4j/2.1.1/dom4j-2.1.1.jar:/home/vinod/.m2/repository/org/hibernate/common/hibernate-commons-annotations/5.0.4.Final/hibernate-commons-annotations-5.0.4.Final.jar:/home/vinod/.m2/repository/org/springframework/data/spring-data-jpa/2.1.8.RELEASE/spring-data-jpa-2.1.8.RELEASE.jar:/home/vinod/.m2/repository/org/springframework/data/spring-data-commons/2.1.8.RELEASE/spring-data-commons-2.1.8.RELEASE.jar:/home/vinod/.m2/repository/org/springframework/spring-orm/5.1.7.RELEASE/spring-orm-5.1.7.RELEASE.jar:/home/vinod/.m2/repository/org/springframework/spring-context/5.1.7.RELEASE/spring-context-5.1.7.RELEASE.jar:/home/vinod/.m2/repository/org/springframework/spring-tx/5.1.7.RELEASE/spring-tx-5.1.7.RELEASE.jar:/home/vinod/.m2/repository/org/springframework/spring-beans/5.1.7.RELEASE/spring-beans-5.1.7.RELEASE.jar:/home/vinod/.m2/repository/org/slf4j/slf4j-api/1.7.26/slf4j-api-1.7.26.jar:/home/vinod/.m2/repository/org/springframework/spring-aspects/5.1.7.RELEASE/spring-aspects-5.1.7.RELEASE.jar:/home/vinod/.m2/repository/org/springframework/boot/spring-boot-starter-security/2.1.5.RELEASE/spring-boot-starter-security-2.1.5.RELEASE.jar:/home/vinod/.m2/repository/org/springframework/boot/spring-boot-starter/2.1.5.RELEASE/spring-boot-starter-2.1.5.RELEASE.jar:/home/vinod/.m2/repository/org/springframework/boot/spring-boot-starter-logging/2.1.5.RELEASE/spring-boot-starter-logging-2.1.5.RELEASE.jar:/home/vinod/.m2/repository/ch/qos/logback/logback-classic/1.2.3/logback-classic-1.2.3.jar:/home/vinod/.m2/repository/ch/qos/logback/logback-core/1.2.3/logback-core-1.2.3.jar:/home/vinod/.m2/repository/org/apache/logging/log4j/log4j-to-slf4j/2.11.2/log4j-to-slf4j-2.11.2.jar:/home/vinod/.m2/repository/org/apache/logging/log4j/log4j-api/2.11.2/log4j-api-2.11.2.jar:/home/vinod/.m2/repository/org/slf4j/jul-to-slf4j/1.7.26/jul-to-slf4j-1.7.26.jar:/home/vinod/.m2/repository/javax/annotation/javax.annotation-api/1.3.2/javax.annotation-api-1.3.2.jar:/home/vinod/.m2/repository/org/yaml/snakeyaml/1.23/snakeyaml-1.23.jar:/home/vinod/.m2/repository/org/springframework/spring-aop/5.1.7.RELEASE/spring-aop-5.1.7.RELEASE.jar:/home/vinod/.m2/repository/org/springframework/security/spring-security-config/5.1.5.RELEASE/spring-security-config-5.1.5.RELEASE.jar:/home/vinod/.m2/repository/org/springframework/security/spring-security-web/5.1.5.RELEASE/spring-security-web-5.1.5.RELEASE.jar:/home/vinod/.m2/repository/org/springframework/spring-expression/5.1.7.RELEASE/spring-expression-5.1.7.RELEASE.jar:/home/vinod/.m2/repository/org/springframework/boot/spring-boot-starter-web/2.1.5.RELEASE/spring-boot-starter-web-2.1.5.RELEASE.jar:/home/vinod/.m2/repository/org/springframework/boot/spring-boot-starter-json/2.1.5.RELEASE/spring-boot-starter-json-2.1.5.RELEASE.jar:/home/vinod/.m2/repository/com/fasterxml/jackson/core/jackson-databind/2.9.8/jackson-databind-2.9.8.jar:/home/vinod/.m2/repository/com/fasterxml/jackson/core/jackson-annotations/2.9.0/jackson-annotations-2.9.0.jar:/home/vinod/.m2/repository/com/fasterxml/jackson/core/jackson-core/2.9.8/jackson-core-2.9.8.jar:/home/vinod/.m2/repository/com/fasterxml/jackson/datatype/jackson-datatype-jdk8/2.9.8/jackson-datatype-jdk8-2.9.8.jar:/home/vinod/.m2/repository/com/fasterxml/jackson/datatype/jackson-datatype-jsr310/2.9.8/jackson-datatype-jsr310-2.9.8.jar:/home/vinod/.m2/repository/com/fasterxml/jackson/module/jackson-module-parameter-names/2.9.8/jackson-module-parameter-names-2.9.8.jar:/home/vinod/.m2/repository/org/springframework/boot/spring-boot-starter-tomcat/2.1.5.RELEASE/spring-boot-starter-tomcat-2.1.5.RELEASE.jar:/home/vinod/.m2/repository/org/apache/tomcat/embed/tomcat-embed-core/9.0.19/tomcat-embed-core-9.0.19.jar:/home/vinod/.m2/repository/org/apache/tomcat/embed/tomcat-embed-el/9.0.19/tomcat-embed-el-9.0.19.jar:/home/vinod/.m2/repository/org/apache/tomcat/embed/tomcat-embed-websocket/9.0.19/tomcat-embed-websocket-9.0.19.jar:/home/vinod/.m2/repository/org/hibernate/validator/hibernate-validator/6.0.16.Final/hibernate-validator-6.0.16.Final.jar:/home/vinod/.m2/repository/javax/validation/validation-api/2.0.1.Final/validation-api-2.0.1.Final.jar:/home/vinod/.m2/repository/org/springframework/spring-web/5.1.7.RELEASE/spring-web-5.1.7.RELEASE.jar:/home/vinod/.m2/repository/org/springframework/spring-webmvc/5.1.7.RELEASE/spring-webmvc-5.1.7.RELEASE.jar:/home/vinod/.m2/repository/mysql/mysql-connector-java/8.0.16/mysql-connector-java-8.0.16.jar:/home/vinod/.m2/repository/org/springframework/boot/spring-boot-starter-test/2.1.5.RELEASE/spring-boot-starter-test-2.1.5.RELEASE.jar:/home/vinod/.m2/repository/org/springframework/boot/spring-boot-test/2.1.5.RELEASE/spring-boot-test-2.1.5.RELEASE.jar:/home/vinod/.m2/repository/org/springframework/boot/spring-boot-test-autoconfigure/2.1.5.RELEASE/spring-boot-test-autoconfigure-2.1.5.RELEASE.jar:/home/vinod/.m2/repository/com/jayway/jsonpath/json-path/2.4.0/json-path-2.4.0.jar:/home/vinod/.m2/repository/net/minidev/json-smart/2.3/json-smart-2.3.jar:/home/vinod/.m2/repository/net/minidev/accessors-smart/1.2/accessors-smart-1.2.jar:/home/vinod/.m2/repository/org/ow2/asm/asm/5.0.4/asm-5.0.4.jar:/home/vinod/.m2/repository/junit/junit/4.12/junit-4.12.jar:/home/vinod/.m2/repository/org/assertj/assertj-core/3.11.1/assertj-core-3.11.1.jar:/home/vinod/.m2/repository/org/mockito/mockito-core/2.23.4/mockito-core-2.23.4.jar:/home/vinod/.m2/repository/net/bytebuddy/byte-buddy-agent/1.9.12/byte-buddy-agent-1.9.12.jar:/home/vinod/.m2/repository/org/objenesis/objenesis/2.6/objenesis-2.6.jar:/home/vinod/.m2/repository/org/hamcrest/hamcrest-core/1.3/hamcrest-core-1.3.jar:/home/vinod/.m2/repository/org/hamcrest/hamcrest-library/1.3/hamcrest-library-1.3.jar:/home/vinod/.m2/repository/org/skyscreamer/jsonassert/1.5.0/jsonassert-1.5.0.jar:/home/vinod/.m2/repository/com/vaadin/external/google/android-json/0.0.20131108.vaadin1/android-json-0.0.20131108.vaadin1.jar:/home/vinod/.m2/repository/org/springframework/spring-core/5.1.7.RELEASE/spring-core-5.1.7.RELEASE.jar:/home/vinod/.m2/repository/org/springframework/spring-jcl/5.1.7.RELEASE/spring-jcl-5.1.7.RELEASE.jar:/home/vinod/.m2/repository/org/springframework/spring-test/5.1.7.RELEASE/spring-test-5.1.7.RELEASE.jar:/home/vinod/.m2/repository/org/xmlunit/xmlunit-core/2.6.2/xmlunit-core-2.6.2.jar:/home/vinod/.m2/repository/com/h2database/h2/1.4.199/h2-1.4.199.jar:/home/vinod/.m2/repository/org/springframework/security/spring-security-test/5.1.5.RELEASE/spring-security-test-5.1.5.RELEASE.jar:/home/vinod/.m2/repository/org/springframework/security/spring-security-core/5.1.5.RELEASE/spring-security-core-5.1.5.RELEASE.jar:/home/vinod/.m2/repository/org/springframework/boot/spring-boot-devtools/2.1.5.RELEASE/spring-boot-devtools-2.1.5.RELEASE.jar:/home/vinod/.m2/repository/org/springframework/boot/spring-boot/2.1.5.RELEASE/spring-boot-2.1.5.RELEASE.jar:/home/vinod/.m2/repository/org/springframework/boot/spring-boot-autoconfigure/2.1.5.RELEASE/spring-boot-autoconfigure-2.1.5.RELEASE.jar:, sun.cpu.endian=little, user.home=/home/vinod, user.language=en, java.specification.vendor=Oracle Corporation, java.version.date=2019-07-16, java.home=/home/vinod/.sdkman/candidates/java/11.0.4.hs-adpt, file.separator=/, basedir=/home/vinod/Desktop/desk/projects/universityapi, java.vm.compressedOopsMode=32-bit, line.separator=
, java.specification.name=Java Platform API Specification, java.vm.specification.vendor=Oracle Corporation, hibernate.transaction.coordinator_class=class org.hibernate.resource.transaction.backend.jdbc.internal.JdbcResourceLocalTransactionCoordinatorBuilderImpl, java.awt.graphicsenv=sun.awt.X11GraphicsEnvironment, java.awt.headless=true, surefire.real.class.path=/home/vinod/Desktop/desk/projects/universityapi/target/surefire/surefirebooter9337132622826742852.jar, hibernate.hbm2ddl.auto=create, sun.management.compiler=HotSpot 64-Bit Tiered Compilers, java.runtime.version=11.0.4+11, user.name=vinod, path.separator=:, os.version=4.9.0-8-amd64, java.runtime.name=OpenJDK Runtime Environment, file.encoding=UTF-8, hibernate.ejb.persistenceUnitName=default, spring.beaninfo.ignore=true, java.vm.name=OpenJDK 64-Bit Server VM, java.vendor.version=AdoptOpenJDK, localRepository=/home/vinod/.m2/repository, java.vendor.url.bug=https://github.com/AdoptOpenJDK/openjdk-build/issues, java.io.tmpdir=/tmp, com.zaxxer.hikari.pool_number=1, java.version=11.0.4, hibernate.physical_naming_strategy=org.springframework.boot.orm.jpa.hibernate.SpringPhysicalNamingStrategy, user.dir=/home/vinod/Desktop/desk/projects/universityapi, os.arch=amd64, java.vm.specification.name=Java Virtual Machine Specification, PID=6772, java.awt.printerjob=sun.print.PSPrinterJob, idea.version2019.1.2=true, sun.os.patch.level=unknown, hibernate.boot.CfgXmlAccessService.key=org.hibernate.boot.cfgxml.spi.LoadedConfig@4a5eb613, java.library.path=/usr/java/packages/lib:/usr/lib64:/lib64:/lib:/usr/lib, java.vendor=AdoptOpenJDK, java.vm.info=mixed mode, java.vm.version=11.0.4+11, hibernate.bytecode.use_reflection_optimizer=false, sun.io.unicode.encoding=UnicodeLittle, hibernate.connection.datasource=HikariDataSource (HikariPool-2), java.class.version=55.0}
&amp#27;[30m2020-02-08 10:21:37,792&amp#27;[0;39m &amp#27;[39mDEBUG&amp#27;[0;39m [&amp#27;[34mmain&amp#27;[0;39m] &amp#27;[33morg.hibernate.validator.internal.engine.resolver.TraversableResolvers&amp#27;[0;39m: Found javax.persistence.Persistence on classpath containing 'getPersistenceUtil'. Assuming JPA 2 environment. Trying to instantiate JPA aware TraversableResolver
&amp#27;[30m2020-02-08 10:21:37,792&amp#27;[0;39m &amp#27;[39mDEBUG&amp#27;[0;39m [&amp#27;[34mmain&amp#27;[0;39m] &amp#27;[33morg.hibernate.validator.internal.engine.resolver.TraversableResolvers&amp#27;[0;39m: Instantiated JPA aware TraversableResolver of type org.hibernate.validator.internal.engine.resolver.JPATraversableResolver.
&amp#27;[30m2020-02-08 10:21:37,793&amp#27;[0;39m &amp#27;[39mDEBUG&amp#27;[0;39m [&amp#27;[34mmain&amp#27;[0;39m] &amp#27;[33morg.hibernate.validator.internal.xml.config.ValidationXmlParser&amp#27;[0;39m: Trying to load META-INF/validation.xml for XML based Validator configuration.
&amp#27;[30m2020-02-08 10:21:37,793&amp#27;[0;39m &amp#27;[39mDEBUG&amp#27;[0;39m [&amp#27;[34mmain&amp#27;[0;39m] &amp#27;[33morg.hibernate.validator.internal.xml.config.ResourceLoaderHelper&amp#27;[0;39m: Trying to load META-INF/validation.xml via TCCL
&amp#27;[30m2020-02-08 10:21:37,794&amp#27;[0;39m &amp#27;[39mDEBUG&amp#27;[0;39m [&amp#27;[34mmain&amp#27;[0;39m] &amp#27;[33morg.hibernate.validator.internal.xml.config.ResourceLoaderHelper&amp#27;[0;39m: Trying to load META-INF/validation.xml via Hibernate Validator's class loader
&amp#27;[30m2020-02-08 10:21:37,794&amp#27;[0;39m &amp#27;[39mDEBUG&amp#27;[0;39m [&amp#27;[34mmain&amp#27;[0;39m] &amp#27;[33morg.hibernate.validator.internal.xml.config.ValidationXmlParser&amp#27;[0;39m: No META-INF/validation.xml found. Using annotation based configuration only.
&amp#27;[30m2020-02-08 10:21:37,810&amp#27;[0;39m &amp#27;[39mDEBUG&amp#27;[0;39m [&amp#27;[34mmain&amp#27;[0;39m] &amp#27;[33morg.hibernate.validator.messageinterpolation.ResourceBundleMessageInterpolator&amp#27;[0;39m: Loaded expression factory via original TCCL
&amp#27;[30m2020-02-08 10:21:37,811&amp#27;[0;39m &amp#27;[39mDEBUG&amp#27;[0;39m [&amp#27;[34mmain&amp#27;[0;39m] &amp#27;[33morg.hibernate.validator.internal.engine.ValidatorFactoryImpl&amp#27;[0;39m: HV000234: Using org.hibernate.validator.messageinterpolation.ResourceBundleMessageInterpolator as ValidatorFactory-scoped message interpolator.
&amp#27;[30m2020-02-08 10:21:37,811&amp#27;[0;39m &amp#27;[39mDEBUG&amp#27;[0;39m [&amp#27;[34mmain&amp#27;[0;39m] &amp#27;[33morg.hibernate.validator.internal.engine.ValidatorFactoryImpl&amp#27;[0;39m: HV000234: Using org.hibernate.validator.internal.engine.resolver.JPATraversableResolver as ValidatorFactory-scoped traversable resolver.
&amp#27;[30m2020-02-08 10:21:37,812&amp#27;[0;39m &amp#27;[39mDEBUG&amp#27;[0;39m [&amp#27;[34mmain&amp#27;[0;39m] &amp#27;[33morg.hibernate.validator.internal.engine.ValidatorFactoryImpl&amp#27;[0;39m: HV000234: Using org.hibernate.validator.internal.util.ExecutableParameterNameProvider as ValidatorFactory-scoped parameter name provider.
&amp#27;[30m2020-02-08 10:21:37,812&amp#27;[0;39m &amp#27;[39mDEBUG&amp#27;[0;39m [&amp#27;[34mmain&amp#27;[0;39m] &amp#27;[33morg.hibernate.validator.internal.engine.ValidatorFactoryImpl&amp#27;[0;39m: HV000234: Using org.hibernate.validator.internal.engine.DefaultClockProvider as ValidatorFactory-scoped clock provider.
&amp#27;[30m2020-02-08 10:21:37,812&amp#27;[0;39m &amp#27;[39mDEBUG&amp#27;[0;39m [&amp#27;[34mmain&amp#27;[0;39m] &amp#27;[33morg.hibernate.validator.internal.engine.ValidatorFactoryImpl&amp#27;[0;39m: HV000234: Using org.hibernate.validator.internal.engine.scripting.DefaultScriptEvaluatorFactory as ValidatorFactory-scoped script evaluator factory.
&amp#27;[30m2020-02-08 10:21:37,812&amp#27;[0;39m &amp#27;[39mDEBUG&amp#27;[0;39m [&amp#27;[34mmain&amp#27;[0;39m] &amp#27;[33morg.hibernate.boot.internal.ClassLoaderAccessImpl&amp#27;[0;39m: Not known whether passed class name [in.rgukt.r081247.universityapi.entity.Course] is safe
&amp#27;[30m2020-02-08 10:21:37,813&amp#27;[0;39m &amp#27;[39mDEBUG&amp#27;[0;39m [&amp#27;[34mmain&amp#27;[0;39m] &amp#27;[33morg.hibernate.boot.internal.ClassLoaderAccessImpl&amp#27;[0;39m: No temp ClassLoader provided; using live ClassLoader for loading potentially unsafe class : in.rgukt.r081247.universityapi.entity.Course
&amp#27;[30m2020-02-08 10:21:37,822&amp#27;[0;39m &amp#27;[39mDEBUG&amp#27;[0;39m [&amp#27;[34mmain&amp#27;[0;39m] &amp#27;[33morg.hibernate.boot.internal.ClassLoaderAccessImpl&amp#27;[0;39m: Not known whether passed class name [in.rgukt.r081247.universityapi.entity.Department] is safe
&amp#27;[30m2020-02-08 10:21:37,823&amp#27;[0;39m &amp#27;[39mDEBUG&amp#27;[0;39m [&amp#27;[34mmain&amp#27;[0;39m] &amp#27;[33morg.hibernate.boot.internal.ClassLoaderAccessImpl&amp#27;[0;39m: No temp ClassLoader provided; using live ClassLoader for loading potentially unsafe class : in.rgukt.r081247.universityapi.entity.Department
&amp#27;[30m2020-02-08 10:21:37,841&amp#27;[0;39m &amp#27;[39mDEBUG&amp#27;[0;39m [&amp#27;[34mmain&amp#27;[0;39m] &amp#27;[33morg.hibernate.boot.internal.ClassLoaderAccessImpl&amp#27;[0;39m: Not known whether passed class name [in.rgukt.r081247.universityapi.entity.Student] is safe
&amp#27;[30m2020-02-08 10:21:37,841&amp#27;[0;39m &amp#27;[39mDEBUG&amp#27;[0;39m [&amp#27;[34mmain&amp#27;[0;39m] &amp#27;[33morg.hibernate.boot.internal.ClassLoaderAccessImpl&amp#27;[0;39m: No temp ClassLoader provided; using live ClassLoader for loading potentially unsafe class : in.rgukt.r081247.universityapi.entity.Student
&amp#27;[30m2020-02-08 10:21:37,848&amp#27;[0;39m &amp#27;[39mDEBUG&amp#27;[0;39m [&amp#27;[34mmain&amp#27;[0;39m] &amp#27;[33morg.hibernate.secure.spi.JaccIntegrator&amp#27;[0;39m: Skipping JACC integration as it was not enabled
&amp#27;[30m2020-02-08 10:21:37,849&amp#27;[0;39m &amp#27;[39mDEBUG&amp#27;[0;39m [&amp#27;[34mmain&amp#27;[0;39m] &amp#27;[33morg.hibernate.internal.SessionFactoryImpl&amp#27;[0;39m: Instantiated session factory
&amp#27;[30m2020-02-08 10:21:37,849&amp#27;[0;39m &amp#27;[39mDEBUG&amp#27;[0;39m [&amp#27;[34mmain&amp#27;[0;39m] &amp#27;[33morg.hibernate.type.spi.TypeConfiguration&amp#27;[0;39m: Scoping TypeConfiguration [org.hibernate.type.spi.TypeConfiguration@669b8190] to SessionFactoryImpl [org.hibernate.internal.SessionFactoryImpl@55b5ce0f]
&amp#27;[30m2020-02-08 10:21:37,849&amp#27;[0;39m &amp#27;[39mDEBUG&amp#27;[0;39m [&amp#27;[34mmain&amp#27;[0;39m] &amp#27;[33morg.hibernate.boot.internal.ClassLoaderAccessImpl&amp#27;[0;39m: Not known whether passed class name [in.rgukt.r081247.universityapi.entity.Course] is safe
&amp#27;[30m2020-02-08 10:21:37,850&amp#27;[0;39m &amp#27;[39mDEBUG&amp#27;[0;39m [&amp#27;[34mmain&amp#27;[0;39m] &amp#27;[33morg.hibernate.boot.internal.ClassLoaderAccessImpl&amp#27;[0;39m: No temp ClassLoader provided; using live ClassLoader for loading potentially unsafe class : in.rgukt.r081247.universityapi.entity.Course
&amp#27;[30m2020-02-08 10:21:37,850&amp#27;[0;39m &amp#27;[39mDEBUG&amp#27;[0;39m [&amp#27;[34mmain&amp#27;[0;39m] &amp#27;[33morg.hibernate.boot.internal.ClassLoaderAccessImpl&amp#27;[0;39m: Not known whether passed class name [in.rgukt.r081247.universityapi.entity.Course] is safe
&amp#27;[30m2020-02-08 10:21:37,851&amp#27;[0;39m &amp#27;[39mDEBUG&amp#27;[0;39m [&amp#27;[34mmain&amp#27;[0;39m] &amp#27;[33morg.hibernate.boot.internal.ClassLoaderAccessImpl&amp#27;[0;39m: No temp ClassLoader provided; using live ClassLoader for loading potentially unsafe class : in.rgukt.r081247.universityapi.entity.Course
&amp#27;[30m2020-02-08 10:21:37,852&amp#27;[0;39m &amp#27;[39mDEBUG&amp#27;[0;39m [&amp#27;[34mmain&amp#27;[0;39m] &amp#27;[33morg.hibernate.boot.internal.ClassLoaderAccessImpl&amp#27;[0;39m: Not known whether passed class name [in.rgukt.r081247.universityapi.entity.Department] is safe
&amp#27;[30m2020-02-08 10:21:37,853&amp#27;[0;39m &amp#27;[39mDEBUG&amp#27;[0;39m [&amp#27;[34mmain&amp#27;[0;39m] &amp#27;[33morg.hibernate.boot.internal.ClassLoaderAccessImpl&amp#27;[0;39m: No temp ClassLoader provided; using live ClassLoader for loading potentially unsafe class : in.rgukt.r081247.universityapi.entity.Department
&amp#27;[30m2020-02-08 10:21:37,853&amp#27;[0;39m &amp#27;[39mDEBUG&amp#27;[0;39m [&amp#27;[34mmain&amp#27;[0;39m] &amp#27;[33morg.hibernate.boot.internal.ClassLoaderAccessImpl&amp#27;[0;39m: Not known whether passed class name [in.rgukt.r081247.universityapi.entity.Department] is safe
&amp#27;[30m2020-02-08 10:21:37,854&amp#27;[0;39m &amp#27;[39mDEBUG&amp#27;[0;39m [&amp#27;[34mmain&amp#27;[0;39m] &amp#27;[33morg.hibernate.boot.internal.ClassLoaderAccessImpl&amp#27;[0;39m: No temp ClassLoader provided; using live ClassLoader for loading potentially unsafe class : in.rgukt.r081247.universityapi.entity.Department
&amp#27;[30m2020-02-08 10:21:37,855&amp#27;[0;39m &amp#27;[39mDEBUG&amp#27;[0;39m [&amp#27;[34mmain&amp#27;[0;39m] &amp#27;[33morg.hibernate.boot.internal.ClassLoaderAccessImpl&amp#27;[0;39m: Not known whether passed class name [in.rgukt.r081247.universityapi.entity.Student] is safe
&amp#27;[30m2020-02-08 10:21:37,855&amp#27;[0;39m &amp#27;[39mDEBUG&amp#27;[0;39m [&amp#27;[34mmain&amp#27;[0;39m] &amp#27;[33morg.hibernate.boot.internal.ClassLoaderAccessImpl&amp#27;[0;39m: No temp ClassLoader provided; using live ClassLoader for loading potentially unsafe class : in.rgukt.r081247.universityapi.entity.Student
&amp#27;[30m2020-02-08 10:21:37,856&amp#27;[0;39m &amp#27;[39mDEBUG&amp#27;[0;39m [&amp#27;[34mmain&amp#27;[0;39m] &amp#27;[33morg.hibernate.boot.internal.ClassLoaderAccessImpl&amp#27;[0;39m: Not known whether passed class name [in.rgukt.r081247.universityapi.entity.Student] is safe
&amp#27;[30m2020-02-08 10:21:37,856&amp#27;[0;39m &amp#27;[39mDEBUG&amp#27;[0;39m [&amp#27;[34mmain&amp#27;[0;39m] &amp#27;[33morg.hibernate.boot.internal.ClassLoaderAccessImpl&amp#27;[0;39m: No temp ClassLoader provided; using live ClassLoader for loading potentially unsafe class : in.rgukt.r081247.universityapi.entity.Student
&amp#27;[30m2020-02-08 10:21:37,858&amp#27;[0;39m &amp#27;[39mDEBUG&amp#27;[0;39m [&amp#27;[34mmain&amp#27;[0;39m] &amp#27;[33morg.hibernate.persister.collection.AbstractCollectionPersister&amp#27;[0;39m: Static SQL for collection: in.rgukt.r081247.universityapi.entity.Student.courses
&amp#27;[30m2020-02-08 10:21:37,858&amp#27;[0;39m &amp#27;[39mDEBUG&amp#27;[0;39m [&amp#27;[34mmain&amp#27;[0;39m] &amp#27;[33morg.hibernate.persister.collection.AbstractCollectionPersister&amp#27;[0;39m:  Row insert: insert into student_course (student_id, course_id) values (?, ?)
&amp#27;[30m2020-02-08 10:21:37,859&amp#27;[0;39m &amp#27;[39mDEBUG&amp#27;[0;39m [&amp#27;[34mmain&amp#27;[0;39m] &amp#27;[33morg.hibernate.persister.collection.AbstractCollectionPersister&amp#27;[0;39m:  Row update: update student_course set course_id=? where student_id=? and course_id=?
&amp#27;[30m2020-02-08 10:21:37,859&amp#27;[0;39m &amp#27;[39mDEBUG&amp#27;[0;39m [&amp#27;[34mmain&amp#27;[0;39m] &amp#27;[33morg.hibernate.persister.collection.AbstractCollectionPersister&amp#27;[0;39m:  Row delete: delete from student_course where student_id=? and course_id=?
&amp#27;[30m2020-02-08 10:21:37,859&amp#27;[0;39m &amp#27;[39mDEBUG&amp#27;[0;39m [&amp#27;[34mmain&amp#27;[0;39m] &amp#27;[33morg.hibernate.persister.collection.AbstractCollectionPersister&amp#27;[0;39m:  One-shot delete: delete from student_course where student_id=?
&amp#27;[30m2020-02-08 10:21:37,860&amp#27;[0;39m &amp#27;[39mDEBUG&amp#27;[0;39m [&amp#27;[34mmain&amp#27;[0;39m] &amp#27;[33morg.hibernate.persister.collection.AbstractCollectionPersister&amp#27;[0;39m: Static SQL for collection: in.rgukt.r081247.universityapi.entity.Department.courses
&amp#27;[30m2020-02-08 10:21:37,860&amp#27;[0;39m &amp#27;[39mDEBUG&amp#27;[0;39m [&amp#27;[34mmain&amp#27;[0;39m] &amp#27;[33morg.hibernate.persister.collection.AbstractCollectionPersister&amp#27;[0;39m:  Row insert: update course set department_id=? where id=?
&amp#27;[30m2020-02-08 10:21:37,860&amp#27;[0;39m &amp#27;[39mDEBUG&amp#27;[0;39m [&amp#27;[34mmain&amp#27;[0;39m] &amp#27;[33morg.hibernate.persister.collection.AbstractCollectionPersister&amp#27;[0;39m:  Row update: update course set  where id=?
&amp#27;[30m2020-02-08 10:21:37,860&amp#27;[0;39m &amp#27;[39mDEBUG&amp#27;[0;39m [&amp#27;[34mmain&amp#27;[0;39m] &amp#27;[33morg.hibernate.persister.collection.AbstractCollectionPersister&amp#27;[0;39m:  Row delete: update course set department_id=null where department_id=? and id=?
&amp#27;[30m2020-02-08 10:21:37,861&amp#27;[0;39m &amp#27;[39mDEBUG&amp#27;[0;39m [&amp#27;[34mmain&amp#27;[0;39m] &amp#27;[33morg.hibernate.persister.collection.AbstractCollectionPersister&amp#27;[0;39m:  One-shot delete: update course set department_id=null where department_id=?
&amp#27;[30m2020-02-08 10:21:37,861&amp#27;[0;39m &amp#27;[39mDEBUG&amp#27;[0;39m [&amp#27;[34mmain&amp#27;[0;39m] &amp#27;[33morg.hibernate.persister.collection.AbstractCollectionPersister&amp#27;[0;39m: Static SQL for collection: in.rgukt.r081247.universityapi.entity.Course.students
&amp#27;[30m2020-02-08 10:21:37,861&amp#27;[0;39m &amp#27;[39mDEBUG&amp#27;[0;39m [&amp#27;[34mmain&amp#27;[0;39m] &amp#27;[33morg.hibernate.persister.collection.AbstractCollectionPersister&amp#27;[0;39m:  Row insert: insert into student_course (course_id, student_id) values (?, ?)
&amp#27;[30m2020-02-08 10:21:37,862&amp#27;[0;39m &amp#27;[39mDEBUG&amp#27;[0;39m [&amp#27;[34mmain&amp#27;[0;39m] &amp#27;[33morg.hibernate.persister.collection.AbstractCollectionPersister&amp#27;[0;39m:  Row update: update student_course set student_id=? where course_id=? and student_id=?
&amp#27;[30m2020-02-08 10:21:37,862&amp#27;[0;39m &amp#27;[39mDEBUG&amp#27;[0;39m [&amp#27;[34mmain&amp#27;[0;39m] &amp#27;[33morg.hibernate.persister.collection.AbstractCollectionPersister&amp#27;[0;39m:  Row delete: delete from student_course where course_id=? and student_id=?
&amp#27;[30m2020-02-08 10:21:37,862&amp#27;[0;39m &amp#27;[39mDEBUG&amp#27;[0;39m [&amp#27;[34mmain&amp#27;[0;39m] &amp#27;[33morg.hibernate.persister.collection.AbstractCollectionPersister&amp#27;[0;39m:  One-shot delete: delete from student_course where course_id=?
&amp#27;[30m2020-02-08 10:21:37,863&amp#27;[0;39m &amp#27;[39mDEBUG&amp#27;[0;39m [&amp#27;[34mmain&amp#27;[0;39m] &amp#27;[33morg.hibernate.persister.entity.AbstractEntityPersister&amp#27;[0;39m: Static SQL for entity: in.rgukt.r081247.universityapi.entity.Course
&amp#27;[30m2020-02-08 10:21:37,863&amp#27;[0;39m &amp#27;[39mDEBUG&amp#27;[0;39m [&amp#27;[34mmain&amp#27;[0;39m] &amp#27;[33morg.hibernate.persister.entity.AbstractEntityPersister&amp#27;[0;39m:  Version select: select id from course where id =?
&amp#27;[30m2020-02-08 10:21:37,863&amp#27;[0;39m &amp#27;[39mDEBUG&amp#27;[0;39m [&amp#27;[34mmain&amp#27;[0;39m] &amp#27;[33morg.hibernate.persister.entity.AbstractEntityPersister&amp#27;[0;39m:  Snapshot select: select course_.id, course_.department_id as departme3_0_, course_.name as name2_0_ from course course_ where course_.id=?
&amp#27;[30m2020-02-08 10:21:37,863&amp#27;[0;39m &amp#27;[39mDEBUG&amp#27;[0;39m [&amp#27;[34mmain&amp#27;[0;39m] &amp#27;[33morg.jboss.logging.DelegatingBasicLogger&amp#27;[0;39m:  Insert 0: insert into course (department_id, name, id) values (?, ?, ?)
&amp#27;[30m2020-02-08 10:21:37,864&amp#27;[0;39m &amp#27;[39mDEBUG&amp#27;[0;39m [&amp#27;[34mmain&amp#27;[0;39m] &amp#27;[33morg.jboss.logging.DelegatingBasicLogger&amp#27;[0;39m:  Update 0: update course set department_id=?, name=? where id=?
&amp#27;[30m2020-02-08 10:21:37,864&amp#27;[0;39m &amp#27;[39mDEBUG&amp#27;[0;39m [&amp#27;[34mmain&amp#27;[0;39m] &amp#27;[33morg.jboss.logging.DelegatingBasicLogger&amp#27;[0;39m:  Delete 0: delete from course where id=?
&amp#27;[30m2020-02-08 10:21:37,864&amp#27;[0;39m &amp#27;[39mDEBUG&amp#27;[0;39m [&amp#27;[34mmain&amp#27;[0;39m] &amp#27;[33morg.hibernate.persister.entity.AbstractEntityPersister&amp#27;[0;39m:  Identity insert: insert into course (id, department_id, name) values (null, ?, ?)
&amp#27;[30m2020-02-08 10:21:37,864&amp#27;[0;39m &amp#27;[39mDEBUG&amp#27;[0;39m [&amp#27;[34mmain&amp#27;[0;39m] &amp#27;[33morg.hibernate.loader.plan.build.internal.spaces.QuerySpacesImpl&amp#27;[0;39m: Adding QuerySpace : uid = <gen:0> -> org.hibernate.loader.plan.build.internal.spaces.EntityQuerySpaceImpl@5e528476]
&amp#27;[30m2020-02-08 10:21:37,865&amp#27;[0;39m &amp#27;[39mDEBUG&amp#27;[0;39m [&amp#27;[34mmain&amp#27;[0;39m] &amp#27;[33morg.hibernate.persister.walking.spi.MetamodelGraphWalker&amp#27;[0;39m: Visiting attribute path : department
&amp#27;[30m2020-02-08 10:21:37,865&amp#27;[0;39m &amp#27;[39mDEBUG&amp#27;[0;39m [&amp#27;[34mmain&amp#27;[0;39m] &amp#27;[33morg.hibernate.loader.plan.build.internal.spaces.QuerySpacesImpl&amp#27;[0;39m: Adding QuerySpace : uid = <gen:1> -> org.hibernate.loader.plan.build.internal.spaces.EntityQuerySpaceImpl@281d3ce7]
&amp#27;[30m2020-02-08 10:21:37,865&amp#27;[0;39m &amp#27;[39mDEBUG&amp#27;[0;39m [&amp#27;[34mmain&amp#27;[0;39m] &amp#27;[33morg.hibernate.persister.walking.spi.MetamodelGraphWalker&amp#27;[0;39m: Visiting attribute path : name
&amp#27;[30m2020-02-08 10:21:37,866&amp#27;[0;39m &amp#27;[39mDEBUG&amp#27;[0;39m [&amp#27;[34mmain&amp#27;[0;39m] &amp#27;[33morg.hibernate.persister.walking.spi.MetamodelGraphWalker&amp#27;[0;39m: Visiting attribute path : students
&amp#27;[30m2020-02-08 10:21:37,866&amp#27;[0;39m &amp#27;[39mDEBUG&amp#27;[0;39m [&amp#27;[34mmain&amp#27;[0;39m] &amp#27;[33morg.hibernate.loader.plan.build.internal.spaces.QuerySpacesImpl&amp#27;[0;39m: Adding QuerySpace : uid = <gen:2> -> org.hibernate.loader.plan.build.internal.spaces.CollectionQuerySpaceImpl@fdfd984]
&amp#27;[30m2020-02-08 10:21:37,866&amp#27;[0;39m &amp#27;[39mDEBUG&amp#27;[0;39m [&amp#27;[34mmain&amp#27;[0;39m] &amp#27;[33morg.hibernate.loader.plan.build.internal.spaces.QuerySpacesImpl&amp#27;[0;39m: Adding QuerySpace : uid = <gen:3> -> org.hibernate.loader.plan.build.internal.spaces.EntityQuerySpaceImpl@45e49d3d]
&amp#27;[30m2020-02-08 10:21:37,867&amp#27;[0;39m &amp#27;[39mDEBUG&amp#27;[0;39m [&amp#27;[34mmain&amp#27;[0;39m] &amp#27;[33morg.hibernate.loader.plan.build.internal.FetchStyleLoadPlanBuildingAssociationVisitationStrategy&amp#27;[0;39m: Building LoadPlan...
&amp#27;[30m2020-02-08 10:21:37,867&amp#27;[0;39m &amp#27;[39mDEBUG&amp#27;[0;39m [&amp#27;[34mmain&amp#27;[0;39m] &amp#27;[33morg.hibernate.loader.plan.exec.internal.LoadQueryJoinAndFetchProcessor&amp#27;[0;39m: processing queryspace <gen:0>
&amp#27;[30m2020-02-08 10:21:37,868&amp#27;[0;39m &amp#27;[39mDEBUG&amp#27;[0;39m [&amp#27;[34mmain&amp#27;[0;39m] &amp#27;[33morg.hibernate.loader.plan.build.spi.LoadPlanTreePrinter&amp#27;[0;39m: LoadPlan(entity=in.rgukt.r081247.universityapi.entity.Course)
    - Returns
       - EntityReturnImpl(entity=in.rgukt.r081247.universityapi.entity.Course, querySpaceUid=<gen:0>, path=in.rgukt.r081247.universityapi.entity.Course)
          - EntityAttributeFetchImpl(entity=in.rgukt.r081247.universityapi.entity.Department, querySpaceUid=<gen:1>, path=in.rgukt.r081247.universityapi.entity.Course.department)
          - CollectionAttributeFetchImpl(collection=in.rgukt.r081247.universityapi.entity.Course.students, querySpaceUid=<gen:2>, path=in.rgukt.r081247.universityapi.entity.Course.students)
             - (collection element) CollectionFetchableElementEntityGraph(entity=in.rgukt.r081247.universityapi.entity.Student, querySpaceUid=<gen:3>, path=in.rgukt.r081247.universityapi.entity.Course.students.<elements>)
    - QuerySpaces
       - EntityQuerySpaceImpl(uid=<gen:0>, entity=in.rgukt.r081247.universityapi.entity.Course)
          - SQL table alias mapping - course0_
          - alias suffix - 0_
          - suffixed key columns - {id1_0_0_}

&amp#27;[30m2020-02-08 10:21:37,868&amp#27;[0;39m &amp#27;[39mDEBUG&amp#27;[0;39m [&amp#27;[34mmain&amp#27;[0;39m] &amp#27;[33morg.hibernate.loader.entity.plan.EntityLoader&amp#27;[0;39m: Static select for entity in.rgukt.r081247.universityapi.entity.Course [NONE]: select course0_.id as id1_0_0_, course0_.department_id as departme3_0_0_, course0_.name as name2_0_0_ from course course0_ where course0_.id=?
&amp#27;[30m2020-02-08 10:21:37,869&amp#27;[0;39m &amp#27;[39mDEBUG&amp#27;[0;39m [&amp#27;[34mmain&amp#27;[0;39m] &amp#27;[33morg.hibernate.loader.plan.build.internal.spaces.QuerySpacesImpl&amp#27;[0;39m: Adding QuerySpace : uid = <gen:0> -> org.hibernate.loader.plan.build.internal.spaces.EntityQuerySpaceImpl@72e5206]
&amp#27;[30m2020-02-08 10:21:37,869&amp#27;[0;39m &amp#27;[39mDEBUG&amp#27;[0;39m [&amp#27;[34mmain&amp#27;[0;39m] &amp#27;[33morg.hibernate.persister.walking.spi.MetamodelGraphWalker&amp#27;[0;39m: Visiting attribute path : department
&amp#27;[30m2020-02-08 10:21:37,870&amp#27;[0;39m &amp#27;[39mDEBUG&amp#27;[0;39m [&amp#27;[34mmain&amp#27;[0;39m] &amp#27;[33morg.hibernate.loader.plan.build.internal.spaces.QuerySpacesImpl&amp#27;[0;39m: Adding QuerySpace : uid = <gen:1> -> org.hibernate.loader.plan.build.internal.spaces.EntityQuerySpaceImpl@37f75ebf]
&amp#27;[30m2020-02-08 10:21:37,870&amp#27;[0;39m &amp#27;[39mDEBUG&amp#27;[0;39m [&amp#27;[34mmain&amp#27;[0;39m] &amp#27;[33morg.hibernate.persister.walking.spi.MetamodelGraphWalker&amp#27;[0;39m: Visiting attribute path : name
&amp#27;[30m2020-02-08 10:21:37,870&amp#27;[0;39m &amp#27;[39mDEBUG&amp#27;[0;39m [&amp#27;[34mmain&amp#27;[0;39m] &amp#27;[33morg.hibernate.persister.walking.spi.MetamodelGraphWalker&amp#27;[0;39m: Visiting attribute path : students
&amp#27;[30m2020-02-08 10:21:37,871&amp#27;[0;39m &amp#27;[39mDEBUG&amp#27;[0;39m [&amp#27;[34mmain&amp#27;[0;39m] &amp#27;[33morg.hibernate.loader.plan.build.internal.spaces.QuerySpacesImpl&amp#27;[0;39m: Adding QuerySpace : uid = <gen:2> -> org.hibernate.loader.plan.build.internal.spaces.CollectionQuerySpaceImpl@569b3009]
&amp#27;[30m2020-02-08 10:21:37,871&amp#27;[0;39m &amp#27;[39mDEBUG&amp#27;[0;39m [&amp#27;[34mmain&amp#27;[0;39m] &amp#27;[33morg.hibernate.loader.plan.build.internal.spaces.QuerySpacesImpl&amp#27;[0;39m: Adding QuerySpace : uid = <gen:3> -> org.hibernate.loader.plan.build.internal.spaces.EntityQuerySpaceImpl@23d0f6be]
&amp#27;[30m2020-02-08 10:21:37,871&amp#27;[0;39m &amp#27;[39mDEBUG&amp#27;[0;39m [&amp#27;[34mmain&amp#27;[0;39m] &amp#27;[33morg.hibernate.loader.plan.build.internal.FetchStyleLoadPlanBuildingAssociationVisitationStrategy&amp#27;[0;39m: Building LoadPlan...
&amp#27;[30m2020-02-08 10:21:37,872&amp#27;[0;39m &amp#27;[39mDEBUG&amp#27;[0;39m [&amp#27;[34mmain&amp#27;[0;39m] &amp#27;[33morg.hibernate.loader.plan.exec.internal.LoadQueryJoinAndFetchProcessor&amp#27;[0;39m: processing queryspace <gen:0>
&amp#27;[30m2020-02-08 10:21:37,872&amp#27;[0;39m &amp#27;[39mDEBUG&amp#27;[0;39m [&amp#27;[34mmain&amp#27;[0;39m] &amp#27;[33morg.hibernate.loader.plan.build.spi.LoadPlanTreePrinter&amp#27;[0;39m: LoadPlan(entity=in.rgukt.r081247.universityapi.entity.Course)
    - Returns
       - EntityReturnImpl(entity=in.rgukt.r081247.universityapi.entity.Course, querySpaceUid=<gen:0>, path=in.rgukt.r081247.universityapi.entity.Course)
          - EntityAttributeFetchImpl(entity=in.rgukt.r081247.universityapi.entity.Department, querySpaceUid=<gen:1>, path=in.rgukt.r081247.universityapi.entity.Course.department)
          - CollectionAttributeFetchImpl(collection=in.rgukt.r081247.universityapi.entity.Course.students, querySpaceUid=<gen:2>, path=in.rgukt.r081247.universityapi.entity.Course.students)
             - (collection element) CollectionFetchableElementEntityGraph(entity=in.rgukt.r081247.universityapi.entity.Student, querySpaceUid=<gen:3>, path=in.rgukt.r081247.universityapi.entity.Course.students.<elements>)
    - QuerySpaces
       - EntityQuerySpaceImpl(uid=<gen:0>, entity=in.rgukt.r081247.universityapi.entity.Course)
          - SQL table alias mapping - course0_
          - alias suffix - 0_
          - suffixed key columns - {id1_0_0_}

&amp#27;[30m2020-02-08 10:21:37,873&amp#27;[0;39m &amp#27;[39mDEBUG&amp#27;[0;39m [&amp#27;[34mmain&amp#27;[0;39m] &amp#27;[33morg.hibernate.loader.entity.plan.EntityLoader&amp#27;[0;39m: Static select for entity in.rgukt.r081247.universityapi.entity.Course [READ]: select course0_.id as id1_0_0_, course0_.department_id as departme3_0_0_, course0_.name as name2_0_0_ from course course0_ where course0_.id=?
&amp#27;[30m2020-02-08 10:21:37,873&amp#27;[0;39m &amp#27;[39mDEBUG&amp#27;[0;39m [&amp#27;[34mmain&amp#27;[0;39m] &amp#27;[33morg.hibernate.loader.entity.CascadeEntityLoader&amp#27;[0;39m: Static select for action ACTION_MERGE on entity in.rgukt.r081247.universityapi.entity.Course: select course0_.id as id1_0_0_, course0_.department_id as departme3_0_0_, course0_.name as name2_0_0_ from course course0_ where course0_.id=?
&amp#27;[30m2020-02-08 10:21:37,874&amp#27;[0;39m &amp#27;[39mDEBUG&amp#27;[0;39m [&amp#27;[34mmain&amp#27;[0;39m] &amp#27;[33morg.hibernate.loader.entity.CascadeEntityLoader&amp#27;[0;39m: Static select for action ACTION_REFRESH on entity in.rgukt.r081247.universityapi.entity.Course: select course0_.id as id1_0_0_, course0_.department_id as departme3_0_0_, course0_.name as name2_0_0_ from course course0_ where course0_.id=?
&amp#27;[30m2020-02-08 10:21:37,874&amp#27;[0;39m &amp#27;[39mDEBUG&amp#27;[0;39m [&amp#27;[34mmain&amp#27;[0;39m] &amp#27;[33morg.hibernate.persister.entity.AbstractEntityPersister&amp#27;[0;39m: Static SQL for entity: in.rgukt.r081247.universityapi.entity.Department
&amp#27;[30m2020-02-08 10:21:37,875&amp#27;[0;39m &amp#27;[39mDEBUG&amp#27;[0;39m [&amp#27;[34mmain&amp#27;[0;39m] &amp#27;[33morg.hibernate.persister.entity.AbstractEntityPersister&amp#27;[0;39m:  Version select: select id from department where id =?
&amp#27;[30m2020-02-08 10:21:37,875&amp#27;[0;39m &amp#27;[39mDEBUG&amp#27;[0;39m [&amp#27;[34mmain&amp#27;[0;39m] &amp#27;[33morg.hibernate.persister.entity.AbstractEntityPersister&amp#27;[0;39m:  Snapshot select: select department_.id, department_.name as name2_1_ from department department_ where department_.id=?
&amp#27;[30m2020-02-08 10:21:37,875&amp#27;[0;39m &amp#27;[39mDEBUG&amp#27;[0;39m [&amp#27;[34mmain&amp#27;[0;39m] &amp#27;[33morg.jboss.logging.DelegatingBasicLogger&amp#27;[0;39m:  Insert 0: insert into department (name, id) values (?, ?)
&amp#27;[30m2020-02-08 10:21:37,875&amp#27;[0;39m &amp#27;[39mDEBUG&amp#27;[0;39m [&amp#27;[34mmain&amp#27;[0;39m] &amp#27;[33morg.jboss.logging.DelegatingBasicLogger&amp#27;[0;39m:  Update 0: update department set name=? where id=?
&amp#27;[30m2020-02-08 10:21:37,875&amp#27;[0;39m &amp#27;[39mDEBUG&amp#27;[0;39m [&amp#27;[34mmain&amp#27;[0;39m] &amp#27;[33morg.jboss.logging.DelegatingBasicLogger&amp#27;[0;39m:  Delete 0: delete from department where id=?
&amp#27;[30m2020-02-08 10:21:37,876&amp#27;[0;39m &amp#27;[39mDEBUG&amp#27;[0;39m [&amp#27;[34mmain&amp#27;[0;39m] &amp#27;[33morg.hibernate.persister.entity.AbstractEntityPersister&amp#27;[0;39m:  Identity insert: insert into department (id, name) values (null, ?)
&amp#27;[30m2020-02-08 10:21:37,876&amp#27;[0;39m &amp#27;[39mDEBUG&amp#27;[0;39m [&amp#27;[34mmain&amp#27;[0;39m] &amp#27;[33morg.hibernate.loader.plan.build.internal.spaces.QuerySpacesImpl&amp#27;[0;39m: Adding QuerySpace : uid = <gen:0> -> org.hibernate.loader.plan.build.internal.spaces.EntityQuerySpaceImpl@48cebb78]
&amp#27;[30m2020-02-08 10:21:37,876&amp#27;[0;39m &amp#27;[39mDEBUG&amp#27;[0;39m [&amp#27;[34mmain&amp#27;[0;39m] &amp#27;[33morg.hibernate.persister.walking.spi.MetamodelGraphWalker&amp#27;[0;39m: Visiting attribute path : courses
&amp#27;[30m2020-02-08 10:21:37,877&amp#27;[0;39m &amp#27;[39mDEBUG&amp#27;[0;39m [&amp#27;[34mmain&amp#27;[0;39m] &amp#27;[33morg.hibernate.loader.plan.build.internal.spaces.QuerySpacesImpl&amp#27;[0;39m: Adding QuerySpace : uid = <gen:1> -> org.hibernate.loader.plan.build.internal.spaces.CollectionQuerySpaceImpl@4ad57db1]
&amp#27;[30m2020-02-08 10:21:37,877&amp#27;[0;39m &amp#27;[39mDEBUG&amp#27;[0;39m [&amp#27;[34mmain&amp#27;[0;39m] &amp#27;[33morg.hibernate.loader.plan.build.internal.spaces.QuerySpacesImpl&amp#27;[0;39m: Adding QuerySpace : uid = <gen:2> -> org.hibernate.loader.plan.build.internal.spaces.EntityQuerySpaceImpl@6e140753]
&amp#27;[30m2020-02-08 10:21:37,877&amp#27;[0;39m &amp#27;[39mDEBUG&amp#27;[0;39m [&amp#27;[34mmain&amp#27;[0;39m] &amp#27;[33morg.hibernate.persister.walking.spi.MetamodelGraphWalker&amp#27;[0;39m: Visiting attribute path : name
&amp#27;[30m2020-02-08 10:21:37,877&amp#27;[0;39m &amp#27;[39mDEBUG&amp#27;[0;39m [&amp#27;[34mmain&amp#27;[0;39m] &amp#27;[33morg.hibernate.loader.plan.build.internal.FetchStyleLoadPlanBuildingAssociationVisitationStrategy&amp#27;[0;39m: Building LoadPlan...
&amp#27;[30m2020-02-08 10:21:37,878&amp#27;[0;39m &amp#27;[39mDEBUG&amp#27;[0;39m [&amp#27;[34mmain&amp#27;[0;39m] &amp#27;[33morg.hibernate.loader.plan.exec.internal.LoadQueryJoinAndFetchProcessor&amp#27;[0;39m: processing queryspace <gen:0>
&amp#27;[30m2020-02-08 10:21:37,879&amp#27;[0;39m &amp#27;[39mDEBUG&amp#27;[0;39m [&amp#27;[34mmain&amp#27;[0;39m] &amp#27;[33morg.hibernate.loader.plan.build.spi.LoadPlanTreePrinter&amp#27;[0;39m: LoadPlan(entity=in.rgukt.r081247.universityapi.entity.Department)
    - Returns
       - EntityReturnImpl(entity=in.rgukt.r081247.universityapi.entity.Department, querySpaceUid=<gen:0>, path=in.rgukt.r081247.universityapi.entity.Department)
          - CollectionAttributeFetchImpl(collection=in.rgukt.r081247.universityapi.entity.Department.courses, querySpaceUid=<gen:1>, path=in.rgukt.r081247.universityapi.entity.Department.courses)
             - (collection element) CollectionFetchableElementEntityGraph(entity=in.rgukt.r081247.universityapi.entity.Course, querySpaceUid=<gen:2>, path=in.rgukt.r081247.universityapi.entity.Department.courses.<elements>)
    - QuerySpaces
       - EntityQuerySpaceImpl(uid=<gen:0>, entity=in.rgukt.r081247.universityapi.entity.Department)
          - SQL table alias mapping - department0_
          - alias suffix - 0_
          - suffixed key columns - {id1_1_0_}

&amp#27;[30m2020-02-08 10:21:37,879&amp#27;[0;39m &amp#27;[39mDEBUG&amp#27;[0;39m [&amp#27;[34mmain&amp#27;[0;39m] &amp#27;[33morg.hibernate.loader.entity.plan.EntityLoader&amp#27;[0;39m: Static select for entity in.rgukt.r081247.universityapi.entity.Department [NONE]: select department0_.id as id1_1_0_, department0_.name as name2_1_0_ from department department0_ where department0_.id=?
&amp#27;[30m2020-02-08 10:21:37,879&amp#27;[0;39m &amp#27;[39mDEBUG&amp#27;[0;39m [&amp#27;[34mmain&amp#27;[0;39m] &amp#27;[33morg.hibernate.loader.plan.build.internal.spaces.QuerySpacesImpl&amp#27;[0;39m: Adding QuerySpace : uid = <gen:0> -> org.hibernate.loader.plan.build.internal.spaces.EntityQuerySpaceImpl@53bc6492]
&amp#27;[30m2020-02-08 10:21:37,880&amp#27;[0;39m &amp#27;[39mDEBUG&amp#27;[0;39m [&amp#27;[34mmain&amp#27;[0;39m] &amp#27;[33morg.hibernate.persister.walking.spi.MetamodelGraphWalker&amp#27;[0;39m: Visiting attribute path : courses
&amp#27;[30m2020-02-08 10:21:37,880&amp#27;[0;39m &amp#27;[39mDEBUG&amp#27;[0;39m [&amp#27;[34mmain&amp#27;[0;39m] &amp#27;[33morg.hibernate.loader.plan.build.internal.spaces.QuerySpacesImpl&amp#27;[0;39m: Adding QuerySpace : uid = <gen:1> -> org.hibernate.loader.plan.build.internal.spaces.CollectionQuerySpaceImpl@7fda84cf]
&amp#27;[30m2020-02-08 10:21:37,880&amp#27;[0;39m &amp#27;[39mDEBUG&amp#27;[0;39m [&amp#27;[34mmain&amp#27;[0;39m] &amp#27;[33morg.hibernate.loader.plan.build.internal.spaces.QuerySpacesImpl&amp#27;[0;39m: Adding QuerySpace : uid = <gen:2> -> org.hibernate.loader.plan.build.internal.spaces.EntityQuerySpaceImpl@313a3af8]
&amp#27;[30m2020-02-08 10:21:37,881&amp#27;[0;39m &amp#27;[39mDEBUG&amp#27;[0;39m [&amp#27;[34mmain&amp#27;[0;39m] &amp#27;[33morg.hibernate.persister.walking.spi.MetamodelGraphWalker&amp#27;[0;39m: Visiting attribute path : name
&amp#27;[30m2020-02-08 10:21:37,881&amp#27;[0;39m &amp#27;[39mDEBUG&amp#27;[0;39m [&amp#27;[34mmain&amp#27;[0;39m] &amp#27;[33morg.hibernate.loader.plan.build.internal.FetchStyleLoadPlanBuildingAssociationVisitationStrategy&amp#27;[0;39m: Building LoadPlan...
&amp#27;[30m2020-02-08 10:21:37,881&amp#27;[0;39m &amp#27;[39mDEBUG&amp#27;[0;39m [&amp#27;[34mmain&amp#27;[0;39m] &amp#27;[33morg.hibernate.loader.plan.exec.internal.LoadQueryJoinAndFetchProcessor&amp#27;[0;39m: processing queryspace <gen:0>
&amp#27;[30m2020-02-08 10:21:37,882&amp#27;[0;39m &amp#27;[39mDEBUG&amp#27;[0;39m [&amp#27;[34mmain&amp#27;[0;39m] &amp#27;[33morg.hibernate.loader.plan.build.spi.LoadPlanTreePrinter&amp#27;[0;39m: LoadPlan(entity=in.rgukt.r081247.universityapi.entity.Department)
    - Returns
       - EntityReturnImpl(entity=in.rgukt.r081247.universityapi.entity.Department, querySpaceUid=<gen:0>, path=in.rgukt.r081247.universityapi.entity.Department)
          - CollectionAttributeFetchImpl(collection=in.rgukt.r081247.universityapi.entity.Department.courses, querySpaceUid=<gen:1>, path=in.rgukt.r081247.universityapi.entity.Department.courses)
             - (collection element) CollectionFetchableElementEntityGraph(entity=in.rgukt.r081247.universityapi.entity.Course, querySpaceUid=<gen:2>, path=in.rgukt.r081247.universityapi.entity.Department.courses.<elements>)
    - QuerySpaces
       - EntityQuerySpaceImpl(uid=<gen:0>, entity=in.rgukt.r081247.universityapi.entity.Department)
          - SQL table alias mapping - department0_
          - alias suffix - 0_
          - suffixed key columns - {id1_1_0_}

&amp#27;[30m2020-02-08 10:21:37,882&amp#27;[0;39m &amp#27;[39mDEBUG&amp#27;[0;39m [&amp#27;[34mmain&amp#27;[0;39m] &amp#27;[33morg.hibernate.loader.entity.plan.EntityLoader&amp#27;[0;39m: Static select for entity in.rgukt.r081247.universityapi.entity.Department [READ]: select department0_.id as id1_1_0_, department0_.name as name2_1_0_ from department department0_ where department0_.id=?
&amp#27;[30m2020-02-08 10:21:37,883&amp#27;[0;39m &amp#27;[39mDEBUG&amp#27;[0;39m [&amp#27;[34mmain&amp#27;[0;39m] &amp#27;[33morg.hibernate.loader.entity.CascadeEntityLoader&amp#27;[0;39m: Static select for action ACTION_MERGE on entity in.rgukt.r081247.universityapi.entity.Department: select department0_.id as id1_1_1_, department0_.name as name2_1_1_, courses1_.department_id as departme3_0_3_, courses1_.id as id1_0_3_, courses1_.id as id1_0_0_, courses1_.department_id as departme3_0_0_, courses1_.name as name2_0_0_ from department department0_ left outer join course courses1_ on department0_.id=courses1_.department_id where department0_.id=?
&amp#27;[30m2020-02-08 10:21:37,884&amp#27;[0;39m &amp#27;[39mDEBUG&amp#27;[0;39m [&amp#27;[34mmain&amp#27;[0;39m] &amp#27;[33morg.hibernate.loader.entity.CascadeEntityLoader&amp#27;[0;39m: Static select for action ACTION_REFRESH on entity in.rgukt.r081247.universityapi.entity.Department: select department0_.id as id1_1_1_, department0_.name as name2_1_1_, courses1_.department_id as departme3_0_3_, courses1_.id as id1_0_3_, courses1_.id as id1_0_0_, courses1_.department_id as departme3_0_0_, courses1_.name as name2_0_0_ from department department0_ left outer join course courses1_ on department0_.id=courses1_.department_id where department0_.id=?
&amp#27;[30m2020-02-08 10:21:37,885&amp#27;[0;39m &amp#27;[39mDEBUG&amp#27;[0;39m [&amp#27;[34mmain&amp#27;[0;39m] &amp#27;[33morg.hibernate.persister.entity.AbstractEntityPersister&amp#27;[0;39m: Static SQL for entity: in.rgukt.r081247.universityapi.entity.Student
&amp#27;[30m2020-02-08 10:21:37,885&amp#27;[0;39m &amp#27;[39mDEBUG&amp#27;[0;39m [&amp#27;[34mmain&amp#27;[0;39m] &amp#27;[33morg.hibernate.persister.entity.AbstractEntityPersister&amp#27;[0;39m:  Version select: select id from student where id =?
&amp#27;[30m2020-02-08 10:21:37,885&amp#27;[0;39m &amp#27;[39mDEBUG&amp#27;[0;39m [&amp#27;[34mmain&amp#27;[0;39m] &amp#27;[33morg.hibernate.persister.entity.AbstractEntityPersister&amp#27;[0;39m:  Snapshot select: select student_.id, student_.dob as dob2_2_, student_.name as name3_2_ from student student_ where student_.id=?
&amp#27;[30m2020-02-08 10:21:37,885&amp#27;[0;39m &amp#27;[39mDEBUG&amp#27;[0;39m [&amp#27;[34mmain&amp#27;[0;39m] &amp#27;[33morg.jboss.logging.DelegatingBasicLogger&amp#27;[0;39m:  Insert 0: insert into student (dob, name, id) values (?, ?, ?)
&amp#27;[30m2020-02-08 10:21:37,886&amp#27;[0;39m &amp#27;[39mDEBUG&amp#27;[0;39m [&amp#27;[34mmain&amp#27;[0;39m] &amp#27;[33morg.jboss.logging.DelegatingBasicLogger&amp#27;[0;39m:  Update 0: update student set dob=?, name=? where id=?
&amp#27;[30m2020-02-08 10:21:37,886&amp#27;[0;39m &amp#27;[39mDEBUG&amp#27;[0;39m [&amp#27;[34mmain&amp#27;[0;39m] &amp#27;[33morg.jboss.logging.DelegatingBasicLogger&amp#27;[0;39m:  Delete 0: delete from student where id=?
&amp#27;[30m2020-02-08 10:21:37,886&amp#27;[0;39m &amp#27;[39mDEBUG&amp#27;[0;39m [&amp#27;[34mmain&amp#27;[0;39m] &amp#27;[33morg.hibernate.persister.entity.AbstractEntityPersister&amp#27;[0;39m:  Identity insert: insert into student (id, dob, name) values (null, ?, ?)
&amp#27;[30m2020-02-08 10:21:37,887&amp#27;[0;39m &amp#27;[39mDEBUG&amp#27;[0;39m [&amp#27;[34mmain&amp#27;[0;39m] &amp#27;[33morg.hibernate.loader.plan.build.internal.spaces.QuerySpacesImpl&amp#27;[0;39m: Adding QuerySpace : uid = <gen:0> -> org.hibernate.loader.plan.build.internal.spaces.EntityQuerySpaceImpl@19240b9]
&amp#27;[30m2020-02-08 10:21:37,887&amp#27;[0;39m &amp#27;[39mDEBUG&amp#27;[0;39m [&amp#27;[34mmain&amp#27;[0;39m] &amp#27;[33morg.hibernate.persister.walking.spi.MetamodelGraphWalker&amp#27;[0;39m: Visiting attribute path : courses
&amp#27;[30m2020-02-08 10:21:37,887&amp#27;[0;39m &amp#27;[39mDEBUG&amp#27;[0;39m [&amp#27;[34mmain&amp#27;[0;39m] &amp#27;[33morg.hibernate.loader.plan.build.internal.spaces.QuerySpacesImpl&amp#27;[0;39m: Adding QuerySpace : uid = <gen:1> -> org.hibernate.loader.plan.build.internal.spaces.CollectionQuerySpaceImpl@2e1003d9]
&amp#27;[30m2020-02-08 10:21:37,888&amp#27;[0;39m &amp#27;[39mDEBUG&amp#27;[0;39m [&amp#27;[34mmain&amp#27;[0;39m] &amp#27;[33morg.hibernate.loader.plan.build.internal.spaces.QuerySpacesImpl&amp#27;[0;39m: Adding QuerySpace : uid = <gen:2> -> org.hibernate.loader.plan.build.internal.spaces.EntityQuerySpaceImpl@4e9d1119]
&amp#27;[30m2020-02-08 10:21:37,888&amp#27;[0;39m &amp#27;[39mDEBUG&amp#27;[0;39m [&amp#27;[34mmain&amp#27;[0;39m] &amp#27;[33morg.hibernate.persister.walking.spi.MetamodelGraphWalker&amp#27;[0;39m: Visiting attribute path : dob
&amp#27;[30m2020-02-08 10:21:37,888&amp#27;[0;39m &amp#27;[39mDEBUG&amp#27;[0;39m [&amp#27;[34mmain&amp#27;[0;39m] &amp#27;[33morg.hibernate.persister.walking.spi.MetamodelGraphWalker&amp#27;[0;39m: Visiting attribute path : name
&amp#27;[30m2020-02-08 10:21:37,888&amp#27;[0;39m &amp#27;[39mDEBUG&amp#27;[0;39m [&amp#27;[34mmain&amp#27;[0;39m] &amp#27;[33morg.hibernate.loader.plan.build.internal.FetchStyleLoadPlanBuildingAssociationVisitationStrategy&amp#27;[0;39m: Building LoadPlan...
&amp#27;[30m2020-02-08 10:21:37,889&amp#27;[0;39m &amp#27;[39mDEBUG&amp#27;[0;39m [&amp#27;[34mmain&amp#27;[0;39m] &amp#27;[33morg.hibernate.loader.plan.exec.internal.LoadQueryJoinAndFetchProcessor&amp#27;[0;39m: processing queryspace <gen:0>
&amp#27;[30m2020-02-08 10:21:37,890&amp#27;[0;39m &amp#27;[39mDEBUG&amp#27;[0;39m [&amp#27;[34mmain&amp#27;[0;39m] &amp#27;[33morg.hibernate.loader.plan.build.spi.LoadPlanTreePrinter&amp#27;[0;39m: LoadPlan(entity=in.rgukt.r081247.universityapi.entity.Student)
    - Returns
       - EntityReturnImpl(entity=in.rgukt.r081247.universityapi.entity.Student, querySpaceUid=<gen:0>, path=in.rgukt.r081247.universityapi.entity.Student)
          - CollectionAttributeFetchImpl(collection=in.rgukt.r081247.universityapi.entity.Student.courses, querySpaceUid=<gen:1>, path=in.rgukt.r081247.universityapi.entity.Student.courses)
             - (collection element) CollectionFetchableElementEntityGraph(entity=in.rgukt.r081247.universityapi.entity.Course, querySpaceUid=<gen:2>, path=in.rgukt.r081247.universityapi.entity.Student.courses.<elements>)
    - QuerySpaces
       - EntityQuerySpaceImpl(uid=<gen:0>, entity=in.rgukt.r081247.universityapi.entity.Student)
          - SQL table alias mapping - student0_
          - alias suffix - 0_
          - suffixed key columns - {id1_2_0_}

&amp#27;[30m2020-02-08 10:21:37,890&amp#27;[0;39m &amp#27;[39mDEBUG&amp#27;[0;39m [&amp#27;[34mmain&amp#27;[0;39m] &amp#27;[33morg.hibernate.loader.entity.plan.EntityLoader&amp#27;[0;39m: Static select for entity in.rgukt.r081247.universityapi.entity.Student [NONE]: select student0_.id as id1_2_0_, student0_.dob as dob2_2_0_, student0_.name as name3_2_0_ from student student0_ where student0_.id=?
&amp#27;[30m2020-02-08 10:21:37,891&amp#27;[0;39m &amp#27;[39mDEBUG&amp#27;[0;39m [&amp#27;[34mmain&amp#27;[0;39m] &amp#27;[33morg.hibernate.loader.plan.build.internal.spaces.QuerySpacesImpl&amp#27;[0;39m: Adding QuerySpace : uid = <gen:0> -> org.hibernate.loader.plan.build.internal.spaces.EntityQuerySpaceImpl@5d1907fb]
&amp#27;[30m2020-02-08 10:21:37,891&amp#27;[0;39m &amp#27;[39mDEBUG&amp#27;[0;39m [&amp#27;[34mmain&amp#27;[0;39m] &amp#27;[33morg.hibernate.persister.walking.spi.MetamodelGraphWalker&amp#27;[0;39m: Visiting attribute path : courses
&amp#27;[30m2020-02-08 10:21:37,892&amp#27;[0;39m &amp#27;[39mDEBUG&amp#27;[0;39m [&amp#27;[34mmain&amp#27;[0;39m] &amp#27;[33morg.hibernate.loader.plan.build.internal.spaces.QuerySpacesImpl&amp#27;[0;39m: Adding QuerySpace : uid = <gen:1> -> org.hibernate.loader.plan.build.internal.spaces.CollectionQuerySpaceImpl@4ed90b04]
&amp#27;[30m2020-02-08 10:21:37,892&amp#27;[0;39m &amp#27;[39mDEBUG&amp#27;[0;39m [&amp#27;[34mmain&amp#27;[0;39m] &amp#27;[33morg.hibernate.loader.plan.build.internal.spaces.QuerySpacesImpl&amp#27;[0;39m: Adding QuerySpace : uid = <gen:2> -> org.hibernate.loader.plan.build.internal.spaces.EntityQuerySpaceImpl@686ace1f]
&amp#27;[30m2020-02-08 10:21:37,892&amp#27;[0;39m &amp#27;[39mDEBUG&amp#27;[0;39m [&amp#27;[34mmain&amp#27;[0;39m] &amp#27;[33morg.hibernate.persister.walking.spi.MetamodelGraphWalker&amp#27;[0;39m: Visiting attribute path : dob
&amp#27;[30m2020-02-08 10:21:37,892&amp#27;[0;39m &amp#27;[39mDEBUG&amp#27;[0;39m [&amp#27;[34mmain&amp#27;[0;39m] &amp#27;[33morg.hibernate.persister.walking.spi.MetamodelGraphWalker&amp#27;[0;39m: Visiting attribute path : name
&amp#27;[30m2020-02-08 10:21:37,893&amp#27;[0;39m &amp#27;[39mDEBUG&amp#27;[0;39m [&amp#27;[34mmain&amp#27;[0;39m] &amp#27;[33morg.hibernate.loader.plan.build.internal.FetchStyleLoadPlanBuildingAssociationVisitationStrategy&amp#27;[0;39m: Building LoadPlan...
&amp#27;[30m2020-02-08 10:21:37,893&amp#27;[0;39m &amp#27;[39mDEBUG&amp#27;[0;39m [&amp#27;[34mmain&amp#27;[0;39m] &amp#27;[33morg.hibernate.loader.plan.exec.internal.LoadQueryJoinAndFetchProcessor&amp#27;[0;39m: processing queryspace <gen:0>
&amp#27;[30m2020-02-08 10:21:37,894&amp#27;[0;39m &amp#27;[39mDEBUG&amp#27;[0;39m [&amp#27;[34mmain&amp#27;[0;39m] &amp#27;[33morg.hibernate.loader.plan.build.spi.LoadPlanTreePrinter&amp#27;[0;39m: LoadPlan(entity=in.rgukt.r081247.universityapi.entity.Student)
    - Returns
       - EntityReturnImpl(entity=in.rgukt.r081247.universityapi.entity.Student, querySpaceUid=<gen:0>, path=in.rgukt.r081247.universityapi.entity.Student)
          - CollectionAttributeFetchImpl(collection=in.rgukt.r081247.universityapi.entity.Student.courses, querySpaceUid=<gen:1>, path=in.rgukt.r081247.universityapi.entity.Student.courses)
             - (collection element) CollectionFetchableElementEntityGraph(entity=in.rgukt.r081247.universityapi.entity.Course, querySpaceUid=<gen:2>, path=in.rgukt.r081247.universityapi.entity.Student.courses.<elements>)
    - QuerySpaces
       - EntityQuerySpaceImpl(uid=<gen:0>, entity=in.rgukt.r081247.universityapi.entity.Student)
          - SQL table alias mapping - student0_
          - alias suffix - 0_
          - suffixed key columns - {id1_2_0_}

&amp#27;[30m2020-02-08 10:21:37,894&amp#27;[0;39m &amp#27;[39mDEBUG&amp#27;[0;39m [&amp#27;[34mmain&amp#27;[0;39m] &amp#27;[33morg.hibernate.loader.entity.plan.EntityLoader&amp#27;[0;39m: Static select for entity in.rgukt.r081247.universityapi.entity.Student [READ]: select student0_.id as id1_2_0_, student0_.dob as dob2_2_0_, student0_.name as name3_2_0_ from student student0_ where student0_.id=?
&amp#27;[30m2020-02-08 10:21:37,895&amp#27;[0;39m &amp#27;[39mDEBUG&amp#27;[0;39m [&amp#27;[34mmain&amp#27;[0;39m] &amp#27;[33morg.hibernate.loader.entity.CascadeEntityLoader&amp#27;[0;39m: Static select for action ACTION_MERGE on entity in.rgukt.r081247.universityapi.entity.Student: select student0_.id as id1_2_1_, student0_.dob as dob2_2_1_, student0_.name as name3_2_1_, courses1_.student_id as student_1_3_3_, course2_.id as course_i2_3_3_, course2_.id as id1_0_0_, course2_.department_id as departme3_0_0_, course2_.name as name2_0_0_ from student student0_ left outer join student_course courses1_ on student0_.id=courses1_.student_id left outer join course course2_ on courses1_.course_id=course2_.id where student0_.id=?
&amp#27;[30m2020-02-08 10:21:37,896&amp#27;[0;39m &amp#27;[39mDEBUG&amp#27;[0;39m [&amp#27;[34mmain&amp#27;[0;39m] &amp#27;[33morg.hibernate.loader.entity.CascadeEntityLoader&amp#27;[0;39m: Static select for action ACTION_REFRESH on entity in.rgukt.r081247.universityapi.entity.Student: select student0_.id as id1_2_1_, student0_.dob as dob2_2_1_, student0_.name as name3_2_1_, courses1_.student_id as student_1_3_3_, course2_.id as course_i2_3_3_, course2_.id as id1_0_0_, course2_.department_id as departme3_0_0_, course2_.name as name2_0_0_ from student student0_ left outer join student_course courses1_ on student0_.id=courses1_.student_id left outer join course course2_ on courses1_.course_id=course2_.id where student0_.id=?
&amp#27;[30m2020-02-08 10:21:37,897&amp#27;[0;39m &amp#27;[39mDEBUG&amp#27;[0;39m [&amp#27;[34mmain&amp#27;[0;39m] &amp#27;[33morg.hibernate.loader.plan.build.internal.spaces.QuerySpacesImpl&amp#27;[0;39m: Adding QuerySpace : uid = <gen:0> -> org.hibernate.loader.plan.build.internal.spaces.CollectionQuerySpaceImpl@7dd92a36]
&amp#27;[30m2020-02-08 10:21:37,897&amp#27;[0;39m &amp#27;[39mDEBUG&amp#27;[0;39m [&amp#27;[34mmain&amp#27;[0;39m] &amp#27;[33morg.hibernate.loader.plan.build.internal.spaces.QuerySpacesImpl&amp#27;[0;39m: Adding QuerySpace : uid = <gen:1> -> org.hibernate.loader.plan.build.internal.spaces.EntityQuerySpaceImpl@531ed68e]
&amp#27;[30m2020-02-08 10:21:37,897&amp#27;[0;39m &amp#27;[39mDEBUG&amp#27;[0;39m [&amp#27;[34mmain&amp#27;[0;39m] &amp#27;[33morg.hibernate.persister.walking.spi.MetamodelGraphWalker&amp#27;[0;39m: Visiting attribute path : department
&amp#27;[30m2020-02-08 10:21:37,898&amp#27;[0;39m &amp#27;[39mDEBUG&amp#27;[0;39m [&amp#27;[34mmain&amp#27;[0;39m] &amp#27;[33morg.hibernate.loader.plan.build.internal.spaces.QuerySpacesImpl&amp#27;[0;39m: Adding QuerySpace : uid = <gen:2> -> org.hibernate.loader.plan.build.internal.spaces.EntityQuerySpaceImpl@5f815f93]
&amp#27;[30m2020-02-08 10:21:37,898&amp#27;[0;39m &amp#27;[39mDEBUG&amp#27;[0;39m [&amp#27;[34mmain&amp#27;[0;39m] &amp#27;[33morg.hibernate.persister.walking.spi.MetamodelGraphWalker&amp#27;[0;39m: Visiting attribute path : name
&amp#27;[30m2020-02-08 10:21:37,898&amp#27;[0;39m &amp#27;[39mDEBUG&amp#27;[0;39m [&amp#27;[34mmain&amp#27;[0;39m] &amp#27;[33morg.hibernate.persister.walking.spi.MetamodelGraphWalker&amp#27;[0;39m: Visiting attribute path : students
&amp#27;[30m2020-02-08 10:21:37,898&amp#27;[0;39m &amp#27;[39mDEBUG&amp#27;[0;39m [&amp#27;[34mmain&amp#27;[0;39m] &amp#27;[33morg.hibernate.persister.walking.spi.MetamodelGraphWalker&amp#27;[0;39m: Property path deemed to be circular : students
&amp#27;[30m2020-02-08 10:21:37,899&amp#27;[0;39m &amp#27;[39mDEBUG&amp#27;[0;39m [&amp#27;[34mmain&amp#27;[0;39m] &amp#27;[33morg.hibernate.loader.plan.build.internal.FetchStyleLoadPlanBuildingAssociationVisitationStrategy&amp#27;[0;39m: Building LoadPlan...
&amp#27;[30m2020-02-08 10:21:37,899&amp#27;[0;39m &amp#27;[39mDEBUG&amp#27;[0;39m [&amp#27;[34mmain&amp#27;[0;39m] &amp#27;[33morg.hibernate.loader.plan.exec.internal.LoadQueryJoinAndFetchProcessor&amp#27;[0;39m: processing queryspace <gen:0>
&amp#27;[30m2020-02-08 10:21:37,900&amp#27;[0;39m &amp#27;[39mDEBUG&amp#27;[0;39m [&amp#27;[34mmain&amp#27;[0;39m] &amp#27;[33morg.hibernate.loader.plan.build.spi.LoadPlanTreePrinter&amp#27;[0;39m: LoadPlan(collection=in.rgukt.r081247.universityapi.entity.Student.courses)
    - Returns
       - CollectionReturnImpl(collection=in.rgukt.r081247.universityapi.entity.Student.courses, querySpaceUid=<gen:0>, path=[in.rgukt.r081247.universityapi.entity.Student.courses])
          - (collection element) CollectionFetchableElementEntityGraph(entity=in.rgukt.r081247.universityapi.entity.Course, querySpaceUid=<gen:1>, path=[in.rgukt.r081247.universityapi.entity.Student.courses].<elements>)
             - EntityAttributeFetchImpl(entity=in.rgukt.r081247.universityapi.entity.Department, querySpaceUid=<gen:2>, path=[in.rgukt.r081247.universityapi.entity.Student.courses].<elements>.department)
    - QuerySpaces
       - CollectionQuerySpaceImpl(uid=<gen:0>, collection=in.rgukt.r081247.universityapi.entity.Student.courses)
          - SQL table alias mapping - courses0_
          - alias suffix - 0_
          - suffixed key columns - {student_1_3_0_}
          - entity-element alias suffix - 1_
          - 1_entity-element suffixed key columns - id1_0_1_
          - JOIN (JoinDefinedByMetadata(elements)) : <gen:0> -> <gen:1>
             - EntityQuerySpaceImpl(uid=<gen:1>, entity=in.rgukt.r081247.universityapi.entity.Course)
                - SQL table alias mapping - course1_
                - alias suffix - 1_
                - suffixed key columns - {id1_0_1_}

&amp#27;[30m2020-02-08 10:21:37,901&amp#27;[0;39m &amp#27;[39mDEBUG&amp#27;[0;39m [&amp#27;[34mmain&amp#27;[0;39m] &amp#27;[33morg.hibernate.loader.collection.plan.CollectionLoader&amp#27;[0;39m: Static select for collection in.rgukt.r081247.universityapi.entity.Student.courses: select courses0_.student_id as student_1_3_0_, courses0_.course_id as course_i2_3_0_, course1_.id as id1_0_1_, course1_.department_id as departme3_0_1_, course1_.name as name2_0_1_ from student_course courses0_ inner join course course1_ on courses0_.course_id=course1_.id where courses0_.student_id=?
&amp#27;[30m2020-02-08 10:21:37,901&amp#27;[0;39m &amp#27;[39mDEBUG&amp#27;[0;39m [&amp#27;[34mmain&amp#27;[0;39m] &amp#27;[33morg.hibernate.loader.plan.build.internal.spaces.QuerySpacesImpl&amp#27;[0;39m: Adding QuerySpace : uid = <gen:0> -> org.hibernate.loader.plan.build.internal.spaces.CollectionQuerySpaceImpl@7a8e484b]
&amp#27;[30m2020-02-08 10:21:37,901&amp#27;[0;39m &amp#27;[39mDEBUG&amp#27;[0;39m [&amp#27;[34mmain&amp#27;[0;39m] &amp#27;[33morg.hibernate.loader.plan.build.internal.spaces.QuerySpacesImpl&amp#27;[0;39m: Adding QuerySpace : uid = <gen:1> -> org.hibernate.loader.plan.build.internal.spaces.EntityQuerySpaceImpl@643f8ebe]
&amp#27;[30m2020-02-08 10:21:37,902&amp#27;[0;39m &amp#27;[39mDEBUG&amp#27;[0;39m [&amp#27;[34mmain&amp#27;[0;39m] &amp#27;[33morg.hibernate.persister.walking.spi.MetamodelGraphWalker&amp#27;[0;39m: Visiting attribute path : department
&amp#27;[30m2020-02-08 10:21:37,902&amp#27;[0;39m &amp#27;[39mDEBUG&amp#27;[0;39m [&amp#27;[34mmain&amp#27;[0;39m] &amp#27;[33morg.hibernate.persister.walking.spi.MetamodelGraphWalker&amp#27;[0;39m: Property path deemed to be circular : department
&amp#27;[30m2020-02-08 10:21:37,902&amp#27;[0;39m &amp#27;[39mDEBUG&amp#27;[0;39m [&amp#27;[34mmain&amp#27;[0;39m] &amp#27;[33morg.hibernate.persister.walking.spi.MetamodelGraphWalker&amp#27;[0;39m: Visiting attribute path : name
&amp#27;[30m2020-02-08 10:21:37,902&amp#27;[0;39m &amp#27;[39mDEBUG&amp#27;[0;39m [&amp#27;[34mmain&amp#27;[0;39m] &amp#27;[33morg.hibernate.persister.walking.spi.MetamodelGraphWalker&amp#27;[0;39m: Visiting attribute path : students
&amp#27;[30m2020-02-08 10:21:37,903&amp#27;[0;39m &amp#27;[39mDEBUG&amp#27;[0;39m [&amp#27;[34mmain&amp#27;[0;39m] &amp#27;[33morg.hibernate.loader.plan.build.internal.spaces.QuerySpacesImpl&amp#27;[0;39m: Adding QuerySpace : uid = <gen:2> -> org.hibernate.loader.plan.build.internal.spaces.CollectionQuerySpaceImpl@386d41cb]
&amp#27;[30m2020-02-08 10:21:37,903&amp#27;[0;39m &amp#27;[39mDEBUG&amp#27;[0;39m [&amp#27;[34mmain&amp#27;[0;39m] &amp#27;[33morg.hibernate.loader.plan.build.internal.spaces.QuerySpacesImpl&amp#27;[0;39m: Adding QuerySpace : uid = <gen:3> -> org.hibernate.loader.plan.build.internal.spaces.EntityQuerySpaceImpl@20bf7206]
&amp#27;[30m2020-02-08 10:21:37,903&amp#27;[0;39m &amp#27;[39mDEBUG&amp#27;[0;39m [&amp#27;[34mmain&amp#27;[0;39m] &amp#27;[33morg.hibernate.loader.plan.build.internal.FetchStyleLoadPlanBuildingAssociationVisitationStrategy&amp#27;[0;39m: Building LoadPlan...
&amp#27;[30m2020-02-08 10:21:37,904&amp#27;[0;39m &amp#27;[39mDEBUG&amp#27;[0;39m [&amp#27;[34mmain&amp#27;[0;39m] &amp#27;[33morg.hibernate.loader.plan.exec.internal.LoadQueryJoinAndFetchProcessor&amp#27;[0;39m: processing queryspace <gen:0>
&amp#27;[30m2020-02-08 10:21:37,905&amp#27;[0;39m &amp#27;[39mDEBUG&amp#27;[0;39m [&amp#27;[34mmain&amp#27;[0;39m] &amp#27;[33morg.hibernate.loader.plan.build.spi.LoadPlanTreePrinter&amp#27;[0;39m: LoadPlan(collection=in.rgukt.r081247.universityapi.entity.Department.courses)
    - Returns
       - CollectionReturnImpl(collection=in.rgukt.r081247.universityapi.entity.Department.courses, querySpaceUid=<gen:0>, path=[in.rgukt.r081247.universityapi.entity.Department.courses])
          - (collection element) CollectionFetchableElementEntityGraph(entity=in.rgukt.r081247.universityapi.entity.Course, querySpaceUid=<gen:1>, path=[in.rgukt.r081247.universityapi.entity.Department.courses].<elements>)
             - CollectionAttributeFetchImpl(collection=in.rgukt.r081247.universityapi.entity.Course.students, querySpaceUid=<gen:2>, path=[in.rgukt.r081247.universityapi.entity.Department.courses].<elements>.students)
                - (collection element) CollectionFetchableElementEntityGraph(entity=in.rgukt.r081247.universityapi.entity.Student, querySpaceUid=<gen:3>, path=[in.rgukt.r081247.universityapi.entity.Department.courses].<elements>.students.<elements>)
    - QuerySpaces
       - CollectionQuerySpaceImpl(uid=<gen:0>, collection=in.rgukt.r081247.universityapi.entity.Department.courses)
          - SQL table alias mapping - courses0_
          - alias suffix - 0_
          - suffixed key columns - {departme3_0_0_}
          - entity-element alias suffix - 1_
          - 1_entity-element suffixed key columns - id1_0_1_
          - JOIN (JoinDefinedByMetadata(elements)) : <gen:0> -> <gen:1>
             - EntityQuerySpaceImpl(uid=<gen:1>, entity=in.rgukt.r081247.universityapi.entity.Course)
                - SQL table alias mapping - courses0_
                - alias suffix - 1_
                - suffixed key columns - {id1_0_1_}

&amp#27;[30m2020-02-08 10:21:37,905&amp#27;[0;39m &amp#27;[39mDEBUG&amp#27;[0;39m [&amp#27;[34mmain&amp#27;[0;39m] &amp#27;[33morg.hibernate.loader.collection.plan.CollectionLoader&amp#27;[0;39m: Static select for collection in.rgukt.r081247.universityapi.entity.Department.courses: select courses0_.department_id as departme3_0_0_, courses0_.id as id1_0_0_, courses0_.id as id1_0_1_, courses0_.department_id as departme3_0_1_, courses0_.name as name2_0_1_ from course courses0_ where courses0_.department_id=?
&amp#27;[30m2020-02-08 10:21:37,906&amp#27;[0;39m &amp#27;[39mDEBUG&amp#27;[0;39m [&amp#27;[34mmain&amp#27;[0;39m] &amp#27;[33morg.hibernate.loader.plan.build.internal.spaces.QuerySpacesImpl&amp#27;[0;39m: Adding QuerySpace : uid = <gen:0> -> org.hibernate.loader.plan.build.internal.spaces.CollectionQuerySpaceImpl@4cb939d5]
&amp#27;[30m2020-02-08 10:21:37,906&amp#27;[0;39m &amp#27;[39mDEBUG&amp#27;[0;39m [&amp#27;[34mmain&amp#27;[0;39m] &amp#27;[33morg.hibernate.loader.plan.build.internal.spaces.QuerySpacesImpl&amp#27;[0;39m: Adding QuerySpace : uid = <gen:1> -> org.hibernate.loader.plan.build.internal.spaces.EntityQuerySpaceImpl@30b0f674]
&amp#27;[30m2020-02-08 10:21:37,907&amp#27;[0;39m &amp#27;[39mDEBUG&amp#27;[0;39m [&amp#27;[34mmain&amp#27;[0;39m] &amp#27;[33morg.hibernate.persister.walking.spi.MetamodelGraphWalker&amp#27;[0;39m: Visiting attribute path : courses
&amp#27;[30m2020-02-08 10:21:37,907&amp#27;[0;39m &amp#27;[39mDEBUG&amp#27;[0;39m [&amp#27;[34mmain&amp#27;[0;39m] &amp#27;[33morg.hibernate.persister.walking.spi.MetamodelGraphWalker&amp#27;[0;39m: Property path deemed to be circular : courses
&amp#27;[30m2020-02-08 10:21:37,907&amp#27;[0;39m &amp#27;[39mDEBUG&amp#27;[0;39m [&amp#27;[34mmain&amp#27;[0;39m] &amp#27;[33morg.hibernate.persister.walking.spi.MetamodelGraphWalker&amp#27;[0;39m: Visiting attribute path : dob
&amp#27;[30m2020-02-08 10:21:37,907&amp#27;[0;39m &amp#27;[39mDEBUG&amp#27;[0;39m [&amp#27;[34mmain&amp#27;[0;39m] &amp#27;[33morg.hibernate.persister.walking.spi.MetamodelGraphWalker&amp#27;[0;39m: Visiting attribute path : name
&amp#27;[30m2020-02-08 10:21:37,908&amp#27;[0;39m &amp#27;[39mDEBUG&amp#27;[0;39m [&amp#27;[34mmain&amp#27;[0;39m] &amp#27;[33morg.hibernate.loader.plan.build.internal.FetchStyleLoadPlanBuildingAssociationVisitationStrategy&amp#27;[0;39m: Building LoadPlan...
&amp#27;[30m2020-02-08 10:21:37,908&amp#27;[0;39m &amp#27;[39mDEBUG&amp#27;[0;39m [&amp#27;[34mmain&amp#27;[0;39m] &amp#27;[33morg.hibernate.loader.plan.exec.internal.LoadQueryJoinAndFetchProcessor&amp#27;[0;39m: processing queryspace <gen:0>
&amp#27;[30m2020-02-08 10:21:37,909&amp#27;[0;39m &amp#27;[39mDEBUG&amp#27;[0;39m [&amp#27;[34mmain&amp#27;[0;39m] &amp#27;[33morg.hibernate.loader.plan.build.spi.LoadPlanTreePrinter&amp#27;[0;39m: LoadPlan(collection=in.rgukt.r081247.universityapi.entity.Course.students)
    - Returns
       - CollectionReturnImpl(collection=in.rgukt.r081247.universityapi.entity.Course.students, querySpaceUid=<gen:0>, path=[in.rgukt.r081247.universityapi.entity.Course.students])
          - (collection element) CollectionFetchableElementEntityGraph(entity=in.rgukt.r081247.universityapi.entity.Student, querySpaceUid=<gen:1>, path=[in.rgukt.r081247.universityapi.entity.Course.students].<elements>)
    - QuerySpaces
       - CollectionQuerySpaceImpl(uid=<gen:0>, collection=in.rgukt.r081247.universityapi.entity.Course.students)
          - SQL table alias mapping - students0_
          - alias suffix - 0_
          - suffixed key columns - {course_i2_3_0_}
          - entity-element alias suffix - 1_
          - 1_entity-element suffixed key columns - id1_2_1_
          - JOIN (JoinDefinedByMetadata(elements)) : <gen:0> -> <gen:1>
             - EntityQuerySpaceImpl(uid=<gen:1>, entity=in.rgukt.r081247.universityapi.entity.Student)
                - SQL table alias mapping - student1_
                - alias suffix - 1_
                - suffixed key columns - {id1_2_1_}

&amp#27;[30m2020-02-08 10:21:37,909&amp#27;[0;39m &amp#27;[39mDEBUG&amp#27;[0;39m [&amp#27;[34mmain&amp#27;[0;39m] &amp#27;[33morg.hibernate.loader.collection.plan.CollectionLoader&amp#27;[0;39m: Static select for collection in.rgukt.r081247.universityapi.entity.Course.students: select students0_.course_id as course_i2_3_0_, students0_.student_id as student_1_3_0_, student1_.id as id1_2_1_, student1_.dob as dob2_2_1_, student1_.name as name3_2_1_ from student_course students0_ inner join student student1_ on students0_.student_id=student1_.id where students0_.course_id=?
&amp#27;[30m2020-02-08 10:21:37,912&amp#27;[0;39m &amp#27;[39mDEBUG&amp#27;[0;39m [&amp#27;[34mmain&amp#27;[0;39m] &amp#27;[33morg.hibernate.engine.jdbc.spi.SqlStatementLogger&amp#27;[0;39m: 
    
    drop table course if exists
&amp#27;[30m2020-02-08 10:21:37,912&amp#27;[0;39m &amp#27;[39mDEBUG&amp#27;[0;39m [&amp#27;[34mmain&amp#27;[0;39m] &amp#27;[33morg.hibernate.engine.jdbc.spi.SqlStatementLogger&amp#27;[0;39m: 
    
    drop table department if exists
&amp#27;[30m2020-02-08 10:21:37,913&amp#27;[0;39m &amp#27;[39mDEBUG&amp#27;[0;39m [&amp#27;[34mmain&amp#27;[0;39m] &amp#27;[33morg.hibernate.engine.jdbc.spi.SqlStatementLogger&amp#27;[0;39m: 
    
    drop table student if exists
&amp#27;[30m2020-02-08 10:21:37,913&amp#27;[0;39m &amp#27;[39mDEBUG&amp#27;[0;39m [&amp#27;[34mmain&amp#27;[0;39m] &amp#27;[33morg.hibernate.engine.jdbc.spi.SqlStatementLogger&amp#27;[0;39m: 
    
    drop table student_course if exists
&amp#27;[30m2020-02-08 10:21:37,914&amp#27;[0;39m &amp#27;[39mDEBUG&amp#27;[0;39m [&amp#27;[34mmain&amp#27;[0;39m] &amp#27;[33morg.hibernate.engine.jdbc.spi.SqlStatementLogger&amp#27;[0;39m: 
    
    create table course (
       id bigint generated by default as identity,
        name varchar(100) not null,
        department_id bigint,
        primary key (id)
    )
&amp#27;[30m2020-02-08 10:21:37,916&amp#27;[0;39m &amp#27;[39mDEBUG&amp#27;[0;39m [&amp#27;[34mmain&amp#27;[0;39m] &amp#27;[33morg.hibernate.engine.jdbc.spi.SqlStatementLogger&amp#27;[0;39m: 
    
    create table department (
       id bigint generated by default as identity,
        name varchar(100) not null,
        primary key (id)
    )
&amp#27;[30m2020-02-08 10:21:37,919&amp#27;[0;39m &amp#27;[39mDEBUG&amp#27;[0;39m [&amp#27;[34mmain&amp#27;[0;39m] &amp#27;[33morg.hibernate.engine.jdbc.spi.SqlStatementLogger&amp#27;[0;39m: 
    
    create table student (
       id bigint generated by default as identity,
        dob date,
        name varchar(100) not null,
        primary key (id)
    )
&amp#27;[30m2020-02-08 10:21:37,922&amp#27;[0;39m &amp#27;[39mDEBUG&amp#27;[0;39m [&amp#27;[34mmain&amp#27;[0;39m] &amp#27;[33morg.hibernate.engine.jdbc.spi.SqlStatementLogger&amp#27;[0;39m: 
    
    create table student_course (
       student_id bigint not null,
        course_id bigint not null,
        primary key (student_id, course_id)
    )
&amp#27;[30m2020-02-08 10:21:37,924&amp#27;[0;39m &amp#27;[39mDEBUG&amp#27;[0;39m [&amp#27;[34mmain&amp#27;[0;39m] &amp#27;[33morg.hibernate.engine.jdbc.spi.SqlStatementLogger&amp#27;[0;39m: 
    
    alter table course 
       add constraint FKi1btm7ma8n3gaj6afdno300wm 
       foreign key (department_id) 
       references department
&amp#27;[30m2020-02-08 10:21:37,928&amp#27;[0;39m &amp#27;[39mDEBUG&amp#27;[0;39m [&amp#27;[34mmain&amp#27;[0;39m] &amp#27;[33morg.hibernate.engine.jdbc.spi.SqlStatementLogger&amp#27;[0;39m: 
    
    alter table student_course 
       add constraint FKejrkh4gv8iqgmspsanaji90ws 
       foreign key (course_id) 
       references course
&amp#27;[30m2020-02-08 10:21:37,932&amp#27;[0;39m &amp#27;[39mDEBUG&amp#27;[0;39m [&amp#27;[34mmain&amp#27;[0;39m] &amp#27;[33morg.hibernate.engine.jdbc.spi.SqlStatementLogger&amp#27;[0;39m: 
    
    alter table student_course 
       add constraint FKq7yw2wg9wlt2cnj480hcdn6dq 
       foreign key (student_id) 
       references student
&amp#27;[30m2020-02-08 10:21:37,936&amp#27;[0;39m &amp#27;[34mINFO &amp#27;[0;39m [&amp#27;[34mmain&amp#27;[0;39m] &amp#27;[33morg.hibernate.tool.schema.internal.SchemaCreatorImpl&amp#27;[0;39m: HHH000476: Executing import script 'org.hibernate.tool.schema.internal.exec.ScriptSourceInputNonExistentImpl@6ab1f85b'
&amp#27;[30m2020-02-08 10:21:37,936&amp#27;[0;39m &amp#27;[39mDEBUG&amp#27;[0;39m [&amp#27;[34mmain&amp#27;[0;39m] &amp#27;[33morg.hibernate.query.spi.NamedQueryRepository&amp#27;[0;39m: Checking 0 named HQL queries
&amp#27;[30m2020-02-08 10:21:37,936&amp#27;[0;39m &amp#27;[39mDEBUG&amp#27;[0;39m [&amp#27;[34mmain&amp#27;[0;39m] &amp#27;[33morg.hibernate.query.spi.NamedQueryRepository&amp#27;[0;39m: Checking 0 named SQL queries
&amp#27;[30m2020-02-08 10:21:37,937&amp#27;[0;39m &amp#27;[39mDEBUG&amp#27;[0;39m [&amp#27;[34mmain&amp#27;[0;39m] &amp#27;[33morg.hibernate.internal.SessionFactoryRegistry&amp#27;[0;39m: Registering SessionFactory: b2661a50-34f6-481f-86b5-338bd5f49c17 (<unnamed>)
&amp#27;[30m2020-02-08 10:21:37,937&amp#27;[0;39m &amp#27;[39mDEBUG&amp#27;[0;39m [&amp#27;[34mmain&amp#27;[0;39m] &amp#27;[33morg.hibernate.internal.SessionFactoryRegistry&amp#27;[0;39m: Not binding SessionFactory to JNDI, no JNDI name configured
&amp#27;[30m2020-02-08 10:21:37,937&amp#27;[0;39m &amp#27;[34mINFO &amp#27;[0;39m [&amp#27;[34mmain&amp#27;[0;39m] &amp#27;[33morg.springframework.orm.jpa.AbstractEntityManagerFactoryBean&amp#27;[0;39m: Initialized JPA EntityManagerFactory for persistence unit 'default'
&amp#27;[30m2020-02-08 10:21:37,944&amp#27;[0;39m &amp#27;[39mDEBUG&amp#27;[0;39m [&amp#27;[34mmain&amp#27;[0;39m] &amp#27;[33morg.springframework.beans.factory.support.DefaultSingletonBeanRegistry&amp#27;[0;39m: Creating shared instance of singleton bean 'delegatingApplicationListener'
&amp#27;[30m2020-02-08 10:21:37,947&amp#27;[0;39m &amp#27;[39mDEBUG&amp#27;[0;39m [&amp#27;[34mmain&amp#27;[0;39m] &amp#27;[33morg.springframework.beans.factory.support.DefaultSingletonBeanRegistry&amp#27;[0;39m: Creating shared instance of singleton bean 'crmApplication'
&amp#27;[30m2020-02-08 10:21:37,951&amp#27;[0;39m &amp#27;[39mDEBUG&amp#27;[0;39m [&amp#27;[34mmain&amp#27;[0;39m] &amp#27;[33morg.springframework.beans.factory.support.DefaultSingletonBeanRegistry&amp#27;[0;39m: Creating shared instance of singleton bean 'crmCofig'
&amp#27;[30m2020-02-08 10:21:37,954&amp#27;[0;39m &amp#27;[39mDEBUG&amp#27;[0;39m [&amp#27;[34mmain&amp#27;[0;39m] &amp#27;[33morg.springframework.beans.factory.support.DefaultSingletonBeanRegistry&amp#27;[0;39m: Creating shared instance of singleton bean 'securityConfiguration'
&amp#27;[30m2020-02-08 10:21:37,966&amp#27;[0;39m &amp#27;[39mDEBUG&amp#27;[0;39m [&amp#27;[34mmain&amp#27;[0;39m] &amp#27;[33morg.springframework.beans.factory.support.DefaultSingletonBeanRegistry&amp#27;[0;39m: Creating shared instance of singleton bean 'mvcContentNegotiationManager'
&amp#27;[30m2020-02-08 10:21:37,966&amp#27;[0;39m &amp#27;[39mDEBUG&amp#27;[0;39m [&amp#27;[34mmain&amp#27;[0;39m] &amp#27;[33morg.springframework.beans.factory.support.DefaultSingletonBeanRegistry&amp#27;[0;39m: Creating shared instance of singleton bean 'org.springframework.boot.autoconfigure.web.servlet.WebMvcAutoConfiguration$EnableWebMvcConfiguration'
&amp#27;[30m2020-02-08 10:21:37,967&amp#27;[0;39m &amp#27;[39mDEBUG&amp#27;[0;39m [&amp#27;[34mmain&amp#27;[0;39m] &amp#27;[33morg.springframework.core.LocalVariableTableParameterNameDiscoverer&amp#27;[0;39m: Cannot find '.class' file for class [class org.springframework.boot.autoconfigure.web.servlet.WebMvcAutoConfiguration$EnableWebMvcConfiguration$$EnhancerBySpringCGLIB$$415b28eb] - unable to determine constructor/method parameter names
&amp#27;[30m2020-02-08 10:21:37,968&amp#27;[0;39m &amp#27;[39mDEBUG&amp#27;[0;39m [&amp#27;[34mmain&amp#27;[0;39m] &amp#27;[33morg.springframework.beans.factory.support.ConstructorResolver&amp#27;[0;39m: Autowiring by type from bean name 'org.springframework.boot.autoconfigure.web.servlet.WebMvcAutoConfiguration$EnableWebMvcConfiguration' via constructor to bean named 'org.springframework.beans.factory.support.DefaultListableBeanFactory@7dd2a5f7'
&amp#27;[30m2020-02-08 10:21:37,981&amp#27;[0;39m &amp#27;[39mDEBUG&amp#27;[0;39m [&amp#27;[34mmain&amp#27;[0;39m] &amp#27;[33morg.springframework.beans.factory.support.DefaultSingletonBeanRegistry&amp#27;[0;39m: Creating shared instance of singleton bean 'org.springframework.security.config.annotation.web.configuration.WebMvcSecurityConfiguration'
&amp#27;[30m2020-02-08 10:21:37,987&amp#27;[0;39m &amp#27;[39mDEBUG&amp#27;[0;39m [&amp#27;[34mmain&amp#27;[0;39m] &amp#27;[33morg.springframework.beans.factory.support.DefaultSingletonBeanRegistry&amp#27;[0;39m: Creating shared instance of singleton bean 'org.springframework.boot.autoconfigure.web.servlet.WebMvcAutoConfiguration$WebMvcAutoConfigurationAdapter'
&amp#27;[30m2020-02-08 10:21:37,987&amp#27;[0;39m &amp#27;[39mDEBUG&amp#27;[0;39m [&amp#27;[34mmain&amp#27;[0;39m] &amp#27;[33morg.springframework.core.LocalVariableTableParameterNameDiscoverer&amp#27;[0;39m: Cannot find '.class' file for class [class org.springframework.boot.autoconfigure.web.servlet.WebMvcAutoConfiguration$WebMvcAutoConfigurationAdapter$$EnhancerBySpringCGLIB$$e35ef3d0] - unable to determine constructor/method parameter names
&amp#27;[30m2020-02-08 10:21:37,989&amp#27;[0;39m &amp#27;[39mDEBUG&amp#27;[0;39m [&amp#27;[34mmain&amp#27;[0;39m] &amp#27;[33morg.springframework.beans.factory.support.ConstructorResolver&amp#27;[0;39m: Autowiring by type from bean name 'org.springframework.boot.autoconfigure.web.servlet.WebMvcAutoConfiguration$WebMvcAutoConfigurationAdapter' via constructor to bean named 'spring.resources-org.springframework.boot.autoconfigure.web.ResourceProperties'
&amp#27;[30m2020-02-08 10:21:37,990&amp#27;[0;39m &amp#27;[39mDEBUG&amp#27;[0;39m [&amp#27;[34mmain&amp#27;[0;39m] &amp#27;[33morg.springframework.beans.factory.support.ConstructorResolver&amp#27;[0;39m: Autowiring by type from bean name 'org.springframework.boot.autoconfigure.web.servlet.WebMvcAutoConfiguration$WebMvcAutoConfigurationAdapter' via constructor to bean named 'spring.mvc-org.springframework.boot.autoconfigure.web.servlet.WebMvcProperties'
&amp#27;[30m2020-02-08 10:21:37,990&amp#27;[0;39m &amp#27;[39mDEBUG&amp#27;[0;39m [&amp#27;[34mmain&amp#27;[0;39m] &amp#27;[33morg.springframework.beans.factory.support.ConstructorResolver&amp#27;[0;39m: Autowiring by type from bean name 'org.springframework.boot.autoconfigure.web.servlet.WebMvcAutoConfiguration$WebMvcAutoConfigurationAdapter' via constructor to bean named 'org.springframework.beans.factory.support.DefaultListableBeanFactory@7dd2a5f7'
&amp#27;[30m2020-02-08 10:21:38,004&amp#27;[0;39m &amp#27;[39mDEBUG&amp#27;[0;39m [&amp#27;[34mmain&amp#27;[0;39m] &amp#27;[33morg.springframework.beans.factory.support.DefaultSingletonBeanRegistry&amp#27;[0;39m: Creating shared instance of singleton bean 'org.springframework.boot.autoconfigure.orm.jpa.JpaBaseConfiguration$JpaWebConfiguration$JpaWebMvcConfiguration'
&amp#27;[30m2020-02-08 10:21:38,005&amp#27;[0;39m &amp#27;[39mDEBUG&amp#27;[0;39m [&amp#27;[34mmain&amp#27;[0;39m] &amp#27;[33morg.springframework.core.LocalVariableTableParameterNameDiscoverer&amp#27;[0;39m: Cannot find '.class' file for class [class org.springframework.boot.autoconfigure.orm.jpa.JpaBaseConfiguration$JpaWebConfiguration$JpaWebMvcConfiguration$$EnhancerBySpringCGLIB$$1fa8e563] - unable to determine constructor/method parameter names
&amp#27;[30m2020-02-08 10:21:38,007&amp#27;[0;39m &amp#27;[39mDEBUG&amp#27;[0;39m [&amp#27;[34mmain&amp#27;[0;39m] &amp#27;[33morg.springframework.beans.factory.support.ConstructorResolver&amp#27;[0;39m: Autowiring by type from bean name 'org.springframework.boot.autoconfigure.orm.jpa.JpaBaseConfiguration$JpaWebConfiguration$JpaWebMvcConfiguration' via constructor to bean named 'spring.jpa-org.springframework.boot.autoconfigure.orm.jpa.JpaProperties'
&amp#27;[30m2020-02-08 10:21:38,014&amp#27;[0;39m &amp#27;[39mDEBUG&amp#27;[0;39m [&amp#27;[34mmain&amp#27;[0;39m] &amp#27;[33morg.springframework.beans.factory.support.DefaultSingletonBeanRegistry&amp#27;[0;39m: Creating shared instance of singleton bean 'org.springframework.data.web.config.SpringDataWebConfiguration'
&amp#27;[30m2020-02-08 10:21:38,015&amp#27;[0;39m &amp#27;[39mDEBUG&amp#27;[0;39m [&amp#27;[34mmain&amp#27;[0;39m] &amp#27;[33morg.springframework.core.LocalVariableTableParameterNameDiscoverer&amp#27;[0;39m: Cannot find '.class' file for class [class org.springframework.data.web.config.SpringDataWebConfiguration$$EnhancerBySpringCGLIB$$37d206be] - unable to determine constructor/method parameter names
&amp#27;[30m2020-02-08 10:21:38,016&amp#27;[0;39m &amp#27;[39mDEBUG&amp#27;[0;39m [&amp#27;[34mmain&amp#27;[0;39m] &amp#27;[33morg.springframework.beans.factory.support.ConstructorResolver&amp#27;[0;39m: Autowiring by type from bean name 'org.springframework.data.web.config.SpringDataWebConfiguration' via constructor to bean named 'org.springframework.boot.web.servlet.context.AnnotationConfigServletWebServerApplicationContext@2d5435d4'
&amp#27;[30m2020-02-08 10:21:38,023&amp#27;[0;39m &amp#27;[39mDEBUG&amp#27;[0;39m [&amp#27;[34mmain&amp#27;[0;39m] &amp#27;[33morg.springframework.beans.factory.support.DefaultSingletonBeanRegistry&amp#27;[0;39m: Creating shared instance of singleton bean 'pageableCustomizer'
&amp#27;[30m2020-02-08 10:21:38,024&amp#27;[0;39m &amp#27;[39mDEBUG&amp#27;[0;39m [&amp#27;[34mmain&amp#27;[0;39m] &amp#27;[33morg.springframework.beans.factory.support.DefaultSingletonBeanRegistry&amp#27;[0;39m: Creating shared instance of singleton bean 'org.springframework.boot.autoconfigure.data.web.SpringDataWebAutoConfiguration'
&amp#27;[30m2020-02-08 10:21:38,025&amp#27;[0;39m &amp#27;[39mDEBUG&amp#27;[0;39m [&amp#27;[34mmain&amp#27;[0;39m] &amp#27;[33morg.springframework.core.LocalVariableTableParameterNameDiscoverer&amp#27;[0;39m: Cannot find '.class' file for class [class org.springframework.boot.autoconfigure.data.web.SpringDataWebAutoConfiguration$$EnhancerBySpringCGLIB$$c2048e8c] - unable to determine constructor/method parameter names
&amp#27;[30m2020-02-08 10:21:38,026&amp#27;[0;39m &amp#27;[39mDEBUG&amp#27;[0;39m [&amp#27;[34mmain&amp#27;[0;39m] &amp#27;[33morg.springframework.beans.factory.support.DefaultSingletonBeanRegistry&amp#27;[0;39m: Creating shared instance of singleton bean 'spring.data.web-org.springframework.boot.autoconfigure.data.web.SpringDataWebProperties'
&amp#27;[30m2020-02-08 10:21:38,031&amp#27;[0;39m &amp#27;[39mDEBUG&amp#27;[0;39m [&amp#27;[34mmain&amp#27;[0;39m] &amp#27;[33morg.springframework.beans.factory.support.ConstructorResolver&amp#27;[0;39m: Autowiring by type from bean name 'org.springframework.boot.autoconfigure.data.web.SpringDataWebAutoConfiguration' via constructor to bean named 'spring.data.web-org.springframework.boot.autoconfigure.data.web.SpringDataWebProperties'
&amp#27;[30m2020-02-08 10:21:38,040&amp#27;[0;39m &amp#27;[39mDEBUG&amp#27;[0;39m [&amp#27;[34mmain&amp#27;[0;39m] &amp#27;[33morg.springframework.beans.factory.support.DefaultSingletonBeanRegistry&amp#27;[0;39m: Creating shared instance of singleton bean 'sortCustomizer'
&amp#27;[30m2020-02-08 10:21:38,064&amp#27;[0;39m &amp#27;[39mDEBUG&amp#27;[0;39m [&amp#27;[34mmain&amp#27;[0;39m] &amp#27;[33morg.springframework.beans.factory.support.DefaultSingletonBeanRegistry&amp#27;[0;39m: Creating shared instance of singleton bean 'org.springframework.security.config.annotation.authentication.configuration.AuthenticationConfiguration'
&amp#27;[30m2020-02-08 10:21:38,069&amp#27;[0;39m &amp#27;[39mDEBUG&amp#27;[0;39m [&amp#27;[34mmain&amp#27;[0;39m] &amp#27;[33morg.springframework.beans.factory.support.DefaultSingletonBeanRegistry&amp#27;[0;39m: Creating shared instance of singleton bean 'enableGlobalAuthenticationAutowiredConfigurer'
&amp#27;[30m2020-02-08 10:21:38,071&amp#27;[0;39m &amp#27;[39mDEBUG&amp#27;[0;39m [&amp#27;[34mmain&amp#27;[0;39m] &amp#27;[33morg.springframework.beans.factory.support.ConstructorResolver&amp#27;[0;39m: Autowiring by type from bean name 'enableGlobalAuthenticationAutowiredConfigurer' via factory method to bean named 'org.springframework.boot.web.servlet.context.AnnotationConfigServletWebServerApplicationContext@2d5435d4'
&amp#27;[30m2020-02-08 10:21:38,076&amp#27;[0;39m &amp#27;[39mDEBUG&amp#27;[0;39m [&amp#27;[34mmain&amp#27;[0;39m] &amp#27;[33morg.springframework.beans.factory.support.DefaultSingletonBeanRegistry&amp#27;[0;39m: Creating shared instance of singleton bean 'initializeUserDetailsBeanManagerConfigurer'
&amp#27;[30m2020-02-08 10:21:38,077&amp#27;[0;39m &amp#27;[39mDEBUG&amp#27;[0;39m [&amp#27;[34mmain&amp#27;[0;39m] &amp#27;[33morg.springframework.beans.factory.support.ConstructorResolver&amp#27;[0;39m: Autowiring by type from bean name 'initializeUserDetailsBeanManagerConfigurer' via factory method to bean named 'org.springframework.boot.web.servlet.context.AnnotationConfigServletWebServerApplicationContext@2d5435d4'
&amp#27;[30m2020-02-08 10:21:38,082&amp#27;[0;39m &amp#27;[39mDEBUG&amp#27;[0;39m [&amp#27;[34mmain&amp#27;[0;39m] &amp#27;[33morg.springframework.beans.factory.support.DefaultSingletonBeanRegistry&amp#27;[0;39m: Creating shared instance of singleton bean 'initializeAuthenticationProviderBeanManagerConfigurer'
&amp#27;[30m2020-02-08 10:21:38,083&amp#27;[0;39m &amp#27;[39mDEBUG&amp#27;[0;39m [&amp#27;[34mmain&amp#27;[0;39m] &amp#27;[33morg.springframework.beans.factory.support.ConstructorResolver&amp#27;[0;39m: Autowiring by type from bean name 'initializeAuthenticationProviderBeanManagerConfigurer' via factory method to bean named 'org.springframework.boot.web.servlet.context.AnnotationConfigServletWebServerApplicationContext@2d5435d4'
&amp#27;[30m2020-02-08 10:21:38,101&amp#27;[0;39m &amp#27;[39mDEBUG&amp#27;[0;39m [&amp#27;[34mmain&amp#27;[0;39m] &amp#27;[33morg.springframework.beans.factory.support.DefaultSingletonBeanRegistry&amp#27;[0;39m: Creating shared instance of singleton bean 'courseController'
&amp#27;[30m2020-02-08 10:21:38,104&amp#27;[0;39m &amp#27;[39mDEBUG&amp#27;[0;39m [&amp#27;[34mmain&amp#27;[0;39m] &amp#27;[33morg.springframework.beans.factory.support.DefaultSingletonBeanRegistry&amp#27;[0;39m: Creating shared instance of singleton bean 'courseService'
&amp#27;[30m2020-02-08 10:21:38,107&amp#27;[0;39m &amp#27;[31mWARN &amp#27;[0;39m [&amp#27;[34mmain&amp#27;[0;39m] &amp#27;[33morg.springframework.context.support.AbstractApplicationContext&amp#27;[0;39m: Exception encountered during context initialization - cancelling refresh attempt: org.springframework.beans.factory.UnsatisfiedDependencyException: Error creating bean with name 'courseController': Unsatisfied dependency expressed through field 'courseService'; nested exception is org.springframework.beans.factory.UnsatisfiedDependencyException: Error creating bean with name 'courseService': Unsatisfied dependency expressed through field 'departmentRepository'; nested exception is org.springframework.beans.factory.NoSuchBeanDefinitionException: No qualifying bean of type 'in.rgukt.r081247.universityapi.repository.DepartmentRepository' available: expected at least 1 bean which qualifies as autowire candidate. Dependency annotations: {@org.springframework.beans.factory.annotation.Autowired(required=true)}
&amp#27;[30m2020-02-08 10:21:38,108&amp#27;[0;39m &amp#27;[34mINFO &amp#27;[0;39m [&amp#27;[34mmain&amp#27;[0;39m] &amp#27;[33morg.springframework.orm.jpa.AbstractEntityManagerFactoryBean&amp#27;[0;39m: Closing JPA EntityManagerFactory for persistence unit 'default'
&amp#27;[30m2020-02-08 10:21:38,108&amp#27;[0;39m &amp#27;[39mDEBUG&amp#27;[0;39m [&amp#27;[34mmain&amp#27;[0;39m] &amp#27;[33morg.hibernate.internal.SessionFactoryImpl&amp#27;[0;39m: HHH000031: Closing
&amp#27;[30m2020-02-08 10:21:38,108&amp#27;[0;39m &amp#27;[39mDEBUG&amp#27;[0;39m [&amp#27;[34mmain&amp#27;[0;39m] &amp#27;[33morg.hibernate.type.spi.TypeConfiguration$Scope&amp#27;[0;39m: Un-scoping TypeConfiguration [org.hibernate.type.spi.TypeConfiguration$Scope@34f3c920] from SessionFactory [org.hibernate.internal.SessionFactoryImpl@55b5ce0f]
&amp#27;[30m2020-02-08 10:21:38,108&amp#27;[0;39m &amp#27;[39mDEBUG&amp#27;[0;39m [&amp#27;[34mmain&amp#27;[0;39m] &amp#27;[33morg.hibernate.service.internal.AbstractServiceRegistryImpl&amp#27;[0;39m: Implicitly destroying ServiceRegistry on de-registration of all child ServiceRegistries
&amp#27;[30m2020-02-08 10:21:38,109&amp#27;[0;39m &amp#27;[39mDEBUG&amp#27;[0;39m [&amp#27;[34mmain&amp#27;[0;39m] &amp#27;[33morg.hibernate.boot.registry.internal.BootstrapServiceRegistryImpl&amp#27;[0;39m: Implicitly destroying Boot-strap registry on de-registration of all child ServiceRegistries
&amp#27;[30m2020-02-08 10:21:38,117&amp#27;[0;39m &amp#27;[34mINFO &amp#27;[0;39m [&amp#27;[34mmain&amp#27;[0;39m] &amp#27;[33morg.springframework.beans.factory.support.DisposableBeanAdapter&amp#27;[0;39m: Invocation of destroy method failed on bean with name 'inMemoryDatabaseShutdownExecutor'
org.h2.jdbc.JdbcSQLNonTransientConnectionException: Database is already closed (to disable automatic closing at VM shutdown, add ";DB_CLOSE_ON_EXIT=FALSE" to the db URL) [90121-199]
	at org.h2.message.DbException.getJdbcSQLException(DbException.java:617)
	at org.h2.message.DbException.getJdbcSQLException(DbException.java:427)
	at org.h2.message.DbException.get(DbException.java:205)
	at org.h2.message.DbException.get(DbException.java:181)
	at org.h2.message.DbException.get(DbException.java:170)
	at org.h2.jdbc.JdbcConnection.checkClosed(JdbcConnection.java:1571)
	at org.h2.jdbc.JdbcConnection.checkClosed(JdbcConnection.java:1547)
	at org.h2.jdbc.JdbcConnection.clearWarnings(JdbcConnection.java:708)
	at com.zaxxer.hikari.pool.ProxyConnection.close(ProxyConnection.java:242)
	at org.springframework.boot.devtools.autoconfigure.DevToolsDataSourceAutoConfiguration$NonEmbeddedInMemoryDatabaseShutdownExecutor.destroy(DevToolsDataSourceAutoConfiguration.java:106)
	at org.springframework.beans.factory.support.DisposableBeanAdapter.destroy(DisposableBeanAdapter.java:256)
	at org.springframework.beans.factory.support.DefaultSingletonBeanRegistry.destroyBean(DefaultSingletonBeanRegistry.java:571)
	at org.springframework.beans.factory.support.DefaultSingletonBeanRegistry.destroySingleton(DefaultSingletonBeanRegistry.java:543)
	at org.springframework.beans.factory.support.DefaultListableBeanFactory.destroySingleton(DefaultListableBeanFactory.java:1034)
	at org.springframework.beans.factory.support.DefaultSingletonBeanRegistry.destroySingletons(DefaultSingletonBeanRegistry.java:504)
	at org.springframework.beans.factory.support.DefaultListableBeanFactory.destroySingletons(DefaultListableBeanFactory.java:1027)
	at org.springframework.context.support.AbstractApplicationContext.destroyBeans(AbstractApplicationContext.java:1057)
	at org.springframework.context.support.AbstractApplicationContext.refresh(AbstractApplicationContext.java:562)
	at org.springframework.boot.web.servlet.context.ServletWebServerApplicationContext.refresh(ServletWebServerApplicationContext.java:142)
	at org.springframework.boot.SpringApplication.refresh(SpringApplication.java:775)
	at org.springframework.boot.SpringApplication.refreshContext(SpringApplication.java:397)
	at org.springframework.boot.SpringApplication.run(SpringApplication.java:316)
	at org.springframework.boot.test.context.SpringBootContextLoader.loadContext(SpringBootContextLoader.java:127)
	at org.springframework.test.context.cache.DefaultCacheAwareContextLoaderDelegate.loadContextInternal(DefaultCacheAwareContextLoaderDelegate.java:99)
	at org.springframework.test.context.cache.DefaultCacheAwareContextLoaderDelegate.loadContext(DefaultCacheAwareContextLoaderDelegate.java:117)
	at org.springframework.test.context.support.DefaultTestContext.getApplicationContext(DefaultTestContext.java:108)
	at org.springframework.test.context.support.DependencyInjectionTestExecutionListener.injectDependencies(DependencyInjectionTestExecutionListener.java:118)
	at org.springframework.test.context.support.DependencyInjectionTestExecutionListener.prepareTestInstance(DependencyInjectionTestExecutionListener.java:83)
	at org.springframework.boot.test.autoconfigure.SpringBootDependencyInjectionTestExecutionListener.prepareTestInstance(SpringBootDependencyInjectionTestExecutionListener.java:44)
	at org.springframework.test.context.TestContextManager.prepareTestInstance(TestContextManager.java:246)
	at org.springframework.test.context.junit4.SpringJUnit4ClassRunner.createTest(SpringJUnit4ClassRunner.java:227)
	at org.springframework.test.context.junit4.SpringJUnit4ClassRunner$1.runReflectiveCall(SpringJUnit4ClassRunner.java:289)
	at org.junit.internal.runners.model.ReflectiveCallable.run(ReflectiveCallable.java:12)
	at org.springframework.test.context.junit4.SpringJUnit4ClassRunner.methodBlock(SpringJUnit4ClassRunner.java:291)
	at org.springframework.test.context.junit4.SpringJUnit4ClassRunner.runChild(SpringJUnit4ClassRunner.java:246)
	at org.springframework.test.context.junit4.SpringJUnit4ClassRunner.runChild(SpringJUnit4ClassRunner.java:97)
	at org.junit.runners.ParentRunner$3.run(ParentRunner.java:290)
	at org.junit.runners.ParentRunner$1.schedule(ParentRunner.java:71)
	at org.junit.runners.ParentRunner.runChildren(ParentRunner.java:288)
	at org.junit.runners.ParentRunner.access$000(ParentRunner.java:58)
	at org.junit.runners.ParentRunner$2.evaluate(ParentRunner.java:268)
	at org.springframework.test.context.junit4.statements.RunBeforeTestClassCallbacks.evaluate(RunBeforeTestClassCallbacks.java:61)
	at org.springframework.test.context.junit4.statements.RunAfterTestClassCallbacks.evaluate(RunAfterTestClassCallbacks.java:70)
	at org.junit.runners.ParentRunner.run(ParentRunner.java:363)
	at org.springframework.test.context.junit4.SpringJUnit4ClassRunner.run(SpringJUnit4ClassRunner.java:190)
	at org.apache.maven.surefire.junit4.JUnit4Provider.execute(JUnit4Provider.java:365)
	at org.apache.maven.surefire.junit4.JUnit4Provider.executeWithRerun(JUnit4Provider.java:273)
	at org.apache.maven.surefire.junit4.JUnit4Provider.executeTestSet(JUnit4Provider.java:238)
	at org.apache.maven.surefire.junit4.JUnit4Provider.invoke(JUnit4Provider.java:159)
	at org.apache.maven.surefire.booter.ForkedBooter.invokeProviderInSameClassLoader(ForkedBooter.java:384)
	at org.apache.maven.surefire.booter.ForkedBooter.runSuitesInProcess(ForkedBooter.java:345)
	at org.apache.maven.surefire.booter.ForkedBooter.execute(ForkedBooter.java:126)
	at org.apache.maven.surefire.booter.ForkedBooter.main(ForkedBooter.java:418)
&amp#27;[30m2020-02-08 10:21:38,118&amp#27;[0;39m &amp#27;[34mINFO &amp#27;[0;39m [&amp#27;[34mmain&amp#27;[0;39m] &amp#27;[33mcom.zaxxer.hikari.HikariDataSource&amp#27;[0;39m: HikariPool-2 - Shutdown initiated...
&amp#27;[30m2020-02-08 10:21:38,119&amp#27;[0;39m &amp#27;[39mDEBUG&amp#27;[0;39m [&amp#27;[34mmain&amp#27;[0;39m] &amp#27;[33mcom.zaxxer.hikari.pool.HikariPool&amp#27;[0;39m: HikariPool-2 - Before shutdown stats (total=10, active=0, idle=10, waiting=0)
&amp#27;[30m2020-02-08 10:21:38,125&amp#27;[0;39m &amp#27;[39mDEBUG&amp#27;[0;39m [&amp#27;[34mHikariPool-2 connection closer&amp#27;[0;39m] &amp#27;[33mcom.zaxxer.hikari.pool.PoolBase&amp#27;[0;39m: HikariPool-2 - Closing connection conn18: url=jdbc:h2:mem:db user=SA: (connection evicted)
&amp#27;[30m2020-02-08 10:21:38,125&amp#27;[0;39m &amp#27;[39mDEBUG&amp#27;[0;39m [&amp#27;[34mHikariPool-2 connection closer&amp#27;[0;39m] &amp#27;[33mcom.zaxxer.hikari.pool.PoolBase&amp#27;[0;39m: HikariPool-2 - Closing connection conn19: url=jdbc:h2:mem:db user=SA: (connection evicted)
&amp#27;[30m2020-02-08 10:21:38,126&amp#27;[0;39m &amp#27;[39mDEBUG&amp#27;[0;39m [&amp#27;[34mHikariPool-2 connection closer&amp#27;[0;39m] &amp#27;[33mcom.zaxxer.hikari.pool.PoolBase&amp#27;[0;39m: HikariPool-2 - Closing connection conn20: url=jdbc:h2:mem:db user=SA: (connection evicted)
&amp#27;[30m2020-02-08 10:21:38,126&amp#27;[0;39m &amp#27;[39mDEBUG&amp#27;[0;39m [&amp#27;[34mHikariPool-2 connection closer&amp#27;[0;39m] &amp#27;[33mcom.zaxxer.hikari.pool.PoolBase&amp#27;[0;39m: HikariPool-2 - Closing connection conn21: url=jdbc:h2:mem:db user=SA: (connection evicted)
&amp#27;[30m2020-02-08 10:21:38,126&amp#27;[0;39m &amp#27;[39mDEBUG&amp#27;[0;39m [&amp#27;[34mHikariPool-2 connection closer&amp#27;[0;39m] &amp#27;[33mcom.zaxxer.hikari.pool.PoolBase&amp#27;[0;39m: HikariPool-2 - Closing connection conn22: url=jdbc:h2:mem:db user=SA: (connection evicted)
&amp#27;[30m2020-02-08 10:21:38,127&amp#27;[0;39m &amp#27;[39mDEBUG&amp#27;[0;39m [&amp#27;[34mHikariPool-2 connection closer&amp#27;[0;39m] &amp#27;[33mcom.zaxxer.hikari.pool.PoolBase&amp#27;[0;39m: HikariPool-2 - Closing connection conn23: url=jdbc:h2:mem:db user=SA: (connection evicted)
&amp#27;[30m2020-02-08 10:21:38,127&amp#27;[0;39m &amp#27;[39mDEBUG&amp#27;[0;39m [&amp#27;[34mHikariPool-2 connection closer&amp#27;[0;39m] &amp#27;[33mcom.zaxxer.hikari.pool.PoolBase&amp#27;[0;39m: HikariPool-2 - Closing connection conn24: url=jdbc:h2:mem:db user=SA: (connection evicted)
&amp#27;[30m2020-02-08 10:21:38,128&amp#27;[0;39m &amp#27;[39mDEBUG&amp#27;[0;39m [&amp#27;[34mHikariPool-2 connection closer&amp#27;[0;39m] &amp#27;[33mcom.zaxxer.hikari.pool.PoolBase&amp#27;[0;39m: HikariPool-2 - Closing connection conn25: url=jdbc:h2:mem:db user=SA: (connection evicted)
&amp#27;[30m2020-02-08 10:21:38,128&amp#27;[0;39m &amp#27;[39mDEBUG&amp#27;[0;39m [&amp#27;[34mHikariPool-2 connection closer&amp#27;[0;39m] &amp#27;[33mcom.zaxxer.hikari.pool.PoolBase&amp#27;[0;39m: HikariPool-2 - Closing connection conn26: url=jdbc:h2:mem:db user=SA: (connection evicted)
&amp#27;[30m2020-02-08 10:21:38,128&amp#27;[0;39m &amp#27;[39mDEBUG&amp#27;[0;39m [&amp#27;[34mHikariPool-2 connection closer&amp#27;[0;39m] &amp#27;[33mcom.zaxxer.hikari.pool.PoolBase&amp#27;[0;39m: HikariPool-2 - Closing connection conn27: url=jdbc:h2:mem:db user=SA: (connection evicted)
&amp#27;[30m2020-02-08 10:21:38,129&amp#27;[0;39m &amp#27;[39mDEBUG&amp#27;[0;39m [&amp#27;[34mmain&amp#27;[0;39m] &amp#27;[33mcom.zaxxer.hikari.pool.HikariPool&amp#27;[0;39m: HikariPool-2 - After shutdown stats (total=0, active=0, idle=0, waiting=0)
&amp#27;[30m2020-02-08 10:21:38,129&amp#27;[0;39m &amp#27;[34mINFO &amp#27;[0;39m [&amp#27;[34mmain&amp#27;[0;39m] &amp#27;[33mcom.zaxxer.hikari.HikariDataSource&amp#27;[0;39m: HikariPool-2 - Shutdown completed.
&amp#27;[30m2020-02-08 10:21:38,130&amp#27;[0;39m &amp#27;[34mINFO &amp#27;[0;39m [&amp#27;[34mmain&amp#27;[0;39m] &amp#27;[33morg.apache.juli.logging.DirectJDKLog&amp#27;[0;39m: Stopping service [Tomcat]
&amp#27;[30m2020-02-08 10:21:38,146&amp#27;[0;39m &amp#27;[39mDEBUG&amp#27;[0;39m [&amp#27;[34mmain&amp#27;[0;39m] &amp#27;[33morg.springframework.boot.context.logging.ClasspathLoggingApplicationListener&amp#27;[0;39m: Application failed to start with classpath: unknown
&amp#27;[30m2020-02-08 10:21:38,191&amp#27;[0;39m &amp#27;[39mDEBUG&amp#27;[0;39m [&amp#27;[34mmain&amp#27;[0;39m] &amp#27;[33morg.springframework.boot.autoconfigure.logging.ConditionEvaluationReportLoggingListener&amp#27;[0;39m: 


============================
CONDITIONS EVALUATION REPORT
============================


Positive matches:
-----------------

   AopAutoConfiguration matched:
      - @ConditionalOnClass found required classes 'org.springframework.context.annotation.EnableAspectJAutoProxy', 'org.aspectj.lang.annotation.Aspect', 'org.aspectj.lang.reflect.Advice', 'org.aspectj.weaver.AnnotatedElement' (OnClassCondition)
      - @ConditionalOnProperty (spring.aop.auto=true) matched (OnPropertyCondition)

   AopAutoConfiguration.CglibAutoProxyConfiguration matched:
      - @ConditionalOnProperty (spring.aop.proxy-target-class=true) matched (OnPropertyCondition)

   CodecsAutoConfiguration matched:
      - @ConditionalOnClass found required class 'org.springframework.http.codec.CodecConfigurer' (OnClassCondition)

   CodecsAutoConfiguration.JacksonCodecConfiguration matched:
      - @ConditionalOnClass found required class 'com.fasterxml.jackson.databind.ObjectMapper' (OnClassCondition)

   CodecsAutoConfiguration.JacksonCodecConfiguration#jacksonCodecCustomizer matched:
      - @ConditionalOnBean (types: com.fasterxml.jackson.databind.ObjectMapper; SearchStrategy: all) found bean 'jacksonObjectMapper' (OnBeanCondition)

   DataSourceAutoConfiguration matched:
      - @ConditionalOnClass found required classes 'javax.sql.DataSource', 'org.springframework.jdbc.datasource.embedded.EmbeddedDatabaseType' (OnClassCondition)

   DataSourceAutoConfiguration.PooledDataSourceConfiguration matched:
      - AnyNestedCondition 1 matched 1 did not; NestedCondition on DataSourceAutoConfiguration.PooledDataSourceCondition.PooledDataSourceAvailable PooledDataSource found supported DataSource; NestedCondition on DataSourceAutoConfiguration.PooledDataSourceCondition.ExplicitType @ConditionalOnProperty (spring.datasource.type) did not find property 'type' (DataSourceAutoConfiguration.PooledDataSourceCondition)
      - @ConditionalOnMissingBean (types: javax.sql.DataSource,javax.sql.XADataSource; SearchStrategy: all) did not find any beans (OnBeanCondition)

   DataSourceConfiguration.Hikari matched:
      - @ConditionalOnClass found required class 'com.zaxxer.hikari.HikariDataSource' (OnClassCondition)
      - @ConditionalOnProperty (spring.datasource.type=com.zaxxer.hikari.HikariDataSource) matched (OnPropertyCondition)
      - @ConditionalOnMissingBean (types: javax.sql.DataSource; SearchStrategy: all) did not find any beans (OnBeanCondition)

   DataSourcePoolMetadataProvidersConfiguration.HikariPoolDataSourceMetadataProviderConfiguration matched:
      - @ConditionalOnClass found required class 'com.zaxxer.hikari.HikariDataSource' (OnClassCondition)

   DataSourceTransactionManagerAutoConfiguration matched:
      - @ConditionalOnClass found required classes 'org.springframework.jdbc.core.JdbcTemplate', 'org.springframework.transaction.PlatformTransactionManager' (OnClassCondition)

   DataSourceTransactionManagerAutoConfiguration.DataSourceTransactionManagerConfiguration matched:
      - @ConditionalOnSingleCandidate (types: javax.sql.DataSource; SearchStrategy: all) found a primary bean from beans 'dataSource' (OnBeanCondition)

   DevToolsDataSourceAutoConfiguration matched:
      - DevTools DataSource Condition found auto-configured DataSource (DevToolsDataSourceAutoConfiguration.DevToolsDataSourceCondition)

   DevToolsDataSourceAutoConfiguration.DatabaseShutdownExecutorJpaDependencyConfiguration matched:
      - @ConditionalOnClass found required class 'org.springframework.orm.jpa.LocalContainerEntityManagerFactoryBean' (OnClassCondition)
      - @ConditionalOnBean (types: org.springframework.orm.jpa.AbstractEntityManagerFactoryBean; SearchStrategy: all) found bean '&entityManagerFactory' (OnBeanCondition)

   DispatcherServletAutoConfiguration matched:
      - @ConditionalOnClass found required class 'org.springframework.web.servlet.DispatcherServlet' (OnClassCondition)
      - found 'session' scope (OnWebApplicationCondition)

   DispatcherServletAutoConfiguration.DispatcherServletConfiguration matched:
      - @ConditionalOnClass found required class 'javax.servlet.ServletRegistration' (OnClassCondition)
      - Default DispatcherServlet did not find dispatcher servlet beans (DispatcherServletAutoConfiguration.DefaultDispatcherServletCondition)

   DispatcherServletAutoConfiguration.DispatcherServletRegistrationConfiguration matched:
      - @ConditionalOnClass found required class 'javax.servlet.ServletRegistration' (OnClassCondition)
      - DispatcherServlet Registration did not find servlet registration bean (DispatcherServletAutoConfiguration.DispatcherServletRegistrationCondition)

   DispatcherServletAutoConfiguration.DispatcherServletRegistrationConfiguration#dispatcherServletRegistration matched:
      - @ConditionalOnBean (names: dispatcherServlet; types: org.springframework.web.servlet.DispatcherServlet; SearchStrategy: all) found bean 'dispatcherServlet' (OnBeanCondition)

   EmbeddedWebServerFactoryCustomizerAutoConfiguration matched:
      - @ConditionalOnWebApplication (required) found 'session' scope (OnWebApplicationCondition)

   EmbeddedWebServerFactoryCustomizerAutoConfiguration.TomcatWebServerFactoryCustomizerConfiguration matched:
      - @ConditionalOnClass found required classes 'org.apache.catalina.startup.Tomcat', 'org.apache.coyote.UpgradeProtocol' (OnClassCondition)

   ErrorMvcAutoConfiguration matched:
      - @ConditionalOnClass found required classes 'javax.servlet.Servlet', 'org.springframework.web.servlet.DispatcherServlet' (OnClassCondition)
      - found 'session' scope (OnWebApplicationCondition)

   ErrorMvcAutoConfiguration#basicErrorController matched:
      - @ConditionalOnMissingBean (types: org.springframework.boot.web.servlet.error.ErrorController; SearchStrategy: current) did not find any beans (OnBeanCondition)

   ErrorMvcAutoConfiguration#errorAttributes matched:
      - @ConditionalOnMissingBean (types: org.springframework.boot.web.servlet.error.ErrorAttributes; SearchStrategy: current) did not find any beans (OnBeanCondition)

   ErrorMvcAutoConfiguration.DefaultErrorViewResolverConfiguration#conventionErrorViewResolver matched:
      - @ConditionalOnBean (types: org.springframework.web.servlet.DispatcherServlet; SearchStrategy: all) found bean 'dispatcherServlet'; @ConditionalOnMissingBean (types: org.springframework.boot.autoconfigure.web.servlet.error.DefaultErrorViewResolver; SearchStrategy: all) did not find any beans (OnBeanCondition)

   ErrorMvcAutoConfiguration.WhitelabelErrorViewConfiguration matched:
      - @ConditionalOnProperty (server.error.whitelabel.enabled) matched (OnPropertyCondition)
      - ErrorTemplate Missing did not find error template view (ErrorMvcAutoConfiguration.ErrorTemplateMissingCondition)

   ErrorMvcAutoConfiguration.WhitelabelErrorViewConfiguration#beanNameViewResolver matched:
      - @ConditionalOnMissingBean (types: org.springframework.web.servlet.view.BeanNameViewResolver; SearchStrategy: all) did not find any beans (OnBeanCondition)

   ErrorMvcAutoConfiguration.WhitelabelErrorViewConfiguration#defaultErrorView matched:
      - @ConditionalOnMissingBean (names: error; SearchStrategy: all) did not find any beans (OnBeanCondition)

   GenericCacheConfiguration matched:
      - Cache org.springframework.boot.autoconfigure.cache.GenericCacheConfiguration automatic cache type (CacheCondition)

   H2ConsoleAutoConfiguration matched:
      - @ConditionalOnClass found required class 'org.h2.server.web.WebServlet' (OnClassCondition)
      - found 'session' scope (OnWebApplicationCondition)
      - @ConditionalOnProperty (spring.h2.console.enabled=true) matched (OnPropertyCondition)

   HibernateJpaAutoConfiguration matched:
      - @ConditionalOnClass found required classes 'org.springframework.orm.jpa.LocalContainerEntityManagerFactoryBean', 'javax.persistence.EntityManager' (OnClassCondition)
      - HibernateEntityManager found class 'org.hibernate.ejb.HibernateEntityManager' (HibernateJpaAutoConfiguration.HibernateEntityManagerCondition)

   HibernateJpaConfiguration matched:
      - @ConditionalOnSingleCandidate (types: javax.sql.DataSource; SearchStrategy: all) found a primary bean from beans 'dataSource' (OnBeanCondition)

   HttpEncodingAutoConfiguration matched:
      - @ConditionalOnClass found required class 'org.springframework.web.filter.CharacterEncodingFilter' (OnClassCondition)
      - found 'session' scope (OnWebApplicationCondition)
      - @ConditionalOnProperty (spring.http.encoding.enabled) matched (OnPropertyCondition)

   HttpEncodingAutoConfiguration#characterEncodingFilter matched:
      - @ConditionalOnMissingBean (types: org.springframework.web.filter.CharacterEncodingFilter; SearchStrategy: all) did not find any beans (OnBeanCondition)

   HttpMessageConvertersAutoConfiguration matched:
      - @ConditionalOnClass found required class 'org.springframework.http.converter.HttpMessageConverter' (OnClassCondition)

   HttpMessageConvertersAutoConfiguration#messageConverters matched:
      - @ConditionalOnMissingBean (types: org.springframework.boot.autoconfigure.http.HttpMessageConverters; SearchStrategy: all) did not find any beans (OnBeanCondition)

   HttpMessageConvertersAutoConfiguration.StringHttpMessageConverterConfiguration matched:
      - @ConditionalOnClass found required class 'org.springframework.http.converter.StringHttpMessageConverter' (OnClassCondition)

   HttpMessageConvertersAutoConfiguration.StringHttpMessageConverterConfiguration#stringHttpMessageConverter matched:
      - @ConditionalOnMissingBean (types: org.springframework.http.converter.StringHttpMessageConverter; SearchStrategy: all) did not find any beans (OnBeanCondition)

   JacksonAutoConfiguration matched:
      - @ConditionalOnClass found required class 'com.fasterxml.jackson.databind.ObjectMapper' (OnClassCondition)

   JacksonAutoConfiguration.Jackson2ObjectMapperBuilderCustomizerConfiguration matched:
      - @ConditionalOnClass found required class 'org.springframework.http.converter.json.Jackson2ObjectMapperBuilder' (OnClassCondition)

   JacksonAutoConfiguration.JacksonObjectMapperBuilderConfiguration matched:
      - @ConditionalOnClass found required class 'org.springframework.http.converter.json.Jackson2ObjectMapperBuilder' (OnClassCondition)

   JacksonAutoConfiguration.JacksonObjectMapperBuilderConfiguration#jacksonObjectMapperBuilder matched:
      - @ConditionalOnMissingBean (types: org.springframework.http.converter.json.Jackson2ObjectMapperBuilder; SearchStrategy: all) did not find any beans (OnBeanCondition)

   JacksonAutoConfiguration.JacksonObjectMapperConfiguration matched:
      - @ConditionalOnClass found required class 'org.springframework.http.converter.json.Jackson2ObjectMapperBuilder' (OnClassCondition)

   JacksonAutoConfiguration.JacksonObjectMapperConfiguration#jacksonObjectMapper matched:
      - @ConditionalOnMissingBean (types: com.fasterxml.jackson.databind.ObjectMapper; SearchStrategy: all) did not find any beans (OnBeanCondition)

   JacksonAutoConfiguration.ParameterNamesModuleConfiguration matched:
      - @ConditionalOnClass found required class 'com.fasterxml.jackson.module.paramnames.ParameterNamesModule' (OnClassCondition)

   JacksonAutoConfiguration.ParameterNamesModuleConfiguration#parameterNamesModule matched:
      - @ConditionalOnMissingBean (types: com.fasterxml.jackson.module.paramnames.ParameterNamesModule; SearchStrategy: all) did not find any beans (OnBeanCondition)

   JacksonHttpMessageConvertersConfiguration.MappingJackson2HttpMessageConverterConfiguration matched:
      - @ConditionalOnClass found required class 'com.fasterxml.jackson.databind.ObjectMapper' (OnClassCondition)
      - @ConditionalOnProperty (spring.http.converters.preferred-json-mapper=jackson) matched (OnPropertyCondition)
      - @ConditionalOnBean (types: com.fasterxml.jackson.databind.ObjectMapper; SearchStrategy: all) found bean 'jacksonObjectMapper' (OnBeanCondition)

   JacksonHttpMessageConvertersConfiguration.MappingJackson2HttpMessageConverterConfiguration#mappingJackson2HttpMessageConverter matched:
      - @ConditionalOnMissingBean (types: org.springframework.http.converter.json.MappingJackson2HttpMessageConverter; SearchStrategy: all) did not find any beans (OnBeanCondition)

   JdbcTemplateAutoConfiguration matched:
      - @ConditionalOnClass found required classes 'javax.sql.DataSource', 'org.springframework.jdbc.core.JdbcTemplate' (OnClassCondition)
      - @ConditionalOnSingleCandidate (types: javax.sql.DataSource; SearchStrategy: all) found a primary bean from beans 'dataSource' (OnBeanCondition)

   JdbcTemplateAutoConfiguration.JdbcTemplateConfiguration#jdbcTemplate matched:
      - @ConditionalOnMissingBean (types: org.springframework.jdbc.core.JdbcOperations; SearchStrategy: all) did not find any beans (OnBeanCondition)

   JdbcTemplateAutoConfiguration.NamedParameterJdbcTemplateConfiguration#namedParameterJdbcTemplate matched:
      - @ConditionalOnSingleCandidate (types: org.springframework.jdbc.core.JdbcTemplate; SearchStrategy: all) found a primary bean from beans 'jdbcTemplate'; @ConditionalOnMissingBean (types: org.springframework.jdbc.core.namedparam.NamedParameterJdbcOperations; SearchStrategy: all) did not find any beans (OnBeanCondition)

   JpaBaseConfiguration#entityManagerFactory matched:
      - @ConditionalOnMissingBean (types: org.springframework.orm.jpa.LocalContainerEntityManagerFactoryBean,javax.persistence.EntityManagerFactory; SearchStrategy: all) did not find any beans (OnBeanCondition)

   JpaBaseConfiguration#entityManagerFactoryBuilder matched:
      - @ConditionalOnMissingBean (types: org.springframework.boot.orm.jpa.EntityManagerFactoryBuilder; SearchStrategy: all) did not find any beans (OnBeanCondition)

   JpaBaseConfiguration#jpaVendorAdapter matched:
      - @ConditionalOnMissingBean (types: org.springframework.orm.jpa.JpaVendorAdapter; SearchStrategy: all) did not find any beans (OnBeanCondition)

   JpaBaseConfiguration#transactionManager matched:
      - @ConditionalOnMissingBean (types: org.springframework.transaction.PlatformTransactionManager; SearchStrategy: all) did not find any beans (OnBeanCondition)

   JpaBaseConfiguration.JpaWebConfiguration matched:
      - @ConditionalOnClass found required class 'org.springframework.web.servlet.config.annotation.WebMvcConfigurer' (OnClassCondition)
      - found 'session' scope (OnWebApplicationCondition)
      - @ConditionalOnProperty (spring.jpa.open-in-view=true) matched (OnPropertyCondition)
      - @ConditionalOnMissingBean (types: org.springframework.orm.jpa.support.OpenEntityManagerInViewInterceptor,org.springframework.orm.jpa.support.OpenEntityManagerInViewFilter; SearchStrategy: all) did not find any beans (OnBeanCondition)

   JtaAutoConfiguration matched:
      - @ConditionalOnClass found required class 'javax.transaction.Transaction' (OnClassCondition)
      - @ConditionalOnProperty (spring.jta.enabled) matched (OnPropertyCondition)

   MultipartAutoConfiguration matched:
      - @ConditionalOnClass found required classes 'javax.servlet.Servlet', 'org.springframework.web.multipart.support.StandardServletMultipartResolver', 'javax.servlet.MultipartConfigElement' (OnClassCondition)
      - found 'session' scope (OnWebApplicationCondition)
      - @ConditionalOnProperty (spring.servlet.multipart.enabled) matched (OnPropertyCondition)

   MultipartAutoConfiguration#multipartConfigElement matched:
      - @ConditionalOnMissingBean (types: javax.servlet.MultipartConfigElement,org.springframework.web.multipart.commons.CommonsMultipartResolver; SearchStrategy: all) did not find any beans (OnBeanCondition)

   MultipartAutoConfiguration#multipartResolver matched:
      - @ConditionalOnMissingBean (types: org.springframework.web.multipart.MultipartResolver; SearchStrategy: all) did not find any beans (OnBeanCondition)

   NoOpCacheConfiguration matched:
      - Cache org.springframework.boot.autoconfigure.cache.NoOpCacheConfiguration automatic cache type (CacheCondition)

   PersistenceExceptionTranslationAutoConfiguration matched:
      - @ConditionalOnClass found required class 'org.springframework.dao.annotation.PersistenceExceptionTranslationPostProcessor' (OnClassCondition)

   PersistenceExceptionTranslationAutoConfiguration#persistenceExceptionTranslationPostProcessor matched:
      - @ConditionalOnProperty (spring.dao.exceptiontranslation.enabled) matched (OnPropertyCondition)
      - @ConditionalOnMissingBean (types: org.springframework.dao.annotation.PersistenceExceptionTranslationPostProcessor; SearchStrategy: all) did not find any beans (OnBeanCondition)

   PropertyPlaceholderAutoConfiguration#propertySourcesPlaceholderConfigurer matched:
      - @ConditionalOnMissingBean (types: org.springframework.context.support.PropertySourcesPlaceholderConfigurer; SearchStrategy: current) did not find any beans (OnBeanCondition)

   RestTemplateAutoConfiguration matched:
      - @ConditionalOnClass found required class 'org.springframework.web.client.RestTemplate' (OnClassCondition)

   RestTemplateAutoConfiguration#restTemplateBuilder matched:
      - @ConditionalOnMissingBean (types: org.springframework.boot.web.client.RestTemplateBuilder; SearchStrategy: all) did not find any beans (OnBeanCondition)

   SecurityAutoConfiguration matched:
      - @ConditionalOnClass found required class 'org.springframework.security.authentication.DefaultAuthenticationEventPublisher' (OnClassCondition)

   SecurityAutoConfiguration#authenticationEventPublisher matched:
      - @ConditionalOnMissingBean (types: org.springframework.security.authentication.AuthenticationEventPublisher; SearchStrategy: all) did not find any beans (OnBeanCondition)

   SecurityFilterAutoConfiguration matched:
      - @ConditionalOnClass found required classes 'org.springframework.security.web.context.AbstractSecurityWebApplicationInitializer', 'org.springframework.security.config.http.SessionCreationPolicy' (OnClassCondition)
      - found 'session' scope (OnWebApplicationCondition)

   SecurityFilterAutoConfiguration#securityFilterChainRegistration matched:
      - @ConditionalOnBean (names: springSecurityFilterChain; SearchStrategy: all) found bean 'springSecurityFilterChain' (OnBeanCondition)

   SecurityRequestMatcherProviderAutoConfiguration matched:
      - @ConditionalOnClass found required class 'org.springframework.security.web.util.matcher.RequestMatcher' (OnClassCondition)
      - found 'session' scope (OnWebApplicationCondition)

   SecurityRequestMatcherProviderAutoConfiguration.MvcRequestMatcherConfiguration matched:
      - @ConditionalOnClass found required class 'org.springframework.web.servlet.DispatcherServlet' (OnClassCondition)
      - @ConditionalOnBean (types: org.springframework.web.servlet.handler.HandlerMappingIntrospector; SearchStrategy: all) found bean 'mvcHandlerMappingIntrospector' (OnBeanCondition)

   SecurityRequestMatcherProviderAutoConfiguration.MvcRequestMatcherConfiguration#requestMatcherProvider matched:
      - @ConditionalOnClass found required class 'org.springframework.web.servlet.DispatcherServlet' (OnClassCondition)

   ServletWebServerFactoryAutoConfiguration matched:
      - @ConditionalOnClass found required class 'javax.servlet.ServletRequest' (OnClassCondition)
      - found 'session' scope (OnWebApplicationCondition)

   ServletWebServerFactoryAutoConfiguration#tomcatServletWebServerFactoryCustomizer matched:
      - @ConditionalOnClass found required class 'org.apache.catalina.startup.Tomcat' (OnClassCondition)

   ServletWebServerFactoryConfiguration.EmbeddedTomcat matched:
      - @ConditionalOnClass found required classes 'javax.servlet.Servlet', 'org.apache.catalina.startup.Tomcat', 'org.apache.coyote.UpgradeProtocol' (OnClassCondition)
      - @ConditionalOnMissingBean (types: org.springframework.boot.web.servlet.server.ServletWebServerFactory; SearchStrategy: current) did not find any beans (OnBeanCondition)

   SimpleCacheConfiguration matched:
      - Cache org.springframework.boot.autoconfigure.cache.SimpleCacheConfiguration automatic cache type (CacheCondition)

   SpringDataWebAutoConfiguration matched:
      - @ConditionalOnClass found required classes 'org.springframework.data.web.PageableHandlerMethodArgumentResolver', 'org.springframework.web.servlet.config.annotation.WebMvcConfigurer' (OnClassCondition)
      - found 'session' scope (OnWebApplicationCondition)
      - @ConditionalOnMissingBean (types: org.springframework.data.web.PageableHandlerMethodArgumentResolver; SearchStrategy: all) did not find any beans (OnBeanCondition)

   SpringDataWebAutoConfiguration#pageableCustomizer matched:
      - @ConditionalOnMissingBean (types: org.springframework.data.web.config.PageableHandlerMethodArgumentResolverCustomizer; SearchStrategy: all) did not find any beans (OnBeanCondition)

   SpringDataWebAutoConfiguration#sortCustomizer matched:
      - @ConditionalOnMissingBean (types: org.springframework.data.web.config.SortHandlerMethodArgumentResolverCustomizer; SearchStrategy: all) did not find any beans (OnBeanCondition)

   TaskExecutionAutoConfiguration matched:
      - @ConditionalOnClass found required class 'org.springframework.scheduling.concurrent.ThreadPoolTaskExecutor' (OnClassCondition)

   TaskExecutionAutoConfiguration#applicationTaskExecutor matched:
      - @ConditionalOnMissingBean (types: java.util.concurrent.Executor; SearchStrategy: all) did not find any beans (OnBeanCondition)

   TaskExecutionAutoConfiguration#taskExecutorBuilder matched:
      - @ConditionalOnMissingBean (types: org.springframework.boot.task.TaskExecutorBuilder; SearchStrategy: all) did not find any beans (OnBeanCondition)

   TaskSchedulingAutoConfiguration matched:
      - @ConditionalOnClass found required class 'org.springframework.scheduling.concurrent.ThreadPoolTaskScheduler' (OnClassCondition)

   TaskSchedulingAutoConfiguration#taskSchedulerBuilder matched:
      - @ConditionalOnMissingBean (types: org.springframework.boot.task.TaskSchedulerBuilder; SearchStrategy: all) did not find any beans (OnBeanCondition)

   TransactionAutoConfiguration matched:
      - @ConditionalOnClass found required class 'org.springframework.transaction.PlatformTransactionManager' (OnClassCondition)

   TransactionAutoConfiguration#platformTransactionManagerCustomizers matched:
      - @ConditionalOnMissingBean (types: org.springframework.boot.autoconfigure.transaction.TransactionManagerCustomizers; SearchStrategy: all) did not find any beans (OnBeanCondition)

   TransactionAutoConfiguration.TransactionTemplateConfiguration matched:
      - @ConditionalOnSingleCandidate (types: org.springframework.transaction.PlatformTransactionManager; SearchStrategy: all) found a primary bean from beans 'transactionManager' (OnBeanCondition)

   TransactionAutoConfiguration.TransactionTemplateConfiguration#transactionTemplate matched:
      - @ConditionalOnMissingBean (types: org.springframework.transaction.support.TransactionTemplate; SearchStrategy: all) did not find any beans (OnBeanCondition)

   UserDetailsServiceAutoConfiguration matched:
      - @ConditionalOnClass found required class 'org.springframework.security.authentication.AuthenticationManager' (OnClassCondition)
      - @ConditionalOnBean (types: org.springframework.security.config.annotation.ObjectPostProcessor; SearchStrategy: all) found bean 'objectPostProcessor'; @ConditionalOnMissingBean (types: org.springframework.security.authentication.AuthenticationManager,org.springframework.security.authentication.AuthenticationProvider,org.springframework.security.core.userdetails.UserDetailsService; SearchStrategy: all) did not find any beans (OnBeanCondition)

   UserDetailsServiceAutoConfiguration#inMemoryUserDetailsManager matched:
      - @ConditionalOnMissingBean (types: org.springframework.security.oauth2.client.registration.ClientRegistrationRepository; SearchStrategy: all) did not find any beans (OnBeanCondition)

   ValidationAutoConfiguration matched:
      - @ConditionalOnClass found required class 'javax.validation.executable.ExecutableValidator' (OnClassCondition)
      - @ConditionalOnResource found location classpath:META-INF/services/javax.validation.spi.ValidationProvider (OnResourceCondition)

   ValidationAutoConfiguration#defaultValidator matched:
      - @ConditionalOnMissingBean (types: javax.validation.Validator; SearchStrategy: all) did not find any beans (OnBeanCondition)

   ValidationAutoConfiguration#methodValidationPostProcessor matched:
      - @ConditionalOnMissingBean (types: org.springframework.validation.beanvalidation.MethodValidationPostProcessor; SearchStrategy: all) did not find any beans (OnBeanCondition)

   WebMvcAutoConfiguration matched:
      - @ConditionalOnClass found required classes 'javax.servlet.Servlet', 'org.springframework.web.servlet.DispatcherServlet', 'org.springframework.web.servlet.config.annotation.WebMvcConfigurer' (OnClassCondition)
      - found 'session' scope (OnWebApplicationCondition)
      - @ConditionalOnMissingBean (types: org.springframework.web.servlet.config.annotation.WebMvcConfigurationSupport; SearchStrategy: all) did not find any beans (OnBeanCondition)

   WebMvcAutoConfiguration#formContentFilter matched:
      - @ConditionalOnProperty (spring.mvc.formcontent.filter.enabled) matched (OnPropertyCondition)
      - @ConditionalOnMissingBean (types: org.springframework.web.filter.FormContentFilter; SearchStrategy: all) did not find any beans (OnBeanCondition)

   WebMvcAutoConfiguration#hiddenHttpMethodFilter matched:
      - @ConditionalOnProperty (spring.mvc.hiddenmethod.filter.enabled) matched (OnPropertyCondition)
      - @ConditionalOnMissingBean (types: org.springframework.web.filter.HiddenHttpMethodFilter; SearchStrategy: all) did not find any beans (OnBeanCondition)

   WebMvcAutoConfiguration.WebMvcAutoConfigurationAdapter#defaultViewResolver matched:
      - @ConditionalOnMissingBean (types: org.springframework.web.servlet.view.InternalResourceViewResolver; SearchStrategy: all) did not find any beans (OnBeanCondition)

   WebMvcAutoConfiguration.WebMvcAutoConfigurationAdapter#requestContextFilter matched:
      - @ConditionalOnMissingBean (types: org.springframework.web.context.request.RequestContextListener,org.springframework.web.filter.RequestContextFilter; SearchStrategy: all) did not find any beans (OnBeanCondition)

   WebMvcAutoConfiguration.WebMvcAutoConfigurationAdapter#viewResolver matched:
      - @ConditionalOnBean (types: org.springframework.web.servlet.ViewResolver; SearchStrategy: all) found beans 'defaultViewResolver', 'beanNameViewResolver', 'mvcViewResolver'; @ConditionalOnMissingBean (names: viewResolver; types: org.springframework.web.servlet.view.ContentNegotiatingViewResolver; SearchStrategy: all) did not find any beans (OnBeanCondition)

   WebMvcAutoConfiguration.WebMvcAutoConfigurationAdapter.FaviconConfiguration matched:
      - @ConditionalOnProperty (spring.mvc.favicon.enabled) matched (OnPropertyCondition)

   WebSocketServletAutoConfiguration matched:
      - @ConditionalOnClass found required classes 'javax.servlet.Servlet', 'javax.websocket.server.ServerContainer' (OnClassCondition)
      - found 'session' scope (OnWebApplicationCondition)

   WebSocketServletAutoConfiguration.TomcatWebSocketConfiguration matched:
      - @ConditionalOnClass found required classes 'org.apache.catalina.startup.Tomcat', 'org.apache.tomcat.websocket.server.WsSci' (OnClassCondition)

   WebSocketServletAutoConfiguration.TomcatWebSocketConfiguration#websocketServletWebServerCustomizer matched:
      - @ConditionalOnMissingBean (names: websocketServletWebServerCustomizer; SearchStrategy: all) did not find any beans (OnBeanCondition)


Negative matches:
-----------------

   ActiveMQAutoConfiguration:
      Did not match:
         - @ConditionalOnClass did not find required class 'javax.jms.ConnectionFactory' (OnClassCondition)

   AopAutoConfiguration.JdkDynamicAutoProxyConfiguration:
      Did not match:
         - @ConditionalOnProperty (spring.aop.proxy-target-class=false) did not find property 'proxy-target-class' (OnPropertyCondition)

   ArtemisAutoConfiguration:
      Did not match:
         - @ConditionalOnClass did not find required class 'javax.jms.ConnectionFactory' (OnClassCondition)

   AtomikosJtaConfiguration:
      Did not match:
         - @ConditionalOnClass did not find required class 'com.atomikos.icatch.jta.UserTransactionManager' (OnClassCondition)

   BatchAutoConfiguration:
      Did not match:
         - @ConditionalOnClass did not find required class 'org.springframework.batch.core.launch.JobLauncher' (OnClassCondition)

   BitronixJtaConfiguration:
      Did not match:
         - @ConditionalOnClass did not find required class 'bitronix.tm.jndi.BitronixContext' (OnClassCondition)

   CacheAutoConfiguration:
      Did not match:
         - @ConditionalOnBean (types: org.springframework.cache.interceptor.CacheAspectSupport; SearchStrategy: all) did not find any beans of type org.springframework.cache.interceptor.CacheAspectSupport (OnBeanCondition)
      Matched:
         - @ConditionalOnClass found required class 'org.springframework.cache.CacheManager' (OnClassCondition)

   CacheAutoConfiguration.CacheManagerJpaDependencyConfiguration:
      Did not match:
         - Ancestor org.springframework.boot.autoconfigure.cache.CacheAutoConfiguration did not match (ConditionEvaluationReport.AncestorsMatchedCondition)
      Matched:
         - @ConditionalOnClass found required class 'org.springframework.orm.jpa.LocalContainerEntityManagerFactoryBean' (OnClassCondition)

   CaffeineCacheConfiguration:
      Did not match:
         - @ConditionalOnClass did not find required classes 'com.github.benmanes.caffeine.cache.Caffeine', 'org.springframework.cache.caffeine.CaffeineCacheManager' (OnClassCondition)

   CassandraAutoConfiguration:
      Did not match:
         - @ConditionalOnClass did not find required class 'com.datastax.driver.core.Cluster' (OnClassCondition)

   CassandraDataAutoConfiguration:
      Did not match:
         - @ConditionalOnClass did not find required class 'com.datastax.driver.core.Cluster' (OnClassCondition)

   CassandraReactiveDataAutoConfiguration:
      Did not match:
         - @ConditionalOnClass did not find required class 'com.datastax.driver.core.Cluster' (OnClassCondition)

   CassandraReactiveRepositoriesAutoConfiguration:
      Did not match:
         - @ConditionalOnClass did not find required class 'org.springframework.data.cassandra.ReactiveSession' (OnClassCondition)

   CassandraRepositoriesAutoConfiguration:
      Did not match:
         - @ConditionalOnClass did not find required class 'com.datastax.driver.core.Session' (OnClassCondition)

   ClientHttpConnectorAutoConfiguration:
      Did not match:
         - @ConditionalOnClass did not find required class 'org.springframework.web.reactive.function.client.WebClient' (OnClassCondition)

   CloudServiceConnectorsAutoConfiguration:
      Did not match:
         - @ConditionalOnClass did not find required class 'org.springframework.cloud.config.java.CloudScanConfiguration' (OnClassCondition)

   CouchbaseAutoConfiguration:
      Did not match:
         - @ConditionalOnClass did not find required class 'com.couchbase.client.java.Cluster' (OnClassCondition)

   CouchbaseCacheConfiguration:
      Did not match:
         - @ConditionalOnClass did not find required classes 'com.couchbase.client.java.Bucket', 'com.couchbase.client.spring.cache.CouchbaseCacheManager' (OnClassCondition)

   CouchbaseDataAutoConfiguration:
      Did not match:
         - @ConditionalOnClass did not find required class 'com.couchbase.client.java.Bucket' (OnClassCondition)

   CouchbaseReactiveDataAutoConfiguration:
      Did not match:
         - @ConditionalOnClass did not find required class 'com.couchbase.client.java.Bucket' (OnClassCondition)

   CouchbaseReactiveRepositoriesAutoConfiguration:
      Did not match:
         - @ConditionalOnClass did not find required class 'com.couchbase.client.java.Bucket' (OnClassCondition)

   CouchbaseRepositoriesAutoConfiguration:
      Did not match:
         - @ConditionalOnClass did not find required class 'com.couchbase.client.java.Bucket' (OnClassCondition)

   DataSourceAutoConfiguration.EmbeddedDatabaseConfiguration:
      Did not match:
         - EmbeddedDataSource found supported pooled data source (DataSourceAutoConfiguration.EmbeddedDatabaseCondition)

   DataSourceConfiguration.Dbcp2:
      Did not match:
         - @ConditionalOnClass did not find required class 'org.apache.commons.dbcp2.BasicDataSource' (OnClassCondition)

   DataSourceConfiguration.Generic:
      Did not match:
         - @ConditionalOnProperty (spring.datasource.type) did not find property 'spring.datasource.type' (OnPropertyCondition)

   DataSourceConfiguration.Tomcat:
      Did not match:
         - @ConditionalOnClass did not find required class 'org.apache.tomcat.jdbc.pool.DataSource' (OnClassCondition)

   DataSourceJmxConfiguration:
      Did not match:
         - @ConditionalOnProperty (spring.jmx.enabled=true) found different value in property 'enabled' (OnPropertyCondition)

   DataSourcePoolMetadataProvidersConfiguration.CommonsDbcp2PoolDataSourceMetadataProviderConfiguration:
      Did not match:
         - @ConditionalOnClass did not find required class 'org.apache.commons.dbcp2.BasicDataSource' (OnClassCondition)

   DataSourcePoolMetadataProvidersConfiguration.TomcatDataSourcePoolMetadataProviderConfiguration:
      Did not match:
         - @ConditionalOnClass did not find required class 'org.apache.tomcat.jdbc.pool.DataSource' (OnClassCondition)

   DataSourceTransactionManagerAutoConfiguration.DataSourceTransactionManagerConfiguration#transactionManager:
      Did not match:
         - @ConditionalOnMissingBean (types: org.springframework.transaction.PlatformTransactionManager; SearchStrategy: all) found beans of type 'org.springframework.transaction.PlatformTransactionManager' transactionManager (OnBeanCondition)

   DispatcherServletAutoConfiguration.DispatcherServletConfiguration#multipartResolver:
      Did not match:
         - @ConditionalOnBean (types: org.springframework.web.multipart.MultipartResolver; SearchStrategy: all) did not find any beans of type org.springframework.web.multipart.MultipartResolver (OnBeanCondition)

   EhCacheCacheConfiguration:
      Did not match:
         - @ConditionalOnClass did not find required classes 'net.sf.ehcache.Cache', 'org.springframework.cache.ehcache.EhCacheCacheManager' (OnClassCondition)

   ElasticsearchAutoConfiguration:
      Did not match:
         - @ConditionalOnClass did not find required class 'org.elasticsearch.client.Client' (OnClassCondition)

   ElasticsearchDataAutoConfiguration:
      Did not match:
         - @ConditionalOnClass did not find required class 'org.elasticsearch.client.Client' (OnClassCondition)

   ElasticsearchRepositoriesAutoConfiguration:
      Did not match:
         - @ConditionalOnClass did not find required class 'org.elasticsearch.client.Client' (OnClassCondition)

   EmbeddedLdapAutoConfiguration:
      Did not match:
         - @ConditionalOnClass did not find required class 'com.unboundid.ldap.listener.InMemoryDirectoryServer' (OnClassCondition)

   EmbeddedMongoAutoConfiguration:
      Did not match:
         - @ConditionalOnClass did not find required class 'com.mongodb.MongoClient' (OnClassCondition)

   EmbeddedWebServerFactoryCustomizerAutoConfiguration.JettyWebServerFactoryCustomizerConfiguration:
      Did not match:
         - @ConditionalOnClass did not find required classes 'org.eclipse.jetty.server.Server', 'org.eclipse.jetty.util.Loader', 'org.eclipse.jetty.webapp.WebAppContext' (OnClassCondition)

   EmbeddedWebServerFactoryCustomizerAutoConfiguration.NettyWebServerFactoryCustomizerConfiguration:
      Did not match:
         - @ConditionalOnClass did not find required class 'reactor.netty.http.server.HttpServer' (OnClassCondition)

   EmbeddedWebServerFactoryCustomizerAutoConfiguration.UndertowWebServerFactoryCustomizerConfiguration:
      Did not match:
         - @ConditionalOnClass did not find required classes 'io.undertow.Undertow', 'org.xnio.SslClientAuthMode' (OnClassCondition)

   ErrorWebFluxAutoConfiguration:
      Did not match:
         - @ConditionalOnClass did not find required class 'org.springframework.web.reactive.config.WebFluxConfigurer' (OnClassCondition)

   FlywayAutoConfiguration:
      Did not match:
         - @ConditionalOnClass did not find required class 'org.flywaydb.core.Flyway' (OnClassCondition)

   FreeMarkerAutoConfiguration:
      Did not match:
         - @ConditionalOnClass did not find required class 'freemarker.template.Configuration' (OnClassCondition)

   GroovyTemplateAutoConfiguration:
      Did not match:
         - @ConditionalOnClass did not find required class 'groovy.text.markup.MarkupTemplateEngine' (OnClassCondition)

   GsonAutoConfiguration:
      Did not match:
         - @ConditionalOnClass did not find required class 'com.google.gson.Gson' (OnClassCondition)

   GsonHttpMessageConvertersConfiguration:
      Did not match:
         - @ConditionalOnClass did not find required class 'com.google.gson.Gson' (OnClassCondition)

   HazelcastAutoConfiguration:
      Did not match:
         - @ConditionalOnClass did not find required class 'com.hazelcast.core.HazelcastInstance' (OnClassCondition)

   HazelcastCacheConfiguration:
      Did not match:
         - @ConditionalOnClass did not find required classes 'com.hazelcast.core.HazelcastInstance', 'com.hazelcast.spring.cache.HazelcastCacheManager' (OnClassCondition)

   HazelcastJpaDependencyAutoConfiguration:
      Did not match:
         - @ConditionalOnClass did not find required class 'com.hazelcast.core.HazelcastInstance' (OnClassCondition)

   HttpHandlerAutoConfiguration:
      Did not match:
         - @ConditionalOnClass did not find required class 'org.springframework.web.reactive.DispatcherHandler' (OnClassCondition)

   HypermediaAutoConfiguration:
      Did not match:
         - @ConditionalOnClass did not find required class 'org.springframework.hateoas.Resource' (OnClassCondition)

   InfinispanCacheConfiguration:
      Did not match:
         - @ConditionalOnClass did not find required class 'org.infinispan.spring.provider.SpringEmbeddedCacheManager' (OnClassCondition)

   InfluxDbAutoConfiguration:
      Did not match:
         - @ConditionalOnClass did not find required class 'org.influxdb.InfluxDB' (OnClassCondition)

   IntegrationAutoConfiguration:
      Did not match:
         - @ConditionalOnClass did not find required class 'org.springframework.integration.config.EnableIntegration' (OnClassCondition)

   JCacheCacheConfiguration:
      Did not match:
         - @ConditionalOnClass did not find required classes 'javax.cache.Caching', 'org.springframework.cache.jcache.JCacheCacheManager' (OnClassCondition)

   JacksonAutoConfiguration.JodaDateTimeJacksonConfiguration:
      Did not match:
         - @ConditionalOnClass did not find required classes 'org.joda.time.DateTime', 'com.fasterxml.jackson.datatype.joda.ser.DateTimeSerializer', 'com.fasterxml.jackson.datatype.joda.cfg.JacksonJodaDateFormat' (OnClassCondition)

   JacksonHttpMessageConvertersConfiguration.MappingJackson2XmlHttpMessageConverterConfiguration:
      Did not match:
         - @ConditionalOnClass did not find required class 'com.fasterxml.jackson.dataformat.xml.XmlMapper' (OnClassCondition)

   JdbcRepositoriesAutoConfiguration:
      Did not match:
         - @ConditionalOnClass did not find required class 'org.springframework.data.jdbc.repository.config.JdbcConfiguration' (OnClassCondition)

   JerseyAutoConfiguration:
      Did not match:
         - @ConditionalOnClass did not find required class 'org.glassfish.jersey.server.spring.SpringComponentProvider' (OnClassCondition)

   JestAutoConfiguration:
      Did not match:
         - @ConditionalOnClass did not find required class 'io.searchbox.client.JestClient' (OnClassCondition)

   JmsAutoConfiguration:
      Did not match:
         - @ConditionalOnClass did not find required class 'javax.jms.Message' (OnClassCondition)

   JmxAutoConfiguration:
      Did not match:
         - @ConditionalOnProperty (spring.jmx.enabled=true) found different value in property 'enabled' (OnPropertyCondition)
      Matched:
         - @ConditionalOnClass found required class 'org.springframework.jmx.export.MBeanExporter' (OnClassCondition)

   JndiConnectionFactoryAutoConfiguration:
      Did not match:
         - @ConditionalOnClass did not find required class 'org.springframework.jms.core.JmsTemplate' (OnClassCondition)

   JndiDataSourceAutoConfiguration:
      Did not match:
         - @ConditionalOnProperty (spring.datasource.jndi-name) did not find property 'jndi-name' (OnPropertyCondition)
      Matched:
         - @ConditionalOnClass found required classes 'javax.sql.DataSource', 'org.springframework.jdbc.datasource.embedded.EmbeddedDatabaseType' (OnClassCondition)

   JndiJtaConfiguration:
      Did not match:
         - @ConditionalOnJndi JNDI environment is not available (OnJndiCondition)
      Matched:
         - @ConditionalOnClass found required class 'org.springframework.transaction.jta.JtaTransactionManager' (OnClassCondition)

   JooqAutoConfiguration:
      Did not match:
         - @ConditionalOnClass did not find required class 'org.jooq.DSLContext' (OnClassCondition)

   JpaRepositoriesAutoConfiguration:
      Did not match:
         - @ConditionalOnMissingBean (types: org.springframework.data.jpa.repository.support.JpaRepositoryFactoryBean,org.springframework.data.jpa.repository.config.JpaRepositoryConfigExtension; SearchStrategy: all) found beans of type 'org.springframework.data.jpa.repository.config.JpaRepositoryConfigExtension' org.springframework.data.jpa.repository.config.JpaRepositoryConfigExtension#0 (OnBeanCondition)
      Matched:
         - @ConditionalOnClass found required class 'org.springframework.data.jpa.repository.JpaRepository' (OnClassCondition)
         - @ConditionalOnProperty (spring.data.jpa.repositories.enabled=true) matched (OnPropertyCondition)

   JsonbAutoConfiguration:
      Did not match:
         - @ConditionalOnClass did not find required class 'javax.json.bind.Jsonb' (OnClassCondition)

   JsonbHttpMessageConvertersConfiguration:
      Did not match:
         - @ConditionalOnClass did not find required class 'javax.json.bind.Jsonb' (OnClassCondition)

   KafkaAutoConfiguration:
      Did not match:
         - @ConditionalOnClass did not find required class 'org.springframework.kafka.core.KafkaTemplate' (OnClassCondition)

   LdapAutoConfiguration:
      Did not match:
         - @ConditionalOnClass did not find required class 'org.springframework.ldap.core.ContextSource' (OnClassCondition)

   LdapRepositoriesAutoConfiguration:
      Did not match:
         - @ConditionalOnClass did not find required class 'org.springframework.data.ldap.repository.LdapRepository' (OnClassCondition)

   LiquibaseAutoConfiguration:
      Did not match:
         - @ConditionalOnClass did not find required class 'liquibase.change.DatabaseChange' (OnClassCondition)

   LocalDevToolsAutoConfiguration:
      Did not match:
         - Initialized Restarter Condition initialized without URLs (OnInitializedRestarterCondition)

   MailSenderAutoConfiguration:
      Did not match:
         - @ConditionalOnClass did not find required class 'javax.mail.internet.MimeMessage' (OnClassCondition)

   MailSenderValidatorAutoConfiguration:
      Did not match:
         - @ConditionalOnSingleCandidate did not find required type 'org.springframework.mail.javamail.JavaMailSenderImpl' (OnBeanCondition)

   MessageSourceAutoConfiguration:
      Did not match:
         - ResourceBundle did not find bundle with basename messages (MessageSourceAutoConfiguration.ResourceBundleCondition)

   MongoAutoConfiguration:
      Did not match:
         - @ConditionalOnClass did not find required class 'com.mongodb.MongoClient' (OnClassCondition)

   MongoDataAutoConfiguration:
      Did not match:
         - @ConditionalOnClass did not find required class 'com.mongodb.client.MongoClient' (OnClassCondition)

   MongoReactiveAutoConfiguration:
      Did not match:
         - @ConditionalOnClass did not find required class 'com.mongodb.reactivestreams.client.MongoClient' (OnClassCondition)

   MongoReactiveDataAutoConfiguration:
      Did not match:
         - @ConditionalOnClass did not find required class 'com.mongodb.reactivestreams.client.MongoClient' (OnClassCondition)

   MongoReactiveRepositoriesAutoConfiguration:
      Did not match:
         - @ConditionalOnClass did not find required class 'com.mongodb.reactivestreams.client.MongoClient' (OnClassCondition)

   MongoRepositoriesAutoConfiguration:
      Did not match:
         - @ConditionalOnClass did not find required class 'com.mongodb.MongoClient' (OnClassCondition)

   MustacheAutoConfiguration:
      Did not match:
         - @ConditionalOnClass did not find required class 'com.samskivert.mustache.Mustache' (OnClassCondition)

   Neo4jDataAutoConfiguration:
      Did not match:
         - @ConditionalOnClass did not find required class 'org.neo4j.ogm.session.SessionFactory' (OnClassCondition)

   Neo4jRepositoriesAutoConfiguration:
      Did not match:
         - @ConditionalOnClass did not find required class 'org.neo4j.ogm.session.Neo4jSession' (OnClassCondition)

   OAuth2ClientAutoConfiguration:
      Did not match:
         - @ConditionalOnClass did not find required class 'org.springframework.security.oauth2.client.registration.ClientRegistration' (OnClassCondition)

   OAuth2ResourceServerAutoConfiguration:
      Did not match:
         - @ConditionalOnClass did not find required class 'org.springframework.security.oauth2.jwt.JwtDecoder' (OnClassCondition)

   ProjectInfoAutoConfiguration#buildProperties:
      Did not match:
         - @ConditionalOnResource did not find resource '${spring.info.build.location:classpath:META-INF/build-info.properties}' (OnResourceCondition)

   ProjectInfoAutoConfiguration#gitProperties:
      Did not match:
         - GitResource did not find git info at classpath:git.properties (ProjectInfoAutoConfiguration.GitResourceAvailableCondition)

   QuartzAutoConfiguration:
      Did not match:
         - @ConditionalOnClass did not find required class 'org.quartz.Scheduler' (OnClassCondition)

   RabbitAutoConfiguration:
      Did not match:
         - @ConditionalOnClass did not find required class 'com.rabbitmq.client.Channel' (OnClassCondition)

   ReactiveOAuth2ClientAutoConfiguration:
      Did not match:
         - @ConditionalOnClass did not find required class 'reactor.core.publisher.Flux' (OnClassCondition)

   ReactiveOAuth2ResourceServerAutoConfiguration:
      Did not match:
         - @ConditionalOnClass did not find required class 'org.springframework.security.oauth2.jwt.ReactiveJwtDecoder' (OnClassCondition)

   ReactiveSecurityAutoConfiguration:
      Did not match:
         - @ConditionalOnClass did not find required class 'reactor.core.publisher.Flux' (OnClassCondition)

   ReactiveUserDetailsServiceAutoConfiguration:
      Did not match:
         - @ConditionalOnWebApplication did not find reactive web application classes (OnWebApplicationCondition)

   ReactiveWebServerFactoryAutoConfiguration:
      Did not match:
         - @ConditionalOnWebApplication did not find reactive web application classes (OnWebApplicationCondition)

   ReactorCoreAutoConfiguration:
      Did not match:
         - @ConditionalOnClass did not find required class 'reactor.core.publisher.Flux' (OnClassCondition)

   RedisAutoConfiguration:
      Did not match:
         - @ConditionalOnClass did not find required class 'org.springframework.data.redis.core.RedisOperations' (OnClassCondition)

   RedisCacheConfiguration:
      Did not match:
         - @ConditionalOnClass did not find required class 'org.springframework.data.redis.connection.RedisConnectionFactory' (OnClassCondition)

   RedisReactiveAutoConfiguration:
      Did not match:
         - @ConditionalOnClass did not find required class 'reactor.core.publisher.Flux' (OnClassCondition)

   RedisRepositoriesAutoConfiguration:
      Did not match:
         - @ConditionalOnClass did not find required class 'org.springframework.data.redis.repository.configuration.EnableRedisRepositories' (OnClassCondition)

   RemoteDevToolsAutoConfiguration:
      Did not match:
         - @ConditionalOnProperty (spring.devtools.remote.secret) did not find property 'secret' (OnPropertyCondition)
      Matched:
         - @ConditionalOnClass found required classes 'javax.servlet.Filter', 'org.springframework.http.server.ServerHttpRequest' (OnClassCondition)

   RepositoryRestMvcAutoConfiguration:
      Did not match:
         - @ConditionalOnClass did not find required class 'org.springframework.data.rest.webmvc.config.RepositoryRestMvcConfiguration' (OnClassCondition)

   RestClientAutoConfiguration:
      Did not match:
         - @ConditionalOnClass did not find required class 'org.elasticsearch.client.RestClient' (OnClassCondition)

   SecurityDataConfiguration:
      Did not match:
         - @ConditionalOnClass did not find required class 'org.springframework.security.data.repository.query.SecurityEvaluationContextExtension' (OnClassCondition)

   SecurityRequestMatcherProviderAutoConfiguration.JerseyRequestMatcherConfiguration:
      Did not match:
         - @ConditionalOnClass did not find required class 'org.glassfish.jersey.server.ResourceConfig' (OnClassCondition)

   SendGridAutoConfiguration:
      Did not match:
         - @ConditionalOnClass did not find required class 'com.sendgrid.SendGrid' (OnClassCondition)

   ServletWebServerFactoryConfiguration.EmbeddedJetty:
      Did not match:
         - @ConditionalOnClass did not find required classes 'org.eclipse.jetty.server.Server', 'org.eclipse.jetty.util.Loader', 'org.eclipse.jetty.webapp.WebAppContext' (OnClassCondition)

   ServletWebServerFactoryConfiguration.EmbeddedUndertow:
      Did not match:
         - @ConditionalOnClass did not find required classes 'io.undertow.Undertow', 'org.xnio.SslClientAuthMode' (OnClassCondition)

   SessionAutoConfiguration:
      Did not match:
         - @ConditionalOnClass did not find required class 'org.springframework.session.Session' (OnClassCondition)

   SolrAutoConfiguration:
      Did not match:
         - @ConditionalOnClass did not find required class 'org.apache.solr.client.solrj.impl.CloudSolrClient' (OnClassCondition)

   SolrRepositoriesAutoConfiguration:
      Did not match:
         - @ConditionalOnClass did not find required class 'org.apache.solr.client.solrj.SolrClient' (OnClassCondition)

   SpringApplicationAdminJmxAutoConfiguration:
      Did not match:
         - @ConditionalOnProperty (spring.application.admin.enabled=true) did not find property 'enabled' (OnPropertyCondition)

   SpringBootWebSecurityConfiguration:
      Did not match:
         - @ConditionalOnMissingBean (types: org.springframework.security.config.annotation.web.configuration.WebSecurityConfigurerAdapter; SearchStrategy: all) found beans of type 'org.springframework.security.config.annotation.web.configuration.WebSecurityConfigurerAdapter' securityConfiguration (OnBeanCondition)
      Matched:
         - @ConditionalOnClass found required class 'org.springframework.security.config.annotation.web.configuration.WebSecurityConfigurerAdapter' (OnClassCondition)
         - found 'session' scope (OnWebApplicationCondition)

   TaskSchedulingAutoConfiguration#taskScheduler:
      Did not match:
         - @ConditionalOnBean (names: org.springframework.context.annotation.internalScheduledAnnotationProcessor; SearchStrategy: all) did not find any beans named org.springframework.context.annotation.internalScheduledAnnotationProcessor (OnBeanCondition)

   ThymeleafAutoConfiguration:
      Did not match:
         - @ConditionalOnClass did not find required class 'org.thymeleaf.spring5.SpringTemplateEngine' (OnClassCondition)

   TransactionAutoConfiguration.EnableTransactionManagementConfiguration:
      Did not match:
         - @ConditionalOnMissingBean (types: org.springframework.transaction.annotation.AbstractTransactionManagementConfiguration; SearchStrategy: all) found beans of type 'org.springframework.transaction.annotation.AbstractTransactionManagementConfiguration' org.springframework.transaction.annotation.ProxyTransactionManagementConfiguration (OnBeanCondition)

   TransactionAutoConfiguration.EnableTransactionManagementConfiguration.CglibAutoProxyConfiguration:
      Did not match:
         - Ancestor org.springframework.boot.autoconfigure.transaction.TransactionAutoConfiguration$EnableTransactionManagementConfiguration did not match (ConditionEvaluationReport.AncestorsMatchedCondition)
      Matched:
         - @ConditionalOnProperty (spring.aop.proxy-target-class=true) matched (OnPropertyCondition)

   TransactionAutoConfiguration.EnableTransactionManagementConfiguration.JdkDynamicAutoProxyConfiguration:
      Did not match:
         - @ConditionalOnProperty (spring.aop.proxy-target-class=false) did not find property 'proxy-target-class' (OnPropertyCondition)
         - Ancestor org.springframework.boot.autoconfigure.transaction.TransactionAutoConfiguration$EnableTransactionManagementConfiguration did not match (ConditionEvaluationReport.AncestorsMatchedCondition)

   WebClientAutoConfiguration:
      Did not match:
         - @ConditionalOnClass did not find required class 'org.springframework.web.reactive.function.client.WebClient' (OnClassCondition)

   WebFluxAutoConfiguration:
      Did not match:
         - @ConditionalOnClass did not find required class 'org.springframework.web.reactive.config.WebFluxConfigurer' (OnClassCondition)

   WebMvcAutoConfiguration.ResourceChainCustomizerConfiguration:
      Did not match:
         - @ConditionalOnEnabledResourceChain did not find class org.webjars.WebJarAssetLocator (OnEnabledResourceChainCondition)

   WebMvcAutoConfiguration.WebMvcAutoConfigurationAdapter#beanNameViewResolver:
      Did not match:
         - @ConditionalOnMissingBean (types: org.springframework.web.servlet.view.BeanNameViewResolver; SearchStrategy: all) found beans of type 'org.springframework.web.servlet.view.BeanNameViewResolver' beanNameViewResolver (OnBeanCondition)

   WebMvcAutoConfiguration.WebMvcAutoConfigurationAdapter#localeResolver:
      Did not match:
         - @ConditionalOnProperty (spring.mvc.locale) did not find property 'locale' (OnPropertyCondition)

   WebSecurityEnablerConfiguration:
      Did not match:
         - @ConditionalOnMissingBean (names: springSecurityFilterChain; SearchStrategy: all) found beans named springSecurityFilterChain (OnBeanCondition)
      Matched:
         - found 'session' scope (OnWebApplicationCondition)

   WebServiceTemplateAutoConfiguration:
      Did not match:
         - @ConditionalOnClass did not find required class 'org.springframework.oxm.Marshaller' (OnClassCondition)

   WebServicesAutoConfiguration:
      Did not match:
         - @ConditionalOnClass did not find required class 'org.springframework.ws.transport.http.MessageDispatcherServlet' (OnClassCondition)

   WebSocketMessagingAutoConfiguration:
      Did not match:
         - @ConditionalOnClass did not find required class 'org.springframework.web.socket.config.annotation.WebSocketMessageBrokerConfigurer' (OnClassCondition)

   WebSocketReactiveAutoConfiguration:
      Did not match:
         - @ConditionalOnWebApplication did not find reactive web application classes (OnWebApplicationCondition)

   WebSocketServletAutoConfiguration.JettyWebSocketConfiguration:
      Did not match:
         - @ConditionalOnClass did not find required class 'org.eclipse.jetty.websocket.jsr356.server.deploy.WebSocketServerContainerInitializer' (OnClassCondition)

   WebSocketServletAutoConfiguration.UndertowWebSocketConfiguration:
      Did not match:
         - @ConditionalOnClass did not find required class 'io.undertow.websockets.jsr.Bootstrap' (OnClassCondition)

   XADataSourceAutoConfiguration:
      Did not match:
         - @ConditionalOnBean (types: org.springframework.boot.jdbc.XADataSourceWrapper; SearchStrategy: all) did not find any beans of type org.springframework.boot.jdbc.XADataSourceWrapper (OnBeanCondition)
      Matched:
         - @ConditionalOnClass found required classes 'javax.sql.DataSource', 'javax.transaction.TransactionManager', 'org.springframework.jdbc.datasource.embedded.EmbeddedDatabaseType' (OnClassCondition)


Exclusions:
-----------

    None


Unconditional classes:
----------------------

    org.springframework.boot.autoconfigure.context.ConfigurationPropertiesAutoConfiguration

    org.springframework.boot.autoconfigure.context.PropertyPlaceholderAutoConfiguration

    org.springframework.boot.autoconfigure.info.ProjectInfoAutoConfiguration



&amp#27;[30m2020-02-08 10:21:38,336&amp#27;[0;39m &amp#27;[39mDEBUG&amp#27;[0;39m [&amp#27;[34mmain&amp#27;[0;39m] &amp#27;[33morg.springframework.beans.factory.support.DefaultSingletonBeanRegistry&amp#27;[0;39m: Creating shared instance of singleton bean 'org.springframework.transaction.config.internalTransactionAdvisor'
&amp#27;[30m2020-02-08 10:21:38,336&amp#27;[0;39m &amp#27;[39mDEBUG&amp#27;[0;39m [&amp#27;[34mmain&amp#27;[0;39m] &amp#27;[33morg.springframework.beans.factory.support.DefaultSingletonBeanRegistry&amp#27;[0;39m: Creating shared instance of singleton bean 'org.springframework.transaction.annotation.ProxyTransactionManagementConfiguration'
&amp#27;[30m2020-02-08 10:21:38,338&amp#27;[0;39m &amp#27;[39mDEBUG&amp#27;[0;39m [&amp#27;[34mmain&amp#27;[0;39m] &amp#27;[33morg.springframework.beans.factory.support.AbstractAutowireCapableBeanFactory&amp#27;[0;39m: Bean creation exception on singleton FactoryBean type check: org.springframework.beans.factory.BeanCreationException: Error creating bean with name 'org.springframework.transaction.annotation.ProxyTransactionManagementConfiguration': Initialization of bean failed; nested exception is org.springframework.beans.factory.NoSuchBeanDefinitionException: No bean named 'org.springframework.context.annotation.ConfigurationClassPostProcessor.importRegistry' available
&amp#27;[30m2020-02-08 10:21:38,340&amp#27;[0;39m &amp#27;[39mDEBUG&amp#27;[0;39m [&amp#27;[34mmain&amp#27;[0;39m] &amp#27;[33morg.springframework.boot.diagnostics.LoggingFailureAnalysisReporter&amp#27;[0;39m: Application failed to start due to an exception
org.springframework.beans.factory.NoSuchBeanDefinitionException: No qualifying bean of type 'in.rgukt.r081247.universityapi.repository.DepartmentRepository' available: expected at least 1 bean which qualifies as autowire candidate. Dependency annotations: {@org.springframework.beans.factory.annotation.Autowired(required=true)}
	at org.springframework.beans.factory.support.DefaultListableBeanFactory.raiseNoMatchingBeanFound(DefaultListableBeanFactory.java:1655)
	at org.springframework.beans.factory.support.DefaultListableBeanFactory.doResolveDependency(DefaultListableBeanFactory.java:1214)
	at org.springframework.beans.factory.support.DefaultListableBeanFactory.resolveDependency(DefaultListableBeanFactory.java:1168)
	at org.springframework.beans.factory.annotation.AutowiredAnnotationBeanPostProcessor$AutowiredFieldElement.inject(AutowiredAnnotationBeanPostProcessor.java:593)
	at org.springframework.beans.factory.annotation.InjectionMetadata.inject(InjectionMetadata.java:90)
	at org.springframework.beans.factory.annotation.AutowiredAnnotationBeanPostProcessor.postProcessProperties(AutowiredAnnotationBeanPostProcessor.java:374)
	at org.springframework.beans.factory.support.AbstractAutowireCapableBeanFactory.populateBean(AbstractAutowireCapableBeanFactory.java:1411)
	at org.springframework.beans.factory.support.AbstractAutowireCapableBeanFactory.doCreateBean(AbstractAutowireCapableBeanFactory.java:592)
	at org.springframework.beans.factory.support.AbstractAutowireCapableBeanFactory.createBean(AbstractAutowireCapableBeanFactory.java:515)
	at org.springframework.beans.factory.support.AbstractBeanFactory.lambda$doGetBean$0(AbstractBeanFactory.java:320)
	at org.springframework.beans.factory.support.DefaultSingletonBeanRegistry.getSingleton(DefaultSingletonBeanRegistry.java:222)
	at org.springframework.beans.factory.support.AbstractBeanFactory.doGetBean(AbstractBeanFactory.java:318)
	at org.springframework.beans.factory.support.AbstractBeanFactory.getBean(AbstractBeanFactory.java:199)
	at org.springframework.beans.factory.config.DependencyDescriptor.resolveCandidate(DependencyDescriptor.java:277)
	at org.springframework.beans.factory.support.DefaultListableBeanFactory.doResolveDependency(DefaultListableBeanFactory.java:1248)
	at org.springframework.beans.factory.support.DefaultListableBeanFactory.resolveDependency(DefaultListableBeanFactory.java:1168)
	at org.springframework.beans.factory.annotation.AutowiredAnnotationBeanPostProcessor$AutowiredFieldElement.inject(AutowiredAnnotationBeanPostProcessor.java:593)
	at org.springframework.beans.factory.annotation.InjectionMetadata.inject(InjectionMetadata.java:90)
	at org.springframework.beans.factory.annotation.AutowiredAnnotationBeanPostProcessor.postProcessProperties(AutowiredAnnotationBeanPostProcessor.java:374)
	at org.springframework.beans.factory.support.AbstractAutowireCapableBeanFactory.populateBean(AbstractAutowireCapableBeanFactory.java:1411)
	at org.springframework.beans.factory.support.AbstractAutowireCapableBeanFactory.doCreateBean(AbstractAutowireCapableBeanFactory.java:592)
	at org.springframework.beans.factory.support.AbstractAutowireCapableBeanFactory.createBean(AbstractAutowireCapableBeanFactory.java:515)
	at org.springframework.beans.factory.support.AbstractBeanFactory.lambda$doGetBean$0(AbstractBeanFactory.java:320)
	at org.springframework.beans.factory.support.DefaultSingletonBeanRegistry.getSingleton(DefaultSingletonBeanRegistry.java:222)
	at org.springframework.beans.factory.support.AbstractBeanFactory.doGetBean(AbstractBeanFactory.java:318)
	at org.springframework.beans.factory.support.AbstractBeanFactory.getBean(AbstractBeanFactory.java:199)
	at org.springframework.beans.factory.support.DefaultListableBeanFactory.preInstantiateSingletons(DefaultListableBeanFactory.java:843)
	at org.springframework.context.support.AbstractApplicationContext.finishBeanFactoryInitialization(AbstractApplicationContext.java:877)
	at org.springframework.context.support.AbstractApplicationContext.refresh(AbstractApplicationContext.java:549)
	at org.springframework.boot.web.servlet.context.ServletWebServerApplicationContext.refresh(ServletWebServerApplicationContext.java:142)
	at org.springframework.boot.SpringApplication.refresh(SpringApplication.java:775)
	at org.springframework.boot.SpringApplication.refreshContext(SpringApplication.java:397)
	at org.springframework.boot.SpringApplication.run(SpringApplication.java:316)
	at org.springframework.boot.test.context.SpringBootContextLoader.loadContext(SpringBootContextLoader.java:127)
	at org.springframework.test.context.cache.DefaultCacheAwareContextLoaderDelegate.loadContextInternal(DefaultCacheAwareContextLoaderDelegate.java:99)
	at org.springframework.test.context.cache.DefaultCacheAwareContextLoaderDelegate.loadContext(DefaultCacheAwareContextLoaderDelegate.java:117)
	at org.springframework.test.context.support.DefaultTestContext.getApplicationContext(DefaultTestContext.java:108)
	at org.springframework.test.context.support.DependencyInjectionTestExecutionListener.injectDependencies(DependencyInjectionTestExecutionListener.java:118)
	at org.springframework.test.context.support.DependencyInjectionTestExecutionListener.prepareTestInstance(DependencyInjectionTestExecutionListener.java:83)
	at org.springframework.boot.test.autoconfigure.SpringBootDependencyInjectionTestExecutionListener.prepareTestInstance(SpringBootDependencyInjectionTestExecutionListener.java:44)
	at org.springframework.test.context.TestContextManager.prepareTestInstance(TestContextManager.java:246)
	at org.springframework.test.context.junit4.SpringJUnit4ClassRunner.createTest(SpringJUnit4ClassRunner.java:227)
	at org.springframework.test.context.junit4.SpringJUnit4ClassRunner$1.runReflectiveCall(SpringJUnit4ClassRunner.java:289)
	at org.junit.internal.runners.model.ReflectiveCallable.run(ReflectiveCallable.java:12)
	at org.springframework.test.context.junit4.SpringJUnit4ClassRunner.methodBlock(SpringJUnit4ClassRunner.java:291)
	at org.springframework.test.context.junit4.SpringJUnit4ClassRunner.runChild(SpringJUnit4ClassRunner.java:246)
	at org.springframework.test.context.junit4.SpringJUnit4ClassRunner.runChild(SpringJUnit4ClassRunner.java:97)
	at org.junit.runners.ParentRunner$3.run(ParentRunner.java:290)
	at org.junit.runners.ParentRunner$1.schedule(ParentRunner.java:71)
	at org.junit.runners.ParentRunner.runChildren(ParentRunner.java:288)
	at org.junit.runners.ParentRunner.access$000(ParentRunner.java:58)
	at org.junit.runners.ParentRunner$2.evaluate(ParentRunner.java:268)
	at org.springframework.test.context.junit4.statements.RunBeforeTestClassCallbacks.evaluate(RunBeforeTestClassCallbacks.java:61)
	at org.springframework.test.context.junit4.statements.RunAfterTestClassCallbacks.evaluate(RunAfterTestClassCallbacks.java:70)
	at org.junit.runners.ParentRunner.run(ParentRunner.java:363)
	at org.springframework.test.context.junit4.SpringJUnit4ClassRunner.run(SpringJUnit4ClassRunner.java:190)
	at org.apache.maven.surefire.junit4.JUnit4Provider.execute(JUnit4Provider.java:365)
	at org.apache.maven.surefire.junit4.JUnit4Provider.executeWithRerun(JUnit4Provider.java:273)
	at org.apache.maven.surefire.junit4.JUnit4Provider.executeTestSet(JUnit4Provider.java:238)
	at org.apache.maven.surefire.junit4.JUnit4Provider.invoke(JUnit4Provider.java:159)
	at org.apache.maven.surefire.booter.ForkedBooter.invokeProviderInSameClassLoader(ForkedBooter.java:384)
	at org.apache.maven.surefire.booter.ForkedBooter.runSuitesInProcess(ForkedBooter.java:345)
	at org.apache.maven.surefire.booter.ForkedBooter.execute(ForkedBooter.java:126)
	at org.apache.maven.surefire.booter.ForkedBooter.main(ForkedBooter.java:418)
&amp#27;[30m2020-02-08 10:21:38,344&amp#27;[0;39m &amp#27;[1;31mERROR&amp#27;[0;39m [&amp#27;[34mmain&amp#27;[0;39m] &amp#27;[33morg.springframework.boot.diagnostics.LoggingFailureAnalysisReporter&amp#27;[0;39m: 

***************************
APPLICATION FAILED TO START
***************************

Description:

Field departmentRepository in in.rgukt.r081247.universityapi.service.CourseService required a bean of type 'in.rgukt.r081247.universityapi.repository.DepartmentRepository' that could not be found.

The injection point has the following annotations:
	- @org.springframework.beans.factory.annotation.Autowired(required=true)


Action:

Consider defining a bean of type 'in.rgukt.r081247.universityapi.repository.DepartmentRepository' in your configuration.

&amp#27;[30m2020-02-08 10:21:38,346&amp#27;[0;39m &amp#27;[39mDEBUG&amp#27;[0;39m [&amp#27;[34mmain&amp#27;[0;39m] &amp#27;[33morg.springframework.test.context.support.TestPropertySourceUtils&amp#27;[0;39m: Adding inlined properties to environment: {spring.jmx.enabled=false, org.springframework.boot.test.context.SpringBootTestContextBootstrapper=true, server.port=0}
&amp#27;[30m2020-02-08 10:21:38,400&amp#27;[0;39m &amp#27;[39mDEBUG&amp#27;[0;39m [&amp#27;[34mmain&amp#27;[0;39m] &amp#27;[33morg.springframework.boot.context.logging.ClasspathLoggingApplicationListener&amp#27;[0;39m: Application started with classpath: unknown

  .   ____          _            __ _ _
 /\\ / ___'_ __ _ _(_)_ __  __ _ \ \ \ \
( ( )\___ | '_ | '_| | '_ \/ _` | \ \ \ \
 \\/  ___)| |_)| | | | | || (_| |  ) ) ) )
  '  |____| .__|_| |_|_| |_\__, | / / / /
 =========|_|==============|___/=/_/_/_/
 :: Spring Boot ::        (v2.1.5.RELEASE)

&amp#27;[30m2020-02-08 10:21:38,419&amp#27;[0;39m &amp#27;[34mINFO &amp#27;[0;39m [&amp#27;[34mmain&amp#27;[0;39m] &amp#27;[33morg.springframework.boot.StartupInfoLogger&amp#27;[0;39m: Starting DepartmentControllerIntegrationTest on vinod with PID 6772 (started by vinod in /home/vinod/Desktop/desk/projects/universityapi)
&amp#27;[30m2020-02-08 10:21:38,433&amp#27;[0;39m &amp#27;[39mDEBUG&amp#27;[0;39m [&amp#27;[34mmain&amp#27;[0;39m] &amp#27;[33morg.springframework.boot.StartupInfoLogger&amp#27;[0;39m: Running with Spring Boot v2.1.5.RELEASE, Spring v5.1.7.RELEASE
&amp#27;[30m2020-02-08 10:21:38,434&amp#27;[0;39m &amp#27;[34mINFO &amp#27;[0;39m [&amp#27;[34mmain&amp#27;[0;39m] &amp#27;[33morg.springframework.boot.SpringApplication&amp#27;[0;39m: No active profile set, falling back to default profiles: default
&amp#27;[30m2020-02-08 10:21:38,434&amp#27;[0;39m &amp#27;[39mDEBUG&amp#27;[0;39m [&amp#27;[34mmain&amp#27;[0;39m] &amp#27;[33morg.springframework.boot.SpringApplication&amp#27;[0;39m: Loading source class in.rgukt.r081247.universityapi.CrmApplication
&amp#27;[30m2020-02-08 10:21:38,441&amp#27;[0;39m &amp#27;[39mDEBUG&amp#27;[0;39m [&amp#27;[34mmain&amp#27;[0;39m] &amp#27;[33morg.springframework.boot.logging.DeferredLog&amp#27;[0;39m: Loaded config file 'file:/home/vinod/Desktop/desk/projects/universityapi/target/test-classes/application.properties' (classpath:/application.properties)
&amp#27;[30m2020-02-08 10:21:38,442&amp#27;[0;39m &amp#27;[39mDEBUG&amp#27;[0;39m [&amp#27;[34mmain&amp#27;[0;39m] &amp#27;[33morg.springframework.context.support.AbstractApplicationContext&amp#27;[0;39m: Refreshing org.springframework.boot.web.servlet.context.AnnotationConfigServletWebServerApplicationContext@48064a5a
&amp#27;[30m2020-02-08 10:21:38,446&amp#27;[0;39m &amp#27;[39mDEBUG&amp#27;[0;39m [&amp#27;[34mmain&amp#27;[0;39m] &amp#27;[33morg.springframework.beans.factory.support.DefaultSingletonBeanRegistry&amp#27;[0;39m: Creating shared instance of singleton bean 'org.springframework.context.annotation.internalConfigurationAnnotationProcessor'
&amp#27;[30m2020-02-08 10:21:38,449&amp#27;[0;39m &amp#27;[39mDEBUG&amp#27;[0;39m [&amp#27;[34mmain&amp#27;[0;39m] &amp#27;[33morg.springframework.beans.factory.support.DefaultSingletonBeanRegistry&amp#27;[0;39m: Creating shared instance of singleton bean 'org.springframework.boot.autoconfigure.internalCachingMetadataReaderFactory'
&amp#27;[30m2020-02-08 10:21:38,482&amp#27;[0;39m &amp#27;[39mDEBUG&amp#27;[0;39m [&amp#27;[34mmain&amp#27;[0;39m] &amp#27;[33morg.springframework.context.annotation.ClassPathScanningCandidateComponentProvider&amp#27;[0;39m: Identified candidate component class: file [/home/vinod/Desktop/desk/projects/universityapi/target/classes/in/rgukt/r081247/universityapi/config/CrmCofig.class]
&amp#27;[30m2020-02-08 10:21:38,483&amp#27;[0;39m &amp#27;[39mDEBUG&amp#27;[0;39m [&amp#27;[34mmain&amp#27;[0;39m] &amp#27;[33morg.springframework.context.annotation.ClassPathScanningCandidateComponentProvider&amp#27;[0;39m: Identified candidate component class: file [/home/vinod/Desktop/desk/projects/universityapi/target/classes/in/rgukt/r081247/universityapi/config/SecurityConfiguration.class]
&amp#27;[30m2020-02-08 10:21:38,485&amp#27;[0;39m &amp#27;[39mDEBUG&amp#27;[0;39m [&amp#27;[34mmain&amp#27;[0;39m] &amp#27;[33morg.springframework.context.annotation.ClassPathScanningCandidateComponentProvider&amp#27;[0;39m: Identified candidate component class: file [/home/vinod/Desktop/desk/projects/universityapi/target/classes/in/rgukt/r081247/universityapi/controller/CourseController.class]
&amp#27;[30m2020-02-08 10:21:38,486&amp#27;[0;39m &amp#27;[39mDEBUG&amp#27;[0;39m [&amp#27;[34mmain&amp#27;[0;39m] &amp#27;[33morg.springframework.context.annotation.ClassPathScanningCandidateComponentProvider&amp#27;[0;39m: Identified candidate component class: file [/home/vinod/Desktop/desk/projects/universityapi/target/classes/in/rgukt/r081247/universityapi/controller/DepartmentController.class]
&amp#27;[30m2020-02-08 10:21:38,488&amp#27;[0;39m &amp#27;[39mDEBUG&amp#27;[0;39m [&amp#27;[34mmain&amp#27;[0;39m] &amp#27;[33morg.springframework.context.annotation.ClassPathScanningCandidateComponentProvider&amp#27;[0;39m: Identified candidate component class: file [/home/vinod/Desktop/desk/projects/universityapi/target/classes/in/rgukt/r081247/universityapi/controller/StudentController.class]
&amp#27;[30m2020-02-08 10:21:38,489&amp#27;[0;39m &amp#27;[39mDEBUG&amp#27;[0;39m [&amp#27;[34mmain&amp#27;[0;39m] &amp#27;[33morg.springframework.context.annotation.ClassPathScanningCandidateComponentProvider&amp#27;[0;39m: Identified candidate component class: file [/home/vinod/Desktop/desk/projects/universityapi/target/classes/in/rgukt/r081247/universityapi/controller/TestController.class]
&amp#27;[30m2020-02-08 10:21:38,491&amp#27;[0;39m &amp#27;[39mDEBUG&amp#27;[0;39m [&amp#27;[34mmain&amp#27;[0;39m] &amp#27;[33morg.springframework.context.annotation.ClassPathScanningCandidateComponentProvider&amp#27;[0;39m: Identified candidate component class: file [/home/vinod/Desktop/desk/projects/universityapi/target/classes/in/rgukt/r081247/universityapi/exception/CustomExceptionHandler.class]
&amp#27;[30m2020-02-08 10:21:38,493&amp#27;[0;39m &amp#27;[39mDEBUG&amp#27;[0;39m [&amp#27;[34mmain&amp#27;[0;39m] &amp#27;[33morg.springframework.context.annotation.ClassPathScanningCandidateComponentProvider&amp#27;[0;39m: Ignored because not a concrete top-level class: file [/home/vinod/Desktop/desk/projects/universityapi/target/classes/in/rgukt/r081247/universityapi/repository/CourseRepository.class]
&amp#27;[30m2020-02-08 10:21:38,493&amp#27;[0;39m &amp#27;[39mDEBUG&amp#27;[0;39m [&amp#27;[34mmain&amp#27;[0;39m] &amp#27;[33morg.springframework.context.annotation.ClassPathScanningCandidateComponentProvider&amp#27;[0;39m: Ignored because not a concrete top-level class: file [/home/vinod/Desktop/desk/projects/universityapi/target/classes/in/rgukt/r081247/universityapi/repository/DepartmentRepository.class]
&amp#27;[30m2020-02-08 10:21:38,494&amp#27;[0;39m &amp#27;[39mDEBUG&amp#27;[0;39m [&amp#27;[34mmain&amp#27;[0;39m] &amp#27;[33morg.springframework.context.annotation.ClassPathScanningCandidateComponentProvider&amp#27;[0;39m: Ignored because not a concrete top-level class: file [/home/vinod/Desktop/desk/projects/universityapi/target/classes/in/rgukt/r081247/universityapi/repository/StudentRepository.class]
&amp#27;[30m2020-02-08 10:21:38,495&amp#27;[0;39m &amp#27;[39mDEBUG&amp#27;[0;39m [&amp#27;[34mmain&amp#27;[0;39m] &amp#27;[33morg.springframework.context.annotation.ClassPathScanningCandidateComponentProvider&amp#27;[0;39m: Identified candidate component class: file [/home/vinod/Desktop/desk/projects/universityapi/target/classes/in/rgukt/r081247/universityapi/service/CourseService.class]
&amp#27;[30m2020-02-08 10:21:38,496&amp#27;[0;39m &amp#27;[39mDEBUG&amp#27;[0;39m [&amp#27;[34mmain&amp#27;[0;39m] &amp#27;[33morg.springframework.context.annotation.ClassPathScanningCandidateComponentProvider&amp#27;[0;39m: Identified candidate component class: file [/home/vinod/Desktop/desk/projects/universityapi/target/classes/in/rgukt/r081247/universityapi/service/DepartmentService.class]
&amp#27;[30m2020-02-08 10:21:38,497&amp#27;[0;39m &amp#27;[39mDEBUG&amp#27;[0;39m [&amp#27;[34mmain&amp#27;[0;39m] &amp#27;[33morg.springframework.context.annotation.ClassPathScanningCandidateComponentProvider&amp#27;[0;39m: Identified candidate component class: file [/home/vinod/Desktop/desk/projects/universityapi/target/classes/in/rgukt/r081247/universityapi/service/StudentService.class]
&amp#27;[30m2020-02-08 10:21:38,605&amp#27;[0;39m &amp#27;[39mDEBUG&amp#27;[0;39m [&amp#27;[34mmain&amp#27;[0;39m] &amp#27;[33morg.springframework.core.env.PropertySourcesPropertyResolver&amp#27;[0;39m: Found key 'spring.jmx.enabled' in PropertySource 'configurationProperties' with value of type String
&amp#27;[30m2020-02-08 10:21:38,646&amp#27;[0;39m &amp#27;[39mDEBUG&amp#27;[0;39m [&amp#27;[34mmain&amp#27;[0;39m] &amp#27;[33morg.springframework.core.env.PropertySourcesPropertyResolver&amp#27;[0;39m: Found key 'spring.jmx.enabled' in PropertySource 'configurationProperties' with value of type String
&amp#27;[30m2020-02-08 10:21:38,713&amp#27;[0;39m &amp#27;[39mDEBUG&amp#27;[0;39m [&amp#27;[34mmain&amp#27;[0;39m] &amp#27;[33morg.springframework.core.env.PropertySourcesPropertyResolver&amp#27;[0;39m: Found key 'spring.h2.console.enabled' in PropertySource 'configurationProperties' with value of type String
&amp#27;[30m2020-02-08 10:21:38,785&amp#27;[0;39m &amp#27;[34mINFO &amp#27;[0;39m [&amp#27;[34mmain&amp#27;[0;39m] &amp#27;[33morg.springframework.data.repository.config.RepositoryConfigurationDelegate&amp#27;[0;39m: Bootstrapping Spring Data repositories in DEFAULT mode.
&amp#27;[30m2020-02-08 10:21:38,787&amp#27;[0;39m &amp#27;[39mDEBUG&amp#27;[0;39m [&amp#27;[34mmain&amp#27;[0;39m] &amp#27;[33morg.springframework.data.repository.config.RepositoryConfigurationDelegate&amp#27;[0;39m: Scanning for repositories in packages org.nrp.crm.repository.
&amp#27;[30m2020-02-08 10:21:38,788&amp#27;[0;39m &amp#27;[34mINFO &amp#27;[0;39m [&amp#27;[34mmain&amp#27;[0;39m] &amp#27;[33morg.springframework.data.repository.config.RepositoryConfigurationDelegate&amp#27;[0;39m: Finished Spring Data repository scanning in 1ms. Found 0 repository interfaces.
&amp#27;[30m2020-02-08 10:21:38,798&amp#27;[0;39m &amp#27;[39mDEBUG&amp#27;[0;39m [&amp#27;[34mmain&amp#27;[0;39m] &amp#27;[33morg.springframework.beans.factory.support.DefaultSingletonBeanRegistry&amp#27;[0;39m: Creating shared instance of singleton bean 'org.springframework.boot.autoconfigure.condition.BeanTypeRegistry'
&amp#27;[30m2020-02-08 10:21:38,855&amp#27;[0;39m &amp#27;[39mDEBUG&amp#27;[0;39m [&amp#27;[34mmain&amp#27;[0;39m] &amp#27;[33morg.springframework.core.env.PropertySourcesPropertyResolver&amp#27;[0;39m: Found key 'spring.h2.console.enabled' in PropertySource 'configurationProperties' with value of type String
&amp#27;[30m2020-02-08 10:21:38,885&amp#27;[0;39m &amp#27;[39mDEBUG&amp#27;[0;39m [&amp#27;[34mmain&amp#27;[0;39m] &amp#27;[33morg.springframework.beans.factory.support.DefaultSingletonBeanRegistry&amp#27;[0;39m: Creating shared instance of singleton bean 'org.springframework.boot.test.web.client.TestRestTemplateContextCustomizer$TestRestTemplateRegistrar'
&amp#27;[30m2020-02-08 10:21:38,890&amp#27;[0;39m &amp#27;[39mDEBUG&amp#27;[0;39m [&amp#27;[34mmain&amp#27;[0;39m] &amp#27;[33morg.springframework.beans.factory.support.DefaultSingletonBeanRegistry&amp#27;[0;39m: Creating shared instance of singleton bean 'propertySourcesPlaceholderConfigurer'
&amp#27;[30m2020-02-08 10:21:38,892&amp#27;[0;39m &amp#27;[39mDEBUG&amp#27;[0;39m [&amp#27;[34mmain&amp#27;[0;39m] &amp#27;[33morg.springframework.beans.factory.support.DefaultSingletonBeanRegistry&amp#27;[0;39m: Creating shared instance of singleton bean 'org.springframework.boot.test.mock.mockito.MockitoPostProcessor'
&amp#27;[30m2020-02-08 10:21:38,893&amp#27;[0;39m &amp#27;[39mDEBUG&amp#27;[0;39m [&amp#27;[34mmain&amp#27;[0;39m] &amp#27;[33morg.springframework.beans.factory.support.DefaultSingletonBeanRegistry&amp#27;[0;39m: Creating shared instance of singleton bean 'emBeanDefinitionRegistrarPostProcessor'
&amp#27;[30m2020-02-08 10:21:38,904&amp#27;[0;39m &amp#27;[39mDEBUG&amp#27;[0;39m [&amp#27;[34mmain&amp#27;[0;39m] &amp#27;[33morg.springframework.beans.factory.support.DefaultSingletonBeanRegistry&amp#27;[0;39m: Creating shared instance of singleton bean 'org.springframework.context.event.internalEventListenerProcessor'
&amp#27;[30m2020-02-08 10:21:38,904&amp#27;[0;39m &amp#27;[39mDEBUG&amp#27;[0;39m [&amp#27;[34mmain&amp#27;[0;39m] &amp#27;[33morg.springframework.beans.factory.support.DefaultSingletonBeanRegistry&amp#27;[0;39m: Creating shared instance of singleton bean 'org.springframework.boot.context.properties.ConfigurationBeanFactoryMetadata'
&amp#27;[30m2020-02-08 10:21:38,904&amp#27;[0;39m &amp#27;[39mDEBUG&amp#27;[0;39m [&amp#27;[34mmain&amp#27;[0;39m] &amp#27;[33morg.springframework.beans.factory.support.DefaultSingletonBeanRegistry&amp#27;[0;39m: Creating shared instance of singleton bean 'preserveErrorControllerTargetClassPostProcessor'
&amp#27;[30m2020-02-08 10:21:38,905&amp#27;[0;39m &amp#27;[39mDEBUG&amp#27;[0;39m [&amp#27;[34mmain&amp#27;[0;39m] &amp#27;[33morg.springframework.beans.factory.support.DefaultSingletonBeanRegistry&amp#27;[0;39m: Creating shared instance of singleton bean 'org.springframework.boot.devtools.autoconfigure.DevToolsDataSourceAutoConfiguration$DatabaseShutdownExecutorJpaDependencyConfiguration'
&amp#27;[30m2020-02-08 10:21:38,906&amp#27;[0;39m &amp#27;[39mDEBUG&amp#27;[0;39m [&amp#27;[34mmain&amp#27;[0;39m] &amp#27;[33morg.springframework.beans.factory.support.DefaultSingletonBeanRegistry&amp#27;[0;39m: Creating shared instance of singleton bean 'org.springframework.context.event.internalEventListenerFactory'
&amp#27;[30m2020-02-08 10:21:38,906&amp#27;[0;39m &amp#27;[39mDEBUG&amp#27;[0;39m [&amp#27;[34mmain&amp#27;[0;39m] &amp#27;[33morg.springframework.beans.factory.support.DefaultSingletonBeanRegistry&amp#27;[0;39m: Creating shared instance of singleton bean 'org.springframework.transaction.config.internalTransactionalEventListenerFactory'
&amp#27;[30m2020-02-08 10:21:38,911&amp#27;[0;39m &amp#27;[39mDEBUG&amp#27;[0;39m [&amp#27;[34mmain&amp#27;[0;39m] &amp#27;[33morg.springframework.beans.factory.support.DefaultSingletonBeanRegistry&amp#27;[0;39m: Creating shared instance of singleton bean 'org.springframework.context.annotation.internalAutowiredAnnotationProcessor'
&amp#27;[30m2020-02-08 10:21:38,912&amp#27;[0;39m &amp#27;[39mDEBUG&amp#27;[0;39m [&amp#27;[34mmain&amp#27;[0;39m] &amp#27;[33morg.springframework.beans.factory.support.DefaultSingletonBeanRegistry&amp#27;[0;39m: Creating shared instance of singleton bean 'org.springframework.context.annotation.internalCommonAnnotationProcessor'
&amp#27;[30m2020-02-08 10:21:38,912&amp#27;[0;39m &amp#27;[39mDEBUG&amp#27;[0;39m [&amp#27;[34mmain&amp#27;[0;39m] &amp#27;[33morg.springframework.beans.factory.support.DefaultSingletonBeanRegistry&amp#27;[0;39m: Creating shared instance of singleton bean 'org.springframework.context.annotation.internalPersistenceAnnotationProcessor'
&amp#27;[30m2020-02-08 10:21:38,913&amp#27;[0;39m &amp#27;[39mDEBUG&amp#27;[0;39m [&amp#27;[34mmain&amp#27;[0;39m] &amp#27;[33morg.springframework.beans.factory.support.DefaultSingletonBeanRegistry&amp#27;[0;39m: Creating shared instance of singleton bean 'org.springframework.boot.test.mock.mockito.MockitoPostProcessor$SpyPostProcessor'
&amp#27;[30m2020-02-08 10:21:38,913&amp#27;[0;39m &amp#27;[39mDEBUG&amp#27;[0;39m [&amp#27;[34mmain&amp#27;[0;39m] &amp#27;[33morg.springframework.beans.factory.support.DefaultSingletonBeanRegistry&amp#27;[0;39m: Creating shared instance of singleton bean 'org.springframework.boot.context.properties.ConfigurationPropertiesBindingPostProcessor'
&amp#27;[30m2020-02-08 10:21:38,915&amp#27;[0;39m &amp#27;[39mDEBUG&amp#27;[0;39m [&amp#27;[34mmain&amp#27;[0;39m] &amp#27;[33morg.springframework.beans.factory.support.DefaultSingletonBeanRegistry&amp#27;[0;39m: Creating shared instance of singleton bean 'org.springframework.aop.config.internalAutoProxyCreator'
&amp#27;[30m2020-02-08 10:21:38,923&amp#27;[0;39m &amp#27;[39mDEBUG&amp#27;[0;39m [&amp#27;[34mmain&amp#27;[0;39m] &amp#27;[33morg.springframework.beans.factory.support.DefaultSingletonBeanRegistry&amp#27;[0;39m: Creating shared instance of singleton bean 'methodValidationPostProcessor'
&amp#27;[30m2020-02-08 10:21:38,924&amp#27;[0;39m &amp#27;[39mDEBUG&amp#27;[0;39m [&amp#27;[34mmain&amp#27;[0;39m] &amp#27;[33morg.springframework.beans.factory.support.ConstructorResolver&amp#27;[0;39m: Autowiring by type from bean name 'methodValidationPostProcessor' via factory method to bean named 'environment'
&amp#27;[30m2020-02-08 10:21:38,932&amp#27;[0;39m &amp#27;[39mDEBUG&amp#27;[0;39m [&amp#27;[34mmain&amp#27;[0;39m] &amp#27;[33morg.springframework.beans.factory.support.DefaultSingletonBeanRegistry&amp#27;[0;39m: Creating shared instance of singleton bean 'dataSourceInitializerPostProcessor'
&amp#27;[30m2020-02-08 10:21:38,935&amp#27;[0;39m &amp#27;[39mDEBUG&amp#27;[0;39m [&amp#27;[34mmain&amp#27;[0;39m] &amp#27;[33morg.springframework.beans.factory.support.DefaultSingletonBeanRegistry&amp#27;[0;39m: Creating shared instance of singleton bean 'persistenceExceptionTranslationPostProcessor'
&amp#27;[30m2020-02-08 10:21:38,936&amp#27;[0;39m &amp#27;[39mDEBUG&amp#27;[0;39m [&amp#27;[34mmain&amp#27;[0;39m] &amp#27;[33morg.springframework.beans.factory.support.ConstructorResolver&amp#27;[0;39m: Autowiring by type from bean name 'persistenceExceptionTranslationPostProcessor' via factory method to bean named 'environment'
&amp#27;[30m2020-02-08 10:21:38,943&amp#27;[0;39m &amp#27;[39mDEBUG&amp#27;[0;39m [&amp#27;[34mmain&amp#27;[0;39m] &amp#27;[33morg.springframework.beans.factory.support.DefaultSingletonBeanRegistry&amp#27;[0;39m: Creating shared instance of singleton bean 'webServerFactoryCustomizerBeanPostProcessor'
&amp#27;[30m2020-02-08 10:21:38,945&amp#27;[0;39m &amp#27;[39mDEBUG&amp#27;[0;39m [&amp#27;[34mmain&amp#27;[0;39m] &amp#27;[33morg.springframework.beans.factory.support.DefaultSingletonBeanRegistry&amp#27;[0;39m: Creating shared instance of singleton bean 'errorPageRegistrarBeanPostProcessor'
&amp#27;[30m2020-02-08 10:21:38,948&amp#27;[0;39m &amp#27;[39mDEBUG&amp#27;[0;39m [&amp#27;[34mmain&amp#27;[0;39m] &amp#27;[33morg.springframework.beans.factory.support.DefaultSingletonBeanRegistry&amp#27;[0;39m: Creating shared instance of singleton bean 'dataSourceInitializedPublisher'
&amp#27;[30m2020-02-08 10:21:38,951&amp#27;[0;39m &amp#27;[39mDEBUG&amp#27;[0;39m [&amp#27;[34mmain&amp#27;[0;39m] &amp#27;[33morg.springframework.beans.factory.support.DefaultSingletonBeanRegistry&amp#27;[0;39m: Creating shared instance of singleton bean 'projectingArgumentResolverBeanPostProcessor'
&amp#27;[30m2020-02-08 10:21:38,952&amp#27;[0;39m &amp#27;[39mDEBUG&amp#27;[0;39m [&amp#27;[34mmain&amp#27;[0;39m] &amp#27;[33morg.springframework.beans.factory.support.DefaultSingletonBeanRegistry&amp#27;[0;39m: Creating shared instance of singleton bean 'org.springframework.transaction.config.internalTransactionAdvisor'
&amp#27;[30m2020-02-08 10:21:38,953&amp#27;[0;39m &amp#27;[39mDEBUG&amp#27;[0;39m [&amp#27;[34mmain&amp#27;[0;39m] &amp#27;[33morg.springframework.beans.factory.support.DefaultSingletonBeanRegistry&amp#27;[0;39m: Creating shared instance of singleton bean 'org.springframework.transaction.annotation.ProxyTransactionManagementConfiguration'
&amp#27;[30m2020-02-08 10:21:38,953&amp#27;[0;39m &amp#27;[39mDEBUG&amp#27;[0;39m [&amp#27;[34mmain&amp#27;[0;39m] &amp#27;[33morg.springframework.beans.factory.support.DefaultSingletonBeanRegistry&amp#27;[0;39m: Creating shared instance of singleton bean 'metaDataSourceAdvisor'
&amp#27;[30m2020-02-08 10:21:38,953&amp#27;[0;39m &amp#27;[39mDEBUG&amp#27;[0;39m [&amp#27;[34mmain&amp#27;[0;39m] &amp#27;[33morg.springframework.beans.factory.support.DefaultSingletonBeanRegistry&amp#27;[0;39m: Creating shared instance of singleton bean 'methodSecurityMetadataSource'
&amp#27;[30m2020-02-08 10:21:38,954&amp#27;[0;39m &amp#27;[39mDEBUG&amp#27;[0;39m [&amp#27;[34mmain&amp#27;[0;39m] &amp#27;[33morg.springframework.beans.factory.support.DefaultSingletonBeanRegistry&amp#27;[0;39m: Creating shared instance of singleton bean 'org.springframework.security.config.annotation.method.configuration.GlobalMethodSecurityConfiguration'
&amp#27;[30m2020-02-08 10:21:38,965&amp#27;[0;39m &amp#27;[39mDEBUG&amp#27;[0;39m [&amp#27;[34mmain&amp#27;[0;39m] &amp#27;[33morg.springframework.beans.factory.support.DefaultSingletonBeanRegistry&amp#27;[0;39m: Creating shared instance of singleton bean 'objectPostProcessor'
&amp#27;[30m2020-02-08 10:21:38,965&amp#27;[0;39m &amp#27;[39mDEBUG&amp#27;[0;39m [&amp#27;[34mmain&amp#27;[0;39m] &amp#27;[33morg.springframework.beans.factory.support.DefaultSingletonBeanRegistry&amp#27;[0;39m: Creating shared instance of singleton bean 'org.springframework.security.config.annotation.configuration.ObjectPostProcessorConfiguration'
&amp#27;[30m2020-02-08 10:21:38,968&amp#27;[0;39m &amp#27;[34mINFO &amp#27;[0;39m [&amp#27;[34mmain&amp#27;[0;39m] &amp#27;[33morg.springframework.context.support.PostProcessorRegistrationDelegate$BeanPostProcessorChecker&amp#27;[0;39m: Bean 'org.springframework.security.config.annotation.configuration.ObjectPostProcessorConfiguration' of type [org.springframework.security.config.annotation.configuration.ObjectPostProcessorConfiguration$$EnhancerBySpringCGLIB$$6f1ba0a5] is not eligible for getting processed by all BeanPostProcessors (for example: not eligible for auto-proxying)
&amp#27;[30m2020-02-08 10:21:38,970&amp#27;[0;39m &amp#27;[39mDEBUG&amp#27;[0;39m [&amp#27;[34mmain&amp#27;[0;39m] &amp#27;[33morg.springframework.beans.factory.support.ConstructorResolver&amp#27;[0;39m: Autowiring by type from bean name 'objectPostProcessor' via factory method to bean named 'org.springframework.beans.factory.support.DefaultListableBeanFactory@49522bdf'
&amp#27;[30m2020-02-08 10:21:38,974&amp#27;[0;39m &amp#27;[34mINFO &amp#27;[0;39m [&amp#27;[34mmain&amp#27;[0;39m] &amp#27;[33morg.springframework.context.support.PostProcessorRegistrationDelegate$BeanPostProcessorChecker&amp#27;[0;39m: Bean 'objectPostProcessor' of type [org.springframework.security.config.annotation.configuration.AutowireBeanFactoryObjectPostProcessor] is not eligible for getting processed by all BeanPostProcessors (for example: not eligible for auto-proxying)
&amp#27;[30m2020-02-08 10:21:38,975&amp#27;[0;39m &amp#27;[34mINFO &amp#27;[0;39m [&amp#27;[34mmain&amp#27;[0;39m] &amp#27;[33morg.springframework.context.support.PostProcessorRegistrationDelegate$BeanPostProcessorChecker&amp#27;[0;39m: Bean 'org.springframework.security.access.expression.method.DefaultMethodSecurityExpressionHandler@60f6d689' of type [org.springframework.security.access.expression.method.DefaultMethodSecurityExpressionHandler] is not eligible for getting processed by all BeanPostProcessors (for example: not eligible for auto-proxying)
&amp#27;[30m2020-02-08 10:21:38,987&amp#27;[0;39m &amp#27;[34mINFO &amp#27;[0;39m [&amp#27;[34mmain&amp#27;[0;39m] &amp#27;[33morg.springframework.context.support.PostProcessorRegistrationDelegate$BeanPostProcessorChecker&amp#27;[0;39m: Bean 'org.springframework.security.config.annotation.method.configuration.GlobalMethodSecurityConfiguration' of type [org.springframework.security.config.annotation.method.configuration.GlobalMethodSecurityConfiguration$$EnhancerBySpringCGLIB$$93f04357] is not eligible for getting processed by all BeanPostProcessors (for example: not eligible for auto-proxying)
&amp#27;[30m2020-02-08 10:21:38,992&amp#27;[0;39m &amp#27;[34mINFO &amp#27;[0;39m [&amp#27;[34mmain&amp#27;[0;39m] &amp#27;[33morg.springframework.context.support.PostProcessorRegistrationDelegate$BeanPostProcessorChecker&amp#27;[0;39m: Bean 'methodSecurityMetadataSource' of type [org.springframework.security.access.method.DelegatingMethodSecurityMetadataSource] is not eligible for getting processed by all BeanPostProcessors (for example: not eligible for auto-proxying)
&amp#27;[30m2020-02-08 10:21:39,009&amp#27;[0;39m &amp#27;[34mINFO &amp#27;[0;39m [&amp#27;[34mmain&amp#27;[0;39m] &amp#27;[33morg.springframework.context.support.PostProcessorRegistrationDelegate$BeanPostProcessorChecker&amp#27;[0;39m: Bean 'org.springframework.transaction.annotation.ProxyTransactionManagementConfiguration' of type [org.springframework.transaction.annotation.ProxyTransactionManagementConfiguration$$EnhancerBySpringCGLIB$$d66dd86b] is not eligible for getting processed by all BeanPostProcessors (for example: not eligible for auto-proxying)
&amp#27;[30m2020-02-08 10:21:39,011&amp#27;[0;39m &amp#27;[39mDEBUG&amp#27;[0;39m [&amp#27;[34mmain&amp#27;[0;39m] &amp#27;[33morg.springframework.beans.factory.support.DefaultSingletonBeanRegistry&amp#27;[0;39m: Creating shared instance of singleton bean 'transactionAttributeSource'
&amp#27;[30m2020-02-08 10:21:39,016&amp#27;[0;39m &amp#27;[39mDEBUG&amp#27;[0;39m [&amp#27;[34mmain&amp#27;[0;39m] &amp#27;[33morg.springframework.beans.factory.support.DefaultSingletonBeanRegistry&amp#27;[0;39m: Creating shared instance of singleton bean 'transactionInterceptor'
&amp#27;[30m2020-02-08 10:21:39,036&amp#27;[0;39m &amp#27;[39mDEBUG&amp#27;[0;39m [&amp#27;[34mmain&amp#27;[0;39m] &amp#27;[33morg.springframework.ui.context.support.UiApplicationContextUtils&amp#27;[0;39m: Unable to locate ThemeSource with name 'themeSource': using default [org.springframework.ui.context.support.ResourceBundleThemeSource@7640a191]
&amp#27;[30m2020-02-08 10:21:39,038&amp#27;[0;39m &amp#27;[39mDEBUG&amp#27;[0;39m [&amp#27;[34mmain&amp#27;[0;39m] &amp#27;[33morg.springframework.beans.factory.support.DefaultSingletonBeanRegistry&amp#27;[0;39m: Creating shared instance of singleton bean 'tomcatServletWebServerFactory'
&amp#27;[30m2020-02-08 10:21:39,038&amp#27;[0;39m &amp#27;[39mDEBUG&amp#27;[0;39m [&amp#27;[34mmain&amp#27;[0;39m] &amp#27;[33morg.springframework.beans.factory.support.DefaultSingletonBeanRegistry&amp#27;[0;39m: Creating shared instance of singleton bean 'org.springframework.boot.autoconfigure.web.servlet.ServletWebServerFactoryConfiguration$EmbeddedTomcat'
&amp#27;[30m2020-02-08 10:21:39,064&amp#27;[0;39m &amp#27;[39mDEBUG&amp#27;[0;39m [&amp#27;[34mmain&amp#27;[0;39m] &amp#27;[33morg.springframework.beans.factory.support.DefaultSingletonBeanRegistry&amp#27;[0;39m: Creating shared instance of singleton bean 'websocketServletWebServerCustomizer'
&amp#27;[30m2020-02-08 10:21:39,064&amp#27;[0;39m &amp#27;[39mDEBUG&amp#27;[0;39m [&amp#27;[34mmain&amp#27;[0;39m] &amp#27;[33morg.springframework.beans.factory.support.DefaultSingletonBeanRegistry&amp#27;[0;39m: Creating shared instance of singleton bean 'org.springframework.boot.autoconfigure.websocket.servlet.WebSocketServletAutoConfiguration$TomcatWebSocketConfiguration'
&amp#27;[30m2020-02-08 10:21:39,078&amp#27;[0;39m &amp#27;[39mDEBUG&amp#27;[0;39m [&amp#27;[34mmain&amp#27;[0;39m] &amp#27;[33morg.springframework.beans.factory.support.DefaultSingletonBeanRegistry&amp#27;[0;39m: Creating shared instance of singleton bean 'servletWebServerFactoryCustomizer'
&amp#27;[30m2020-02-08 10:21:39,079&amp#27;[0;39m &amp#27;[39mDEBUG&amp#27;[0;39m [&amp#27;[34mmain&amp#27;[0;39m] &amp#27;[33morg.springframework.beans.factory.support.DefaultSingletonBeanRegistry&amp#27;[0;39m: Creating shared instance of singleton bean 'org.springframework.boot.autoconfigure.web.servlet.ServletWebServerFactoryAutoConfiguration'
&amp#27;[30m2020-02-08 10:21:39,089&amp#27;[0;39m &amp#27;[39mDEBUG&amp#27;[0;39m [&amp#27;[34mmain&amp#27;[0;39m] &amp#27;[33morg.springframework.beans.factory.support.DefaultSingletonBeanRegistry&amp#27;[0;39m: Creating shared instance of singleton bean 'server-org.springframework.boot.autoconfigure.web.ServerProperties'
&amp#27;[30m2020-02-08 10:21:39,122&amp#27;[0;39m &amp#27;[39mDEBUG&amp#27;[0;39m [&amp#27;[34mmain&amp#27;[0;39m] &amp#27;[33morg.springframework.beans.factory.support.ConstructorResolver&amp#27;[0;39m: Autowiring by type from bean name 'servletWebServerFactoryCustomizer' via factory method to bean named 'server-org.springframework.boot.autoconfigure.web.ServerProperties'
&amp#27;[30m2020-02-08 10:21:39,130&amp#27;[0;39m &amp#27;[39mDEBUG&amp#27;[0;39m [&amp#27;[34mmain&amp#27;[0;39m] &amp#27;[33morg.springframework.beans.factory.support.DefaultSingletonBeanRegistry&amp#27;[0;39m: Creating shared instance of singleton bean 'tomcatServletWebServerFactoryCustomizer'
&amp#27;[30m2020-02-08 10:21:39,137&amp#27;[0;39m &amp#27;[39mDEBUG&amp#27;[0;39m [&amp#27;[34mmain&amp#27;[0;39m] &amp#27;[33morg.springframework.beans.factory.support.ConstructorResolver&amp#27;[0;39m: Autowiring by type from bean name 'tomcatServletWebServerFactoryCustomizer' via factory method to bean named 'server-org.springframework.boot.autoconfigure.web.ServerProperties'
&amp#27;[30m2020-02-08 10:21:39,141&amp#27;[0;39m &amp#27;[39mDEBUG&amp#27;[0;39m [&amp#27;[34mmain&amp#27;[0;39m] &amp#27;[33morg.springframework.beans.factory.support.DefaultSingletonBeanRegistry&amp#27;[0;39m: Creating shared instance of singleton bean 'tomcatWebServerFactoryCustomizer'
&amp#27;[30m2020-02-08 10:21:39,142&amp#27;[0;39m &amp#27;[39mDEBUG&amp#27;[0;39m [&amp#27;[34mmain&amp#27;[0;39m] &amp#27;[33morg.springframework.beans.factory.support.DefaultSingletonBeanRegistry&amp#27;[0;39m: Creating shared instance of singleton bean 'org.springframework.boot.autoconfigure.web.embedded.EmbeddedWebServerFactoryCustomizerAutoConfiguration$TomcatWebServerFactoryCustomizerConfiguration'
&amp#27;[30m2020-02-08 10:21:39,151&amp#27;[0;39m &amp#27;[39mDEBUG&amp#27;[0;39m [&amp#27;[34mmain&amp#27;[0;39m] &amp#27;[33morg.springframework.beans.factory.support.ConstructorResolver&amp#27;[0;39m: Autowiring by type from bean name 'tomcatWebServerFactoryCustomizer' via factory method to bean named 'environment'
&amp#27;[30m2020-02-08 10:21:39,152&amp#27;[0;39m &amp#27;[39mDEBUG&amp#27;[0;39m [&amp#27;[34mmain&amp#27;[0;39m] &amp#27;[33morg.springframework.beans.factory.support.ConstructorResolver&amp#27;[0;39m: Autowiring by type from bean name 'tomcatWebServerFactoryCustomizer' via factory method to bean named 'server-org.springframework.boot.autoconfigure.web.ServerProperties'
&amp#27;[30m2020-02-08 10:21:39,158&amp#27;[0;39m &amp#27;[39mDEBUG&amp#27;[0;39m [&amp#27;[34mmain&amp#27;[0;39m] &amp#27;[33morg.springframework.beans.factory.support.DefaultSingletonBeanRegistry&amp#27;[0;39m: Creating shared instance of singleton bean 'localeCharsetMappingsCustomizer'
&amp#27;[30m2020-02-08 10:21:39,158&amp#27;[0;39m &amp#27;[39mDEBUG&amp#27;[0;39m [&amp#27;[34mmain&amp#27;[0;39m] &amp#27;[33morg.springframework.beans.factory.support.DefaultSingletonBeanRegistry&amp#27;[0;39m: Creating shared instance of singleton bean 'org.springframework.boot.autoconfigure.web.servlet.HttpEncodingAutoConfiguration'
&amp#27;[30m2020-02-08 10:21:39,159&amp#27;[0;39m &amp#27;[39mDEBUG&amp#27;[0;39m [&amp#27;[34mmain&amp#27;[0;39m] &amp#27;[33morg.springframework.core.LocalVariableTableParameterNameDiscoverer&amp#27;[0;39m: Cannot find '.class' file for class [class org.springframework.boot.autoconfigure.web.servlet.HttpEncodingAutoConfiguration$$EnhancerBySpringCGLIB$$a9c28f0d] - unable to determine constructor/method parameter names
&amp#27;[30m2020-02-08 10:21:39,160&amp#27;[0;39m &amp#27;[39mDEBUG&amp#27;[0;39m [&amp#27;[34mmain&amp#27;[0;39m] &amp#27;[33morg.springframework.beans.factory.support.DefaultSingletonBeanRegistry&amp#27;[0;39m: Creating shared instance of singleton bean 'spring.http-org.springframework.boot.autoconfigure.http.HttpProperties'
&amp#27;[30m2020-02-08 10:21:39,165&amp#27;[0;39m &amp#27;[39mDEBUG&amp#27;[0;39m [&amp#27;[34mmain&amp#27;[0;39m] &amp#27;[33morg.springframework.beans.factory.support.ConstructorResolver&amp#27;[0;39m: Autowiring by type from bean name 'org.springframework.boot.autoconfigure.web.servlet.HttpEncodingAutoConfiguration' via constructor to bean named 'spring.http-org.springframework.boot.autoconfigure.http.HttpProperties'
&amp#27;[30m2020-02-08 10:21:39,177&amp#27;[0;39m &amp#27;[39mDEBUG&amp#27;[0;39m [&amp#27;[34mmain&amp#27;[0;39m] &amp#27;[33morg.springframework.beans.factory.support.DefaultSingletonBeanRegistry&amp#27;[0;39m: Creating shared instance of singleton bean 'errorPageCustomizer'
&amp#27;[30m2020-02-08 10:21:39,178&amp#27;[0;39m &amp#27;[39mDEBUG&amp#27;[0;39m [&amp#27;[34mmain&amp#27;[0;39m] &amp#27;[33morg.springframework.beans.factory.support.DefaultSingletonBeanRegistry&amp#27;[0;39m: Creating shared instance of singleton bean 'org.springframework.boot.autoconfigure.web.servlet.error.ErrorMvcAutoConfiguration'
&amp#27;[30m2020-02-08 10:21:39,179&amp#27;[0;39m &amp#27;[39mDEBUG&amp#27;[0;39m [&amp#27;[34mmain&amp#27;[0;39m] &amp#27;[33morg.springframework.core.LocalVariableTableParameterNameDiscoverer&amp#27;[0;39m: Cannot find '.class' file for class [class org.springframework.boot.autoconfigure.web.servlet.error.ErrorMvcAutoConfiguration$$EnhancerBySpringCGLIB$$219ddf0] - unable to determine constructor/method parameter names
&amp#27;[30m2020-02-08 10:21:39,182&amp#27;[0;39m &amp#27;[39mDEBUG&amp#27;[0;39m [&amp#27;[34mmain&amp#27;[0;39m] &amp#27;[33morg.springframework.beans.factory.support.DefaultSingletonBeanRegistry&amp#27;[0;39m: Creating shared instance of singleton bean 'dispatcherServletRegistration'
&amp#27;[30m2020-02-08 10:21:39,182&amp#27;[0;39m &amp#27;[39mDEBUG&amp#27;[0;39m [&amp#27;[34mmain&amp#27;[0;39m] &amp#27;[33morg.springframework.beans.factory.support.DefaultSingletonBeanRegistry&amp#27;[0;39m: Creating shared instance of singleton bean 'org.springframework.boot.autoconfigure.web.servlet.DispatcherServletAutoConfiguration$DispatcherServletRegistrationConfiguration'
&amp#27;[30m2020-02-08 10:21:39,183&amp#27;[0;39m &amp#27;[39mDEBUG&amp#27;[0;39m [&amp#27;[34mmain&amp#27;[0;39m] &amp#27;[33morg.springframework.core.LocalVariableTableParameterNameDiscoverer&amp#27;[0;39m: Cannot find '.class' file for class [class org.springframework.boot.autoconfigure.web.servlet.DispatcherServletAutoConfiguration$DispatcherServletRegistrationConfiguration$$EnhancerBySpringCGLIB$$8874fcdb] - unable to determine constructor/method parameter names
&amp#27;[30m2020-02-08 10:21:39,185&amp#27;[0;39m &amp#27;[39mDEBUG&amp#27;[0;39m [&amp#27;[34mmain&amp#27;[0;39m] &amp#27;[33morg.springframework.beans.factory.support.DefaultSingletonBeanRegistry&amp#27;[0;39m: Creating shared instance of singleton bean 'spring.mvc-org.springframework.boot.autoconfigure.web.servlet.WebMvcProperties'
&amp#27;[30m2020-02-08 10:21:39,193&amp#27;[0;39m &amp#27;[39mDEBUG&amp#27;[0;39m [&amp#27;[34mmain&amp#27;[0;39m] &amp#27;[33morg.springframework.beans.factory.support.ConstructorResolver&amp#27;[0;39m: Autowiring by type from bean name 'org.springframework.boot.autoconfigure.web.servlet.DispatcherServletAutoConfiguration$DispatcherServletRegistrationConfiguration' via constructor to bean named 'spring.mvc-org.springframework.boot.autoconfigure.web.servlet.WebMvcProperties'
&amp#27;[30m2020-02-08 10:21:39,195&amp#27;[0;39m &amp#27;[39mDEBUG&amp#27;[0;39m [&amp#27;[34mmain&amp#27;[0;39m] &amp#27;[33morg.springframework.beans.factory.support.DefaultSingletonBeanRegistry&amp#27;[0;39m: Creating shared instance of singleton bean 'multipartConfigElement'
&amp#27;[30m2020-02-08 10:21:39,196&amp#27;[0;39m &amp#27;[39mDEBUG&amp#27;[0;39m [&amp#27;[34mmain&amp#27;[0;39m] &amp#27;[33morg.springframework.beans.factory.support.DefaultSingletonBeanRegistry&amp#27;[0;39m: Creating shared instance of singleton bean 'org.springframework.boot.autoconfigure.web.servlet.MultipartAutoConfiguration'
&amp#27;[30m2020-02-08 10:21:39,200&amp#27;[0;39m &amp#27;[39mDEBUG&amp#27;[0;39m [&amp#27;[34mmain&amp#27;[0;39m] &amp#27;[33morg.springframework.core.LocalVariableTableParameterNameDiscoverer&amp#27;[0;39m: Cannot find '.class' file for class [class org.springframework.boot.autoconfigure.web.servlet.MultipartAutoConfiguration$$EnhancerBySpringCGLIB$$18b3171a] - unable to determine constructor/method parameter names
&amp#27;[30m2020-02-08 10:21:39,202&amp#27;[0;39m &amp#27;[39mDEBUG&amp#27;[0;39m [&amp#27;[34mmain&amp#27;[0;39m] &amp#27;[33morg.springframework.beans.factory.support.DefaultSingletonBeanRegistry&amp#27;[0;39m: Creating shared instance of singleton bean 'spring.servlet.multipart-org.springframework.boot.autoconfigure.web.servlet.MultipartProperties'
&amp#27;[30m2020-02-08 10:21:39,213&amp#27;[0;39m &amp#27;[39mDEBUG&amp#27;[0;39m [&amp#27;[34mmain&amp#27;[0;39m] &amp#27;[33morg.springframework.beans.factory.support.ConstructorResolver&amp#27;[0;39m: Autowiring by type from bean name 'org.springframework.boot.autoconfigure.web.servlet.MultipartAutoConfiguration' via constructor to bean named 'spring.servlet.multipart-org.springframework.boot.autoconfigure.web.servlet.MultipartProperties'
&amp#27;[30m2020-02-08 10:21:39,229&amp#27;[0;39m &amp#27;[39mDEBUG&amp#27;[0;39m [&amp#27;[34mmain&amp#27;[0;39m] &amp#27;[33morg.springframework.beans.factory.support.DefaultSingletonBeanRegistry&amp#27;[0;39m: Creating shared instance of singleton bean 'dispatcherServlet'
&amp#27;[30m2020-02-08 10:21:39,229&amp#27;[0;39m &amp#27;[39mDEBUG&amp#27;[0;39m [&amp#27;[34mmain&amp#27;[0;39m] &amp#27;[33morg.springframework.beans.factory.support.DefaultSingletonBeanRegistry&amp#27;[0;39m: Creating shared instance of singleton bean 'org.springframework.boot.autoconfigure.web.servlet.DispatcherServletAutoConfiguration$DispatcherServletConfiguration'
&amp#27;[30m2020-02-08 10:21:39,230&amp#27;[0;39m &amp#27;[39mDEBUG&amp#27;[0;39m [&amp#27;[34mmain&amp#27;[0;39m] &amp#27;[33morg.springframework.core.LocalVariableTableParameterNameDiscoverer&amp#27;[0;39m: Cannot find '.class' file for class [class org.springframework.boot.autoconfigure.web.servlet.DispatcherServletAutoConfiguration$DispatcherServletConfiguration$$EnhancerBySpringCGLIB$$266d6834] - unable to determine constructor/method parameter names
&amp#27;[30m2020-02-08 10:21:39,233&amp#27;[0;39m &amp#27;[39mDEBUG&amp#27;[0;39m [&amp#27;[34mmain&amp#27;[0;39m] &amp#27;[33morg.springframework.beans.factory.support.ConstructorResolver&amp#27;[0;39m: Autowiring by type from bean name 'org.springframework.boot.autoconfigure.web.servlet.DispatcherServletAutoConfiguration$DispatcherServletConfiguration' via constructor to bean named 'spring.http-org.springframework.boot.autoconfigure.http.HttpProperties'
&amp#27;[30m2020-02-08 10:21:39,233&amp#27;[0;39m &amp#27;[39mDEBUG&amp#27;[0;39m [&amp#27;[34mmain&amp#27;[0;39m] &amp#27;[33morg.springframework.beans.factory.support.ConstructorResolver&amp#27;[0;39m: Autowiring by type from bean name 'org.springframework.boot.autoconfigure.web.servlet.DispatcherServletAutoConfiguration$DispatcherServletConfiguration' via constructor to bean named 'spring.mvc-org.springframework.boot.autoconfigure.web.servlet.WebMvcProperties'
&amp#27;[30m2020-02-08 10:21:39,265&amp#27;[0;39m &amp#27;[39mDEBUG&amp#27;[0;39m [&amp#27;[34mmain&amp#27;[0;39m] &amp#27;[33morg.springframework.beans.factory.support.ConstructorResolver&amp#27;[0;39m: Autowiring by type from bean name 'dispatcherServletRegistration' via factory method to bean named 'dispatcherServlet'
&amp#27;[30m2020-02-08 10:21:39,277&amp#27;[0;39m &amp#27;[39mDEBUG&amp#27;[0;39m [&amp#27;[34mmain&amp#27;[0;39m] &amp#27;[33morg.springframework.beans.factory.support.ConstructorResolver&amp#27;[0;39m: Autowiring by type from bean name 'org.springframework.boot.autoconfigure.web.servlet.error.ErrorMvcAutoConfiguration' via constructor to bean named 'server-org.springframework.boot.autoconfigure.web.ServerProperties'
&amp#27;[30m2020-02-08 10:21:39,277&amp#27;[0;39m &amp#27;[39mDEBUG&amp#27;[0;39m [&amp#27;[34mmain&amp#27;[0;39m] &amp#27;[33morg.springframework.beans.factory.support.ConstructorResolver&amp#27;[0;39m: Autowiring by type from bean name 'org.springframework.boot.autoconfigure.web.servlet.error.ErrorMvcAutoConfiguration' via constructor to bean named 'dispatcherServletRegistration'
&amp#27;[30m2020-02-08 10:21:39,279&amp#27;[0;39m &amp#27;[39mDEBUG&amp#27;[0;39m [&amp#27;[34mmain&amp#27;[0;39m] &amp#27;[33morg.springframework.beans.factory.support.DefaultSingletonBeanRegistry&amp#27;[0;39m: Creating shared instance of singleton bean 'conventionErrorViewResolver'
&amp#27;[30m2020-02-08 10:21:39,279&amp#27;[0;39m &amp#27;[39mDEBUG&amp#27;[0;39m [&amp#27;[34mmain&amp#27;[0;39m] &amp#27;[33morg.springframework.beans.factory.support.DefaultSingletonBeanRegistry&amp#27;[0;39m: Creating shared instance of singleton bean 'org.springframework.boot.autoconfigure.web.servlet.error.ErrorMvcAutoConfiguration$DefaultErrorViewResolverConfiguration'
&amp#27;[30m2020-02-08 10:21:39,280&amp#27;[0;39m &amp#27;[39mDEBUG&amp#27;[0;39m [&amp#27;[34mmain&amp#27;[0;39m] &amp#27;[33morg.springframework.core.LocalVariableTableParameterNameDiscoverer&amp#27;[0;39m: Cannot find '.class' file for class [class org.springframework.boot.autoconfigure.web.servlet.error.ErrorMvcAutoConfiguration$DefaultErrorViewResolverConfiguration$$EnhancerBySpringCGLIB$$16aeb290] - unable to determine constructor/method parameter names
&amp#27;[30m2020-02-08 10:21:39,283&amp#27;[0;39m &amp#27;[39mDEBUG&amp#27;[0;39m [&amp#27;[34mmain&amp#27;[0;39m] &amp#27;[33morg.springframework.beans.factory.support.DefaultSingletonBeanRegistry&amp#27;[0;39m: Creating shared instance of singleton bean 'spring.resources-org.springframework.boot.autoconfigure.web.ResourceProperties'
&amp#27;[30m2020-02-08 10:21:39,289&amp#27;[0;39m &amp#27;[39mDEBUG&amp#27;[0;39m [&amp#27;[34mmain&amp#27;[0;39m] &amp#27;[33morg.springframework.beans.factory.support.ConstructorResolver&amp#27;[0;39m: Autowiring by type from bean name 'org.springframework.boot.autoconfigure.web.servlet.error.ErrorMvcAutoConfiguration$DefaultErrorViewResolverConfiguration' via constructor to bean named 'org.springframework.boot.web.servlet.context.AnnotationConfigServletWebServerApplicationContext@48064a5a'
&amp#27;[30m2020-02-08 10:21:39,289&amp#27;[0;39m &amp#27;[39mDEBUG&amp#27;[0;39m [&amp#27;[34mmain&amp#27;[0;39m] &amp#27;[33morg.springframework.beans.factory.support.ConstructorResolver&amp#27;[0;39m: Autowiring by type from bean name 'org.springframework.boot.autoconfigure.web.servlet.error.ErrorMvcAutoConfiguration$DefaultErrorViewResolverConfiguration' via constructor to bean named 'spring.resources-org.springframework.boot.autoconfigure.web.ResourceProperties'
&amp#27;[30m2020-02-08 10:21:39,323&amp#27;[0;39m &amp#27;[39mDEBUG&amp#27;[0;39m [&amp#27;[34mmain&amp#27;[0;39m] &amp#27;[33morg.springframework.boot.web.servlet.server.DocumentRoot&amp#27;[0;39m: Code archive: /home/vinod/.m2/repository/org/springframework/boot/spring-boot/2.1.5.RELEASE/spring-boot-2.1.5.RELEASE.jar
&amp#27;[30m2020-02-08 10:21:39,323&amp#27;[0;39m &amp#27;[39mDEBUG&amp#27;[0;39m [&amp#27;[34mmain&amp#27;[0;39m] &amp#27;[33morg.springframework.boot.web.servlet.server.DocumentRoot&amp#27;[0;39m: Code archive: /home/vinod/.m2/repository/org/springframework/boot/spring-boot/2.1.5.RELEASE/spring-boot-2.1.5.RELEASE.jar
&amp#27;[30m2020-02-08 10:21:39,323&amp#27;[0;39m &amp#27;[39mDEBUG&amp#27;[0;39m [&amp#27;[34mmain&amp#27;[0;39m] &amp#27;[33morg.springframework.boot.web.servlet.server.DocumentRoot&amp#27;[0;39m: None of the document roots [src/main/webapp, public, static] point to a directory and will be ignored.
&amp#27;[30m2020-02-08 10:21:39,327&amp#27;[0;39m &amp#27;[34mINFO &amp#27;[0;39m [&amp#27;[34mmain&amp#27;[0;39m] &amp#27;[33morg.springframework.boot.web.embedded.tomcat.TomcatWebServer&amp#27;[0;39m: Tomcat initialized with port(s): 0 (http)
&amp#27;[30m2020-02-08 10:21:39,329&amp#27;[0;39m &amp#27;[34mINFO &amp#27;[0;39m [&amp#27;[34mmain&amp#27;[0;39m] &amp#27;[33morg.apache.juli.logging.DirectJDKLog&amp#27;[0;39m: Initializing ProtocolHandler ["http-nio-auto-2"]
&amp#27;[30m2020-02-08 10:21:39,330&amp#27;[0;39m &amp#27;[34mINFO &amp#27;[0;39m [&amp#27;[34mmain&amp#27;[0;39m] &amp#27;[33morg.apache.juli.logging.DirectJDKLog&amp#27;[0;39m: Starting service [Tomcat]
&amp#27;[30m2020-02-08 10:21:39,330&amp#27;[0;39m &amp#27;[34mINFO &amp#27;[0;39m [&amp#27;[34mmain&amp#27;[0;39m] &amp#27;[33morg.apache.juli.logging.DirectJDKLog&amp#27;[0;39m: Starting Servlet engine: [Apache Tomcat/9.0.19]
&amp#27;[30m2020-02-08 10:21:39,358&amp#27;[0;39m &amp#27;[34mINFO &amp#27;[0;39m [&amp#27;[34mmain&amp#27;[0;39m] &amp#27;[33morg.apache.juli.logging.DirectJDKLog&amp#27;[0;39m: Initializing Spring embedded WebApplicationContext
&amp#27;[30m2020-02-08 10:21:39,358&amp#27;[0;39m &amp#27;[39mDEBUG&amp#27;[0;39m [&amp#27;[34mmain&amp#27;[0;39m] &amp#27;[33morg.springframework.boot.web.servlet.context.ServletWebServerApplicationContext&amp#27;[0;39m: Published root WebApplicationContext as ServletContext attribute with name [org.springframework.web.context.WebApplicationContext.ROOT]
&amp#27;[30m2020-02-08 10:21:39,358&amp#27;[0;39m &amp#27;[34mINFO &amp#27;[0;39m [&amp#27;[34mmain&amp#27;[0;39m] &amp#27;[33morg.springframework.boot.web.servlet.context.ServletWebServerApplicationContext&amp#27;[0;39m: Root WebApplicationContext: initialization completed in 917 ms
&amp#27;[30m2020-02-08 10:21:39,359&amp#27;[0;39m &amp#27;[39mDEBUG&amp#27;[0;39m [&amp#27;[34mmain&amp#27;[0;39m] &amp#27;[33morg.springframework.beans.factory.support.DefaultSingletonBeanRegistry&amp#27;[0;39m: Creating shared instance of singleton bean 'h2Console'
&amp#27;[30m2020-02-08 10:21:39,360&amp#27;[0;39m &amp#27;[39mDEBUG&amp#27;[0;39m [&amp#27;[34mmain&amp#27;[0;39m] &amp#27;[33morg.springframework.beans.factory.support.DefaultSingletonBeanRegistry&amp#27;[0;39m: Creating shared instance of singleton bean 'org.springframework.boot.autoconfigure.h2.H2ConsoleAutoConfiguration'
&amp#27;[30m2020-02-08 10:21:39,361&amp#27;[0;39m &amp#27;[39mDEBUG&amp#27;[0;39m [&amp#27;[34mmain&amp#27;[0;39m] &amp#27;[33morg.springframework.core.LocalVariableTableParameterNameDiscoverer&amp#27;[0;39m: Cannot find '.class' file for class [class org.springframework.boot.autoconfigure.h2.H2ConsoleAutoConfiguration$$EnhancerBySpringCGLIB$$a6065ea2] - unable to determine constructor/method parameter names
&amp#27;[30m2020-02-08 10:21:39,362&amp#27;[0;39m &amp#27;[39mDEBUG&amp#27;[0;39m [&amp#27;[34mmain&amp#27;[0;39m] &amp#27;[33morg.springframework.beans.factory.support.DefaultSingletonBeanRegistry&amp#27;[0;39m: Creating shared instance of singleton bean 'spring.h2.console-org.springframework.boot.autoconfigure.h2.H2ConsoleProperties'
&amp#27;[30m2020-02-08 10:21:39,368&amp#27;[0;39m &amp#27;[39mDEBUG&amp#27;[0;39m [&amp#27;[34mmain&amp#27;[0;39m] &amp#27;[33morg.springframework.beans.factory.support.ConstructorResolver&amp#27;[0;39m: Autowiring by type from bean name 'org.springframework.boot.autoconfigure.h2.H2ConsoleAutoConfiguration' via constructor to bean named 'spring.h2.console-org.springframework.boot.autoconfigure.h2.H2ConsoleProperties'
&amp#27;[30m2020-02-08 10:21:39,384&amp#27;[0;39m &amp#27;[39mDEBUG&amp#27;[0;39m [&amp#27;[34mmain&amp#27;[0;39m] &amp#27;[33morg.springframework.beans.factory.support.DefaultSingletonBeanRegistry&amp#27;[0;39m: Creating shared instance of singleton bean 'securityFilterChainRegistration'
&amp#27;[30m2020-02-08 10:21:39,385&amp#27;[0;39m &amp#27;[39mDEBUG&amp#27;[0;39m [&amp#27;[34mmain&amp#27;[0;39m] &amp#27;[33morg.springframework.beans.factory.support.DefaultSingletonBeanRegistry&amp#27;[0;39m: Creating shared instance of singleton bean 'org.springframework.boot.autoconfigure.security.servlet.SecurityFilterAutoConfiguration'
&amp#27;[30m2020-02-08 10:21:39,392&amp#27;[0;39m &amp#27;[39mDEBUG&amp#27;[0;39m [&amp#27;[34mmain&amp#27;[0;39m] &amp#27;[33morg.springframework.beans.factory.support.DefaultSingletonBeanRegistry&amp#27;[0;39m: Creating shared instance of singleton bean 'spring.security-org.springframework.boot.autoconfigure.security.SecurityProperties'
&amp#27;[30m2020-02-08 10:21:39,397&amp#27;[0;39m &amp#27;[39mDEBUG&amp#27;[0;39m [&amp#27;[34mmain&amp#27;[0;39m] &amp#27;[33morg.springframework.beans.factory.support.ConstructorResolver&amp#27;[0;39m: Autowiring by type from bean name 'securityFilterChainRegistration' via factory method to bean named 'spring.security-org.springframework.boot.autoconfigure.security.SecurityProperties'
&amp#27;[30m2020-02-08 10:21:39,412&amp#27;[0;39m &amp#27;[39mDEBUG&amp#27;[0;39m [&amp#27;[34mmain&amp#27;[0;39m] &amp#27;[33morg.springframework.beans.factory.support.DefaultSingletonBeanRegistry&amp#27;[0;39m: Creating shared instance of singleton bean 'requestContextFilter'
&amp#27;[30m2020-02-08 10:21:39,428&amp#27;[0;39m &amp#27;[39mDEBUG&amp#27;[0;39m [&amp#27;[34mmain&amp#27;[0;39m] &amp#27;[33morg.springframework.beans.factory.support.DefaultSingletonBeanRegistry&amp#27;[0;39m: Creating shared instance of singleton bean 'hiddenHttpMethodFilter'
&amp#27;[30m2020-02-08 10:21:39,429&amp#27;[0;39m &amp#27;[39mDEBUG&amp#27;[0;39m [&amp#27;[34mmain&amp#27;[0;39m] &amp#27;[33morg.springframework.beans.factory.support.DefaultSingletonBeanRegistry&amp#27;[0;39m: Creating shared instance of singleton bean 'org.springframework.boot.autoconfigure.web.servlet.WebMvcAutoConfiguration'
&amp#27;[30m2020-02-08 10:21:39,449&amp#27;[0;39m &amp#27;[39mDEBUG&amp#27;[0;39m [&amp#27;[34mmain&amp#27;[0;39m] &amp#27;[33morg.springframework.beans.factory.support.DefaultSingletonBeanRegistry&amp#27;[0;39m: Creating shared instance of singleton bean 'formContentFilter'
&amp#27;[30m2020-02-08 10:21:39,465&amp#27;[0;39m &amp#27;[39mDEBUG&amp#27;[0;39m [&amp#27;[34mmain&amp#27;[0;39m] &amp#27;[33morg.springframework.beans.factory.support.DefaultSingletonBeanRegistry&amp#27;[0;39m: Creating shared instance of singleton bean 'characterEncodingFilter'
&amp#27;[30m2020-02-08 10:21:39,482&amp#27;[0;39m &amp#27;[39mDEBUG&amp#27;[0;39m [&amp#27;[34mmain&amp#27;[0;39m] &amp#27;[33morg.springframework.boot.web.servlet.ServletContextInitializerBeans&amp#27;[0;39m: Mapping filters: springSecurityFilterChain urls=[/*], characterEncodingFilter urls=[/*], hiddenHttpMethodFilter urls=[/*], formContentFilter urls=[/*], requestContextFilter urls=[/*]
&amp#27;[30m2020-02-08 10:21:39,482&amp#27;[0;39m &amp#27;[39mDEBUG&amp#27;[0;39m [&amp#27;[34mmain&amp#27;[0;39m] &amp#27;[33morg.springframework.boot.web.servlet.ServletContextInitializerBeans&amp#27;[0;39m: Mapping servlets: dispatcherServlet urls=[/], webServlet urls=[/h2-console/*]
&amp#27;[30m2020-02-08 10:21:39,484&amp#27;[0;39m &amp#27;[39mDEBUG&amp#27;[0;39m [&amp#27;[34mmain&amp#27;[0;39m] &amp#27;[33morg.springframework.web.filter.GenericFilterBean&amp#27;[0;39m: Filter 'requestContextFilter' configured for use
&amp#27;[30m2020-02-08 10:21:39,485&amp#27;[0;39m &amp#27;[39mDEBUG&amp#27;[0;39m [&amp#27;[34mmain&amp#27;[0;39m] &amp#27;[33morg.springframework.web.filter.GenericFilterBean&amp#27;[0;39m: Filter 'hiddenHttpMethodFilter' configured for use
&amp#27;[30m2020-02-08 10:21:39,485&amp#27;[0;39m &amp#27;[39mDEBUG&amp#27;[0;39m [&amp#27;[34mmain&amp#27;[0;39m] &amp#27;[33morg.springframework.web.filter.GenericFilterBean&amp#27;[0;39m: Filter 'characterEncodingFilter' configured for use
&amp#27;[30m2020-02-08 10:21:39,486&amp#27;[0;39m &amp#27;[39mDEBUG&amp#27;[0;39m [&amp#27;[34mmain&amp#27;[0;39m] &amp#27;[33morg.springframework.web.filter.GenericFilterBean&amp#27;[0;39m: Filter 'springSecurityFilterChain' configured for use
&amp#27;[30m2020-02-08 10:21:39,486&amp#27;[0;39m &amp#27;[39mDEBUG&amp#27;[0;39m [&amp#27;[34mmain&amp#27;[0;39m] &amp#27;[33morg.springframework.web.filter.GenericFilterBean&amp#27;[0;39m: Filter 'formContentFilter' configured for use
&amp#27;[30m2020-02-08 10:21:39,491&amp#27;[0;39m &amp#27;[39mDEBUG&amp#27;[0;39m [&amp#27;[34mmain&amp#27;[0;39m] &amp#27;[33morg.springframework.beans.factory.support.DefaultSingletonBeanRegistry&amp#27;[0;39m: Creating shared instance of singleton bean 'inMemoryDatabaseShutdownExecutor'
&amp#27;[30m2020-02-08 10:21:39,492&amp#27;[0;39m &amp#27;[39mDEBUG&amp#27;[0;39m [&amp#27;[34mmain&amp#27;[0;39m] &amp#27;[33morg.springframework.beans.factory.support.DefaultSingletonBeanRegistry&amp#27;[0;39m: Creating shared instance of singleton bean 'org.springframework.boot.devtools.autoconfigure.DevToolsDataSourceAutoConfiguration'
&amp#27;[30m2020-02-08 10:21:39,497&amp#27;[0;39m &amp#27;[39mDEBUG&amp#27;[0;39m [&amp#27;[34mmain&amp#27;[0;39m] &amp#27;[33morg.springframework.beans.factory.support.DefaultSingletonBeanRegistry&amp#27;[0;39m: Creating shared instance of singleton bean 'dataSource'
&amp#27;[30m2020-02-08 10:21:39,497&amp#27;[0;39m &amp#27;[39mDEBUG&amp#27;[0;39m [&amp#27;[34mmain&amp#27;[0;39m] &amp#27;[33morg.springframework.beans.factory.support.DefaultSingletonBeanRegistry&amp#27;[0;39m: Creating shared instance of singleton bean 'org.springframework.boot.autoconfigure.jdbc.DataSourceConfiguration$Hikari'
&amp#27;[30m2020-02-08 10:21:39,502&amp#27;[0;39m &amp#27;[39mDEBUG&amp#27;[0;39m [&amp#27;[34mmain&amp#27;[0;39m] &amp#27;[33morg.springframework.beans.factory.support.DefaultSingletonBeanRegistry&amp#27;[0;39m: Creating shared instance of singleton bean 'spring.datasource-org.springframework.boot.autoconfigure.jdbc.DataSourceProperties'
&amp#27;[30m2020-02-08 10:21:39,517&amp#27;[0;39m &amp#27;[39mDEBUG&amp#27;[0;39m [&amp#27;[34mmain&amp#27;[0;39m] &amp#27;[33morg.springframework.beans.factory.support.ConstructorResolver&amp#27;[0;39m: Autowiring by type from bean name 'dataSource' via factory method to bean named 'spring.datasource-org.springframework.boot.autoconfigure.jdbc.DataSourceProperties'
&amp#27;[30m2020-02-08 10:21:39,522&amp#27;[0;39m &amp#27;[39mDEBUG&amp#27;[0;39m [&amp#27;[34mmain&amp#27;[0;39m] &amp#27;[33mcom.zaxxer.hikari.HikariConfig&amp#27;[0;39m: Driver class org.h2.Driver found in Thread context class loader jdk.internal.loader.ClassLoaders$AppClassLoader@4b85612c
&amp#27;[30m2020-02-08 10:21:39,544&amp#27;[0;39m &amp#27;[39mDEBUG&amp#27;[0;39m [&amp#27;[34mmain&amp#27;[0;39m] &amp#27;[33morg.springframework.beans.factory.support.DefaultSingletonBeanRegistry&amp#27;[0;39m: Creating shared instance of singleton bean 'org.springframework.boot.autoconfigure.jdbc.DataSourceInitializerInvoker'
&amp#27;[30m2020-02-08 10:21:39,547&amp#27;[0;39m &amp#27;[39mDEBUG&amp#27;[0;39m [&amp#27;[34mmain&amp#27;[0;39m] &amp#27;[33morg.springframework.beans.factory.support.ConstructorResolver&amp#27;[0;39m: Autowiring by type from bean name 'org.springframework.boot.autoconfigure.jdbc.DataSourceInitializerInvoker' via constructor to bean named 'spring.datasource-org.springframework.boot.autoconfigure.jdbc.DataSourceProperties'
&amp#27;[30m2020-02-08 10:21:39,547&amp#27;[0;39m &amp#27;[39mDEBUG&amp#27;[0;39m [&amp#27;[34mmain&amp#27;[0;39m] &amp#27;[33morg.springframework.beans.factory.support.ConstructorResolver&amp#27;[0;39m: Autowiring by type from bean name 'org.springframework.boot.autoconfigure.jdbc.DataSourceInitializerInvoker' via constructor to bean named 'org.springframework.boot.web.servlet.context.AnnotationConfigServletWebServerApplicationContext@48064a5a'
&amp#27;[30m2020-02-08 10:21:39,554&amp#27;[0;39m &amp#27;[39mDEBUG&amp#27;[0;39m [&amp#27;[34mmain&amp#27;[0;39m] &amp#27;[33morg.springframework.beans.factory.support.ConstructorResolver&amp#27;[0;39m: Autowiring by type from bean name 'inMemoryDatabaseShutdownExecutor' via factory method to bean named 'dataSource'
&amp#27;[30m2020-02-08 10:21:39,554&amp#27;[0;39m &amp#27;[39mDEBUG&amp#27;[0;39m [&amp#27;[34mmain&amp#27;[0;39m] &amp#27;[33morg.springframework.beans.factory.support.ConstructorResolver&amp#27;[0;39m: Autowiring by type from bean name 'inMemoryDatabaseShutdownExecutor' via factory method to bean named 'spring.datasource-org.springframework.boot.autoconfigure.jdbc.DataSourceProperties'
&amp#27;[30m2020-02-08 10:21:39,557&amp#27;[0;39m &amp#27;[39mDEBUG&amp#27;[0;39m [&amp#27;[34mmain&amp#27;[0;39m] &amp#27;[33morg.springframework.beans.factory.support.DefaultSingletonBeanRegistry&amp#27;[0;39m: Creating shared instance of singleton bean 'entityManagerFactory'
&amp#27;[30m2020-02-08 10:21:39,557&amp#27;[0;39m &amp#27;[39mDEBUG&amp#27;[0;39m [&amp#27;[34mmain&amp#27;[0;39m] &amp#27;[33morg.springframework.beans.factory.support.DefaultSingletonBeanRegistry&amp#27;[0;39m: Creating shared instance of singleton bean 'org.springframework.boot.autoconfigure.orm.jpa.HibernateJpaConfiguration'
&amp#27;[30m2020-02-08 10:21:39,558&amp#27;[0;39m &amp#27;[39mDEBUG&amp#27;[0;39m [&amp#27;[34mmain&amp#27;[0;39m] &amp#27;[33morg.springframework.core.LocalVariableTableParameterNameDiscoverer&amp#27;[0;39m: Cannot find '.class' file for class [class org.springframework.boot.autoconfigure.orm.jpa.HibernateJpaConfiguration$$EnhancerBySpringCGLIB$$f5449ada] - unable to determine constructor/method parameter names
&amp#27;[30m2020-02-08 10:21:39,561&amp#27;[0;39m &amp#27;[39mDEBUG&amp#27;[0;39m [&amp#27;[34mmain&amp#27;[0;39m] &amp#27;[33morg.springframework.beans.factory.support.DefaultSingletonBeanRegistry&amp#27;[0;39m: Creating shared instance of singleton bean 'spring.jpa-org.springframework.boot.autoconfigure.orm.jpa.JpaProperties'
&amp#27;[30m2020-02-08 10:21:39,573&amp#27;[0;39m &amp#27;[39mDEBUG&amp#27;[0;39m [&amp#27;[34mmain&amp#27;[0;39m] &amp#27;[33morg.springframework.beans.factory.support.DefaultSingletonBeanRegistry&amp#27;[0;39m: Creating shared instance of singleton bean 'spring.jpa.hibernate-org.springframework.boot.autoconfigure.orm.jpa.HibernateProperties'
&amp#27;[30m2020-02-08 10:21:39,578&amp#27;[0;39m &amp#27;[39mDEBUG&amp#27;[0;39m [&amp#27;[34mmain&amp#27;[0;39m] &amp#27;[33morg.springframework.beans.factory.support.ConstructorResolver&amp#27;[0;39m: Autowiring by type from bean name 'org.springframework.boot.autoconfigure.orm.jpa.HibernateJpaConfiguration' via constructor to bean named 'dataSource'
&amp#27;[30m2020-02-08 10:21:39,578&amp#27;[0;39m &amp#27;[39mDEBUG&amp#27;[0;39m [&amp#27;[34mmain&amp#27;[0;39m] &amp#27;[33morg.springframework.beans.factory.support.ConstructorResolver&amp#27;[0;39m: Autowiring by type from bean name 'org.springframework.boot.autoconfigure.orm.jpa.HibernateJpaConfiguration' via constructor to bean named 'spring.jpa-org.springframework.boot.autoconfigure.orm.jpa.JpaProperties'
&amp#27;[30m2020-02-08 10:21:39,578&amp#27;[0;39m &amp#27;[39mDEBUG&amp#27;[0;39m [&amp#27;[34mmain&amp#27;[0;39m] &amp#27;[33morg.springframework.beans.factory.support.ConstructorResolver&amp#27;[0;39m: Autowiring by type from bean name 'org.springframework.boot.autoconfigure.orm.jpa.HibernateJpaConfiguration' via constructor to bean named 'org.springframework.beans.factory.support.DefaultListableBeanFactory@49522bdf'
&amp#27;[30m2020-02-08 10:21:39,578&amp#27;[0;39m &amp#27;[39mDEBUG&amp#27;[0;39m [&amp#27;[34mmain&amp#27;[0;39m] &amp#27;[33morg.springframework.beans.factory.support.ConstructorResolver&amp#27;[0;39m: Autowiring by type from bean name 'org.springframework.boot.autoconfigure.orm.jpa.HibernateJpaConfiguration' via constructor to bean named 'spring.jpa.hibernate-org.springframework.boot.autoconfigure.orm.jpa.HibernateProperties'
&amp#27;[30m2020-02-08 10:21:39,581&amp#27;[0;39m &amp#27;[39mDEBUG&amp#27;[0;39m [&amp#27;[34mmain&amp#27;[0;39m] &amp#27;[33morg.springframework.beans.factory.support.DefaultSingletonBeanRegistry&amp#27;[0;39m: Creating shared instance of singleton bean 'platformTransactionManagerCustomizers'
&amp#27;[30m2020-02-08 10:21:39,582&amp#27;[0;39m &amp#27;[39mDEBUG&amp#27;[0;39m [&amp#27;[34mmain&amp#27;[0;39m] &amp#27;[33morg.springframework.beans.factory.support.DefaultSingletonBeanRegistry&amp#27;[0;39m: Creating shared instance of singleton bean 'org.springframework.boot.autoconfigure.transaction.TransactionAutoConfiguration'
&amp#27;[30m2020-02-08 10:21:39,589&amp#27;[0;39m &amp#27;[39mDEBUG&amp#27;[0;39m [&amp#27;[34mmain&amp#27;[0;39m] &amp#27;[33morg.springframework.beans.factory.support.DefaultSingletonBeanRegistry&amp#27;[0;39m: Creating shared instance of singleton bean 'spring.transaction-org.springframework.boot.autoconfigure.transaction.TransactionProperties'
&amp#27;[30m2020-02-08 10:21:39,598&amp#27;[0;39m &amp#27;[39mDEBUG&amp#27;[0;39m [&amp#27;[34mmain&amp#27;[0;39m] &amp#27;[33morg.springframework.beans.factory.support.DefaultSingletonBeanRegistry&amp#27;[0;39m: Creating shared instance of singleton bean 'hikariPoolDataSourceMetadataProvider'
&amp#27;[30m2020-02-08 10:21:39,599&amp#27;[0;39m &amp#27;[39mDEBUG&amp#27;[0;39m [&amp#27;[34mmain&amp#27;[0;39m] &amp#27;[33morg.springframework.beans.factory.support.DefaultSingletonBeanRegistry&amp#27;[0;39m: Creating shared instance of singleton bean 'org.springframework.boot.autoconfigure.jdbc.metadata.DataSourcePoolMetadataProvidersConfiguration$HikariPoolDataSourceMetadataProviderConfiguration'
&amp#27;[30m2020-02-08 10:21:39,621&amp#27;[0;39m &amp#27;[39mDEBUG&amp#27;[0;39m [&amp#27;[34mmain&amp#27;[0;39m] &amp#27;[33morg.springframework.beans.factory.support.DefaultSingletonBeanRegistry&amp#27;[0;39m: Creating shared instance of singleton bean 'entityManagerFactoryBuilder'
&amp#27;[30m2020-02-08 10:21:39,622&amp#27;[0;39m &amp#27;[39mDEBUG&amp#27;[0;39m [&amp#27;[34mmain&amp#27;[0;39m] &amp#27;[33morg.springframework.beans.factory.support.DefaultSingletonBeanRegistry&amp#27;[0;39m: Creating shared instance of singleton bean 'jpaVendorAdapter'
&amp#27;[30m2020-02-08 10:21:39,623&amp#27;[0;39m &amp#27;[39mDEBUG&amp#27;[0;39m [&amp#27;[34mmain&amp#27;[0;39m] &amp#27;[33morg.springframework.jdbc.datasource.DataSourceUtils&amp#27;[0;39m: Fetching JDBC Connection from DataSource
&amp#27;[30m2020-02-08 10:21:39,624&amp#27;[0;39m &amp#27;[39mDEBUG&amp#27;[0;39m [&amp#27;[34mmain&amp#27;[0;39m] &amp#27;[33mcom.zaxxer.hikari.HikariConfig&amp#27;[0;39m: HikariPool-3 - configuration:
&amp#27;[30m2020-02-08 10:21:39,625&amp#27;[0;39m &amp#27;[39mDEBUG&amp#27;[0;39m [&amp#27;[34mmain&amp#27;[0;39m] &amp#27;[33mcom.zaxxer.hikari.HikariConfig&amp#27;[0;39m: allowPoolSuspension.............false
&amp#27;[30m2020-02-08 10:21:39,626&amp#27;[0;39m &amp#27;[39mDEBUG&amp#27;[0;39m [&amp#27;[34mmain&amp#27;[0;39m] &amp#27;[33mcom.zaxxer.hikari.HikariConfig&amp#27;[0;39m: autoCommit......................true
&amp#27;[30m2020-02-08 10:21:39,626&amp#27;[0;39m &amp#27;[39mDEBUG&amp#27;[0;39m [&amp#27;[34mmain&amp#27;[0;39m] &amp#27;[33mcom.zaxxer.hikari.HikariConfig&amp#27;[0;39m: catalog.........................none
&amp#27;[30m2020-02-08 10:21:39,626&amp#27;[0;39m &amp#27;[39mDEBUG&amp#27;[0;39m [&amp#27;[34mmain&amp#27;[0;39m] &amp#27;[33mcom.zaxxer.hikari.HikariConfig&amp#27;[0;39m: connectionInitSql...............none
&amp#27;[30m2020-02-08 10:21:39,626&amp#27;[0;39m &amp#27;[39mDEBUG&amp#27;[0;39m [&amp#27;[34mmain&amp#27;[0;39m] &amp#27;[33mcom.zaxxer.hikari.HikariConfig&amp#27;[0;39m: connectionTestQuery.............none
&amp#27;[30m2020-02-08 10:21:39,627&amp#27;[0;39m &amp#27;[39mDEBUG&amp#27;[0;39m [&amp#27;[34mmain&amp#27;[0;39m] &amp#27;[33mcom.zaxxer.hikari.HikariConfig&amp#27;[0;39m: connectionTimeout...............30000
&amp#27;[30m2020-02-08 10:21:39,627&amp#27;[0;39m &amp#27;[39mDEBUG&amp#27;[0;39m [&amp#27;[34mmain&amp#27;[0;39m] &amp#27;[33mcom.zaxxer.hikari.HikariConfig&amp#27;[0;39m: dataSource......................none
&amp#27;[30m2020-02-08 10:21:39,627&amp#27;[0;39m &amp#27;[39mDEBUG&amp#27;[0;39m [&amp#27;[34mmain&amp#27;[0;39m] &amp#27;[33mcom.zaxxer.hikari.HikariConfig&amp#27;[0;39m: dataSourceClassName.............none
&amp#27;[30m2020-02-08 10:21:39,627&amp#27;[0;39m &amp#27;[39mDEBUG&amp#27;[0;39m [&amp#27;[34mmain&amp#27;[0;39m] &amp#27;[33mcom.zaxxer.hikari.HikariConfig&amp#27;[0;39m: dataSourceJNDI..................none
&amp#27;[30m2020-02-08 10:21:39,628&amp#27;[0;39m &amp#27;[39mDEBUG&amp#27;[0;39m [&amp#27;[34mmain&amp#27;[0;39m] &amp#27;[33mcom.zaxxer.hikari.HikariConfig&amp#27;[0;39m: dataSourceProperties............{password=<masked>}
&amp#27;[30m2020-02-08 10:21:39,628&amp#27;[0;39m &amp#27;[39mDEBUG&amp#27;[0;39m [&amp#27;[34mmain&amp#27;[0;39m] &amp#27;[33mcom.zaxxer.hikari.HikariConfig&amp#27;[0;39m: driverClassName................."org.h2.Driver"
&amp#27;[30m2020-02-08 10:21:39,628&amp#27;[0;39m &amp#27;[39mDEBUG&amp#27;[0;39m [&amp#27;[34mmain&amp#27;[0;39m] &amp#27;[33mcom.zaxxer.hikari.HikariConfig&amp#27;[0;39m: healthCheckProperties...........{}
&amp#27;[30m2020-02-08 10:21:39,628&amp#27;[0;39m &amp#27;[39mDEBUG&amp#27;[0;39m [&amp#27;[34mmain&amp#27;[0;39m] &amp#27;[33mcom.zaxxer.hikari.HikariConfig&amp#27;[0;39m: healthCheckRegistry.............none
&amp#27;[30m2020-02-08 10:21:39,629&amp#27;[0;39m &amp#27;[39mDEBUG&amp#27;[0;39m [&amp#27;[34mmain&amp#27;[0;39m] &amp#27;[33mcom.zaxxer.hikari.HikariConfig&amp#27;[0;39m: idleTimeout.....................600000
&amp#27;[30m2020-02-08 10:21:39,629&amp#27;[0;39m &amp#27;[39mDEBUG&amp#27;[0;39m [&amp#27;[34mmain&amp#27;[0;39m] &amp#27;[33mcom.zaxxer.hikari.HikariConfig&amp#27;[0;39m: initializationFailTimeout.......1
&amp#27;[30m2020-02-08 10:21:39,629&amp#27;[0;39m &amp#27;[39mDEBUG&amp#27;[0;39m [&amp#27;[34mmain&amp#27;[0;39m] &amp#27;[33mcom.zaxxer.hikari.HikariConfig&amp#27;[0;39m: isolateInternalQueries..........false
&amp#27;[30m2020-02-08 10:21:39,630&amp#27;[0;39m &amp#27;[39mDEBUG&amp#27;[0;39m [&amp#27;[34mmain&amp#27;[0;39m] &amp#27;[33mcom.zaxxer.hikari.HikariConfig&amp#27;[0;39m: jdbcUrl.........................jdbc:h2:mem:db;DB_CLOSE_DELAY=-1
&amp#27;[30m2020-02-08 10:21:39,630&amp#27;[0;39m &amp#27;[39mDEBUG&amp#27;[0;39m [&amp#27;[34mmain&amp#27;[0;39m] &amp#27;[33mcom.zaxxer.hikari.HikariConfig&amp#27;[0;39m: leakDetectionThreshold..........0
&amp#27;[30m2020-02-08 10:21:39,630&amp#27;[0;39m &amp#27;[39mDEBUG&amp#27;[0;39m [&amp#27;[34mmain&amp#27;[0;39m] &amp#27;[33mcom.zaxxer.hikari.HikariConfig&amp#27;[0;39m: maxLifetime.....................1800000
&amp#27;[30m2020-02-08 10:21:39,630&amp#27;[0;39m &amp#27;[39mDEBUG&amp#27;[0;39m [&amp#27;[34mmain&amp#27;[0;39m] &amp#27;[33mcom.zaxxer.hikari.HikariConfig&amp#27;[0;39m: maximumPoolSize.................10
&amp#27;[30m2020-02-08 10:21:39,631&amp#27;[0;39m &amp#27;[39mDEBUG&amp#27;[0;39m [&amp#27;[34mmain&amp#27;[0;39m] &amp#27;[33mcom.zaxxer.hikari.HikariConfig&amp#27;[0;39m: metricRegistry..................none
&amp#27;[30m2020-02-08 10:21:39,631&amp#27;[0;39m &amp#27;[39mDEBUG&amp#27;[0;39m [&amp#27;[34mmain&amp#27;[0;39m] &amp#27;[33mcom.zaxxer.hikari.HikariConfig&amp#27;[0;39m: metricsTrackerFactory...........none
&amp#27;[30m2020-02-08 10:21:39,631&amp#27;[0;39m &amp#27;[39mDEBUG&amp#27;[0;39m [&amp#27;[34mmain&amp#27;[0;39m] &amp#27;[33mcom.zaxxer.hikari.HikariConfig&amp#27;[0;39m: minimumIdle.....................10
&amp#27;[30m2020-02-08 10:21:39,631&amp#27;[0;39m &amp#27;[39mDEBUG&amp#27;[0;39m [&amp#27;[34mmain&amp#27;[0;39m] &amp#27;[33mcom.zaxxer.hikari.HikariConfig&amp#27;[0;39m: password........................<masked>
&amp#27;[30m2020-02-08 10:21:39,632&amp#27;[0;39m &amp#27;[39mDEBUG&amp#27;[0;39m [&amp#27;[34mmain&amp#27;[0;39m] &amp#27;[33mcom.zaxxer.hikari.HikariConfig&amp#27;[0;39m: poolName........................"HikariPool-3"
&amp#27;[30m2020-02-08 10:21:39,632&amp#27;[0;39m &amp#27;[39mDEBUG&amp#27;[0;39m [&amp#27;[34mmain&amp#27;[0;39m] &amp#27;[33mcom.zaxxer.hikari.HikariConfig&amp#27;[0;39m: readOnly........................false
&amp#27;[30m2020-02-08 10:21:39,632&amp#27;[0;39m &amp#27;[39mDEBUG&amp#27;[0;39m [&amp#27;[34mmain&amp#27;[0;39m] &amp#27;[33mcom.zaxxer.hikari.HikariConfig&amp#27;[0;39m: registerMbeans..................false
&amp#27;[30m2020-02-08 10:21:39,633&amp#27;[0;39m &amp#27;[39mDEBUG&amp#27;[0;39m [&amp#27;[34mmain&amp#27;[0;39m] &amp#27;[33mcom.zaxxer.hikari.HikariConfig&amp#27;[0;39m: scheduledExecutor...............none
&amp#27;[30m2020-02-08 10:21:39,633&amp#27;[0;39m &amp#27;[39mDEBUG&amp#27;[0;39m [&amp#27;[34mmain&amp#27;[0;39m] &amp#27;[33mcom.zaxxer.hikari.HikariConfig&amp#27;[0;39m: schema..........................none
&amp#27;[30m2020-02-08 10:21:39,633&amp#27;[0;39m &amp#27;[39mDEBUG&amp#27;[0;39m [&amp#27;[34mmain&amp#27;[0;39m] &amp#27;[33mcom.zaxxer.hikari.HikariConfig&amp#27;[0;39m: threadFactory...................internal
&amp#27;[30m2020-02-08 10:21:39,633&amp#27;[0;39m &amp#27;[39mDEBUG&amp#27;[0;39m [&amp#27;[34mmain&amp#27;[0;39m] &amp#27;[33mcom.zaxxer.hikari.HikariConfig&amp#27;[0;39m: transactionIsolation............default
&amp#27;[30m2020-02-08 10:21:39,634&amp#27;[0;39m &amp#27;[39mDEBUG&amp#27;[0;39m [&amp#27;[34mmain&amp#27;[0;39m] &amp#27;[33mcom.zaxxer.hikari.HikariConfig&amp#27;[0;39m: username........................"sa"
&amp#27;[30m2020-02-08 10:21:39,634&amp#27;[0;39m &amp#27;[39mDEBUG&amp#27;[0;39m [&amp#27;[34mmain&amp#27;[0;39m] &amp#27;[33mcom.zaxxer.hikari.HikariConfig&amp#27;[0;39m: validationTimeout...............5000
&amp#27;[30m2020-02-08 10:21:39,634&amp#27;[0;39m &amp#27;[34mINFO &amp#27;[0;39m [&amp#27;[34mmain&amp#27;[0;39m] &amp#27;[33mcom.zaxxer.hikari.HikariDataSource&amp#27;[0;39m: HikariPool-3 - Starting...
&amp#27;[30m2020-02-08 10:21:39,639&amp#27;[0;39m &amp#27;[39mDEBUG&amp#27;[0;39m [&amp#27;[34mmain&amp#27;[0;39m] &amp#27;[33mcom.zaxxer.hikari.pool.HikariPool&amp#27;[0;39m: HikariPool-3 - Added connection conn28: url=jdbc:h2:mem:db user=SA
&amp#27;[30m2020-02-08 10:21:39,639&amp#27;[0;39m &amp#27;[34mINFO &amp#27;[0;39m [&amp#27;[34mmain&amp#27;[0;39m] &amp#27;[33mcom.zaxxer.hikari.HikariDataSource&amp#27;[0;39m: HikariPool-3 - Start completed.
&amp#27;[30m2020-02-08 10:21:39,646&amp#27;[0;39m &amp#27;[39mDEBUG&amp#27;[0;39m [&amp#27;[34mmain&amp#27;[0;39m] &amp#27;[33morg.springframework.beans.factory.support.ConstructorResolver&amp#27;[0;39m: Autowiring by type from bean name 'entityManagerFactoryBuilder' via factory method to bean named 'jpaVendorAdapter'
&amp#27;[30m2020-02-08 10:21:39,650&amp#27;[0;39m &amp#27;[39mDEBUG&amp#27;[0;39m [&amp#27;[34mmain&amp#27;[0;39m] &amp#27;[33morg.springframework.beans.factory.support.ConstructorResolver&amp#27;[0;39m: Autowiring by type from bean name 'entityManagerFactory' via factory method to bean named 'entityManagerFactoryBuilder'
&amp#27;[30m2020-02-08 10:21:39,651&amp#27;[0;39m &amp#27;[39mDEBUG&amp#27;[0;39m [&amp#27;[34mmain&amp#27;[0;39m] &amp#27;[33morg.springframework.beans.factory.support.DefaultSingletonBeanRegistry&amp#27;[0;39m: Creating shared instance of singleton bean 'org.springframework.boot.autoconfigure.AutoConfigurationPackages'
&amp#27;[30m2020-02-08 10:21:39,653&amp#27;[0;39m &amp#27;[39mDEBUG&amp#27;[0;39m [&amp#27;[34mmain&amp#27;[0;39m] &amp#27;[33morg.springframework.boot.autoconfigure.AutoConfigurationPackages$BasePackages&amp#27;[0;39m: @EnableAutoConfiguration was declared on a class in the package 'in.rgukt.r081247.universityapi'. Automatic @Repository and @Entity scanning is enabled.
&amp#27;[30m2020-02-08 10:21:39,670&amp#27;[0;39m &amp#27;[39mDEBUG&amp#27;[0;39m [&amp#27;[34mmain&amp#27;[0;39m] &amp#27;[33morg.springframework.orm.jpa.LocalContainerEntityManagerFactoryBean&amp#27;[0;39m: Building JPA container EntityManagerFactory for persistence unit 'default'
&amp#27;[30m2020-02-08 10:21:39,670&amp#27;[0;39m &amp#27;[39mDEBUG&amp#27;[0;39m [&amp#27;[34mmain&amp#27;[0;39m] &amp#27;[33morg.hibernate.jpa.internal.util.LogHelper&amp#27;[0;39m: PersistenceUnitInfo [
	name: default
	persistence provider classname: null
	classloader: jdk.internal.loader.ClassLoaders$AppClassLoader@4b85612c
	excludeUnlistedClasses: true
	JTA datasource: null
	Non JTA datasource: HikariDataSource (HikariPool-3)
	Transaction type: RESOURCE_LOCAL
	PU root URL: file:/home/vinod/Desktop/desk/projects/universityapi/target/test-classes/
	Shared Cache Mode: UNSPECIFIED
	Validation Mode: AUTO
	Jar files URLs []
	Managed classes names [
		in.rgukt.r081247.universityapi.entity.Course
		in.rgukt.r081247.universityapi.entity.Department
		in.rgukt.r081247.universityapi.entity.Student]
	Mapping files names []
	Properties []
&amp#27;[30m2020-02-08 10:21:39,671&amp#27;[0;39m &amp#27;[39mDEBUG&amp#27;[0;39m [&amp#27;[34mmain&amp#27;[0;39m] &amp#27;[33morg.hibernate.integrator.internal.IntegratorServiceImpl&amp#27;[0;39m: Adding Integrator [org.hibernate.cfg.beanvalidation.BeanValidationIntegrator].
&amp#27;[30m2020-02-08 10:21:39,671&amp#27;[0;39m &amp#27;[39mDEBUG&amp#27;[0;39m [&amp#27;[34mmain&amp#27;[0;39m] &amp#27;[33morg.hibernate.integrator.internal.IntegratorServiceImpl&amp#27;[0;39m: Adding Integrator [org.hibernate.secure.spi.JaccIntegrator].
&amp#27;[30m2020-02-08 10:21:39,671&amp#27;[0;39m &amp#27;[39mDEBUG&amp#27;[0;39m [&amp#27;[34mmain&amp#27;[0;39m] &amp#27;[33morg.hibernate.integrator.internal.IntegratorServiceImpl&amp#27;[0;39m: Adding Integrator [org.hibernate.cache.internal.CollectionCacheInvalidator].
&amp#27;[30m2020-02-08 10:21:39,673&amp#27;[0;39m &amp#27;[39mDEBUG&amp#27;[0;39m [&amp#27;[34mmain&amp#27;[0;39m] &amp#27;[33morg.hibernate.service.spi.ServiceBinding&amp#27;[0;39m: Overriding existing service binding [org.hibernate.secure.spi.JaccService]
&amp#27;[30m2020-02-08 10:21:39,674&amp#27;[0;39m &amp#27;[39mDEBUG&amp#27;[0;39m [&amp#27;[34mmain&amp#27;[0;39m] &amp#27;[33morg.hibernate.cache.internal.RegionFactoryInitiator&amp#27;[0;39m: Cannot default RegionFactory based on registered strategies as `[]` RegionFactory strategies were registered
&amp#27;[30m2020-02-08 10:21:39,674&amp#27;[0;39m &amp#27;[39mDEBUG&amp#27;[0;39m [&amp#27;[34mmain&amp#27;[0;39m] &amp#27;[33morg.hibernate.cache.internal.RegionFactoryInitiator&amp#27;[0;39m: Cache region factory : org.hibernate.cache.internal.NoCachingRegionFactory
&amp#27;[30m2020-02-08 10:21:39,675&amp#27;[0;39m &amp#27;[39mDEBUG&amp#27;[0;39m [&amp#27;[34mmain&amp#27;[0;39m] &amp#27;[33morg.hibernate.type.BasicTypeRegistry&amp#27;[0;39m: Adding type registration boolean -> org.hibernate.type.BooleanType@486bd064
&amp#27;[30m2020-02-08 10:21:39,675&amp#27;[0;39m &amp#27;[39mDEBUG&amp#27;[0;39m [&amp#27;[34mmain&amp#27;[0;39m] &amp#27;[33morg.hibernate.type.BasicTypeRegistry&amp#27;[0;39m: Adding type registration boolean -> org.hibernate.type.BooleanType@486bd064
&amp#27;[30m2020-02-08 10:21:39,675&amp#27;[0;39m &amp#27;[39mDEBUG&amp#27;[0;39m [&amp#27;[34mmain&amp#27;[0;39m] &amp#27;[33morg.hibernate.type.BasicTypeRegistry&amp#27;[0;39m: Adding type registration java.lang.Boolean -> org.hibernate.type.BooleanType@486bd064
&amp#27;[30m2020-02-08 10:21:39,676&amp#27;[0;39m &amp#27;[39mDEBUG&amp#27;[0;39m [&amp#27;[34mmain&amp#27;[0;39m] &amp#27;[33morg.hibernate.type.BasicTypeRegistry&amp#27;[0;39m: Adding type registration numeric_boolean -> org.hibernate.type.NumericBooleanType@5111de7c
&amp#27;[30m2020-02-08 10:21:39,676&amp#27;[0;39m &amp#27;[39mDEBUG&amp#27;[0;39m [&amp#27;[34mmain&amp#27;[0;39m] &amp#27;[33morg.hibernate.type.BasicTypeRegistry&amp#27;[0;39m: Adding type registration true_false -> org.hibernate.type.TrueFalseType@342ee097
&amp#27;[30m2020-02-08 10:21:39,676&amp#27;[0;39m &amp#27;[39mDEBUG&amp#27;[0;39m [&amp#27;[34mmain&amp#27;[0;39m] &amp#27;[33morg.hibernate.type.BasicTypeRegistry&amp#27;[0;39m: Adding type registration yes_no -> org.hibernate.type.YesNoType@231cdda8
&amp#27;[30m2020-02-08 10:21:39,676&amp#27;[0;39m &amp#27;[39mDEBUG&amp#27;[0;39m [&amp#27;[34mmain&amp#27;[0;39m] &amp#27;[33morg.hibernate.type.BasicTypeRegistry&amp#27;[0;39m: Adding type registration byte -> org.hibernate.type.ByteType@14f060b8
&amp#27;[30m2020-02-08 10:21:39,676&amp#27;[0;39m &amp#27;[39mDEBUG&amp#27;[0;39m [&amp#27;[34mmain&amp#27;[0;39m] &amp#27;[33morg.hibernate.type.BasicTypeRegistry&amp#27;[0;39m: Adding type registration byte -> org.hibernate.type.ByteType@14f060b8
&amp#27;[30m2020-02-08 10:21:39,676&amp#27;[0;39m &amp#27;[39mDEBUG&amp#27;[0;39m [&amp#27;[34mmain&amp#27;[0;39m] &amp#27;[33morg.hibernate.type.BasicTypeRegistry&amp#27;[0;39m: Adding type registration java.lang.Byte -> org.hibernate.type.ByteType@14f060b8
&amp#27;[30m2020-02-08 10:21:39,677&amp#27;[0;39m &amp#27;[39mDEBUG&amp#27;[0;39m [&amp#27;[34mmain&amp#27;[0;39m] &amp#27;[33morg.hibernate.type.BasicTypeRegistry&amp#27;[0;39m: Adding type registration character -> org.hibernate.type.CharacterType@5a2ae1ab
&amp#27;[30m2020-02-08 10:21:39,677&amp#27;[0;39m &amp#27;[39mDEBUG&amp#27;[0;39m [&amp#27;[34mmain&amp#27;[0;39m] &amp#27;[33morg.hibernate.type.BasicTypeRegistry&amp#27;[0;39m: Adding type registration char -> org.hibernate.type.CharacterType@5a2ae1ab
&amp#27;[30m2020-02-08 10:21:39,677&amp#27;[0;39m &amp#27;[39mDEBUG&amp#27;[0;39m [&amp#27;[34mmain&amp#27;[0;39m] &amp#27;[33morg.hibernate.type.BasicTypeRegistry&amp#27;[0;39m: Adding type registration java.lang.Character -> org.hibernate.type.CharacterType@5a2ae1ab
&amp#27;[30m2020-02-08 10:21:39,677&amp#27;[0;39m &amp#27;[39mDEBUG&amp#27;[0;39m [&amp#27;[34mmain&amp#27;[0;39m] &amp#27;[33morg.hibernate.type.BasicTypeRegistry&amp#27;[0;39m: Adding type registration short -> org.hibernate.type.ShortType@448462f0
&amp#27;[30m2020-02-08 10:21:39,677&amp#27;[0;39m &amp#27;[39mDEBUG&amp#27;[0;39m [&amp#27;[34mmain&amp#27;[0;39m] &amp#27;[33morg.hibernate.type.BasicTypeRegistry&amp#27;[0;39m: Adding type registration short -> org.hibernate.type.ShortType@448462f0
&amp#27;[30m2020-02-08 10:21:39,678&amp#27;[0;39m &amp#27;[39mDEBUG&amp#27;[0;39m [&amp#27;[34mmain&amp#27;[0;39m] &amp#27;[33morg.hibernate.type.BasicTypeRegistry&amp#27;[0;39m: Adding type registration java.lang.Short -> org.hibernate.type.ShortType@448462f0
&amp#27;[30m2020-02-08 10:21:39,678&amp#27;[0;39m &amp#27;[39mDEBUG&amp#27;[0;39m [&amp#27;[34mmain&amp#27;[0;39m] &amp#27;[33morg.hibernate.type.BasicTypeRegistry&amp#27;[0;39m: Adding type registration integer -> org.hibernate.type.IntegerType@2b43f314
&amp#27;[30m2020-02-08 10:21:39,678&amp#27;[0;39m &amp#27;[39mDEBUG&amp#27;[0;39m [&amp#27;[34mmain&amp#27;[0;39m] &amp#27;[33morg.hibernate.type.BasicTypeRegistry&amp#27;[0;39m: Adding type registration int -> org.hibernate.type.IntegerType@2b43f314
&amp#27;[30m2020-02-08 10:21:39,678&amp#27;[0;39m &amp#27;[39mDEBUG&amp#27;[0;39m [&amp#27;[34mmain&amp#27;[0;39m] &amp#27;[33morg.hibernate.type.BasicTypeRegistry&amp#27;[0;39m: Adding type registration java.lang.Integer -> org.hibernate.type.IntegerType@2b43f314
&amp#27;[30m2020-02-08 10:21:39,678&amp#27;[0;39m &amp#27;[39mDEBUG&amp#27;[0;39m [&amp#27;[34mmain&amp#27;[0;39m] &amp#27;[33morg.hibernate.type.BasicTypeRegistry&amp#27;[0;39m: Adding type registration long -> org.hibernate.type.LongType@6f50d55c
&amp#27;[30m2020-02-08 10:21:39,678&amp#27;[0;39m &amp#27;[39mDEBUG&amp#27;[0;39m [&amp#27;[34mmain&amp#27;[0;39m] &amp#27;[33morg.hibernate.type.BasicTypeRegistry&amp#27;[0;39m: Adding type registration long -> org.hibernate.type.LongType@6f50d55c
&amp#27;[30m2020-02-08 10:21:39,679&amp#27;[0;39m &amp#27;[39mDEBUG&amp#27;[0;39m [&amp#27;[34mmain&amp#27;[0;39m] &amp#27;[33morg.hibernate.type.BasicTypeRegistry&amp#27;[0;39m: Adding type registration java.lang.Long -> org.hibernate.type.LongType@6f50d55c
&amp#27;[30m2020-02-08 10:21:39,679&amp#27;[0;39m &amp#27;[39mDEBUG&amp#27;[0;39m [&amp#27;[34mmain&amp#27;[0;39m] &amp#27;[33morg.hibernate.type.BasicTypeRegistry&amp#27;[0;39m: Adding type registration float -> org.hibernate.type.FloatType@6889f56f
&amp#27;[30m2020-02-08 10:21:39,679&amp#27;[0;39m &amp#27;[39mDEBUG&amp#27;[0;39m [&amp#27;[34mmain&amp#27;[0;39m] &amp#27;[33morg.hibernate.type.BasicTypeRegistry&amp#27;[0;39m: Adding type registration float -> org.hibernate.type.FloatType@6889f56f
&amp#27;[30m2020-02-08 10:21:39,679&amp#27;[0;39m &amp#27;[39mDEBUG&amp#27;[0;39m [&amp#27;[34mmain&amp#27;[0;39m] &amp#27;[33morg.hibernate.type.BasicTypeRegistry&amp#27;[0;39m: Adding type registration java.lang.Float -> org.hibernate.type.FloatType@6889f56f
&amp#27;[30m2020-02-08 10:21:39,679&amp#27;[0;39m &amp#27;[39mDEBUG&amp#27;[0;39m [&amp#27;[34mmain&amp#27;[0;39m] &amp#27;[33morg.hibernate.type.BasicTypeRegistry&amp#27;[0;39m: Adding type registration double -> org.hibernate.type.DoubleType@3b4ef59f
&amp#27;[30m2020-02-08 10:21:39,680&amp#27;[0;39m &amp#27;[39mDEBUG&amp#27;[0;39m [&amp#27;[34mmain&amp#27;[0;39m] &amp#27;[33morg.hibernate.type.BasicTypeRegistry&amp#27;[0;39m: Adding type registration double -> org.hibernate.type.DoubleType@3b4ef59f
&amp#27;[30m2020-02-08 10:21:39,680&amp#27;[0;39m &amp#27;[39mDEBUG&amp#27;[0;39m [&amp#27;[34mmain&amp#27;[0;39m] &amp#27;[33morg.hibernate.type.BasicTypeRegistry&amp#27;[0;39m: Adding type registration java.lang.Double -> org.hibernate.type.DoubleType@3b4ef59f
&amp#27;[30m2020-02-08 10:21:39,680&amp#27;[0;39m &amp#27;[39mDEBUG&amp#27;[0;39m [&amp#27;[34mmain&amp#27;[0;39m] &amp#27;[33morg.hibernate.type.BasicTypeRegistry&amp#27;[0;39m: Adding type registration big_decimal -> org.hibernate.type.BigDecimalType@5a7b309b
&amp#27;[30m2020-02-08 10:21:39,680&amp#27;[0;39m &amp#27;[39mDEBUG&amp#27;[0;39m [&amp#27;[34mmain&amp#27;[0;39m] &amp#27;[33morg.hibernate.type.BasicTypeRegistry&amp#27;[0;39m: Adding type registration java.math.BigDecimal -> org.hibernate.type.BigDecimalType@5a7b309b
&amp#27;[30m2020-02-08 10:21:39,680&amp#27;[0;39m &amp#27;[39mDEBUG&amp#27;[0;39m [&amp#27;[34mmain&amp#27;[0;39m] &amp#27;[33morg.hibernate.type.BasicTypeRegistry&amp#27;[0;39m: Adding type registration big_integer -> org.hibernate.type.BigIntegerType@b022551
&amp#27;[30m2020-02-08 10:21:39,681&amp#27;[0;39m &amp#27;[39mDEBUG&amp#27;[0;39m [&amp#27;[34mmain&amp#27;[0;39m] &amp#27;[33morg.hibernate.type.BasicTypeRegistry&amp#27;[0;39m: Adding type registration java.math.BigInteger -> org.hibernate.type.BigIntegerType@b022551
&amp#27;[30m2020-02-08 10:21:39,681&amp#27;[0;39m &amp#27;[39mDEBUG&amp#27;[0;39m [&amp#27;[34mmain&amp#27;[0;39m] &amp#27;[33morg.hibernate.type.BasicTypeRegistry&amp#27;[0;39m: Adding type registration string -> org.hibernate.type.StringType@530ee28b
&amp#27;[30m2020-02-08 10:21:39,681&amp#27;[0;39m &amp#27;[39mDEBUG&amp#27;[0;39m [&amp#27;[34mmain&amp#27;[0;39m] &amp#27;[33morg.hibernate.type.BasicTypeRegistry&amp#27;[0;39m: Adding type registration java.lang.String -> org.hibernate.type.StringType@530ee28b
&amp#27;[30m2020-02-08 10:21:39,681&amp#27;[0;39m &amp#27;[39mDEBUG&amp#27;[0;39m [&amp#27;[34mmain&amp#27;[0;39m] &amp#27;[33morg.hibernate.type.BasicTypeRegistry&amp#27;[0;39m: Adding type registration nstring -> org.hibernate.type.StringNVarcharType@67f946c3
&amp#27;[30m2020-02-08 10:21:39,681&amp#27;[0;39m &amp#27;[39mDEBUG&amp#27;[0;39m [&amp#27;[34mmain&amp#27;[0;39m] &amp#27;[33morg.hibernate.type.BasicTypeRegistry&amp#27;[0;39m: Adding type registration ncharacter -> org.hibernate.type.CharacterNCharType@46a8c2b4
&amp#27;[30m2020-02-08 10:21:39,682&amp#27;[0;39m &amp#27;[39mDEBUG&amp#27;[0;39m [&amp#27;[34mmain&amp#27;[0;39m] &amp#27;[33morg.hibernate.type.BasicTypeRegistry&amp#27;[0;39m: Adding type registration url -> org.hibernate.type.UrlType@5b8853
&amp#27;[30m2020-02-08 10:21:39,682&amp#27;[0;39m &amp#27;[39mDEBUG&amp#27;[0;39m [&amp#27;[34mmain&amp#27;[0;39m] &amp#27;[33morg.hibernate.type.BasicTypeRegistry&amp#27;[0;39m: Adding type registration java.net.URL -> org.hibernate.type.UrlType@5b8853
&amp#27;[30m2020-02-08 10:21:39,682&amp#27;[0;39m &amp#27;[39mDEBUG&amp#27;[0;39m [&amp#27;[34mmain&amp#27;[0;39m] &amp#27;[33morg.hibernate.type.BasicTypeRegistry&amp#27;[0;39m: Adding type registration Duration -> org.hibernate.type.DurationType@73e4387
&amp#27;[30m2020-02-08 10:21:39,682&amp#27;[0;39m &amp#27;[39mDEBUG&amp#27;[0;39m [&amp#27;[34mmain&amp#27;[0;39m] &amp#27;[33morg.hibernate.type.BasicTypeRegistry&amp#27;[0;39m: Adding type registration java.time.Duration -> org.hibernate.type.DurationType@73e4387
&amp#27;[30m2020-02-08 10:21:39,682&amp#27;[0;39m &amp#27;[39mDEBUG&amp#27;[0;39m [&amp#27;[34mmain&amp#27;[0;39m] &amp#27;[33morg.hibernate.type.BasicTypeRegistry&amp#27;[0;39m: Adding type registration Instant -> org.hibernate.type.InstantType@72c9ebfa
&amp#27;[30m2020-02-08 10:21:39,682&amp#27;[0;39m &amp#27;[39mDEBUG&amp#27;[0;39m [&amp#27;[34mmain&amp#27;[0;39m] &amp#27;[33morg.hibernate.type.BasicTypeRegistry&amp#27;[0;39m: Adding type registration java.time.Instant -> org.hibernate.type.InstantType@72c9ebfa
&amp#27;[30m2020-02-08 10:21:39,683&amp#27;[0;39m &amp#27;[39mDEBUG&amp#27;[0;39m [&amp#27;[34mmain&amp#27;[0;39m] &amp#27;[33morg.hibernate.type.BasicTypeRegistry&amp#27;[0;39m: Adding type registration LocalDateTime -> org.hibernate.type.LocalDateTimeType@27ec8754
&amp#27;[30m2020-02-08 10:21:39,683&amp#27;[0;39m &amp#27;[39mDEBUG&amp#27;[0;39m [&amp#27;[34mmain&amp#27;[0;39m] &amp#27;[33morg.hibernate.type.BasicTypeRegistry&amp#27;[0;39m: Adding type registration java.time.LocalDateTime -> org.hibernate.type.LocalDateTimeType@27ec8754
&amp#27;[30m2020-02-08 10:21:39,683&amp#27;[0;39m &amp#27;[39mDEBUG&amp#27;[0;39m [&amp#27;[34mmain&amp#27;[0;39m] &amp#27;[33morg.hibernate.type.BasicTypeRegistry&amp#27;[0;39m: Adding type registration LocalDate -> org.hibernate.type.LocalDateType@4981d95b
&amp#27;[30m2020-02-08 10:21:39,683&amp#27;[0;39m &amp#27;[39mDEBUG&amp#27;[0;39m [&amp#27;[34mmain&amp#27;[0;39m] &amp#27;[33morg.hibernate.type.BasicTypeRegistry&amp#27;[0;39m: Adding type registration java.time.LocalDate -> org.hibernate.type.LocalDateType@4981d95b
&amp#27;[30m2020-02-08 10:21:39,683&amp#27;[0;39m &amp#27;[39mDEBUG&amp#27;[0;39m [&amp#27;[34mmain&amp#27;[0;39m] &amp#27;[33morg.hibernate.type.BasicTypeRegistry&amp#27;[0;39m: Adding type registration LocalTime -> org.hibernate.type.LocalTimeType@595f9916
&amp#27;[30m2020-02-08 10:21:39,684&amp#27;[0;39m &amp#27;[39mDEBUG&amp#27;[0;39m [&amp#27;[34mmain&amp#27;[0;39m] &amp#27;[33morg.hibernate.type.BasicTypeRegistry&amp#27;[0;39m: Adding type registration java.time.LocalTime -> org.hibernate.type.LocalTimeType@595f9916
&amp#27;[30m2020-02-08 10:21:39,684&amp#27;[0;39m &amp#27;[39mDEBUG&amp#27;[0;39m [&amp#27;[34mmain&amp#27;[0;39m] &amp#27;[33morg.hibernate.type.BasicTypeRegistry&amp#27;[0;39m: Adding type registration OffsetDateTime -> org.hibernate.type.OffsetDateTimeType@5f8f1712
&amp#27;[30m2020-02-08 10:21:39,684&amp#27;[0;39m &amp#27;[39mDEBUG&amp#27;[0;39m [&amp#27;[34mmain&amp#27;[0;39m] &amp#27;[33morg.hibernate.type.BasicTypeRegistry&amp#27;[0;39m: Adding type registration java.time.OffsetDateTime -> org.hibernate.type.OffsetDateTimeType@5f8f1712
&amp#27;[30m2020-02-08 10:21:39,684&amp#27;[0;39m &amp#27;[39mDEBUG&amp#27;[0;39m [&amp#27;[34mmain&amp#27;[0;39m] &amp#27;[33morg.hibernate.type.BasicTypeRegistry&amp#27;[0;39m: Adding type registration OffsetTime -> org.hibernate.type.OffsetTimeType@511da44f
&amp#27;[30m2020-02-08 10:21:39,684&amp#27;[0;39m &amp#27;[39mDEBUG&amp#27;[0;39m [&amp#27;[34mmain&amp#27;[0;39m] &amp#27;[33morg.hibernate.type.BasicTypeRegistry&amp#27;[0;39m: Adding type registration java.time.OffsetTime -> org.hibernate.type.OffsetTimeType@511da44f
&amp#27;[30m2020-02-08 10:21:39,685&amp#27;[0;39m &amp#27;[39mDEBUG&amp#27;[0;39m [&amp#27;[34mmain&amp#27;[0;39m] &amp#27;[33morg.hibernate.type.BasicTypeRegistry&amp#27;[0;39m: Adding type registration ZonedDateTime -> org.hibernate.type.ZonedDateTimeType@29d070c7
&amp#27;[30m2020-02-08 10:21:39,685&amp#27;[0;39m &amp#27;[39mDEBUG&amp#27;[0;39m [&amp#27;[34mmain&amp#27;[0;39m] &amp#27;[33morg.hibernate.type.BasicTypeRegistry&amp#27;[0;39m: Adding type registration java.time.ZonedDateTime -> org.hibernate.type.ZonedDateTimeType@29d070c7
&amp#27;[30m2020-02-08 10:21:39,685&amp#27;[0;39m &amp#27;[39mDEBUG&amp#27;[0;39m [&amp#27;[34mmain&amp#27;[0;39m] &amp#27;[33morg.hibernate.type.BasicTypeRegistry&amp#27;[0;39m: Adding type registration date -> org.hibernate.type.DateType@39d77de9
&amp#27;[30m2020-02-08 10:21:39,685&amp#27;[0;39m &amp#27;[39mDEBUG&amp#27;[0;39m [&amp#27;[34mmain&amp#27;[0;39m] &amp#27;[33morg.hibernate.type.BasicTypeRegistry&amp#27;[0;39m: Adding type registration java.sql.Date -> org.hibernate.type.DateType@39d77de9
&amp#27;[30m2020-02-08 10:21:39,685&amp#27;[0;39m &amp#27;[39mDEBUG&amp#27;[0;39m [&amp#27;[34mmain&amp#27;[0;39m] &amp#27;[33morg.hibernate.type.BasicTypeRegistry&amp#27;[0;39m: Adding type registration time -> org.hibernate.type.TimeType@272778ae
&amp#27;[30m2020-02-08 10:21:39,686&amp#27;[0;39m &amp#27;[39mDEBUG&amp#27;[0;39m [&amp#27;[34mmain&amp#27;[0;39m] &amp#27;[33morg.hibernate.type.BasicTypeRegistry&amp#27;[0;39m: Adding type registration java.sql.Time -> org.hibernate.type.TimeType@272778ae
&amp#27;[30m2020-02-08 10:21:39,686&amp#27;[0;39m &amp#27;[39mDEBUG&amp#27;[0;39m [&amp#27;[34mmain&amp#27;[0;39m] &amp#27;[33morg.hibernate.type.BasicTypeRegistry&amp#27;[0;39m: Adding type registration timestamp -> org.hibernate.type.TimestampType@47fcefb3
&amp#27;[30m2020-02-08 10:21:39,686&amp#27;[0;39m &amp#27;[39mDEBUG&amp#27;[0;39m [&amp#27;[34mmain&amp#27;[0;39m] &amp#27;[33morg.hibernate.type.BasicTypeRegistry&amp#27;[0;39m: Adding type registration java.sql.Timestamp -> org.hibernate.type.TimestampType@47fcefb3
&amp#27;[30m2020-02-08 10:21:39,686&amp#27;[0;39m &amp#27;[39mDEBUG&amp#27;[0;39m [&amp#27;[34mmain&amp#27;[0;39m] &amp#27;[33morg.hibernate.type.BasicTypeRegistry&amp#27;[0;39m: Adding type registration java.util.Date -> org.hibernate.type.TimestampType@47fcefb3
&amp#27;[30m2020-02-08 10:21:39,686&amp#27;[0;39m &amp#27;[39mDEBUG&amp#27;[0;39m [&amp#27;[34mmain&amp#27;[0;39m] &amp#27;[33morg.hibernate.type.BasicTypeRegistry&amp#27;[0;39m: Adding type registration dbtimestamp -> org.hibernate.type.DbTimestampType@32ab408e
&amp#27;[30m2020-02-08 10:21:39,686&amp#27;[0;39m &amp#27;[39mDEBUG&amp#27;[0;39m [&amp#27;[34mmain&amp#27;[0;39m] &amp#27;[33morg.hibernate.type.BasicTypeRegistry&amp#27;[0;39m: Adding type registration calendar -> org.hibernate.type.CalendarType@175c5c3a
&amp#27;[30m2020-02-08 10:21:39,687&amp#27;[0;39m &amp#27;[39mDEBUG&amp#27;[0;39m [&amp#27;[34mmain&amp#27;[0;39m] &amp#27;[33morg.hibernate.type.BasicTypeRegistry&amp#27;[0;39m: Adding type registration java.util.Calendar -> org.hibernate.type.CalendarType@175c5c3a
&amp#27;[30m2020-02-08 10:21:39,687&amp#27;[0;39m &amp#27;[39mDEBUG&amp#27;[0;39m [&amp#27;[34mmain&amp#27;[0;39m] &amp#27;[33morg.hibernate.type.BasicTypeRegistry&amp#27;[0;39m: Adding type registration java.util.GregorianCalendar -> org.hibernate.type.CalendarType@175c5c3a
&amp#27;[30m2020-02-08 10:21:39,687&amp#27;[0;39m &amp#27;[39mDEBUG&amp#27;[0;39m [&amp#27;[34mmain&amp#27;[0;39m] &amp#27;[33morg.hibernate.type.BasicTypeRegistry&amp#27;[0;39m: Adding type registration calendar_date -> org.hibernate.type.CalendarDateType@7b6141f0
&amp#27;[30m2020-02-08 10:21:39,687&amp#27;[0;39m &amp#27;[39mDEBUG&amp#27;[0;39m [&amp#27;[34mmain&amp#27;[0;39m] &amp#27;[33morg.hibernate.type.BasicTypeRegistry&amp#27;[0;39m: Adding type registration locale -> org.hibernate.type.LocaleType@2d130ac4
&amp#27;[30m2020-02-08 10:21:39,687&amp#27;[0;39m &amp#27;[39mDEBUG&amp#27;[0;39m [&amp#27;[34mmain&amp#27;[0;39m] &amp#27;[33morg.hibernate.type.BasicTypeRegistry&amp#27;[0;39m: Adding type registration java.util.Locale -> org.hibernate.type.LocaleType@2d130ac4
&amp#27;[30m2020-02-08 10:21:39,688&amp#27;[0;39m &amp#27;[39mDEBUG&amp#27;[0;39m [&amp#27;[34mmain&amp#27;[0;39m] &amp#27;[33morg.hibernate.type.BasicTypeRegistry&amp#27;[0;39m: Adding type registration currency -> org.hibernate.type.CurrencyType@2ee4706d
&amp#27;[30m2020-02-08 10:21:39,688&amp#27;[0;39m &amp#27;[39mDEBUG&amp#27;[0;39m [&amp#27;[34mmain&amp#27;[0;39m] &amp#27;[33morg.hibernate.type.BasicTypeRegistry&amp#27;[0;39m: Adding type registration java.util.Currency -> org.hibernate.type.CurrencyType@2ee4706d
&amp#27;[30m2020-02-08 10:21:39,688&amp#27;[0;39m &amp#27;[39mDEBUG&amp#27;[0;39m [&amp#27;[34mmain&amp#27;[0;39m] &amp#27;[33morg.hibernate.type.BasicTypeRegistry&amp#27;[0;39m: Adding type registration timezone -> org.hibernate.type.TimeZoneType@2484dbb7
&amp#27;[30m2020-02-08 10:21:39,688&amp#27;[0;39m &amp#27;[39mDEBUG&amp#27;[0;39m [&amp#27;[34mmain&amp#27;[0;39m] &amp#27;[33morg.hibernate.type.BasicTypeRegistry&amp#27;[0;39m: Adding type registration java.util.TimeZone -> org.hibernate.type.TimeZoneType@2484dbb7
&amp#27;[30m2020-02-08 10:21:39,688&amp#27;[0;39m &amp#27;[39mDEBUG&amp#27;[0;39m [&amp#27;[34mmain&amp#27;[0;39m] &amp#27;[33morg.hibernate.type.BasicTypeRegistry&amp#27;[0;39m: Adding type registration class -> org.hibernate.type.ClassType@58a3d521
&amp#27;[30m2020-02-08 10:21:39,688&amp#27;[0;39m &amp#27;[39mDEBUG&amp#27;[0;39m [&amp#27;[34mmain&amp#27;[0;39m] &amp#27;[33morg.hibernate.type.BasicTypeRegistry&amp#27;[0;39m: Adding type registration java.lang.Class -> org.hibernate.type.ClassType@58a3d521
&amp#27;[30m2020-02-08 10:21:39,689&amp#27;[0;39m &amp#27;[39mDEBUG&amp#27;[0;39m [&amp#27;[34mmain&amp#27;[0;39m] &amp#27;[33morg.hibernate.type.BasicTypeRegistry&amp#27;[0;39m: Adding type registration uuid-binary -> org.hibernate.type.UUIDBinaryType@68dfda77
&amp#27;[30m2020-02-08 10:21:39,689&amp#27;[0;39m &amp#27;[39mDEBUG&amp#27;[0;39m [&amp#27;[34mmain&amp#27;[0;39m] &amp#27;[33morg.hibernate.type.BasicTypeRegistry&amp#27;[0;39m: Adding type registration java.util.UUID -> org.hibernate.type.UUIDBinaryType@68dfda77
&amp#27;[30m2020-02-08 10:21:39,689&amp#27;[0;39m &amp#27;[39mDEBUG&amp#27;[0;39m [&amp#27;[34mmain&amp#27;[0;39m] &amp#27;[33morg.hibernate.type.BasicTypeRegistry&amp#27;[0;39m: Adding type registration uuid-char -> org.hibernate.type.UUIDCharType@6fbf5db2
&amp#27;[30m2020-02-08 10:21:39,689&amp#27;[0;39m &amp#27;[39mDEBUG&amp#27;[0;39m [&amp#27;[34mmain&amp#27;[0;39m] &amp#27;[33morg.hibernate.type.BasicTypeRegistry&amp#27;[0;39m: Adding type registration binary -> org.hibernate.type.BinaryType@3ab595c8
&amp#27;[30m2020-02-08 10:21:39,689&amp#27;[0;39m &amp#27;[39mDEBUG&amp#27;[0;39m [&amp#27;[34mmain&amp#27;[0;39m] &amp#27;[33morg.hibernate.type.BasicTypeRegistry&amp#27;[0;39m: Adding type registration byte[] -> org.hibernate.type.BinaryType@3ab595c8
&amp#27;[30m2020-02-08 10:21:39,690&amp#27;[0;39m &amp#27;[39mDEBUG&amp#27;[0;39m [&amp#27;[34mmain&amp#27;[0;39m] &amp#27;[33morg.hibernate.type.BasicTypeRegistry&amp#27;[0;39m: Adding type registration [B -> org.hibernate.type.BinaryType@3ab595c8
&amp#27;[30m2020-02-08 10:21:39,690&amp#27;[0;39m &amp#27;[39mDEBUG&amp#27;[0;39m [&amp#27;[34mmain&amp#27;[0;39m] &amp#27;[33morg.hibernate.type.BasicTypeRegistry&amp#27;[0;39m: Adding type registration wrapper-binary -> org.hibernate.type.WrapperBinaryType@7781263c
&amp#27;[30m2020-02-08 10:21:39,690&amp#27;[0;39m &amp#27;[39mDEBUG&amp#27;[0;39m [&amp#27;[34mmain&amp#27;[0;39m] &amp#27;[33morg.hibernate.type.BasicTypeRegistry&amp#27;[0;39m: Adding type registration Byte[] -> org.hibernate.type.WrapperBinaryType@7781263c
&amp#27;[30m2020-02-08 10:21:39,690&amp#27;[0;39m &amp#27;[39mDEBUG&amp#27;[0;39m [&amp#27;[34mmain&amp#27;[0;39m] &amp#27;[33morg.hibernate.type.BasicTypeRegistry&amp#27;[0;39m: Adding type registration [Ljava.lang.Byte; -> org.hibernate.type.WrapperBinaryType@7781263c
&amp#27;[30m2020-02-08 10:21:39,690&amp#27;[0;39m &amp#27;[39mDEBUG&amp#27;[0;39m [&amp#27;[34mmain&amp#27;[0;39m] &amp#27;[33morg.hibernate.type.BasicTypeRegistry&amp#27;[0;39m: Adding type registration row_version -> org.hibernate.type.RowVersionType@37d3e140
&amp#27;[30m2020-02-08 10:21:39,690&amp#27;[0;39m &amp#27;[39mDEBUG&amp#27;[0;39m [&amp#27;[34mmain&amp#27;[0;39m] &amp#27;[33morg.hibernate.type.BasicTypeRegistry&amp#27;[0;39m: Adding type registration image -> org.hibernate.type.ImageType@a3cba3a
&amp#27;[30m2020-02-08 10:21:39,691&amp#27;[0;39m &amp#27;[39mDEBUG&amp#27;[0;39m [&amp#27;[34mmain&amp#27;[0;39m] &amp#27;[33morg.hibernate.type.BasicTypeRegistry&amp#27;[0;39m: Adding type registration characters -> org.hibernate.type.CharArrayType@6169be09
&amp#27;[30m2020-02-08 10:21:39,691&amp#27;[0;39m &amp#27;[39mDEBUG&amp#27;[0;39m [&amp#27;[34mmain&amp#27;[0;39m] &amp#27;[33morg.hibernate.type.BasicTypeRegistry&amp#27;[0;39m: Adding type registration char[] -> org.hibernate.type.CharArrayType@6169be09
&amp#27;[30m2020-02-08 10:21:39,691&amp#27;[0;39m &amp#27;[39mDEBUG&amp#27;[0;39m [&amp#27;[34mmain&amp#27;[0;39m] &amp#27;[33morg.hibernate.type.BasicTypeRegistry&amp#27;[0;39m: Adding type registration [C -> org.hibernate.type.CharArrayType@6169be09
&amp#27;[30m2020-02-08 10:21:39,691&amp#27;[0;39m &amp#27;[39mDEBUG&amp#27;[0;39m [&amp#27;[34mmain&amp#27;[0;39m] &amp#27;[33morg.hibernate.type.BasicTypeRegistry&amp#27;[0;39m: Adding type registration wrapper-characters -> org.hibernate.type.CharacterArrayType@49c1e294
&amp#27;[30m2020-02-08 10:21:39,691&amp#27;[0;39m &amp#27;[39mDEBUG&amp#27;[0;39m [&amp#27;[34mmain&amp#27;[0;39m] &amp#27;[33morg.hibernate.type.BasicTypeRegistry&amp#27;[0;39m: Adding type registration [Ljava.lang.Character; -> org.hibernate.type.CharacterArrayType@49c1e294
&amp#27;[30m2020-02-08 10:21:39,692&amp#27;[0;39m &amp#27;[39mDEBUG&amp#27;[0;39m [&amp#27;[34mmain&amp#27;[0;39m] &amp#27;[33morg.hibernate.type.BasicTypeRegistry&amp#27;[0;39m: Adding type registration Character[] -> org.hibernate.type.CharacterArrayType@49c1e294
&amp#27;[30m2020-02-08 10:21:39,692&amp#27;[0;39m &amp#27;[39mDEBUG&amp#27;[0;39m [&amp#27;[34mmain&amp#27;[0;39m] &amp#27;[33morg.hibernate.type.BasicTypeRegistry&amp#27;[0;39m: Adding type registration text -> org.hibernate.type.TextType@124eb83d
&amp#27;[30m2020-02-08 10:21:39,692&amp#27;[0;39m &amp#27;[39mDEBUG&amp#27;[0;39m [&amp#27;[34mmain&amp#27;[0;39m] &amp#27;[33morg.hibernate.type.BasicTypeRegistry&amp#27;[0;39m: Adding type registration ntext -> org.hibernate.type.NTextType@4a22e4d7
&amp#27;[30m2020-02-08 10:21:39,692&amp#27;[0;39m &amp#27;[39mDEBUG&amp#27;[0;39m [&amp#27;[34mmain&amp#27;[0;39m] &amp#27;[33morg.hibernate.type.BasicTypeRegistry&amp#27;[0;39m: Adding type registration blob -> org.hibernate.type.BlobType@1e2445f6
&amp#27;[30m2020-02-08 10:21:39,692&amp#27;[0;39m &amp#27;[39mDEBUG&amp#27;[0;39m [&amp#27;[34mmain&amp#27;[0;39m] &amp#27;[33morg.hibernate.type.BasicTypeRegistry&amp#27;[0;39m: Adding type registration java.sql.Blob -> org.hibernate.type.BlobType@1e2445f6
&amp#27;[30m2020-02-08 10:21:39,692&amp#27;[0;39m &amp#27;[39mDEBUG&amp#27;[0;39m [&amp#27;[34mmain&amp#27;[0;39m] &amp#27;[33morg.hibernate.type.BasicTypeRegistry&amp#27;[0;39m: Adding type registration materialized_blob -> org.hibernate.type.MaterializedBlobType@6aea99e7
&amp#27;[30m2020-02-08 10:21:39,693&amp#27;[0;39m &amp#27;[39mDEBUG&amp#27;[0;39m [&amp#27;[34mmain&amp#27;[0;39m] &amp#27;[33morg.hibernate.type.BasicTypeRegistry&amp#27;[0;39m: Adding type registration clob -> org.hibernate.type.ClobType@39652a30
&amp#27;[30m2020-02-08 10:21:39,693&amp#27;[0;39m &amp#27;[39mDEBUG&amp#27;[0;39m [&amp#27;[34mmain&amp#27;[0;39m] &amp#27;[33morg.hibernate.type.BasicTypeRegistry&amp#27;[0;39m: Adding type registration java.sql.Clob -> org.hibernate.type.ClobType@39652a30
&amp#27;[30m2020-02-08 10:21:39,693&amp#27;[0;39m &amp#27;[39mDEBUG&amp#27;[0;39m [&amp#27;[34mmain&amp#27;[0;39m] &amp#27;[33morg.hibernate.type.BasicTypeRegistry&amp#27;[0;39m: Adding type registration nclob -> org.hibernate.type.NClobType@559991f5
&amp#27;[30m2020-02-08 10:21:39,693&amp#27;[0;39m &amp#27;[39mDEBUG&amp#27;[0;39m [&amp#27;[34mmain&amp#27;[0;39m] &amp#27;[33morg.hibernate.type.BasicTypeRegistry&amp#27;[0;39m: Adding type registration java.sql.NClob -> org.hibernate.type.NClobType@559991f5
&amp#27;[30m2020-02-08 10:21:39,693&amp#27;[0;39m &amp#27;[39mDEBUG&amp#27;[0;39m [&amp#27;[34mmain&amp#27;[0;39m] &amp#27;[33morg.hibernate.type.BasicTypeRegistry&amp#27;[0;39m: Adding type registration materialized_clob -> org.hibernate.type.MaterializedClobType@61d60e38
&amp#27;[30m2020-02-08 10:21:39,693&amp#27;[0;39m &amp#27;[39mDEBUG&amp#27;[0;39m [&amp#27;[34mmain&amp#27;[0;39m] &amp#27;[33morg.hibernate.type.BasicTypeRegistry&amp#27;[0;39m: Adding type registration materialized_nclob -> org.hibernate.type.MaterializedNClobType@20256a0b
&amp#27;[30m2020-02-08 10:21:39,694&amp#27;[0;39m &amp#27;[39mDEBUG&amp#27;[0;39m [&amp#27;[34mmain&amp#27;[0;39m] &amp#27;[33morg.hibernate.type.BasicTypeRegistry&amp#27;[0;39m: Adding type registration serializable -> org.hibernate.type.SerializableType@ceb7701
&amp#27;[30m2020-02-08 10:21:39,694&amp#27;[0;39m &amp#27;[39mDEBUG&amp#27;[0;39m [&amp#27;[34mmain&amp#27;[0;39m] &amp#27;[33morg.hibernate.type.BasicTypeRegistry&amp#27;[0;39m: Adding type registration object -> org.hibernate.type.ObjectType@61b60600
&amp#27;[30m2020-02-08 10:21:39,694&amp#27;[0;39m &amp#27;[39mDEBUG&amp#27;[0;39m [&amp#27;[34mmain&amp#27;[0;39m] &amp#27;[33morg.hibernate.type.BasicTypeRegistry&amp#27;[0;39m: Adding type registration java.lang.Object -> org.hibernate.type.ObjectType@61b60600
&amp#27;[30m2020-02-08 10:21:39,694&amp#27;[0;39m &amp#27;[39mDEBUG&amp#27;[0;39m [&amp#27;[34mmain&amp#27;[0;39m] &amp#27;[33morg.hibernate.type.BasicTypeRegistry&amp#27;[0;39m: Adding type registration imm_date -> org.hibernate.type.AdaptedImmutableType@21632bf8
&amp#27;[30m2020-02-08 10:21:39,694&amp#27;[0;39m &amp#27;[39mDEBUG&amp#27;[0;39m [&amp#27;[34mmain&amp#27;[0;39m] &amp#27;[33morg.hibernate.type.BasicTypeRegistry&amp#27;[0;39m: Adding type registration imm_time -> org.hibernate.type.AdaptedImmutableType@408708a1
&amp#27;[30m2020-02-08 10:21:39,694&amp#27;[0;39m &amp#27;[39mDEBUG&amp#27;[0;39m [&amp#27;[34mmain&amp#27;[0;39m] &amp#27;[33morg.hibernate.type.BasicTypeRegistry&amp#27;[0;39m: Adding type registration imm_timestamp -> org.hibernate.type.AdaptedImmutableType@3f7b15bb
&amp#27;[30m2020-02-08 10:21:39,695&amp#27;[0;39m &amp#27;[39mDEBUG&amp#27;[0;39m [&amp#27;[34mmain&amp#27;[0;39m] &amp#27;[33morg.hibernate.type.BasicTypeRegistry&amp#27;[0;39m: Adding type registration imm_dbtimestamp -> org.hibernate.type.AdaptedImmutableType@2dacad1d
&amp#27;[30m2020-02-08 10:21:39,695&amp#27;[0;39m &amp#27;[39mDEBUG&amp#27;[0;39m [&amp#27;[34mmain&amp#27;[0;39m] &amp#27;[33morg.hibernate.type.BasicTypeRegistry&amp#27;[0;39m: Adding type registration imm_calendar -> org.hibernate.type.AdaptedImmutableType@15a87fbb
&amp#27;[30m2020-02-08 10:21:39,695&amp#27;[0;39m &amp#27;[39mDEBUG&amp#27;[0;39m [&amp#27;[34mmain&amp#27;[0;39m] &amp#27;[33morg.hibernate.type.BasicTypeRegistry&amp#27;[0;39m: Adding type registration imm_calendar_date -> org.hibernate.type.AdaptedImmutableType@6d92bfaf
&amp#27;[30m2020-02-08 10:21:39,695&amp#27;[0;39m &amp#27;[39mDEBUG&amp#27;[0;39m [&amp#27;[34mmain&amp#27;[0;39m] &amp#27;[33morg.hibernate.type.BasicTypeRegistry&amp#27;[0;39m: Adding type registration imm_binary -> org.hibernate.type.AdaptedImmutableType@a23b96b
&amp#27;[30m2020-02-08 10:21:39,695&amp#27;[0;39m &amp#27;[39mDEBUG&amp#27;[0;39m [&amp#27;[34mmain&amp#27;[0;39m] &amp#27;[33morg.hibernate.type.BasicTypeRegistry&amp#27;[0;39m: Adding type registration imm_serializable -> org.hibernate.type.AdaptedImmutableType@42af2977
&amp#27;[30m2020-02-08 10:21:39,697&amp#27;[0;39m &amp#27;[39mDEBUG&amp#27;[0;39m [&amp#27;[34mmain&amp#27;[0;39m] &amp#27;[33morg.hibernate.boot.internal.BootstrapContextImpl&amp#27;[0;39m: Injecting JPA temp ClassLoader [org.springframework.instrument.classloading.SimpleThrowawayClassLoader@6cbb79c3] into BootstrapContext; was [null]
&amp#27;[30m2020-02-08 10:21:39,697&amp#27;[0;39m &amp#27;[39mDEBUG&amp#27;[0;39m [&amp#27;[34mmain&amp#27;[0;39m] &amp#27;[33morg.hibernate.boot.internal.ClassLoaderAccessImpl&amp#27;[0;39m: ClassLoaderAccessImpl#injectTempClassLoader(org.springframework.instrument.classloading.SimpleThrowawayClassLoader@6cbb79c3) [was null]
&amp#27;[30m2020-02-08 10:21:39,697&amp#27;[0;39m &amp#27;[39mDEBUG&amp#27;[0;39m [&amp#27;[34mmain&amp#27;[0;39m] &amp#27;[33morg.hibernate.boot.internal.BootstrapContextImpl&amp#27;[0;39m: Injecting ScanEnvironment [org.hibernate.jpa.boot.internal.StandardJpaScanEnvironmentImpl@7bc46dde] into BootstrapContext; was [null]
&amp#27;[30m2020-02-08 10:21:39,697&amp#27;[0;39m &amp#27;[39mDEBUG&amp#27;[0;39m [&amp#27;[34mmain&amp#27;[0;39m] &amp#27;[33morg.hibernate.boot.internal.BootstrapContextImpl&amp#27;[0;39m: Injecting ScanOptions [org.hibernate.boot.archive.scan.internal.StandardScanOptions@409b1740] into BootstrapContext; was [org.hibernate.boot.archive.scan.internal.StandardScanOptions@32dc895e]
&amp#27;[30m2020-02-08 10:21:39,701&amp#27;[0;39m &amp#27;[39mDEBUG&amp#27;[0;39m [&amp#27;[34mmain&amp#27;[0;39m] &amp#27;[33morg.hibernate.boot.internal.BootstrapContextImpl&amp#27;[0;39m: Injecting JPA temp ClassLoader [null] into BootstrapContext; was [org.springframework.instrument.classloading.SimpleThrowawayClassLoader@6cbb79c3]
&amp#27;[30m2020-02-08 10:21:39,701&amp#27;[0;39m &amp#27;[39mDEBUG&amp#27;[0;39m [&amp#27;[34mmain&amp#27;[0;39m] &amp#27;[33morg.hibernate.boot.internal.ClassLoaderAccessImpl&amp#27;[0;39m: ClassLoaderAccessImpl#injectTempClassLoader(null) [was org.springframework.instrument.classloading.SimpleThrowawayClassLoader@6cbb79c3]
&amp#27;[30m2020-02-08 10:21:39,701&amp#27;[0;39m &amp#27;[39mDEBUG&amp#27;[0;39m [&amp#27;[34mmain&amp#27;[0;39m] &amp#27;[33morg.hibernate.id.factory.internal.DefaultIdentifierGeneratorFactory&amp#27;[0;39m: Registering IdentifierGenerator strategy [uuid2] -> [org.hibernate.id.UUIDGenerator]
&amp#27;[30m2020-02-08 10:21:39,701&amp#27;[0;39m &amp#27;[39mDEBUG&amp#27;[0;39m [&amp#27;[34mmain&amp#27;[0;39m] &amp#27;[33morg.hibernate.id.factory.internal.DefaultIdentifierGeneratorFactory&amp#27;[0;39m: Registering IdentifierGenerator strategy [guid] -> [org.hibernate.id.GUIDGenerator]
&amp#27;[30m2020-02-08 10:21:39,702&amp#27;[0;39m &amp#27;[39mDEBUG&amp#27;[0;39m [&amp#27;[34mmain&amp#27;[0;39m] &amp#27;[33morg.hibernate.id.factory.internal.DefaultIdentifierGeneratorFactory&amp#27;[0;39m: Registering IdentifierGenerator strategy [uuid] -> [org.hibernate.id.UUIDHexGenerator]
&amp#27;[30m2020-02-08 10:21:39,702&amp#27;[0;39m &amp#27;[39mDEBUG&amp#27;[0;39m [&amp#27;[34mmain&amp#27;[0;39m] &amp#27;[33morg.hibernate.id.factory.internal.DefaultIdentifierGeneratorFactory&amp#27;[0;39m: Registering IdentifierGenerator strategy [uuid.hex] -> [org.hibernate.id.UUIDHexGenerator]
&amp#27;[30m2020-02-08 10:21:39,702&amp#27;[0;39m &amp#27;[39mDEBUG&amp#27;[0;39m [&amp#27;[34mmain&amp#27;[0;39m] &amp#27;[33morg.hibernate.id.factory.internal.DefaultIdentifierGeneratorFactory&amp#27;[0;39m: Registering IdentifierGenerator strategy [assigned] -> [org.hibernate.id.Assigned]
&amp#27;[30m2020-02-08 10:21:39,702&amp#27;[0;39m &amp#27;[39mDEBUG&amp#27;[0;39m [&amp#27;[34mmain&amp#27;[0;39m] &amp#27;[33morg.hibernate.id.factory.internal.DefaultIdentifierGeneratorFactory&amp#27;[0;39m: Registering IdentifierGenerator strategy [identity] -> [org.hibernate.id.IdentityGenerator]
&amp#27;[30m2020-02-08 10:21:39,702&amp#27;[0;39m &amp#27;[39mDEBUG&amp#27;[0;39m [&amp#27;[34mmain&amp#27;[0;39m] &amp#27;[33morg.hibernate.id.factory.internal.DefaultIdentifierGeneratorFactory&amp#27;[0;39m: Registering IdentifierGenerator strategy [select] -> [org.hibernate.id.SelectGenerator]
&amp#27;[30m2020-02-08 10:21:39,703&amp#27;[0;39m &amp#27;[39mDEBUG&amp#27;[0;39m [&amp#27;[34mmain&amp#27;[0;39m] &amp#27;[33morg.hibernate.id.factory.internal.DefaultIdentifierGeneratorFactory&amp#27;[0;39m: Registering IdentifierGenerator strategy [sequence] -> [org.hibernate.id.enhanced.SequenceStyleGenerator]
&amp#27;[30m2020-02-08 10:21:39,703&amp#27;[0;39m &amp#27;[39mDEBUG&amp#27;[0;39m [&amp#27;[34mmain&amp#27;[0;39m] &amp#27;[33morg.hibernate.id.factory.internal.DefaultIdentifierGeneratorFactory&amp#27;[0;39m: Registering IdentifierGenerator strategy [seqhilo] -> [org.hibernate.id.SequenceHiLoGenerator]
&amp#27;[30m2020-02-08 10:21:39,703&amp#27;[0;39m &amp#27;[39mDEBUG&amp#27;[0;39m [&amp#27;[34mmain&amp#27;[0;39m] &amp#27;[33morg.hibernate.id.factory.internal.DefaultIdentifierGeneratorFactory&amp#27;[0;39m: Registering IdentifierGenerator strategy [increment] -> [org.hibernate.id.IncrementGenerator]
&amp#27;[30m2020-02-08 10:21:39,703&amp#27;[0;39m &amp#27;[39mDEBUG&amp#27;[0;39m [&amp#27;[34mmain&amp#27;[0;39m] &amp#27;[33morg.hibernate.id.factory.internal.DefaultIdentifierGeneratorFactory&amp#27;[0;39m: Registering IdentifierGenerator strategy [foreign] -> [org.hibernate.id.ForeignGenerator]
&amp#27;[30m2020-02-08 10:21:39,703&amp#27;[0;39m &amp#27;[39mDEBUG&amp#27;[0;39m [&amp#27;[34mmain&amp#27;[0;39m] &amp#27;[33morg.hibernate.id.factory.internal.DefaultIdentifierGeneratorFactory&amp#27;[0;39m: Registering IdentifierGenerator strategy [sequence-identity] -> [org.hibernate.id.SequenceIdentityGenerator]
&amp#27;[30m2020-02-08 10:21:39,704&amp#27;[0;39m &amp#27;[39mDEBUG&amp#27;[0;39m [&amp#27;[34mmain&amp#27;[0;39m] &amp#27;[33morg.hibernate.id.factory.internal.DefaultIdentifierGeneratorFactory&amp#27;[0;39m: Registering IdentifierGenerator strategy [enhanced-sequence] -> [org.hibernate.id.enhanced.SequenceStyleGenerator]
&amp#27;[30m2020-02-08 10:21:39,704&amp#27;[0;39m &amp#27;[39mDEBUG&amp#27;[0;39m [&amp#27;[34mmain&amp#27;[0;39m] &amp#27;[33morg.hibernate.id.factory.internal.DefaultIdentifierGeneratorFactory&amp#27;[0;39m: Registering IdentifierGenerator strategy [enhanced-table] -> [org.hibernate.id.enhanced.TableGenerator]
&amp#27;[30m2020-02-08 10:21:39,704&amp#27;[0;39m &amp#27;[39mDEBUG&amp#27;[0;39m [&amp#27;[34mmain&amp#27;[0;39m] &amp#27;[33morg.hibernate.engine.jdbc.env.internal.JdbcEnvironmentInitiator&amp#27;[0;39m: Database ->
       name : H2
    version : 1.4.199 (2019-03-13)
      major : 1
      minor : 4
&amp#27;[30m2020-02-08 10:21:39,704&amp#27;[0;39m &amp#27;[39mDEBUG&amp#27;[0;39m [&amp#27;[34mmain&amp#27;[0;39m] &amp#27;[33morg.hibernate.engine.jdbc.env.internal.JdbcEnvironmentInitiator&amp#27;[0;39m: Driver ->
       name : H2 JDBC Driver
    version : 1.4.199 (2019-03-13)
      major : 1
      minor : 4
&amp#27;[30m2020-02-08 10:21:39,705&amp#27;[0;39m &amp#27;[39mDEBUG&amp#27;[0;39m [&amp#27;[34mmain&amp#27;[0;39m] &amp#27;[33morg.jboss.logging.DelegatingBasicLogger&amp#27;[0;39m: JDBC version : 4.1
&amp#27;[30m2020-02-08 10:21:39,705&amp#27;[0;39m &amp#27;[34mINFO &amp#27;[0;39m [&amp#27;[34mmain&amp#27;[0;39m] &amp#27;[33morg.hibernate.dialect.Dialect&amp#27;[0;39m: HHH000400: Using dialect: org.hibernate.dialect.H2Dialect
&amp#27;[30m2020-02-08 10:21:39,711&amp#27;[0;39m &amp#27;[39mDEBUG&amp#27;[0;39m [&amp#27;[34mmain&amp#27;[0;39m] &amp#27;[33morg.hibernate.engine.jdbc.env.spi.IdentifierHelperBuilder&amp#27;[0;39m: JDBC driver metadata reported database stores quoted identifiers in neither upper, lower nor mixed case
&amp#27;[30m2020-02-08 10:21:39,713&amp#27;[0;39m &amp#27;[39mDEBUG&amp#27;[0;39m [&amp#27;[34mmain&amp#27;[0;39m] &amp#27;[33morg.hibernate.boot.model.relational.Namespace&amp#27;[0;39m: Created database namespace [logicalName=Name{catalog=null, schema=null}, physicalName=Name{catalog=null, schema=null}]
&amp#27;[30m2020-02-08 10:21:39,714&amp#27;[0;39m &amp#27;[39mDEBUG&amp#27;[0;39m [&amp#27;[34mmain&amp#27;[0;39m] &amp#27;[33morg.hibernate.type.spi.TypeConfiguration&amp#27;[0;39m: Scoping TypeConfiguration [org.hibernate.type.spi.TypeConfiguration@5379488c] to MetadataBuildingContext [org.hibernate.boot.internal.MetadataBuildingContextRootImpl@744c16fb]
&amp#27;[30m2020-02-08 10:21:39,715&amp#27;[0;39m &amp#27;[39mDEBUG&amp#27;[0;39m [&amp#27;[34mmain&amp#27;[0;39m] &amp#27;[33morg.hibernate.cfg.AnnotationBinder&amp#27;[0;39m: Binding entity from annotated class: in.rgukt.r081247.universityapi.entity.Course
&amp#27;[30m2020-02-08 10:21:39,715&amp#27;[0;39m &amp#27;[39mDEBUG&amp#27;[0;39m [&amp#27;[34mmain&amp#27;[0;39m] &amp#27;[33morg.hibernate.cfg.Ejb3Column&amp#27;[0;39m: Binding column: Ejb3DiscriminatorColumn{logicalColumnName'DTYPE', discriminatorTypeName='string'}
&amp#27;[30m2020-02-08 10:21:39,715&amp#27;[0;39m &amp#27;[39mDEBUG&amp#27;[0;39m [&amp#27;[34mmain&amp#27;[0;39m] &amp#27;[33morg.hibernate.cfg.annotations.EntityBinder&amp#27;[0;39m: Import with entity name Course
&amp#27;[30m2020-02-08 10:21:39,716&amp#27;[0;39m &amp#27;[39mDEBUG&amp#27;[0;39m [&amp#27;[34mmain&amp#27;[0;39m] &amp#27;[33morg.hibernate.cfg.annotations.EntityBinder&amp#27;[0;39m: Bind entity in.rgukt.r081247.universityapi.entity.Course on table course
&amp#27;[30m2020-02-08 10:21:39,717&amp#27;[0;39m &amp#27;[39mDEBUG&amp#27;[0;39m [&amp#27;[34mmain&amp#27;[0;39m] &amp#27;[33morg.hibernate.cfg.Ejb3Column&amp#27;[0;39m: Binding column: Ejb3Column{table=org.hibernate.mapping.Table(course), mappingColumn=id, insertable=true, updatable=true, unique=false}
&amp#27;[30m2020-02-08 10:21:39,717&amp#27;[0;39m &amp#27;[39mDEBUG&amp#27;[0;39m [&amp#27;[34mmain&amp#27;[0;39m] &amp#27;[33morg.hibernate.cfg.annotations.PropertyBinder&amp#27;[0;39m: MetadataSourceProcessor property id with lazy=false
&amp#27;[30m2020-02-08 10:21:39,718&amp#27;[0;39m &amp#27;[39mDEBUG&amp#27;[0;39m [&amp#27;[34mmain&amp#27;[0;39m] &amp#27;[33morg.hibernate.cfg.AbstractPropertyHolder&amp#27;[0;39m: Attempting to locate auto-apply AttributeConverter for property [in.rgukt.r081247.universityapi.entity.Course:id]
&amp#27;[30m2020-02-08 10:21:39,718&amp#27;[0;39m &amp#27;[39mDEBUG&amp#27;[0;39m [&amp#27;[34mmain&amp#27;[0;39m] &amp#27;[33morg.hibernate.cfg.annotations.SimpleValueBinder&amp#27;[0;39m: building SimpleValue for id
&amp#27;[30m2020-02-08 10:21:39,718&amp#27;[0;39m &amp#27;[39mDEBUG&amp#27;[0;39m [&amp#27;[34mmain&amp#27;[0;39m] &amp#27;[33morg.hibernate.cfg.annotations.PropertyBinder&amp#27;[0;39m: Building property id
&amp#27;[30m2020-02-08 10:21:39,718&amp#27;[0;39m &amp#27;[39mDEBUG&amp#27;[0;39m [&amp#27;[34mmain&amp#27;[0;39m] &amp#27;[33morg.hibernate.cfg.BinderHelper&amp#27;[0;39m: #makeIdGenerator(org.hibernate.mapping.SimpleValue([org.hibernate.mapping.Column(id)]), id, identity, , ...)
&amp#27;[30m2020-02-08 10:21:39,719&amp#27;[0;39m &amp#27;[39mDEBUG&amp#27;[0;39m [&amp#27;[34mmain&amp#27;[0;39m] &amp#27;[33morg.hibernate.cfg.Ejb3Column&amp#27;[0;39m: Binding column: Ejb3JoinColumn{logicalColumnName='DEPARTMENT_ID', referencedColumn='', mappedBy=''}
&amp#27;[30m2020-02-08 10:21:39,719&amp#27;[0;39m &amp#27;[39mDEBUG&amp#27;[0;39m [&amp#27;[34mmain&amp#27;[0;39m] &amp#27;[33morg.hibernate.cfg.Ejb3Column&amp#27;[0;39m: Binding column: Ejb3Column{table=org.hibernate.mapping.Table(course), mappingColumn=department, insertable=true, updatable=true, unique=false}
&amp#27;[30m2020-02-08 10:21:39,719&amp#27;[0;39m &amp#27;[39mDEBUG&amp#27;[0;39m [&amp#27;[34mmain&amp#27;[0;39m] &amp#27;[33morg.hibernate.cfg.annotations.PropertyBinder&amp#27;[0;39m: Building property department
&amp#27;[30m2020-02-08 10:21:39,720&amp#27;[0;39m &amp#27;[39mDEBUG&amp#27;[0;39m [&amp#27;[34mmain&amp#27;[0;39m] &amp#27;[33morg.hibernate.cfg.Ejb3Column&amp#27;[0;39m: Binding column: Ejb3Column{table=org.hibernate.mapping.Table(course), mappingColumn=name, insertable=true, updatable=true, unique=false}
&amp#27;[30m2020-02-08 10:21:39,720&amp#27;[0;39m &amp#27;[39mDEBUG&amp#27;[0;39m [&amp#27;[34mmain&amp#27;[0;39m] &amp#27;[33morg.hibernate.cfg.annotations.PropertyBinder&amp#27;[0;39m: MetadataSourceProcessor property name with lazy=false
&amp#27;[30m2020-02-08 10:21:39,720&amp#27;[0;39m &amp#27;[39mDEBUG&amp#27;[0;39m [&amp#27;[34mmain&amp#27;[0;39m] &amp#27;[33morg.hibernate.cfg.AbstractPropertyHolder&amp#27;[0;39m: Attempting to locate auto-apply AttributeConverter for property [in.rgukt.r081247.universityapi.entity.Course:name]
&amp#27;[30m2020-02-08 10:21:39,720&amp#27;[0;39m &amp#27;[39mDEBUG&amp#27;[0;39m [&amp#27;[34mmain&amp#27;[0;39m] &amp#27;[33morg.hibernate.cfg.annotations.SimpleValueBinder&amp#27;[0;39m: building SimpleValue for name
&amp#27;[30m2020-02-08 10:21:39,721&amp#27;[0;39m &amp#27;[39mDEBUG&amp#27;[0;39m [&amp#27;[34mmain&amp#27;[0;39m] &amp#27;[33morg.hibernate.cfg.annotations.PropertyBinder&amp#27;[0;39m: Building property name
&amp#27;[30m2020-02-08 10:21:39,721&amp#27;[0;39m &amp#27;[39mDEBUG&amp#27;[0;39m [&amp#27;[34mmain&amp#27;[0;39m] &amp#27;[33morg.hibernate.cfg.Ejb3Column&amp#27;[0;39m: Binding column: Ejb3Column{table=org.hibernate.mapping.Table(course), mappingColumn=null, insertable=true, updatable=true, unique=false}
&amp#27;[30m2020-02-08 10:21:39,721&amp#27;[0;39m &amp#27;[39mDEBUG&amp#27;[0;39m [&amp#27;[34mmain&amp#27;[0;39m] &amp#27;[33morg.hibernate.cfg.Ejb3Column&amp#27;[0;39m: Binding column: Ejb3Column{table=org.hibernate.mapping.Table(course), mappingColumn=element, insertable=true, updatable=true, unique=false}
&amp#27;[30m2020-02-08 10:21:39,722&amp#27;[0;39m &amp#27;[39mDEBUG&amp#27;[0;39m [&amp#27;[34mmain&amp#27;[0;39m] &amp#27;[33morg.hibernate.cfg.Ejb3Column&amp#27;[0;39m: Binding column: Ejb3Column{table=org.hibernate.mapping.Table(course), mappingColumn=students_key, insertable=true, updatable=true, unique=false}
&amp#27;[30m2020-02-08 10:21:39,723&amp#27;[0;39m &amp#27;[39mDEBUG&amp#27;[0;39m [&amp#27;[34mmain&amp#27;[0;39m] &amp#27;[33morg.hibernate.cfg.Ejb3Column&amp#27;[0;39m: Binding column: Ejb3JoinColumn{logicalColumnName='students_KEY', referencedColumn='null', mappedBy='null'}
&amp#27;[30m2020-02-08 10:21:39,724&amp#27;[0;39m &amp#27;[39mDEBUG&amp#27;[0;39m [&amp#27;[34mmain&amp#27;[0;39m] &amp#27;[33morg.hibernate.cfg.Ejb3Column&amp#27;[0;39m: Binding column: Ejb3JoinColumn{logicalColumnName='null', referencedColumn='null', mappedBy='courses'}
&amp#27;[30m2020-02-08 10:21:39,724&amp#27;[0;39m &amp#27;[39mDEBUG&amp#27;[0;39m [&amp#27;[34mmain&amp#27;[0;39m] &amp#27;[33morg.hibernate.cfg.Ejb3Column&amp#27;[0;39m: Binding column: Ejb3JoinColumn{logicalColumnName='null', referencedColumn='null', mappedBy='courses'}
&amp#27;[30m2020-02-08 10:21:39,724&amp#27;[0;39m &amp#27;[39mDEBUG&amp#27;[0;39m [&amp#27;[34mmain&amp#27;[0;39m] &amp#27;[33morg.hibernate.cfg.annotations.CollectionBinder&amp#27;[0;39m: Collection role: in.rgukt.r081247.universityapi.entity.Course.students
&amp#27;[30m2020-02-08 10:21:39,725&amp#27;[0;39m &amp#27;[39mDEBUG&amp#27;[0;39m [&amp#27;[34mmain&amp#27;[0;39m] &amp#27;[33morg.hibernate.cfg.annotations.PropertyBinder&amp#27;[0;39m: Building property students
&amp#27;[30m2020-02-08 10:21:39,725&amp#27;[0;39m &amp#27;[39mDEBUG&amp#27;[0;39m [&amp#27;[34mmain&amp#27;[0;39m] &amp#27;[33morg.hibernate.cfg.AnnotationBinder&amp#27;[0;39m: Binding entity from annotated class: in.rgukt.r081247.universityapi.entity.Department
&amp#27;[30m2020-02-08 10:21:39,726&amp#27;[0;39m &amp#27;[39mDEBUG&amp#27;[0;39m [&amp#27;[34mmain&amp#27;[0;39m] &amp#27;[33morg.hibernate.cfg.Ejb3Column&amp#27;[0;39m: Binding column: Ejb3DiscriminatorColumn{logicalColumnName'DTYPE', discriminatorTypeName='string'}
&amp#27;[30m2020-02-08 10:21:39,726&amp#27;[0;39m &amp#27;[39mDEBUG&amp#27;[0;39m [&amp#27;[34mmain&amp#27;[0;39m] &amp#27;[33morg.hibernate.cfg.annotations.EntityBinder&amp#27;[0;39m: Import with entity name Department
&amp#27;[30m2020-02-08 10:21:39,726&amp#27;[0;39m &amp#27;[39mDEBUG&amp#27;[0;39m [&amp#27;[34mmain&amp#27;[0;39m] &amp#27;[33morg.hibernate.cfg.annotations.EntityBinder&amp#27;[0;39m: Bind entity in.rgukt.r081247.universityapi.entity.Department on table department
&amp#27;[30m2020-02-08 10:21:39,727&amp#27;[0;39m &amp#27;[39mDEBUG&amp#27;[0;39m [&amp#27;[34mmain&amp#27;[0;39m] &amp#27;[33morg.hibernate.cfg.Ejb3Column&amp#27;[0;39m: Binding column: Ejb3Column{table=org.hibernate.mapping.Table(department), mappingColumn=id, insertable=true, updatable=true, unique=false}
&amp#27;[30m2020-02-08 10:21:39,727&amp#27;[0;39m &amp#27;[39mDEBUG&amp#27;[0;39m [&amp#27;[34mmain&amp#27;[0;39m] &amp#27;[33morg.hibernate.cfg.annotations.PropertyBinder&amp#27;[0;39m: MetadataSourceProcessor property id with lazy=false
&amp#27;[30m2020-02-08 10:21:39,727&amp#27;[0;39m &amp#27;[39mDEBUG&amp#27;[0;39m [&amp#27;[34mmain&amp#27;[0;39m] &amp#27;[33morg.hibernate.cfg.AbstractPropertyHolder&amp#27;[0;39m: Attempting to locate auto-apply AttributeConverter for property [in.rgukt.r081247.universityapi.entity.Department:id]
&amp#27;[30m2020-02-08 10:21:39,728&amp#27;[0;39m &amp#27;[39mDEBUG&amp#27;[0;39m [&amp#27;[34mmain&amp#27;[0;39m] &amp#27;[33morg.hibernate.cfg.annotations.SimpleValueBinder&amp#27;[0;39m: building SimpleValue for id
&amp#27;[30m2020-02-08 10:21:39,728&amp#27;[0;39m &amp#27;[39mDEBUG&amp#27;[0;39m [&amp#27;[34mmain&amp#27;[0;39m] &amp#27;[33morg.hibernate.cfg.annotations.PropertyBinder&amp#27;[0;39m: Building property id
&amp#27;[30m2020-02-08 10:21:39,728&amp#27;[0;39m &amp#27;[39mDEBUG&amp#27;[0;39m [&amp#27;[34mmain&amp#27;[0;39m] &amp#27;[33morg.hibernate.cfg.BinderHelper&amp#27;[0;39m: #makeIdGenerator(org.hibernate.mapping.SimpleValue([org.hibernate.mapping.Column(id)]), id, identity, , ...)
&amp#27;[30m2020-02-08 10:21:39,728&amp#27;[0;39m &amp#27;[39mDEBUG&amp#27;[0;39m [&amp#27;[34mmain&amp#27;[0;39m] &amp#27;[33morg.hibernate.cfg.Ejb3Column&amp#27;[0;39m: Binding column: Ejb3JoinColumn{logicalColumnName='null', referencedColumn='null', mappedBy='department'}
&amp#27;[30m2020-02-08 10:21:39,729&amp#27;[0;39m &amp#27;[39mDEBUG&amp#27;[0;39m [&amp#27;[34mmain&amp#27;[0;39m] &amp#27;[33morg.hibernate.cfg.Ejb3Column&amp#27;[0;39m: Binding column: Ejb3Column{table=org.hibernate.mapping.Table(department), mappingColumn=courses, insertable=true, updatable=true, unique=false}
&amp#27;[30m2020-02-08 10:21:39,729&amp#27;[0;39m &amp#27;[39mDEBUG&amp#27;[0;39m [&amp#27;[34mmain&amp#27;[0;39m] &amp#27;[33morg.hibernate.cfg.Ejb3Column&amp#27;[0;39m: Binding column: Ejb3Column{table=org.hibernate.mapping.Table(department), mappingColumn=null, insertable=true, updatable=true, unique=false}
&amp#27;[30m2020-02-08 10:21:39,729&amp#27;[0;39m &amp#27;[39mDEBUG&amp#27;[0;39m [&amp#27;[34mmain&amp#27;[0;39m] &amp#27;[33morg.hibernate.cfg.Ejb3Column&amp#27;[0;39m: Binding column: Ejb3Column{table=org.hibernate.mapping.Table(department), mappingColumn=element, insertable=true, updatable=true, unique=false}
&amp#27;[30m2020-02-08 10:21:39,730&amp#27;[0;39m &amp#27;[39mDEBUG&amp#27;[0;39m [&amp#27;[34mmain&amp#27;[0;39m] &amp#27;[33morg.hibernate.cfg.Ejb3Column&amp#27;[0;39m: Binding column: Ejb3Column{table=org.hibernate.mapping.Table(department), mappingColumn=courses_key, insertable=true, updatable=true, unique=false}
&amp#27;[30m2020-02-08 10:21:39,730&amp#27;[0;39m &amp#27;[39mDEBUG&amp#27;[0;39m [&amp#27;[34mmain&amp#27;[0;39m] &amp#27;[33morg.hibernate.cfg.Ejb3Column&amp#27;[0;39m: Binding column: Ejb3JoinColumn{logicalColumnName='courses_KEY', referencedColumn='null', mappedBy='null'}
&amp#27;[30m2020-02-08 10:21:39,730&amp#27;[0;39m &amp#27;[39mDEBUG&amp#27;[0;39m [&amp#27;[34mmain&amp#27;[0;39m] &amp#27;[33morg.hibernate.cfg.Ejb3Column&amp#27;[0;39m: Binding column: Ejb3JoinColumn{logicalColumnName='null', referencedColumn='null', mappedBy='department'}
&amp#27;[30m2020-02-08 10:21:39,731&amp#27;[0;39m &amp#27;[39mDEBUG&amp#27;[0;39m [&amp#27;[34mmain&amp#27;[0;39m] &amp#27;[33morg.hibernate.cfg.Ejb3Column&amp#27;[0;39m: Binding column: Ejb3JoinColumn{logicalColumnName='null', referencedColumn='null', mappedBy='department'}
&amp#27;[30m2020-02-08 10:21:39,731&amp#27;[0;39m &amp#27;[39mDEBUG&amp#27;[0;39m [&amp#27;[34mmain&amp#27;[0;39m] &amp#27;[33morg.hibernate.cfg.annotations.CollectionBinder&amp#27;[0;39m: Collection role: in.rgukt.r081247.universityapi.entity.Department.courses
&amp#27;[30m2020-02-08 10:21:39,731&amp#27;[0;39m &amp#27;[39mDEBUG&amp#27;[0;39m [&amp#27;[34mmain&amp#27;[0;39m] &amp#27;[33morg.hibernate.cfg.annotations.PropertyBinder&amp#27;[0;39m: Building property courses
&amp#27;[30m2020-02-08 10:21:39,732&amp#27;[0;39m &amp#27;[39mDEBUG&amp#27;[0;39m [&amp#27;[34mmain&amp#27;[0;39m] &amp#27;[33morg.hibernate.cfg.Ejb3Column&amp#27;[0;39m: Binding column: Ejb3Column{table=org.hibernate.mapping.Table(department), mappingColumn=name, insertable=true, updatable=true, unique=false}
&amp#27;[30m2020-02-08 10:21:39,738&amp#27;[0;39m &amp#27;[39mDEBUG&amp#27;[0;39m [&amp#27;[34mmain&amp#27;[0;39m] &amp#27;[33morg.hibernate.cfg.annotations.PropertyBinder&amp#27;[0;39m: MetadataSourceProcessor property name with lazy=false
&amp#27;[30m2020-02-08 10:21:39,738&amp#27;[0;39m &amp#27;[39mDEBUG&amp#27;[0;39m [&amp#27;[34mmain&amp#27;[0;39m] &amp#27;[33morg.hibernate.cfg.AbstractPropertyHolder&amp#27;[0;39m: Attempting to locate auto-apply AttributeConverter for property [in.rgukt.r081247.universityapi.entity.Department:name]
&amp#27;[30m2020-02-08 10:21:39,738&amp#27;[0;39m &amp#27;[39mDEBUG&amp#27;[0;39m [&amp#27;[34mmain&amp#27;[0;39m] &amp#27;[33morg.hibernate.cfg.annotations.SimpleValueBinder&amp#27;[0;39m: building SimpleValue for name
&amp#27;[30m2020-02-08 10:21:39,738&amp#27;[0;39m &amp#27;[39mDEBUG&amp#27;[0;39m [&amp#27;[34mmain&amp#27;[0;39m] &amp#27;[33morg.hibernate.cfg.annotations.PropertyBinder&amp#27;[0;39m: Building property name
&amp#27;[30m2020-02-08 10:21:39,739&amp#27;[0;39m &amp#27;[39mDEBUG&amp#27;[0;39m [&amp#27;[34mmain&amp#27;[0;39m] &amp#27;[33morg.hibernate.cfg.AnnotationBinder&amp#27;[0;39m: Binding entity from annotated class: in.rgukt.r081247.universityapi.entity.Student
&amp#27;[30m2020-02-08 10:21:39,739&amp#27;[0;39m &amp#27;[39mDEBUG&amp#27;[0;39m [&amp#27;[34mmain&amp#27;[0;39m] &amp#27;[33morg.hibernate.cfg.Ejb3Column&amp#27;[0;39m: Binding column: Ejb3DiscriminatorColumn{logicalColumnName'DTYPE', discriminatorTypeName='string'}
&amp#27;[30m2020-02-08 10:21:39,739&amp#27;[0;39m &amp#27;[39mDEBUG&amp#27;[0;39m [&amp#27;[34mmain&amp#27;[0;39m] &amp#27;[33morg.hibernate.cfg.annotations.EntityBinder&amp#27;[0;39m: Import with entity name Student
&amp#27;[30m2020-02-08 10:21:39,740&amp#27;[0;39m &amp#27;[39mDEBUG&amp#27;[0;39m [&amp#27;[34mmain&amp#27;[0;39m] &amp#27;[33morg.hibernate.cfg.annotations.EntityBinder&amp#27;[0;39m: Bind entity in.rgukt.r081247.universityapi.entity.Student on table student
&amp#27;[30m2020-02-08 10:21:39,740&amp#27;[0;39m &amp#27;[39mDEBUG&amp#27;[0;39m [&amp#27;[34mHikariPool-3 housekeeper&amp#27;[0;39m] &amp#27;[33mcom.zaxxer.hikari.pool.HikariPool&amp#27;[0;39m: HikariPool-3 - Pool stats (total=1, active=0, idle=1, waiting=0)
&amp#27;[30m2020-02-08 10:21:39,742&amp#27;[0;39m &amp#27;[39mDEBUG&amp#27;[0;39m [&amp#27;[34mmain&amp#27;[0;39m] &amp#27;[33morg.hibernate.cfg.Ejb3Column&amp#27;[0;39m: Binding column: Ejb3Column{table=org.hibernate.mapping.Table(student), mappingColumn=id, insertable=true, updatable=true, unique=false}
&amp#27;[30m2020-02-08 10:21:39,742&amp#27;[0;39m &amp#27;[39mDEBUG&amp#27;[0;39m [&amp#27;[34mmain&amp#27;[0;39m] &amp#27;[33morg.hibernate.cfg.annotations.PropertyBinder&amp#27;[0;39m: MetadataSourceProcessor property id with lazy=false
&amp#27;[30m2020-02-08 10:21:39,743&amp#27;[0;39m &amp#27;[39mDEBUG&amp#27;[0;39m [&amp#27;[34mmain&amp#27;[0;39m] &amp#27;[33morg.hibernate.cfg.AbstractPropertyHolder&amp#27;[0;39m: Attempting to locate auto-apply AttributeConverter for property [in.rgukt.r081247.universityapi.entity.Student:id]
&amp#27;[30m2020-02-08 10:21:39,746&amp#27;[0;39m &amp#27;[39mDEBUG&amp#27;[0;39m [&amp#27;[34mHikariPool-3 connection adder&amp#27;[0;39m] &amp#27;[33mcom.zaxxer.hikari.pool.HikariPool$PoolEntryCreator&amp#27;[0;39m: HikariPool-3 - Added connection conn29: url=jdbc:h2:mem:db user=SA
&amp#27;[30m2020-02-08 10:21:39,747&amp#27;[0;39m &amp#27;[39mDEBUG&amp#27;[0;39m [&amp#27;[34mHikariPool-3 connection adder&amp#27;[0;39m] &amp#27;[33mcom.zaxxer.hikari.pool.HikariPool$PoolEntryCreator&amp#27;[0;39m: HikariPool-3 - Added connection conn30: url=jdbc:h2:mem:db user=SA
&amp#27;[30m2020-02-08 10:21:39,748&amp#27;[0;39m &amp#27;[39mDEBUG&amp#27;[0;39m [&amp#27;[34mHikariPool-3 connection adder&amp#27;[0;39m] &amp#27;[33mcom.zaxxer.hikari.pool.HikariPool$PoolEntryCreator&amp#27;[0;39m: HikariPool-3 - Added connection conn31: url=jdbc:h2:mem:db user=SA
&amp#27;[30m2020-02-08 10:21:39,743&amp#27;[0;39m &amp#27;[39mDEBUG&amp#27;[0;39m [&amp#27;[34mmain&amp#27;[0;39m] &amp#27;[33morg.hibernate.cfg.annotations.SimpleValueBinder&amp#27;[0;39m: building SimpleValue for id
&amp#27;[30m2020-02-08 10:21:39,749&amp#27;[0;39m &amp#27;[39mDEBUG&amp#27;[0;39m [&amp#27;[34mmain&amp#27;[0;39m] &amp#27;[33morg.hibernate.cfg.annotations.PropertyBinder&amp#27;[0;39m: Building property id
&amp#27;[30m2020-02-08 10:21:39,749&amp#27;[0;39m &amp#27;[39mDEBUG&amp#27;[0;39m [&amp#27;[34mmain&amp#27;[0;39m] &amp#27;[33morg.hibernate.cfg.BinderHelper&amp#27;[0;39m: #makeIdGenerator(org.hibernate.mapping.SimpleValue([org.hibernate.mapping.Column(id)]), id, identity, , ...)
&amp#27;[30m2020-02-08 10:21:39,750&amp#27;[0;39m &amp#27;[39mDEBUG&amp#27;[0;39m [&amp#27;[34mHikariPool-3 connection adder&amp#27;[0;39m] &amp#27;[33mcom.zaxxer.hikari.pool.HikariPool$PoolEntryCreator&amp#27;[0;39m: HikariPool-3 - Added connection conn32: url=jdbc:h2:mem:db user=SA
&amp#27;[30m2020-02-08 10:21:39,750&amp#27;[0;39m &amp#27;[39mDEBUG&amp#27;[0;39m [&amp#27;[34mmain&amp#27;[0;39m] &amp#27;[33morg.hibernate.cfg.Ejb3Column&amp#27;[0;39m: Binding column: Ejb3Column{table=org.hibernate.mapping.Table(student), mappingColumn=null, insertable=true, updatable=true, unique=false}
&amp#27;[30m2020-02-08 10:21:39,750&amp#27;[0;39m &amp#27;[39mDEBUG&amp#27;[0;39m [&amp#27;[34mmain&amp#27;[0;39m] &amp#27;[33morg.hibernate.cfg.Ejb3Column&amp#27;[0;39m: Binding column: Ejb3Column{table=org.hibernate.mapping.Table(student), mappingColumn=element, insertable=true, updatable=true, unique=false}
&amp#27;[30m2020-02-08 10:21:39,751&amp#27;[0;39m &amp#27;[39mDEBUG&amp#27;[0;39m [&amp#27;[34mmain&amp#27;[0;39m] &amp#27;[33morg.hibernate.cfg.Ejb3Column&amp#27;[0;39m: Binding column: Ejb3Column{table=org.hibernate.mapping.Table(student), mappingColumn=courses_key, insertable=true, updatable=true, unique=false}
&amp#27;[30m2020-02-08 10:21:39,753&amp#27;[0;39m &amp#27;[39mDEBUG&amp#27;[0;39m [&amp#27;[34mmain&amp#27;[0;39m] &amp#27;[33morg.hibernate.cfg.Ejb3Column&amp#27;[0;39m: Binding column: Ejb3JoinColumn{logicalColumnName='courses_KEY', referencedColumn='null', mappedBy='null'}
&amp#27;[30m2020-02-08 10:21:39,753&amp#27;[0;39m &amp#27;[39mDEBUG&amp#27;[0;39m [&amp#27;[34mmain&amp#27;[0;39m] &amp#27;[33morg.hibernate.cfg.Ejb3Column&amp#27;[0;39m: Binding column: Ejb3JoinColumn{logicalColumnName='STUDENT_ID', referencedColumn='', mappedBy=''}
&amp#27;[30m2020-02-08 10:21:39,755&amp#27;[0;39m &amp#27;[39mDEBUG&amp#27;[0;39m [&amp#27;[34mmain&amp#27;[0;39m] &amp#27;[33morg.hibernate.cfg.Ejb3Column&amp#27;[0;39m: Binding column: Ejb3JoinColumn{logicalColumnName='COURSE_ID', referencedColumn='', mappedBy=''}
&amp#27;[30m2020-02-08 10:21:39,755&amp#27;[0;39m &amp#27;[39mDEBUG&amp#27;[0;39m [&amp#27;[34mmain&amp#27;[0;39m] &amp#27;[33morg.hibernate.cfg.annotations.CollectionBinder&amp#27;[0;39m: Collection role: in.rgukt.r081247.universityapi.entity.Student.courses
&amp#27;[30m2020-02-08 10:21:39,755&amp#27;[0;39m &amp#27;[39mDEBUG&amp#27;[0;39m [&amp#27;[34mmain&amp#27;[0;39m] &amp#27;[33morg.hibernate.cfg.annotations.PropertyBinder&amp#27;[0;39m: Building property courses
&amp#27;[30m2020-02-08 10:21:39,757&amp#27;[0;39m &amp#27;[39mDEBUG&amp#27;[0;39m [&amp#27;[34mmain&amp#27;[0;39m] &amp#27;[33morg.hibernate.cfg.Ejb3Column&amp#27;[0;39m: Binding column: Ejb3Column{table=org.hibernate.mapping.Table(student), mappingColumn=dob, insertable=true, updatable=true, unique=false}
&amp#27;[30m2020-02-08 10:21:39,757&amp#27;[0;39m &amp#27;[39mDEBUG&amp#27;[0;39m [&amp#27;[34mmain&amp#27;[0;39m] &amp#27;[33morg.hibernate.cfg.annotations.PropertyBinder&amp#27;[0;39m: MetadataSourceProcessor property dob with lazy=false
&amp#27;[30m2020-02-08 10:21:39,758&amp#27;[0;39m &amp#27;[39mDEBUG&amp#27;[0;39m [&amp#27;[34mmain&amp#27;[0;39m] &amp#27;[33morg.hibernate.cfg.AbstractPropertyHolder&amp#27;[0;39m: Attempting to locate auto-apply AttributeConverter for property [in.rgukt.r081247.universityapi.entity.Student:dob]
&amp#27;[30m2020-02-08 10:21:39,758&amp#27;[0;39m &amp#27;[39mDEBUG&amp#27;[0;39m [&amp#27;[34mmain&amp#27;[0;39m] &amp#27;[33morg.hibernate.cfg.annotations.SimpleValueBinder&amp#27;[0;39m: building SimpleValue for dob
&amp#27;[30m2020-02-08 10:21:39,751&amp#27;[0;39m &amp#27;[39mDEBUG&amp#27;[0;39m [&amp#27;[34mHikariPool-3 connection adder&amp#27;[0;39m] &amp#27;[33mcom.zaxxer.hikari.pool.HikariPool$PoolEntryCreator&amp#27;[0;39m: HikariPool-3 - Added connection conn33: url=jdbc:h2:mem:db user=SA
&amp#27;[30m2020-02-08 10:21:39,762&amp#27;[0;39m &amp#27;[39mDEBUG&amp#27;[0;39m [&amp#27;[34mHikariPool-3 connection adder&amp#27;[0;39m] &amp#27;[33mcom.zaxxer.hikari.pool.HikariPool$PoolEntryCreator&amp#27;[0;39m: HikariPool-3 - Added connection conn34: url=jdbc:h2:mem:db user=SA
&amp#27;[30m2020-02-08 10:21:39,763&amp#27;[0;39m &amp#27;[39mDEBUG&amp#27;[0;39m [&amp#27;[34mHikariPool-3 connection adder&amp#27;[0;39m] &amp#27;[33mcom.zaxxer.hikari.pool.HikariPool$PoolEntryCreator&amp#27;[0;39m: HikariPool-3 - Added connection conn35: url=jdbc:h2:mem:db user=SA
&amp#27;[30m2020-02-08 10:21:39,759&amp#27;[0;39m &amp#27;[39mDEBUG&amp#27;[0;39m [&amp#27;[34mmain&amp#27;[0;39m] &amp#27;[33morg.hibernate.cfg.annotations.PropertyBinder&amp#27;[0;39m: Building property dob
&amp#27;[30m2020-02-08 10:21:39,767&amp#27;[0;39m &amp#27;[39mDEBUG&amp#27;[0;39m [&amp#27;[34mmain&amp#27;[0;39m] &amp#27;[33morg.hibernate.cfg.Ejb3Column&amp#27;[0;39m: Binding column: Ejb3Column{table=org.hibernate.mapping.Table(student), mappingColumn=name, insertable=true, updatable=true, unique=false}
&amp#27;[30m2020-02-08 10:21:39,767&amp#27;[0;39m &amp#27;[39mDEBUG&amp#27;[0;39m [&amp#27;[34mHikariPool-3 connection adder&amp#27;[0;39m] &amp#27;[33mcom.zaxxer.hikari.pool.HikariPool$PoolEntryCreator&amp#27;[0;39m: HikariPool-3 - Added connection conn36: url=jdbc:h2:mem:db user=SA
&amp#27;[30m2020-02-08 10:21:39,768&amp#27;[0;39m &amp#27;[39mDEBUG&amp#27;[0;39m [&amp#27;[34mHikariPool-3 connection adder&amp#27;[0;39m] &amp#27;[33mcom.zaxxer.hikari.pool.HikariPool$PoolEntryCreator&amp#27;[0;39m: HikariPool-3 - Added connection conn37: url=jdbc:h2:mem:db user=SA
&amp#27;[30m2020-02-08 10:21:39,769&amp#27;[0;39m &amp#27;[39mDEBUG&amp#27;[0;39m [&amp#27;[34mHikariPool-3 connection adder&amp#27;[0;39m] &amp#27;[33mcom.zaxxer.hikari.pool.HikariPool&amp#27;[0;39m: HikariPool-3 - After adding stats (total=10, active=0, idle=10, waiting=0)
&amp#27;[30m2020-02-08 10:21:39,768&amp#27;[0;39m &amp#27;[39mDEBUG&amp#27;[0;39m [&amp#27;[34mmain&amp#27;[0;39m] &amp#27;[33morg.hibernate.cfg.annotations.PropertyBinder&amp#27;[0;39m: MetadataSourceProcessor property name with lazy=false
&amp#27;[30m2020-02-08 10:21:39,769&amp#27;[0;39m &amp#27;[39mDEBUG&amp#27;[0;39m [&amp#27;[34mmain&amp#27;[0;39m] &amp#27;[33morg.hibernate.cfg.AbstractPropertyHolder&amp#27;[0;39m: Attempting to locate auto-apply AttributeConverter for property [in.rgukt.r081247.universityapi.entity.Student:name]
&amp#27;[30m2020-02-08 10:21:39,769&amp#27;[0;39m &amp#27;[39mDEBUG&amp#27;[0;39m [&amp#27;[34mmain&amp#27;[0;39m] &amp#27;[33morg.hibernate.cfg.annotations.SimpleValueBinder&amp#27;[0;39m: building SimpleValue for name
&amp#27;[30m2020-02-08 10:21:39,769&amp#27;[0;39m &amp#27;[39mDEBUG&amp#27;[0;39m [&amp#27;[34mmain&amp#27;[0;39m] &amp#27;[33morg.hibernate.cfg.annotations.PropertyBinder&amp#27;[0;39m: Building property name
&amp#27;[30m2020-02-08 10:21:39,771&amp#27;[0;39m &amp#27;[39mDEBUG&amp#27;[0;39m [&amp#27;[34mmain&amp#27;[0;39m] &amp#27;[33morg.hibernate.cfg.annotations.SimpleValueBinder&amp#27;[0;39m: Starting fillSimpleValue for id
&amp#27;[30m2020-02-08 10:21:39,772&amp#27;[0;39m &amp#27;[39mDEBUG&amp#27;[0;39m [&amp#27;[34mmain&amp#27;[0;39m] &amp#27;[33morg.hibernate.cfg.annotations.SimpleValueBinder&amp#27;[0;39m: Starting fillSimpleValue for name
&amp#27;[30m2020-02-08 10:21:39,772&amp#27;[0;39m &amp#27;[39mDEBUG&amp#27;[0;39m [&amp#27;[34mmain&amp#27;[0;39m] &amp#27;[33morg.hibernate.cfg.annotations.SimpleValueBinder&amp#27;[0;39m: Starting fillSimpleValue for id
&amp#27;[30m2020-02-08 10:21:39,773&amp#27;[0;39m &amp#27;[39mDEBUG&amp#27;[0;39m [&amp#27;[34mmain&amp#27;[0;39m] &amp#27;[33morg.hibernate.cfg.annotations.SimpleValueBinder&amp#27;[0;39m: Starting fillSimpleValue for name
&amp#27;[30m2020-02-08 10:21:39,773&amp#27;[0;39m &amp#27;[39mDEBUG&amp#27;[0;39m [&amp#27;[34mmain&amp#27;[0;39m] &amp#27;[33morg.hibernate.cfg.annotations.SimpleValueBinder&amp#27;[0;39m: Starting fillSimpleValue for id
&amp#27;[30m2020-02-08 10:21:39,773&amp#27;[0;39m &amp#27;[39mDEBUG&amp#27;[0;39m [&amp#27;[34mmain&amp#27;[0;39m] &amp#27;[33morg.hibernate.cfg.annotations.SimpleValueBinder&amp#27;[0;39m: Starting fillSimpleValue for dob
&amp#27;[30m2020-02-08 10:21:39,774&amp#27;[0;39m &amp#27;[39mDEBUG&amp#27;[0;39m [&amp#27;[34mmain&amp#27;[0;39m] &amp#27;[33morg.hibernate.cfg.annotations.SimpleValueBinder&amp#27;[0;39m: Starting fillSimpleValue for name
&amp#27;[30m2020-02-08 10:21:39,774&amp#27;[0;39m &amp#27;[39mDEBUG&amp#27;[0;39m [&amp#27;[34mmain&amp#27;[0;39m] &amp#27;[33morg.hibernate.mapping.PrimaryKey&amp#27;[0;39m: Forcing column [id] to be non-null as it is part of the primary key for table [course]
&amp#27;[30m2020-02-08 10:21:39,774&amp#27;[0;39m &amp#27;[39mDEBUG&amp#27;[0;39m [&amp#27;[34mmain&amp#27;[0;39m] &amp#27;[33morg.hibernate.mapping.PrimaryKey&amp#27;[0;39m: Forcing column [id] to be non-null as it is part of the primary key for table [department]
&amp#27;[30m2020-02-08 10:21:39,774&amp#27;[0;39m &amp#27;[39mDEBUG&amp#27;[0;39m [&amp#27;[34mmain&amp#27;[0;39m] &amp#27;[33morg.hibernate.mapping.PrimaryKey&amp#27;[0;39m: Forcing column [id] to be non-null as it is part of the primary key for table [student]
&amp#27;[30m2020-02-08 10:21:39,774&amp#27;[0;39m &amp#27;[39mDEBUG&amp#27;[0;39m [&amp#27;[34mmain&amp#27;[0;39m] &amp#27;[33morg.hibernate.cfg.CollectionSecondPass&amp#27;[0;39m: Second pass for collection: in.rgukt.r081247.universityapi.entity.Student.courses
&amp#27;[30m2020-02-08 10:21:39,775&amp#27;[0;39m &amp#27;[39mDEBUG&amp#27;[0;39m [&amp#27;[34mmain&amp#27;[0;39m] &amp#27;[33morg.hibernate.cfg.annotations.CollectionBinder&amp#27;[0;39m: Binding as ManyToMany: in.rgukt.r081247.universityapi.entity.Student.courses
&amp#27;[30m2020-02-08 10:21:39,776&amp#27;[0;39m &amp#27;[39mDEBUG&amp#27;[0;39m [&amp#27;[34mmain&amp#27;[0;39m] &amp#27;[33morg.hibernate.mapping.PrimaryKey&amp#27;[0;39m: Forcing column [student_id] to be non-null as it is part of the primary key for table [student_course]
&amp#27;[30m2020-02-08 10:21:39,776&amp#27;[0;39m &amp#27;[39mDEBUG&amp#27;[0;39m [&amp#27;[34mmain&amp#27;[0;39m] &amp#27;[33morg.hibernate.mapping.PrimaryKey&amp#27;[0;39m: Forcing column [course_id] to be non-null as it is part of the primary key for table [student_course]
&amp#27;[30m2020-02-08 10:21:39,776&amp#27;[0;39m &amp#27;[39mDEBUG&amp#27;[0;39m [&amp#27;[34mmain&amp#27;[0;39m] &amp#27;[33morg.hibernate.cfg.CollectionSecondPass&amp#27;[0;39m: Mapped collection key: student_id, element: course_id
&amp#27;[30m2020-02-08 10:21:39,776&amp#27;[0;39m &amp#27;[39mDEBUG&amp#27;[0;39m [&amp#27;[34mmain&amp#27;[0;39m] &amp#27;[33morg.hibernate.cfg.CollectionSecondPass&amp#27;[0;39m: Second pass for collection: in.rgukt.r081247.universityapi.entity.Course.students
&amp#27;[30m2020-02-08 10:21:39,776&amp#27;[0;39m &amp#27;[39mDEBUG&amp#27;[0;39m [&amp#27;[34mmain&amp#27;[0;39m] &amp#27;[33morg.hibernate.cfg.annotations.CollectionBinder&amp#27;[0;39m: Binding as ManyToMany: in.rgukt.r081247.universityapi.entity.Course.students
&amp#27;[30m2020-02-08 10:21:39,777&amp#27;[0;39m &amp#27;[39mDEBUG&amp#27;[0;39m [&amp#27;[34mmain&amp#27;[0;39m] &amp#27;[33morg.hibernate.cfg.annotations.TableBinder&amp#27;[0;39m: Retrieving property in.rgukt.r081247.universityapi.entity.Student.courses
&amp#27;[30m2020-02-08 10:21:39,777&amp#27;[0;39m &amp#27;[39mDEBUG&amp#27;[0;39m [&amp#27;[34mmain&amp#27;[0;39m] &amp#27;[33morg.hibernate.cfg.CollectionSecondPass&amp#27;[0;39m: Mapped collection key: course_id, element: student_id
&amp#27;[30m2020-02-08 10:21:39,777&amp#27;[0;39m &amp#27;[39mDEBUG&amp#27;[0;39m [&amp#27;[34mmain&amp#27;[0;39m] &amp#27;[33morg.hibernate.cfg.CollectionSecondPass&amp#27;[0;39m: Second pass for collection: in.rgukt.r081247.universityapi.entity.Department.courses
&amp#27;[30m2020-02-08 10:21:39,777&amp#27;[0;39m &amp#27;[39mDEBUG&amp#27;[0;39m [&amp#27;[34mmain&amp#27;[0;39m] &amp#27;[33morg.hibernate.cfg.annotations.CollectionBinder&amp#27;[0;39m: Binding a OneToMany: in.rgukt.r081247.universityapi.entity.Department.courses through a foreign key
&amp#27;[30m2020-02-08 10:21:39,778&amp#27;[0;39m &amp#27;[39mDEBUG&amp#27;[0;39m [&amp#27;[34mmain&amp#27;[0;39m] &amp#27;[33morg.hibernate.cfg.annotations.CollectionBinder&amp#27;[0;39m: Mapping collection: in.rgukt.r081247.universityapi.entity.Department.courses -> course
&amp#27;[30m2020-02-08 10:21:39,778&amp#27;[0;39m &amp#27;[39mDEBUG&amp#27;[0;39m [&amp#27;[34mmain&amp#27;[0;39m] &amp#27;[33morg.hibernate.cfg.annotations.TableBinder&amp#27;[0;39m: Retrieving property in.rgukt.r081247.universityapi.entity.Course.department
&amp#27;[30m2020-02-08 10:21:39,778&amp#27;[0;39m &amp#27;[39mDEBUG&amp#27;[0;39m [&amp#27;[34mmain&amp#27;[0;39m] &amp#27;[33morg.hibernate.cfg.CollectionSecondPass&amp#27;[0;39m: Mapped collection key: department_id, one-to-many: in.rgukt.r081247.universityapi.entity.Course
&amp#27;[30m2020-02-08 10:21:39,778&amp#27;[0;39m &amp#27;[39mDEBUG&amp#27;[0;39m [&amp#27;[34mmain&amp#27;[0;39m] &amp#27;[33morg.hibernate.boot.internal.InFlightMetadataCollectorImpl&amp#27;[0;39m: Resolving reference to class: in.rgukt.r081247.universityapi.entity.Department
&amp#27;[30m2020-02-08 10:21:39,779&amp#27;[0;39m &amp#27;[39mDEBUG&amp#27;[0;39m [&amp#27;[34mmain&amp#27;[0;39m] &amp#27;[33morg.hibernate.boot.internal.InFlightMetadataCollectorImpl&amp#27;[0;39m: Resolving reference to class: in.rgukt.r081247.universityapi.entity.Course
&amp#27;[30m2020-02-08 10:21:39,779&amp#27;[0;39m &amp#27;[39mDEBUG&amp#27;[0;39m [&amp#27;[34mmain&amp#27;[0;39m] &amp#27;[33morg.hibernate.boot.internal.InFlightMetadataCollectorImpl&amp#27;[0;39m: Resolving reference to class: in.rgukt.r081247.universityapi.entity.Student
&amp#27;[30m2020-02-08 10:21:39,780&amp#27;[0;39m &amp#27;[39mDEBUG&amp#27;[0;39m [&amp#27;[34mmain&amp#27;[0;39m] &amp#27;[33morg.hibernate.boot.internal.InFlightMetadataCollectorImpl&amp#27;[0;39m: Resolving reference to class: in.rgukt.r081247.universityapi.entity.Department
&amp#27;[30m2020-02-08 10:21:39,784&amp#27;[0;39m &amp#27;[39mDEBUG&amp#27;[0;39m [&amp#27;[34mmain&amp#27;[0;39m] &amp#27;[33morg.hibernate.boot.internal.InFlightMetadataCollectorImpl&amp#27;[0;39m: Resolving reference to class: in.rgukt.r081247.universityapi.entity.Course
&amp#27;[30m2020-02-08 10:21:39,785&amp#27;[0;39m &amp#27;[39mDEBUG&amp#27;[0;39m [&amp#27;[34mmain&amp#27;[0;39m] &amp#27;[33morg.hibernate.boot.internal.InFlightMetadataCollectorImpl&amp#27;[0;39m: Resolving reference to class: in.rgukt.r081247.universityapi.entity.Student
&amp#27;[30m2020-02-08 10:21:39,788&amp#27;[0;39m &amp#27;[39mDEBUG&amp#27;[0;39m [&amp#27;[34mmain&amp#27;[0;39m] &amp#27;[33morg.hibernate.internal.SessionFactoryImpl&amp#27;[0;39m: Building session factory
&amp#27;[30m2020-02-08 10:21:39,788&amp#27;[0;39m &amp#27;[39mDEBUG&amp#27;[0;39m [&amp#27;[34mmain&amp#27;[0;39m] &amp#27;[33morg.hibernate.cfg.Settings&amp#27;[0;39m: SessionFactory name : null
&amp#27;[30m2020-02-08 10:21:39,789&amp#27;[0;39m &amp#27;[39mDEBUG&amp#27;[0;39m [&amp#27;[34mmain&amp#27;[0;39m] &amp#27;[33morg.hibernate.cfg.Settings&amp#27;[0;39m: Automatic flush during beforeCompletion(): enabled
&amp#27;[30m2020-02-08 10:21:39,789&amp#27;[0;39m &amp#27;[39mDEBUG&amp#27;[0;39m [&amp#27;[34mmain&amp#27;[0;39m] &amp#27;[33morg.hibernate.cfg.Settings&amp#27;[0;39m: Automatic session close at end of transaction: disabled
&amp#27;[30m2020-02-08 10:21:39,789&amp#27;[0;39m &amp#27;[39mDEBUG&amp#27;[0;39m [&amp#27;[34mmain&amp#27;[0;39m] &amp#27;[33morg.hibernate.cfg.Settings&amp#27;[0;39m: Statistics: disabled
&amp#27;[30m2020-02-08 10:21:39,789&amp#27;[0;39m &amp#27;[39mDEBUG&amp#27;[0;39m [&amp#27;[34mmain&amp#27;[0;39m] &amp#27;[33morg.hibernate.cfg.Settings&amp#27;[0;39m: Deleted entity synthetic identifier rollback: disabled
&amp#27;[30m2020-02-08 10:21:39,790&amp#27;[0;39m &amp#27;[39mDEBUG&amp#27;[0;39m [&amp#27;[34mmain&amp#27;[0;39m] &amp#27;[33morg.hibernate.cfg.Settings&amp#27;[0;39m: Default entity-mode: pojo
&amp#27;[30m2020-02-08 10:21:39,790&amp#27;[0;39m &amp#27;[39mDEBUG&amp#27;[0;39m [&amp#27;[34mmain&amp#27;[0;39m] &amp#27;[33morg.hibernate.cfg.Settings&amp#27;[0;39m: Check Nullability in Core (should be disabled when Bean Validation is on): enabled
&amp#27;[30m2020-02-08 10:21:39,790&amp#27;[0;39m &amp#27;[39mDEBUG&amp#27;[0;39m [&amp#27;[34mmain&amp#27;[0;39m] &amp#27;[33morg.hibernate.cfg.Settings&amp#27;[0;39m: Allow initialization of lazy state outside session : disabled
&amp#27;[30m2020-02-08 10:21:39,790&amp#27;[0;39m &amp#27;[39mDEBUG&amp#27;[0;39m [&amp#27;[34mmain&amp#27;[0;39m] &amp#27;[33morg.hibernate.cfg.Settings&amp#27;[0;39m: Using BatchFetchStyle : LEGACY
&amp#27;[30m2020-02-08 10:21:39,791&amp#27;[0;39m &amp#27;[39mDEBUG&amp#27;[0;39m [&amp#27;[34mmain&amp#27;[0;39m] &amp#27;[33morg.hibernate.cfg.Settings&amp#27;[0;39m: Default batch fetch size: -1
&amp#27;[30m2020-02-08 10:21:39,791&amp#27;[0;39m &amp#27;[39mDEBUG&amp#27;[0;39m [&amp#27;[34mmain&amp#27;[0;39m] &amp#27;[33morg.hibernate.cfg.Settings&amp#27;[0;39m: Maximum outer join fetch depth: null
&amp#27;[30m2020-02-08 10:21:39,791&amp#27;[0;39m &amp#27;[39mDEBUG&amp#27;[0;39m [&amp#27;[34mmain&amp#27;[0;39m] &amp#27;[33morg.hibernate.cfg.Settings&amp#27;[0;39m: Default null ordering: NONE
&amp#27;[30m2020-02-08 10:21:39,792&amp#27;[0;39m &amp#27;[39mDEBUG&amp#27;[0;39m [&amp#27;[34mmain&amp#27;[0;39m] &amp#27;[33morg.hibernate.cfg.Settings&amp#27;[0;39m: Order SQL updates by primary key: disabled
&amp#27;[30m2020-02-08 10:21:39,792&amp#27;[0;39m &amp#27;[39mDEBUG&amp#27;[0;39m [&amp#27;[34mmain&amp#27;[0;39m] &amp#27;[33morg.hibernate.cfg.Settings&amp#27;[0;39m: Order SQL inserts for batching: disabled
&amp#27;[30m2020-02-08 10:21:39,792&amp#27;[0;39m &amp#27;[39mDEBUG&amp#27;[0;39m [&amp#27;[34mmain&amp#27;[0;39m] &amp#27;[33morg.hibernate.cfg.Settings&amp#27;[0;39m: multi-tenancy strategy : NONE
&amp#27;[30m2020-02-08 10:21:39,792&amp#27;[0;39m &amp#27;[39mDEBUG&amp#27;[0;39m [&amp#27;[34mmain&amp#27;[0;39m] &amp#27;[33morg.hibernate.cfg.Settings&amp#27;[0;39m: JTA Track by Thread: enabled
&amp#27;[30m2020-02-08 10:21:39,792&amp#27;[0;39m &amp#27;[39mDEBUG&amp#27;[0;39m [&amp#27;[34mmain&amp#27;[0;39m] &amp#27;[33morg.hibernate.cfg.Settings&amp#27;[0;39m: Query language substitutions: {}
&amp#27;[30m2020-02-08 10:21:39,792&amp#27;[0;39m &amp#27;[39mDEBUG&amp#27;[0;39m [&amp#27;[34mmain&amp#27;[0;39m] &amp#27;[33morg.hibernate.cfg.Settings&amp#27;[0;39m: Named query checking : enabled
&amp#27;[30m2020-02-08 10:21:39,792&amp#27;[0;39m &amp#27;[39mDEBUG&amp#27;[0;39m [&amp#27;[34mmain&amp#27;[0;39m] &amp#27;[33morg.hibernate.cfg.Settings&amp#27;[0;39m: Second-level cache: disabled
&amp#27;[30m2020-02-08 10:21:39,793&amp#27;[0;39m &amp#27;[39mDEBUG&amp#27;[0;39m [&amp#27;[34mmain&amp#27;[0;39m] &amp#27;[33morg.hibernate.cfg.Settings&amp#27;[0;39m: Second-level query cache: disabled
&amp#27;[30m2020-02-08 10:21:39,793&amp#27;[0;39m &amp#27;[39mDEBUG&amp#27;[0;39m [&amp#27;[34mmain&amp#27;[0;39m] &amp#27;[33morg.hibernate.cfg.Settings&amp#27;[0;39m: Second-level query cache factory: null
&amp#27;[30m2020-02-08 10:21:39,793&amp#27;[0;39m &amp#27;[39mDEBUG&amp#27;[0;39m [&amp#27;[34mmain&amp#27;[0;39m] &amp#27;[33morg.hibernate.cfg.Settings&amp#27;[0;39m: Second-level cache region prefix: null
&amp#27;[30m2020-02-08 10:21:39,793&amp#27;[0;39m &amp#27;[39mDEBUG&amp#27;[0;39m [&amp#27;[34mmain&amp#27;[0;39m] &amp#27;[33morg.hibernate.cfg.Settings&amp#27;[0;39m: Optimize second-level cache for minimal puts: disabled
&amp#27;[30m2020-02-08 10:21:39,793&amp#27;[0;39m &amp#27;[39mDEBUG&amp#27;[0;39m [&amp#27;[34mmain&amp#27;[0;39m] &amp#27;[33morg.hibernate.cfg.Settings&amp#27;[0;39m: Structured second-level cache entries: disabled
&amp#27;[30m2020-02-08 10:21:39,793&amp#27;[0;39m &amp#27;[39mDEBUG&amp#27;[0;39m [&amp#27;[34mmain&amp#27;[0;39m] &amp#27;[33morg.hibernate.cfg.Settings&amp#27;[0;39m: Second-level cache direct-reference entries: disabled
&amp#27;[30m2020-02-08 10:21:39,793&amp#27;[0;39m &amp#27;[39mDEBUG&amp#27;[0;39m [&amp#27;[34mmain&amp#27;[0;39m] &amp#27;[33morg.hibernate.cfg.Settings&amp#27;[0;39m: Automatic eviction of collection cache: disabled
&amp#27;[30m2020-02-08 10:21:39,793&amp#27;[0;39m &amp#27;[39mDEBUG&amp#27;[0;39m [&amp#27;[34mmain&amp#27;[0;39m] &amp#27;[33morg.hibernate.cfg.Settings&amp#27;[0;39m: JDBC batch size: 15
&amp#27;[30m2020-02-08 10:21:39,794&amp#27;[0;39m &amp#27;[39mDEBUG&amp#27;[0;39m [&amp#27;[34mmain&amp#27;[0;39m] &amp#27;[33morg.hibernate.cfg.Settings&amp#27;[0;39m: JDBC batch updates for versioned data: enabled
&amp#27;[30m2020-02-08 10:21:39,794&amp#27;[0;39m &amp#27;[39mDEBUG&amp#27;[0;39m [&amp#27;[34mmain&amp#27;[0;39m] &amp#27;[33morg.hibernate.cfg.Settings&amp#27;[0;39m: Scrollable result sets: enabled
&amp#27;[30m2020-02-08 10:21:39,794&amp#27;[0;39m &amp#27;[39mDEBUG&amp#27;[0;39m [&amp#27;[34mmain&amp#27;[0;39m] &amp#27;[33morg.hibernate.cfg.Settings&amp#27;[0;39m: Wrap result sets: disabled
&amp#27;[30m2020-02-08 10:21:39,794&amp#27;[0;39m &amp#27;[39mDEBUG&amp#27;[0;39m [&amp#27;[34mmain&amp#27;[0;39m] &amp#27;[33morg.hibernate.cfg.Settings&amp#27;[0;39m: JDBC3 getGeneratedKeys(): enabled
&amp#27;[30m2020-02-08 10:21:39,794&amp#27;[0;39m &amp#27;[39mDEBUG&amp#27;[0;39m [&amp#27;[34mmain&amp#27;[0;39m] &amp#27;[33morg.hibernate.cfg.Settings&amp#27;[0;39m: JDBC result set fetch size: null
&amp#27;[30m2020-02-08 10:21:39,794&amp#27;[0;39m &amp#27;[39mDEBUG&amp#27;[0;39m [&amp#27;[34mmain&amp#27;[0;39m] &amp#27;[33morg.hibernate.cfg.Settings&amp#27;[0;39m: Connection release mode: ON_CLOSE
&amp#27;[30m2020-02-08 10:21:39,794&amp#27;[0;39m &amp#27;[39mDEBUG&amp#27;[0;39m [&amp#27;[34mmain&amp#27;[0;39m] &amp#27;[33morg.hibernate.cfg.Settings&amp#27;[0;39m: Generate SQL with comments: disabled
&amp#27;[30m2020-02-08 10:21:39,795&amp#27;[0;39m &amp#27;[39mDEBUG&amp#27;[0;39m [&amp#27;[34mmain&amp#27;[0;39m] &amp#27;[33morg.hibernate.cfg.Settings&amp#27;[0;39m: JPA compliance - query : 
&amp#27;[30m2020-02-08 10:21:39,795&amp#27;[0;39m &amp#27;[39mDEBUG&amp#27;[0;39m [&amp#27;[34mmain&amp#27;[0;39m] &amp#27;[33morg.hibernate.cfg.Settings&amp#27;[0;39m: JPA compliance - closed-handling : 
&amp#27;[30m2020-02-08 10:21:39,795&amp#27;[0;39m &amp#27;[39mDEBUG&amp#27;[0;39m [&amp#27;[34mmain&amp#27;[0;39m] &amp#27;[33morg.hibernate.cfg.Settings&amp#27;[0;39m: JPA compliance - lists : 
&amp#27;[30m2020-02-08 10:21:39,795&amp#27;[0;39m &amp#27;[39mDEBUG&amp#27;[0;39m [&amp#27;[34mmain&amp#27;[0;39m] &amp#27;[33morg.hibernate.cfg.Settings&amp#27;[0;39m: JPA compliance - transactions : 
&amp#27;[30m2020-02-08 10:21:39,800&amp#27;[0;39m &amp#27;[39mDEBUG&amp#27;[0;39m [&amp#27;[34mmain&amp#27;[0;39m] &amp#27;[33morg.hibernate.internal.SessionFactoryImpl&amp#27;[0;39m: Session factory constructed with filter configurations : {}
&amp#27;[30m2020-02-08 10:21:39,800&amp#27;[0;39m &amp#27;[39mDEBUG&amp#27;[0;39m [&amp#27;[34mmain&amp#27;[0;39m] &amp#27;[33morg.hibernate.internal.SessionFactoryImpl&amp#27;[0;39m: Instantiating session factory with properties: {sun.desktop=gnome, awt.toolkit=sun.awt.X11.XToolkit, hibernate.format_sql=true, hibernate.id.new_generator_mappings=true, java.specification.version=11, sun.cpu.isalist=, hibernate.resource.beans.container=org.springframework.orm.hibernate5.SpringBeanContainer@427946b9, hibernate.connection.handling_mode=DELAYED_ACQUISITION_AND_HOLD, sun.jnu.encoding=UTF-8, hibernate.dialect=org.hibernate.dialect.H2Dialect, hibernate.implicit_naming_strategy=org.springframework.boot.orm.jpa.hibernate.SpringImplicitNamingStrategy, java.class.path=/home/vinod/Desktop/desk/projects/universityapi/target/test-classes:/home/vinod/Desktop/desk/projects/universityapi/target/classes:/home/vinod/.m2/repository/org/springframework/boot/spring-boot-starter-data-jpa/2.1.5.RELEASE/spring-boot-starter-data-jpa-2.1.5.RELEASE.jar:/home/vinod/.m2/repository/org/springframework/boot/spring-boot-starter-aop/2.1.5.RELEASE/spring-boot-starter-aop-2.1.5.RELEASE.jar:/home/vinod/.m2/repository/org/aspectj/aspectjweaver/1.9.4/aspectjweaver-1.9.4.jar:/home/vinod/.m2/repository/org/springframework/boot/spring-boot-starter-jdbc/2.1.5.RELEASE/spring-boot-starter-jdbc-2.1.5.RELEASE.jar:/home/vinod/.m2/repository/com/zaxxer/HikariCP/3.2.0/HikariCP-3.2.0.jar:/home/vinod/.m2/repository/org/springframework/spring-jdbc/5.1.7.RELEASE/spring-jdbc-5.1.7.RELEASE.jar:/home/vinod/.m2/repository/javax/transaction/javax.transaction-api/1.3/javax.transaction-api-1.3.jar:/home/vinod/.m2/repository/javax/xml/bind/jaxb-api/2.3.1/jaxb-api-2.3.1.jar:/home/vinod/.m2/repository/javax/activation/javax.activation-api/1.2.0/javax.activation-api-1.2.0.jar:/home/vinod/.m2/repository/org/hibernate/hibernate-core/5.3.10.Final/hibernate-core-5.3.10.Final.jar:/home/vinod/.m2/repository/org/jboss/logging/jboss-logging/3.3.2.Final/jboss-logging-3.3.2.Final.jar:/home/vinod/.m2/repository/javax/persistence/javax.persistence-api/2.2/javax.persistence-api-2.2.jar:/home/vinod/.m2/repository/org/javassist/javassist/3.23.2-GA/javassist-3.23.2-GA.jar:/home/vinod/.m2/repository/net/bytebuddy/byte-buddy/1.9.12/byte-buddy-1.9.12.jar:/home/vinod/.m2/repository/antlr/antlr/2.7.7/antlr-2.7.7.jar:/home/vinod/.m2/repository/org/jboss/jandex/2.0.5.Final/jandex-2.0.5.Final.jar:/home/vinod/.m2/repository/com/fasterxml/classmate/1.4.0/classmate-1.4.0.jar:/home/vinod/.m2/repository/org/dom4j/dom4j/2.1.1/dom4j-2.1.1.jar:/home/vinod/.m2/repository/org/hibernate/common/hibernate-commons-annotations/5.0.4.Final/hibernate-commons-annotations-5.0.4.Final.jar:/home/vinod/.m2/repository/org/springframework/data/spring-data-jpa/2.1.8.RELEASE/spring-data-jpa-2.1.8.RELEASE.jar:/home/vinod/.m2/repository/org/springframework/data/spring-data-commons/2.1.8.RELEASE/spring-data-commons-2.1.8.RELEASE.jar:/home/vinod/.m2/repository/org/springframework/spring-orm/5.1.7.RELEASE/spring-orm-5.1.7.RELEASE.jar:/home/vinod/.m2/repository/org/springframework/spring-context/5.1.7.RELEASE/spring-context-5.1.7.RELEASE.jar:/home/vinod/.m2/repository/org/springframework/spring-tx/5.1.7.RELEASE/spring-tx-5.1.7.RELEASE.jar:/home/vinod/.m2/repository/org/springframework/spring-beans/5.1.7.RELEASE/spring-beans-5.1.7.RELEASE.jar:/home/vinod/.m2/repository/org/slf4j/slf4j-api/1.7.26/slf4j-api-1.7.26.jar:/home/vinod/.m2/repository/org/springframework/spring-aspects/5.1.7.RELEASE/spring-aspects-5.1.7.RELEASE.jar:/home/vinod/.m2/repository/org/springframework/boot/spring-boot-starter-security/2.1.5.RELEASE/spring-boot-starter-security-2.1.5.RELEASE.jar:/home/vinod/.m2/repository/org/springframework/boot/spring-boot-starter/2.1.5.RELEASE/spring-boot-starter-2.1.5.RELEASE.jar:/home/vinod/.m2/repository/org/springframework/boot/spring-boot-starter-logging/2.1.5.RELEASE/spring-boot-starter-logging-2.1.5.RELEASE.jar:/home/vinod/.m2/repository/ch/qos/logback/logback-classic/1.2.3/logback-classic-1.2.3.jar:/home/vinod/.m2/repository/ch/qos/logback/logback-core/1.2.3/logback-core-1.2.3.jar:/home/vinod/.m2/repository/org/apache/logging/log4j/log4j-to-slf4j/2.11.2/log4j-to-slf4j-2.11.2.jar:/home/vinod/.m2/repository/org/apache/logging/log4j/log4j-api/2.11.2/log4j-api-2.11.2.jar:/home/vinod/.m2/repository/org/slf4j/jul-to-slf4j/1.7.26/jul-to-slf4j-1.7.26.jar:/home/vinod/.m2/repository/javax/annotation/javax.annotation-api/1.3.2/javax.annotation-api-1.3.2.jar:/home/vinod/.m2/repository/org/yaml/snakeyaml/1.23/snakeyaml-1.23.jar:/home/vinod/.m2/repository/org/springframework/spring-aop/5.1.7.RELEASE/spring-aop-5.1.7.RELEASE.jar:/home/vinod/.m2/repository/org/springframework/security/spring-security-config/5.1.5.RELEASE/spring-security-config-5.1.5.RELEASE.jar:/home/vinod/.m2/repository/org/springframework/security/spring-security-web/5.1.5.RELEASE/spring-security-web-5.1.5.RELEASE.jar:/home/vinod/.m2/repository/org/springframework/spring-expression/5.1.7.RELEASE/spring-expression-5.1.7.RELEASE.jar:/home/vinod/.m2/repository/org/springframework/boot/spring-boot-starter-web/2.1.5.RELEASE/spring-boot-starter-web-2.1.5.RELEASE.jar:/home/vinod/.m2/repository/org/springframework/boot/spring-boot-starter-json/2.1.5.RELEASE/spring-boot-starter-json-2.1.5.RELEASE.jar:/home/vinod/.m2/repository/com/fasterxml/jackson/core/jackson-databind/2.9.8/jackson-databind-2.9.8.jar:/home/vinod/.m2/repository/com/fasterxml/jackson/core/jackson-annotations/2.9.0/jackson-annotations-2.9.0.jar:/home/vinod/.m2/repository/com/fasterxml/jackson/core/jackson-core/2.9.8/jackson-core-2.9.8.jar:/home/vinod/.m2/repository/com/fasterxml/jackson/datatype/jackson-datatype-jdk8/2.9.8/jackson-datatype-jdk8-2.9.8.jar:/home/vinod/.m2/repository/com/fasterxml/jackson/datatype/jackson-datatype-jsr310/2.9.8/jackson-datatype-jsr310-2.9.8.jar:/home/vinod/.m2/repository/com/fasterxml/jackson/module/jackson-module-parameter-names/2.9.8/jackson-module-parameter-names-2.9.8.jar:/home/vinod/.m2/repository/org/springframework/boot/spring-boot-starter-tomcat/2.1.5.RELEASE/spring-boot-starter-tomcat-2.1.5.RELEASE.jar:/home/vinod/.m2/repository/org/apache/tomcat/embed/tomcat-embed-core/9.0.19/tomcat-embed-core-9.0.19.jar:/home/vinod/.m2/repository/org/apache/tomcat/embed/tomcat-embed-el/9.0.19/tomcat-embed-el-9.0.19.jar:/home/vinod/.m2/repository/org/apache/tomcat/embed/tomcat-embed-websocket/9.0.19/tomcat-embed-websocket-9.0.19.jar:/home/vinod/.m2/repository/org/hibernate/validator/hibernate-validator/6.0.16.Final/hibernate-validator-6.0.16.Final.jar:/home/vinod/.m2/repository/javax/validation/validation-api/2.0.1.Final/validation-api-2.0.1.Final.jar:/home/vinod/.m2/repository/org/springframework/spring-web/5.1.7.RELEASE/spring-web-5.1.7.RELEASE.jar:/home/vinod/.m2/repository/org/springframework/spring-webmvc/5.1.7.RELEASE/spring-webmvc-5.1.7.RELEASE.jar:/home/vinod/.m2/repository/mysql/mysql-connector-java/8.0.16/mysql-connector-java-8.0.16.jar:/home/vinod/.m2/repository/org/springframework/boot/spring-boot-starter-test/2.1.5.RELEASE/spring-boot-starter-test-2.1.5.RELEASE.jar:/home/vinod/.m2/repository/org/springframework/boot/spring-boot-test/2.1.5.RELEASE/spring-boot-test-2.1.5.RELEASE.jar:/home/vinod/.m2/repository/org/springframework/boot/spring-boot-test-autoconfigure/2.1.5.RELEASE/spring-boot-test-autoconfigure-2.1.5.RELEASE.jar:/home/vinod/.m2/repository/com/jayway/jsonpath/json-path/2.4.0/json-path-2.4.0.jar:/home/vinod/.m2/repository/net/minidev/json-smart/2.3/json-smart-2.3.jar:/home/vinod/.m2/repository/net/minidev/accessors-smart/1.2/accessors-smart-1.2.jar:/home/vinod/.m2/repository/org/ow2/asm/asm/5.0.4/asm-5.0.4.jar:/home/vinod/.m2/repository/junit/junit/4.12/junit-4.12.jar:/home/vinod/.m2/repository/org/assertj/assertj-core/3.11.1/assertj-core-3.11.1.jar:/home/vinod/.m2/repository/org/mockito/mockito-core/2.23.4/mockito-core-2.23.4.jar:/home/vinod/.m2/repository/net/bytebuddy/byte-buddy-agent/1.9.12/byte-buddy-agent-1.9.12.jar:/home/vinod/.m2/repository/org/objenesis/objenesis/2.6/objenesis-2.6.jar:/home/vinod/.m2/repository/org/hamcrest/hamcrest-core/1.3/hamcrest-core-1.3.jar:/home/vinod/.m2/repository/org/hamcrest/hamcrest-library/1.3/hamcrest-library-1.3.jar:/home/vinod/.m2/repository/org/skyscreamer/jsonassert/1.5.0/jsonassert-1.5.0.jar:/home/vinod/.m2/repository/com/vaadin/external/google/android-json/0.0.20131108.vaadin1/android-json-0.0.20131108.vaadin1.jar:/home/vinod/.m2/repository/org/springframework/spring-core/5.1.7.RELEASE/spring-core-5.1.7.RELEASE.jar:/home/vinod/.m2/repository/org/springframework/spring-jcl/5.1.7.RELEASE/spring-jcl-5.1.7.RELEASE.jar:/home/vinod/.m2/repository/org/springframework/spring-test/5.1.7.RELEASE/spring-test-5.1.7.RELEASE.jar:/home/vinod/.m2/repository/org/xmlunit/xmlunit-core/2.6.2/xmlunit-core-2.6.2.jar:/home/vinod/.m2/repository/com/h2database/h2/1.4.199/h2-1.4.199.jar:/home/vinod/.m2/repository/org/springframework/security/spring-security-test/5.1.5.RELEASE/spring-security-test-5.1.5.RELEASE.jar:/home/vinod/.m2/repository/org/springframework/security/spring-security-core/5.1.5.RELEASE/spring-security-core-5.1.5.RELEASE.jar:/home/vinod/.m2/repository/org/springframework/boot/spring-boot-devtools/2.1.5.RELEASE/spring-boot-devtools-2.1.5.RELEASE.jar:/home/vinod/.m2/repository/org/springframework/boot/spring-boot/2.1.5.RELEASE/spring-boot-2.1.5.RELEASE.jar:/home/vinod/.m2/repository/org/springframework/boot/spring-boot-autoconfigure/2.1.5.RELEASE/spring-boot-autoconfigure-2.1.5.RELEASE.jar:, java.vm.vendor=AdoptOpenJDK, sun.arch.data.model=64, java.vendor.url=https://adoptopenjdk.net/, user.timezone=Asia/Kolkata, os.name=Linux, java.vm.specification.version=11, javax.persistence.validation.mode=AUTO, sun.java.launcher=SUN_STANDARD, user.country=IN, sun.boot.library.path=/home/vinod/.sdkman/candidates/java/11.0.4.hs-adpt/lib, sun.java.command=/home/vinod/Desktop/desk/projects/universityapi/target/surefire/surefirebooter9337132622826742852.jar /home/vinod/Desktop/desk/projects/universityapi/target/surefire 2020-02-08T10-21-20_114-jvmRun1 surefire10272446337612567938tmp surefire_012652112760342641946tmp, hibernate.transaction.jta.platform=org.hibernate.engine.transaction.jta.platform.internal.NoJtaPlatform@fe58644, javax.persistence.sharedCache.mode=UNSPECIFIED, jdk.debug=release, surefire.test.class.path=/home/vinod/Desktop/desk/projects/universityapi/target/test-classes:/home/vinod/Desktop/desk/projects/universityapi/target/classes:/home/vinod/.m2/repository/org/springframework/boot/spring-boot-starter-data-jpa/2.1.5.RELEASE/spring-boot-starter-data-jpa-2.1.5.RELEASE.jar:/home/vinod/.m2/repository/org/springframework/boot/spring-boot-starter-aop/2.1.5.RELEASE/spring-boot-starter-aop-2.1.5.RELEASE.jar:/home/vinod/.m2/repository/org/aspectj/aspectjweaver/1.9.4/aspectjweaver-1.9.4.jar:/home/vinod/.m2/repository/org/springframework/boot/spring-boot-starter-jdbc/2.1.5.RELEASE/spring-boot-starter-jdbc-2.1.5.RELEASE.jar:/home/vinod/.m2/repository/com/zaxxer/HikariCP/3.2.0/HikariCP-3.2.0.jar:/home/vinod/.m2/repository/org/springframework/spring-jdbc/5.1.7.RELEASE/spring-jdbc-5.1.7.RELEASE.jar:/home/vinod/.m2/repository/javax/transaction/javax.transaction-api/1.3/javax.transaction-api-1.3.jar:/home/vinod/.m2/repository/javax/xml/bind/jaxb-api/2.3.1/jaxb-api-2.3.1.jar:/home/vinod/.m2/repository/javax/activation/javax.activation-api/1.2.0/javax.activation-api-1.2.0.jar:/home/vinod/.m2/repository/org/hibernate/hibernate-core/5.3.10.Final/hibernate-core-5.3.10.Final.jar:/home/vinod/.m2/repository/org/jboss/logging/jboss-logging/3.3.2.Final/jboss-logging-3.3.2.Final.jar:/home/vinod/.m2/repository/javax/persistence/javax.persistence-api/2.2/javax.persistence-api-2.2.jar:/home/vinod/.m2/repository/org/javassist/javassist/3.23.2-GA/javassist-3.23.2-GA.jar:/home/vinod/.m2/repository/net/bytebuddy/byte-buddy/1.9.12/byte-buddy-1.9.12.jar:/home/vinod/.m2/repository/antlr/antlr/2.7.7/antlr-2.7.7.jar:/home/vinod/.m2/repository/org/jboss/jandex/2.0.5.Final/jandex-2.0.5.Final.jar:/home/vinod/.m2/repository/com/fasterxml/classmate/1.4.0/classmate-1.4.0.jar:/home/vinod/.m2/repository/org/dom4j/dom4j/2.1.1/dom4j-2.1.1.jar:/home/vinod/.m2/repository/org/hibernate/common/hibernate-commons-annotations/5.0.4.Final/hibernate-commons-annotations-5.0.4.Final.jar:/home/vinod/.m2/repository/org/springframework/data/spring-data-jpa/2.1.8.RELEASE/spring-data-jpa-2.1.8.RELEASE.jar:/home/vinod/.m2/repository/org/springframework/data/spring-data-commons/2.1.8.RELEASE/spring-data-commons-2.1.8.RELEASE.jar:/home/vinod/.m2/repository/org/springframework/spring-orm/5.1.7.RELEASE/spring-orm-5.1.7.RELEASE.jar:/home/vinod/.m2/repository/org/springframework/spring-context/5.1.7.RELEASE/spring-context-5.1.7.RELEASE.jar:/home/vinod/.m2/repository/org/springframework/spring-tx/5.1.7.RELEASE/spring-tx-5.1.7.RELEASE.jar:/home/vinod/.m2/repository/org/springframework/spring-beans/5.1.7.RELEASE/spring-beans-5.1.7.RELEASE.jar:/home/vinod/.m2/repository/org/slf4j/slf4j-api/1.7.26/slf4j-api-1.7.26.jar:/home/vinod/.m2/repository/org/springframework/spring-aspects/5.1.7.RELEASE/spring-aspects-5.1.7.RELEASE.jar:/home/vinod/.m2/repository/org/springframework/boot/spring-boot-starter-security/2.1.5.RELEASE/spring-boot-starter-security-2.1.5.RELEASE.jar:/home/vinod/.m2/repository/org/springframework/boot/spring-boot-starter/2.1.5.RELEASE/spring-boot-starter-2.1.5.RELEASE.jar:/home/vinod/.m2/repository/org/springframework/boot/spring-boot-starter-logging/2.1.5.RELEASE/spring-boot-starter-logging-2.1.5.RELEASE.jar:/home/vinod/.m2/repository/ch/qos/logback/logback-classic/1.2.3/logback-classic-1.2.3.jar:/home/vinod/.m2/repository/ch/qos/logback/logback-core/1.2.3/logback-core-1.2.3.jar:/home/vinod/.m2/repository/org/apache/logging/log4j/log4j-to-slf4j/2.11.2/log4j-to-slf4j-2.11.2.jar:/home/vinod/.m2/repository/org/apache/logging/log4j/log4j-api/2.11.2/log4j-api-2.11.2.jar:/home/vinod/.m2/repository/org/slf4j/jul-to-slf4j/1.7.26/jul-to-slf4j-1.7.26.jar:/home/vinod/.m2/repository/javax/annotation/javax.annotation-api/1.3.2/javax.annotation-api-1.3.2.jar:/home/vinod/.m2/repository/org/yaml/snakeyaml/1.23/snakeyaml-1.23.jar:/home/vinod/.m2/repository/org/springframework/spring-aop/5.1.7.RELEASE/spring-aop-5.1.7.RELEASE.jar:/home/vinod/.m2/repository/org/springframework/security/spring-security-config/5.1.5.RELEASE/spring-security-config-5.1.5.RELEASE.jar:/home/vinod/.m2/repository/org/springframework/security/spring-security-web/5.1.5.RELEASE/spring-security-web-5.1.5.RELEASE.jar:/home/vinod/.m2/repository/org/springframework/spring-expression/5.1.7.RELEASE/spring-expression-5.1.7.RELEASE.jar:/home/vinod/.m2/repository/org/springframework/boot/spring-boot-starter-web/2.1.5.RELEASE/spring-boot-starter-web-2.1.5.RELEASE.jar:/home/vinod/.m2/repository/org/springframework/boot/spring-boot-starter-json/2.1.5.RELEASE/spring-boot-starter-json-2.1.5.RELEASE.jar:/home/vinod/.m2/repository/com/fasterxml/jackson/core/jackson-databind/2.9.8/jackson-databind-2.9.8.jar:/home/vinod/.m2/repository/com/fasterxml/jackson/core/jackson-annotations/2.9.0/jackson-annotations-2.9.0.jar:/home/vinod/.m2/repository/com/fasterxml/jackson/core/jackson-core/2.9.8/jackson-core-2.9.8.jar:/home/vinod/.m2/repository/com/fasterxml/jackson/datatype/jackson-datatype-jdk8/2.9.8/jackson-datatype-jdk8-2.9.8.jar:/home/vinod/.m2/repository/com/fasterxml/jackson/datatype/jackson-datatype-jsr310/2.9.8/jackson-datatype-jsr310-2.9.8.jar:/home/vinod/.m2/repository/com/fasterxml/jackson/module/jackson-module-parameter-names/2.9.8/jackson-module-parameter-names-2.9.8.jar:/home/vinod/.m2/repository/org/springframework/boot/spring-boot-starter-tomcat/2.1.5.RELEASE/spring-boot-starter-tomcat-2.1.5.RELEASE.jar:/home/vinod/.m2/repository/org/apache/tomcat/embed/tomcat-embed-core/9.0.19/tomcat-embed-core-9.0.19.jar:/home/vinod/.m2/repository/org/apache/tomcat/embed/tomcat-embed-el/9.0.19/tomcat-embed-el-9.0.19.jar:/home/vinod/.m2/repository/org/apache/tomcat/embed/tomcat-embed-websocket/9.0.19/tomcat-embed-websocket-9.0.19.jar:/home/vinod/.m2/repository/org/hibernate/validator/hibernate-validator/6.0.16.Final/hibernate-validator-6.0.16.Final.jar:/home/vinod/.m2/repository/javax/validation/validation-api/2.0.1.Final/validation-api-2.0.1.Final.jar:/home/vinod/.m2/repository/org/springframework/spring-web/5.1.7.RELEASE/spring-web-5.1.7.RELEASE.jar:/home/vinod/.m2/repository/org/springframework/spring-webmvc/5.1.7.RELEASE/spring-webmvc-5.1.7.RELEASE.jar:/home/vinod/.m2/repository/mysql/mysql-connector-java/8.0.16/mysql-connector-java-8.0.16.jar:/home/vinod/.m2/repository/org/springframework/boot/spring-boot-starter-test/2.1.5.RELEASE/spring-boot-starter-test-2.1.5.RELEASE.jar:/home/vinod/.m2/repository/org/springframework/boot/spring-boot-test/2.1.5.RELEASE/spring-boot-test-2.1.5.RELEASE.jar:/home/vinod/.m2/repository/org/springframework/boot/spring-boot-test-autoconfigure/2.1.5.RELEASE/spring-boot-test-autoconfigure-2.1.5.RELEASE.jar:/home/vinod/.m2/repository/com/jayway/jsonpath/json-path/2.4.0/json-path-2.4.0.jar:/home/vinod/.m2/repository/net/minidev/json-smart/2.3/json-smart-2.3.jar:/home/vinod/.m2/repository/net/minidev/accessors-smart/1.2/accessors-smart-1.2.jar:/home/vinod/.m2/repository/org/ow2/asm/asm/5.0.4/asm-5.0.4.jar:/home/vinod/.m2/repository/junit/junit/4.12/junit-4.12.jar:/home/vinod/.m2/repository/org/assertj/assertj-core/3.11.1/assertj-core-3.11.1.jar:/home/vinod/.m2/repository/org/mockito/mockito-core/2.23.4/mockito-core-2.23.4.jar:/home/vinod/.m2/repository/net/bytebuddy/byte-buddy-agent/1.9.12/byte-buddy-agent-1.9.12.jar:/home/vinod/.m2/repository/org/objenesis/objenesis/2.6/objenesis-2.6.jar:/home/vinod/.m2/repository/org/hamcrest/hamcrest-core/1.3/hamcrest-core-1.3.jar:/home/vinod/.m2/repository/org/hamcrest/hamcrest-library/1.3/hamcrest-library-1.3.jar:/home/vinod/.m2/repository/org/skyscreamer/jsonassert/1.5.0/jsonassert-1.5.0.jar:/home/vinod/.m2/repository/com/vaadin/external/google/android-json/0.0.20131108.vaadin1/android-json-0.0.20131108.vaadin1.jar:/home/vinod/.m2/repository/org/springframework/spring-core/5.1.7.RELEASE/spring-core-5.1.7.RELEASE.jar:/home/vinod/.m2/repository/org/springframework/spring-jcl/5.1.7.RELEASE/spring-jcl-5.1.7.RELEASE.jar:/home/vinod/.m2/repository/org/springframework/spring-test/5.1.7.RELEASE/spring-test-5.1.7.RELEASE.jar:/home/vinod/.m2/repository/org/xmlunit/xmlunit-core/2.6.2/xmlunit-core-2.6.2.jar:/home/vinod/.m2/repository/com/h2database/h2/1.4.199/h2-1.4.199.jar:/home/vinod/.m2/repository/org/springframework/security/spring-security-test/5.1.5.RELEASE/spring-security-test-5.1.5.RELEASE.jar:/home/vinod/.m2/repository/org/springframework/security/spring-security-core/5.1.5.RELEASE/spring-security-core-5.1.5.RELEASE.jar:/home/vinod/.m2/repository/org/springframework/boot/spring-boot-devtools/2.1.5.RELEASE/spring-boot-devtools-2.1.5.RELEASE.jar:/home/vinod/.m2/repository/org/springframework/boot/spring-boot/2.1.5.RELEASE/spring-boot-2.1.5.RELEASE.jar:/home/vinod/.m2/repository/org/springframework/boot/spring-boot-autoconfigure/2.1.5.RELEASE/spring-boot-autoconfigure-2.1.5.RELEASE.jar:, sun.cpu.endian=little, user.home=/home/vinod, user.language=en, java.specification.vendor=Oracle Corporation, java.version.date=2019-07-16, java.home=/home/vinod/.sdkman/candidates/java/11.0.4.hs-adpt, file.separator=/, basedir=/home/vinod/Desktop/desk/projects/universityapi, java.vm.compressedOopsMode=32-bit, line.separator=
, java.specification.name=Java Platform API Specification, java.vm.specification.vendor=Oracle Corporation, hibernate.transaction.coordinator_class=class org.hibernate.resource.transaction.backend.jdbc.internal.JdbcResourceLocalTransactionCoordinatorBuilderImpl, java.awt.graphicsenv=sun.awt.X11GraphicsEnvironment, java.awt.headless=true, surefire.real.class.path=/home/vinod/Desktop/desk/projects/universityapi/target/surefire/surefirebooter9337132622826742852.jar, hibernate.hbm2ddl.auto=create, sun.management.compiler=HotSpot 64-Bit Tiered Compilers, java.runtime.version=11.0.4+11, user.name=vinod, path.separator=:, os.version=4.9.0-8-amd64, java.runtime.name=OpenJDK Runtime Environment, file.encoding=UTF-8, hibernate.ejb.persistenceUnitName=default, spring.beaninfo.ignore=true, java.vm.name=OpenJDK 64-Bit Server VM, java.vendor.version=AdoptOpenJDK, localRepository=/home/vinod/.m2/repository, java.vendor.url.bug=https://github.com/AdoptOpenJDK/openjdk-build/issues, java.io.tmpdir=/tmp, com.zaxxer.hikari.pool_number=1, java.version=11.0.4, hibernate.physical_naming_strategy=org.springframework.boot.orm.jpa.hibernate.SpringPhysicalNamingStrategy, user.dir=/home/vinod/Desktop/desk/projects/universityapi, os.arch=amd64, java.vm.specification.name=Java Virtual Machine Specification, PID=6772, java.awt.printerjob=sun.print.PSPrinterJob, idea.version2019.1.2=true, sun.os.patch.level=unknown, hibernate.boot.CfgXmlAccessService.key=org.hibernate.boot.cfgxml.spi.LoadedConfig@2ecb87b2, java.library.path=/usr/java/packages/lib:/usr/lib64:/lib64:/lib:/usr/lib, java.vendor=AdoptOpenJDK, java.vm.info=mixed mode, java.vm.version=11.0.4+11, hibernate.bytecode.use_reflection_optimizer=false, sun.io.unicode.encoding=UnicodeLittle, hibernate.connection.datasource=HikariDataSource (HikariPool-3), java.class.version=55.0}
&amp#27;[30m2020-02-08 10:21:39,801&amp#27;[0;39m &amp#27;[39mDEBUG&amp#27;[0;39m [&amp#27;[34mmain&amp#27;[0;39m] &amp#27;[33morg.hibernate.validator.internal.engine.resolver.TraversableResolvers&amp#27;[0;39m: Found javax.persistence.Persistence on classpath containing 'getPersistenceUtil'. Assuming JPA 2 environment. Trying to instantiate JPA aware TraversableResolver
&amp#27;[30m2020-02-08 10:21:39,814&amp#27;[0;39m &amp#27;[39mDEBUG&amp#27;[0;39m [&amp#27;[34mmain&amp#27;[0;39m] &amp#27;[33morg.hibernate.validator.internal.engine.resolver.TraversableResolvers&amp#27;[0;39m: Instantiated JPA aware TraversableResolver of type org.hibernate.validator.internal.engine.resolver.JPATraversableResolver.
&amp#27;[30m2020-02-08 10:21:39,814&amp#27;[0;39m &amp#27;[39mDEBUG&amp#27;[0;39m [&amp#27;[34mmain&amp#27;[0;39m] &amp#27;[33morg.hibernate.validator.internal.xml.config.ValidationXmlParser&amp#27;[0;39m: Trying to load META-INF/validation.xml for XML based Validator configuration.
&amp#27;[30m2020-02-08 10:21:39,815&amp#27;[0;39m &amp#27;[39mDEBUG&amp#27;[0;39m [&amp#27;[34mmain&amp#27;[0;39m] &amp#27;[33morg.hibernate.validator.internal.xml.config.ResourceLoaderHelper&amp#27;[0;39m: Trying to load META-INF/validation.xml via TCCL
&amp#27;[30m2020-02-08 10:21:39,816&amp#27;[0;39m &amp#27;[39mDEBUG&amp#27;[0;39m [&amp#27;[34mmain&amp#27;[0;39m] &amp#27;[33morg.hibernate.validator.internal.xml.config.ResourceLoaderHelper&amp#27;[0;39m: Trying to load META-INF/validation.xml via Hibernate Validator's class loader
&amp#27;[30m2020-02-08 10:21:39,817&amp#27;[0;39m &amp#27;[39mDEBUG&amp#27;[0;39m [&amp#27;[34mmain&amp#27;[0;39m] &amp#27;[33morg.hibernate.validator.internal.xml.config.ValidationXmlParser&amp#27;[0;39m: No META-INF/validation.xml found. Using annotation based configuration only.
&amp#27;[30m2020-02-08 10:21:39,825&amp#27;[0;39m &amp#27;[39mDEBUG&amp#27;[0;39m [&amp#27;[34mmain&amp#27;[0;39m] &amp#27;[33morg.hibernate.validator.messageinterpolation.ResourceBundleMessageInterpolator&amp#27;[0;39m: Loaded expression factory via original TCCL
&amp#27;[30m2020-02-08 10:21:39,825&amp#27;[0;39m &amp#27;[39mDEBUG&amp#27;[0;39m [&amp#27;[34mmain&amp#27;[0;39m] &amp#27;[33morg.hibernate.validator.internal.engine.ValidatorFactoryImpl&amp#27;[0;39m: HV000234: Using org.hibernate.validator.messageinterpolation.ResourceBundleMessageInterpolator as ValidatorFactory-scoped message interpolator.
&amp#27;[30m2020-02-08 10:21:39,826&amp#27;[0;39m &amp#27;[39mDEBUG&amp#27;[0;39m [&amp#27;[34mmain&amp#27;[0;39m] &amp#27;[33morg.hibernate.validator.internal.engine.ValidatorFactoryImpl&amp#27;[0;39m: HV000234: Using org.hibernate.validator.internal.engine.resolver.JPATraversableResolver as ValidatorFactory-scoped traversable resolver.
&amp#27;[30m2020-02-08 10:21:39,826&amp#27;[0;39m &amp#27;[39mDEBUG&amp#27;[0;39m [&amp#27;[34mmain&amp#27;[0;39m] &amp#27;[33morg.hibernate.validator.internal.engine.ValidatorFactoryImpl&amp#27;[0;39m: HV000234: Using org.hibernate.validator.internal.util.ExecutableParameterNameProvider as ValidatorFactory-scoped parameter name provider.
&amp#27;[30m2020-02-08 10:21:39,826&amp#27;[0;39m &amp#27;[39mDEBUG&amp#27;[0;39m [&amp#27;[34mmain&amp#27;[0;39m] &amp#27;[33morg.hibernate.validator.internal.engine.ValidatorFactoryImpl&amp#27;[0;39m: HV000234: Using org.hibernate.validator.internal.engine.DefaultClockProvider as ValidatorFactory-scoped clock provider.
&amp#27;[30m2020-02-08 10:21:39,826&amp#27;[0;39m &amp#27;[39mDEBUG&amp#27;[0;39m [&amp#27;[34mmain&amp#27;[0;39m] &amp#27;[33morg.hibernate.validator.internal.engine.ValidatorFactoryImpl&amp#27;[0;39m: HV000234: Using org.hibernate.validator.internal.engine.scripting.DefaultScriptEvaluatorFactory as ValidatorFactory-scoped script evaluator factory.
&amp#27;[30m2020-02-08 10:21:39,827&amp#27;[0;39m &amp#27;[39mDEBUG&amp#27;[0;39m [&amp#27;[34mmain&amp#27;[0;39m] &amp#27;[33morg.hibernate.boot.internal.ClassLoaderAccessImpl&amp#27;[0;39m: Not known whether passed class name [in.rgukt.r081247.universityapi.entity.Course] is safe
&amp#27;[30m2020-02-08 10:21:39,827&amp#27;[0;39m &amp#27;[39mDEBUG&amp#27;[0;39m [&amp#27;[34mmain&amp#27;[0;39m] &amp#27;[33morg.hibernate.boot.internal.ClassLoaderAccessImpl&amp#27;[0;39m: No temp ClassLoader provided; using live ClassLoader for loading potentially unsafe class : in.rgukt.r081247.universityapi.entity.Course
&amp#27;[30m2020-02-08 10:21:39,848&amp#27;[0;39m &amp#27;[39mDEBUG&amp#27;[0;39m [&amp#27;[34mmain&amp#27;[0;39m] &amp#27;[33morg.hibernate.boot.internal.ClassLoaderAccessImpl&amp#27;[0;39m: Not known whether passed class name [in.rgukt.r081247.universityapi.entity.Department] is safe
&amp#27;[30m2020-02-08 10:21:39,849&amp#27;[0;39m &amp#27;[39mDEBUG&amp#27;[0;39m [&amp#27;[34mmain&amp#27;[0;39m] &amp#27;[33morg.hibernate.boot.internal.ClassLoaderAccessImpl&amp#27;[0;39m: No temp ClassLoader provided; using live ClassLoader for loading potentially unsafe class : in.rgukt.r081247.universityapi.entity.Department
&amp#27;[30m2020-02-08 10:21:39,858&amp#27;[0;39m &amp#27;[39mDEBUG&amp#27;[0;39m [&amp#27;[34mmain&amp#27;[0;39m] &amp#27;[33morg.hibernate.boot.internal.ClassLoaderAccessImpl&amp#27;[0;39m: Not known whether passed class name [in.rgukt.r081247.universityapi.entity.Student] is safe
&amp#27;[30m2020-02-08 10:21:39,858&amp#27;[0;39m &amp#27;[39mDEBUG&amp#27;[0;39m [&amp#27;[34mmain&amp#27;[0;39m] &amp#27;[33morg.hibernate.boot.internal.ClassLoaderAccessImpl&amp#27;[0;39m: No temp ClassLoader provided; using live ClassLoader for loading potentially unsafe class : in.rgukt.r081247.universityapi.entity.Student
&amp#27;[30m2020-02-08 10:21:39,875&amp#27;[0;39m &amp#27;[39mDEBUG&amp#27;[0;39m [&amp#27;[34mmain&amp#27;[0;39m] &amp#27;[33morg.hibernate.secure.spi.JaccIntegrator&amp#27;[0;39m: Skipping JACC integration as it was not enabled
&amp#27;[30m2020-02-08 10:21:39,875&amp#27;[0;39m &amp#27;[39mDEBUG&amp#27;[0;39m [&amp#27;[34mmain&amp#27;[0;39m] &amp#27;[33morg.hibernate.internal.SessionFactoryImpl&amp#27;[0;39m: Instantiated session factory
&amp#27;[30m2020-02-08 10:21:39,879&amp#27;[0;39m &amp#27;[39mDEBUG&amp#27;[0;39m [&amp#27;[34mmain&amp#27;[0;39m] &amp#27;[33morg.hibernate.type.spi.TypeConfiguration&amp#27;[0;39m: Scoping TypeConfiguration [org.hibernate.type.spi.TypeConfiguration@5379488c] to SessionFactoryImpl [org.hibernate.internal.SessionFactoryImpl@208ce928]
&amp#27;[30m2020-02-08 10:21:39,880&amp#27;[0;39m &amp#27;[39mDEBUG&amp#27;[0;39m [&amp#27;[34mmain&amp#27;[0;39m] &amp#27;[33morg.hibernate.boot.internal.ClassLoaderAccessImpl&amp#27;[0;39m: Not known whether passed class name [in.rgukt.r081247.universityapi.entity.Course] is safe
&amp#27;[30m2020-02-08 10:21:39,881&amp#27;[0;39m &amp#27;[39mDEBUG&amp#27;[0;39m [&amp#27;[34mmain&amp#27;[0;39m] &amp#27;[33morg.hibernate.boot.internal.ClassLoaderAccessImpl&amp#27;[0;39m: No temp ClassLoader provided; using live ClassLoader for loading potentially unsafe class : in.rgukt.r081247.universityapi.entity.Course
&amp#27;[30m2020-02-08 10:21:39,882&amp#27;[0;39m &amp#27;[39mDEBUG&amp#27;[0;39m [&amp#27;[34mmain&amp#27;[0;39m] &amp#27;[33morg.hibernate.boot.internal.ClassLoaderAccessImpl&amp#27;[0;39m: Not known whether passed class name [in.rgukt.r081247.universityapi.entity.Course] is safe
&amp#27;[30m2020-02-08 10:21:39,882&amp#27;[0;39m &amp#27;[39mDEBUG&amp#27;[0;39m [&amp#27;[34mmain&amp#27;[0;39m] &amp#27;[33morg.hibernate.boot.internal.ClassLoaderAccessImpl&amp#27;[0;39m: No temp ClassLoader provided; using live ClassLoader for loading potentially unsafe class : in.rgukt.r081247.universityapi.entity.Course
&amp#27;[30m2020-02-08 10:21:39,940&amp#27;[0;39m &amp#27;[39mDEBUG&amp#27;[0;39m [&amp#27;[34mmain&amp#27;[0;39m] &amp#27;[33morg.hibernate.boot.internal.ClassLoaderAccessImpl&amp#27;[0;39m: Not known whether passed class name [in.rgukt.r081247.universityapi.entity.Department] is safe
&amp#27;[30m2020-02-08 10:21:39,941&amp#27;[0;39m &amp#27;[39mDEBUG&amp#27;[0;39m [&amp#27;[34mmain&amp#27;[0;39m] &amp#27;[33morg.hibernate.boot.internal.ClassLoaderAccessImpl&amp#27;[0;39m: No temp ClassLoader provided; using live ClassLoader for loading potentially unsafe class : in.rgukt.r081247.universityapi.entity.Department
&amp#27;[30m2020-02-08 10:21:39,942&amp#27;[0;39m &amp#27;[39mDEBUG&amp#27;[0;39m [&amp#27;[34mmain&amp#27;[0;39m] &amp#27;[33morg.hibernate.boot.internal.ClassLoaderAccessImpl&amp#27;[0;39m: Not known whether passed class name [in.rgukt.r081247.universityapi.entity.Department] is safe
&amp#27;[30m2020-02-08 10:21:39,942&amp#27;[0;39m &amp#27;[39mDEBUG&amp#27;[0;39m [&amp#27;[34mmain&amp#27;[0;39m] &amp#27;[33morg.hibernate.boot.internal.ClassLoaderAccessImpl&amp#27;[0;39m: No temp ClassLoader provided; using live ClassLoader for loading potentially unsafe class : in.rgukt.r081247.universityapi.entity.Department
&amp#27;[30m2020-02-08 10:21:39,986&amp#27;[0;39m &amp#27;[39mDEBUG&amp#27;[0;39m [&amp#27;[34mmain&amp#27;[0;39m] &amp#27;[33morg.hibernate.boot.internal.ClassLoaderAccessImpl&amp#27;[0;39m: Not known whether passed class name [in.rgukt.r081247.universityapi.entity.Student] is safe
&amp#27;[30m2020-02-08 10:21:39,987&amp#27;[0;39m &amp#27;[39mDEBUG&amp#27;[0;39m [&amp#27;[34mmain&amp#27;[0;39m] &amp#27;[33morg.hibernate.boot.internal.ClassLoaderAccessImpl&amp#27;[0;39m: No temp ClassLoader provided; using live ClassLoader for loading potentially unsafe class : in.rgukt.r081247.universityapi.entity.Student
&amp#27;[30m2020-02-08 10:21:39,988&amp#27;[0;39m &amp#27;[39mDEBUG&amp#27;[0;39m [&amp#27;[34mmain&amp#27;[0;39m] &amp#27;[33morg.hibernate.boot.internal.ClassLoaderAccessImpl&amp#27;[0;39m: Not known whether passed class name [in.rgukt.r081247.universityapi.entity.Student] is safe
&amp#27;[30m2020-02-08 10:21:39,989&amp#27;[0;39m &amp#27;[39mDEBUG&amp#27;[0;39m [&amp#27;[34mmain&amp#27;[0;39m] &amp#27;[33morg.hibernate.boot.internal.ClassLoaderAccessImpl&amp#27;[0;39m: No temp ClassLoader provided; using live ClassLoader for loading potentially unsafe class : in.rgukt.r081247.universityapi.entity.Student
&amp#27;[30m2020-02-08 10:21:40,022&amp#27;[0;39m &amp#27;[39mDEBUG&amp#27;[0;39m [&amp#27;[34mmain&amp#27;[0;39m] &amp#27;[33morg.hibernate.persister.collection.AbstractCollectionPersister&amp#27;[0;39m: Static SQL for collection: in.rgukt.r081247.universityapi.entity.Student.courses
&amp#27;[30m2020-02-08 10:21:40,023&amp#27;[0;39m &amp#27;[39mDEBUG&amp#27;[0;39m [&amp#27;[34mmain&amp#27;[0;39m] &amp#27;[33morg.hibernate.persister.collection.AbstractCollectionPersister&amp#27;[0;39m:  Row insert: insert into student_course (student_id, course_id) values (?, ?)
&amp#27;[30m2020-02-08 10:21:40,023&amp#27;[0;39m &amp#27;[39mDEBUG&amp#27;[0;39m [&amp#27;[34mmain&amp#27;[0;39m] &amp#27;[33morg.hibernate.persister.collection.AbstractCollectionPersister&amp#27;[0;39m:  Row update: update student_course set course_id=? where student_id=? and course_id=?
&amp#27;[30m2020-02-08 10:21:40,038&amp#27;[0;39m &amp#27;[39mDEBUG&amp#27;[0;39m [&amp#27;[34mmain&amp#27;[0;39m] &amp#27;[33morg.hibernate.persister.collection.AbstractCollectionPersister&amp#27;[0;39m:  Row delete: delete from student_course where student_id=? and course_id=?
&amp#27;[30m2020-02-08 10:21:40,045&amp#27;[0;39m &amp#27;[39mDEBUG&amp#27;[0;39m [&amp#27;[34mmain&amp#27;[0;39m] &amp#27;[33morg.hibernate.persister.collection.AbstractCollectionPersister&amp#27;[0;39m:  One-shot delete: delete from student_course where student_id=?
&amp#27;[30m2020-02-08 10:21:40,046&amp#27;[0;39m &amp#27;[39mDEBUG&amp#27;[0;39m [&amp#27;[34mmain&amp#27;[0;39m] &amp#27;[33morg.hibernate.persister.collection.AbstractCollectionPersister&amp#27;[0;39m: Static SQL for collection: in.rgukt.r081247.universityapi.entity.Department.courses
&amp#27;[30m2020-02-08 10:21:40,048&amp#27;[0;39m &amp#27;[39mDEBUG&amp#27;[0;39m [&amp#27;[34mmain&amp#27;[0;39m] &amp#27;[33morg.hibernate.persister.collection.AbstractCollectionPersister&amp#27;[0;39m:  Row insert: update course set department_id=? where id=?
&amp#27;[30m2020-02-08 10:21:40,048&amp#27;[0;39m &amp#27;[39mDEBUG&amp#27;[0;39m [&amp#27;[34mmain&amp#27;[0;39m] &amp#27;[33morg.hibernate.persister.collection.AbstractCollectionPersister&amp#27;[0;39m:  Row update: update course set  where id=?
&amp#27;[30m2020-02-08 10:21:40,049&amp#27;[0;39m &amp#27;[39mDEBUG&amp#27;[0;39m [&amp#27;[34mmain&amp#27;[0;39m] &amp#27;[33morg.hibernate.persister.collection.AbstractCollectionPersister&amp#27;[0;39m:  Row delete: update course set department_id=null where department_id=? and id=?
&amp#27;[30m2020-02-08 10:21:40,050&amp#27;[0;39m &amp#27;[39mDEBUG&amp#27;[0;39m [&amp#27;[34mmain&amp#27;[0;39m] &amp#27;[33morg.hibernate.persister.collection.AbstractCollectionPersister&amp#27;[0;39m:  One-shot delete: update course set department_id=null where department_id=?
&amp#27;[30m2020-02-08 10:21:40,052&amp#27;[0;39m &amp#27;[39mDEBUG&amp#27;[0;39m [&amp#27;[34mmain&amp#27;[0;39m] &amp#27;[33morg.hibernate.persister.collection.AbstractCollectionPersister&amp#27;[0;39m: Static SQL for collection: in.rgukt.r081247.universityapi.entity.Course.students
&amp#27;[30m2020-02-08 10:21:40,052&amp#27;[0;39m &amp#27;[39mDEBUG&amp#27;[0;39m [&amp#27;[34mmain&amp#27;[0;39m] &amp#27;[33morg.hibernate.persister.collection.AbstractCollectionPersister&amp#27;[0;39m:  Row insert: insert into student_course (course_id, student_id) values (?, ?)
&amp#27;[30m2020-02-08 10:21:40,053&amp#27;[0;39m &amp#27;[39mDEBUG&amp#27;[0;39m [&amp#27;[34mmain&amp#27;[0;39m] &amp#27;[33morg.hibernate.persister.collection.AbstractCollectionPersister&amp#27;[0;39m:  Row update: update student_course set student_id=? where course_id=? and student_id=?
&amp#27;[30m2020-02-08 10:21:40,054&amp#27;[0;39m &amp#27;[39mDEBUG&amp#27;[0;39m [&amp#27;[34mmain&amp#27;[0;39m] &amp#27;[33morg.hibernate.persister.collection.AbstractCollectionPersister&amp#27;[0;39m:  Row delete: delete from student_course where course_id=? and student_id=?
&amp#27;[30m2020-02-08 10:21:40,055&amp#27;[0;39m &amp#27;[39mDEBUG&amp#27;[0;39m [&amp#27;[34mmain&amp#27;[0;39m] &amp#27;[33morg.hibernate.persister.collection.AbstractCollectionPersister&amp#27;[0;39m:  One-shot delete: delete from student_course where course_id=?
&amp#27;[30m2020-02-08 10:21:40,056&amp#27;[0;39m &amp#27;[39mDEBUG&amp#27;[0;39m [&amp#27;[34mmain&amp#27;[0;39m] &amp#27;[33morg.hibernate.persister.entity.AbstractEntityPersister&amp#27;[0;39m: Static SQL for entity: in.rgukt.r081247.universityapi.entity.Course
&amp#27;[30m2020-02-08 10:21:40,058&amp#27;[0;39m &amp#27;[39mDEBUG&amp#27;[0;39m [&amp#27;[34mmain&amp#27;[0;39m] &amp#27;[33morg.hibernate.persister.entity.AbstractEntityPersister&amp#27;[0;39m:  Version select: select id from course where id =?
&amp#27;[30m2020-02-08 10:21:40,058&amp#27;[0;39m &amp#27;[39mDEBUG&amp#27;[0;39m [&amp#27;[34mmain&amp#27;[0;39m] &amp#27;[33morg.hibernate.persister.entity.AbstractEntityPersister&amp#27;[0;39m:  Snapshot select: select course_.id, course_.department_id as departme3_0_, course_.name as name2_0_ from course course_ where course_.id=?
&amp#27;[30m2020-02-08 10:21:40,058&amp#27;[0;39m &amp#27;[39mDEBUG&amp#27;[0;39m [&amp#27;[34mmain&amp#27;[0;39m] &amp#27;[33morg.jboss.logging.DelegatingBasicLogger&amp#27;[0;39m:  Insert 0: insert into course (department_id, name, id) values (?, ?, ?)
&amp#27;[30m2020-02-08 10:21:40,059&amp#27;[0;39m &amp#27;[39mDEBUG&amp#27;[0;39m [&amp#27;[34mmain&amp#27;[0;39m] &amp#27;[33morg.jboss.logging.DelegatingBasicLogger&amp#27;[0;39m:  Update 0: update course set department_id=?, name=? where id=?
&amp#27;[30m2020-02-08 10:21:40,060&amp#27;[0;39m &amp#27;[39mDEBUG&amp#27;[0;39m [&amp#27;[34mmain&amp#27;[0;39m] &amp#27;[33morg.jboss.logging.DelegatingBasicLogger&amp#27;[0;39m:  Delete 0: delete from course where id=?
&amp#27;[30m2020-02-08 10:21:40,060&amp#27;[0;39m &amp#27;[39mDEBUG&amp#27;[0;39m [&amp#27;[34mmain&amp#27;[0;39m] &amp#27;[33morg.hibernate.persister.entity.AbstractEntityPersister&amp#27;[0;39m:  Identity insert: insert into course (id, department_id, name) values (null, ?, ?)
&amp#27;[30m2020-02-08 10:21:40,062&amp#27;[0;39m &amp#27;[39mDEBUG&amp#27;[0;39m [&amp#27;[34mmain&amp#27;[0;39m] &amp#27;[33morg.hibernate.loader.plan.build.internal.spaces.QuerySpacesImpl&amp#27;[0;39m: Adding QuerySpace : uid = <gen:0> -> org.hibernate.loader.plan.build.internal.spaces.EntityQuerySpaceImpl@1efa258e]
&amp#27;[30m2020-02-08 10:21:40,062&amp#27;[0;39m &amp#27;[39mDEBUG&amp#27;[0;39m [&amp#27;[34mmain&amp#27;[0;39m] &amp#27;[33morg.hibernate.persister.walking.spi.MetamodelGraphWalker&amp#27;[0;39m: Visiting attribute path : department
&amp#27;[30m2020-02-08 10:21:40,064&amp#27;[0;39m &amp#27;[39mDEBUG&amp#27;[0;39m [&amp#27;[34mmain&amp#27;[0;39m] &amp#27;[33morg.hibernate.loader.plan.build.internal.spaces.QuerySpacesImpl&amp#27;[0;39m: Adding QuerySpace : uid = <gen:1> -> org.hibernate.loader.plan.build.internal.spaces.EntityQuerySpaceImpl@4c9235c0]
&amp#27;[30m2020-02-08 10:21:40,065&amp#27;[0;39m &amp#27;[39mDEBUG&amp#27;[0;39m [&amp#27;[34mmain&amp#27;[0;39m] &amp#27;[33morg.hibernate.persister.walking.spi.MetamodelGraphWalker&amp#27;[0;39m: Visiting attribute path : name
&amp#27;[30m2020-02-08 10:21:40,066&amp#27;[0;39m &amp#27;[39mDEBUG&amp#27;[0;39m [&amp#27;[34mmain&amp#27;[0;39m] &amp#27;[33morg.hibernate.persister.walking.spi.MetamodelGraphWalker&amp#27;[0;39m: Visiting attribute path : students
&amp#27;[30m2020-02-08 10:21:40,066&amp#27;[0;39m &amp#27;[39mDEBUG&amp#27;[0;39m [&amp#27;[34mmain&amp#27;[0;39m] &amp#27;[33morg.hibernate.loader.plan.build.internal.spaces.QuerySpacesImpl&amp#27;[0;39m: Adding QuerySpace : uid = <gen:2> -> org.hibernate.loader.plan.build.internal.spaces.CollectionQuerySpaceImpl@1ae69abe]
&amp#27;[30m2020-02-08 10:21:40,066&amp#27;[0;39m &amp#27;[39mDEBUG&amp#27;[0;39m [&amp#27;[34mmain&amp#27;[0;39m] &amp#27;[33morg.hibernate.loader.plan.build.internal.spaces.QuerySpacesImpl&amp#27;[0;39m: Adding QuerySpace : uid = <gen:3> -> org.hibernate.loader.plan.build.internal.spaces.EntityQuerySpaceImpl@557f0a39]
&amp#27;[30m2020-02-08 10:21:40,067&amp#27;[0;39m &amp#27;[39mDEBUG&amp#27;[0;39m [&amp#27;[34mmain&amp#27;[0;39m] &amp#27;[33morg.hibernate.loader.plan.build.internal.FetchStyleLoadPlanBuildingAssociationVisitationStrategy&amp#27;[0;39m: Building LoadPlan...
&amp#27;[30m2020-02-08 10:21:40,069&amp#27;[0;39m &amp#27;[39mDEBUG&amp#27;[0;39m [&amp#27;[34mmain&amp#27;[0;39m] &amp#27;[33morg.hibernate.loader.plan.exec.internal.LoadQueryJoinAndFetchProcessor&amp#27;[0;39m: processing queryspace <gen:0>
&amp#27;[30m2020-02-08 10:21:40,070&amp#27;[0;39m &amp#27;[39mDEBUG&amp#27;[0;39m [&amp#27;[34mmain&amp#27;[0;39m] &amp#27;[33morg.hibernate.loader.plan.build.spi.LoadPlanTreePrinter&amp#27;[0;39m: LoadPlan(entity=in.rgukt.r081247.universityapi.entity.Course)
    - Returns
       - EntityReturnImpl(entity=in.rgukt.r081247.universityapi.entity.Course, querySpaceUid=<gen:0>, path=in.rgukt.r081247.universityapi.entity.Course)
          - EntityAttributeFetchImpl(entity=in.rgukt.r081247.universityapi.entity.Department, querySpaceUid=<gen:1>, path=in.rgukt.r081247.universityapi.entity.Course.department)
          - CollectionAttributeFetchImpl(collection=in.rgukt.r081247.universityapi.entity.Course.students, querySpaceUid=<gen:2>, path=in.rgukt.r081247.universityapi.entity.Course.students)
             - (collection element) CollectionFetchableElementEntityGraph(entity=in.rgukt.r081247.universityapi.entity.Student, querySpaceUid=<gen:3>, path=in.rgukt.r081247.universityapi.entity.Course.students.<elements>)
    - QuerySpaces
       - EntityQuerySpaceImpl(uid=<gen:0>, entity=in.rgukt.r081247.universityapi.entity.Course)
          - SQL table alias mapping - course0_
          - alias suffix - 0_
          - suffixed key columns - {id1_0_0_}

&amp#27;[30m2020-02-08 10:21:40,072&amp#27;[0;39m &amp#27;[39mDEBUG&amp#27;[0;39m [&amp#27;[34mmain&amp#27;[0;39m] &amp#27;[33morg.hibernate.loader.entity.plan.EntityLoader&amp#27;[0;39m: Static select for entity in.rgukt.r081247.universityapi.entity.Course [NONE]: select course0_.id as id1_0_0_, course0_.department_id as departme3_0_0_, course0_.name as name2_0_0_ from course course0_ where course0_.id=?
&amp#27;[30m2020-02-08 10:21:40,073&amp#27;[0;39m &amp#27;[39mDEBUG&amp#27;[0;39m [&amp#27;[34mmain&amp#27;[0;39m] &amp#27;[33morg.hibernate.loader.plan.build.internal.spaces.QuerySpacesImpl&amp#27;[0;39m: Adding QuerySpace : uid = <gen:0> -> org.hibernate.loader.plan.build.internal.spaces.EntityQuerySpaceImpl@50508ed3]
&amp#27;[30m2020-02-08 10:21:40,074&amp#27;[0;39m &amp#27;[39mDEBUG&amp#27;[0;39m [&amp#27;[34mmain&amp#27;[0;39m] &amp#27;[33morg.hibernate.persister.walking.spi.MetamodelGraphWalker&amp#27;[0;39m: Visiting attribute path : department
&amp#27;[30m2020-02-08 10:21:40,075&amp#27;[0;39m &amp#27;[39mDEBUG&amp#27;[0;39m [&amp#27;[34mmain&amp#27;[0;39m] &amp#27;[33morg.hibernate.loader.plan.build.internal.spaces.QuerySpacesImpl&amp#27;[0;39m: Adding QuerySpace : uid = <gen:1> -> org.hibernate.loader.plan.build.internal.spaces.EntityQuerySpaceImpl@23acd55e]
&amp#27;[30m2020-02-08 10:21:40,075&amp#27;[0;39m &amp#27;[39mDEBUG&amp#27;[0;39m [&amp#27;[34mmain&amp#27;[0;39m] &amp#27;[33morg.hibernate.persister.walking.spi.MetamodelGraphWalker&amp#27;[0;39m: Visiting attribute path : name
&amp#27;[30m2020-02-08 10:21:40,076&amp#27;[0;39m &amp#27;[39mDEBUG&amp#27;[0;39m [&amp#27;[34mmain&amp#27;[0;39m] &amp#27;[33morg.hibernate.persister.walking.spi.MetamodelGraphWalker&amp#27;[0;39m: Visiting attribute path : students
&amp#27;[30m2020-02-08 10:21:40,076&amp#27;[0;39m &amp#27;[39mDEBUG&amp#27;[0;39m [&amp#27;[34mmain&amp#27;[0;39m] &amp#27;[33morg.hibernate.loader.plan.build.internal.spaces.QuerySpacesImpl&amp#27;[0;39m: Adding QuerySpace : uid = <gen:2> -> org.hibernate.loader.plan.build.internal.spaces.CollectionQuerySpaceImpl@eaf3dd0]
&amp#27;[30m2020-02-08 10:21:40,077&amp#27;[0;39m &amp#27;[39mDEBUG&amp#27;[0;39m [&amp#27;[34mmain&amp#27;[0;39m] &amp#27;[33morg.hibernate.loader.plan.build.internal.spaces.QuerySpacesImpl&amp#27;[0;39m: Adding QuerySpace : uid = <gen:3> -> org.hibernate.loader.plan.build.internal.spaces.EntityQuerySpaceImpl@5add0cc0]
&amp#27;[30m2020-02-08 10:21:40,077&amp#27;[0;39m &amp#27;[39mDEBUG&amp#27;[0;39m [&amp#27;[34mmain&amp#27;[0;39m] &amp#27;[33morg.hibernate.loader.plan.build.internal.FetchStyleLoadPlanBuildingAssociationVisitationStrategy&amp#27;[0;39m: Building LoadPlan...
&amp#27;[30m2020-02-08 10:21:40,078&amp#27;[0;39m &amp#27;[39mDEBUG&amp#27;[0;39m [&amp#27;[34mmain&amp#27;[0;39m] &amp#27;[33morg.hibernate.loader.plan.exec.internal.LoadQueryJoinAndFetchProcessor&amp#27;[0;39m: processing queryspace <gen:0>
&amp#27;[30m2020-02-08 10:21:40,079&amp#27;[0;39m &amp#27;[39mDEBUG&amp#27;[0;39m [&amp#27;[34mmain&amp#27;[0;39m] &amp#27;[33morg.hibernate.loader.plan.build.spi.LoadPlanTreePrinter&amp#27;[0;39m: LoadPlan(entity=in.rgukt.r081247.universityapi.entity.Course)
    - Returns
       - EntityReturnImpl(entity=in.rgukt.r081247.universityapi.entity.Course, querySpaceUid=<gen:0>, path=in.rgukt.r081247.universityapi.entity.Course)
          - EntityAttributeFetchImpl(entity=in.rgukt.r081247.universityapi.entity.Department, querySpaceUid=<gen:1>, path=in.rgukt.r081247.universityapi.entity.Course.department)
          - CollectionAttributeFetchImpl(collection=in.rgukt.r081247.universityapi.entity.Course.students, querySpaceUid=<gen:2>, path=in.rgukt.r081247.universityapi.entity.Course.students)
             - (collection element) CollectionFetchableElementEntityGraph(entity=in.rgukt.r081247.universityapi.entity.Student, querySpaceUid=<gen:3>, path=in.rgukt.r081247.universityapi.entity.Course.students.<elements>)
    - QuerySpaces
       - EntityQuerySpaceImpl(uid=<gen:0>, entity=in.rgukt.r081247.universityapi.entity.Course)
          - SQL table alias mapping - course0_
          - alias suffix - 0_
          - suffixed key columns - {id1_0_0_}

&amp#27;[30m2020-02-08 10:21:40,079&amp#27;[0;39m &amp#27;[39mDEBUG&amp#27;[0;39m [&amp#27;[34mmain&amp#27;[0;39m] &amp#27;[33morg.hibernate.loader.entity.plan.EntityLoader&amp#27;[0;39m: Static select for entity in.rgukt.r081247.universityapi.entity.Course [READ]: select course0_.id as id1_0_0_, course0_.department_id as departme3_0_0_, course0_.name as name2_0_0_ from course course0_ where course0_.id=?
&amp#27;[30m2020-02-08 10:21:40,080&amp#27;[0;39m &amp#27;[39mDEBUG&amp#27;[0;39m [&amp#27;[34mmain&amp#27;[0;39m] &amp#27;[33morg.hibernate.loader.entity.CascadeEntityLoader&amp#27;[0;39m: Static select for action ACTION_MERGE on entity in.rgukt.r081247.universityapi.entity.Course: select course0_.id as id1_0_0_, course0_.department_id as departme3_0_0_, course0_.name as name2_0_0_ from course course0_ where course0_.id=?
&amp#27;[30m2020-02-08 10:21:40,081&amp#27;[0;39m &amp#27;[39mDEBUG&amp#27;[0;39m [&amp#27;[34mmain&amp#27;[0;39m] &amp#27;[33morg.hibernate.loader.entity.CascadeEntityLoader&amp#27;[0;39m: Static select for action ACTION_REFRESH on entity in.rgukt.r081247.universityapi.entity.Course: select course0_.id as id1_0_0_, course0_.department_id as departme3_0_0_, course0_.name as name2_0_0_ from course course0_ where course0_.id=?
&amp#27;[30m2020-02-08 10:21:40,083&amp#27;[0;39m &amp#27;[39mDEBUG&amp#27;[0;39m [&amp#27;[34mmain&amp#27;[0;39m] &amp#27;[33morg.hibernate.persister.entity.AbstractEntityPersister&amp#27;[0;39m: Static SQL for entity: in.rgukt.r081247.universityapi.entity.Department
&amp#27;[30m2020-02-08 10:21:40,083&amp#27;[0;39m &amp#27;[39mDEBUG&amp#27;[0;39m [&amp#27;[34mmain&amp#27;[0;39m] &amp#27;[33morg.hibernate.persister.entity.AbstractEntityPersister&amp#27;[0;39m:  Version select: select id from department where id =?
&amp#27;[30m2020-02-08 10:21:40,084&amp#27;[0;39m &amp#27;[39mDEBUG&amp#27;[0;39m [&amp#27;[34mmain&amp#27;[0;39m] &amp#27;[33morg.hibernate.persister.entity.AbstractEntityPersister&amp#27;[0;39m:  Snapshot select: select department_.id, department_.name as name2_1_ from department department_ where department_.id=?
&amp#27;[30m2020-02-08 10:21:40,084&amp#27;[0;39m &amp#27;[39mDEBUG&amp#27;[0;39m [&amp#27;[34mmain&amp#27;[0;39m] &amp#27;[33morg.jboss.logging.DelegatingBasicLogger&amp#27;[0;39m:  Insert 0: insert into department (name, id) values (?, ?)
&amp#27;[30m2020-02-08 10:21:40,084&amp#27;[0;39m &amp#27;[39mDEBUG&amp#27;[0;39m [&amp#27;[34mmain&amp#27;[0;39m] &amp#27;[33morg.jboss.logging.DelegatingBasicLogger&amp#27;[0;39m:  Update 0: update department set name=? where id=?
&amp#27;[30m2020-02-08 10:21:40,085&amp#27;[0;39m &amp#27;[39mDEBUG&amp#27;[0;39m [&amp#27;[34mmain&amp#27;[0;39m] &amp#27;[33morg.jboss.logging.DelegatingBasicLogger&amp#27;[0;39m:  Delete 0: delete from department where id=?
&amp#27;[30m2020-02-08 10:21:40,085&amp#27;[0;39m &amp#27;[39mDEBUG&amp#27;[0;39m [&amp#27;[34mmain&amp#27;[0;39m] &amp#27;[33morg.hibernate.persister.entity.AbstractEntityPersister&amp#27;[0;39m:  Identity insert: insert into department (id, name) values (null, ?)
&amp#27;[30m2020-02-08 10:21:40,085&amp#27;[0;39m &amp#27;[39mDEBUG&amp#27;[0;39m [&amp#27;[34mmain&amp#27;[0;39m] &amp#27;[33morg.hibernate.loader.plan.build.internal.spaces.QuerySpacesImpl&amp#27;[0;39m: Adding QuerySpace : uid = <gen:0> -> org.hibernate.loader.plan.build.internal.spaces.EntityQuerySpaceImpl@5b04224a]
&amp#27;[30m2020-02-08 10:21:40,086&amp#27;[0;39m &amp#27;[39mDEBUG&amp#27;[0;39m [&amp#27;[34mmain&amp#27;[0;39m] &amp#27;[33morg.hibernate.persister.walking.spi.MetamodelGraphWalker&amp#27;[0;39m: Visiting attribute path : courses
&amp#27;[30m2020-02-08 10:21:40,087&amp#27;[0;39m &amp#27;[39mDEBUG&amp#27;[0;39m [&amp#27;[34mmain&amp#27;[0;39m] &amp#27;[33morg.hibernate.loader.plan.build.internal.spaces.QuerySpacesImpl&amp#27;[0;39m: Adding QuerySpace : uid = <gen:1> -> org.hibernate.loader.plan.build.internal.spaces.CollectionQuerySpaceImpl@6971f5f4]
&amp#27;[30m2020-02-08 10:21:40,087&amp#27;[0;39m &amp#27;[39mDEBUG&amp#27;[0;39m [&amp#27;[34mmain&amp#27;[0;39m] &amp#27;[33morg.hibernate.loader.plan.build.internal.spaces.QuerySpacesImpl&amp#27;[0;39m: Adding QuerySpace : uid = <gen:2> -> org.hibernate.loader.plan.build.internal.spaces.EntityQuerySpaceImpl@5b784f16]
&amp#27;[30m2020-02-08 10:21:40,088&amp#27;[0;39m &amp#27;[39mDEBUG&amp#27;[0;39m [&amp#27;[34mmain&amp#27;[0;39m] &amp#27;[33morg.hibernate.persister.walking.spi.MetamodelGraphWalker&amp#27;[0;39m: Visiting attribute path : name
&amp#27;[30m2020-02-08 10:21:40,088&amp#27;[0;39m &amp#27;[39mDEBUG&amp#27;[0;39m [&amp#27;[34mmain&amp#27;[0;39m] &amp#27;[33morg.hibernate.loader.plan.build.internal.FetchStyleLoadPlanBuildingAssociationVisitationStrategy&amp#27;[0;39m: Building LoadPlan...
&amp#27;[30m2020-02-08 10:21:40,089&amp#27;[0;39m &amp#27;[39mDEBUG&amp#27;[0;39m [&amp#27;[34mmain&amp#27;[0;39m] &amp#27;[33morg.hibernate.loader.plan.exec.internal.LoadQueryJoinAndFetchProcessor&amp#27;[0;39m: processing queryspace <gen:0>
&amp#27;[30m2020-02-08 10:21:40,090&amp#27;[0;39m &amp#27;[39mDEBUG&amp#27;[0;39m [&amp#27;[34mmain&amp#27;[0;39m] &amp#27;[33morg.hibernate.loader.plan.build.spi.LoadPlanTreePrinter&amp#27;[0;39m: LoadPlan(entity=in.rgukt.r081247.universityapi.entity.Department)
    - Returns
       - EntityReturnImpl(entity=in.rgukt.r081247.universityapi.entity.Department, querySpaceUid=<gen:0>, path=in.rgukt.r081247.universityapi.entity.Department)
          - CollectionAttributeFetchImpl(collection=in.rgukt.r081247.universityapi.entity.Department.courses, querySpaceUid=<gen:1>, path=in.rgukt.r081247.universityapi.entity.Department.courses)
             - (collection element) CollectionFetchableElementEntityGraph(entity=in.rgukt.r081247.universityapi.entity.Course, querySpaceUid=<gen:2>, path=in.rgukt.r081247.universityapi.entity.Department.courses.<elements>)
    - QuerySpaces
       - EntityQuerySpaceImpl(uid=<gen:0>, entity=in.rgukt.r081247.universityapi.entity.Department)
          - SQL table alias mapping - department0_
          - alias suffix - 0_
          - suffixed key columns - {id1_1_0_}

&amp#27;[30m2020-02-08 10:21:40,091&amp#27;[0;39m &amp#27;[39mDEBUG&amp#27;[0;39m [&amp#27;[34mmain&amp#27;[0;39m] &amp#27;[33morg.hibernate.loader.entity.plan.EntityLoader&amp#27;[0;39m: Static select for entity in.rgukt.r081247.universityapi.entity.Department [NONE]: select department0_.id as id1_1_0_, department0_.name as name2_1_0_ from department department0_ where department0_.id=?
&amp#27;[30m2020-02-08 10:21:40,091&amp#27;[0;39m &amp#27;[39mDEBUG&amp#27;[0;39m [&amp#27;[34mmain&amp#27;[0;39m] &amp#27;[33morg.hibernate.loader.plan.build.internal.spaces.QuerySpacesImpl&amp#27;[0;39m: Adding QuerySpace : uid = <gen:0> -> org.hibernate.loader.plan.build.internal.spaces.EntityQuerySpaceImpl@21143041]
&amp#27;[30m2020-02-08 10:21:40,091&amp#27;[0;39m &amp#27;[39mDEBUG&amp#27;[0;39m [&amp#27;[34mmain&amp#27;[0;39m] &amp#27;[33morg.hibernate.persister.walking.spi.MetamodelGraphWalker&amp#27;[0;39m: Visiting attribute path : courses
&amp#27;[30m2020-02-08 10:21:40,092&amp#27;[0;39m &amp#27;[39mDEBUG&amp#27;[0;39m [&amp#27;[34mmain&amp#27;[0;39m] &amp#27;[33morg.hibernate.loader.plan.build.internal.spaces.QuerySpacesImpl&amp#27;[0;39m: Adding QuerySpace : uid = <gen:1> -> org.hibernate.loader.plan.build.internal.spaces.CollectionQuerySpaceImpl@611f28f5]
&amp#27;[30m2020-02-08 10:21:40,092&amp#27;[0;39m &amp#27;[39mDEBUG&amp#27;[0;39m [&amp#27;[34mmain&amp#27;[0;39m] &amp#27;[33morg.hibernate.loader.plan.build.internal.spaces.QuerySpacesImpl&amp#27;[0;39m: Adding QuerySpace : uid = <gen:2> -> org.hibernate.loader.plan.build.internal.spaces.EntityQuerySpaceImpl@7806db3f]
&amp#27;[30m2020-02-08 10:21:40,092&amp#27;[0;39m &amp#27;[39mDEBUG&amp#27;[0;39m [&amp#27;[34mmain&amp#27;[0;39m] &amp#27;[33morg.hibernate.persister.walking.spi.MetamodelGraphWalker&amp#27;[0;39m: Visiting attribute path : name
&amp#27;[30m2020-02-08 10:21:40,093&amp#27;[0;39m &amp#27;[39mDEBUG&amp#27;[0;39m [&amp#27;[34mmain&amp#27;[0;39m] &amp#27;[33morg.hibernate.loader.plan.build.internal.FetchStyleLoadPlanBuildingAssociationVisitationStrategy&amp#27;[0;39m: Building LoadPlan...
&amp#27;[30m2020-02-08 10:21:40,093&amp#27;[0;39m &amp#27;[39mDEBUG&amp#27;[0;39m [&amp#27;[34mmain&amp#27;[0;39m] &amp#27;[33morg.hibernate.loader.plan.exec.internal.LoadQueryJoinAndFetchProcessor&amp#27;[0;39m: processing queryspace <gen:0>
&amp#27;[30m2020-02-08 10:21:40,095&amp#27;[0;39m &amp#27;[39mDEBUG&amp#27;[0;39m [&amp#27;[34mmain&amp#27;[0;39m] &amp#27;[33morg.hibernate.loader.plan.build.spi.LoadPlanTreePrinter&amp#27;[0;39m: LoadPlan(entity=in.rgukt.r081247.universityapi.entity.Department)
    - Returns
       - EntityReturnImpl(entity=in.rgukt.r081247.universityapi.entity.Department, querySpaceUid=<gen:0>, path=in.rgukt.r081247.universityapi.entity.Department)
          - CollectionAttributeFetchImpl(collection=in.rgukt.r081247.universityapi.entity.Department.courses, querySpaceUid=<gen:1>, path=in.rgukt.r081247.universityapi.entity.Department.courses)
             - (collection element) CollectionFetchableElementEntityGraph(entity=in.rgukt.r081247.universityapi.entity.Course, querySpaceUid=<gen:2>, path=in.rgukt.r081247.universityapi.entity.Department.courses.<elements>)
    - QuerySpaces
       - EntityQuerySpaceImpl(uid=<gen:0>, entity=in.rgukt.r081247.universityapi.entity.Department)
          - SQL table alias mapping - department0_
          - alias suffix - 0_
          - suffixed key columns - {id1_1_0_}

&amp#27;[30m2020-02-08 10:21:40,095&amp#27;[0;39m &amp#27;[39mDEBUG&amp#27;[0;39m [&amp#27;[34mmain&amp#27;[0;39m] &amp#27;[33morg.hibernate.loader.entity.plan.EntityLoader&amp#27;[0;39m: Static select for entity in.rgukt.r081247.universityapi.entity.Department [READ]: select department0_.id as id1_1_0_, department0_.name as name2_1_0_ from department department0_ where department0_.id=?
&amp#27;[30m2020-02-08 10:21:40,097&amp#27;[0;39m &amp#27;[39mDEBUG&amp#27;[0;39m [&amp#27;[34mmain&amp#27;[0;39m] &amp#27;[33morg.hibernate.loader.entity.CascadeEntityLoader&amp#27;[0;39m: Static select for action ACTION_MERGE on entity in.rgukt.r081247.universityapi.entity.Department: select department0_.id as id1_1_1_, department0_.name as name2_1_1_, courses1_.department_id as departme3_0_3_, courses1_.id as id1_0_3_, courses1_.id as id1_0_0_, courses1_.department_id as departme3_0_0_, courses1_.name as name2_0_0_ from department department0_ left outer join course courses1_ on department0_.id=courses1_.department_id where department0_.id=?
&amp#27;[30m2020-02-08 10:21:40,098&amp#27;[0;39m &amp#27;[39mDEBUG&amp#27;[0;39m [&amp#27;[34mmain&amp#27;[0;39m] &amp#27;[33morg.hibernate.loader.entity.CascadeEntityLoader&amp#27;[0;39m: Static select for action ACTION_REFRESH on entity in.rgukt.r081247.universityapi.entity.Department: select department0_.id as id1_1_1_, department0_.name as name2_1_1_, courses1_.department_id as departme3_0_3_, courses1_.id as id1_0_3_, courses1_.id as id1_0_0_, courses1_.department_id as departme3_0_0_, courses1_.name as name2_0_0_ from department department0_ left outer join course courses1_ on department0_.id=courses1_.department_id where department0_.id=?
&amp#27;[30m2020-02-08 10:21:40,099&amp#27;[0;39m &amp#27;[39mDEBUG&amp#27;[0;39m [&amp#27;[34mmain&amp#27;[0;39m] &amp#27;[33morg.hibernate.persister.entity.AbstractEntityPersister&amp#27;[0;39m: Static SQL for entity: in.rgukt.r081247.universityapi.entity.Student
&amp#27;[30m2020-02-08 10:21:40,099&amp#27;[0;39m &amp#27;[39mDEBUG&amp#27;[0;39m [&amp#27;[34mmain&amp#27;[0;39m] &amp#27;[33morg.hibernate.persister.entity.AbstractEntityPersister&amp#27;[0;39m:  Version select: select id from student where id =?
&amp#27;[30m2020-02-08 10:21:40,099&amp#27;[0;39m &amp#27;[39mDEBUG&amp#27;[0;39m [&amp#27;[34mmain&amp#27;[0;39m] &amp#27;[33morg.hibernate.persister.entity.AbstractEntityPersister&amp#27;[0;39m:  Snapshot select: select student_.id, student_.dob as dob2_2_, student_.name as name3_2_ from student student_ where student_.id=?
&amp#27;[30m2020-02-08 10:21:40,100&amp#27;[0;39m &amp#27;[39mDEBUG&amp#27;[0;39m [&amp#27;[34mmain&amp#27;[0;39m] &amp#27;[33morg.jboss.logging.DelegatingBasicLogger&amp#27;[0;39m:  Insert 0: insert into student (dob, name, id) values (?, ?, ?)
&amp#27;[30m2020-02-08 10:21:40,100&amp#27;[0;39m &amp#27;[39mDEBUG&amp#27;[0;39m [&amp#27;[34mmain&amp#27;[0;39m] &amp#27;[33morg.jboss.logging.DelegatingBasicLogger&amp#27;[0;39m:  Update 0: update student set dob=?, name=? where id=?
&amp#27;[30m2020-02-08 10:21:40,100&amp#27;[0;39m &amp#27;[39mDEBUG&amp#27;[0;39m [&amp#27;[34mmain&amp#27;[0;39m] &amp#27;[33morg.jboss.logging.DelegatingBasicLogger&amp#27;[0;39m:  Delete 0: delete from student where id=?
&amp#27;[30m2020-02-08 10:21:40,100&amp#27;[0;39m &amp#27;[39mDEBUG&amp#27;[0;39m [&amp#27;[34mmain&amp#27;[0;39m] &amp#27;[33morg.hibernate.persister.entity.AbstractEntityPersister&amp#27;[0;39m:  Identity insert: insert into student (id, dob, name) values (null, ?, ?)
&amp#27;[30m2020-02-08 10:21:40,101&amp#27;[0;39m &amp#27;[39mDEBUG&amp#27;[0;39m [&amp#27;[34mmain&amp#27;[0;39m] &amp#27;[33morg.hibernate.loader.plan.build.internal.spaces.QuerySpacesImpl&amp#27;[0;39m: Adding QuerySpace : uid = <gen:0> -> org.hibernate.loader.plan.build.internal.spaces.EntityQuerySpaceImpl@78907a46]
&amp#27;[30m2020-02-08 10:21:40,101&amp#27;[0;39m &amp#27;[39mDEBUG&amp#27;[0;39m [&amp#27;[34mmain&amp#27;[0;39m] &amp#27;[33morg.hibernate.persister.walking.spi.MetamodelGraphWalker&amp#27;[0;39m: Visiting attribute path : courses
&amp#27;[30m2020-02-08 10:21:40,102&amp#27;[0;39m &amp#27;[39mDEBUG&amp#27;[0;39m [&amp#27;[34mmain&amp#27;[0;39m] &amp#27;[33morg.hibernate.loader.plan.build.internal.spaces.QuerySpacesImpl&amp#27;[0;39m: Adding QuerySpace : uid = <gen:1> -> org.hibernate.loader.plan.build.internal.spaces.CollectionQuerySpaceImpl@5a503cf0]
&amp#27;[30m2020-02-08 10:21:40,103&amp#27;[0;39m &amp#27;[39mDEBUG&amp#27;[0;39m [&amp#27;[34mmain&amp#27;[0;39m] &amp#27;[33morg.hibernate.loader.plan.build.internal.spaces.QuerySpacesImpl&amp#27;[0;39m: Adding QuerySpace : uid = <gen:2> -> org.hibernate.loader.plan.build.internal.spaces.EntityQuerySpaceImpl@14c1cba6]
&amp#27;[30m2020-02-08 10:21:40,103&amp#27;[0;39m &amp#27;[39mDEBUG&amp#27;[0;39m [&amp#27;[34mmain&amp#27;[0;39m] &amp#27;[33morg.hibernate.persister.walking.spi.MetamodelGraphWalker&amp#27;[0;39m: Visiting attribute path : dob
&amp#27;[30m2020-02-08 10:21:40,103&amp#27;[0;39m &amp#27;[39mDEBUG&amp#27;[0;39m [&amp#27;[34mmain&amp#27;[0;39m] &amp#27;[33morg.hibernate.persister.walking.spi.MetamodelGraphWalker&amp#27;[0;39m: Visiting attribute path : name
&amp#27;[30m2020-02-08 10:21:40,104&amp#27;[0;39m &amp#27;[39mDEBUG&amp#27;[0;39m [&amp#27;[34mmain&amp#27;[0;39m] &amp#27;[33morg.hibernate.loader.plan.build.internal.FetchStyleLoadPlanBuildingAssociationVisitationStrategy&amp#27;[0;39m: Building LoadPlan...
&amp#27;[30m2020-02-08 10:21:40,111&amp#27;[0;39m &amp#27;[39mDEBUG&amp#27;[0;39m [&amp#27;[34mmain&amp#27;[0;39m] &amp#27;[33morg.hibernate.loader.plan.exec.internal.LoadQueryJoinAndFetchProcessor&amp#27;[0;39m: processing queryspace <gen:0>
&amp#27;[30m2020-02-08 10:21:40,113&amp#27;[0;39m &amp#27;[39mDEBUG&amp#27;[0;39m [&amp#27;[34mmain&amp#27;[0;39m] &amp#27;[33morg.hibernate.loader.plan.build.spi.LoadPlanTreePrinter&amp#27;[0;39m: LoadPlan(entity=in.rgukt.r081247.universityapi.entity.Student)
    - Returns
       - EntityReturnImpl(entity=in.rgukt.r081247.universityapi.entity.Student, querySpaceUid=<gen:0>, path=in.rgukt.r081247.universityapi.entity.Student)
          - CollectionAttributeFetchImpl(collection=in.rgukt.r081247.universityapi.entity.Student.courses, querySpaceUid=<gen:1>, path=in.rgukt.r081247.universityapi.entity.Student.courses)
             - (collection element) CollectionFetchableElementEntityGraph(entity=in.rgukt.r081247.universityapi.entity.Course, querySpaceUid=<gen:2>, path=in.rgukt.r081247.universityapi.entity.Student.courses.<elements>)
    - QuerySpaces
       - EntityQuerySpaceImpl(uid=<gen:0>, entity=in.rgukt.r081247.universityapi.entity.Student)
          - SQL table alias mapping - student0_
          - alias suffix - 0_
          - suffixed key columns - {id1_2_0_}

&amp#27;[30m2020-02-08 10:21:40,114&amp#27;[0;39m &amp#27;[39mDEBUG&amp#27;[0;39m [&amp#27;[34mmain&amp#27;[0;39m] &amp#27;[33morg.hibernate.loader.entity.plan.EntityLoader&amp#27;[0;39m: Static select for entity in.rgukt.r081247.universityapi.entity.Student [NONE]: select student0_.id as id1_2_0_, student0_.dob as dob2_2_0_, student0_.name as name3_2_0_ from student student0_ where student0_.id=?
&amp#27;[30m2020-02-08 10:21:40,114&amp#27;[0;39m &amp#27;[39mDEBUG&amp#27;[0;39m [&amp#27;[34mmain&amp#27;[0;39m] &amp#27;[33morg.hibernate.loader.plan.build.internal.spaces.QuerySpacesImpl&amp#27;[0;39m: Adding QuerySpace : uid = <gen:0> -> org.hibernate.loader.plan.build.internal.spaces.EntityQuerySpaceImpl@6f78c132]
&amp#27;[30m2020-02-08 10:21:40,115&amp#27;[0;39m &amp#27;[39mDEBUG&amp#27;[0;39m [&amp#27;[34mmain&amp#27;[0;39m] &amp#27;[33morg.hibernate.persister.walking.spi.MetamodelGraphWalker&amp#27;[0;39m: Visiting attribute path : courses
&amp#27;[30m2020-02-08 10:21:40,121&amp#27;[0;39m &amp#27;[39mDEBUG&amp#27;[0;39m [&amp#27;[34mmain&amp#27;[0;39m] &amp#27;[33morg.hibernate.loader.plan.build.internal.spaces.QuerySpacesImpl&amp#27;[0;39m: Adding QuerySpace : uid = <gen:1> -> org.hibernate.loader.plan.build.internal.spaces.CollectionQuerySpaceImpl@7127f04b]
&amp#27;[30m2020-02-08 10:21:40,122&amp#27;[0;39m &amp#27;[39mDEBUG&amp#27;[0;39m [&amp#27;[34mmain&amp#27;[0;39m] &amp#27;[33morg.hibernate.loader.plan.build.internal.spaces.QuerySpacesImpl&amp#27;[0;39m: Adding QuerySpace : uid = <gen:2> -> org.hibernate.loader.plan.build.internal.spaces.EntityQuerySpaceImpl@6ba19932]
&amp#27;[30m2020-02-08 10:21:40,122&amp#27;[0;39m &amp#27;[39mDEBUG&amp#27;[0;39m [&amp#27;[34mmain&amp#27;[0;39m] &amp#27;[33morg.hibernate.persister.walking.spi.MetamodelGraphWalker&amp#27;[0;39m: Visiting attribute path : dob
&amp#27;[30m2020-02-08 10:21:40,122&amp#27;[0;39m &amp#27;[39mDEBUG&amp#27;[0;39m [&amp#27;[34mmain&amp#27;[0;39m] &amp#27;[33morg.hibernate.persister.walking.spi.MetamodelGraphWalker&amp#27;[0;39m: Visiting attribute path : name
&amp#27;[30m2020-02-08 10:21:40,123&amp#27;[0;39m &amp#27;[39mDEBUG&amp#27;[0;39m [&amp#27;[34mmain&amp#27;[0;39m] &amp#27;[33morg.hibernate.loader.plan.build.internal.FetchStyleLoadPlanBuildingAssociationVisitationStrategy&amp#27;[0;39m: Building LoadPlan...
&amp#27;[30m2020-02-08 10:21:40,123&amp#27;[0;39m &amp#27;[39mDEBUG&amp#27;[0;39m [&amp#27;[34mmain&amp#27;[0;39m] &amp#27;[33morg.hibernate.loader.plan.exec.internal.LoadQueryJoinAndFetchProcessor&amp#27;[0;39m: processing queryspace <gen:0>
&amp#27;[30m2020-02-08 10:21:40,124&amp#27;[0;39m &amp#27;[39mDEBUG&amp#27;[0;39m [&amp#27;[34mmain&amp#27;[0;39m] &amp#27;[33morg.hibernate.loader.plan.build.spi.LoadPlanTreePrinter&amp#27;[0;39m: LoadPlan(entity=in.rgukt.r081247.universityapi.entity.Student)
    - Returns
       - EntityReturnImpl(entity=in.rgukt.r081247.universityapi.entity.Student, querySpaceUid=<gen:0>, path=in.rgukt.r081247.universityapi.entity.Student)
          - CollectionAttributeFetchImpl(collection=in.rgukt.r081247.universityapi.entity.Student.courses, querySpaceUid=<gen:1>, path=in.rgukt.r081247.universityapi.entity.Student.courses)
             - (collection element) CollectionFetchableElementEntityGraph(entity=in.rgukt.r081247.universityapi.entity.Course, querySpaceUid=<gen:2>, path=in.rgukt.r081247.universityapi.entity.Student.courses.<elements>)
    - QuerySpaces
       - EntityQuerySpaceImpl(uid=<gen:0>, entity=in.rgukt.r081247.universityapi.entity.Student)
          - SQL table alias mapping - student0_
          - alias suffix - 0_
          - suffixed key columns - {id1_2_0_}

&amp#27;[30m2020-02-08 10:21:40,125&amp#27;[0;39m &amp#27;[39mDEBUG&amp#27;[0;39m [&amp#27;[34mmain&amp#27;[0;39m] &amp#27;[33morg.hibernate.loader.entity.plan.EntityLoader&amp#27;[0;39m: Static select for entity in.rgukt.r081247.universityapi.entity.Student [READ]: select student0_.id as id1_2_0_, student0_.dob as dob2_2_0_, student0_.name as name3_2_0_ from student student0_ where student0_.id=?
&amp#27;[30m2020-02-08 10:21:40,126&amp#27;[0;39m &amp#27;[39mDEBUG&amp#27;[0;39m [&amp#27;[34mmain&amp#27;[0;39m] &amp#27;[33morg.hibernate.loader.entity.CascadeEntityLoader&amp#27;[0;39m: Static select for action ACTION_MERGE on entity in.rgukt.r081247.universityapi.entity.Student: select student0_.id as id1_2_1_, student0_.dob as dob2_2_1_, student0_.name as name3_2_1_, courses1_.student_id as student_1_3_3_, course2_.id as course_i2_3_3_, course2_.id as id1_0_0_, course2_.department_id as departme3_0_0_, course2_.name as name2_0_0_ from student student0_ left outer join student_course courses1_ on student0_.id=courses1_.student_id left outer join course course2_ on courses1_.course_id=course2_.id where student0_.id=?
&amp#27;[30m2020-02-08 10:21:40,129&amp#27;[0;39m &amp#27;[39mDEBUG&amp#27;[0;39m [&amp#27;[34mmain&amp#27;[0;39m] &amp#27;[33morg.hibernate.loader.entity.CascadeEntityLoader&amp#27;[0;39m: Static select for action ACTION_REFRESH on entity in.rgukt.r081247.universityapi.entity.Student: select student0_.id as id1_2_1_, student0_.dob as dob2_2_1_, student0_.name as name3_2_1_, courses1_.student_id as student_1_3_3_, course2_.id as course_i2_3_3_, course2_.id as id1_0_0_, course2_.department_id as departme3_0_0_, course2_.name as name2_0_0_ from student student0_ left outer join student_course courses1_ on student0_.id=courses1_.student_id left outer join course course2_ on courses1_.course_id=course2_.id where student0_.id=?
&amp#27;[30m2020-02-08 10:21:40,130&amp#27;[0;39m &amp#27;[39mDEBUG&amp#27;[0;39m [&amp#27;[34mmain&amp#27;[0;39m] &amp#27;[33morg.hibernate.loader.plan.build.internal.spaces.QuerySpacesImpl&amp#27;[0;39m: Adding QuerySpace : uid = <gen:0> -> org.hibernate.loader.plan.build.internal.spaces.CollectionQuerySpaceImpl@42f9b425]
&amp#27;[30m2020-02-08 10:21:40,130&amp#27;[0;39m &amp#27;[39mDEBUG&amp#27;[0;39m [&amp#27;[34mmain&amp#27;[0;39m] &amp#27;[33morg.hibernate.loader.plan.build.internal.spaces.QuerySpacesImpl&amp#27;[0;39m: Adding QuerySpace : uid = <gen:1> -> org.hibernate.loader.plan.build.internal.spaces.EntityQuerySpaceImpl@37351baa]
&amp#27;[30m2020-02-08 10:21:40,131&amp#27;[0;39m &amp#27;[39mDEBUG&amp#27;[0;39m [&amp#27;[34mmain&amp#27;[0;39m] &amp#27;[33morg.hibernate.persister.walking.spi.MetamodelGraphWalker&amp#27;[0;39m: Visiting attribute path : department
&amp#27;[30m2020-02-08 10:21:40,131&amp#27;[0;39m &amp#27;[39mDEBUG&amp#27;[0;39m [&amp#27;[34mmain&amp#27;[0;39m] &amp#27;[33morg.hibernate.loader.plan.build.internal.spaces.QuerySpacesImpl&amp#27;[0;39m: Adding QuerySpace : uid = <gen:2> -> org.hibernate.loader.plan.build.internal.spaces.EntityQuerySpaceImpl@1106a9cc]
&amp#27;[30m2020-02-08 10:21:40,131&amp#27;[0;39m &amp#27;[39mDEBUG&amp#27;[0;39m [&amp#27;[34mmain&amp#27;[0;39m] &amp#27;[33morg.hibernate.persister.walking.spi.MetamodelGraphWalker&amp#27;[0;39m: Visiting attribute path : name
&amp#27;[30m2020-02-08 10:21:40,132&amp#27;[0;39m &amp#27;[39mDEBUG&amp#27;[0;39m [&amp#27;[34mmain&amp#27;[0;39m] &amp#27;[33morg.hibernate.persister.walking.spi.MetamodelGraphWalker&amp#27;[0;39m: Visiting attribute path : students
&amp#27;[30m2020-02-08 10:21:40,132&amp#27;[0;39m &amp#27;[39mDEBUG&amp#27;[0;39m [&amp#27;[34mmain&amp#27;[0;39m] &amp#27;[33morg.hibernate.persister.walking.spi.MetamodelGraphWalker&amp#27;[0;39m: Property path deemed to be circular : students
&amp#27;[30m2020-02-08 10:21:40,132&amp#27;[0;39m &amp#27;[39mDEBUG&amp#27;[0;39m [&amp#27;[34mmain&amp#27;[0;39m] &amp#27;[33morg.hibernate.loader.plan.build.internal.FetchStyleLoadPlanBuildingAssociationVisitationStrategy&amp#27;[0;39m: Building LoadPlan...
&amp#27;[30m2020-02-08 10:21:40,133&amp#27;[0;39m &amp#27;[39mDEBUG&amp#27;[0;39m [&amp#27;[34mmain&amp#27;[0;39m] &amp#27;[33morg.hibernate.loader.plan.exec.internal.LoadQueryJoinAndFetchProcessor&amp#27;[0;39m: processing queryspace <gen:0>
&amp#27;[30m2020-02-08 10:21:40,133&amp#27;[0;39m &amp#27;[39mDEBUG&amp#27;[0;39m [&amp#27;[34mmain&amp#27;[0;39m] &amp#27;[33morg.hibernate.loader.plan.build.spi.LoadPlanTreePrinter&amp#27;[0;39m: LoadPlan(collection=in.rgukt.r081247.universityapi.entity.Student.courses)
    - Returns
       - CollectionReturnImpl(collection=in.rgukt.r081247.universityapi.entity.Student.courses, querySpaceUid=<gen:0>, path=[in.rgukt.r081247.universityapi.entity.Student.courses])
          - (collection element) CollectionFetchableElementEntityGraph(entity=in.rgukt.r081247.universityapi.entity.Course, querySpaceUid=<gen:1>, path=[in.rgukt.r081247.universityapi.entity.Student.courses].<elements>)
             - EntityAttributeFetchImpl(entity=in.rgukt.r081247.universityapi.entity.Department, querySpaceUid=<gen:2>, path=[in.rgukt.r081247.universityapi.entity.Student.courses].<elements>.department)
    - QuerySpaces
       - CollectionQuerySpaceImpl(uid=<gen:0>, collection=in.rgukt.r081247.universityapi.entity.Student.courses)
          - SQL table alias mapping - courses0_
          - alias suffix - 0_
          - suffixed key columns - {student_1_3_0_}
          - entity-element alias suffix - 1_
          - 1_entity-element suffixed key columns - id1_0_1_
          - JOIN (JoinDefinedByMetadata(elements)) : <gen:0> -> <gen:1>
             - EntityQuerySpaceImpl(uid=<gen:1>, entity=in.rgukt.r081247.universityapi.entity.Course)
                - SQL table alias mapping - course1_
                - alias suffix - 1_
                - suffixed key columns - {id1_0_1_}

&amp#27;[30m2020-02-08 10:21:40,134&amp#27;[0;39m &amp#27;[39mDEBUG&amp#27;[0;39m [&amp#27;[34mmain&amp#27;[0;39m] &amp#27;[33morg.hibernate.loader.collection.plan.CollectionLoader&amp#27;[0;39m: Static select for collection in.rgukt.r081247.universityapi.entity.Student.courses: select courses0_.student_id as student_1_3_0_, courses0_.course_id as course_i2_3_0_, course1_.id as id1_0_1_, course1_.department_id as departme3_0_1_, course1_.name as name2_0_1_ from student_course courses0_ inner join course course1_ on courses0_.course_id=course1_.id where courses0_.student_id=?
&amp#27;[30m2020-02-08 10:21:40,134&amp#27;[0;39m &amp#27;[39mDEBUG&amp#27;[0;39m [&amp#27;[34mmain&amp#27;[0;39m] &amp#27;[33morg.hibernate.loader.plan.build.internal.spaces.QuerySpacesImpl&amp#27;[0;39m: Adding QuerySpace : uid = <gen:0> -> org.hibernate.loader.plan.build.internal.spaces.CollectionQuerySpaceImpl@ef1080d]
&amp#27;[30m2020-02-08 10:21:40,134&amp#27;[0;39m &amp#27;[39mDEBUG&amp#27;[0;39m [&amp#27;[34mmain&amp#27;[0;39m] &amp#27;[33morg.hibernate.loader.plan.build.internal.spaces.QuerySpacesImpl&amp#27;[0;39m: Adding QuerySpace : uid = <gen:1> -> org.hibernate.loader.plan.build.internal.spaces.EntityQuerySpaceImpl@723aa04]
&amp#27;[30m2020-02-08 10:21:40,135&amp#27;[0;39m &amp#27;[39mDEBUG&amp#27;[0;39m [&amp#27;[34mmain&amp#27;[0;39m] &amp#27;[33morg.hibernate.persister.walking.spi.MetamodelGraphWalker&amp#27;[0;39m: Visiting attribute path : department
&amp#27;[30m2020-02-08 10:21:40,135&amp#27;[0;39m &amp#27;[39mDEBUG&amp#27;[0;39m [&amp#27;[34mmain&amp#27;[0;39m] &amp#27;[33morg.hibernate.persister.walking.spi.MetamodelGraphWalker&amp#27;[0;39m: Property path deemed to be circular : department
&amp#27;[30m2020-02-08 10:21:40,135&amp#27;[0;39m &amp#27;[39mDEBUG&amp#27;[0;39m [&amp#27;[34mmain&amp#27;[0;39m] &amp#27;[33morg.hibernate.persister.walking.spi.MetamodelGraphWalker&amp#27;[0;39m: Visiting attribute path : name
&amp#27;[30m2020-02-08 10:21:40,135&amp#27;[0;39m &amp#27;[39mDEBUG&amp#27;[0;39m [&amp#27;[34mmain&amp#27;[0;39m] &amp#27;[33morg.hibernate.persister.walking.spi.MetamodelGraphWalker&amp#27;[0;39m: Visiting attribute path : students
&amp#27;[30m2020-02-08 10:21:40,136&amp#27;[0;39m &amp#27;[39mDEBUG&amp#27;[0;39m [&amp#27;[34mmain&amp#27;[0;39m] &amp#27;[33morg.hibernate.loader.plan.build.internal.spaces.QuerySpacesImpl&amp#27;[0;39m: Adding QuerySpace : uid = <gen:2> -> org.hibernate.loader.plan.build.internal.spaces.CollectionQuerySpaceImpl@3049dcac]
&amp#27;[30m2020-02-08 10:21:40,136&amp#27;[0;39m &amp#27;[39mDEBUG&amp#27;[0;39m [&amp#27;[34mmain&amp#27;[0;39m] &amp#27;[33morg.hibernate.loader.plan.build.internal.spaces.QuerySpacesImpl&amp#27;[0;39m: Adding QuerySpace : uid = <gen:3> -> org.hibernate.loader.plan.build.internal.spaces.EntityQuerySpaceImpl@2a20332b]
&amp#27;[30m2020-02-08 10:21:40,136&amp#27;[0;39m &amp#27;[39mDEBUG&amp#27;[0;39m [&amp#27;[34mmain&amp#27;[0;39m] &amp#27;[33morg.hibernate.loader.plan.build.internal.FetchStyleLoadPlanBuildingAssociationVisitationStrategy&amp#27;[0;39m: Building LoadPlan...
&amp#27;[30m2020-02-08 10:21:40,137&amp#27;[0;39m &amp#27;[39mDEBUG&amp#27;[0;39m [&amp#27;[34mmain&amp#27;[0;39m] &amp#27;[33morg.hibernate.loader.plan.exec.internal.LoadQueryJoinAndFetchProcessor&amp#27;[0;39m: processing queryspace <gen:0>
&amp#27;[30m2020-02-08 10:21:40,137&amp#27;[0;39m &amp#27;[39mDEBUG&amp#27;[0;39m [&amp#27;[34mmain&amp#27;[0;39m] &amp#27;[33morg.hibernate.loader.plan.build.spi.LoadPlanTreePrinter&amp#27;[0;39m: LoadPlan(collection=in.rgukt.r081247.universityapi.entity.Department.courses)
    - Returns
       - CollectionReturnImpl(collection=in.rgukt.r081247.universityapi.entity.Department.courses, querySpaceUid=<gen:0>, path=[in.rgukt.r081247.universityapi.entity.Department.courses])
          - (collection element) CollectionFetchableElementEntityGraph(entity=in.rgukt.r081247.universityapi.entity.Course, querySpaceUid=<gen:1>, path=[in.rgukt.r081247.universityapi.entity.Department.courses].<elements>)
             - CollectionAttributeFetchImpl(collection=in.rgukt.r081247.universityapi.entity.Course.students, querySpaceUid=<gen:2>, path=[in.rgukt.r081247.universityapi.entity.Department.courses].<elements>.students)
                - (collection element) CollectionFetchableElementEntityGraph(entity=in.rgukt.r081247.universityapi.entity.Student, querySpaceUid=<gen:3>, path=[in.rgukt.r081247.universityapi.entity.Department.courses].<elements>.students.<elements>)
    - QuerySpaces
       - CollectionQuerySpaceImpl(uid=<gen:0>, collection=in.rgukt.r081247.universityapi.entity.Department.courses)
          - SQL table alias mapping - courses0_
          - alias suffix - 0_
          - suffixed key columns - {departme3_0_0_}
          - entity-element alias suffix - 1_
          - 1_entity-element suffixed key columns - id1_0_1_
          - JOIN (JoinDefinedByMetadata(elements)) : <gen:0> -> <gen:1>
             - EntityQuerySpaceImpl(uid=<gen:1>, entity=in.rgukt.r081247.universityapi.entity.Course)
                - SQL table alias mapping - courses0_
                - alias suffix - 1_
                - suffixed key columns - {id1_0_1_}

&amp#27;[30m2020-02-08 10:21:40,138&amp#27;[0;39m &amp#27;[39mDEBUG&amp#27;[0;39m [&amp#27;[34mmain&amp#27;[0;39m] &amp#27;[33morg.hibernate.loader.collection.plan.CollectionLoader&amp#27;[0;39m: Static select for collection in.rgukt.r081247.universityapi.entity.Department.courses: select courses0_.department_id as departme3_0_0_, courses0_.id as id1_0_0_, courses0_.id as id1_0_1_, courses0_.department_id as departme3_0_1_, courses0_.name as name2_0_1_ from course courses0_ where courses0_.department_id=?
&amp#27;[30m2020-02-08 10:21:40,138&amp#27;[0;39m &amp#27;[39mDEBUG&amp#27;[0;39m [&amp#27;[34mmain&amp#27;[0;39m] &amp#27;[33morg.hibernate.loader.plan.build.internal.spaces.QuerySpacesImpl&amp#27;[0;39m: Adding QuerySpace : uid = <gen:0> -> org.hibernate.loader.plan.build.internal.spaces.CollectionQuerySpaceImpl@2cf6b6e6]
&amp#27;[30m2020-02-08 10:21:40,138&amp#27;[0;39m &amp#27;[39mDEBUG&amp#27;[0;39m [&amp#27;[34mmain&amp#27;[0;39m] &amp#27;[33morg.hibernate.loader.plan.build.internal.spaces.QuerySpacesImpl&amp#27;[0;39m: Adding QuerySpace : uid = <gen:1> -> org.hibernate.loader.plan.build.internal.spaces.EntityQuerySpaceImpl@6a16ee0d]
&amp#27;[30m2020-02-08 10:21:40,139&amp#27;[0;39m &amp#27;[39mDEBUG&amp#27;[0;39m [&amp#27;[34mmain&amp#27;[0;39m] &amp#27;[33morg.hibernate.persister.walking.spi.MetamodelGraphWalker&amp#27;[0;39m: Visiting attribute path : courses
&amp#27;[30m2020-02-08 10:21:40,139&amp#27;[0;39m &amp#27;[39mDEBUG&amp#27;[0;39m [&amp#27;[34mmain&amp#27;[0;39m] &amp#27;[33morg.hibernate.persister.walking.spi.MetamodelGraphWalker&amp#27;[0;39m: Property path deemed to be circular : courses
&amp#27;[30m2020-02-08 10:21:40,139&amp#27;[0;39m &amp#27;[39mDEBUG&amp#27;[0;39m [&amp#27;[34mmain&amp#27;[0;39m] &amp#27;[33morg.hibernate.persister.walking.spi.MetamodelGraphWalker&amp#27;[0;39m: Visiting attribute path : dob
&amp#27;[30m2020-02-08 10:21:40,139&amp#27;[0;39m &amp#27;[39mDEBUG&amp#27;[0;39m [&amp#27;[34mmain&amp#27;[0;39m] &amp#27;[33morg.hibernate.persister.walking.spi.MetamodelGraphWalker&amp#27;[0;39m: Visiting attribute path : name
&amp#27;[30m2020-02-08 10:21:40,139&amp#27;[0;39m &amp#27;[39mDEBUG&amp#27;[0;39m [&amp#27;[34mmain&amp#27;[0;39m] &amp#27;[33morg.hibernate.loader.plan.build.internal.FetchStyleLoadPlanBuildingAssociationVisitationStrategy&amp#27;[0;39m: Building LoadPlan...
&amp#27;[30m2020-02-08 10:21:40,140&amp#27;[0;39m &amp#27;[39mDEBUG&amp#27;[0;39m [&amp#27;[34mmain&amp#27;[0;39m] &amp#27;[33morg.hibernate.loader.plan.exec.internal.LoadQueryJoinAndFetchProcessor&amp#27;[0;39m: processing queryspace <gen:0>
&amp#27;[30m2020-02-08 10:21:40,141&amp#27;[0;39m &amp#27;[39mDEBUG&amp#27;[0;39m [&amp#27;[34mmain&amp#27;[0;39m] &amp#27;[33morg.hibernate.loader.plan.build.spi.LoadPlanTreePrinter&amp#27;[0;39m: LoadPlan(collection=in.rgukt.r081247.universityapi.entity.Course.students)
    - Returns
       - CollectionReturnImpl(collection=in.rgukt.r081247.universityapi.entity.Course.students, querySpaceUid=<gen:0>, path=[in.rgukt.r081247.universityapi.entity.Course.students])
          - (collection element) CollectionFetchableElementEntityGraph(entity=in.rgukt.r081247.universityapi.entity.Student, querySpaceUid=<gen:1>, path=[in.rgukt.r081247.universityapi.entity.Course.students].<elements>)
    - QuerySpaces
       - CollectionQuerySpaceImpl(uid=<gen:0>, collection=in.rgukt.r081247.universityapi.entity.Course.students)
          - SQL table alias mapping - students0_
          - alias suffix - 0_
          - suffixed key columns - {course_i2_3_0_}
          - entity-element alias suffix - 1_
          - 1_entity-element suffixed key columns - id1_2_1_
          - JOIN (JoinDefinedByMetadata(elements)) : <gen:0> -> <gen:1>
             - EntityQuerySpaceImpl(uid=<gen:1>, entity=in.rgukt.r081247.universityapi.entity.Student)
                - SQL table alias mapping - student1_
                - alias suffix - 1_
                - suffixed key columns - {id1_2_1_}

&amp#27;[30m2020-02-08 10:21:40,141&amp#27;[0;39m &amp#27;[39mDEBUG&amp#27;[0;39m [&amp#27;[34mmain&amp#27;[0;39m] &amp#27;[33morg.hibernate.loader.collection.plan.CollectionLoader&amp#27;[0;39m: Static select for collection in.rgukt.r081247.universityapi.entity.Course.students: select students0_.course_id as course_i2_3_0_, students0_.student_id as student_1_3_0_, student1_.id as id1_2_1_, student1_.dob as dob2_2_1_, student1_.name as name3_2_1_ from student_course students0_ inner join student student1_ on students0_.student_id=student1_.id where students0_.course_id=?
&amp#27;[30m2020-02-08 10:21:40,143&amp#27;[0;39m &amp#27;[39mDEBUG&amp#27;[0;39m [&amp#27;[34mmain&amp#27;[0;39m] &amp#27;[33morg.hibernate.engine.jdbc.spi.SqlStatementLogger&amp#27;[0;39m: 
    
    drop table course if exists
&amp#27;[30m2020-02-08 10:21:40,144&amp#27;[0;39m &amp#27;[39mDEBUG&amp#27;[0;39m [&amp#27;[34mmain&amp#27;[0;39m] &amp#27;[33morg.hibernate.engine.jdbc.spi.SqlStatementLogger&amp#27;[0;39m: 
    
    drop table department if exists
&amp#27;[30m2020-02-08 10:21:40,145&amp#27;[0;39m &amp#27;[39mDEBUG&amp#27;[0;39m [&amp#27;[34mmain&amp#27;[0;39m] &amp#27;[33morg.hibernate.engine.jdbc.spi.SqlStatementLogger&amp#27;[0;39m: 
    
    drop table student if exists
&amp#27;[30m2020-02-08 10:21:40,145&amp#27;[0;39m &amp#27;[39mDEBUG&amp#27;[0;39m [&amp#27;[34mmain&amp#27;[0;39m] &amp#27;[33morg.hibernate.engine.jdbc.spi.SqlStatementLogger&amp#27;[0;39m: 
    
    drop table student_course if exists
&amp#27;[30m2020-02-08 10:21:40,146&amp#27;[0;39m &amp#27;[39mDEBUG&amp#27;[0;39m [&amp#27;[34mmain&amp#27;[0;39m] &amp#27;[33morg.hibernate.engine.jdbc.spi.SqlStatementLogger&amp#27;[0;39m: 
    
    create table course (
       id bigint generated by default as identity,
        name varchar(100) not null,
        department_id bigint,
        primary key (id)
    )
&amp#27;[30m2020-02-08 10:21:40,148&amp#27;[0;39m &amp#27;[39mDEBUG&amp#27;[0;39m [&amp#27;[34mmain&amp#27;[0;39m] &amp#27;[33morg.hibernate.engine.jdbc.spi.SqlStatementLogger&amp#27;[0;39m: 
    
    create table department (
       id bigint generated by default as identity,
        name varchar(100) not null,
        primary key (id)
    )
&amp#27;[30m2020-02-08 10:21:40,151&amp#27;[0;39m &amp#27;[39mDEBUG&amp#27;[0;39m [&amp#27;[34mmain&amp#27;[0;39m] &amp#27;[33morg.hibernate.engine.jdbc.spi.SqlStatementLogger&amp#27;[0;39m: 
    
    create table student (
       id bigint generated by default as identity,
        dob date,
        name varchar(100) not null,
        primary key (id)
    )
&amp#27;[30m2020-02-08 10:21:40,153&amp#27;[0;39m &amp#27;[39mDEBUG&amp#27;[0;39m [&amp#27;[34mmain&amp#27;[0;39m] &amp#27;[33morg.hibernate.engine.jdbc.spi.SqlStatementLogger&amp#27;[0;39m: 
    
    create table student_course (
       student_id bigint not null,
        course_id bigint not null,
        primary key (student_id, course_id)
    )
&amp#27;[30m2020-02-08 10:21:40,155&amp#27;[0;39m &amp#27;[39mDEBUG&amp#27;[0;39m [&amp#27;[34mmain&amp#27;[0;39m] &amp#27;[33morg.hibernate.engine.jdbc.spi.SqlStatementLogger&amp#27;[0;39m: 
    
    alter table course 
       add constraint FKi1btm7ma8n3gaj6afdno300wm 
       foreign key (department_id) 
       references department
&amp#27;[30m2020-02-08 10:21:40,159&amp#27;[0;39m &amp#27;[39mDEBUG&amp#27;[0;39m [&amp#27;[34mmain&amp#27;[0;39m] &amp#27;[33morg.hibernate.engine.jdbc.spi.SqlStatementLogger&amp#27;[0;39m: 
    
    alter table student_course 
       add constraint FKejrkh4gv8iqgmspsanaji90ws 
       foreign key (course_id) 
       references course
&amp#27;[30m2020-02-08 10:21:40,163&amp#27;[0;39m &amp#27;[39mDEBUG&amp#27;[0;39m [&amp#27;[34mmain&amp#27;[0;39m] &amp#27;[33morg.hibernate.engine.jdbc.spi.SqlStatementLogger&amp#27;[0;39m: 
    
    alter table student_course 
       add constraint FKq7yw2wg9wlt2cnj480hcdn6dq 
       foreign key (student_id) 
       references student
&amp#27;[30m2020-02-08 10:21:40,173&amp#27;[0;39m &amp#27;[34mINFO &amp#27;[0;39m [&amp#27;[34mmain&amp#27;[0;39m] &amp#27;[33morg.hibernate.tool.schema.internal.SchemaCreatorImpl&amp#27;[0;39m: HHH000476: Executing import script 'org.hibernate.tool.schema.internal.exec.ScriptSourceInputNonExistentImpl@6ab1f85b'
&amp#27;[30m2020-02-08 10:21:40,174&amp#27;[0;39m &amp#27;[39mDEBUG&amp#27;[0;39m [&amp#27;[34mmain&amp#27;[0;39m] &amp#27;[33morg.hibernate.query.spi.NamedQueryRepository&amp#27;[0;39m: Checking 0 named HQL queries
&amp#27;[30m2020-02-08 10:21:40,174&amp#27;[0;39m &amp#27;[39mDEBUG&amp#27;[0;39m [&amp#27;[34mmain&amp#27;[0;39m] &amp#27;[33morg.hibernate.query.spi.NamedQueryRepository&amp#27;[0;39m: Checking 0 named SQL queries
&amp#27;[30m2020-02-08 10:21:40,175&amp#27;[0;39m &amp#27;[39mDEBUG&amp#27;[0;39m [&amp#27;[34mmain&amp#27;[0;39m] &amp#27;[33morg.hibernate.internal.SessionFactoryRegistry&amp#27;[0;39m: Registering SessionFactory: 8acdd7bc-3c96-42a9-b85c-2459abc73a92 (<unnamed>)
&amp#27;[30m2020-02-08 10:21:40,175&amp#27;[0;39m &amp#27;[39mDEBUG&amp#27;[0;39m [&amp#27;[34mmain&amp#27;[0;39m] &amp#27;[33morg.hibernate.internal.SessionFactoryRegistry&amp#27;[0;39m: Not binding SessionFactory to JNDI, no JNDI name configured
&amp#27;[30m2020-02-08 10:21:40,175&amp#27;[0;39m &amp#27;[34mINFO &amp#27;[0;39m [&amp#27;[34mmain&amp#27;[0;39m] &amp#27;[33morg.springframework.orm.jpa.AbstractEntityManagerFactoryBean&amp#27;[0;39m: Initialized JPA EntityManagerFactory for persistence unit 'default'
&amp#27;[30m2020-02-08 10:21:40,182&amp#27;[0;39m &amp#27;[39mDEBUG&amp#27;[0;39m [&amp#27;[34mmain&amp#27;[0;39m] &amp#27;[33morg.springframework.beans.factory.support.DefaultSingletonBeanRegistry&amp#27;[0;39m: Creating shared instance of singleton bean 'delegatingApplicationListener'
&amp#27;[30m2020-02-08 10:21:40,187&amp#27;[0;39m &amp#27;[39mDEBUG&amp#27;[0;39m [&amp#27;[34mmain&amp#27;[0;39m] &amp#27;[33morg.springframework.beans.factory.support.DefaultSingletonBeanRegistry&amp#27;[0;39m: Creating shared instance of singleton bean 'crmApplication'
&amp#27;[30m2020-02-08 10:21:40,192&amp#27;[0;39m &amp#27;[39mDEBUG&amp#27;[0;39m [&amp#27;[34mmain&amp#27;[0;39m] &amp#27;[33morg.springframework.beans.factory.support.DefaultSingletonBeanRegistry&amp#27;[0;39m: Creating shared instance of singleton bean 'crmCofig'
&amp#27;[30m2020-02-08 10:21:40,196&amp#27;[0;39m &amp#27;[39mDEBUG&amp#27;[0;39m [&amp#27;[34mmain&amp#27;[0;39m] &amp#27;[33morg.springframework.beans.factory.support.DefaultSingletonBeanRegistry&amp#27;[0;39m: Creating shared instance of singleton bean 'securityConfiguration'
&amp#27;[30m2020-02-08 10:21:40,209&amp#27;[0;39m &amp#27;[39mDEBUG&amp#27;[0;39m [&amp#27;[34mmain&amp#27;[0;39m] &amp#27;[33morg.springframework.beans.factory.support.DefaultSingletonBeanRegistry&amp#27;[0;39m: Creating shared instance of singleton bean 'mvcContentNegotiationManager'
&amp#27;[30m2020-02-08 10:21:40,209&amp#27;[0;39m &amp#27;[39mDEBUG&amp#27;[0;39m [&amp#27;[34mmain&amp#27;[0;39m] &amp#27;[33morg.springframework.beans.factory.support.DefaultSingletonBeanRegistry&amp#27;[0;39m: Creating shared instance of singleton bean 'org.springframework.boot.autoconfigure.web.servlet.WebMvcAutoConfiguration$EnableWebMvcConfiguration'
&amp#27;[30m2020-02-08 10:21:40,210&amp#27;[0;39m &amp#27;[39mDEBUG&amp#27;[0;39m [&amp#27;[34mmain&amp#27;[0;39m] &amp#27;[33morg.springframework.core.LocalVariableTableParameterNameDiscoverer&amp#27;[0;39m: Cannot find '.class' file for class [class org.springframework.boot.autoconfigure.web.servlet.WebMvcAutoConfiguration$EnableWebMvcConfiguration$$EnhancerBySpringCGLIB$$415b28eb] - unable to determine constructor/method parameter names
&amp#27;[30m2020-02-08 10:21:40,212&amp#27;[0;39m &amp#27;[39mDEBUG&amp#27;[0;39m [&amp#27;[34mmain&amp#27;[0;39m] &amp#27;[33morg.springframework.beans.factory.support.ConstructorResolver&amp#27;[0;39m: Autowiring by type from bean name 'org.springframework.boot.autoconfigure.web.servlet.WebMvcAutoConfiguration$EnableWebMvcConfiguration' via constructor to bean named 'org.springframework.beans.factory.support.DefaultListableBeanFactory@49522bdf'
&amp#27;[30m2020-02-08 10:21:40,223&amp#27;[0;39m &amp#27;[39mDEBUG&amp#27;[0;39m [&amp#27;[34mmain&amp#27;[0;39m] &amp#27;[33morg.springframework.beans.factory.support.DefaultSingletonBeanRegistry&amp#27;[0;39m: Creating shared instance of singleton bean 'org.springframework.security.config.annotation.web.configuration.WebMvcSecurityConfiguration'
&amp#27;[30m2020-02-08 10:21:40,228&amp#27;[0;39m &amp#27;[39mDEBUG&amp#27;[0;39m [&amp#27;[34mmain&amp#27;[0;39m] &amp#27;[33morg.springframework.beans.factory.support.DefaultSingletonBeanRegistry&amp#27;[0;39m: Creating shared instance of singleton bean 'org.springframework.boot.autoconfigure.web.servlet.WebMvcAutoConfiguration$WebMvcAutoConfigurationAdapter'
&amp#27;[30m2020-02-08 10:21:40,229&amp#27;[0;39m &amp#27;[39mDEBUG&amp#27;[0;39m [&amp#27;[34mmain&amp#27;[0;39m] &amp#27;[33morg.springframework.core.LocalVariableTableParameterNameDiscoverer&amp#27;[0;39m: Cannot find '.class' file for class [class org.springframework.boot.autoconfigure.web.servlet.WebMvcAutoConfiguration$WebMvcAutoConfigurationAdapter$$EnhancerBySpringCGLIB$$e35ef3d0] - unable to determine constructor/method parameter names
&amp#27;[30m2020-02-08 10:21:40,231&amp#27;[0;39m &amp#27;[39mDEBUG&amp#27;[0;39m [&amp#27;[34mmain&amp#27;[0;39m] &amp#27;[33morg.springframework.beans.factory.support.ConstructorResolver&amp#27;[0;39m: Autowiring by type from bean name 'org.springframework.boot.autoconfigure.web.servlet.WebMvcAutoConfiguration$WebMvcAutoConfigurationAdapter' via constructor to bean named 'spring.resources-org.springframework.boot.autoconfigure.web.ResourceProperties'
&amp#27;[30m2020-02-08 10:21:40,231&amp#27;[0;39m &amp#27;[39mDEBUG&amp#27;[0;39m [&amp#27;[34mmain&amp#27;[0;39m] &amp#27;[33morg.springframework.beans.factory.support.ConstructorResolver&amp#27;[0;39m: Autowiring by type from bean name 'org.springframework.boot.autoconfigure.web.servlet.WebMvcAutoConfiguration$WebMvcAutoConfigurationAdapter' via constructor to bean named 'spring.mvc-org.springframework.boot.autoconfigure.web.servlet.WebMvcProperties'
&amp#27;[30m2020-02-08 10:21:40,231&amp#27;[0;39m &amp#27;[39mDEBUG&amp#27;[0;39m [&amp#27;[34mmain&amp#27;[0;39m] &amp#27;[33morg.springframework.beans.factory.support.ConstructorResolver&amp#27;[0;39m: Autowiring by type from bean name 'org.springframework.boot.autoconfigure.web.servlet.WebMvcAutoConfiguration$WebMvcAutoConfigurationAdapter' via constructor to bean named 'org.springframework.beans.factory.support.DefaultListableBeanFactory@49522bdf'
&amp#27;[30m2020-02-08 10:21:40,245&amp#27;[0;39m &amp#27;[39mDEBUG&amp#27;[0;39m [&amp#27;[34mmain&amp#27;[0;39m] &amp#27;[33morg.springframework.beans.factory.support.DefaultSingletonBeanRegistry&amp#27;[0;39m: Creating shared instance of singleton bean 'org.springframework.boot.autoconfigure.orm.jpa.JpaBaseConfiguration$JpaWebConfiguration$JpaWebMvcConfiguration'
&amp#27;[30m2020-02-08 10:21:40,245&amp#27;[0;39m &amp#27;[39mDEBUG&amp#27;[0;39m [&amp#27;[34mmain&amp#27;[0;39m] &amp#27;[33morg.springframework.core.LocalVariableTableParameterNameDiscoverer&amp#27;[0;39m: Cannot find '.class' file for class [class org.springframework.boot.autoconfigure.orm.jpa.JpaBaseConfiguration$JpaWebConfiguration$JpaWebMvcConfiguration$$EnhancerBySpringCGLIB$$1fa8e563] - unable to determine constructor/method parameter names
&amp#27;[30m2020-02-08 10:21:40,247&amp#27;[0;39m &amp#27;[39mDEBUG&amp#27;[0;39m [&amp#27;[34mmain&amp#27;[0;39m] &amp#27;[33morg.springframework.beans.factory.support.ConstructorResolver&amp#27;[0;39m: Autowiring by type from bean name 'org.springframework.boot.autoconfigure.orm.jpa.JpaBaseConfiguration$JpaWebConfiguration$JpaWebMvcConfiguration' via constructor to bean named 'spring.jpa-org.springframework.boot.autoconfigure.orm.jpa.JpaProperties'
&amp#27;[30m2020-02-08 10:21:40,254&amp#27;[0;39m &amp#27;[39mDEBUG&amp#27;[0;39m [&amp#27;[34mmain&amp#27;[0;39m] &amp#27;[33morg.springframework.beans.factory.support.DefaultSingletonBeanRegistry&amp#27;[0;39m: Creating shared instance of singleton bean 'org.springframework.data.web.config.SpringDataWebConfiguration'
&amp#27;[30m2020-02-08 10:21:40,254&amp#27;[0;39m &amp#27;[39mDEBUG&amp#27;[0;39m [&amp#27;[34mmain&amp#27;[0;39m] &amp#27;[33morg.springframework.core.LocalVariableTableParameterNameDiscoverer&amp#27;[0;39m: Cannot find '.class' file for class [class org.springframework.data.web.config.SpringDataWebConfiguration$$EnhancerBySpringCGLIB$$37d206be] - unable to determine constructor/method parameter names
&amp#27;[30m2020-02-08 10:21:40,255&amp#27;[0;39m &amp#27;[39mDEBUG&amp#27;[0;39m [&amp#27;[34mmain&amp#27;[0;39m] &amp#27;[33morg.springframework.beans.factory.support.ConstructorResolver&amp#27;[0;39m: Autowiring by type from bean name 'org.springframework.data.web.config.SpringDataWebConfiguration' via constructor to bean named 'org.springframework.boot.web.servlet.context.AnnotationConfigServletWebServerApplicationContext@48064a5a'
&amp#27;[30m2020-02-08 10:21:40,262&amp#27;[0;39m &amp#27;[39mDEBUG&amp#27;[0;39m [&amp#27;[34mmain&amp#27;[0;39m] &amp#27;[33morg.springframework.beans.factory.support.DefaultSingletonBeanRegistry&amp#27;[0;39m: Creating shared instance of singleton bean 'pageableCustomizer'
&amp#27;[30m2020-02-08 10:21:40,262&amp#27;[0;39m &amp#27;[39mDEBUG&amp#27;[0;39m [&amp#27;[34mmain&amp#27;[0;39m] &amp#27;[33morg.springframework.beans.factory.support.DefaultSingletonBeanRegistry&amp#27;[0;39m: Creating shared instance of singleton bean 'org.springframework.boot.autoconfigure.data.web.SpringDataWebAutoConfiguration'
&amp#27;[30m2020-02-08 10:21:40,264&amp#27;[0;39m &amp#27;[39mDEBUG&amp#27;[0;39m [&amp#27;[34mmain&amp#27;[0;39m] &amp#27;[33morg.springframework.core.LocalVariableTableParameterNameDiscoverer&amp#27;[0;39m: Cannot find '.class' file for class [class org.springframework.boot.autoconfigure.data.web.SpringDataWebAutoConfiguration$$EnhancerBySpringCGLIB$$c2048e8c] - unable to determine constructor/method parameter names
&amp#27;[30m2020-02-08 10:21:40,266&amp#27;[0;39m &amp#27;[39mDEBUG&amp#27;[0;39m [&amp#27;[34mmain&amp#27;[0;39m] &amp#27;[33morg.springframework.beans.factory.support.DefaultSingletonBeanRegistry&amp#27;[0;39m: Creating shared instance of singleton bean 'spring.data.web-org.springframework.boot.autoconfigure.data.web.SpringDataWebProperties'
&amp#27;[30m2020-02-08 10:21:40,270&amp#27;[0;39m &amp#27;[39mDEBUG&amp#27;[0;39m [&amp#27;[34mmain&amp#27;[0;39m] &amp#27;[33morg.springframework.beans.factory.support.ConstructorResolver&amp#27;[0;39m: Autowiring by type from bean name 'org.springframework.boot.autoconfigure.data.web.SpringDataWebAutoConfiguration' via constructor to bean named 'spring.data.web-org.springframework.boot.autoconfigure.data.web.SpringDataWebProperties'
&amp#27;[30m2020-02-08 10:21:40,280&amp#27;[0;39m &amp#27;[39mDEBUG&amp#27;[0;39m [&amp#27;[34mmain&amp#27;[0;39m] &amp#27;[33morg.springframework.beans.factory.support.DefaultSingletonBeanRegistry&amp#27;[0;39m: Creating shared instance of singleton bean 'sortCustomizer'
&amp#27;[30m2020-02-08 10:21:40,316&amp#27;[0;39m &amp#27;[39mDEBUG&amp#27;[0;39m [&amp#27;[34mmain&amp#27;[0;39m] &amp#27;[33morg.springframework.beans.factory.support.DefaultSingletonBeanRegistry&amp#27;[0;39m: Creating shared instance of singleton bean 'org.springframework.security.config.annotation.authentication.configuration.AuthenticationConfiguration'
&amp#27;[30m2020-02-08 10:21:40,323&amp#27;[0;39m &amp#27;[39mDEBUG&amp#27;[0;39m [&amp#27;[34mmain&amp#27;[0;39m] &amp#27;[33morg.springframework.beans.factory.support.DefaultSingletonBeanRegistry&amp#27;[0;39m: Creating shared instance of singleton bean 'enableGlobalAuthenticationAutowiredConfigurer'
&amp#27;[30m2020-02-08 10:21:40,324&amp#27;[0;39m &amp#27;[39mDEBUG&amp#27;[0;39m [&amp#27;[34mmain&amp#27;[0;39m] &amp#27;[33morg.springframework.beans.factory.support.ConstructorResolver&amp#27;[0;39m: Autowiring by type from bean name 'enableGlobalAuthenticationAutowiredConfigurer' via factory method to bean named 'org.springframework.boot.web.servlet.context.AnnotationConfigServletWebServerApplicationContext@48064a5a'
&amp#27;[30m2020-02-08 10:21:40,333&amp#27;[0;39m &amp#27;[39mDEBUG&amp#27;[0;39m [&amp#27;[34mmain&amp#27;[0;39m] &amp#27;[33morg.springframework.beans.factory.support.DefaultSingletonBeanRegistry&amp#27;[0;39m: Creating shared instance of singleton bean 'initializeUserDetailsBeanManagerConfigurer'
&amp#27;[30m2020-02-08 10:21:40,334&amp#27;[0;39m &amp#27;[39mDEBUG&amp#27;[0;39m [&amp#27;[34mmain&amp#27;[0;39m] &amp#27;[33morg.springframework.beans.factory.support.ConstructorResolver&amp#27;[0;39m: Autowiring by type from bean name 'initializeUserDetailsBeanManagerConfigurer' via factory method to bean named 'org.springframework.boot.web.servlet.context.AnnotationConfigServletWebServerApplicationContext@48064a5a'
&amp#27;[30m2020-02-08 10:21:40,359&amp#27;[0;39m &amp#27;[39mDEBUG&amp#27;[0;39m [&amp#27;[34mmain&amp#27;[0;39m] &amp#27;[33morg.springframework.beans.factory.support.DefaultSingletonBeanRegistry&amp#27;[0;39m: Creating shared instance of singleton bean 'initializeAuthenticationProviderBeanManagerConfigurer'
&amp#27;[30m2020-02-08 10:21:40,360&amp#27;[0;39m &amp#27;[39mDEBUG&amp#27;[0;39m [&amp#27;[34mmain&amp#27;[0;39m] &amp#27;[33morg.springframework.beans.factory.support.ConstructorResolver&amp#27;[0;39m: Autowiring by type from bean name 'initializeAuthenticationProviderBeanManagerConfigurer' via factory method to bean named 'org.springframework.boot.web.servlet.context.AnnotationConfigServletWebServerApplicationContext@48064a5a'
&amp#27;[30m2020-02-08 10:21:40,375&amp#27;[0;39m &amp#27;[39mDEBUG&amp#27;[0;39m [&amp#27;[34mmain&amp#27;[0;39m] &amp#27;[33morg.springframework.beans.factory.support.DefaultSingletonBeanRegistry&amp#27;[0;39m: Creating shared instance of singleton bean 'courseController'
&amp#27;[30m2020-02-08 10:21:40,378&amp#27;[0;39m &amp#27;[39mDEBUG&amp#27;[0;39m [&amp#27;[34mmain&amp#27;[0;39m] &amp#27;[33morg.springframework.beans.factory.support.DefaultSingletonBeanRegistry&amp#27;[0;39m: Creating shared instance of singleton bean 'courseService'
&amp#27;[30m2020-02-08 10:21:40,381&amp#27;[0;39m &amp#27;[31mWARN &amp#27;[0;39m [&amp#27;[34mmain&amp#27;[0;39m] &amp#27;[33morg.springframework.context.support.AbstractApplicationContext&amp#27;[0;39m: Exception encountered during context initialization - cancelling refresh attempt: org.springframework.beans.factory.UnsatisfiedDependencyException: Error creating bean with name 'courseController': Unsatisfied dependency expressed through field 'courseService'; nested exception is org.springframework.beans.factory.UnsatisfiedDependencyException: Error creating bean with name 'courseService': Unsatisfied dependency expressed through field 'departmentRepository'; nested exception is org.springframework.beans.factory.NoSuchBeanDefinitionException: No qualifying bean of type 'in.rgukt.r081247.universityapi.repository.DepartmentRepository' available: expected at least 1 bean which qualifies as autowire candidate. Dependency annotations: {@org.springframework.beans.factory.annotation.Autowired(required=true)}
&amp#27;[30m2020-02-08 10:21:40,382&amp#27;[0;39m &amp#27;[34mINFO &amp#27;[0;39m [&amp#27;[34mmain&amp#27;[0;39m] &amp#27;[33morg.springframework.orm.jpa.AbstractEntityManagerFactoryBean&amp#27;[0;39m: Closing JPA EntityManagerFactory for persistence unit 'default'
&amp#27;[30m2020-02-08 10:21:40,382&amp#27;[0;39m &amp#27;[39mDEBUG&amp#27;[0;39m [&amp#27;[34mmain&amp#27;[0;39m] &amp#27;[33morg.hibernate.internal.SessionFactoryImpl&amp#27;[0;39m: HHH000031: Closing
&amp#27;[30m2020-02-08 10:21:40,382&amp#27;[0;39m &amp#27;[39mDEBUG&amp#27;[0;39m [&amp#27;[34mmain&amp#27;[0;39m] &amp#27;[33morg.hibernate.type.spi.TypeConfiguration$Scope&amp#27;[0;39m: Un-scoping TypeConfiguration [org.hibernate.type.spi.TypeConfiguration$Scope@16c6d5a2] from SessionFactory [org.hibernate.internal.SessionFactoryImpl@208ce928]
&amp#27;[30m2020-02-08 10:21:40,382&amp#27;[0;39m &amp#27;[39mDEBUG&amp#27;[0;39m [&amp#27;[34mmain&amp#27;[0;39m] &amp#27;[33morg.hibernate.service.internal.AbstractServiceRegistryImpl&amp#27;[0;39m: Implicitly destroying ServiceRegistry on de-registration of all child ServiceRegistries
&amp#27;[30m2020-02-08 10:21:40,382&amp#27;[0;39m &amp#27;[39mDEBUG&amp#27;[0;39m [&amp#27;[34mmain&amp#27;[0;39m] &amp#27;[33morg.hibernate.boot.registry.internal.BootstrapServiceRegistryImpl&amp#27;[0;39m: Implicitly destroying Boot-strap registry on de-registration of all child ServiceRegistries
&amp#27;[30m2020-02-08 10:21:40,400&amp#27;[0;39m &amp#27;[34mINFO &amp#27;[0;39m [&amp#27;[34mmain&amp#27;[0;39m] &amp#27;[33morg.springframework.beans.factory.support.DisposableBeanAdapter&amp#27;[0;39m: Invocation of destroy method failed on bean with name 'inMemoryDatabaseShutdownExecutor'
org.h2.jdbc.JdbcSQLNonTransientConnectionException: Database is already closed (to disable automatic closing at VM shutdown, add ";DB_CLOSE_ON_EXIT=FALSE" to the db URL) [90121-199]
	at org.h2.message.DbException.getJdbcSQLException(DbException.java:617)
	at org.h2.message.DbException.getJdbcSQLException(DbException.java:427)
	at org.h2.message.DbException.get(DbException.java:205)
	at org.h2.message.DbException.get(DbException.java:181)
	at org.h2.message.DbException.get(DbException.java:170)
	at org.h2.jdbc.JdbcConnection.checkClosed(JdbcConnection.java:1571)
	at org.h2.jdbc.JdbcConnection.checkClosed(JdbcConnection.java:1547)
	at org.h2.jdbc.JdbcConnection.clearWarnings(JdbcConnection.java:708)
	at com.zaxxer.hikari.pool.ProxyConnection.close(ProxyConnection.java:242)
	at org.springframework.boot.devtools.autoconfigure.DevToolsDataSourceAutoConfiguration$NonEmbeddedInMemoryDatabaseShutdownExecutor.destroy(DevToolsDataSourceAutoConfiguration.java:106)
	at org.springframework.beans.factory.support.DisposableBeanAdapter.destroy(DisposableBeanAdapter.java:256)
	at org.springframework.beans.factory.support.DefaultSingletonBeanRegistry.destroyBean(DefaultSingletonBeanRegistry.java:571)
	at org.springframework.beans.factory.support.DefaultSingletonBeanRegistry.destroySingleton(DefaultSingletonBeanRegistry.java:543)
	at org.springframework.beans.factory.support.DefaultListableBeanFactory.destroySingleton(DefaultListableBeanFactory.java:1034)
	at org.springframework.beans.factory.support.DefaultSingletonBeanRegistry.destroySingletons(DefaultSingletonBeanRegistry.java:504)
	at org.springframework.beans.factory.support.DefaultListableBeanFactory.destroySingletons(DefaultListableBeanFactory.java:1027)
	at org.springframework.context.support.AbstractApplicationContext.destroyBeans(AbstractApplicationContext.java:1057)
	at org.springframework.context.support.AbstractApplicationContext.refresh(AbstractApplicationContext.java:562)
	at org.springframework.boot.web.servlet.context.ServletWebServerApplicationContext.refresh(ServletWebServerApplicationContext.java:142)
	at org.springframework.boot.SpringApplication.refresh(SpringApplication.java:775)
	at org.springframework.boot.SpringApplication.refreshContext(SpringApplication.java:397)
	at org.springframework.boot.SpringApplication.run(SpringApplication.java:316)
	at org.springframework.boot.test.context.SpringBootContextLoader.loadContext(SpringBootContextLoader.java:127)
	at org.springframework.test.context.cache.DefaultCacheAwareContextLoaderDelegate.loadContextInternal(DefaultCacheAwareContextLoaderDelegate.java:99)
	at org.springframework.test.context.cache.DefaultCacheAwareContextLoaderDelegate.loadContext(DefaultCacheAwareContextLoaderDelegate.java:117)
	at org.springframework.test.context.support.DefaultTestContext.getApplicationContext(DefaultTestContext.java:108)
	at org.springframework.boot.test.autoconfigure.SpringBootDependencyInjectionTestExecutionListener.outputConditionEvaluationReport(SpringBootDependencyInjectionTestExecutionListener.java:54)
	at org.springframework.boot.test.autoconfigure.SpringBootDependencyInjectionTestExecutionListener.prepareTestInstance(SpringBootDependencyInjectionTestExecutionListener.java:47)
	at org.springframework.test.context.TestContextManager.prepareTestInstance(TestContextManager.java:246)
	at org.springframework.test.context.junit4.SpringJUnit4ClassRunner.createTest(SpringJUnit4ClassRunner.java:227)
	at org.springframework.test.context.junit4.SpringJUnit4ClassRunner$1.runReflectiveCall(SpringJUnit4ClassRunner.java:289)
	at org.junit.internal.runners.model.ReflectiveCallable.run(ReflectiveCallable.java:12)
	at org.springframework.test.context.junit4.SpringJUnit4ClassRunner.methodBlock(SpringJUnit4ClassRunner.java:291)
	at org.springframework.test.context.junit4.SpringJUnit4ClassRunner.runChild(SpringJUnit4ClassRunner.java:246)
	at org.springframework.test.context.junit4.SpringJUnit4ClassRunner.runChild(SpringJUnit4ClassRunner.java:97)
	at org.junit.runners.ParentRunner$3.run(ParentRunner.java:290)
	at org.junit.runners.ParentRunner$1.schedule(ParentRunner.java:71)
	at org.junit.runners.ParentRunner.runChildren(ParentRunner.java:288)
	at org.junit.runners.ParentRunner.access$000(ParentRunner.java:58)
	at org.junit.runners.ParentRunner$2.evaluate(ParentRunner.java:268)
	at org.springframework.test.context.junit4.statements.RunBeforeTestClassCallbacks.evaluate(RunBeforeTestClassCallbacks.java:61)
	at org.springframework.test.context.junit4.statements.RunAfterTestClassCallbacks.evaluate(RunAfterTestClassCallbacks.java:70)
	at org.junit.runners.ParentRunner.run(ParentRunner.java:363)
	at org.springframework.test.context.junit4.SpringJUnit4ClassRunner.run(SpringJUnit4ClassRunner.java:190)
	at org.apache.maven.surefire.junit4.JUnit4Provider.execute(JUnit4Provider.java:365)
	at org.apache.maven.surefire.junit4.JUnit4Provider.executeWithRerun(JUnit4Provider.java:273)
	at org.apache.maven.surefire.junit4.JUnit4Provider.executeTestSet(JUnit4Provider.java:238)
	at org.apache.maven.surefire.junit4.JUnit4Provider.invoke(JUnit4Provider.java:159)
	at org.apache.maven.surefire.booter.ForkedBooter.invokeProviderInSameClassLoader(ForkedBooter.java:384)
	at org.apache.maven.surefire.booter.ForkedBooter.runSuitesInProcess(ForkedBooter.java:345)
	at org.apache.maven.surefire.booter.ForkedBooter.execute(ForkedBooter.java:126)
	at org.apache.maven.surefire.booter.ForkedBooter.main(ForkedBooter.java:418)
&amp#27;[30m2020-02-08 10:21:40,403&amp#27;[0;39m &amp#27;[34mINFO &amp#27;[0;39m [&amp#27;[34mmain&amp#27;[0;39m] &amp#27;[33mcom.zaxxer.hikari.HikariDataSource&amp#27;[0;39m: HikariPool-3 - Shutdown initiated...
&amp#27;[30m2020-02-08 10:21:40,405&amp#27;[0;39m &amp#27;[39mDEBUG&amp#27;[0;39m [&amp#27;[34mmain&amp#27;[0;39m] &amp#27;[33mcom.zaxxer.hikari.pool.HikariPool&amp#27;[0;39m: HikariPool-3 - Before shutdown stats (total=10, active=0, idle=10, waiting=0)
&amp#27;[30m2020-02-08 10:21:40,408&amp#27;[0;39m &amp#27;[39mDEBUG&amp#27;[0;39m [&amp#27;[34mHikariPool-3 connection closer&amp#27;[0;39m] &amp#27;[33mcom.zaxxer.hikari.pool.PoolBase&amp#27;[0;39m: HikariPool-3 - Closing connection conn28: url=jdbc:h2:mem:db user=SA: (connection evicted)
&amp#27;[30m2020-02-08 10:21:40,413&amp#27;[0;39m &amp#27;[39mDEBUG&amp#27;[0;39m [&amp#27;[34mHikariPool-3 connection closer&amp#27;[0;39m] &amp#27;[33mcom.zaxxer.hikari.pool.PoolBase&amp#27;[0;39m: HikariPool-3 - Closing connection conn29: url=jdbc:h2:mem:db user=SA: (connection evicted)
&amp#27;[30m2020-02-08 10:21:40,413&amp#27;[0;39m &amp#27;[39mDEBUG&amp#27;[0;39m [&amp#27;[34mHikariPool-3 connection closer&amp#27;[0;39m] &amp#27;[33mcom.zaxxer.hikari.pool.PoolBase&amp#27;[0;39m: HikariPool-3 - Closing connection conn30: url=jdbc:h2:mem:db user=SA: (connection evicted)
&amp#27;[30m2020-02-08 10:21:40,413&amp#27;[0;39m &amp#27;[39mDEBUG&amp#27;[0;39m [&amp#27;[34mHikariPool-3 connection closer&amp#27;[0;39m] &amp#27;[33mcom.zaxxer.hikari.pool.PoolBase&amp#27;[0;39m: HikariPool-3 - Closing connection conn31: url=jdbc:h2:mem:db user=SA: (connection evicted)
&amp#27;[30m2020-02-08 10:21:40,414&amp#27;[0;39m &amp#27;[39mDEBUG&amp#27;[0;39m [&amp#27;[34mHikariPool-3 connection closer&amp#27;[0;39m] &amp#27;[33mcom.zaxxer.hikari.pool.PoolBase&amp#27;[0;39m: HikariPool-3 - Closing connection conn32: url=jdbc:h2:mem:db user=SA: (connection evicted)
&amp#27;[30m2020-02-08 10:21:40,414&amp#27;[0;39m &amp#27;[39mDEBUG&amp#27;[0;39m [&amp#27;[34mHikariPool-3 connection closer&amp#27;[0;39m] &amp#27;[33mcom.zaxxer.hikari.pool.PoolBase&amp#27;[0;39m: HikariPool-3 - Closing connection conn33: url=jdbc:h2:mem:db user=SA: (connection evicted)
&amp#27;[30m2020-02-08 10:21:40,415&amp#27;[0;39m &amp#27;[39mDEBUG&amp#27;[0;39m [&amp#27;[34mHikariPool-3 connection closer&amp#27;[0;39m] &amp#27;[33mcom.zaxxer.hikari.pool.PoolBase&amp#27;[0;39m: HikariPool-3 - Closing connection conn34: url=jdbc:h2:mem:db user=SA: (connection evicted)
&amp#27;[30m2020-02-08 10:21:40,416&amp#27;[0;39m &amp#27;[39mDEBUG&amp#27;[0;39m [&amp#27;[34mHikariPool-3 connection closer&amp#27;[0;39m] &amp#27;[33mcom.zaxxer.hikari.pool.PoolBase&amp#27;[0;39m: HikariPool-3 - Closing connection conn35: url=jdbc:h2:mem:db user=SA: (connection evicted)
&amp#27;[30m2020-02-08 10:21:40,417&amp#27;[0;39m &amp#27;[39mDEBUG&amp#27;[0;39m [&amp#27;[34mHikariPool-3 connection closer&amp#27;[0;39m] &amp#27;[33mcom.zaxxer.hikari.pool.PoolBase&amp#27;[0;39m: HikariPool-3 - Closing connection conn36: url=jdbc:h2:mem:db user=SA: (connection evicted)
&amp#27;[30m2020-02-08 10:21:40,417&amp#27;[0;39m &amp#27;[39mDEBUG&amp#27;[0;39m [&amp#27;[34mHikariPool-3 connection closer&amp#27;[0;39m] &amp#27;[33mcom.zaxxer.hikari.pool.PoolBase&amp#27;[0;39m: HikariPool-3 - Closing connection conn37: url=jdbc:h2:mem:db user=SA: (connection evicted)
&amp#27;[30m2020-02-08 10:21:40,420&amp#27;[0;39m &amp#27;[39mDEBUG&amp#27;[0;39m [&amp#27;[34mmain&amp#27;[0;39m] &amp#27;[33mcom.zaxxer.hikari.pool.HikariPool&amp#27;[0;39m: HikariPool-3 - After shutdown stats (total=0, active=0, idle=0, waiting=0)
&amp#27;[30m2020-02-08 10:21:40,420&amp#27;[0;39m &amp#27;[34mINFO &amp#27;[0;39m [&amp#27;[34mmain&amp#27;[0;39m] &amp#27;[33mcom.zaxxer.hikari.HikariDataSource&amp#27;[0;39m: HikariPool-3 - Shutdown completed.
&amp#27;[30m2020-02-08 10:21:40,421&amp#27;[0;39m &amp#27;[34mINFO &amp#27;[0;39m [&amp#27;[34mmain&amp#27;[0;39m] &amp#27;[33morg.apache.juli.logging.DirectJDKLog&amp#27;[0;39m: Stopping service [Tomcat]
&amp#27;[30m2020-02-08 10:21:40,428&amp#27;[0;39m &amp#27;[39mDEBUG&amp#27;[0;39m [&amp#27;[34mmain&amp#27;[0;39m] &amp#27;[33morg.springframework.boot.context.logging.ClasspathLoggingApplicationListener&amp#27;[0;39m: Application failed to start with classpath: unknown
&amp#27;[30m2020-02-08 10:21:40,440&amp#27;[0;39m &amp#27;[39mDEBUG&amp#27;[0;39m [&amp#27;[34mmain&amp#27;[0;39m] &amp#27;[33morg.springframework.boot.autoconfigure.logging.ConditionEvaluationReportLoggingListener&amp#27;[0;39m: 


============================
CONDITIONS EVALUATION REPORT
============================


Positive matches:
-----------------

   AopAutoConfiguration matched:
      - @ConditionalOnClass found required classes 'org.springframework.context.annotation.EnableAspectJAutoProxy', 'org.aspectj.lang.annotation.Aspect', 'org.aspectj.lang.reflect.Advice', 'org.aspectj.weaver.AnnotatedElement' (OnClassCondition)
      - @ConditionalOnProperty (spring.aop.auto=true) matched (OnPropertyCondition)

   AopAutoConfiguration.CglibAutoProxyConfiguration matched:
      - @ConditionalOnProperty (spring.aop.proxy-target-class=true) matched (OnPropertyCondition)

   CodecsAutoConfiguration matched:
      - @ConditionalOnClass found required class 'org.springframework.http.codec.CodecConfigurer' (OnClassCondition)

   CodecsAutoConfiguration.JacksonCodecConfiguration matched:
      - @ConditionalOnClass found required class 'com.fasterxml.jackson.databind.ObjectMapper' (OnClassCondition)

   CodecsAutoConfiguration.JacksonCodecConfiguration#jacksonCodecCustomizer matched:
      - @ConditionalOnBean (types: com.fasterxml.jackson.databind.ObjectMapper; SearchStrategy: all) found bean 'jacksonObjectMapper' (OnBeanCondition)

   DataSourceAutoConfiguration matched:
      - @ConditionalOnClass found required classes 'javax.sql.DataSource', 'org.springframework.jdbc.datasource.embedded.EmbeddedDatabaseType' (OnClassCondition)

   DataSourceAutoConfiguration.PooledDataSourceConfiguration matched:
      - AnyNestedCondition 1 matched 1 did not; NestedCondition on DataSourceAutoConfiguration.PooledDataSourceCondition.PooledDataSourceAvailable PooledDataSource found supported DataSource; NestedCondition on DataSourceAutoConfiguration.PooledDataSourceCondition.ExplicitType @ConditionalOnProperty (spring.datasource.type) did not find property 'type' (DataSourceAutoConfiguration.PooledDataSourceCondition)
      - @ConditionalOnMissingBean (types: javax.sql.DataSource,javax.sql.XADataSource; SearchStrategy: all) did not find any beans (OnBeanCondition)

   DataSourceConfiguration.Hikari matched:
      - @ConditionalOnClass found required class 'com.zaxxer.hikari.HikariDataSource' (OnClassCondition)
      - @ConditionalOnProperty (spring.datasource.type=com.zaxxer.hikari.HikariDataSource) matched (OnPropertyCondition)
      - @ConditionalOnMissingBean (types: javax.sql.DataSource; SearchStrategy: all) did not find any beans (OnBeanCondition)

   DataSourcePoolMetadataProvidersConfiguration.HikariPoolDataSourceMetadataProviderConfiguration matched:
      - @ConditionalOnClass found required class 'com.zaxxer.hikari.HikariDataSource' (OnClassCondition)

   DataSourceTransactionManagerAutoConfiguration matched:
      - @ConditionalOnClass found required classes 'org.springframework.jdbc.core.JdbcTemplate', 'org.springframework.transaction.PlatformTransactionManager' (OnClassCondition)

   DataSourceTransactionManagerAutoConfiguration.DataSourceTransactionManagerConfiguration matched:
      - @ConditionalOnSingleCandidate (types: javax.sql.DataSource; SearchStrategy: all) found a primary bean from beans 'dataSource' (OnBeanCondition)

   DevToolsDataSourceAutoConfiguration matched:
      - DevTools DataSource Condition found auto-configured DataSource (DevToolsDataSourceAutoConfiguration.DevToolsDataSourceCondition)

   DevToolsDataSourceAutoConfiguration.DatabaseShutdownExecutorJpaDependencyConfiguration matched:
      - @ConditionalOnClass found required class 'org.springframework.orm.jpa.LocalContainerEntityManagerFactoryBean' (OnClassCondition)
      - @ConditionalOnBean (types: org.springframework.orm.jpa.AbstractEntityManagerFactoryBean; SearchStrategy: all) found bean '&entityManagerFactory' (OnBeanCondition)

   DispatcherServletAutoConfiguration matched:
      - @ConditionalOnClass found required class 'org.springframework.web.servlet.DispatcherServlet' (OnClassCondition)
      - found 'session' scope (OnWebApplicationCondition)

   DispatcherServletAutoConfiguration.DispatcherServletConfiguration matched:
      - @ConditionalOnClass found required class 'javax.servlet.ServletRegistration' (OnClassCondition)
      - Default DispatcherServlet did not find dispatcher servlet beans (DispatcherServletAutoConfiguration.DefaultDispatcherServletCondition)

   DispatcherServletAutoConfiguration.DispatcherServletRegistrationConfiguration matched:
      - @ConditionalOnClass found required class 'javax.servlet.ServletRegistration' (OnClassCondition)
      - DispatcherServlet Registration did not find servlet registration bean (DispatcherServletAutoConfiguration.DispatcherServletRegistrationCondition)

   DispatcherServletAutoConfiguration.DispatcherServletRegistrationConfiguration#dispatcherServletRegistration matched:
      - @ConditionalOnBean (names: dispatcherServlet; types: org.springframework.web.servlet.DispatcherServlet; SearchStrategy: all) found bean 'dispatcherServlet' (OnBeanCondition)

   EmbeddedWebServerFactoryCustomizerAutoConfiguration matched:
      - @ConditionalOnWebApplication (required) found 'session' scope (OnWebApplicationCondition)

   EmbeddedWebServerFactoryCustomizerAutoConfiguration.TomcatWebServerFactoryCustomizerConfiguration matched:
      - @ConditionalOnClass found required classes 'org.apache.catalina.startup.Tomcat', 'org.apache.coyote.UpgradeProtocol' (OnClassCondition)

   ErrorMvcAutoConfiguration matched:
      - @ConditionalOnClass found required classes 'javax.servlet.Servlet', 'org.springframework.web.servlet.DispatcherServlet' (OnClassCondition)
      - found 'session' scope (OnWebApplicationCondition)

   ErrorMvcAutoConfiguration#basicErrorController matched:
      - @ConditionalOnMissingBean (types: org.springframework.boot.web.servlet.error.ErrorController; SearchStrategy: current) did not find any beans (OnBeanCondition)

   ErrorMvcAutoConfiguration#errorAttributes matched:
      - @ConditionalOnMissingBean (types: org.springframework.boot.web.servlet.error.ErrorAttributes; SearchStrategy: current) did not find any beans (OnBeanCondition)

   ErrorMvcAutoConfiguration.DefaultErrorViewResolverConfiguration#conventionErrorViewResolver matched:
      - @ConditionalOnBean (types: org.springframework.web.servlet.DispatcherServlet; SearchStrategy: all) found bean 'dispatcherServlet'; @ConditionalOnMissingBean (types: org.springframework.boot.autoconfigure.web.servlet.error.DefaultErrorViewResolver; SearchStrategy: all) did not find any beans (OnBeanCondition)

   ErrorMvcAutoConfiguration.WhitelabelErrorViewConfiguration matched:
      - @ConditionalOnProperty (server.error.whitelabel.enabled) matched (OnPropertyCondition)
      - ErrorTemplate Missing did not find error template view (ErrorMvcAutoConfiguration.ErrorTemplateMissingCondition)

   ErrorMvcAutoConfiguration.WhitelabelErrorViewConfiguration#beanNameViewResolver matched:
      - @ConditionalOnMissingBean (types: org.springframework.web.servlet.view.BeanNameViewResolver; SearchStrategy: all) did not find any beans (OnBeanCondition)

   ErrorMvcAutoConfiguration.WhitelabelErrorViewConfiguration#defaultErrorView matched:
      - @ConditionalOnMissingBean (names: error; SearchStrategy: all) did not find any beans (OnBeanCondition)

   GenericCacheConfiguration matched:
      - Cache org.springframework.boot.autoconfigure.cache.GenericCacheConfiguration automatic cache type (CacheCondition)

   H2ConsoleAutoConfiguration matched:
      - @ConditionalOnClass found required class 'org.h2.server.web.WebServlet' (OnClassCondition)
      - found 'session' scope (OnWebApplicationCondition)
      - @ConditionalOnProperty (spring.h2.console.enabled=true) matched (OnPropertyCondition)

   HibernateJpaAutoConfiguration matched:
      - @ConditionalOnClass found required classes 'org.springframework.orm.jpa.LocalContainerEntityManagerFactoryBean', 'javax.persistence.EntityManager' (OnClassCondition)
      - HibernateEntityManager found class 'org.hibernate.ejb.HibernateEntityManager' (HibernateJpaAutoConfiguration.HibernateEntityManagerCondition)

   HibernateJpaConfiguration matched:
      - @ConditionalOnSingleCandidate (types: javax.sql.DataSource; SearchStrategy: all) found a primary bean from beans 'dataSource' (OnBeanCondition)

   HttpEncodingAutoConfiguration matched:
      - @ConditionalOnClass found required class 'org.springframework.web.filter.CharacterEncodingFilter' (OnClassCondition)
      - found 'session' scope (OnWebApplicationCondition)
      - @ConditionalOnProperty (spring.http.encoding.enabled) matched (OnPropertyCondition)

   HttpEncodingAutoConfiguration#characterEncodingFilter matched:
      - @ConditionalOnMissingBean (types: org.springframework.web.filter.CharacterEncodingFilter; SearchStrategy: all) did not find any beans (OnBeanCondition)

   HttpMessageConvertersAutoConfiguration matched:
      - @ConditionalOnClass found required class 'org.springframework.http.converter.HttpMessageConverter' (OnClassCondition)

   HttpMessageConvertersAutoConfiguration#messageConverters matched:
      - @ConditionalOnMissingBean (types: org.springframework.boot.autoconfigure.http.HttpMessageConverters; SearchStrategy: all) did not find any beans (OnBeanCondition)

   HttpMessageConvertersAutoConfiguration.StringHttpMessageConverterConfiguration matched:
      - @ConditionalOnClass found required class 'org.springframework.http.converter.StringHttpMessageConverter' (OnClassCondition)

   HttpMessageConvertersAutoConfiguration.StringHttpMessageConverterConfiguration#stringHttpMessageConverter matched:
      - @ConditionalOnMissingBean (types: org.springframework.http.converter.StringHttpMessageConverter; SearchStrategy: all) did not find any beans (OnBeanCondition)

   JacksonAutoConfiguration matched:
      - @ConditionalOnClass found required class 'com.fasterxml.jackson.databind.ObjectMapper' (OnClassCondition)

   JacksonAutoConfiguration.Jackson2ObjectMapperBuilderCustomizerConfiguration matched:
      - @ConditionalOnClass found required class 'org.springframework.http.converter.json.Jackson2ObjectMapperBuilder' (OnClassCondition)

   JacksonAutoConfiguration.JacksonObjectMapperBuilderConfiguration matched:
      - @ConditionalOnClass found required class 'org.springframework.http.converter.json.Jackson2ObjectMapperBuilder' (OnClassCondition)

   JacksonAutoConfiguration.JacksonObjectMapperBuilderConfiguration#jacksonObjectMapperBuilder matched:
      - @ConditionalOnMissingBean (types: org.springframework.http.converter.json.Jackson2ObjectMapperBuilder; SearchStrategy: all) did not find any beans (OnBeanCondition)

   JacksonAutoConfiguration.JacksonObjectMapperConfiguration matched:
      - @ConditionalOnClass found required class 'org.springframework.http.converter.json.Jackson2ObjectMapperBuilder' (OnClassCondition)

   JacksonAutoConfiguration.JacksonObjectMapperConfiguration#jacksonObjectMapper matched:
      - @ConditionalOnMissingBean (types: com.fasterxml.jackson.databind.ObjectMapper; SearchStrategy: all) did not find any beans (OnBeanCondition)

   JacksonAutoConfiguration.ParameterNamesModuleConfiguration matched:
      - @ConditionalOnClass found required class 'com.fasterxml.jackson.module.paramnames.ParameterNamesModule' (OnClassCondition)

   JacksonAutoConfiguration.ParameterNamesModuleConfiguration#parameterNamesModule matched:
      - @ConditionalOnMissingBean (types: com.fasterxml.jackson.module.paramnames.ParameterNamesModule; SearchStrategy: all) did not find any beans (OnBeanCondition)

   JacksonHttpMessageConvertersConfiguration.MappingJackson2HttpMessageConverterConfiguration matched:
      - @ConditionalOnClass found required class 'com.fasterxml.jackson.databind.ObjectMapper' (OnClassCondition)
      - @ConditionalOnProperty (spring.http.converters.preferred-json-mapper=jackson) matched (OnPropertyCondition)
      - @ConditionalOnBean (types: com.fasterxml.jackson.databind.ObjectMapper; SearchStrategy: all) found bean 'jacksonObjectMapper' (OnBeanCondition)

   JacksonHttpMessageConvertersConfiguration.MappingJackson2HttpMessageConverterConfiguration#mappingJackson2HttpMessageConverter matched:
      - @ConditionalOnMissingBean (types: org.springframework.http.converter.json.MappingJackson2HttpMessageConverter; SearchStrategy: all) did not find any beans (OnBeanCondition)

   JdbcTemplateAutoConfiguration matched:
      - @ConditionalOnClass found required classes 'javax.sql.DataSource', 'org.springframework.jdbc.core.JdbcTemplate' (OnClassCondition)
      - @ConditionalOnSingleCandidate (types: javax.sql.DataSource; SearchStrategy: all) found a primary bean from beans 'dataSource' (OnBeanCondition)

   JdbcTemplateAutoConfiguration.JdbcTemplateConfiguration#jdbcTemplate matched:
      - @ConditionalOnMissingBean (types: org.springframework.jdbc.core.JdbcOperations; SearchStrategy: all) did not find any beans (OnBeanCondition)

   JdbcTemplateAutoConfiguration.NamedParameterJdbcTemplateConfiguration#namedParameterJdbcTemplate matched:
      - @ConditionalOnSingleCandidate (types: org.springframework.jdbc.core.JdbcTemplate; SearchStrategy: all) found a primary bean from beans 'jdbcTemplate'; @ConditionalOnMissingBean (types: org.springframework.jdbc.core.namedparam.NamedParameterJdbcOperations; SearchStrategy: all) did not find any beans (OnBeanCondition)

   JpaBaseConfiguration#entityManagerFactory matched:
      - @ConditionalOnMissingBean (types: org.springframework.orm.jpa.LocalContainerEntityManagerFactoryBean,javax.persistence.EntityManagerFactory; SearchStrategy: all) did not find any beans (OnBeanCondition)

   JpaBaseConfiguration#entityManagerFactoryBuilder matched:
      - @ConditionalOnMissingBean (types: org.springframework.boot.orm.jpa.EntityManagerFactoryBuilder; SearchStrategy: all) did not find any beans (OnBeanCondition)

   JpaBaseConfiguration#jpaVendorAdapter matched:
      - @ConditionalOnMissingBean (types: org.springframework.orm.jpa.JpaVendorAdapter; SearchStrategy: all) did not find any beans (OnBeanCondition)

   JpaBaseConfiguration#transactionManager matched:
      - @ConditionalOnMissingBean (types: org.springframework.transaction.PlatformTransactionManager; SearchStrategy: all) did not find any beans (OnBeanCondition)

   JpaBaseConfiguration.JpaWebConfiguration matched:
      - @ConditionalOnClass found required class 'org.springframework.web.servlet.config.annotation.WebMvcConfigurer' (OnClassCondition)
      - found 'session' scope (OnWebApplicationCondition)
      - @ConditionalOnProperty (spring.jpa.open-in-view=true) matched (OnPropertyCondition)
      - @ConditionalOnMissingBean (types: org.springframework.orm.jpa.support.OpenEntityManagerInViewInterceptor,org.springframework.orm.jpa.support.OpenEntityManagerInViewFilter; SearchStrategy: all) did not find any beans (OnBeanCondition)

   JtaAutoConfiguration matched:
      - @ConditionalOnClass found required class 'javax.transaction.Transaction' (OnClassCondition)
      - @ConditionalOnProperty (spring.jta.enabled) matched (OnPropertyCondition)

   MultipartAutoConfiguration matched:
      - @ConditionalOnClass found required classes 'javax.servlet.Servlet', 'org.springframework.web.multipart.support.StandardServletMultipartResolver', 'javax.servlet.MultipartConfigElement' (OnClassCondition)
      - found 'session' scope (OnWebApplicationCondition)
      - @ConditionalOnProperty (spring.servlet.multipart.enabled) matched (OnPropertyCondition)

   MultipartAutoConfiguration#multipartConfigElement matched:
      - @ConditionalOnMissingBean (types: javax.servlet.MultipartConfigElement,org.springframework.web.multipart.commons.CommonsMultipartResolver; SearchStrategy: all) did not find any beans (OnBeanCondition)

   MultipartAutoConfiguration#multipartResolver matched:
      - @ConditionalOnMissingBean (types: org.springframework.web.multipart.MultipartResolver; SearchStrategy: all) did not find any beans (OnBeanCondition)

   NoOpCacheConfiguration matched:
      - Cache org.springframework.boot.autoconfigure.cache.NoOpCacheConfiguration automatic cache type (CacheCondition)

   PersistenceExceptionTranslationAutoConfiguration matched:
      - @ConditionalOnClass found required class 'org.springframework.dao.annotation.PersistenceExceptionTranslationPostProcessor' (OnClassCondition)

   PersistenceExceptionTranslationAutoConfiguration#persistenceExceptionTranslationPostProcessor matched:
      - @ConditionalOnProperty (spring.dao.exceptiontranslation.enabled) matched (OnPropertyCondition)
      - @ConditionalOnMissingBean (types: org.springframework.dao.annotation.PersistenceExceptionTranslationPostProcessor; SearchStrategy: all) did not find any beans (OnBeanCondition)

   PropertyPlaceholderAutoConfiguration#propertySourcesPlaceholderConfigurer matched:
      - @ConditionalOnMissingBean (types: org.springframework.context.support.PropertySourcesPlaceholderConfigurer; SearchStrategy: current) did not find any beans (OnBeanCondition)

   RestTemplateAutoConfiguration matched:
      - @ConditionalOnClass found required class 'org.springframework.web.client.RestTemplate' (OnClassCondition)

   RestTemplateAutoConfiguration#restTemplateBuilder matched:
      - @ConditionalOnMissingBean (types: org.springframework.boot.web.client.RestTemplateBuilder; SearchStrategy: all) did not find any beans (OnBeanCondition)

   SecurityAutoConfiguration matched:
      - @ConditionalOnClass found required class 'org.springframework.security.authentication.DefaultAuthenticationEventPublisher' (OnClassCondition)

   SecurityAutoConfiguration#authenticationEventPublisher matched:
      - @ConditionalOnMissingBean (types: org.springframework.security.authentication.AuthenticationEventPublisher; SearchStrategy: all) did not find any beans (OnBeanCondition)

   SecurityFilterAutoConfiguration matched:
      - @ConditionalOnClass found required classes 'org.springframework.security.web.context.AbstractSecurityWebApplicationInitializer', 'org.springframework.security.config.http.SessionCreationPolicy' (OnClassCondition)
      - found 'session' scope (OnWebApplicationCondition)

   SecurityFilterAutoConfiguration#securityFilterChainRegistration matched:
      - @ConditionalOnBean (names: springSecurityFilterChain; SearchStrategy: all) found bean 'springSecurityFilterChain' (OnBeanCondition)

   SecurityRequestMatcherProviderAutoConfiguration matched:
      - @ConditionalOnClass found required class 'org.springframework.security.web.util.matcher.RequestMatcher' (OnClassCondition)
      - found 'session' scope (OnWebApplicationCondition)

   SecurityRequestMatcherProviderAutoConfiguration.MvcRequestMatcherConfiguration matched:
      - @ConditionalOnClass found required class 'org.springframework.web.servlet.DispatcherServlet' (OnClassCondition)
      - @ConditionalOnBean (types: org.springframework.web.servlet.handler.HandlerMappingIntrospector; SearchStrategy: all) found bean 'mvcHandlerMappingIntrospector' (OnBeanCondition)

   SecurityRequestMatcherProviderAutoConfiguration.MvcRequestMatcherConfiguration#requestMatcherProvider matched:
      - @ConditionalOnClass found required class 'org.springframework.web.servlet.DispatcherServlet' (OnClassCondition)

   ServletWebServerFactoryAutoConfiguration matched:
      - @ConditionalOnClass found required class 'javax.servlet.ServletRequest' (OnClassCondition)
      - found 'session' scope (OnWebApplicationCondition)

   ServletWebServerFactoryAutoConfiguration#tomcatServletWebServerFactoryCustomizer matched:
      - @ConditionalOnClass found required class 'org.apache.catalina.startup.Tomcat' (OnClassCondition)

   ServletWebServerFactoryConfiguration.EmbeddedTomcat matched:
      - @ConditionalOnClass found required classes 'javax.servlet.Servlet', 'org.apache.catalina.startup.Tomcat', 'org.apache.coyote.UpgradeProtocol' (OnClassCondition)
      - @ConditionalOnMissingBean (types: org.springframework.boot.web.servlet.server.ServletWebServerFactory; SearchStrategy: current) did not find any beans (OnBeanCondition)

   SimpleCacheConfiguration matched:
      - Cache org.springframework.boot.autoconfigure.cache.SimpleCacheConfiguration automatic cache type (CacheCondition)

   SpringDataWebAutoConfiguration matched:
      - @ConditionalOnClass found required classes 'org.springframework.data.web.PageableHandlerMethodArgumentResolver', 'org.springframework.web.servlet.config.annotation.WebMvcConfigurer' (OnClassCondition)
      - found 'session' scope (OnWebApplicationCondition)
      - @ConditionalOnMissingBean (types: org.springframework.data.web.PageableHandlerMethodArgumentResolver; SearchStrategy: all) did not find any beans (OnBeanCondition)

   SpringDataWebAutoConfiguration#pageableCustomizer matched:
      - @ConditionalOnMissingBean (types: org.springframework.data.web.config.PageableHandlerMethodArgumentResolverCustomizer; SearchStrategy: all) did not find any beans (OnBeanCondition)

   SpringDataWebAutoConfiguration#sortCustomizer matched:
      - @ConditionalOnMissingBean (types: org.springframework.data.web.config.SortHandlerMethodArgumentResolverCustomizer; SearchStrategy: all) did not find any beans (OnBeanCondition)

   TaskExecutionAutoConfiguration matched:
      - @ConditionalOnClass found required class 'org.springframework.scheduling.concurrent.ThreadPoolTaskExecutor' (OnClassCondition)

   TaskExecutionAutoConfiguration#applicationTaskExecutor matched:
      - @ConditionalOnMissingBean (types: java.util.concurrent.Executor; SearchStrategy: all) did not find any beans (OnBeanCondition)

   TaskExecutionAutoConfiguration#taskExecutorBuilder matched:
      - @ConditionalOnMissingBean (types: org.springframework.boot.task.TaskExecutorBuilder; SearchStrategy: all) did not find any beans (OnBeanCondition)

   TaskSchedulingAutoConfiguration matched:
      - @ConditionalOnClass found required class 'org.springframework.scheduling.concurrent.ThreadPoolTaskScheduler' (OnClassCondition)

   TaskSchedulingAutoConfiguration#taskSchedulerBuilder matched:
      - @ConditionalOnMissingBean (types: org.springframework.boot.task.TaskSchedulerBuilder; SearchStrategy: all) did not find any beans (OnBeanCondition)

   TransactionAutoConfiguration matched:
      - @ConditionalOnClass found required class 'org.springframework.transaction.PlatformTransactionManager' (OnClassCondition)

   TransactionAutoConfiguration#platformTransactionManagerCustomizers matched:
      - @ConditionalOnMissingBean (types: org.springframework.boot.autoconfigure.transaction.TransactionManagerCustomizers; SearchStrategy: all) did not find any beans (OnBeanCondition)

   TransactionAutoConfiguration.TransactionTemplateConfiguration matched:
      - @ConditionalOnSingleCandidate (types: org.springframework.transaction.PlatformTransactionManager; SearchStrategy: all) found a primary bean from beans 'transactionManager' (OnBeanCondition)

   TransactionAutoConfiguration.TransactionTemplateConfiguration#transactionTemplate matched:
      - @ConditionalOnMissingBean (types: org.springframework.transaction.support.TransactionTemplate; SearchStrategy: all) did not find any beans (OnBeanCondition)

   UserDetailsServiceAutoConfiguration matched:
      - @ConditionalOnClass found required class 'org.springframework.security.authentication.AuthenticationManager' (OnClassCondition)
      - @ConditionalOnBean (types: org.springframework.security.config.annotation.ObjectPostProcessor; SearchStrategy: all) found bean 'objectPostProcessor'; @ConditionalOnMissingBean (types: org.springframework.security.authentication.AuthenticationManager,org.springframework.security.authentication.AuthenticationProvider,org.springframework.security.core.userdetails.UserDetailsService; SearchStrategy: all) did not find any beans (OnBeanCondition)

   UserDetailsServiceAutoConfiguration#inMemoryUserDetailsManager matched:
      - @ConditionalOnMissingBean (types: org.springframework.security.oauth2.client.registration.ClientRegistrationRepository; SearchStrategy: all) did not find any beans (OnBeanCondition)

   ValidationAutoConfiguration matched:
      - @ConditionalOnClass found required class 'javax.validation.executable.ExecutableValidator' (OnClassCondition)
      - @ConditionalOnResource found location classpath:META-INF/services/javax.validation.spi.ValidationProvider (OnResourceCondition)

   ValidationAutoConfiguration#defaultValidator matched:
      - @ConditionalOnMissingBean (types: javax.validation.Validator; SearchStrategy: all) did not find any beans (OnBeanCondition)

   ValidationAutoConfiguration#methodValidationPostProcessor matched:
      - @ConditionalOnMissingBean (types: org.springframework.validation.beanvalidation.MethodValidationPostProcessor; SearchStrategy: all) did not find any beans (OnBeanCondition)

   WebMvcAutoConfiguration matched:
      - @ConditionalOnClass found required classes 'javax.servlet.Servlet', 'org.springframework.web.servlet.DispatcherServlet', 'org.springframework.web.servlet.config.annotation.WebMvcConfigurer' (OnClassCondition)
      - found 'session' scope (OnWebApplicationCondition)
      - @ConditionalOnMissingBean (types: org.springframework.web.servlet.config.annotation.WebMvcConfigurationSupport; SearchStrategy: all) did not find any beans (OnBeanCondition)

   WebMvcAutoConfiguration#formContentFilter matched:
      - @ConditionalOnProperty (spring.mvc.formcontent.filter.enabled) matched (OnPropertyCondition)
      - @ConditionalOnMissingBean (types: org.springframework.web.filter.FormContentFilter; SearchStrategy: all) did not find any beans (OnBeanCondition)

   WebMvcAutoConfiguration#hiddenHttpMethodFilter matched:
      - @ConditionalOnProperty (spring.mvc.hiddenmethod.filter.enabled) matched (OnPropertyCondition)
      - @ConditionalOnMissingBean (types: org.springframework.web.filter.HiddenHttpMethodFilter; SearchStrategy: all) did not find any beans (OnBeanCondition)

   WebMvcAutoConfiguration.WebMvcAutoConfigurationAdapter#defaultViewResolver matched:
      - @ConditionalOnMissingBean (types: org.springframework.web.servlet.view.InternalResourceViewResolver; SearchStrategy: all) did not find any beans (OnBeanCondition)

   WebMvcAutoConfiguration.WebMvcAutoConfigurationAdapter#requestContextFilter matched:
      - @ConditionalOnMissingBean (types: org.springframework.web.context.request.RequestContextListener,org.springframework.web.filter.RequestContextFilter; SearchStrategy: all) did not find any beans (OnBeanCondition)

   WebMvcAutoConfiguration.WebMvcAutoConfigurationAdapter#viewResolver matched:
      - @ConditionalOnBean (types: org.springframework.web.servlet.ViewResolver; SearchStrategy: all) found beans 'defaultViewResolver', 'beanNameViewResolver', 'mvcViewResolver'; @ConditionalOnMissingBean (names: viewResolver; types: org.springframework.web.servlet.view.ContentNegotiatingViewResolver; SearchStrategy: all) did not find any beans (OnBeanCondition)

   WebMvcAutoConfiguration.WebMvcAutoConfigurationAdapter.FaviconConfiguration matched:
      - @ConditionalOnProperty (spring.mvc.favicon.enabled) matched (OnPropertyCondition)

   WebSocketServletAutoConfiguration matched:
      - @ConditionalOnClass found required classes 'javax.servlet.Servlet', 'javax.websocket.server.ServerContainer' (OnClassCondition)
      - found 'session' scope (OnWebApplicationCondition)

   WebSocketServletAutoConfiguration.TomcatWebSocketConfiguration matched:
      - @ConditionalOnClass found required classes 'org.apache.catalina.startup.Tomcat', 'org.apache.tomcat.websocket.server.WsSci' (OnClassCondition)

   WebSocketServletAutoConfiguration.TomcatWebSocketConfiguration#websocketServletWebServerCustomizer matched:
      - @ConditionalOnMissingBean (names: websocketServletWebServerCustomizer; SearchStrategy: all) did not find any beans (OnBeanCondition)


Negative matches:
-----------------

   ActiveMQAutoConfiguration:
      Did not match:
         - @ConditionalOnClass did not find required class 'javax.jms.ConnectionFactory' (OnClassCondition)

   AopAutoConfiguration.JdkDynamicAutoProxyConfiguration:
      Did not match:
         - @ConditionalOnProperty (spring.aop.proxy-target-class=false) did not find property 'proxy-target-class' (OnPropertyCondition)

   ArtemisAutoConfiguration:
      Did not match:
         - @ConditionalOnClass did not find required class 'javax.jms.ConnectionFactory' (OnClassCondition)

   AtomikosJtaConfiguration:
      Did not match:
         - @ConditionalOnClass did not find required class 'com.atomikos.icatch.jta.UserTransactionManager' (OnClassCondition)

   BatchAutoConfiguration:
      Did not match:
         - @ConditionalOnClass did not find required class 'org.springframework.batch.core.launch.JobLauncher' (OnClassCondition)

   BitronixJtaConfiguration:
      Did not match:
         - @ConditionalOnClass did not find required class 'bitronix.tm.jndi.BitronixContext' (OnClassCondition)

   CacheAutoConfiguration:
      Did not match:
         - @ConditionalOnBean (types: org.springframework.cache.interceptor.CacheAspectSupport; SearchStrategy: all) did not find any beans of type org.springframework.cache.interceptor.CacheAspectSupport (OnBeanCondition)
      Matched:
         - @ConditionalOnClass found required class 'org.springframework.cache.CacheManager' (OnClassCondition)

   CacheAutoConfiguration.CacheManagerJpaDependencyConfiguration:
      Did not match:
         - Ancestor org.springframework.boot.autoconfigure.cache.CacheAutoConfiguration did not match (ConditionEvaluationReport.AncestorsMatchedCondition)
      Matched:
         - @ConditionalOnClass found required class 'org.springframework.orm.jpa.LocalContainerEntityManagerFactoryBean' (OnClassCondition)

   CaffeineCacheConfiguration:
      Did not match:
         - @ConditionalOnClass did not find required classes 'com.github.benmanes.caffeine.cache.Caffeine', 'org.springframework.cache.caffeine.CaffeineCacheManager' (OnClassCondition)

   CassandraAutoConfiguration:
      Did not match:
         - @ConditionalOnClass did not find required class 'com.datastax.driver.core.Cluster' (OnClassCondition)

   CassandraDataAutoConfiguration:
      Did not match:
         - @ConditionalOnClass did not find required class 'com.datastax.driver.core.Cluster' (OnClassCondition)

   CassandraReactiveDataAutoConfiguration:
      Did not match:
         - @ConditionalOnClass did not find required class 'com.datastax.driver.core.Cluster' (OnClassCondition)

   CassandraReactiveRepositoriesAutoConfiguration:
      Did not match:
         - @ConditionalOnClass did not find required class 'org.springframework.data.cassandra.ReactiveSession' (OnClassCondition)

   CassandraRepositoriesAutoConfiguration:
      Did not match:
         - @ConditionalOnClass did not find required class 'com.datastax.driver.core.Session' (OnClassCondition)

   ClientHttpConnectorAutoConfiguration:
      Did not match:
         - @ConditionalOnClass did not find required class 'org.springframework.web.reactive.function.client.WebClient' (OnClassCondition)

   CloudServiceConnectorsAutoConfiguration:
      Did not match:
         - @ConditionalOnClass did not find required class 'org.springframework.cloud.config.java.CloudScanConfiguration' (OnClassCondition)

   CouchbaseAutoConfiguration:
      Did not match:
         - @ConditionalOnClass did not find required class 'com.couchbase.client.java.Cluster' (OnClassCondition)

   CouchbaseCacheConfiguration:
      Did not match:
         - @ConditionalOnClass did not find required classes 'com.couchbase.client.java.Bucket', 'com.couchbase.client.spring.cache.CouchbaseCacheManager' (OnClassCondition)

   CouchbaseDataAutoConfiguration:
      Did not match:
         - @ConditionalOnClass did not find required class 'com.couchbase.client.java.Bucket' (OnClassCondition)

   CouchbaseReactiveDataAutoConfiguration:
      Did not match:
         - @ConditionalOnClass did not find required class 'com.couchbase.client.java.Bucket' (OnClassCondition)

   CouchbaseReactiveRepositoriesAutoConfiguration:
      Did not match:
         - @ConditionalOnClass did not find required class 'com.couchbase.client.java.Bucket' (OnClassCondition)

   CouchbaseRepositoriesAutoConfiguration:
      Did not match:
         - @ConditionalOnClass did not find required class 'com.couchbase.client.java.Bucket' (OnClassCondition)

   DataSourceAutoConfiguration.EmbeddedDatabaseConfiguration:
      Did not match:
         - EmbeddedDataSource found supported pooled data source (DataSourceAutoConfiguration.EmbeddedDatabaseCondition)

   DataSourceConfiguration.Dbcp2:
      Did not match:
         - @ConditionalOnClass did not find required class 'org.apache.commons.dbcp2.BasicDataSource' (OnClassCondition)

   DataSourceConfiguration.Generic:
      Did not match:
         - @ConditionalOnProperty (spring.datasource.type) did not find property 'spring.datasource.type' (OnPropertyCondition)

   DataSourceConfiguration.Tomcat:
      Did not match:
         - @ConditionalOnClass did not find required class 'org.apache.tomcat.jdbc.pool.DataSource' (OnClassCondition)

   DataSourceJmxConfiguration:
      Did not match:
         - @ConditionalOnProperty (spring.jmx.enabled=true) found different value in property 'enabled' (OnPropertyCondition)

   DataSourcePoolMetadataProvidersConfiguration.CommonsDbcp2PoolDataSourceMetadataProviderConfiguration:
      Did not match:
         - @ConditionalOnClass did not find required class 'org.apache.commons.dbcp2.BasicDataSource' (OnClassCondition)

   DataSourcePoolMetadataProvidersConfiguration.TomcatDataSourcePoolMetadataProviderConfiguration:
      Did not match:
         - @ConditionalOnClass did not find required class 'org.apache.tomcat.jdbc.pool.DataSource' (OnClassCondition)

   DataSourceTransactionManagerAutoConfiguration.DataSourceTransactionManagerConfiguration#transactionManager:
      Did not match:
         - @ConditionalOnMissingBean (types: org.springframework.transaction.PlatformTransactionManager; SearchStrategy: all) found beans of type 'org.springframework.transaction.PlatformTransactionManager' transactionManager (OnBeanCondition)

   DispatcherServletAutoConfiguration.DispatcherServletConfiguration#multipartResolver:
      Did not match:
         - @ConditionalOnBean (types: org.springframework.web.multipart.MultipartResolver; SearchStrategy: all) did not find any beans of type org.springframework.web.multipart.MultipartResolver (OnBeanCondition)

   EhCacheCacheConfiguration:
      Did not match:
         - @ConditionalOnClass did not find required classes 'net.sf.ehcache.Cache', 'org.springframework.cache.ehcache.EhCacheCacheManager' (OnClassCondition)

   ElasticsearchAutoConfiguration:
      Did not match:
         - @ConditionalOnClass did not find required class 'org.elasticsearch.client.Client' (OnClassCondition)

   ElasticsearchDataAutoConfiguration:
      Did not match:
         - @ConditionalOnClass did not find required class 'org.elasticsearch.client.Client' (OnClassCondition)

   ElasticsearchRepositoriesAutoConfiguration:
      Did not match:
         - @ConditionalOnClass did not find required class 'org.elasticsearch.client.Client' (OnClassCondition)

   EmbeddedLdapAutoConfiguration:
      Did not match:
         - @ConditionalOnClass did not find required class 'com.unboundid.ldap.listener.InMemoryDirectoryServer' (OnClassCondition)

   EmbeddedMongoAutoConfiguration:
      Did not match:
         - @ConditionalOnClass did not find required class 'com.mongodb.MongoClient' (OnClassCondition)

   EmbeddedWebServerFactoryCustomizerAutoConfiguration.JettyWebServerFactoryCustomizerConfiguration:
      Did not match:
         - @ConditionalOnClass did not find required classes 'org.eclipse.jetty.server.Server', 'org.eclipse.jetty.util.Loader', 'org.eclipse.jetty.webapp.WebAppContext' (OnClassCondition)

   EmbeddedWebServerFactoryCustomizerAutoConfiguration.NettyWebServerFactoryCustomizerConfiguration:
      Did not match:
         - @ConditionalOnClass did not find required class 'reactor.netty.http.server.HttpServer' (OnClassCondition)

   EmbeddedWebServerFactoryCustomizerAutoConfiguration.UndertowWebServerFactoryCustomizerConfiguration:
      Did not match:
         - @ConditionalOnClass did not find required classes 'io.undertow.Undertow', 'org.xnio.SslClientAuthMode' (OnClassCondition)

   ErrorWebFluxAutoConfiguration:
      Did not match:
         - @ConditionalOnClass did not find required class 'org.springframework.web.reactive.config.WebFluxConfigurer' (OnClassCondition)

   FlywayAutoConfiguration:
      Did not match:
         - @ConditionalOnClass did not find required class 'org.flywaydb.core.Flyway' (OnClassCondition)

   FreeMarkerAutoConfiguration:
      Did not match:
         - @ConditionalOnClass did not find required class 'freemarker.template.Configuration' (OnClassCondition)

   GroovyTemplateAutoConfiguration:
      Did not match:
         - @ConditionalOnClass did not find required class 'groovy.text.markup.MarkupTemplateEngine' (OnClassCondition)

   GsonAutoConfiguration:
      Did not match:
         - @ConditionalOnClass did not find required class 'com.google.gson.Gson' (OnClassCondition)

   GsonHttpMessageConvertersConfiguration:
      Did not match:
         - @ConditionalOnClass did not find required class 'com.google.gson.Gson' (OnClassCondition)

   HazelcastAutoConfiguration:
      Did not match:
         - @ConditionalOnClass did not find required class 'com.hazelcast.core.HazelcastInstance' (OnClassCondition)

   HazelcastCacheConfiguration:
      Did not match:
         - @ConditionalOnClass did not find required classes 'com.hazelcast.core.HazelcastInstance', 'com.hazelcast.spring.cache.HazelcastCacheManager' (OnClassCondition)

   HazelcastJpaDependencyAutoConfiguration:
      Did not match:
         - @ConditionalOnClass did not find required class 'com.hazelcast.core.HazelcastInstance' (OnClassCondition)

   HttpHandlerAutoConfiguration:
      Did not match:
         - @ConditionalOnClass did not find required class 'org.springframework.web.reactive.DispatcherHandler' (OnClassCondition)

   HypermediaAutoConfiguration:
      Did not match:
         - @ConditionalOnClass did not find required class 'org.springframework.hateoas.Resource' (OnClassCondition)

   InfinispanCacheConfiguration:
      Did not match:
         - @ConditionalOnClass did not find required class 'org.infinispan.spring.provider.SpringEmbeddedCacheManager' (OnClassCondition)

   InfluxDbAutoConfiguration:
      Did not match:
         - @ConditionalOnClass did not find required class 'org.influxdb.InfluxDB' (OnClassCondition)

   IntegrationAutoConfiguration:
      Did not match:
         - @ConditionalOnClass did not find required class 'org.springframework.integration.config.EnableIntegration' (OnClassCondition)

   JCacheCacheConfiguration:
      Did not match:
         - @ConditionalOnClass did not find required classes 'javax.cache.Caching', 'org.springframework.cache.jcache.JCacheCacheManager' (OnClassCondition)

   JacksonAutoConfiguration.JodaDateTimeJacksonConfiguration:
      Did not match:
         - @ConditionalOnClass did not find required classes 'org.joda.time.DateTime', 'com.fasterxml.jackson.datatype.joda.ser.DateTimeSerializer', 'com.fasterxml.jackson.datatype.joda.cfg.JacksonJodaDateFormat' (OnClassCondition)

   JacksonHttpMessageConvertersConfiguration.MappingJackson2XmlHttpMessageConverterConfiguration:
      Did not match:
         - @ConditionalOnClass did not find required class 'com.fasterxml.jackson.dataformat.xml.XmlMapper' (OnClassCondition)

   JdbcRepositoriesAutoConfiguration:
      Did not match:
         - @ConditionalOnClass did not find required class 'org.springframework.data.jdbc.repository.config.JdbcConfiguration' (OnClassCondition)

   JerseyAutoConfiguration:
      Did not match:
         - @ConditionalOnClass did not find required class 'org.glassfish.jersey.server.spring.SpringComponentProvider' (OnClassCondition)

   JestAutoConfiguration:
      Did not match:
         - @ConditionalOnClass did not find required class 'io.searchbox.client.JestClient' (OnClassCondition)

   JmsAutoConfiguration:
      Did not match:
         - @ConditionalOnClass did not find required class 'javax.jms.Message' (OnClassCondition)

   JmxAutoConfiguration:
      Did not match:
         - @ConditionalOnProperty (spring.jmx.enabled=true) found different value in property 'enabled' (OnPropertyCondition)
      Matched:
         - @ConditionalOnClass found required class 'org.springframework.jmx.export.MBeanExporter' (OnClassCondition)

   JndiConnectionFactoryAutoConfiguration:
      Did not match:
         - @ConditionalOnClass did not find required class 'org.springframework.jms.core.JmsTemplate' (OnClassCondition)

   JndiDataSourceAutoConfiguration:
      Did not match:
         - @ConditionalOnProperty (spring.datasource.jndi-name) did not find property 'jndi-name' (OnPropertyCondition)
      Matched:
         - @ConditionalOnClass found required classes 'javax.sql.DataSource', 'org.springframework.jdbc.datasource.embedded.EmbeddedDatabaseType' (OnClassCondition)

   JndiJtaConfiguration:
      Did not match:
         - @ConditionalOnJndi JNDI environment is not available (OnJndiCondition)
      Matched:
         - @ConditionalOnClass found required class 'org.springframework.transaction.jta.JtaTransactionManager' (OnClassCondition)

   JooqAutoConfiguration:
      Did not match:
         - @ConditionalOnClass did not find required class 'org.jooq.DSLContext' (OnClassCondition)

   JpaRepositoriesAutoConfiguration:
      Did not match:
         - @ConditionalOnMissingBean (types: org.springframework.data.jpa.repository.support.JpaRepositoryFactoryBean,org.springframework.data.jpa.repository.config.JpaRepositoryConfigExtension; SearchStrategy: all) found beans of type 'org.springframework.data.jpa.repository.config.JpaRepositoryConfigExtension' org.springframework.data.jpa.repository.config.JpaRepositoryConfigExtension#0 (OnBeanCondition)
      Matched:
         - @ConditionalOnClass found required class 'org.springframework.data.jpa.repository.JpaRepository' (OnClassCondition)
         - @ConditionalOnProperty (spring.data.jpa.repositories.enabled=true) matched (OnPropertyCondition)

   JsonbAutoConfiguration:
      Did not match:
         - @ConditionalOnClass did not find required class 'javax.json.bind.Jsonb' (OnClassCondition)

   JsonbHttpMessageConvertersConfiguration:
      Did not match:
         - @ConditionalOnClass did not find required class 'javax.json.bind.Jsonb' (OnClassCondition)

   KafkaAutoConfiguration:
      Did not match:
         - @ConditionalOnClass did not find required class 'org.springframework.kafka.core.KafkaTemplate' (OnClassCondition)

   LdapAutoConfiguration:
      Did not match:
         - @ConditionalOnClass did not find required class 'org.springframework.ldap.core.ContextSource' (OnClassCondition)

   LdapRepositoriesAutoConfiguration:
      Did not match:
         - @ConditionalOnClass did not find required class 'org.springframework.data.ldap.repository.LdapRepository' (OnClassCondition)

   LiquibaseAutoConfiguration:
      Did not match:
         - @ConditionalOnClass did not find required class 'liquibase.change.DatabaseChange' (OnClassCondition)

   LocalDevToolsAutoConfiguration:
      Did not match:
         - Initialized Restarter Condition initialized without URLs (OnInitializedRestarterCondition)

   MailSenderAutoConfiguration:
      Did not match:
         - @ConditionalOnClass did not find required class 'javax.mail.internet.MimeMessage' (OnClassCondition)

   MailSenderValidatorAutoConfiguration:
      Did not match:
         - @ConditionalOnSingleCandidate did not find required type 'org.springframework.mail.javamail.JavaMailSenderImpl' (OnBeanCondition)

   MessageSourceAutoConfiguration:
      Did not match:
         - ResourceBundle did not find bundle with basename messages (MessageSourceAutoConfiguration.ResourceBundleCondition)

   MongoAutoConfiguration:
      Did not match:
         - @ConditionalOnClass did not find required class 'com.mongodb.MongoClient' (OnClassCondition)

   MongoDataAutoConfiguration:
      Did not match:
         - @ConditionalOnClass did not find required class 'com.mongodb.client.MongoClient' (OnClassCondition)

   MongoReactiveAutoConfiguration:
      Did not match:
         - @ConditionalOnClass did not find required class 'com.mongodb.reactivestreams.client.MongoClient' (OnClassCondition)

   MongoReactiveDataAutoConfiguration:
      Did not match:
         - @ConditionalOnClass did not find required class 'com.mongodb.reactivestreams.client.MongoClient' (OnClassCondition)

   MongoReactiveRepositoriesAutoConfiguration:
      Did not match:
         - @ConditionalOnClass did not find required class 'com.mongodb.reactivestreams.client.MongoClient' (OnClassCondition)

   MongoRepositoriesAutoConfiguration:
      Did not match:
         - @ConditionalOnClass did not find required class 'com.mongodb.MongoClient' (OnClassCondition)

   MustacheAutoConfiguration:
      Did not match:
         - @ConditionalOnClass did not find required class 'com.samskivert.mustache.Mustache' (OnClassCondition)

   Neo4jDataAutoConfiguration:
      Did not match:
         - @ConditionalOnClass did not find required class 'org.neo4j.ogm.session.SessionFactory' (OnClassCondition)

   Neo4jRepositoriesAutoConfiguration:
      Did not match:
         - @ConditionalOnClass did not find required class 'org.neo4j.ogm.session.Neo4jSession' (OnClassCondition)

   OAuth2ClientAutoConfiguration:
      Did not match:
         - @ConditionalOnClass did not find required class 'org.springframework.security.oauth2.client.registration.ClientRegistration' (OnClassCondition)

   OAuth2ResourceServerAutoConfiguration:
      Did not match:
         - @ConditionalOnClass did not find required class 'org.springframework.security.oauth2.jwt.JwtDecoder' (OnClassCondition)

   ProjectInfoAutoConfiguration#buildProperties:
      Did not match:
         - @ConditionalOnResource did not find resource '${spring.info.build.location:classpath:META-INF/build-info.properties}' (OnResourceCondition)

   ProjectInfoAutoConfiguration#gitProperties:
      Did not match:
         - GitResource did not find git info at classpath:git.properties (ProjectInfoAutoConfiguration.GitResourceAvailableCondition)

   QuartzAutoConfiguration:
      Did not match:
         - @ConditionalOnClass did not find required class 'org.quartz.Scheduler' (OnClassCondition)

   RabbitAutoConfiguration:
      Did not match:
         - @ConditionalOnClass did not find required class 'com.rabbitmq.client.Channel' (OnClassCondition)

   ReactiveOAuth2ClientAutoConfiguration:
      Did not match:
         - @ConditionalOnClass did not find required class 'reactor.core.publisher.Flux' (OnClassCondition)

   ReactiveOAuth2ResourceServerAutoConfiguration:
      Did not match:
         - @ConditionalOnClass did not find required class 'org.springframework.security.oauth2.jwt.ReactiveJwtDecoder' (OnClassCondition)

   ReactiveSecurityAutoConfiguration:
      Did not match:
         - @ConditionalOnClass did not find required class 'reactor.core.publisher.Flux' (OnClassCondition)

   ReactiveUserDetailsServiceAutoConfiguration:
      Did not match:
         - @ConditionalOnWebApplication did not find reactive web application classes (OnWebApplicationCondition)

   ReactiveWebServerFactoryAutoConfiguration:
      Did not match:
         - @ConditionalOnWebApplication did not find reactive web application classes (OnWebApplicationCondition)

   ReactorCoreAutoConfiguration:
      Did not match:
         - @ConditionalOnClass did not find required class 'reactor.core.publisher.Flux' (OnClassCondition)

   RedisAutoConfiguration:
      Did not match:
         - @ConditionalOnClass did not find required class 'org.springframework.data.redis.core.RedisOperations' (OnClassCondition)

   RedisCacheConfiguration:
      Did not match:
         - @ConditionalOnClass did not find required class 'org.springframework.data.redis.connection.RedisConnectionFactory' (OnClassCondition)

   RedisReactiveAutoConfiguration:
      Did not match:
         - @ConditionalOnClass did not find required class 'reactor.core.publisher.Flux' (OnClassCondition)

   RedisRepositoriesAutoConfiguration:
      Did not match:
         - @ConditionalOnClass did not find required class 'org.springframework.data.redis.repository.configuration.EnableRedisRepositories' (OnClassCondition)

   RemoteDevToolsAutoConfiguration:
      Did not match:
         - @ConditionalOnProperty (spring.devtools.remote.secret) did not find property 'secret' (OnPropertyCondition)
      Matched:
         - @ConditionalOnClass found required classes 'javax.servlet.Filter', 'org.springframework.http.server.ServerHttpRequest' (OnClassCondition)

   RepositoryRestMvcAutoConfiguration:
      Did not match:
         - @ConditionalOnClass did not find required class 'org.springframework.data.rest.webmvc.config.RepositoryRestMvcConfiguration' (OnClassCondition)

   RestClientAutoConfiguration:
      Did not match:
         - @ConditionalOnClass did not find required class 'org.elasticsearch.client.RestClient' (OnClassCondition)

   SecurityDataConfiguration:
      Did not match:
         - @ConditionalOnClass did not find required class 'org.springframework.security.data.repository.query.SecurityEvaluationContextExtension' (OnClassCondition)

   SecurityRequestMatcherProviderAutoConfiguration.JerseyRequestMatcherConfiguration:
      Did not match:
         - @ConditionalOnClass did not find required class 'org.glassfish.jersey.server.ResourceConfig' (OnClassCondition)

   SendGridAutoConfiguration:
      Did not match:
         - @ConditionalOnClass did not find required class 'com.sendgrid.SendGrid' (OnClassCondition)

   ServletWebServerFactoryConfiguration.EmbeddedJetty:
      Did not match:
         - @ConditionalOnClass did not find required classes 'org.eclipse.jetty.server.Server', 'org.eclipse.jetty.util.Loader', 'org.eclipse.jetty.webapp.WebAppContext' (OnClassCondition)

   ServletWebServerFactoryConfiguration.EmbeddedUndertow:
      Did not match:
         - @ConditionalOnClass did not find required classes 'io.undertow.Undertow', 'org.xnio.SslClientAuthMode' (OnClassCondition)

   SessionAutoConfiguration:
      Did not match:
         - @ConditionalOnClass did not find required class 'org.springframework.session.Session' (OnClassCondition)

   SolrAutoConfiguration:
      Did not match:
         - @ConditionalOnClass did not find required class 'org.apache.solr.client.solrj.impl.CloudSolrClient' (OnClassCondition)

   SolrRepositoriesAutoConfiguration:
      Did not match:
         - @ConditionalOnClass did not find required class 'org.apache.solr.client.solrj.SolrClient' (OnClassCondition)

   SpringApplicationAdminJmxAutoConfiguration:
      Did not match:
         - @ConditionalOnProperty (spring.application.admin.enabled=true) did not find property 'enabled' (OnPropertyCondition)

   SpringBootWebSecurityConfiguration:
      Did not match:
         - @ConditionalOnMissingBean (types: org.springframework.security.config.annotation.web.configuration.WebSecurityConfigurerAdapter; SearchStrategy: all) found beans of type 'org.springframework.security.config.annotation.web.configuration.WebSecurityConfigurerAdapter' securityConfiguration (OnBeanCondition)
      Matched:
         - @ConditionalOnClass found required class 'org.springframework.security.config.annotation.web.configuration.WebSecurityConfigurerAdapter' (OnClassCondition)
         - found 'session' scope (OnWebApplicationCondition)

   TaskSchedulingAutoConfiguration#taskScheduler:
      Did not match:
         - @ConditionalOnBean (names: org.springframework.context.annotation.internalScheduledAnnotationProcessor; SearchStrategy: all) did not find any beans named org.springframework.context.annotation.internalScheduledAnnotationProcessor (OnBeanCondition)

   ThymeleafAutoConfiguration:
      Did not match:
         - @ConditionalOnClass did not find required class 'org.thymeleaf.spring5.SpringTemplateEngine' (OnClassCondition)

   TransactionAutoConfiguration.EnableTransactionManagementConfiguration:
      Did not match:
         - @ConditionalOnMissingBean (types: org.springframework.transaction.annotation.AbstractTransactionManagementConfiguration; SearchStrategy: all) found beans of type 'org.springframework.transaction.annotation.AbstractTransactionManagementConfiguration' org.springframework.transaction.annotation.ProxyTransactionManagementConfiguration (OnBeanCondition)

   TransactionAutoConfiguration.EnableTransactionManagementConfiguration.CglibAutoProxyConfiguration:
      Did not match:
         - Ancestor org.springframework.boot.autoconfigure.transaction.TransactionAutoConfiguration$EnableTransactionManagementConfiguration did not match (ConditionEvaluationReport.AncestorsMatchedCondition)
      Matched:
         - @ConditionalOnProperty (spring.aop.proxy-target-class=true) matched (OnPropertyCondition)

   TransactionAutoConfiguration.EnableTransactionManagementConfiguration.JdkDynamicAutoProxyConfiguration:
      Did not match:
         - @ConditionalOnProperty (spring.aop.proxy-target-class=false) did not find property 'proxy-target-class' (OnPropertyCondition)
         - Ancestor org.springframework.boot.autoconfigure.transaction.TransactionAutoConfiguration$EnableTransactionManagementConfiguration did not match (ConditionEvaluationReport.AncestorsMatchedCondition)

   WebClientAutoConfiguration:
      Did not match:
         - @ConditionalOnClass did not find required class 'org.springframework.web.reactive.function.client.WebClient' (OnClassCondition)

   WebFluxAutoConfiguration:
      Did not match:
         - @ConditionalOnClass did not find required class 'org.springframework.web.reactive.config.WebFluxConfigurer' (OnClassCondition)

   WebMvcAutoConfiguration.ResourceChainCustomizerConfiguration:
      Did not match:
         - @ConditionalOnEnabledResourceChain did not find class org.webjars.WebJarAssetLocator (OnEnabledResourceChainCondition)

   WebMvcAutoConfiguration.WebMvcAutoConfigurationAdapter#beanNameViewResolver:
      Did not match:
         - @ConditionalOnMissingBean (types: org.springframework.web.servlet.view.BeanNameViewResolver; SearchStrategy: all) found beans of type 'org.springframework.web.servlet.view.BeanNameViewResolver' beanNameViewResolver (OnBeanCondition)

   WebMvcAutoConfiguration.WebMvcAutoConfigurationAdapter#localeResolver:
      Did not match:
         - @ConditionalOnProperty (spring.mvc.locale) did not find property 'locale' (OnPropertyCondition)

   WebSecurityEnablerConfiguration:
      Did not match:
         - @ConditionalOnMissingBean (names: springSecurityFilterChain; SearchStrategy: all) found beans named springSecurityFilterChain (OnBeanCondition)
      Matched:
         - found 'session' scope (OnWebApplicationCondition)

   WebServiceTemplateAutoConfiguration:
      Did not match:
         - @ConditionalOnClass did not find required class 'org.springframework.oxm.Marshaller' (OnClassCondition)

   WebServicesAutoConfiguration:
      Did not match:
         - @ConditionalOnClass did not find required class 'org.springframework.ws.transport.http.MessageDispatcherServlet' (OnClassCondition)

   WebSocketMessagingAutoConfiguration:
      Did not match:
         - @ConditionalOnClass did not find required class 'org.springframework.web.socket.config.annotation.WebSocketMessageBrokerConfigurer' (OnClassCondition)

   WebSocketReactiveAutoConfiguration:
      Did not match:
         - @ConditionalOnWebApplication did not find reactive web application classes (OnWebApplicationCondition)

   WebSocketServletAutoConfiguration.JettyWebSocketConfiguration:
      Did not match:
         - @ConditionalOnClass did not find required class 'org.eclipse.jetty.websocket.jsr356.server.deploy.WebSocketServerContainerInitializer' (OnClassCondition)

   WebSocketServletAutoConfiguration.UndertowWebSocketConfiguration:
      Did not match:
         - @ConditionalOnClass did not find required class 'io.undertow.websockets.jsr.Bootstrap' (OnClassCondition)

   XADataSourceAutoConfiguration:
      Did not match:
         - @ConditionalOnBean (types: org.springframework.boot.jdbc.XADataSourceWrapper; SearchStrategy: all) did not find any beans of type org.springframework.boot.jdbc.XADataSourceWrapper (OnBeanCondition)
      Matched:
         - @ConditionalOnClass found required classes 'javax.sql.DataSource', 'javax.transaction.TransactionManager', 'org.springframework.jdbc.datasource.embedded.EmbeddedDatabaseType' (OnClassCondition)


Exclusions:
-----------

    None


Unconditional classes:
----------------------

    org.springframework.boot.autoconfigure.context.ConfigurationPropertiesAutoConfiguration

    org.springframework.boot.autoconfigure.context.PropertyPlaceholderAutoConfiguration

    org.springframework.boot.autoconfigure.info.ProjectInfoAutoConfiguration



&amp#27;[30m2020-02-08 10:21:40,558&amp#27;[0;39m &amp#27;[39mDEBUG&amp#27;[0;39m [&amp#27;[34mmain&amp#27;[0;39m] &amp#27;[33morg.springframework.beans.factory.support.DefaultSingletonBeanRegistry&amp#27;[0;39m: Creating shared instance of singleton bean 'org.springframework.transaction.config.internalTransactionAdvisor'
&amp#27;[30m2020-02-08 10:21:40,559&amp#27;[0;39m &amp#27;[39mDEBUG&amp#27;[0;39m [&amp#27;[34mmain&amp#27;[0;39m] &amp#27;[33morg.springframework.beans.factory.support.DefaultSingletonBeanRegistry&amp#27;[0;39m: Creating shared instance of singleton bean 'org.springframework.transaction.annotation.ProxyTransactionManagementConfiguration'
&amp#27;[30m2020-02-08 10:21:40,560&amp#27;[0;39m &amp#27;[39mDEBUG&amp#27;[0;39m [&amp#27;[34mmain&amp#27;[0;39m] &amp#27;[33morg.springframework.beans.factory.support.AbstractAutowireCapableBeanFactory&amp#27;[0;39m: Bean creation exception on singleton FactoryBean type check: org.springframework.beans.factory.BeanCreationException: Error creating bean with name 'org.springframework.transaction.annotation.ProxyTransactionManagementConfiguration': Initialization of bean failed; nested exception is org.springframework.beans.factory.NoSuchBeanDefinitionException: No bean named 'org.springframework.context.annotation.ConfigurationClassPostProcessor.importRegistry' available
&amp#27;[30m2020-02-08 10:21:40,562&amp#27;[0;39m &amp#27;[39mDEBUG&amp#27;[0;39m [&amp#27;[34mmain&amp#27;[0;39m] &amp#27;[33morg.springframework.boot.diagnostics.LoggingFailureAnalysisReporter&amp#27;[0;39m: Application failed to start due to an exception
org.springframework.beans.factory.NoSuchBeanDefinitionException: No qualifying bean of type 'in.rgukt.r081247.universityapi.repository.DepartmentRepository' available: expected at least 1 bean which qualifies as autowire candidate. Dependency annotations: {@org.springframework.beans.factory.annotation.Autowired(required=true)}
	at org.springframework.beans.factory.support.DefaultListableBeanFactory.raiseNoMatchingBeanFound(DefaultListableBeanFactory.java:1655)
	at org.springframework.beans.factory.support.DefaultListableBeanFactory.doResolveDependency(DefaultListableBeanFactory.java:1214)
	at org.springframework.beans.factory.support.DefaultListableBeanFactory.resolveDependency(DefaultListableBeanFactory.java:1168)
	at org.springframework.beans.factory.annotation.AutowiredAnnotationBeanPostProcessor$AutowiredFieldElement.inject(AutowiredAnnotationBeanPostProcessor.java:593)
	at org.springframework.beans.factory.annotation.InjectionMetadata.inject(InjectionMetadata.java:90)
	at org.springframework.beans.factory.annotation.AutowiredAnnotationBeanPostProcessor.postProcessProperties(AutowiredAnnotationBeanPostProcessor.java:374)
	at org.springframework.beans.factory.support.AbstractAutowireCapableBeanFactory.populateBean(AbstractAutowireCapableBeanFactory.java:1411)
	at org.springframework.beans.factory.support.AbstractAutowireCapableBeanFactory.doCreateBean(AbstractAutowireCapableBeanFactory.java:592)
	at org.springframework.beans.factory.support.AbstractAutowireCapableBeanFactory.createBean(AbstractAutowireCapableBeanFactory.java:515)
	at org.springframework.beans.factory.support.AbstractBeanFactory.lambda$doGetBean$0(AbstractBeanFactory.java:320)
	at org.springframework.beans.factory.support.DefaultSingletonBeanRegistry.getSingleton(DefaultSingletonBeanRegistry.java:222)
	at org.springframework.beans.factory.support.AbstractBeanFactory.doGetBean(AbstractBeanFactory.java:318)
	at org.springframework.beans.factory.support.AbstractBeanFactory.getBean(AbstractBeanFactory.java:199)
	at org.springframework.beans.factory.config.DependencyDescriptor.resolveCandidate(DependencyDescriptor.java:277)
	at org.springframework.beans.factory.support.DefaultListableBeanFactory.doResolveDependency(DefaultListableBeanFactory.java:1248)
	at org.springframework.beans.factory.support.DefaultListableBeanFactory.resolveDependency(DefaultListableBeanFactory.java:1168)
	at org.springframework.beans.factory.annotation.AutowiredAnnotationBeanPostProcessor$AutowiredFieldElement.inject(AutowiredAnnotationBeanPostProcessor.java:593)
	at org.springframework.beans.factory.annotation.InjectionMetadata.inject(InjectionMetadata.java:90)
	at org.springframework.beans.factory.annotation.AutowiredAnnotationBeanPostProcessor.postProcessProperties(AutowiredAnnotationBeanPostProcessor.java:374)
	at org.springframework.beans.factory.support.AbstractAutowireCapableBeanFactory.populateBean(AbstractAutowireCapableBeanFactory.java:1411)
	at org.springframework.beans.factory.support.AbstractAutowireCapableBeanFactory.doCreateBean(AbstractAutowireCapableBeanFactory.java:592)
	at org.springframework.beans.factory.support.AbstractAutowireCapableBeanFactory.createBean(AbstractAutowireCapableBeanFactory.java:515)
	at org.springframework.beans.factory.support.AbstractBeanFactory.lambda$doGetBean$0(AbstractBeanFactory.java:320)
	at org.springframework.beans.factory.support.DefaultSingletonBeanRegistry.getSingleton(DefaultSingletonBeanRegistry.java:222)
	at org.springframework.beans.factory.support.AbstractBeanFactory.doGetBean(AbstractBeanFactory.java:318)
	at org.springframework.beans.factory.support.AbstractBeanFactory.getBean(AbstractBeanFactory.java:199)
	at org.springframework.beans.factory.support.DefaultListableBeanFactory.preInstantiateSingletons(DefaultListableBeanFactory.java:843)
	at org.springframework.context.support.AbstractApplicationContext.finishBeanFactoryInitialization(AbstractApplicationContext.java:877)
	at org.springframework.context.support.AbstractApplicationContext.refresh(AbstractApplicationContext.java:549)
	at org.springframework.boot.web.servlet.context.ServletWebServerApplicationContext.refresh(ServletWebServerApplicationContext.java:142)
	at org.springframework.boot.SpringApplication.refresh(SpringApplication.java:775)
	at org.springframework.boot.SpringApplication.refreshContext(SpringApplication.java:397)
	at org.springframework.boot.SpringApplication.run(SpringApplication.java:316)
	at org.springframework.boot.test.context.SpringBootContextLoader.loadContext(SpringBootContextLoader.java:127)
	at org.springframework.test.context.cache.DefaultCacheAwareContextLoaderDelegate.loadContextInternal(DefaultCacheAwareContextLoaderDelegate.java:99)
	at org.springframework.test.context.cache.DefaultCacheAwareContextLoaderDelegate.loadContext(DefaultCacheAwareContextLoaderDelegate.java:117)
	at org.springframework.test.context.support.DefaultTestContext.getApplicationContext(DefaultTestContext.java:108)
	at org.springframework.boot.test.autoconfigure.SpringBootDependencyInjectionTestExecutionListener.outputConditionEvaluationReport(SpringBootDependencyInjectionTestExecutionListener.java:54)
	at org.springframework.boot.test.autoconfigure.SpringBootDependencyInjectionTestExecutionListener.prepareTestInstance(SpringBootDependencyInjectionTestExecutionListener.java:47)
	at org.springframework.test.context.TestContextManager.prepareTestInstance(TestContextManager.java:246)
	at org.springframework.test.context.junit4.SpringJUnit4ClassRunner.createTest(SpringJUnit4ClassRunner.java:227)
	at org.springframework.test.context.junit4.SpringJUnit4ClassRunner$1.runReflectiveCall(SpringJUnit4ClassRunner.java:289)
	at org.junit.internal.runners.model.ReflectiveCallable.run(ReflectiveCallable.java:12)
	at org.springframework.test.context.junit4.SpringJUnit4ClassRunner.methodBlock(SpringJUnit4ClassRunner.java:291)
	at org.springframework.test.context.junit4.SpringJUnit4ClassRunner.runChild(SpringJUnit4ClassRunner.java:246)
	at org.springframework.test.context.junit4.SpringJUnit4ClassRunner.runChild(SpringJUnit4ClassRunner.java:97)
	at org.junit.runners.ParentRunner$3.run(ParentRunner.java:290)
	at org.junit.runners.ParentRunner$1.schedule(ParentRunner.java:71)
	at org.junit.runners.ParentRunner.runChildren(ParentRunner.java:288)
	at org.junit.runners.ParentRunner.access$000(ParentRunner.java:58)
	at org.junit.runners.ParentRunner$2.evaluate(ParentRunner.java:268)
	at org.springframework.test.context.junit4.statements.RunBeforeTestClassCallbacks.evaluate(RunBeforeTestClassCallbacks.java:61)
	at org.springframework.test.context.junit4.statements.RunAfterTestClassCallbacks.evaluate(RunAfterTestClassCallbacks.java:70)
	at org.junit.runners.ParentRunner.run(ParentRunner.java:363)
	at org.springframework.test.context.junit4.SpringJUnit4ClassRunner.run(SpringJUnit4ClassRunner.java:190)
	at org.apache.maven.surefire.junit4.JUnit4Provider.execute(JUnit4Provider.java:365)
	at org.apache.maven.surefire.junit4.JUnit4Provider.executeWithRerun(JUnit4Provider.java:273)
	at org.apache.maven.surefire.junit4.JUnit4Provider.executeTestSet(JUnit4Provider.java:238)
	at org.apache.maven.surefire.junit4.JUnit4Provider.invoke(JUnit4Provider.java:159)
	at org.apache.maven.surefire.booter.ForkedBooter.invokeProviderInSameClassLoader(ForkedBooter.java:384)
	at org.apache.maven.surefire.booter.ForkedBooter.runSuitesInProcess(ForkedBooter.java:345)
	at org.apache.maven.surefire.booter.ForkedBooter.execute(ForkedBooter.java:126)
	at org.apache.maven.surefire.booter.ForkedBooter.main(ForkedBooter.java:418)
&amp#27;[30m2020-02-08 10:21:40,563&amp#27;[0;39m &amp#27;[1;31mERROR&amp#27;[0;39m [&amp#27;[34mmain&amp#27;[0;39m] &amp#27;[33morg.springframework.boot.diagnostics.LoggingFailureAnalysisReporter&amp#27;[0;39m: 

***************************
APPLICATION FAILED TO START
***************************

Description:

Field departmentRepository in in.rgukt.r081247.universityapi.service.CourseService required a bean of type 'in.rgukt.r081247.universityapi.repository.DepartmentRepository' that could not be found.

The injection point has the following annotations:
	- @org.springframework.beans.factory.annotation.Autowired(required=true)


Action:

Consider defining a bean of type 'in.rgukt.r081247.universityapi.repository.DepartmentRepository' in your configuration.

&amp#27;[30m2020-02-08 10:21:40,563&amp#27;[0;39m &amp#27;[1;31mERROR&amp#27;[0;39m [&amp#27;[34mmain&amp#27;[0;39m] &amp#27;[33morg.springframework.test.context.TestContextManager&amp#27;[0;39m: Caught exception while allowing TestExecutionListener [org.springframework.boot.test.autoconfigure.SpringBootDependencyInjectionTestExecutionListener@41dc34c8] to prepare test instance [in.rgukt.r081247.universityapi.controller.DepartmentControllerIntegrationTest@496c6d94]
java.lang.IllegalStateException: Failed to load ApplicationContext
	at org.springframework.test.context.cache.DefaultCacheAwareContextLoaderDelegate.loadContext(DefaultCacheAwareContextLoaderDelegate.java:125)
	at org.springframework.test.context.support.DefaultTestContext.getApplicationContext(DefaultTestContext.java:108)
	at org.springframework.test.context.support.DependencyInjectionTestExecutionListener.injectDependencies(DependencyInjectionTestExecutionListener.java:118)
	at org.springframework.test.context.support.DependencyInjectionTestExecutionListener.prepareTestInstance(DependencyInjectionTestExecutionListener.java:83)
	at org.springframework.boot.test.autoconfigure.SpringBootDependencyInjectionTestExecutionListener.prepareTestInstance(SpringBootDependencyInjectionTestExecutionListener.java:44)
	at org.springframework.test.context.TestContextManager.prepareTestInstance(TestContextManager.java:246)
	at org.springframework.test.context.junit4.SpringJUnit4ClassRunner.createTest(SpringJUnit4ClassRunner.java:227)
	at org.springframework.test.context.junit4.SpringJUnit4ClassRunner$1.runReflectiveCall(SpringJUnit4ClassRunner.java:289)
	at org.junit.internal.runners.model.ReflectiveCallable.run(ReflectiveCallable.java:12)
	at org.springframework.test.context.junit4.SpringJUnit4ClassRunner.methodBlock(SpringJUnit4ClassRunner.java:291)
	at org.springframework.test.context.junit4.SpringJUnit4ClassRunner.runChild(SpringJUnit4ClassRunner.java:246)
	at org.springframework.test.context.junit4.SpringJUnit4ClassRunner.runChild(SpringJUnit4ClassRunner.java:97)
	at org.junit.runners.ParentRunner$3.run(ParentRunner.java:290)
	at org.junit.runners.ParentRunner$1.schedule(ParentRunner.java:71)
	at org.junit.runners.ParentRunner.runChildren(ParentRunner.java:288)
	at org.junit.runners.ParentRunner.access$000(ParentRunner.java:58)
	at org.junit.runners.ParentRunner$2.evaluate(ParentRunner.java:268)
	at org.springframework.test.context.junit4.statements.RunBeforeTestClassCallbacks.evaluate(RunBeforeTestClassCallbacks.java:61)
	at org.springframework.test.context.junit4.statements.RunAfterTestClassCallbacks.evaluate(RunAfterTestClassCallbacks.java:70)
	at org.junit.runners.ParentRunner.run(ParentRunner.java:363)
	at org.springframework.test.context.junit4.SpringJUnit4ClassRunner.run(SpringJUnit4ClassRunner.java:190)
	at org.apache.maven.surefire.junit4.JUnit4Provider.execute(JUnit4Provider.java:365)
	at org.apache.maven.surefire.junit4.JUnit4Provider.executeWithRerun(JUnit4Provider.java:273)
	at org.apache.maven.surefire.junit4.JUnit4Provider.executeTestSet(JUnit4Provider.java:238)
	at org.apache.maven.surefire.junit4.JUnit4Provider.invoke(JUnit4Provider.java:159)
	at org.apache.maven.surefire.booter.ForkedBooter.invokeProviderInSameClassLoader(ForkedBooter.java:384)
	at org.apache.maven.surefire.booter.ForkedBooter.runSuitesInProcess(ForkedBooter.java:345)
	at org.apache.maven.surefire.booter.ForkedBooter.execute(ForkedBooter.java:126)
	at org.apache.maven.surefire.booter.ForkedBooter.main(ForkedBooter.java:418)
Caused by: org.springframework.beans.factory.UnsatisfiedDependencyException: Error creating bean with name 'courseController': Unsatisfied dependency expressed through field 'courseService'; nested exception is org.springframework.beans.factory.UnsatisfiedDependencyException: Error creating bean with name 'courseService': Unsatisfied dependency expressed through field 'departmentRepository'; nested exception is org.springframework.beans.factory.NoSuchBeanDefinitionException: No qualifying bean of type 'in.rgukt.r081247.universityapi.repository.DepartmentRepository' available: expected at least 1 bean which qualifies as autowire candidate. Dependency annotations: {@org.springframework.beans.factory.annotation.Autowired(required=true)}
	at org.springframework.beans.factory.annotation.AutowiredAnnotationBeanPostProcessor$AutowiredFieldElement.inject(AutowiredAnnotationBeanPostProcessor.java:596)
	at org.springframework.beans.factory.annotation.InjectionMetadata.inject(InjectionMetadata.java:90)
	at org.springframework.beans.factory.annotation.AutowiredAnnotationBeanPostProcessor.postProcessProperties(AutowiredAnnotationBeanPostProcessor.java:374)
	at org.springframework.beans.factory.support.AbstractAutowireCapableBeanFactory.populateBean(AbstractAutowireCapableBeanFactory.java:1411)
	at org.springframework.beans.factory.support.AbstractAutowireCapableBeanFactory.doCreateBean(AbstractAutowireCapableBeanFactory.java:592)
	at org.springframework.beans.factory.support.AbstractAutowireCapableBeanFactory.createBean(AbstractAutowireCapableBeanFactory.java:515)
	at org.springframework.beans.factory.support.AbstractBeanFactory.lambda$doGetBean$0(AbstractBeanFactory.java:320)
	at org.springframework.beans.factory.support.DefaultSingletonBeanRegistry.getSingleton(DefaultSingletonBeanRegistry.java:222)
	at org.springframework.beans.factory.support.AbstractBeanFactory.doGetBean(AbstractBeanFactory.java:318)
	at org.springframework.beans.factory.support.AbstractBeanFactory.getBean(AbstractBeanFactory.java:199)
	at org.springframework.beans.factory.support.DefaultListableBeanFactory.preInstantiateSingletons(DefaultListableBeanFactory.java:843)
	at org.springframework.context.support.AbstractApplicationContext.finishBeanFactoryInitialization(AbstractApplicationContext.java:877)
	at org.springframework.context.support.AbstractApplicationContext.refresh(AbstractApplicationContext.java:549)
	at org.springframework.boot.web.servlet.context.ServletWebServerApplicationContext.refresh(ServletWebServerApplicationContext.java:142)
	at org.springframework.boot.SpringApplication.refresh(SpringApplication.java:775)
	at org.springframework.boot.SpringApplication.refreshContext(SpringApplication.java:397)
	at org.springframework.boot.SpringApplication.run(SpringApplication.java:316)
	at org.springframework.boot.test.context.SpringBootContextLoader.loadContext(SpringBootContextLoader.java:127)
	at org.springframework.test.context.cache.DefaultCacheAwareContextLoaderDelegate.loadContextInternal(DefaultCacheAwareContextLoaderDelegate.java:99)
	at org.springframework.test.context.cache.DefaultCacheAwareContextLoaderDelegate.loadContext(DefaultCacheAwareContextLoaderDelegate.java:117)
	... 28 common frames omitted
Caused by: org.springframework.beans.factory.UnsatisfiedDependencyException: Error creating bean with name 'courseService': Unsatisfied dependency expressed through field 'departmentRepository'; nested exception is org.springframework.beans.factory.NoSuchBeanDefinitionException: No qualifying bean of type 'in.rgukt.r081247.universityapi.repository.DepartmentRepository' available: expected at least 1 bean which qualifies as autowire candidate. Dependency annotations: {@org.springframework.beans.factory.annotation.Autowired(required=true)}
	at org.springframework.beans.factory.annotation.AutowiredAnnotationBeanPostProcessor$AutowiredFieldElement.inject(AutowiredAnnotationBeanPostProcessor.java:596)
	at org.springframework.beans.factory.annotation.InjectionMetadata.inject(InjectionMetadata.java:90)
	at org.springframework.beans.factory.annotation.AutowiredAnnotationBeanPostProcessor.postProcessProperties(AutowiredAnnotationBeanPostProcessor.java:374)
	at org.springframework.beans.factory.support.AbstractAutowireCapableBeanFactory.populateBean(AbstractAutowireCapableBeanFactory.java:1411)
	at org.springframework.beans.factory.support.AbstractAutowireCapableBeanFactory.doCreateBean(AbstractAutowireCapableBeanFactory.java:592)
	at org.springframework.beans.factory.support.AbstractAutowireCapableBeanFactory.createBean(AbstractAutowireCapableBeanFactory.java:515)
	at org.springframework.beans.factory.support.AbstractBeanFactory.lambda$doGetBean$0(AbstractBeanFactory.java:320)
	at org.springframework.beans.factory.support.DefaultSingletonBeanRegistry.getSingleton(DefaultSingletonBeanRegistry.java:222)
	at org.springframework.beans.factory.support.AbstractBeanFactory.doGetBean(AbstractBeanFactory.java:318)
	at org.springframework.beans.factory.support.AbstractBeanFactory.getBean(AbstractBeanFactory.java:199)
	at org.springframework.beans.factory.config.DependencyDescriptor.resolveCandidate(DependencyDescriptor.java:277)
	at org.springframework.beans.factory.support.DefaultListableBeanFactory.doResolveDependency(DefaultListableBeanFactory.java:1248)
	at org.springframework.beans.factory.support.DefaultListableBeanFactory.resolveDependency(DefaultListableBeanFactory.java:1168)
	at org.springframework.beans.factory.annotation.AutowiredAnnotationBeanPostProcessor$AutowiredFieldElement.inject(AutowiredAnnotationBeanPostProcessor.java:593)
	... 47 common frames omitted
Caused by: org.springframework.beans.factory.NoSuchBeanDefinitionException: No qualifying bean of type 'in.rgukt.r081247.universityapi.repository.DepartmentRepository' available: expected at least 1 bean which qualifies as autowire candidate. Dependency annotations: {@org.springframework.beans.factory.annotation.Autowired(required=true)}
	at org.springframework.beans.factory.support.DefaultListableBeanFactory.raiseNoMatchingBeanFound(DefaultListableBeanFactory.java:1655)
	at org.springframework.beans.factory.support.DefaultListableBeanFactory.doResolveDependency(DefaultListableBeanFactory.java:1214)
	at org.springframework.beans.factory.support.DefaultListableBeanFactory.resolveDependency(DefaultListableBeanFactory.java:1168)
	at org.springframework.beans.factory.annotation.AutowiredAnnotationBeanPostProcessor$AutowiredFieldElement.inject(AutowiredAnnotationBeanPostProcessor.java:593)
	... 60 common frames omitted
]]></system-out>
  </testcase>
  <testcase name="testGetDepartmentById" classname="in.rgukt.r081247.universityapi.controller.DepartmentControllerIntegrationTest" time="0">
    <error message="Failed to load ApplicationContext" type="java.lang.IllegalStateException">java.lang.IllegalStateException: Failed to load ApplicationContext
Caused by: org.springframework.beans.factory.UnsatisfiedDependencyException: Error creating bean with name 'courseController': Unsatisfied dependency expressed through field 'courseService'; nested exception is org.springframework.beans.factory.UnsatisfiedDependencyException: Error creating bean with name 'courseService': Unsatisfied dependency expressed through field 'departmentRepository'; nested exception is org.springframework.beans.factory.NoSuchBeanDefinitionException: No qualifying bean of type 'in.rgukt.r081247.universityapi.repository.DepartmentRepository' available: expected at least 1 bean which qualifies as autowire candidate. Dependency annotations: {@org.springframework.beans.factory.annotation.Autowired(required=true)}
Caused by: org.springframework.beans.factory.UnsatisfiedDependencyException: Error creating bean with name 'courseService': Unsatisfied dependency expressed through field 'departmentRepository'; nested exception is org.springframework.beans.factory.NoSuchBeanDefinitionException: No qualifying bean of type 'in.rgukt.r081247.universityapi.repository.DepartmentRepository' available: expected at least 1 bean which qualifies as autowire candidate. Dependency annotations: {@org.springframework.beans.factory.annotation.Autowired(required=true)}
Caused by: org.springframework.beans.factory.NoSuchBeanDefinitionException: No qualifying bean of type 'in.rgukt.r081247.universityapi.repository.DepartmentRepository' available: expected at least 1 bean which qualifies as autowire candidate. Dependency annotations: {@org.springframework.beans.factory.annotation.Autowired(required=true)}
</error>
    <system-out><![CDATA[&amp#27;[30m2020-02-08 10:21:40,567&amp#27;[0;39m &amp#27;[39mDEBUG&amp#27;[0;39m [&amp#27;[34mmain&amp#27;[0;39m] &amp#27;[33morg.springframework.test.annotation.ProfileValueUtils&amp#27;[0;39m: Retrieved @ProfileValueSourceConfiguration [null] for test class [in.rgukt.r081247.universityapi.controller.DepartmentControllerIntegrationTest]
&amp#27;[30m2020-02-08 10:21:40,567&amp#27;[0;39m &amp#27;[39mDEBUG&amp#27;[0;39m [&amp#27;[34mmain&amp#27;[0;39m] &amp#27;[33morg.springframework.test.annotation.ProfileValueUtils&amp#27;[0;39m: Retrieved ProfileValueSource type [class org.springframework.test.annotation.SystemProfileValueSource] for class [in.rgukt.r081247.universityapi.controller.DepartmentControllerIntegrationTest]
&amp#27;[30m2020-02-08 10:21:40,568&amp#27;[0;39m &amp#27;[39mDEBUG&amp#27;[0;39m [&amp#27;[34mmain&amp#27;[0;39m] &amp#27;[33morg.springframework.test.context.support.DependencyInjectionTestExecutionListener&amp#27;[0;39m: Performing dependency injection for test context [[DefaultTestContext@466cca41 testClass = DepartmentControllerIntegrationTest, testInstance = in.rgukt.r081247.universityapi.controller.DepartmentControllerIntegrationTest@7b0d88e0, testMethod = [null], testException = [null], mergedContextConfiguration = [WebMergedContextConfiguration@7c3ae369 testClass = DepartmentControllerIntegrationTest, locations = '{}', classes = '{class in.rgukt.r081247.universityapi.CrmApplication, class in.rgukt.r081247.universityapi.CrmApplication}', contextInitializerClasses = '[]', activeProfiles = '{}', propertySourceLocations = '{}', propertySourceProperties = '{org.springframework.boot.test.context.SpringBootTestContextBootstrapper=true, server.port=0}', contextCustomizers = set[org.springframework.boot.test.context.filter.ExcludeFilterContextCustomizer@55f616cf, org.springframework.boot.test.json.DuplicateJsonObjectContextCustomizerFactory$DuplicateJsonObjectContextCustomizer@1329eff, org.springframework.boot.test.mock.mockito.MockitoContextCustomizer@0, org.springframework.boot.test.web.client.TestRestTemplateContextCustomizer@2beee7ff, org.springframework.boot.test.autoconfigure.properties.PropertyMappingContextCustomizer@0, org.springframework.boot.test.autoconfigure.web.servlet.WebDriverContextCustomizerFactory$Customizer@26275bef], resourceBasePath = 'src/main/webapp', contextLoader = 'org.springframework.boot.test.context.SpringBootContextLoader', parent = [null]], attributes = map['org.springframework.test.context.web.ServletTestExecutionListener.activateListener' -> false]]].
&amp#27;[30m2020-02-08 10:21:40,570&amp#27;[0;39m &amp#27;[39mDEBUG&amp#27;[0;39m [&amp#27;[34mmain&amp#27;[0;39m] &amp#27;[33morg.springframework.test.context.support.TestPropertySourceUtils&amp#27;[0;39m: Adding inlined properties to environment: {spring.jmx.enabled=false, org.springframework.boot.test.context.SpringBootTestContextBootstrapper=true, server.port=0}
&amp#27;[30m2020-02-08 10:21:40,630&amp#27;[0;39m &amp#27;[39mDEBUG&amp#27;[0;39m [&amp#27;[34mmain&amp#27;[0;39m] &amp#27;[33morg.springframework.boot.context.logging.ClasspathLoggingApplicationListener&amp#27;[0;39m: Application started with classpath: unknown

  .   ____          _            __ _ _
 /\\ / ___'_ __ _ _(_)_ __  __ _ \ \ \ \
( ( )\___ | '_ | '_| | '_ \/ _` | \ \ \ \
 \\/  ___)| |_)| | | | | || (_| |  ) ) ) )
  '  |____| .__|_| |_|_| |_\__, | / / / /
 =========|_|==============|___/=/_/_/_/
 :: Spring Boot ::        (v2.1.5.RELEASE)

&amp#27;[30m2020-02-08 10:21:40,640&amp#27;[0;39m &amp#27;[34mINFO &amp#27;[0;39m [&amp#27;[34mmain&amp#27;[0;39m] &amp#27;[33morg.springframework.boot.StartupInfoLogger&amp#27;[0;39m: Starting DepartmentControllerIntegrationTest on vinod with PID 6772 (started by vinod in /home/vinod/Desktop/desk/projects/universityapi)
&amp#27;[30m2020-02-08 10:21:40,641&amp#27;[0;39m &amp#27;[39mDEBUG&amp#27;[0;39m [&amp#27;[34mmain&amp#27;[0;39m] &amp#27;[33morg.springframework.boot.StartupInfoLogger&amp#27;[0;39m: Running with Spring Boot v2.1.5.RELEASE, Spring v5.1.7.RELEASE
&amp#27;[30m2020-02-08 10:21:40,641&amp#27;[0;39m &amp#27;[34mINFO &amp#27;[0;39m [&amp#27;[34mmain&amp#27;[0;39m] &amp#27;[33morg.springframework.boot.SpringApplication&amp#27;[0;39m: No active profile set, falling back to default profiles: default
&amp#27;[30m2020-02-08 10:21:40,641&amp#27;[0;39m &amp#27;[39mDEBUG&amp#27;[0;39m [&amp#27;[34mmain&amp#27;[0;39m] &amp#27;[33morg.springframework.boot.SpringApplication&amp#27;[0;39m: Loading source class in.rgukt.r081247.universityapi.CrmApplication
&amp#27;[30m2020-02-08 10:21:40,644&amp#27;[0;39m &amp#27;[39mDEBUG&amp#27;[0;39m [&amp#27;[34mmain&amp#27;[0;39m] &amp#27;[33morg.springframework.boot.logging.DeferredLog&amp#27;[0;39m: Loaded config file 'file:/home/vinod/Desktop/desk/projects/universityapi/target/test-classes/application.properties' (classpath:/application.properties)
&amp#27;[30m2020-02-08 10:21:40,644&amp#27;[0;39m &amp#27;[39mDEBUG&amp#27;[0;39m [&amp#27;[34mmain&amp#27;[0;39m] &amp#27;[33morg.springframework.context.support.AbstractApplicationContext&amp#27;[0;39m: Refreshing org.springframework.boot.web.servlet.context.AnnotationConfigServletWebServerApplicationContext@6ae1d5f1
&amp#27;[30m2020-02-08 10:21:40,646&amp#27;[0;39m &amp#27;[39mDEBUG&amp#27;[0;39m [&amp#27;[34mmain&amp#27;[0;39m] &amp#27;[33morg.springframework.beans.factory.support.DefaultSingletonBeanRegistry&amp#27;[0;39m: Creating shared instance of singleton bean 'org.springframework.context.annotation.internalConfigurationAnnotationProcessor'
&amp#27;[30m2020-02-08 10:21:40,646&amp#27;[0;39m &amp#27;[39mDEBUG&amp#27;[0;39m [&amp#27;[34mmain&amp#27;[0;39m] &amp#27;[33morg.springframework.beans.factory.support.DefaultSingletonBeanRegistry&amp#27;[0;39m: Creating shared instance of singleton bean 'org.springframework.boot.autoconfigure.internalCachingMetadataReaderFactory'
&amp#27;[30m2020-02-08 10:21:40,661&amp#27;[0;39m &amp#27;[39mDEBUG&amp#27;[0;39m [&amp#27;[34mmain&amp#27;[0;39m] &amp#27;[33morg.springframework.context.annotation.ClassPathScanningCandidateComponentProvider&amp#27;[0;39m: Identified candidate component class: file [/home/vinod/Desktop/desk/projects/universityapi/target/classes/in/rgukt/r081247/universityapi/config/CrmCofig.class]
&amp#27;[30m2020-02-08 10:21:40,662&amp#27;[0;39m &amp#27;[39mDEBUG&amp#27;[0;39m [&amp#27;[34mmain&amp#27;[0;39m] &amp#27;[33morg.springframework.context.annotation.ClassPathScanningCandidateComponentProvider&amp#27;[0;39m: Identified candidate component class: file [/home/vinod/Desktop/desk/projects/universityapi/target/classes/in/rgukt/r081247/universityapi/config/SecurityConfiguration.class]
&amp#27;[30m2020-02-08 10:21:40,664&amp#27;[0;39m &amp#27;[39mDEBUG&amp#27;[0;39m [&amp#27;[34mmain&amp#27;[0;39m] &amp#27;[33morg.springframework.context.annotation.ClassPathScanningCandidateComponentProvider&amp#27;[0;39m: Identified candidate component class: file [/home/vinod/Desktop/desk/projects/universityapi/target/classes/in/rgukt/r081247/universityapi/controller/CourseController.class]
&amp#27;[30m2020-02-08 10:21:40,665&amp#27;[0;39m &amp#27;[39mDEBUG&amp#27;[0;39m [&amp#27;[34mmain&amp#27;[0;39m] &amp#27;[33morg.springframework.context.annotation.ClassPathScanningCandidateComponentProvider&amp#27;[0;39m: Identified candidate component class: file [/home/vinod/Desktop/desk/projects/universityapi/target/classes/in/rgukt/r081247/universityapi/controller/DepartmentController.class]
&amp#27;[30m2020-02-08 10:21:40,666&amp#27;[0;39m &amp#27;[39mDEBUG&amp#27;[0;39m [&amp#27;[34mmain&amp#27;[0;39m] &amp#27;[33morg.springframework.context.annotation.ClassPathScanningCandidateComponentProvider&amp#27;[0;39m: Identified candidate component class: file [/home/vinod/Desktop/desk/projects/universityapi/target/classes/in/rgukt/r081247/universityapi/controller/StudentController.class]
&amp#27;[30m2020-02-08 10:21:40,667&amp#27;[0;39m &amp#27;[39mDEBUG&amp#27;[0;39m [&amp#27;[34mmain&amp#27;[0;39m] &amp#27;[33morg.springframework.context.annotation.ClassPathScanningCandidateComponentProvider&amp#27;[0;39m: Identified candidate component class: file [/home/vinod/Desktop/desk/projects/universityapi/target/classes/in/rgukt/r081247/universityapi/controller/TestController.class]
&amp#27;[30m2020-02-08 10:21:40,669&amp#27;[0;39m &amp#27;[39mDEBUG&amp#27;[0;39m [&amp#27;[34mmain&amp#27;[0;39m] &amp#27;[33morg.springframework.context.annotation.ClassPathScanningCandidateComponentProvider&amp#27;[0;39m: Identified candidate component class: file [/home/vinod/Desktop/desk/projects/universityapi/target/classes/in/rgukt/r081247/universityapi/exception/CustomExceptionHandler.class]
&amp#27;[30m2020-02-08 10:21:40,670&amp#27;[0;39m &amp#27;[39mDEBUG&amp#27;[0;39m [&amp#27;[34mmain&amp#27;[0;39m] &amp#27;[33morg.springframework.context.annotation.ClassPathScanningCandidateComponentProvider&amp#27;[0;39m: Ignored because not a concrete top-level class: file [/home/vinod/Desktop/desk/projects/universityapi/target/classes/in/rgukt/r081247/universityapi/repository/CourseRepository.class]
&amp#27;[30m2020-02-08 10:21:40,671&amp#27;[0;39m &amp#27;[39mDEBUG&amp#27;[0;39m [&amp#27;[34mmain&amp#27;[0;39m] &amp#27;[33morg.springframework.context.annotation.ClassPathScanningCandidateComponentProvider&amp#27;[0;39m: Ignored because not a concrete top-level class: file [/home/vinod/Desktop/desk/projects/universityapi/target/classes/in/rgukt/r081247/universityapi/repository/DepartmentRepository.class]
&amp#27;[30m2020-02-08 10:21:40,671&amp#27;[0;39m &amp#27;[39mDEBUG&amp#27;[0;39m [&amp#27;[34mmain&amp#27;[0;39m] &amp#27;[33morg.springframework.context.annotation.ClassPathScanningCandidateComponentProvider&amp#27;[0;39m: Ignored because not a concrete top-level class: file [/home/vinod/Desktop/desk/projects/universityapi/target/classes/in/rgukt/r081247/universityapi/repository/StudentRepository.class]
&amp#27;[30m2020-02-08 10:21:40,672&amp#27;[0;39m &amp#27;[39mDEBUG&amp#27;[0;39m [&amp#27;[34mmain&amp#27;[0;39m] &amp#27;[33morg.springframework.context.annotation.ClassPathScanningCandidateComponentProvider&amp#27;[0;39m: Identified candidate component class: file [/home/vinod/Desktop/desk/projects/universityapi/target/classes/in/rgukt/r081247/universityapi/service/CourseService.class]
&amp#27;[30m2020-02-08 10:21:40,673&amp#27;[0;39m &amp#27;[39mDEBUG&amp#27;[0;39m [&amp#27;[34mmain&amp#27;[0;39m] &amp#27;[33morg.springframework.context.annotation.ClassPathScanningCandidateComponentProvider&amp#27;[0;39m: Identified candidate component class: file [/home/vinod/Desktop/desk/projects/universityapi/target/classes/in/rgukt/r081247/universityapi/service/DepartmentService.class]
&amp#27;[30m2020-02-08 10:21:40,674&amp#27;[0;39m &amp#27;[39mDEBUG&amp#27;[0;39m [&amp#27;[34mmain&amp#27;[0;39m] &amp#27;[33morg.springframework.context.annotation.ClassPathScanningCandidateComponentProvider&amp#27;[0;39m: Identified candidate component class: file [/home/vinod/Desktop/desk/projects/universityapi/target/classes/in/rgukt/r081247/universityapi/service/StudentService.class]
&amp#27;[30m2020-02-08 10:21:40,760&amp#27;[0;39m &amp#27;[39mDEBUG&amp#27;[0;39m [&amp#27;[34mmain&amp#27;[0;39m] &amp#27;[33morg.springframework.core.env.PropertySourcesPropertyResolver&amp#27;[0;39m: Found key 'spring.jmx.enabled' in PropertySource 'configurationProperties' with value of type String
&amp#27;[30m2020-02-08 10:21:40,780&amp#27;[0;39m &amp#27;[39mDEBUG&amp#27;[0;39m [&amp#27;[34mmain&amp#27;[0;39m] &amp#27;[33morg.springframework.core.env.PropertySourcesPropertyResolver&amp#27;[0;39m: Found key 'spring.jmx.enabled' in PropertySource 'configurationProperties' with value of type String
&amp#27;[30m2020-02-08 10:21:40,831&amp#27;[0;39m &amp#27;[39mDEBUG&amp#27;[0;39m [&amp#27;[34mmain&amp#27;[0;39m] &amp#27;[33morg.springframework.core.env.PropertySourcesPropertyResolver&amp#27;[0;39m: Found key 'spring.h2.console.enabled' in PropertySource 'configurationProperties' with value of type String
&amp#27;[30m2020-02-08 10:21:40,869&amp#27;[0;39m &amp#27;[34mINFO &amp#27;[0;39m [&amp#27;[34mmain&amp#27;[0;39m] &amp#27;[33morg.springframework.data.repository.config.RepositoryConfigurationDelegate&amp#27;[0;39m: Bootstrapping Spring Data repositories in DEFAULT mode.
&amp#27;[30m2020-02-08 10:21:40,869&amp#27;[0;39m &amp#27;[39mDEBUG&amp#27;[0;39m [&amp#27;[34mmain&amp#27;[0;39m] &amp#27;[33morg.springframework.data.repository.config.RepositoryConfigurationDelegate&amp#27;[0;39m: Scanning for repositories in packages org.nrp.crm.repository.
&amp#27;[30m2020-02-08 10:21:40,870&amp#27;[0;39m &amp#27;[34mINFO &amp#27;[0;39m [&amp#27;[34mmain&amp#27;[0;39m] &amp#27;[33morg.springframework.data.repository.config.RepositoryConfigurationDelegate&amp#27;[0;39m: Finished Spring Data repository scanning in 0ms. Found 0 repository interfaces.
&amp#27;[30m2020-02-08 10:21:40,872&amp#27;[0;39m &amp#27;[39mDEBUG&amp#27;[0;39m [&amp#27;[34mmain&amp#27;[0;39m] &amp#27;[33morg.springframework.beans.factory.support.DefaultSingletonBeanRegistry&amp#27;[0;39m: Creating shared instance of singleton bean 'org.springframework.boot.autoconfigure.condition.BeanTypeRegistry'
&amp#27;[30m2020-02-08 10:21:40,930&amp#27;[0;39m &amp#27;[39mDEBUG&amp#27;[0;39m [&amp#27;[34mmain&amp#27;[0;39m] &amp#27;[33morg.springframework.core.env.PropertySourcesPropertyResolver&amp#27;[0;39m: Found key 'spring.h2.console.enabled' in PropertySource 'configurationProperties' with value of type String
&amp#27;[30m2020-02-08 10:21:40,966&amp#27;[0;39m &amp#27;[39mDEBUG&amp#27;[0;39m [&amp#27;[34mmain&amp#27;[0;39m] &amp#27;[33morg.springframework.beans.factory.support.DefaultSingletonBeanRegistry&amp#27;[0;39m: Creating shared instance of singleton bean 'org.springframework.boot.test.web.client.TestRestTemplateContextCustomizer$TestRestTemplateRegistrar'
&amp#27;[30m2020-02-08 10:21:40,973&amp#27;[0;39m &amp#27;[39mDEBUG&amp#27;[0;39m [&amp#27;[34mmain&amp#27;[0;39m] &amp#27;[33morg.springframework.beans.factory.support.DefaultSingletonBeanRegistry&amp#27;[0;39m: Creating shared instance of singleton bean 'propertySourcesPlaceholderConfigurer'
&amp#27;[30m2020-02-08 10:21:40,974&amp#27;[0;39m &amp#27;[39mDEBUG&amp#27;[0;39m [&amp#27;[34mmain&amp#27;[0;39m] &amp#27;[33morg.springframework.beans.factory.support.DefaultSingletonBeanRegistry&amp#27;[0;39m: Creating shared instance of singleton bean 'org.springframework.boot.test.mock.mockito.MockitoPostProcessor'
&amp#27;[30m2020-02-08 10:21:40,975&amp#27;[0;39m &amp#27;[39mDEBUG&amp#27;[0;39m [&amp#27;[34mmain&amp#27;[0;39m] &amp#27;[33morg.springframework.beans.factory.support.DefaultSingletonBeanRegistry&amp#27;[0;39m: Creating shared instance of singleton bean 'emBeanDefinitionRegistrarPostProcessor'
&amp#27;[30m2020-02-08 10:21:40,988&amp#27;[0;39m &amp#27;[39mDEBUG&amp#27;[0;39m [&amp#27;[34mmain&amp#27;[0;39m] &amp#27;[33morg.springframework.beans.factory.support.DefaultSingletonBeanRegistry&amp#27;[0;39m: Creating shared instance of singleton bean 'org.springframework.context.event.internalEventListenerProcessor'
&amp#27;[30m2020-02-08 10:21:40,988&amp#27;[0;39m &amp#27;[39mDEBUG&amp#27;[0;39m [&amp#27;[34mmain&amp#27;[0;39m] &amp#27;[33morg.springframework.beans.factory.support.DefaultSingletonBeanRegistry&amp#27;[0;39m: Creating shared instance of singleton bean 'org.springframework.boot.context.properties.ConfigurationBeanFactoryMetadata'
&amp#27;[30m2020-02-08 10:21:40,993&amp#27;[0;39m &amp#27;[39mDEBUG&amp#27;[0;39m [&amp#27;[34mmain&amp#27;[0;39m] &amp#27;[33morg.springframework.beans.factory.support.DefaultSingletonBeanRegistry&amp#27;[0;39m: Creating shared instance of singleton bean 'preserveErrorControllerTargetClassPostProcessor'
&amp#27;[30m2020-02-08 10:21:40,994&amp#27;[0;39m &amp#27;[39mDEBUG&amp#27;[0;39m [&amp#27;[34mmain&amp#27;[0;39m] &amp#27;[33morg.springframework.beans.factory.support.DefaultSingletonBeanRegistry&amp#27;[0;39m: Creating shared instance of singleton bean 'org.springframework.boot.devtools.autoconfigure.DevToolsDataSourceAutoConfiguration$DatabaseShutdownExecutorJpaDependencyConfiguration'
&amp#27;[30m2020-02-08 10:21:40,996&amp#27;[0;39m &amp#27;[39mDEBUG&amp#27;[0;39m [&amp#27;[34mmain&amp#27;[0;39m] &amp#27;[33morg.springframework.beans.factory.support.DefaultSingletonBeanRegistry&amp#27;[0;39m: Creating shared instance of singleton bean 'org.springframework.context.event.internalEventListenerFactory'
&amp#27;[30m2020-02-08 10:21:40,996&amp#27;[0;39m &amp#27;[39mDEBUG&amp#27;[0;39m [&amp#27;[34mmain&amp#27;[0;39m] &amp#27;[33morg.springframework.beans.factory.support.DefaultSingletonBeanRegistry&amp#27;[0;39m: Creating shared instance of singleton bean 'org.springframework.transaction.config.internalTransactionalEventListenerFactory'
&amp#27;[30m2020-02-08 10:21:41,003&amp#27;[0;39m &amp#27;[39mDEBUG&amp#27;[0;39m [&amp#27;[34mmain&amp#27;[0;39m] &amp#27;[33morg.springframework.beans.factory.support.DefaultSingletonBeanRegistry&amp#27;[0;39m: Creating shared instance of singleton bean 'org.springframework.context.annotation.internalAutowiredAnnotationProcessor'
&amp#27;[30m2020-02-08 10:21:41,004&amp#27;[0;39m &amp#27;[39mDEBUG&amp#27;[0;39m [&amp#27;[34mmain&amp#27;[0;39m] &amp#27;[33morg.springframework.beans.factory.support.DefaultSingletonBeanRegistry&amp#27;[0;39m: Creating shared instance of singleton bean 'org.springframework.context.annotation.internalCommonAnnotationProcessor'
&amp#27;[30m2020-02-08 10:21:41,004&amp#27;[0;39m &amp#27;[39mDEBUG&amp#27;[0;39m [&amp#27;[34mmain&amp#27;[0;39m] &amp#27;[33morg.springframework.beans.factory.support.DefaultSingletonBeanRegistry&amp#27;[0;39m: Creating shared instance of singleton bean 'org.springframework.context.annotation.internalPersistenceAnnotationProcessor'
&amp#27;[30m2020-02-08 10:21:41,005&amp#27;[0;39m &amp#27;[39mDEBUG&amp#27;[0;39m [&amp#27;[34mmain&amp#27;[0;39m] &amp#27;[33morg.springframework.beans.factory.support.DefaultSingletonBeanRegistry&amp#27;[0;39m: Creating shared instance of singleton bean 'org.springframework.boot.test.mock.mockito.MockitoPostProcessor$SpyPostProcessor'
&amp#27;[30m2020-02-08 10:21:41,005&amp#27;[0;39m &amp#27;[39mDEBUG&amp#27;[0;39m [&amp#27;[34mmain&amp#27;[0;39m] &amp#27;[33morg.springframework.beans.factory.support.DefaultSingletonBeanRegistry&amp#27;[0;39m: Creating shared instance of singleton bean 'org.springframework.boot.context.properties.ConfigurationPropertiesBindingPostProcessor'
&amp#27;[30m2020-02-08 10:21:41,006&amp#27;[0;39m &amp#27;[39mDEBUG&amp#27;[0;39m [&amp#27;[34mmain&amp#27;[0;39m] &amp#27;[33morg.springframework.beans.factory.support.DefaultSingletonBeanRegistry&amp#27;[0;39m: Creating shared instance of singleton bean 'org.springframework.aop.config.internalAutoProxyCreator'
&amp#27;[30m2020-02-08 10:21:41,017&amp#27;[0;39m &amp#27;[39mDEBUG&amp#27;[0;39m [&amp#27;[34mmain&amp#27;[0;39m] &amp#27;[33morg.springframework.beans.factory.support.DefaultSingletonBeanRegistry&amp#27;[0;39m: Creating shared instance of singleton bean 'methodValidationPostProcessor'
&amp#27;[30m2020-02-08 10:21:41,019&amp#27;[0;39m &amp#27;[39mDEBUG&amp#27;[0;39m [&amp#27;[34mmain&amp#27;[0;39m] &amp#27;[33morg.springframework.beans.factory.support.ConstructorResolver&amp#27;[0;39m: Autowiring by type from bean name 'methodValidationPostProcessor' via factory method to bean named 'environment'
&amp#27;[30m2020-02-08 10:21:41,026&amp#27;[0;39m &amp#27;[39mDEBUG&amp#27;[0;39m [&amp#27;[34mmain&amp#27;[0;39m] &amp#27;[33morg.springframework.beans.factory.support.DefaultSingletonBeanRegistry&amp#27;[0;39m: Creating shared instance of singleton bean 'dataSourceInitializerPostProcessor'
&amp#27;[30m2020-02-08 10:21:41,030&amp#27;[0;39m &amp#27;[39mDEBUG&amp#27;[0;39m [&amp#27;[34mmain&amp#27;[0;39m] &amp#27;[33morg.springframework.beans.factory.support.DefaultSingletonBeanRegistry&amp#27;[0;39m: Creating shared instance of singleton bean 'persistenceExceptionTranslationPostProcessor'
&amp#27;[30m2020-02-08 10:21:41,032&amp#27;[0;39m &amp#27;[39mDEBUG&amp#27;[0;39m [&amp#27;[34mmain&amp#27;[0;39m] &amp#27;[33morg.springframework.beans.factory.support.ConstructorResolver&amp#27;[0;39m: Autowiring by type from bean name 'persistenceExceptionTranslationPostProcessor' via factory method to bean named 'environment'
&amp#27;[30m2020-02-08 10:21:41,038&amp#27;[0;39m &amp#27;[39mDEBUG&amp#27;[0;39m [&amp#27;[34mmain&amp#27;[0;39m] &amp#27;[33morg.springframework.beans.factory.support.DefaultSingletonBeanRegistry&amp#27;[0;39m: Creating shared instance of singleton bean 'webServerFactoryCustomizerBeanPostProcessor'
&amp#27;[30m2020-02-08 10:21:41,041&amp#27;[0;39m &amp#27;[39mDEBUG&amp#27;[0;39m [&amp#27;[34mmain&amp#27;[0;39m] &amp#27;[33morg.springframework.beans.factory.support.DefaultSingletonBeanRegistry&amp#27;[0;39m: Creating shared instance of singleton bean 'errorPageRegistrarBeanPostProcessor'
&amp#27;[30m2020-02-08 10:21:41,061&amp#27;[0;39m &amp#27;[39mDEBUG&amp#27;[0;39m [&amp#27;[34mmain&amp#27;[0;39m] &amp#27;[33morg.springframework.beans.factory.support.DefaultSingletonBeanRegistry&amp#27;[0;39m: Creating shared instance of singleton bean 'dataSourceInitializedPublisher'
&amp#27;[30m2020-02-08 10:21:41,064&amp#27;[0;39m &amp#27;[39mDEBUG&amp#27;[0;39m [&amp#27;[34mmain&amp#27;[0;39m] &amp#27;[33morg.springframework.beans.factory.support.DefaultSingletonBeanRegistry&amp#27;[0;39m: Creating shared instance of singleton bean 'projectingArgumentResolverBeanPostProcessor'
&amp#27;[30m2020-02-08 10:21:41,066&amp#27;[0;39m &amp#27;[39mDEBUG&amp#27;[0;39m [&amp#27;[34mmain&amp#27;[0;39m] &amp#27;[33morg.springframework.beans.factory.support.DefaultSingletonBeanRegistry&amp#27;[0;39m: Creating shared instance of singleton bean 'org.springframework.transaction.config.internalTransactionAdvisor'
&amp#27;[30m2020-02-08 10:21:41,066&amp#27;[0;39m &amp#27;[39mDEBUG&amp#27;[0;39m [&amp#27;[34mmain&amp#27;[0;39m] &amp#27;[33morg.springframework.beans.factory.support.DefaultSingletonBeanRegistry&amp#27;[0;39m: Creating shared instance of singleton bean 'org.springframework.transaction.annotation.ProxyTransactionManagementConfiguration'
&amp#27;[30m2020-02-08 10:21:41,066&amp#27;[0;39m &amp#27;[39mDEBUG&amp#27;[0;39m [&amp#27;[34mmain&amp#27;[0;39m] &amp#27;[33morg.springframework.beans.factory.support.DefaultSingletonBeanRegistry&amp#27;[0;39m: Creating shared instance of singleton bean 'metaDataSourceAdvisor'
&amp#27;[30m2020-02-08 10:21:41,067&amp#27;[0;39m &amp#27;[39mDEBUG&amp#27;[0;39m [&amp#27;[34mmain&amp#27;[0;39m] &amp#27;[33morg.springframework.beans.factory.support.DefaultSingletonBeanRegistry&amp#27;[0;39m: Creating shared instance of singleton bean 'methodSecurityMetadataSource'
&amp#27;[30m2020-02-08 10:21:41,067&amp#27;[0;39m &amp#27;[39mDEBUG&amp#27;[0;39m [&amp#27;[34mmain&amp#27;[0;39m] &amp#27;[33morg.springframework.beans.factory.support.DefaultSingletonBeanRegistry&amp#27;[0;39m: Creating shared instance of singleton bean 'org.springframework.security.config.annotation.method.configuration.GlobalMethodSecurityConfiguration'
&amp#27;[30m2020-02-08 10:21:41,093&amp#27;[0;39m &amp#27;[39mDEBUG&amp#27;[0;39m [&amp#27;[34mmain&amp#27;[0;39m] &amp#27;[33morg.springframework.beans.factory.support.DefaultSingletonBeanRegistry&amp#27;[0;39m: Creating shared instance of singleton bean 'objectPostProcessor'
&amp#27;[30m2020-02-08 10:21:41,098&amp#27;[0;39m &amp#27;[39mDEBUG&amp#27;[0;39m [&amp#27;[34mmain&amp#27;[0;39m] &amp#27;[33morg.springframework.beans.factory.support.DefaultSingletonBeanRegistry&amp#27;[0;39m: Creating shared instance of singleton bean 'org.springframework.security.config.annotation.configuration.ObjectPostProcessorConfiguration'
&amp#27;[30m2020-02-08 10:21:41,103&amp#27;[0;39m &amp#27;[34mINFO &amp#27;[0;39m [&amp#27;[34mmain&amp#27;[0;39m] &amp#27;[33morg.springframework.context.support.PostProcessorRegistrationDelegate$BeanPostProcessorChecker&amp#27;[0;39m: Bean 'org.springframework.security.config.annotation.configuration.ObjectPostProcessorConfiguration' of type [org.springframework.security.config.annotation.configuration.ObjectPostProcessorConfiguration$$EnhancerBySpringCGLIB$$6f1ba0a5] is not eligible for getting processed by all BeanPostProcessors (for example: not eligible for auto-proxying)
&amp#27;[30m2020-02-08 10:21:41,105&amp#27;[0;39m &amp#27;[39mDEBUG&amp#27;[0;39m [&amp#27;[34mmain&amp#27;[0;39m] &amp#27;[33morg.springframework.beans.factory.support.ConstructorResolver&amp#27;[0;39m: Autowiring by type from bean name 'objectPostProcessor' via factory method to bean named 'org.springframework.beans.factory.support.DefaultListableBeanFactory@3fb54673'
&amp#27;[30m2020-02-08 10:21:41,116&amp#27;[0;39m &amp#27;[34mINFO &amp#27;[0;39m [&amp#27;[34mmain&amp#27;[0;39m] &amp#27;[33morg.springframework.context.support.PostProcessorRegistrationDelegate$BeanPostProcessorChecker&amp#27;[0;39m: Bean 'objectPostProcessor' of type [org.springframework.security.config.annotation.configuration.AutowireBeanFactoryObjectPostProcessor] is not eligible for getting processed by all BeanPostProcessors (for example: not eligible for auto-proxying)
&amp#27;[30m2020-02-08 10:21:41,117&amp#27;[0;39m &amp#27;[34mINFO &amp#27;[0;39m [&amp#27;[34mmain&amp#27;[0;39m] &amp#27;[33morg.springframework.context.support.PostProcessorRegistrationDelegate$BeanPostProcessorChecker&amp#27;[0;39m: Bean 'org.springframework.security.access.expression.method.DefaultMethodSecurityExpressionHandler@3020f22' of type [org.springframework.security.access.expression.method.DefaultMethodSecurityExpressionHandler] is not eligible for getting processed by all BeanPostProcessors (for example: not eligible for auto-proxying)
&amp#27;[30m2020-02-08 10:21:41,127&amp#27;[0;39m &amp#27;[34mINFO &amp#27;[0;39m [&amp#27;[34mmain&amp#27;[0;39m] &amp#27;[33morg.springframework.context.support.PostProcessorRegistrationDelegate$BeanPostProcessorChecker&amp#27;[0;39m: Bean 'org.springframework.security.config.annotation.method.configuration.GlobalMethodSecurityConfiguration' of type [org.springframework.security.config.annotation.method.configuration.GlobalMethodSecurityConfiguration$$EnhancerBySpringCGLIB$$93f04357] is not eligible for getting processed by all BeanPostProcessors (for example: not eligible for auto-proxying)
&amp#27;[30m2020-02-08 10:21:41,133&amp#27;[0;39m &amp#27;[34mINFO &amp#27;[0;39m [&amp#27;[34mmain&amp#27;[0;39m] &amp#27;[33morg.springframework.context.support.PostProcessorRegistrationDelegate$BeanPostProcessorChecker&amp#27;[0;39m: Bean 'methodSecurityMetadataSource' of type [org.springframework.security.access.method.DelegatingMethodSecurityMetadataSource] is not eligible for getting processed by all BeanPostProcessors (for example: not eligible for auto-proxying)
&amp#27;[30m2020-02-08 10:21:41,148&amp#27;[0;39m &amp#27;[34mINFO &amp#27;[0;39m [&amp#27;[34mmain&amp#27;[0;39m] &amp#27;[33morg.springframework.context.support.PostProcessorRegistrationDelegate$BeanPostProcessorChecker&amp#27;[0;39m: Bean 'org.springframework.transaction.annotation.ProxyTransactionManagementConfiguration' of type [org.springframework.transaction.annotation.ProxyTransactionManagementConfiguration$$EnhancerBySpringCGLIB$$d66dd86b] is not eligible for getting processed by all BeanPostProcessors (for example: not eligible for auto-proxying)
&amp#27;[30m2020-02-08 10:21:41,151&amp#27;[0;39m &amp#27;[39mDEBUG&amp#27;[0;39m [&amp#27;[34mmain&amp#27;[0;39m] &amp#27;[33morg.springframework.beans.factory.support.DefaultSingletonBeanRegistry&amp#27;[0;39m: Creating shared instance of singleton bean 'transactionAttributeSource'
&amp#27;[30m2020-02-08 10:21:41,156&amp#27;[0;39m &amp#27;[39mDEBUG&amp#27;[0;39m [&amp#27;[34mmain&amp#27;[0;39m] &amp#27;[33morg.springframework.beans.factory.support.DefaultSingletonBeanRegistry&amp#27;[0;39m: Creating shared instance of singleton bean 'transactionInterceptor'
&amp#27;[30m2020-02-08 10:21:41,175&amp#27;[0;39m &amp#27;[39mDEBUG&amp#27;[0;39m [&amp#27;[34mmain&amp#27;[0;39m] &amp#27;[33morg.springframework.ui.context.support.UiApplicationContextUtils&amp#27;[0;39m: Unable to locate ThemeSource with name 'themeSource': using default [org.springframework.ui.context.support.ResourceBundleThemeSource@498d7c57]
&amp#27;[30m2020-02-08 10:21:41,176&amp#27;[0;39m &amp#27;[39mDEBUG&amp#27;[0;39m [&amp#27;[34mmain&amp#27;[0;39m] &amp#27;[33morg.springframework.beans.factory.support.DefaultSingletonBeanRegistry&amp#27;[0;39m: Creating shared instance of singleton bean 'tomcatServletWebServerFactory'
&amp#27;[30m2020-02-08 10:21:41,177&amp#27;[0;39m &amp#27;[39mDEBUG&amp#27;[0;39m [&amp#27;[34mmain&amp#27;[0;39m] &amp#27;[33morg.springframework.beans.factory.support.DefaultSingletonBeanRegistry&amp#27;[0;39m: Creating shared instance of singleton bean 'org.springframework.boot.autoconfigure.web.servlet.ServletWebServerFactoryConfiguration$EmbeddedTomcat'
&amp#27;[30m2020-02-08 10:21:41,200&amp#27;[0;39m &amp#27;[39mDEBUG&amp#27;[0;39m [&amp#27;[34mmain&amp#27;[0;39m] &amp#27;[33morg.springframework.beans.factory.support.DefaultSingletonBeanRegistry&amp#27;[0;39m: Creating shared instance of singleton bean 'websocketServletWebServerCustomizer'
&amp#27;[30m2020-02-08 10:21:41,201&amp#27;[0;39m &amp#27;[39mDEBUG&amp#27;[0;39m [&amp#27;[34mmain&amp#27;[0;39m] &amp#27;[33morg.springframework.beans.factory.support.DefaultSingletonBeanRegistry&amp#27;[0;39m: Creating shared instance of singleton bean 'org.springframework.boot.autoconfigure.websocket.servlet.WebSocketServletAutoConfiguration$TomcatWebSocketConfiguration'
&amp#27;[30m2020-02-08 10:21:41,208&amp#27;[0;39m &amp#27;[39mDEBUG&amp#27;[0;39m [&amp#27;[34mmain&amp#27;[0;39m] &amp#27;[33morg.springframework.beans.factory.support.DefaultSingletonBeanRegistry&amp#27;[0;39m: Creating shared instance of singleton bean 'servletWebServerFactoryCustomizer'
&amp#27;[30m2020-02-08 10:21:41,208&amp#27;[0;39m &amp#27;[39mDEBUG&amp#27;[0;39m [&amp#27;[34mmain&amp#27;[0;39m] &amp#27;[33morg.springframework.beans.factory.support.DefaultSingletonBeanRegistry&amp#27;[0;39m: Creating shared instance of singleton bean 'org.springframework.boot.autoconfigure.web.servlet.ServletWebServerFactoryAutoConfiguration'
&amp#27;[30m2020-02-08 10:21:41,220&amp#27;[0;39m &amp#27;[39mDEBUG&amp#27;[0;39m [&amp#27;[34mmain&amp#27;[0;39m] &amp#27;[33morg.springframework.beans.factory.support.DefaultSingletonBeanRegistry&amp#27;[0;39m: Creating shared instance of singleton bean 'server-org.springframework.boot.autoconfigure.web.ServerProperties'
&amp#27;[30m2020-02-08 10:21:41,233&amp#27;[0;39m &amp#27;[39mDEBUG&amp#27;[0;39m [&amp#27;[34mmain&amp#27;[0;39m] &amp#27;[33morg.springframework.beans.factory.support.ConstructorResolver&amp#27;[0;39m: Autowiring by type from bean name 'servletWebServerFactoryCustomizer' via factory method to bean named 'server-org.springframework.boot.autoconfigure.web.ServerProperties'
&amp#27;[30m2020-02-08 10:21:41,236&amp#27;[0;39m &amp#27;[39mDEBUG&amp#27;[0;39m [&amp#27;[34mmain&amp#27;[0;39m] &amp#27;[33morg.springframework.beans.factory.support.DefaultSingletonBeanRegistry&amp#27;[0;39m: Creating shared instance of singleton bean 'tomcatServletWebServerFactoryCustomizer'
&amp#27;[30m2020-02-08 10:21:41,238&amp#27;[0;39m &amp#27;[39mDEBUG&amp#27;[0;39m [&amp#27;[34mmain&amp#27;[0;39m] &amp#27;[33morg.springframework.beans.factory.support.ConstructorResolver&amp#27;[0;39m: Autowiring by type from bean name 'tomcatServletWebServerFactoryCustomizer' via factory method to bean named 'server-org.springframework.boot.autoconfigure.web.ServerProperties'
&amp#27;[30m2020-02-08 10:21:41,242&amp#27;[0;39m &amp#27;[39mDEBUG&amp#27;[0;39m [&amp#27;[34mmain&amp#27;[0;39m] &amp#27;[33morg.springframework.beans.factory.support.DefaultSingletonBeanRegistry&amp#27;[0;39m: Creating shared instance of singleton bean 'tomcatWebServerFactoryCustomizer'
&amp#27;[30m2020-02-08 10:21:41,242&amp#27;[0;39m &amp#27;[39mDEBUG&amp#27;[0;39m [&amp#27;[34mmain&amp#27;[0;39m] &amp#27;[33morg.springframework.beans.factory.support.DefaultSingletonBeanRegistry&amp#27;[0;39m: Creating shared instance of singleton bean 'org.springframework.boot.autoconfigure.web.embedded.EmbeddedWebServerFactoryCustomizerAutoConfiguration$TomcatWebServerFactoryCustomizerConfiguration'
&amp#27;[30m2020-02-08 10:21:41,249&amp#27;[0;39m &amp#27;[39mDEBUG&amp#27;[0;39m [&amp#27;[34mmain&amp#27;[0;39m] &amp#27;[33morg.springframework.beans.factory.support.ConstructorResolver&amp#27;[0;39m: Autowiring by type from bean name 'tomcatWebServerFactoryCustomizer' via factory method to bean named 'environment'
&amp#27;[30m2020-02-08 10:21:41,249&amp#27;[0;39m &amp#27;[39mDEBUG&amp#27;[0;39m [&amp#27;[34mmain&amp#27;[0;39m] &amp#27;[33morg.springframework.beans.factory.support.ConstructorResolver&amp#27;[0;39m: Autowiring by type from bean name 'tomcatWebServerFactoryCustomizer' via factory method to bean named 'server-org.springframework.boot.autoconfigure.web.ServerProperties'
&amp#27;[30m2020-02-08 10:21:41,254&amp#27;[0;39m &amp#27;[39mDEBUG&amp#27;[0;39m [&amp#27;[34mmain&amp#27;[0;39m] &amp#27;[33morg.springframework.beans.factory.support.DefaultSingletonBeanRegistry&amp#27;[0;39m: Creating shared instance of singleton bean 'localeCharsetMappingsCustomizer'
&amp#27;[30m2020-02-08 10:21:41,255&amp#27;[0;39m &amp#27;[39mDEBUG&amp#27;[0;39m [&amp#27;[34mmain&amp#27;[0;39m] &amp#27;[33morg.springframework.beans.factory.support.DefaultSingletonBeanRegistry&amp#27;[0;39m: Creating shared instance of singleton bean 'org.springframework.boot.autoconfigure.web.servlet.HttpEncodingAutoConfiguration'
&amp#27;[30m2020-02-08 10:21:41,255&amp#27;[0;39m &amp#27;[39mDEBUG&amp#27;[0;39m [&amp#27;[34mmain&amp#27;[0;39m] &amp#27;[33morg.springframework.core.LocalVariableTableParameterNameDiscoverer&amp#27;[0;39m: Cannot find '.class' file for class [class org.springframework.boot.autoconfigure.web.servlet.HttpEncodingAutoConfiguration$$EnhancerBySpringCGLIB$$a9c28f0d] - unable to determine constructor/method parameter names
&amp#27;[30m2020-02-08 10:21:41,257&amp#27;[0;39m &amp#27;[39mDEBUG&amp#27;[0;39m [&amp#27;[34mmain&amp#27;[0;39m] &amp#27;[33morg.springframework.beans.factory.support.DefaultSingletonBeanRegistry&amp#27;[0;39m: Creating shared instance of singleton bean 'spring.http-org.springframework.boot.autoconfigure.http.HttpProperties'
&amp#27;[30m2020-02-08 10:21:41,261&amp#27;[0;39m &amp#27;[39mDEBUG&amp#27;[0;39m [&amp#27;[34mmain&amp#27;[0;39m] &amp#27;[33morg.springframework.beans.factory.support.ConstructorResolver&amp#27;[0;39m: Autowiring by type from bean name 'org.springframework.boot.autoconfigure.web.servlet.HttpEncodingAutoConfiguration' via constructor to bean named 'spring.http-org.springframework.boot.autoconfigure.http.HttpProperties'
&amp#27;[30m2020-02-08 10:21:41,271&amp#27;[0;39m &amp#27;[39mDEBUG&amp#27;[0;39m [&amp#27;[34mmain&amp#27;[0;39m] &amp#27;[33morg.springframework.beans.factory.support.DefaultSingletonBeanRegistry&amp#27;[0;39m: Creating shared instance of singleton bean 'errorPageCustomizer'
&amp#27;[30m2020-02-08 10:21:41,272&amp#27;[0;39m &amp#27;[39mDEBUG&amp#27;[0;39m [&amp#27;[34mmain&amp#27;[0;39m] &amp#27;[33morg.springframework.beans.factory.support.DefaultSingletonBeanRegistry&amp#27;[0;39m: Creating shared instance of singleton bean 'org.springframework.boot.autoconfigure.web.servlet.error.ErrorMvcAutoConfiguration'
&amp#27;[30m2020-02-08 10:21:41,272&amp#27;[0;39m &amp#27;[39mDEBUG&amp#27;[0;39m [&amp#27;[34mmain&amp#27;[0;39m] &amp#27;[33morg.springframework.core.LocalVariableTableParameterNameDiscoverer&amp#27;[0;39m: Cannot find '.class' file for class [class org.springframework.boot.autoconfigure.web.servlet.error.ErrorMvcAutoConfiguration$$EnhancerBySpringCGLIB$$219ddf0] - unable to determine constructor/method parameter names
&amp#27;[30m2020-02-08 10:21:41,276&amp#27;[0;39m &amp#27;[39mDEBUG&amp#27;[0;39m [&amp#27;[34mmain&amp#27;[0;39m] &amp#27;[33morg.springframework.beans.factory.support.DefaultSingletonBeanRegistry&amp#27;[0;39m: Creating shared instance of singleton bean 'dispatcherServletRegistration'
&amp#27;[30m2020-02-08 10:21:41,276&amp#27;[0;39m &amp#27;[39mDEBUG&amp#27;[0;39m [&amp#27;[34mmain&amp#27;[0;39m] &amp#27;[33morg.springframework.beans.factory.support.DefaultSingletonBeanRegistry&amp#27;[0;39m: Creating shared instance of singleton bean 'org.springframework.boot.autoconfigure.web.servlet.DispatcherServletAutoConfiguration$DispatcherServletRegistrationConfiguration'
&amp#27;[30m2020-02-08 10:21:41,277&amp#27;[0;39m &amp#27;[39mDEBUG&amp#27;[0;39m [&amp#27;[34mmain&amp#27;[0;39m] &amp#27;[33morg.springframework.core.LocalVariableTableParameterNameDiscoverer&amp#27;[0;39m: Cannot find '.class' file for class [class org.springframework.boot.autoconfigure.web.servlet.DispatcherServletAutoConfiguration$DispatcherServletRegistrationConfiguration$$EnhancerBySpringCGLIB$$8874fcdb] - unable to determine constructor/method parameter names
&amp#27;[30m2020-02-08 10:21:41,279&amp#27;[0;39m &amp#27;[39mDEBUG&amp#27;[0;39m [&amp#27;[34mmain&amp#27;[0;39m] &amp#27;[33morg.springframework.beans.factory.support.DefaultSingletonBeanRegistry&amp#27;[0;39m: Creating shared instance of singleton bean 'spring.mvc-org.springframework.boot.autoconfigure.web.servlet.WebMvcProperties'
&amp#27;[30m2020-02-08 10:21:41,285&amp#27;[0;39m &amp#27;[39mDEBUG&amp#27;[0;39m [&amp#27;[34mmain&amp#27;[0;39m] &amp#27;[33morg.springframework.beans.factory.support.ConstructorResolver&amp#27;[0;39m: Autowiring by type from bean name 'org.springframework.boot.autoconfigure.web.servlet.DispatcherServletAutoConfiguration$DispatcherServletRegistrationConfiguration' via constructor to bean named 'spring.mvc-org.springframework.boot.autoconfigure.web.servlet.WebMvcProperties'
&amp#27;[30m2020-02-08 10:21:41,287&amp#27;[0;39m &amp#27;[39mDEBUG&amp#27;[0;39m [&amp#27;[34mmain&amp#27;[0;39m] &amp#27;[33morg.springframework.beans.factory.support.DefaultSingletonBeanRegistry&amp#27;[0;39m: Creating shared instance of singleton bean 'multipartConfigElement'
&amp#27;[30m2020-02-08 10:21:41,287&amp#27;[0;39m &amp#27;[39mDEBUG&amp#27;[0;39m [&amp#27;[34mmain&amp#27;[0;39m] &amp#27;[33morg.springframework.beans.factory.support.DefaultSingletonBeanRegistry&amp#27;[0;39m: Creating shared instance of singleton bean 'org.springframework.boot.autoconfigure.web.servlet.MultipartAutoConfiguration'
&amp#27;[30m2020-02-08 10:21:41,288&amp#27;[0;39m &amp#27;[39mDEBUG&amp#27;[0;39m [&amp#27;[34mmain&amp#27;[0;39m] &amp#27;[33morg.springframework.core.LocalVariableTableParameterNameDiscoverer&amp#27;[0;39m: Cannot find '.class' file for class [class org.springframework.boot.autoconfigure.web.servlet.MultipartAutoConfiguration$$EnhancerBySpringCGLIB$$18b3171a] - unable to determine constructor/method parameter names
&amp#27;[30m2020-02-08 10:21:41,299&amp#27;[0;39m &amp#27;[39mDEBUG&amp#27;[0;39m [&amp#27;[34mmain&amp#27;[0;39m] &amp#27;[33morg.springframework.beans.factory.support.DefaultSingletonBeanRegistry&amp#27;[0;39m: Creating shared instance of singleton bean 'spring.servlet.multipart-org.springframework.boot.autoconfigure.web.servlet.MultipartProperties'
&amp#27;[30m2020-02-08 10:21:41,305&amp#27;[0;39m &amp#27;[39mDEBUG&amp#27;[0;39m [&amp#27;[34mmain&amp#27;[0;39m] &amp#27;[33morg.springframework.beans.factory.support.ConstructorResolver&amp#27;[0;39m: Autowiring by type from bean name 'org.springframework.boot.autoconfigure.web.servlet.MultipartAutoConfiguration' via constructor to bean named 'spring.servlet.multipart-org.springframework.boot.autoconfigure.web.servlet.MultipartProperties'
&amp#27;[30m2020-02-08 10:21:41,326&amp#27;[0;39m &amp#27;[39mDEBUG&amp#27;[0;39m [&amp#27;[34mmain&amp#27;[0;39m] &amp#27;[33morg.springframework.beans.factory.support.DefaultSingletonBeanRegistry&amp#27;[0;39m: Creating shared instance of singleton bean 'dispatcherServlet'
&amp#27;[30m2020-02-08 10:21:41,327&amp#27;[0;39m &amp#27;[39mDEBUG&amp#27;[0;39m [&amp#27;[34mmain&amp#27;[0;39m] &amp#27;[33morg.springframework.beans.factory.support.DefaultSingletonBeanRegistry&amp#27;[0;39m: Creating shared instance of singleton bean 'org.springframework.boot.autoconfigure.web.servlet.DispatcherServletAutoConfiguration$DispatcherServletConfiguration'
&amp#27;[30m2020-02-08 10:21:41,331&amp#27;[0;39m &amp#27;[39mDEBUG&amp#27;[0;39m [&amp#27;[34mmain&amp#27;[0;39m] &amp#27;[33morg.springframework.core.LocalVariableTableParameterNameDiscoverer&amp#27;[0;39m: Cannot find '.class' file for class [class org.springframework.boot.autoconfigure.web.servlet.DispatcherServletAutoConfiguration$DispatcherServletConfiguration$$EnhancerBySpringCGLIB$$266d6834] - unable to determine constructor/method parameter names
&amp#27;[30m2020-02-08 10:21:41,334&amp#27;[0;39m &amp#27;[39mDEBUG&amp#27;[0;39m [&amp#27;[34mmain&amp#27;[0;39m] &amp#27;[33morg.springframework.beans.factory.support.ConstructorResolver&amp#27;[0;39m: Autowiring by type from bean name 'org.springframework.boot.autoconfigure.web.servlet.DispatcherServletAutoConfiguration$DispatcherServletConfiguration' via constructor to bean named 'spring.http-org.springframework.boot.autoconfigure.http.HttpProperties'
&amp#27;[30m2020-02-08 10:21:41,334&amp#27;[0;39m &amp#27;[39mDEBUG&amp#27;[0;39m [&amp#27;[34mmain&amp#27;[0;39m] &amp#27;[33morg.springframework.beans.factory.support.ConstructorResolver&amp#27;[0;39m: Autowiring by type from bean name 'org.springframework.boot.autoconfigure.web.servlet.DispatcherServletAutoConfiguration$DispatcherServletConfiguration' via constructor to bean named 'spring.mvc-org.springframework.boot.autoconfigure.web.servlet.WebMvcProperties'
&amp#27;[30m2020-02-08 10:21:41,392&amp#27;[0;39m &amp#27;[39mDEBUG&amp#27;[0;39m [&amp#27;[34mmain&amp#27;[0;39m] &amp#27;[33morg.springframework.beans.factory.support.ConstructorResolver&amp#27;[0;39m: Autowiring by type from bean name 'dispatcherServletRegistration' via factory method to bean named 'dispatcherServlet'
&amp#27;[30m2020-02-08 10:21:41,443&amp#27;[0;39m &amp#27;[39mDEBUG&amp#27;[0;39m [&amp#27;[34mmain&amp#27;[0;39m] &amp#27;[33morg.springframework.beans.factory.support.ConstructorResolver&amp#27;[0;39m: Autowiring by type from bean name 'org.springframework.boot.autoconfigure.web.servlet.error.ErrorMvcAutoConfiguration' via constructor to bean named 'server-org.springframework.boot.autoconfigure.web.ServerProperties'
&amp#27;[30m2020-02-08 10:21:41,443&amp#27;[0;39m &amp#27;[39mDEBUG&amp#27;[0;39m [&amp#27;[34mmain&amp#27;[0;39m] &amp#27;[33morg.springframework.beans.factory.support.ConstructorResolver&amp#27;[0;39m: Autowiring by type from bean name 'org.springframework.boot.autoconfigure.web.servlet.error.ErrorMvcAutoConfiguration' via constructor to bean named 'dispatcherServletRegistration'
&amp#27;[30m2020-02-08 10:21:41,444&amp#27;[0;39m &amp#27;[39mDEBUG&amp#27;[0;39m [&amp#27;[34mmain&amp#27;[0;39m] &amp#27;[33morg.springframework.beans.factory.support.DefaultSingletonBeanRegistry&amp#27;[0;39m: Creating shared instance of singleton bean 'conventionErrorViewResolver'
&amp#27;[30m2020-02-08 10:21:41,445&amp#27;[0;39m &amp#27;[39mDEBUG&amp#27;[0;39m [&amp#27;[34mmain&amp#27;[0;39m] &amp#27;[33morg.springframework.beans.factory.support.DefaultSingletonBeanRegistry&amp#27;[0;39m: Creating shared instance of singleton bean 'org.springframework.boot.autoconfigure.web.servlet.error.ErrorMvcAutoConfiguration$DefaultErrorViewResolverConfiguration'
&amp#27;[30m2020-02-08 10:21:41,446&amp#27;[0;39m &amp#27;[39mDEBUG&amp#27;[0;39m [&amp#27;[34mmain&amp#27;[0;39m] &amp#27;[33morg.springframework.core.LocalVariableTableParameterNameDiscoverer&amp#27;[0;39m: Cannot find '.class' file for class [class org.springframework.boot.autoconfigure.web.servlet.error.ErrorMvcAutoConfiguration$DefaultErrorViewResolverConfiguration$$EnhancerBySpringCGLIB$$16aeb290] - unable to determine constructor/method parameter names
&amp#27;[30m2020-02-08 10:21:41,448&amp#27;[0;39m &amp#27;[39mDEBUG&amp#27;[0;39m [&amp#27;[34mmain&amp#27;[0;39m] &amp#27;[33morg.springframework.beans.factory.support.DefaultSingletonBeanRegistry&amp#27;[0;39m: Creating shared instance of singleton bean 'spring.resources-org.springframework.boot.autoconfigure.web.ResourceProperties'
&amp#27;[30m2020-02-08 10:21:41,458&amp#27;[0;39m &amp#27;[39mDEBUG&amp#27;[0;39m [&amp#27;[34mmain&amp#27;[0;39m] &amp#27;[33morg.springframework.beans.factory.support.ConstructorResolver&amp#27;[0;39m: Autowiring by type from bean name 'org.springframework.boot.autoconfigure.web.servlet.error.ErrorMvcAutoConfiguration$DefaultErrorViewResolverConfiguration' via constructor to bean named 'org.springframework.boot.web.servlet.context.AnnotationConfigServletWebServerApplicationContext@6ae1d5f1'
&amp#27;[30m2020-02-08 10:21:41,459&amp#27;[0;39m &amp#27;[39mDEBUG&amp#27;[0;39m [&amp#27;[34mmain&amp#27;[0;39m] &amp#27;[33morg.springframework.beans.factory.support.ConstructorResolver&amp#27;[0;39m: Autowiring by type from bean name 'org.springframework.boot.autoconfigure.web.servlet.error.ErrorMvcAutoConfiguration$DefaultErrorViewResolverConfiguration' via constructor to bean named 'spring.resources-org.springframework.boot.autoconfigure.web.ResourceProperties'
&amp#27;[30m2020-02-08 10:21:41,496&amp#27;[0;39m &amp#27;[39mDEBUG&amp#27;[0;39m [&amp#27;[34mmain&amp#27;[0;39m] &amp#27;[33morg.springframework.boot.web.servlet.server.DocumentRoot&amp#27;[0;39m: Code archive: /home/vinod/.m2/repository/org/springframework/boot/spring-boot/2.1.5.RELEASE/spring-boot-2.1.5.RELEASE.jar
&amp#27;[30m2020-02-08 10:21:41,496&amp#27;[0;39m &amp#27;[39mDEBUG&amp#27;[0;39m [&amp#27;[34mmain&amp#27;[0;39m] &amp#27;[33morg.springframework.boot.web.servlet.server.DocumentRoot&amp#27;[0;39m: Code archive: /home/vinod/.m2/repository/org/springframework/boot/spring-boot/2.1.5.RELEASE/spring-boot-2.1.5.RELEASE.jar
&amp#27;[30m2020-02-08 10:21:41,496&amp#27;[0;39m &amp#27;[39mDEBUG&amp#27;[0;39m [&amp#27;[34mmain&amp#27;[0;39m] &amp#27;[33morg.springframework.boot.web.servlet.server.DocumentRoot&amp#27;[0;39m: None of the document roots [src/main/webapp, public, static] point to a directory and will be ignored.
&amp#27;[30m2020-02-08 10:21:41,519&amp#27;[0;39m &amp#27;[34mINFO &amp#27;[0;39m [&amp#27;[34mmain&amp#27;[0;39m] &amp#27;[33morg.springframework.boot.web.embedded.tomcat.TomcatWebServer&amp#27;[0;39m: Tomcat initialized with port(s): 0 (http)
&amp#27;[30m2020-02-08 10:21:41,521&amp#27;[0;39m &amp#27;[34mINFO &amp#27;[0;39m [&amp#27;[34mmain&amp#27;[0;39m] &amp#27;[33morg.apache.juli.logging.DirectJDKLog&amp#27;[0;39m: Initializing ProtocolHandler ["http-nio-auto-3"]
&amp#27;[30m2020-02-08 10:21:41,522&amp#27;[0;39m &amp#27;[34mINFO &amp#27;[0;39m [&amp#27;[34mmain&amp#27;[0;39m] &amp#27;[33morg.apache.juli.logging.DirectJDKLog&amp#27;[0;39m: Starting service [Tomcat]
&amp#27;[30m2020-02-08 10:21:41,522&amp#27;[0;39m &amp#27;[34mINFO &amp#27;[0;39m [&amp#27;[34mmain&amp#27;[0;39m] &amp#27;[33morg.apache.juli.logging.DirectJDKLog&amp#27;[0;39m: Starting Servlet engine: [Apache Tomcat/9.0.19]
&amp#27;[30m2020-02-08 10:21:41,582&amp#27;[0;39m &amp#27;[34mINFO &amp#27;[0;39m [&amp#27;[34mmain&amp#27;[0;39m] &amp#27;[33morg.apache.juli.logging.DirectJDKLog&amp#27;[0;39m: Initializing Spring embedded WebApplicationContext
&amp#27;[30m2020-02-08 10:21:41,582&amp#27;[0;39m &amp#27;[39mDEBUG&amp#27;[0;39m [&amp#27;[34mmain&amp#27;[0;39m] &amp#27;[33morg.springframework.boot.web.servlet.context.ServletWebServerApplicationContext&amp#27;[0;39m: Published root WebApplicationContext as ServletContext attribute with name [org.springframework.web.context.WebApplicationContext.ROOT]
&amp#27;[30m2020-02-08 10:21:41,582&amp#27;[0;39m &amp#27;[34mINFO &amp#27;[0;39m [&amp#27;[34mmain&amp#27;[0;39m] &amp#27;[33morg.springframework.boot.web.servlet.context.ServletWebServerApplicationContext&amp#27;[0;39m: Root WebApplicationContext: initialization completed in 938 ms
&amp#27;[30m2020-02-08 10:21:41,584&amp#27;[0;39m &amp#27;[39mDEBUG&amp#27;[0;39m [&amp#27;[34mmain&amp#27;[0;39m] &amp#27;[33morg.springframework.beans.factory.support.DefaultSingletonBeanRegistry&amp#27;[0;39m: Creating shared instance of singleton bean 'h2Console'
&amp#27;[30m2020-02-08 10:21:41,585&amp#27;[0;39m &amp#27;[39mDEBUG&amp#27;[0;39m [&amp#27;[34mmain&amp#27;[0;39m] &amp#27;[33morg.springframework.beans.factory.support.DefaultSingletonBeanRegistry&amp#27;[0;39m: Creating shared instance of singleton bean 'org.springframework.boot.autoconfigure.h2.H2ConsoleAutoConfiguration'
&amp#27;[30m2020-02-08 10:21:41,586&amp#27;[0;39m &amp#27;[39mDEBUG&amp#27;[0;39m [&amp#27;[34mmain&amp#27;[0;39m] &amp#27;[33morg.springframework.core.LocalVariableTableParameterNameDiscoverer&amp#27;[0;39m: Cannot find '.class' file for class [class org.springframework.boot.autoconfigure.h2.H2ConsoleAutoConfiguration$$EnhancerBySpringCGLIB$$a6065ea2] - unable to determine constructor/method parameter names
&amp#27;[30m2020-02-08 10:21:41,602&amp#27;[0;39m &amp#27;[39mDEBUG&amp#27;[0;39m [&amp#27;[34mmain&amp#27;[0;39m] &amp#27;[33morg.springframework.beans.factory.support.DefaultSingletonBeanRegistry&amp#27;[0;39m: Creating shared instance of singleton bean 'spring.h2.console-org.springframework.boot.autoconfigure.h2.H2ConsoleProperties'
&amp#27;[30m2020-02-08 10:21:41,610&amp#27;[0;39m &amp#27;[39mDEBUG&amp#27;[0;39m [&amp#27;[34mmain&amp#27;[0;39m] &amp#27;[33morg.springframework.beans.factory.support.ConstructorResolver&amp#27;[0;39m: Autowiring by type from bean name 'org.springframework.boot.autoconfigure.h2.H2ConsoleAutoConfiguration' via constructor to bean named 'spring.h2.console-org.springframework.boot.autoconfigure.h2.H2ConsoleProperties'
&amp#27;[30m2020-02-08 10:21:41,673&amp#27;[0;39m &amp#27;[39mDEBUG&amp#27;[0;39m [&amp#27;[34mmain&amp#27;[0;39m] &amp#27;[33morg.springframework.beans.factory.support.DefaultSingletonBeanRegistry&amp#27;[0;39m: Creating shared instance of singleton bean 'securityFilterChainRegistration'
&amp#27;[30m2020-02-08 10:21:41,674&amp#27;[0;39m &amp#27;[39mDEBUG&amp#27;[0;39m [&amp#27;[34mmain&amp#27;[0;39m] &amp#27;[33morg.springframework.beans.factory.support.DefaultSingletonBeanRegistry&amp#27;[0;39m: Creating shared instance of singleton bean 'org.springframework.boot.autoconfigure.security.servlet.SecurityFilterAutoConfiguration'
&amp#27;[30m2020-02-08 10:21:41,700&amp#27;[0;39m &amp#27;[39mDEBUG&amp#27;[0;39m [&amp#27;[34mmain&amp#27;[0;39m] &amp#27;[33morg.springframework.beans.factory.support.DefaultSingletonBeanRegistry&amp#27;[0;39m: Creating shared instance of singleton bean 'spring.security-org.springframework.boot.autoconfigure.security.SecurityProperties'
&amp#27;[30m2020-02-08 10:21:41,704&amp#27;[0;39m &amp#27;[39mDEBUG&amp#27;[0;39m [&amp#27;[34mmain&amp#27;[0;39m] &amp#27;[33morg.springframework.beans.factory.support.ConstructorResolver&amp#27;[0;39m: Autowiring by type from bean name 'securityFilterChainRegistration' via factory method to bean named 'spring.security-org.springframework.boot.autoconfigure.security.SecurityProperties'
&amp#27;[30m2020-02-08 10:21:41,722&amp#27;[0;39m &amp#27;[39mDEBUG&amp#27;[0;39m [&amp#27;[34mmain&amp#27;[0;39m] &amp#27;[33morg.springframework.beans.factory.support.DefaultSingletonBeanRegistry&amp#27;[0;39m: Creating shared instance of singleton bean 'requestContextFilter'
&amp#27;[30m2020-02-08 10:21:41,750&amp#27;[0;39m &amp#27;[39mDEBUG&amp#27;[0;39m [&amp#27;[34mmain&amp#27;[0;39m] &amp#27;[33morg.springframework.beans.factory.support.DefaultSingletonBeanRegistry&amp#27;[0;39m: Creating shared instance of singleton bean 'hiddenHttpMethodFilter'
&amp#27;[30m2020-02-08 10:21:41,751&amp#27;[0;39m &amp#27;[39mDEBUG&amp#27;[0;39m [&amp#27;[34mmain&amp#27;[0;39m] &amp#27;[33morg.springframework.beans.factory.support.DefaultSingletonBeanRegistry&amp#27;[0;39m: Creating shared instance of singleton bean 'org.springframework.boot.autoconfigure.web.servlet.WebMvcAutoConfiguration'
&amp#27;[30m2020-02-08 10:21:41,809&amp#27;[0;39m &amp#27;[39mDEBUG&amp#27;[0;39m [&amp#27;[34mmain&amp#27;[0;39m] &amp#27;[33morg.springframework.beans.factory.support.DefaultSingletonBeanRegistry&amp#27;[0;39m: Creating shared instance of singleton bean 'formContentFilter'
&amp#27;[30m2020-02-08 10:21:41,849&amp#27;[0;39m &amp#27;[39mDEBUG&amp#27;[0;39m [&amp#27;[34mmain&amp#27;[0;39m] &amp#27;[33morg.springframework.beans.factory.support.DefaultSingletonBeanRegistry&amp#27;[0;39m: Creating shared instance of singleton bean 'characterEncodingFilter'
&amp#27;[30m2020-02-08 10:21:41,871&amp#27;[0;39m &amp#27;[39mDEBUG&amp#27;[0;39m [&amp#27;[34mmain&amp#27;[0;39m] &amp#27;[33morg.springframework.boot.web.servlet.ServletContextInitializerBeans&amp#27;[0;39m: Mapping filters: springSecurityFilterChain urls=[/*], characterEncodingFilter urls=[/*], hiddenHttpMethodFilter urls=[/*], formContentFilter urls=[/*], requestContextFilter urls=[/*]
&amp#27;[30m2020-02-08 10:21:41,872&amp#27;[0;39m &amp#27;[39mDEBUG&amp#27;[0;39m [&amp#27;[34mmain&amp#27;[0;39m] &amp#27;[33morg.springframework.boot.web.servlet.ServletContextInitializerBeans&amp#27;[0;39m: Mapping servlets: dispatcherServlet urls=[/], webServlet urls=[/h2-console/*]
&amp#27;[30m2020-02-08 10:21:41,874&amp#27;[0;39m &amp#27;[39mDEBUG&amp#27;[0;39m [&amp#27;[34mmain&amp#27;[0;39m] &amp#27;[33morg.springframework.web.filter.GenericFilterBean&amp#27;[0;39m: Filter 'requestContextFilter' configured for use
&amp#27;[30m2020-02-08 10:21:41,878&amp#27;[0;39m &amp#27;[39mDEBUG&amp#27;[0;39m [&amp#27;[34mmain&amp#27;[0;39m] &amp#27;[33morg.springframework.web.filter.GenericFilterBean&amp#27;[0;39m: Filter 'hiddenHttpMethodFilter' configured for use
&amp#27;[30m2020-02-08 10:21:41,878&amp#27;[0;39m &amp#27;[39mDEBUG&amp#27;[0;39m [&amp#27;[34mmain&amp#27;[0;39m] &amp#27;[33morg.springframework.web.filter.GenericFilterBean&amp#27;[0;39m: Filter 'characterEncodingFilter' configured for use
&amp#27;[30m2020-02-08 10:21:41,881&amp#27;[0;39m &amp#27;[39mDEBUG&amp#27;[0;39m [&amp#27;[34mmain&amp#27;[0;39m] &amp#27;[33morg.springframework.web.filter.GenericFilterBean&amp#27;[0;39m: Filter 'springSecurityFilterChain' configured for use
&amp#27;[30m2020-02-08 10:21:41,882&amp#27;[0;39m &amp#27;[39mDEBUG&amp#27;[0;39m [&amp#27;[34mmain&amp#27;[0;39m] &amp#27;[33morg.springframework.web.filter.GenericFilterBean&amp#27;[0;39m: Filter 'formContentFilter' configured for use
&amp#27;[30m2020-02-08 10:21:41,888&amp#27;[0;39m &amp#27;[39mDEBUG&amp#27;[0;39m [&amp#27;[34mmain&amp#27;[0;39m] &amp#27;[33morg.springframework.beans.factory.support.DefaultSingletonBeanRegistry&amp#27;[0;39m: Creating shared instance of singleton bean 'inMemoryDatabaseShutdownExecutor'
&amp#27;[30m2020-02-08 10:21:41,888&amp#27;[0;39m &amp#27;[39mDEBUG&amp#27;[0;39m [&amp#27;[34mmain&amp#27;[0;39m] &amp#27;[33morg.springframework.beans.factory.support.DefaultSingletonBeanRegistry&amp#27;[0;39m: Creating shared instance of singleton bean 'org.springframework.boot.devtools.autoconfigure.DevToolsDataSourceAutoConfiguration'
&amp#27;[30m2020-02-08 10:21:41,894&amp#27;[0;39m &amp#27;[39mDEBUG&amp#27;[0;39m [&amp#27;[34mmain&amp#27;[0;39m] &amp#27;[33morg.springframework.beans.factory.support.DefaultSingletonBeanRegistry&amp#27;[0;39m: Creating shared instance of singleton bean 'dataSource'
&amp#27;[30m2020-02-08 10:21:41,894&amp#27;[0;39m &amp#27;[39mDEBUG&amp#27;[0;39m [&amp#27;[34mmain&amp#27;[0;39m] &amp#27;[33morg.springframework.beans.factory.support.DefaultSingletonBeanRegistry&amp#27;[0;39m: Creating shared instance of singleton bean 'org.springframework.boot.autoconfigure.jdbc.DataSourceConfiguration$Hikari'
&amp#27;[30m2020-02-08 10:21:41,900&amp#27;[0;39m &amp#27;[39mDEBUG&amp#27;[0;39m [&amp#27;[34mmain&amp#27;[0;39m] &amp#27;[33morg.springframework.beans.factory.support.DefaultSingletonBeanRegistry&amp#27;[0;39m: Creating shared instance of singleton bean 'spring.datasource-org.springframework.boot.autoconfigure.jdbc.DataSourceProperties'
&amp#27;[30m2020-02-08 10:21:41,915&amp#27;[0;39m &amp#27;[39mDEBUG&amp#27;[0;39m [&amp#27;[34mmain&amp#27;[0;39m] &amp#27;[33morg.springframework.beans.factory.support.ConstructorResolver&amp#27;[0;39m: Autowiring by type from bean name 'dataSource' via factory method to bean named 'spring.datasource-org.springframework.boot.autoconfigure.jdbc.DataSourceProperties'
&amp#27;[30m2020-02-08 10:21:41,921&amp#27;[0;39m &amp#27;[39mDEBUG&amp#27;[0;39m [&amp#27;[34mmain&amp#27;[0;39m] &amp#27;[33mcom.zaxxer.hikari.HikariConfig&amp#27;[0;39m: Driver class org.h2.Driver found in Thread context class loader jdk.internal.loader.ClassLoaders$AppClassLoader@4b85612c
&amp#27;[30m2020-02-08 10:21:41,941&amp#27;[0;39m &amp#27;[39mDEBUG&amp#27;[0;39m [&amp#27;[34mmain&amp#27;[0;39m] &amp#27;[33morg.springframework.beans.factory.support.DefaultSingletonBeanRegistry&amp#27;[0;39m: Creating shared instance of singleton bean 'org.springframework.boot.autoconfigure.jdbc.DataSourceInitializerInvoker'
&amp#27;[30m2020-02-08 10:21:41,944&amp#27;[0;39m &amp#27;[39mDEBUG&amp#27;[0;39m [&amp#27;[34mmain&amp#27;[0;39m] &amp#27;[33morg.springframework.beans.factory.support.ConstructorResolver&amp#27;[0;39m: Autowiring by type from bean name 'org.springframework.boot.autoconfigure.jdbc.DataSourceInitializerInvoker' via constructor to bean named 'spring.datasource-org.springframework.boot.autoconfigure.jdbc.DataSourceProperties'
&amp#27;[30m2020-02-08 10:21:41,944&amp#27;[0;39m &amp#27;[39mDEBUG&amp#27;[0;39m [&amp#27;[34mmain&amp#27;[0;39m] &amp#27;[33morg.springframework.beans.factory.support.ConstructorResolver&amp#27;[0;39m: Autowiring by type from bean name 'org.springframework.boot.autoconfigure.jdbc.DataSourceInitializerInvoker' via constructor to bean named 'org.springframework.boot.web.servlet.context.AnnotationConfigServletWebServerApplicationContext@6ae1d5f1'
&amp#27;[30m2020-02-08 10:21:41,950&amp#27;[0;39m &amp#27;[39mDEBUG&amp#27;[0;39m [&amp#27;[34mmain&amp#27;[0;39m] &amp#27;[33morg.springframework.beans.factory.support.ConstructorResolver&amp#27;[0;39m: Autowiring by type from bean name 'inMemoryDatabaseShutdownExecutor' via factory method to bean named 'dataSource'
&amp#27;[30m2020-02-08 10:21:41,951&amp#27;[0;39m &amp#27;[39mDEBUG&amp#27;[0;39m [&amp#27;[34mmain&amp#27;[0;39m] &amp#27;[33morg.springframework.beans.factory.support.ConstructorResolver&amp#27;[0;39m: Autowiring by type from bean name 'inMemoryDatabaseShutdownExecutor' via factory method to bean named 'spring.datasource-org.springframework.boot.autoconfigure.jdbc.DataSourceProperties'
&amp#27;[30m2020-02-08 10:21:41,953&amp#27;[0;39m &amp#27;[39mDEBUG&amp#27;[0;39m [&amp#27;[34mmain&amp#27;[0;39m] &amp#27;[33morg.springframework.beans.factory.support.DefaultSingletonBeanRegistry&amp#27;[0;39m: Creating shared instance of singleton bean 'entityManagerFactory'
&amp#27;[30m2020-02-08 10:21:41,953&amp#27;[0;39m &amp#27;[39mDEBUG&amp#27;[0;39m [&amp#27;[34mmain&amp#27;[0;39m] &amp#27;[33morg.springframework.beans.factory.support.DefaultSingletonBeanRegistry&amp#27;[0;39m: Creating shared instance of singleton bean 'org.springframework.boot.autoconfigure.orm.jpa.HibernateJpaConfiguration'
&amp#27;[30m2020-02-08 10:21:41,954&amp#27;[0;39m &amp#27;[39mDEBUG&amp#27;[0;39m [&amp#27;[34mmain&amp#27;[0;39m] &amp#27;[33morg.springframework.core.LocalVariableTableParameterNameDiscoverer&amp#27;[0;39m: Cannot find '.class' file for class [class org.springframework.boot.autoconfigure.orm.jpa.HibernateJpaConfiguration$$EnhancerBySpringCGLIB$$f5449ada] - unable to determine constructor/method parameter names
&amp#27;[30m2020-02-08 10:21:41,957&amp#27;[0;39m &amp#27;[39mDEBUG&amp#27;[0;39m [&amp#27;[34mmain&amp#27;[0;39m] &amp#27;[33morg.springframework.beans.factory.support.DefaultSingletonBeanRegistry&amp#27;[0;39m: Creating shared instance of singleton bean 'spring.jpa-org.springframework.boot.autoconfigure.orm.jpa.JpaProperties'
&amp#27;[30m2020-02-08 10:21:41,970&amp#27;[0;39m &amp#27;[39mDEBUG&amp#27;[0;39m [&amp#27;[34mmain&amp#27;[0;39m] &amp#27;[33morg.springframework.beans.factory.support.DefaultSingletonBeanRegistry&amp#27;[0;39m: Creating shared instance of singleton bean 'spring.jpa.hibernate-org.springframework.boot.autoconfigure.orm.jpa.HibernateProperties'
&amp#27;[30m2020-02-08 10:21:41,978&amp#27;[0;39m &amp#27;[39mDEBUG&amp#27;[0;39m [&amp#27;[34mmain&amp#27;[0;39m] &amp#27;[33morg.springframework.beans.factory.support.ConstructorResolver&amp#27;[0;39m: Autowiring by type from bean name 'org.springframework.boot.autoconfigure.orm.jpa.HibernateJpaConfiguration' via constructor to bean named 'dataSource'
&amp#27;[30m2020-02-08 10:21:41,979&amp#27;[0;39m &amp#27;[39mDEBUG&amp#27;[0;39m [&amp#27;[34mmain&amp#27;[0;39m] &amp#27;[33morg.springframework.beans.factory.support.ConstructorResolver&amp#27;[0;39m: Autowiring by type from bean name 'org.springframework.boot.autoconfigure.orm.jpa.HibernateJpaConfiguration' via constructor to bean named 'spring.jpa-org.springframework.boot.autoconfigure.orm.jpa.JpaProperties'
&amp#27;[30m2020-02-08 10:21:41,979&amp#27;[0;39m &amp#27;[39mDEBUG&amp#27;[0;39m [&amp#27;[34mmain&amp#27;[0;39m] &amp#27;[33morg.springframework.beans.factory.support.ConstructorResolver&amp#27;[0;39m: Autowiring by type from bean name 'org.springframework.boot.autoconfigure.orm.jpa.HibernateJpaConfiguration' via constructor to bean named 'org.springframework.beans.factory.support.DefaultListableBeanFactory@3fb54673'
&amp#27;[30m2020-02-08 10:21:41,979&amp#27;[0;39m &amp#27;[39mDEBUG&amp#27;[0;39m [&amp#27;[34mmain&amp#27;[0;39m] &amp#27;[33morg.springframework.beans.factory.support.ConstructorResolver&amp#27;[0;39m: Autowiring by type from bean name 'org.springframework.boot.autoconfigure.orm.jpa.HibernateJpaConfiguration' via constructor to bean named 'spring.jpa.hibernate-org.springframework.boot.autoconfigure.orm.jpa.HibernateProperties'
&amp#27;[30m2020-02-08 10:21:41,981&amp#27;[0;39m &amp#27;[39mDEBUG&amp#27;[0;39m [&amp#27;[34mmain&amp#27;[0;39m] &amp#27;[33morg.springframework.beans.factory.support.DefaultSingletonBeanRegistry&amp#27;[0;39m: Creating shared instance of singleton bean 'platformTransactionManagerCustomizers'
&amp#27;[30m2020-02-08 10:21:41,982&amp#27;[0;39m &amp#27;[39mDEBUG&amp#27;[0;39m [&amp#27;[34mmain&amp#27;[0;39m] &amp#27;[33morg.springframework.beans.factory.support.DefaultSingletonBeanRegistry&amp#27;[0;39m: Creating shared instance of singleton bean 'org.springframework.boot.autoconfigure.transaction.TransactionAutoConfiguration'
&amp#27;[30m2020-02-08 10:21:41,989&amp#27;[0;39m &amp#27;[39mDEBUG&amp#27;[0;39m [&amp#27;[34mmain&amp#27;[0;39m] &amp#27;[33morg.springframework.beans.factory.support.DefaultSingletonBeanRegistry&amp#27;[0;39m: Creating shared instance of singleton bean 'spring.transaction-org.springframework.boot.autoconfigure.transaction.TransactionProperties'
&amp#27;[30m2020-02-08 10:21:41,999&amp#27;[0;39m &amp#27;[39mDEBUG&amp#27;[0;39m [&amp#27;[34mmain&amp#27;[0;39m] &amp#27;[33morg.springframework.beans.factory.support.DefaultSingletonBeanRegistry&amp#27;[0;39m: Creating shared instance of singleton bean 'hikariPoolDataSourceMetadataProvider'
&amp#27;[30m2020-02-08 10:21:42,000&amp#27;[0;39m &amp#27;[39mDEBUG&amp#27;[0;39m [&amp#27;[34mmain&amp#27;[0;39m] &amp#27;[33morg.springframework.beans.factory.support.DefaultSingletonBeanRegistry&amp#27;[0;39m: Creating shared instance of singleton bean 'org.springframework.boot.autoconfigure.jdbc.metadata.DataSourcePoolMetadataProvidersConfiguration$HikariPoolDataSourceMetadataProviderConfiguration'
&amp#27;[30m2020-02-08 10:21:42,022&amp#27;[0;39m &amp#27;[39mDEBUG&amp#27;[0;39m [&amp#27;[34mmain&amp#27;[0;39m] &amp#27;[33morg.springframework.beans.factory.support.DefaultSingletonBeanRegistry&amp#27;[0;39m: Creating shared instance of singleton bean 'entityManagerFactoryBuilder'
&amp#27;[30m2020-02-08 10:21:42,034&amp#27;[0;39m &amp#27;[39mDEBUG&amp#27;[0;39m [&amp#27;[34mmain&amp#27;[0;39m] &amp#27;[33morg.springframework.beans.factory.support.DefaultSingletonBeanRegistry&amp#27;[0;39m: Creating shared instance of singleton bean 'jpaVendorAdapter'
&amp#27;[30m2020-02-08 10:21:42,034&amp#27;[0;39m &amp#27;[39mDEBUG&amp#27;[0;39m [&amp#27;[34mmain&amp#27;[0;39m] &amp#27;[33morg.springframework.jdbc.datasource.DataSourceUtils&amp#27;[0;39m: Fetching JDBC Connection from DataSource
&amp#27;[30m2020-02-08 10:21:42,034&amp#27;[0;39m &amp#27;[39mDEBUG&amp#27;[0;39m [&amp#27;[34mmain&amp#27;[0;39m] &amp#27;[33mcom.zaxxer.hikari.HikariConfig&amp#27;[0;39m: HikariPool-4 - configuration:
&amp#27;[30m2020-02-08 10:21:42,035&amp#27;[0;39m &amp#27;[39mDEBUG&amp#27;[0;39m [&amp#27;[34mmain&amp#27;[0;39m] &amp#27;[33mcom.zaxxer.hikari.HikariConfig&amp#27;[0;39m: allowPoolSuspension.............false
&amp#27;[30m2020-02-08 10:21:42,036&amp#27;[0;39m &amp#27;[39mDEBUG&amp#27;[0;39m [&amp#27;[34mmain&amp#27;[0;39m] &amp#27;[33mcom.zaxxer.hikari.HikariConfig&amp#27;[0;39m: autoCommit......................true
&amp#27;[30m2020-02-08 10:21:42,036&amp#27;[0;39m &amp#27;[39mDEBUG&amp#27;[0;39m [&amp#27;[34mmain&amp#27;[0;39m] &amp#27;[33mcom.zaxxer.hikari.HikariConfig&amp#27;[0;39m: catalog.........................none
&amp#27;[30m2020-02-08 10:21:42,036&amp#27;[0;39m &amp#27;[39mDEBUG&amp#27;[0;39m [&amp#27;[34mmain&amp#27;[0;39m] &amp#27;[33mcom.zaxxer.hikari.HikariConfig&amp#27;[0;39m: connectionInitSql...............none
&amp#27;[30m2020-02-08 10:21:42,037&amp#27;[0;39m &amp#27;[39mDEBUG&amp#27;[0;39m [&amp#27;[34mmain&amp#27;[0;39m] &amp#27;[33mcom.zaxxer.hikari.HikariConfig&amp#27;[0;39m: connectionTestQuery.............none
&amp#27;[30m2020-02-08 10:21:42,037&amp#27;[0;39m &amp#27;[39mDEBUG&amp#27;[0;39m [&amp#27;[34mmain&amp#27;[0;39m] &amp#27;[33mcom.zaxxer.hikari.HikariConfig&amp#27;[0;39m: connectionTimeout...............30000
&amp#27;[30m2020-02-08 10:21:42,037&amp#27;[0;39m &amp#27;[39mDEBUG&amp#27;[0;39m [&amp#27;[34mmain&amp#27;[0;39m] &amp#27;[33mcom.zaxxer.hikari.HikariConfig&amp#27;[0;39m: dataSource......................none
&amp#27;[30m2020-02-08 10:21:42,038&amp#27;[0;39m &amp#27;[39mDEBUG&amp#27;[0;39m [&amp#27;[34mmain&amp#27;[0;39m] &amp#27;[33mcom.zaxxer.hikari.HikariConfig&amp#27;[0;39m: dataSourceClassName.............none
&amp#27;[30m2020-02-08 10:21:42,038&amp#27;[0;39m &amp#27;[39mDEBUG&amp#27;[0;39m [&amp#27;[34mmain&amp#27;[0;39m] &amp#27;[33mcom.zaxxer.hikari.HikariConfig&amp#27;[0;39m: dataSourceJNDI..................none
&amp#27;[30m2020-02-08 10:21:42,038&amp#27;[0;39m &amp#27;[39mDEBUG&amp#27;[0;39m [&amp#27;[34mmain&amp#27;[0;39m] &amp#27;[33mcom.zaxxer.hikari.HikariConfig&amp#27;[0;39m: dataSourceProperties............{password=<masked>}
&amp#27;[30m2020-02-08 10:21:42,039&amp#27;[0;39m &amp#27;[39mDEBUG&amp#27;[0;39m [&amp#27;[34mmain&amp#27;[0;39m] &amp#27;[33mcom.zaxxer.hikari.HikariConfig&amp#27;[0;39m: driverClassName................."org.h2.Driver"
&amp#27;[30m2020-02-08 10:21:42,039&amp#27;[0;39m &amp#27;[39mDEBUG&amp#27;[0;39m [&amp#27;[34mmain&amp#27;[0;39m] &amp#27;[33mcom.zaxxer.hikari.HikariConfig&amp#27;[0;39m: healthCheckProperties...........{}
&amp#27;[30m2020-02-08 10:21:42,039&amp#27;[0;39m &amp#27;[39mDEBUG&amp#27;[0;39m [&amp#27;[34mmain&amp#27;[0;39m] &amp#27;[33mcom.zaxxer.hikari.HikariConfig&amp#27;[0;39m: healthCheckRegistry.............none
&amp#27;[30m2020-02-08 10:21:42,039&amp#27;[0;39m &amp#27;[39mDEBUG&amp#27;[0;39m [&amp#27;[34mmain&amp#27;[0;39m] &amp#27;[33mcom.zaxxer.hikari.HikariConfig&amp#27;[0;39m: idleTimeout.....................600000
&amp#27;[30m2020-02-08 10:21:42,040&amp#27;[0;39m &amp#27;[39mDEBUG&amp#27;[0;39m [&amp#27;[34mmain&amp#27;[0;39m] &amp#27;[33mcom.zaxxer.hikari.HikariConfig&amp#27;[0;39m: initializationFailTimeout.......1
&amp#27;[30m2020-02-08 10:21:42,040&amp#27;[0;39m &amp#27;[39mDEBUG&amp#27;[0;39m [&amp#27;[34mmain&amp#27;[0;39m] &amp#27;[33mcom.zaxxer.hikari.HikariConfig&amp#27;[0;39m: isolateInternalQueries..........false
&amp#27;[30m2020-02-08 10:21:42,040&amp#27;[0;39m &amp#27;[39mDEBUG&amp#27;[0;39m [&amp#27;[34mmain&amp#27;[0;39m] &amp#27;[33mcom.zaxxer.hikari.HikariConfig&amp#27;[0;39m: jdbcUrl.........................jdbc:h2:mem:db;DB_CLOSE_DELAY=-1
&amp#27;[30m2020-02-08 10:21:42,041&amp#27;[0;39m &amp#27;[39mDEBUG&amp#27;[0;39m [&amp#27;[34mmain&amp#27;[0;39m] &amp#27;[33mcom.zaxxer.hikari.HikariConfig&amp#27;[0;39m: leakDetectionThreshold..........0
&amp#27;[30m2020-02-08 10:21:42,041&amp#27;[0;39m &amp#27;[39mDEBUG&amp#27;[0;39m [&amp#27;[34mmain&amp#27;[0;39m] &amp#27;[33mcom.zaxxer.hikari.HikariConfig&amp#27;[0;39m: maxLifetime.....................1800000
&amp#27;[30m2020-02-08 10:21:42,041&amp#27;[0;39m &amp#27;[39mDEBUG&amp#27;[0;39m [&amp#27;[34mmain&amp#27;[0;39m] &amp#27;[33mcom.zaxxer.hikari.HikariConfig&amp#27;[0;39m: maximumPoolSize.................10
&amp#27;[30m2020-02-08 10:21:42,042&amp#27;[0;39m &amp#27;[39mDEBUG&amp#27;[0;39m [&amp#27;[34mmain&amp#27;[0;39m] &amp#27;[33mcom.zaxxer.hikari.HikariConfig&amp#27;[0;39m: metricRegistry..................none
&amp#27;[30m2020-02-08 10:21:42,042&amp#27;[0;39m &amp#27;[39mDEBUG&amp#27;[0;39m [&amp#27;[34mmain&amp#27;[0;39m] &amp#27;[33mcom.zaxxer.hikari.HikariConfig&amp#27;[0;39m: metricsTrackerFactory...........none
&amp#27;[30m2020-02-08 10:21:42,042&amp#27;[0;39m &amp#27;[39mDEBUG&amp#27;[0;39m [&amp#27;[34mmain&amp#27;[0;39m] &amp#27;[33mcom.zaxxer.hikari.HikariConfig&amp#27;[0;39m: minimumIdle.....................10
&amp#27;[30m2020-02-08 10:21:42,042&amp#27;[0;39m &amp#27;[39mDEBUG&amp#27;[0;39m [&amp#27;[34mmain&amp#27;[0;39m] &amp#27;[33mcom.zaxxer.hikari.HikariConfig&amp#27;[0;39m: password........................<masked>
&amp#27;[30m2020-02-08 10:21:42,043&amp#27;[0;39m &amp#27;[39mDEBUG&amp#27;[0;39m [&amp#27;[34mmain&amp#27;[0;39m] &amp#27;[33mcom.zaxxer.hikari.HikariConfig&amp#27;[0;39m: poolName........................"HikariPool-4"
&amp#27;[30m2020-02-08 10:21:42,043&amp#27;[0;39m &amp#27;[39mDEBUG&amp#27;[0;39m [&amp#27;[34mmain&amp#27;[0;39m] &amp#27;[33mcom.zaxxer.hikari.HikariConfig&amp#27;[0;39m: readOnly........................false
&amp#27;[30m2020-02-08 10:21:42,043&amp#27;[0;39m &amp#27;[39mDEBUG&amp#27;[0;39m [&amp#27;[34mmain&amp#27;[0;39m] &amp#27;[33mcom.zaxxer.hikari.HikariConfig&amp#27;[0;39m: registerMbeans..................false
&amp#27;[30m2020-02-08 10:21:42,044&amp#27;[0;39m &amp#27;[39mDEBUG&amp#27;[0;39m [&amp#27;[34mmain&amp#27;[0;39m] &amp#27;[33mcom.zaxxer.hikari.HikariConfig&amp#27;[0;39m: scheduledExecutor...............none
&amp#27;[30m2020-02-08 10:21:42,044&amp#27;[0;39m &amp#27;[39mDEBUG&amp#27;[0;39m [&amp#27;[34mmain&amp#27;[0;39m] &amp#27;[33mcom.zaxxer.hikari.HikariConfig&amp#27;[0;39m: schema..........................none
&amp#27;[30m2020-02-08 10:21:42,044&amp#27;[0;39m &amp#27;[39mDEBUG&amp#27;[0;39m [&amp#27;[34mmain&amp#27;[0;39m] &amp#27;[33mcom.zaxxer.hikari.HikariConfig&amp#27;[0;39m: threadFactory...................internal
&amp#27;[30m2020-02-08 10:21:42,044&amp#27;[0;39m &amp#27;[39mDEBUG&amp#27;[0;39m [&amp#27;[34mmain&amp#27;[0;39m] &amp#27;[33mcom.zaxxer.hikari.HikariConfig&amp#27;[0;39m: transactionIsolation............default
&amp#27;[30m2020-02-08 10:21:42,045&amp#27;[0;39m &amp#27;[39mDEBUG&amp#27;[0;39m [&amp#27;[34mmain&amp#27;[0;39m] &amp#27;[33mcom.zaxxer.hikari.HikariConfig&amp#27;[0;39m: username........................"sa"
&amp#27;[30m2020-02-08 10:21:42,045&amp#27;[0;39m &amp#27;[39mDEBUG&amp#27;[0;39m [&amp#27;[34mmain&amp#27;[0;39m] &amp#27;[33mcom.zaxxer.hikari.HikariConfig&amp#27;[0;39m: validationTimeout...............5000
&amp#27;[30m2020-02-08 10:21:42,045&amp#27;[0;39m &amp#27;[34mINFO &amp#27;[0;39m [&amp#27;[34mmain&amp#27;[0;39m] &amp#27;[33mcom.zaxxer.hikari.HikariDataSource&amp#27;[0;39m: HikariPool-4 - Starting...
&amp#27;[30m2020-02-08 10:21:42,049&amp#27;[0;39m &amp#27;[39mDEBUG&amp#27;[0;39m [&amp#27;[34mmain&amp#27;[0;39m] &amp#27;[33mcom.zaxxer.hikari.pool.HikariPool&amp#27;[0;39m: HikariPool-4 - Added connection conn38: url=jdbc:h2:mem:db user=SA
&amp#27;[30m2020-02-08 10:21:42,050&amp#27;[0;39m &amp#27;[34mINFO &amp#27;[0;39m [&amp#27;[34mmain&amp#27;[0;39m] &amp#27;[33mcom.zaxxer.hikari.HikariDataSource&amp#27;[0;39m: HikariPool-4 - Start completed.
&amp#27;[30m2020-02-08 10:21:42,056&amp#27;[0;39m &amp#27;[39mDEBUG&amp#27;[0;39m [&amp#27;[34mmain&amp#27;[0;39m] &amp#27;[33morg.springframework.beans.factory.support.ConstructorResolver&amp#27;[0;39m: Autowiring by type from bean name 'entityManagerFactoryBuilder' via factory method to bean named 'jpaVendorAdapter'
&amp#27;[30m2020-02-08 10:21:42,060&amp#27;[0;39m &amp#27;[39mDEBUG&amp#27;[0;39m [&amp#27;[34mmain&amp#27;[0;39m] &amp#27;[33morg.springframework.beans.factory.support.ConstructorResolver&amp#27;[0;39m: Autowiring by type from bean name 'entityManagerFactory' via factory method to bean named 'entityManagerFactoryBuilder'
&amp#27;[30m2020-02-08 10:21:42,061&amp#27;[0;39m &amp#27;[39mDEBUG&amp#27;[0;39m [&amp#27;[34mmain&amp#27;[0;39m] &amp#27;[33morg.springframework.beans.factory.support.DefaultSingletonBeanRegistry&amp#27;[0;39m: Creating shared instance of singleton bean 'org.springframework.boot.autoconfigure.AutoConfigurationPackages'
&amp#27;[30m2020-02-08 10:21:42,063&amp#27;[0;39m &amp#27;[39mDEBUG&amp#27;[0;39m [&amp#27;[34mmain&amp#27;[0;39m] &amp#27;[33morg.springframework.boot.autoconfigure.AutoConfigurationPackages$BasePackages&amp#27;[0;39m: @EnableAutoConfiguration was declared on a class in the package 'in.rgukt.r081247.universityapi'. Automatic @Repository and @Entity scanning is enabled.
&amp#27;[30m2020-02-08 10:21:42,075&amp#27;[0;39m &amp#27;[39mDEBUG&amp#27;[0;39m [&amp#27;[34mmain&amp#27;[0;39m] &amp#27;[33morg.springframework.orm.jpa.LocalContainerEntityManagerFactoryBean&amp#27;[0;39m: Building JPA container EntityManagerFactory for persistence unit 'default'
&amp#27;[30m2020-02-08 10:21:42,075&amp#27;[0;39m &amp#27;[39mDEBUG&amp#27;[0;39m [&amp#27;[34mmain&amp#27;[0;39m] &amp#27;[33morg.hibernate.jpa.internal.util.LogHelper&amp#27;[0;39m: PersistenceUnitInfo [
	name: default
	persistence provider classname: null
	classloader: jdk.internal.loader.ClassLoaders$AppClassLoader@4b85612c
	excludeUnlistedClasses: true
	JTA datasource: null
	Non JTA datasource: HikariDataSource (HikariPool-4)
	Transaction type: RESOURCE_LOCAL
	PU root URL: file:/home/vinod/Desktop/desk/projects/universityapi/target/test-classes/
	Shared Cache Mode: UNSPECIFIED
	Validation Mode: AUTO
	Jar files URLs []
	Managed classes names [
		in.rgukt.r081247.universityapi.entity.Course
		in.rgukt.r081247.universityapi.entity.Department
		in.rgukt.r081247.universityapi.entity.Student]
	Mapping files names []
	Properties []
&amp#27;[30m2020-02-08 10:21:42,075&amp#27;[0;39m &amp#27;[39mDEBUG&amp#27;[0;39m [&amp#27;[34mmain&amp#27;[0;39m] &amp#27;[33morg.hibernate.integrator.internal.IntegratorServiceImpl&amp#27;[0;39m: Adding Integrator [org.hibernate.cfg.beanvalidation.BeanValidationIntegrator].
&amp#27;[30m2020-02-08 10:21:42,075&amp#27;[0;39m &amp#27;[39mDEBUG&amp#27;[0;39m [&amp#27;[34mmain&amp#27;[0;39m] &amp#27;[33morg.hibernate.integrator.internal.IntegratorServiceImpl&amp#27;[0;39m: Adding Integrator [org.hibernate.secure.spi.JaccIntegrator].
&amp#27;[30m2020-02-08 10:21:42,076&amp#27;[0;39m &amp#27;[39mDEBUG&amp#27;[0;39m [&amp#27;[34mmain&amp#27;[0;39m] &amp#27;[33morg.hibernate.integrator.internal.IntegratorServiceImpl&amp#27;[0;39m: Adding Integrator [org.hibernate.cache.internal.CollectionCacheInvalidator].
&amp#27;[30m2020-02-08 10:21:42,079&amp#27;[0;39m &amp#27;[39mDEBUG&amp#27;[0;39m [&amp#27;[34mmain&amp#27;[0;39m] &amp#27;[33morg.hibernate.service.spi.ServiceBinding&amp#27;[0;39m: Overriding existing service binding [org.hibernate.secure.spi.JaccService]
&amp#27;[30m2020-02-08 10:21:42,080&amp#27;[0;39m &amp#27;[39mDEBUG&amp#27;[0;39m [&amp#27;[34mmain&amp#27;[0;39m] &amp#27;[33morg.hibernate.cache.internal.RegionFactoryInitiator&amp#27;[0;39m: Cannot default RegionFactory based on registered strategies as `[]` RegionFactory strategies were registered
&amp#27;[30m2020-02-08 10:21:42,081&amp#27;[0;39m &amp#27;[39mDEBUG&amp#27;[0;39m [&amp#27;[34mmain&amp#27;[0;39m] &amp#27;[33morg.hibernate.cache.internal.RegionFactoryInitiator&amp#27;[0;39m: Cache region factory : org.hibernate.cache.internal.NoCachingRegionFactory
&amp#27;[30m2020-02-08 10:21:42,082&amp#27;[0;39m &amp#27;[39mDEBUG&amp#27;[0;39m [&amp#27;[34mmain&amp#27;[0;39m] &amp#27;[33morg.hibernate.type.BasicTypeRegistry&amp#27;[0;39m: Adding type registration boolean -> org.hibernate.type.BooleanType@486bd064
&amp#27;[30m2020-02-08 10:21:42,082&amp#27;[0;39m &amp#27;[39mDEBUG&amp#27;[0;39m [&amp#27;[34mmain&amp#27;[0;39m] &amp#27;[33morg.hibernate.type.BasicTypeRegistry&amp#27;[0;39m: Adding type registration boolean -> org.hibernate.type.BooleanType@486bd064
&amp#27;[30m2020-02-08 10:21:42,083&amp#27;[0;39m &amp#27;[39mDEBUG&amp#27;[0;39m [&amp#27;[34mmain&amp#27;[0;39m] &amp#27;[33morg.hibernate.type.BasicTypeRegistry&amp#27;[0;39m: Adding type registration java.lang.Boolean -> org.hibernate.type.BooleanType@486bd064
&amp#27;[30m2020-02-08 10:21:42,083&amp#27;[0;39m &amp#27;[39mDEBUG&amp#27;[0;39m [&amp#27;[34mmain&amp#27;[0;39m] &amp#27;[33morg.hibernate.type.BasicTypeRegistry&amp#27;[0;39m: Adding type registration numeric_boolean -> org.hibernate.type.NumericBooleanType@5111de7c
&amp#27;[30m2020-02-08 10:21:42,083&amp#27;[0;39m &amp#27;[39mDEBUG&amp#27;[0;39m [&amp#27;[34mmain&amp#27;[0;39m] &amp#27;[33morg.hibernate.type.BasicTypeRegistry&amp#27;[0;39m: Adding type registration true_false -> org.hibernate.type.TrueFalseType@342ee097
&amp#27;[30m2020-02-08 10:21:42,084&amp#27;[0;39m &amp#27;[39mDEBUG&amp#27;[0;39m [&amp#27;[34mmain&amp#27;[0;39m] &amp#27;[33morg.hibernate.type.BasicTypeRegistry&amp#27;[0;39m: Adding type registration yes_no -> org.hibernate.type.YesNoType@231cdda8
&amp#27;[30m2020-02-08 10:21:42,084&amp#27;[0;39m &amp#27;[39mDEBUG&amp#27;[0;39m [&amp#27;[34mmain&amp#27;[0;39m] &amp#27;[33morg.hibernate.type.BasicTypeRegistry&amp#27;[0;39m: Adding type registration byte -> org.hibernate.type.ByteType@14f060b8
&amp#27;[30m2020-02-08 10:21:42,085&amp#27;[0;39m &amp#27;[39mDEBUG&amp#27;[0;39m [&amp#27;[34mmain&amp#27;[0;39m] &amp#27;[33morg.hibernate.type.BasicTypeRegistry&amp#27;[0;39m: Adding type registration byte -> org.hibernate.type.ByteType@14f060b8
&amp#27;[30m2020-02-08 10:21:42,085&amp#27;[0;39m &amp#27;[39mDEBUG&amp#27;[0;39m [&amp#27;[34mmain&amp#27;[0;39m] &amp#27;[33morg.hibernate.type.BasicTypeRegistry&amp#27;[0;39m: Adding type registration java.lang.Byte -> org.hibernate.type.ByteType@14f060b8
&amp#27;[30m2020-02-08 10:21:42,085&amp#27;[0;39m &amp#27;[39mDEBUG&amp#27;[0;39m [&amp#27;[34mmain&amp#27;[0;39m] &amp#27;[33morg.hibernate.type.BasicTypeRegistry&amp#27;[0;39m: Adding type registration character -> org.hibernate.type.CharacterType@5a2ae1ab
&amp#27;[30m2020-02-08 10:21:42,086&amp#27;[0;39m &amp#27;[39mDEBUG&amp#27;[0;39m [&amp#27;[34mmain&amp#27;[0;39m] &amp#27;[33morg.hibernate.type.BasicTypeRegistry&amp#27;[0;39m: Adding type registration char -> org.hibernate.type.CharacterType@5a2ae1ab
&amp#27;[30m2020-02-08 10:21:42,087&amp#27;[0;39m &amp#27;[39mDEBUG&amp#27;[0;39m [&amp#27;[34mmain&amp#27;[0;39m] &amp#27;[33morg.hibernate.type.BasicTypeRegistry&amp#27;[0;39m: Adding type registration java.lang.Character -> org.hibernate.type.CharacterType@5a2ae1ab
&amp#27;[30m2020-02-08 10:21:42,087&amp#27;[0;39m &amp#27;[39mDEBUG&amp#27;[0;39m [&amp#27;[34mmain&amp#27;[0;39m] &amp#27;[33morg.hibernate.type.BasicTypeRegistry&amp#27;[0;39m: Adding type registration short -> org.hibernate.type.ShortType@448462f0
&amp#27;[30m2020-02-08 10:21:42,088&amp#27;[0;39m &amp#27;[39mDEBUG&amp#27;[0;39m [&amp#27;[34mmain&amp#27;[0;39m] &amp#27;[33morg.hibernate.type.BasicTypeRegistry&amp#27;[0;39m: Adding type registration short -> org.hibernate.type.ShortType@448462f0
&amp#27;[30m2020-02-08 10:21:42,088&amp#27;[0;39m &amp#27;[39mDEBUG&amp#27;[0;39m [&amp#27;[34mmain&amp#27;[0;39m] &amp#27;[33morg.hibernate.type.BasicTypeRegistry&amp#27;[0;39m: Adding type registration java.lang.Short -> org.hibernate.type.ShortType@448462f0
&amp#27;[30m2020-02-08 10:21:42,088&amp#27;[0;39m &amp#27;[39mDEBUG&amp#27;[0;39m [&amp#27;[34mmain&amp#27;[0;39m] &amp#27;[33morg.hibernate.type.BasicTypeRegistry&amp#27;[0;39m: Adding type registration integer -> org.hibernate.type.IntegerType@2b43f314
&amp#27;[30m2020-02-08 10:21:42,089&amp#27;[0;39m &amp#27;[39mDEBUG&amp#27;[0;39m [&amp#27;[34mmain&amp#27;[0;39m] &amp#27;[33morg.hibernate.type.BasicTypeRegistry&amp#27;[0;39m: Adding type registration int -> org.hibernate.type.IntegerType@2b43f314
&amp#27;[30m2020-02-08 10:21:42,089&amp#27;[0;39m &amp#27;[39mDEBUG&amp#27;[0;39m [&amp#27;[34mmain&amp#27;[0;39m] &amp#27;[33morg.hibernate.type.BasicTypeRegistry&amp#27;[0;39m: Adding type registration java.lang.Integer -> org.hibernate.type.IntegerType@2b43f314
&amp#27;[30m2020-02-08 10:21:42,089&amp#27;[0;39m &amp#27;[39mDEBUG&amp#27;[0;39m [&amp#27;[34mmain&amp#27;[0;39m] &amp#27;[33morg.hibernate.type.BasicTypeRegistry&amp#27;[0;39m: Adding type registration long -> org.hibernate.type.LongType@6f50d55c
&amp#27;[30m2020-02-08 10:21:42,090&amp#27;[0;39m &amp#27;[39mDEBUG&amp#27;[0;39m [&amp#27;[34mmain&amp#27;[0;39m] &amp#27;[33morg.hibernate.type.BasicTypeRegistry&amp#27;[0;39m: Adding type registration long -> org.hibernate.type.LongType@6f50d55c
&amp#27;[30m2020-02-08 10:21:42,090&amp#27;[0;39m &amp#27;[39mDEBUG&amp#27;[0;39m [&amp#27;[34mmain&amp#27;[0;39m] &amp#27;[33morg.hibernate.type.BasicTypeRegistry&amp#27;[0;39m: Adding type registration java.lang.Long -> org.hibernate.type.LongType@6f50d55c
&amp#27;[30m2020-02-08 10:21:42,090&amp#27;[0;39m &amp#27;[39mDEBUG&amp#27;[0;39m [&amp#27;[34mmain&amp#27;[0;39m] &amp#27;[33morg.hibernate.type.BasicTypeRegistry&amp#27;[0;39m: Adding type registration float -> org.hibernate.type.FloatType@6889f56f
&amp#27;[30m2020-02-08 10:21:42,092&amp#27;[0;39m &amp#27;[39mDEBUG&amp#27;[0;39m [&amp#27;[34mmain&amp#27;[0;39m] &amp#27;[33morg.hibernate.type.BasicTypeRegistry&amp#27;[0;39m: Adding type registration float -> org.hibernate.type.FloatType@6889f56f
&amp#27;[30m2020-02-08 10:21:42,092&amp#27;[0;39m &amp#27;[39mDEBUG&amp#27;[0;39m [&amp#27;[34mmain&amp#27;[0;39m] &amp#27;[33morg.hibernate.type.BasicTypeRegistry&amp#27;[0;39m: Adding type registration java.lang.Float -> org.hibernate.type.FloatType@6889f56f
&amp#27;[30m2020-02-08 10:21:42,093&amp#27;[0;39m &amp#27;[39mDEBUG&amp#27;[0;39m [&amp#27;[34mmain&amp#27;[0;39m] &amp#27;[33morg.hibernate.type.BasicTypeRegistry&amp#27;[0;39m: Adding type registration double -> org.hibernate.type.DoubleType@3b4ef59f
&amp#27;[30m2020-02-08 10:21:42,093&amp#27;[0;39m &amp#27;[39mDEBUG&amp#27;[0;39m [&amp#27;[34mmain&amp#27;[0;39m] &amp#27;[33morg.hibernate.type.BasicTypeRegistry&amp#27;[0;39m: Adding type registration double -> org.hibernate.type.DoubleType@3b4ef59f
&amp#27;[30m2020-02-08 10:21:42,094&amp#27;[0;39m &amp#27;[39mDEBUG&amp#27;[0;39m [&amp#27;[34mmain&amp#27;[0;39m] &amp#27;[33morg.hibernate.type.BasicTypeRegistry&amp#27;[0;39m: Adding type registration java.lang.Double -> org.hibernate.type.DoubleType@3b4ef59f
&amp#27;[30m2020-02-08 10:21:42,095&amp#27;[0;39m &amp#27;[39mDEBUG&amp#27;[0;39m [&amp#27;[34mmain&amp#27;[0;39m] &amp#27;[33morg.hibernate.type.BasicTypeRegistry&amp#27;[0;39m: Adding type registration big_decimal -> org.hibernate.type.BigDecimalType@5a7b309b
&amp#27;[30m2020-02-08 10:21:42,095&amp#27;[0;39m &amp#27;[39mDEBUG&amp#27;[0;39m [&amp#27;[34mmain&amp#27;[0;39m] &amp#27;[33morg.hibernate.type.BasicTypeRegistry&amp#27;[0;39m: Adding type registration java.math.BigDecimal -> org.hibernate.type.BigDecimalType@5a7b309b
&amp#27;[30m2020-02-08 10:21:42,096&amp#27;[0;39m &amp#27;[39mDEBUG&amp#27;[0;39m [&amp#27;[34mmain&amp#27;[0;39m] &amp#27;[33morg.hibernate.type.BasicTypeRegistry&amp#27;[0;39m: Adding type registration big_integer -> org.hibernate.type.BigIntegerType@b022551
&amp#27;[30m2020-02-08 10:21:42,096&amp#27;[0;39m &amp#27;[39mDEBUG&amp#27;[0;39m [&amp#27;[34mmain&amp#27;[0;39m] &amp#27;[33morg.hibernate.type.BasicTypeRegistry&amp#27;[0;39m: Adding type registration java.math.BigInteger -> org.hibernate.type.BigIntegerType@b022551
&amp#27;[30m2020-02-08 10:21:42,097&amp#27;[0;39m &amp#27;[39mDEBUG&amp#27;[0;39m [&amp#27;[34mmain&amp#27;[0;39m] &amp#27;[33morg.hibernate.type.BasicTypeRegistry&amp#27;[0;39m: Adding type registration string -> org.hibernate.type.StringType@530ee28b
&amp#27;[30m2020-02-08 10:21:42,097&amp#27;[0;39m &amp#27;[39mDEBUG&amp#27;[0;39m [&amp#27;[34mmain&amp#27;[0;39m] &amp#27;[33morg.hibernate.type.BasicTypeRegistry&amp#27;[0;39m: Adding type registration java.lang.String -> org.hibernate.type.StringType@530ee28b
&amp#27;[30m2020-02-08 10:21:42,098&amp#27;[0;39m &amp#27;[39mDEBUG&amp#27;[0;39m [&amp#27;[34mmain&amp#27;[0;39m] &amp#27;[33morg.hibernate.type.BasicTypeRegistry&amp#27;[0;39m: Adding type registration nstring -> org.hibernate.type.StringNVarcharType@67f946c3
&amp#27;[30m2020-02-08 10:21:42,098&amp#27;[0;39m &amp#27;[39mDEBUG&amp#27;[0;39m [&amp#27;[34mmain&amp#27;[0;39m] &amp#27;[33morg.hibernate.type.BasicTypeRegistry&amp#27;[0;39m: Adding type registration ncharacter -> org.hibernate.type.CharacterNCharType@46a8c2b4
&amp#27;[30m2020-02-08 10:21:42,099&amp#27;[0;39m &amp#27;[39mDEBUG&amp#27;[0;39m [&amp#27;[34mmain&amp#27;[0;39m] &amp#27;[33morg.hibernate.type.BasicTypeRegistry&amp#27;[0;39m: Adding type registration url -> org.hibernate.type.UrlType@5b8853
&amp#27;[30m2020-02-08 10:21:42,099&amp#27;[0;39m &amp#27;[39mDEBUG&amp#27;[0;39m [&amp#27;[34mmain&amp#27;[0;39m] &amp#27;[33morg.hibernate.type.BasicTypeRegistry&amp#27;[0;39m: Adding type registration java.net.URL -> org.hibernate.type.UrlType@5b8853
&amp#27;[30m2020-02-08 10:21:42,099&amp#27;[0;39m &amp#27;[39mDEBUG&amp#27;[0;39m [&amp#27;[34mmain&amp#27;[0;39m] &amp#27;[33morg.hibernate.type.BasicTypeRegistry&amp#27;[0;39m: Adding type registration Duration -> org.hibernate.type.DurationType@73e4387
&amp#27;[30m2020-02-08 10:21:42,100&amp#27;[0;39m &amp#27;[39mDEBUG&amp#27;[0;39m [&amp#27;[34mmain&amp#27;[0;39m] &amp#27;[33morg.hibernate.type.BasicTypeRegistry&amp#27;[0;39m: Adding type registration java.time.Duration -> org.hibernate.type.DurationType@73e4387
&amp#27;[30m2020-02-08 10:21:42,100&amp#27;[0;39m &amp#27;[39mDEBUG&amp#27;[0;39m [&amp#27;[34mmain&amp#27;[0;39m] &amp#27;[33morg.hibernate.type.BasicTypeRegistry&amp#27;[0;39m: Adding type registration Instant -> org.hibernate.type.InstantType@72c9ebfa
&amp#27;[30m2020-02-08 10:21:42,102&amp#27;[0;39m &amp#27;[39mDEBUG&amp#27;[0;39m [&amp#27;[34mmain&amp#27;[0;39m] &amp#27;[33morg.hibernate.type.BasicTypeRegistry&amp#27;[0;39m: Adding type registration java.time.Instant -> org.hibernate.type.InstantType@72c9ebfa
&amp#27;[30m2020-02-08 10:21:42,103&amp#27;[0;39m &amp#27;[39mDEBUG&amp#27;[0;39m [&amp#27;[34mmain&amp#27;[0;39m] &amp#27;[33morg.hibernate.type.BasicTypeRegistry&amp#27;[0;39m: Adding type registration LocalDateTime -> org.hibernate.type.LocalDateTimeType@27ec8754
&amp#27;[30m2020-02-08 10:21:42,104&amp#27;[0;39m &amp#27;[39mDEBUG&amp#27;[0;39m [&amp#27;[34mmain&amp#27;[0;39m] &amp#27;[33morg.hibernate.type.BasicTypeRegistry&amp#27;[0;39m: Adding type registration java.time.LocalDateTime -> org.hibernate.type.LocalDateTimeType@27ec8754
&amp#27;[30m2020-02-08 10:21:42,104&amp#27;[0;39m &amp#27;[39mDEBUG&amp#27;[0;39m [&amp#27;[34mmain&amp#27;[0;39m] &amp#27;[33morg.hibernate.type.BasicTypeRegistry&amp#27;[0;39m: Adding type registration LocalDate -> org.hibernate.type.LocalDateType@4981d95b
&amp#27;[30m2020-02-08 10:21:42,104&amp#27;[0;39m &amp#27;[39mDEBUG&amp#27;[0;39m [&amp#27;[34mmain&amp#27;[0;39m] &amp#27;[33morg.hibernate.type.BasicTypeRegistry&amp#27;[0;39m: Adding type registration java.time.LocalDate -> org.hibernate.type.LocalDateType@4981d95b
&amp#27;[30m2020-02-08 10:21:42,105&amp#27;[0;39m &amp#27;[39mDEBUG&amp#27;[0;39m [&amp#27;[34mmain&amp#27;[0;39m] &amp#27;[33morg.hibernate.type.BasicTypeRegistry&amp#27;[0;39m: Adding type registration LocalTime -> org.hibernate.type.LocalTimeType@595f9916
&amp#27;[30m2020-02-08 10:21:42,105&amp#27;[0;39m &amp#27;[39mDEBUG&amp#27;[0;39m [&amp#27;[34mmain&amp#27;[0;39m] &amp#27;[33morg.hibernate.type.BasicTypeRegistry&amp#27;[0;39m: Adding type registration java.time.LocalTime -> org.hibernate.type.LocalTimeType@595f9916
&amp#27;[30m2020-02-08 10:21:42,105&amp#27;[0;39m &amp#27;[39mDEBUG&amp#27;[0;39m [&amp#27;[34mmain&amp#27;[0;39m] &amp#27;[33morg.hibernate.type.BasicTypeRegistry&amp#27;[0;39m: Adding type registration OffsetDateTime -> org.hibernate.type.OffsetDateTimeType@5f8f1712
&amp#27;[30m2020-02-08 10:21:42,106&amp#27;[0;39m &amp#27;[39mDEBUG&amp#27;[0;39m [&amp#27;[34mmain&amp#27;[0;39m] &amp#27;[33morg.hibernate.type.BasicTypeRegistry&amp#27;[0;39m: Adding type registration java.time.OffsetDateTime -> org.hibernate.type.OffsetDateTimeType@5f8f1712
&amp#27;[30m2020-02-08 10:21:42,106&amp#27;[0;39m &amp#27;[39mDEBUG&amp#27;[0;39m [&amp#27;[34mmain&amp#27;[0;39m] &amp#27;[33morg.hibernate.type.BasicTypeRegistry&amp#27;[0;39m: Adding type registration OffsetTime -> org.hibernate.type.OffsetTimeType@511da44f
&amp#27;[30m2020-02-08 10:21:42,106&amp#27;[0;39m &amp#27;[39mDEBUG&amp#27;[0;39m [&amp#27;[34mmain&amp#27;[0;39m] &amp#27;[33morg.hibernate.type.BasicTypeRegistry&amp#27;[0;39m: Adding type registration java.time.OffsetTime -> org.hibernate.type.OffsetTimeType@511da44f
&amp#27;[30m2020-02-08 10:21:42,107&amp#27;[0;39m &amp#27;[39mDEBUG&amp#27;[0;39m [&amp#27;[34mmain&amp#27;[0;39m] &amp#27;[33morg.hibernate.type.BasicTypeRegistry&amp#27;[0;39m: Adding type registration ZonedDateTime -> org.hibernate.type.ZonedDateTimeType@29d070c7
&amp#27;[30m2020-02-08 10:21:42,107&amp#27;[0;39m &amp#27;[39mDEBUG&amp#27;[0;39m [&amp#27;[34mmain&amp#27;[0;39m] &amp#27;[33morg.hibernate.type.BasicTypeRegistry&amp#27;[0;39m: Adding type registration java.time.ZonedDateTime -> org.hibernate.type.ZonedDateTimeType@29d070c7
&amp#27;[30m2020-02-08 10:21:42,108&amp#27;[0;39m &amp#27;[39mDEBUG&amp#27;[0;39m [&amp#27;[34mmain&amp#27;[0;39m] &amp#27;[33morg.hibernate.type.BasicTypeRegistry&amp#27;[0;39m: Adding type registration date -> org.hibernate.type.DateType@39d77de9
&amp#27;[30m2020-02-08 10:21:42,108&amp#27;[0;39m &amp#27;[39mDEBUG&amp#27;[0;39m [&amp#27;[34mmain&amp#27;[0;39m] &amp#27;[33morg.hibernate.type.BasicTypeRegistry&amp#27;[0;39m: Adding type registration java.sql.Date -> org.hibernate.type.DateType@39d77de9
&amp#27;[30m2020-02-08 10:21:42,109&amp#27;[0;39m &amp#27;[39mDEBUG&amp#27;[0;39m [&amp#27;[34mmain&amp#27;[0;39m] &amp#27;[33morg.hibernate.type.BasicTypeRegistry&amp#27;[0;39m: Adding type registration time -> org.hibernate.type.TimeType@272778ae
&amp#27;[30m2020-02-08 10:21:42,109&amp#27;[0;39m &amp#27;[39mDEBUG&amp#27;[0;39m [&amp#27;[34mmain&amp#27;[0;39m] &amp#27;[33morg.hibernate.type.BasicTypeRegistry&amp#27;[0;39m: Adding type registration java.sql.Time -> org.hibernate.type.TimeType@272778ae
&amp#27;[30m2020-02-08 10:21:42,109&amp#27;[0;39m &amp#27;[39mDEBUG&amp#27;[0;39m [&amp#27;[34mmain&amp#27;[0;39m] &amp#27;[33morg.hibernate.type.BasicTypeRegistry&amp#27;[0;39m: Adding type registration timestamp -> org.hibernate.type.TimestampType@47fcefb3
&amp#27;[30m2020-02-08 10:21:42,110&amp#27;[0;39m &amp#27;[39mDEBUG&amp#27;[0;39m [&amp#27;[34mmain&amp#27;[0;39m] &amp#27;[33morg.hibernate.type.BasicTypeRegistry&amp#27;[0;39m: Adding type registration java.sql.Timestamp -> org.hibernate.type.TimestampType@47fcefb3
&amp#27;[30m2020-02-08 10:21:42,110&amp#27;[0;39m &amp#27;[39mDEBUG&amp#27;[0;39m [&amp#27;[34mmain&amp#27;[0;39m] &amp#27;[33morg.hibernate.type.BasicTypeRegistry&amp#27;[0;39m: Adding type registration java.util.Date -> org.hibernate.type.TimestampType@47fcefb3
&amp#27;[30m2020-02-08 10:21:42,111&amp#27;[0;39m &amp#27;[39mDEBUG&amp#27;[0;39m [&amp#27;[34mmain&amp#27;[0;39m] &amp#27;[33morg.hibernate.type.BasicTypeRegistry&amp#27;[0;39m: Adding type registration dbtimestamp -> org.hibernate.type.DbTimestampType@32ab408e
&amp#27;[30m2020-02-08 10:21:42,111&amp#27;[0;39m &amp#27;[39mDEBUG&amp#27;[0;39m [&amp#27;[34mmain&amp#27;[0;39m] &amp#27;[33morg.hibernate.type.BasicTypeRegistry&amp#27;[0;39m: Adding type registration calendar -> org.hibernate.type.CalendarType@175c5c3a
&amp#27;[30m2020-02-08 10:21:42,112&amp#27;[0;39m &amp#27;[39mDEBUG&amp#27;[0;39m [&amp#27;[34mmain&amp#27;[0;39m] &amp#27;[33morg.hibernate.type.BasicTypeRegistry&amp#27;[0;39m: Adding type registration java.util.Calendar -> org.hibernate.type.CalendarType@175c5c3a
&amp#27;[30m2020-02-08 10:21:42,112&amp#27;[0;39m &amp#27;[39mDEBUG&amp#27;[0;39m [&amp#27;[34mmain&amp#27;[0;39m] &amp#27;[33morg.hibernate.type.BasicTypeRegistry&amp#27;[0;39m: Adding type registration java.util.GregorianCalendar -> org.hibernate.type.CalendarType@175c5c3a
&amp#27;[30m2020-02-08 10:21:42,113&amp#27;[0;39m &amp#27;[39mDEBUG&amp#27;[0;39m [&amp#27;[34mmain&amp#27;[0;39m] &amp#27;[33morg.hibernate.type.BasicTypeRegistry&amp#27;[0;39m: Adding type registration calendar_date -> org.hibernate.type.CalendarDateType@7b6141f0
&amp#27;[30m2020-02-08 10:21:42,113&amp#27;[0;39m &amp#27;[39mDEBUG&amp#27;[0;39m [&amp#27;[34mmain&amp#27;[0;39m] &amp#27;[33morg.hibernate.type.BasicTypeRegistry&amp#27;[0;39m: Adding type registration locale -> org.hibernate.type.LocaleType@2d130ac4
&amp#27;[30m2020-02-08 10:21:42,113&amp#27;[0;39m &amp#27;[39mDEBUG&amp#27;[0;39m [&amp#27;[34mmain&amp#27;[0;39m] &amp#27;[33morg.hibernate.type.BasicTypeRegistry&amp#27;[0;39m: Adding type registration java.util.Locale -> org.hibernate.type.LocaleType@2d130ac4
&amp#27;[30m2020-02-08 10:21:42,114&amp#27;[0;39m &amp#27;[39mDEBUG&amp#27;[0;39m [&amp#27;[34mmain&amp#27;[0;39m] &amp#27;[33morg.hibernate.type.BasicTypeRegistry&amp#27;[0;39m: Adding type registration currency -> org.hibernate.type.CurrencyType@2ee4706d
&amp#27;[30m2020-02-08 10:21:42,114&amp#27;[0;39m &amp#27;[39mDEBUG&amp#27;[0;39m [&amp#27;[34mmain&amp#27;[0;39m] &amp#27;[33morg.hibernate.type.BasicTypeRegistry&amp#27;[0;39m: Adding type registration java.util.Currency -> org.hibernate.type.CurrencyType@2ee4706d
&amp#27;[30m2020-02-08 10:21:42,114&amp#27;[0;39m &amp#27;[39mDEBUG&amp#27;[0;39m [&amp#27;[34mmain&amp#27;[0;39m] &amp#27;[33morg.hibernate.type.BasicTypeRegistry&amp#27;[0;39m: Adding type registration timezone -> org.hibernate.type.TimeZoneType@2484dbb7
&amp#27;[30m2020-02-08 10:21:42,115&amp#27;[0;39m &amp#27;[39mDEBUG&amp#27;[0;39m [&amp#27;[34mmain&amp#27;[0;39m] &amp#27;[33morg.hibernate.type.BasicTypeRegistry&amp#27;[0;39m: Adding type registration java.util.TimeZone -> org.hibernate.type.TimeZoneType@2484dbb7
&amp#27;[30m2020-02-08 10:21:42,115&amp#27;[0;39m &amp#27;[39mDEBUG&amp#27;[0;39m [&amp#27;[34mmain&amp#27;[0;39m] &amp#27;[33morg.hibernate.type.BasicTypeRegistry&amp#27;[0;39m: Adding type registration class -> org.hibernate.type.ClassType@58a3d521
&amp#27;[30m2020-02-08 10:21:42,115&amp#27;[0;39m &amp#27;[39mDEBUG&amp#27;[0;39m [&amp#27;[34mmain&amp#27;[0;39m] &amp#27;[33morg.hibernate.type.BasicTypeRegistry&amp#27;[0;39m: Adding type registration java.lang.Class -> org.hibernate.type.ClassType@58a3d521
&amp#27;[30m2020-02-08 10:21:42,116&amp#27;[0;39m &amp#27;[39mDEBUG&amp#27;[0;39m [&amp#27;[34mmain&amp#27;[0;39m] &amp#27;[33morg.hibernate.type.BasicTypeRegistry&amp#27;[0;39m: Adding type registration uuid-binary -> org.hibernate.type.UUIDBinaryType@68dfda77
&amp#27;[30m2020-02-08 10:21:42,116&amp#27;[0;39m &amp#27;[39mDEBUG&amp#27;[0;39m [&amp#27;[34mmain&amp#27;[0;39m] &amp#27;[33morg.hibernate.type.BasicTypeRegistry&amp#27;[0;39m: Adding type registration java.util.UUID -> org.hibernate.type.UUIDBinaryType@68dfda77
&amp#27;[30m2020-02-08 10:21:42,116&amp#27;[0;39m &amp#27;[39mDEBUG&amp#27;[0;39m [&amp#27;[34mmain&amp#27;[0;39m] &amp#27;[33morg.hibernate.type.BasicTypeRegistry&amp#27;[0;39m: Adding type registration uuid-char -> org.hibernate.type.UUIDCharType@6fbf5db2
&amp#27;[30m2020-02-08 10:21:42,116&amp#27;[0;39m &amp#27;[39mDEBUG&amp#27;[0;39m [&amp#27;[34mmain&amp#27;[0;39m] &amp#27;[33morg.hibernate.type.BasicTypeRegistry&amp#27;[0;39m: Adding type registration binary -> org.hibernate.type.BinaryType@3ab595c8
&amp#27;[30m2020-02-08 10:21:42,117&amp#27;[0;39m &amp#27;[39mDEBUG&amp#27;[0;39m [&amp#27;[34mmain&amp#27;[0;39m] &amp#27;[33morg.hibernate.type.BasicTypeRegistry&amp#27;[0;39m: Adding type registration byte[] -> org.hibernate.type.BinaryType@3ab595c8
&amp#27;[30m2020-02-08 10:21:42,117&amp#27;[0;39m &amp#27;[39mDEBUG&amp#27;[0;39m [&amp#27;[34mmain&amp#27;[0;39m] &amp#27;[33morg.hibernate.type.BasicTypeRegistry&amp#27;[0;39m: Adding type registration [B -> org.hibernate.type.BinaryType@3ab595c8
&amp#27;[30m2020-02-08 10:21:42,117&amp#27;[0;39m &amp#27;[39mDEBUG&amp#27;[0;39m [&amp#27;[34mmain&amp#27;[0;39m] &amp#27;[33morg.hibernate.type.BasicTypeRegistry&amp#27;[0;39m: Adding type registration wrapper-binary -> org.hibernate.type.WrapperBinaryType@7781263c
&amp#27;[30m2020-02-08 10:21:42,118&amp#27;[0;39m &amp#27;[39mDEBUG&amp#27;[0;39m [&amp#27;[34mmain&amp#27;[0;39m] &amp#27;[33morg.hibernate.type.BasicTypeRegistry&amp#27;[0;39m: Adding type registration Byte[] -> org.hibernate.type.WrapperBinaryType@7781263c
&amp#27;[30m2020-02-08 10:21:42,118&amp#27;[0;39m &amp#27;[39mDEBUG&amp#27;[0;39m [&amp#27;[34mmain&amp#27;[0;39m] &amp#27;[33morg.hibernate.type.BasicTypeRegistry&amp#27;[0;39m: Adding type registration [Ljava.lang.Byte; -> org.hibernate.type.WrapperBinaryType@7781263c
&amp#27;[30m2020-02-08 10:21:42,119&amp#27;[0;39m &amp#27;[39mDEBUG&amp#27;[0;39m [&amp#27;[34mmain&amp#27;[0;39m] &amp#27;[33morg.hibernate.type.BasicTypeRegistry&amp#27;[0;39m: Adding type registration row_version -> org.hibernate.type.RowVersionType@37d3e140
&amp#27;[30m2020-02-08 10:21:42,119&amp#27;[0;39m &amp#27;[39mDEBUG&amp#27;[0;39m [&amp#27;[34mmain&amp#27;[0;39m] &amp#27;[33morg.hibernate.type.BasicTypeRegistry&amp#27;[0;39m: Adding type registration image -> org.hibernate.type.ImageType@a3cba3a
&amp#27;[30m2020-02-08 10:21:42,120&amp#27;[0;39m &amp#27;[39mDEBUG&amp#27;[0;39m [&amp#27;[34mmain&amp#27;[0;39m] &amp#27;[33morg.hibernate.type.BasicTypeRegistry&amp#27;[0;39m: Adding type registration characters -> org.hibernate.type.CharArrayType@6169be09
&amp#27;[30m2020-02-08 10:21:42,120&amp#27;[0;39m &amp#27;[39mDEBUG&amp#27;[0;39m [&amp#27;[34mmain&amp#27;[0;39m] &amp#27;[33morg.hibernate.type.BasicTypeRegistry&amp#27;[0;39m: Adding type registration char[] -> org.hibernate.type.CharArrayType@6169be09
&amp#27;[30m2020-02-08 10:21:42,121&amp#27;[0;39m &amp#27;[39mDEBUG&amp#27;[0;39m [&amp#27;[34mmain&amp#27;[0;39m] &amp#27;[33morg.hibernate.type.BasicTypeRegistry&amp#27;[0;39m: Adding type registration [C -> org.hibernate.type.CharArrayType@6169be09
&amp#27;[30m2020-02-08 10:21:42,121&amp#27;[0;39m &amp#27;[39mDEBUG&amp#27;[0;39m [&amp#27;[34mmain&amp#27;[0;39m] &amp#27;[33morg.hibernate.type.BasicTypeRegistry&amp#27;[0;39m: Adding type registration wrapper-characters -> org.hibernate.type.CharacterArrayType@49c1e294
&amp#27;[30m2020-02-08 10:21:42,122&amp#27;[0;39m &amp#27;[39mDEBUG&amp#27;[0;39m [&amp#27;[34mmain&amp#27;[0;39m] &amp#27;[33morg.hibernate.type.BasicTypeRegistry&amp#27;[0;39m: Adding type registration [Ljava.lang.Character; -> org.hibernate.type.CharacterArrayType@49c1e294
&amp#27;[30m2020-02-08 10:21:42,122&amp#27;[0;39m &amp#27;[39mDEBUG&amp#27;[0;39m [&amp#27;[34mmain&amp#27;[0;39m] &amp#27;[33morg.hibernate.type.BasicTypeRegistry&amp#27;[0;39m: Adding type registration Character[] -> org.hibernate.type.CharacterArrayType@49c1e294
&amp#27;[30m2020-02-08 10:21:42,122&amp#27;[0;39m &amp#27;[39mDEBUG&amp#27;[0;39m [&amp#27;[34mmain&amp#27;[0;39m] &amp#27;[33morg.hibernate.type.BasicTypeRegistry&amp#27;[0;39m: Adding type registration text -> org.hibernate.type.TextType@124eb83d
&amp#27;[30m2020-02-08 10:21:42,123&amp#27;[0;39m &amp#27;[39mDEBUG&amp#27;[0;39m [&amp#27;[34mmain&amp#27;[0;39m] &amp#27;[33morg.hibernate.type.BasicTypeRegistry&amp#27;[0;39m: Adding type registration ntext -> org.hibernate.type.NTextType@4a22e4d7
&amp#27;[30m2020-02-08 10:21:42,123&amp#27;[0;39m &amp#27;[39mDEBUG&amp#27;[0;39m [&amp#27;[34mmain&amp#27;[0;39m] &amp#27;[33morg.hibernate.type.BasicTypeRegistry&amp#27;[0;39m: Adding type registration blob -> org.hibernate.type.BlobType@1e2445f6
&amp#27;[30m2020-02-08 10:21:42,123&amp#27;[0;39m &amp#27;[39mDEBUG&amp#27;[0;39m [&amp#27;[34mmain&amp#27;[0;39m] &amp#27;[33morg.hibernate.type.BasicTypeRegistry&amp#27;[0;39m: Adding type registration java.sql.Blob -> org.hibernate.type.BlobType@1e2445f6
&amp#27;[30m2020-02-08 10:21:42,124&amp#27;[0;39m &amp#27;[39mDEBUG&amp#27;[0;39m [&amp#27;[34mmain&amp#27;[0;39m] &amp#27;[33morg.hibernate.type.BasicTypeRegistry&amp#27;[0;39m: Adding type registration materialized_blob -> org.hibernate.type.MaterializedBlobType@6aea99e7
&amp#27;[30m2020-02-08 10:21:42,124&amp#27;[0;39m &amp#27;[39mDEBUG&amp#27;[0;39m [&amp#27;[34mmain&amp#27;[0;39m] &amp#27;[33morg.hibernate.type.BasicTypeRegistry&amp#27;[0;39m: Adding type registration clob -> org.hibernate.type.ClobType@39652a30
&amp#27;[30m2020-02-08 10:21:42,124&amp#27;[0;39m &amp#27;[39mDEBUG&amp#27;[0;39m [&amp#27;[34mmain&amp#27;[0;39m] &amp#27;[33morg.hibernate.type.BasicTypeRegistry&amp#27;[0;39m: Adding type registration java.sql.Clob -> org.hibernate.type.ClobType@39652a30
&amp#27;[30m2020-02-08 10:21:42,125&amp#27;[0;39m &amp#27;[39mDEBUG&amp#27;[0;39m [&amp#27;[34mmain&amp#27;[0;39m] &amp#27;[33morg.hibernate.type.BasicTypeRegistry&amp#27;[0;39m: Adding type registration nclob -> org.hibernate.type.NClobType@559991f5
&amp#27;[30m2020-02-08 10:21:42,125&amp#27;[0;39m &amp#27;[39mDEBUG&amp#27;[0;39m [&amp#27;[34mmain&amp#27;[0;39m] &amp#27;[33morg.hibernate.type.BasicTypeRegistry&amp#27;[0;39m: Adding type registration java.sql.NClob -> org.hibernate.type.NClobType@559991f5
&amp#27;[30m2020-02-08 10:21:42,125&amp#27;[0;39m &amp#27;[39mDEBUG&amp#27;[0;39m [&amp#27;[34mmain&amp#27;[0;39m] &amp#27;[33morg.hibernate.type.BasicTypeRegistry&amp#27;[0;39m: Adding type registration materialized_clob -> org.hibernate.type.MaterializedClobType@61d60e38
&amp#27;[30m2020-02-08 10:21:42,126&amp#27;[0;39m &amp#27;[39mDEBUG&amp#27;[0;39m [&amp#27;[34mmain&amp#27;[0;39m] &amp#27;[33morg.hibernate.type.BasicTypeRegistry&amp#27;[0;39m: Adding type registration materialized_nclob -> org.hibernate.type.MaterializedNClobType@20256a0b
&amp#27;[30m2020-02-08 10:21:42,126&amp#27;[0;39m &amp#27;[39mDEBUG&amp#27;[0;39m [&amp#27;[34mmain&amp#27;[0;39m] &amp#27;[33morg.hibernate.type.BasicTypeRegistry&amp#27;[0;39m: Adding type registration serializable -> org.hibernate.type.SerializableType@ceb7701
&amp#27;[30m2020-02-08 10:21:42,126&amp#27;[0;39m &amp#27;[39mDEBUG&amp#27;[0;39m [&amp#27;[34mmain&amp#27;[0;39m] &amp#27;[33morg.hibernate.type.BasicTypeRegistry&amp#27;[0;39m: Adding type registration object -> org.hibernate.type.ObjectType@61b60600
&amp#27;[30m2020-02-08 10:21:42,127&amp#27;[0;39m &amp#27;[39mDEBUG&amp#27;[0;39m [&amp#27;[34mmain&amp#27;[0;39m] &amp#27;[33morg.hibernate.type.BasicTypeRegistry&amp#27;[0;39m: Adding type registration java.lang.Object -> org.hibernate.type.ObjectType@61b60600
&amp#27;[30m2020-02-08 10:21:42,127&amp#27;[0;39m &amp#27;[39mDEBUG&amp#27;[0;39m [&amp#27;[34mmain&amp#27;[0;39m] &amp#27;[33morg.hibernate.type.BasicTypeRegistry&amp#27;[0;39m: Adding type registration imm_date -> org.hibernate.type.AdaptedImmutableType@18213a65
&amp#27;[30m2020-02-08 10:21:42,128&amp#27;[0;39m &amp#27;[39mDEBUG&amp#27;[0;39m [&amp#27;[34mmain&amp#27;[0;39m] &amp#27;[33morg.hibernate.type.BasicTypeRegistry&amp#27;[0;39m: Adding type registration imm_time -> org.hibernate.type.AdaptedImmutableType@650929dc
&amp#27;[30m2020-02-08 10:21:42,128&amp#27;[0;39m &amp#27;[39mDEBUG&amp#27;[0;39m [&amp#27;[34mmain&amp#27;[0;39m] &amp#27;[33morg.hibernate.type.BasicTypeRegistry&amp#27;[0;39m: Adding type registration imm_timestamp -> org.hibernate.type.AdaptedImmutableType@1435a8ca
&amp#27;[30m2020-02-08 10:21:42,128&amp#27;[0;39m &amp#27;[39mDEBUG&amp#27;[0;39m [&amp#27;[34mmain&amp#27;[0;39m] &amp#27;[33morg.hibernate.type.BasicTypeRegistry&amp#27;[0;39m: Adding type registration imm_dbtimestamp -> org.hibernate.type.AdaptedImmutableType@781befe7
&amp#27;[30m2020-02-08 10:21:42,129&amp#27;[0;39m &amp#27;[39mDEBUG&amp#27;[0;39m [&amp#27;[34mmain&amp#27;[0;39m] &amp#27;[33morg.hibernate.type.BasicTypeRegistry&amp#27;[0;39m: Adding type registration imm_calendar -> org.hibernate.type.AdaptedImmutableType@69780093
&amp#27;[30m2020-02-08 10:21:42,129&amp#27;[0;39m &amp#27;[39mDEBUG&amp#27;[0;39m [&amp#27;[34mmain&amp#27;[0;39m] &amp#27;[33morg.hibernate.type.BasicTypeRegistry&amp#27;[0;39m: Adding type registration imm_calendar_date -> org.hibernate.type.AdaptedImmutableType@451393a9
&amp#27;[30m2020-02-08 10:21:42,129&amp#27;[0;39m &amp#27;[39mDEBUG&amp#27;[0;39m [&amp#27;[34mmain&amp#27;[0;39m] &amp#27;[33morg.hibernate.type.BasicTypeRegistry&amp#27;[0;39m: Adding type registration imm_binary -> org.hibernate.type.AdaptedImmutableType@7c590039
&amp#27;[30m2020-02-08 10:21:42,130&amp#27;[0;39m &amp#27;[39mDEBUG&amp#27;[0;39m [&amp#27;[34mmain&amp#27;[0;39m] &amp#27;[33morg.hibernate.type.BasicTypeRegistry&amp#27;[0;39m: Adding type registration imm_serializable -> org.hibernate.type.AdaptedImmutableType@5b9aac82
&amp#27;[30m2020-02-08 10:21:42,138&amp#27;[0;39m &amp#27;[39mDEBUG&amp#27;[0;39m [&amp#27;[34mmain&amp#27;[0;39m] &amp#27;[33morg.hibernate.boot.internal.BootstrapContextImpl&amp#27;[0;39m: Injecting JPA temp ClassLoader [org.springframework.instrument.classloading.SimpleThrowawayClassLoader@2b1818d1] into BootstrapContext; was [null]
&amp#27;[30m2020-02-08 10:21:42,139&amp#27;[0;39m &amp#27;[39mDEBUG&amp#27;[0;39m [&amp#27;[34mmain&amp#27;[0;39m] &amp#27;[33morg.hibernate.boot.internal.ClassLoaderAccessImpl&amp#27;[0;39m: ClassLoaderAccessImpl#injectTempClassLoader(org.springframework.instrument.classloading.SimpleThrowawayClassLoader@2b1818d1) [was null]
&amp#27;[30m2020-02-08 10:21:42,139&amp#27;[0;39m &amp#27;[39mDEBUG&amp#27;[0;39m [&amp#27;[34mmain&amp#27;[0;39m] &amp#27;[33morg.hibernate.boot.internal.BootstrapContextImpl&amp#27;[0;39m: Injecting ScanEnvironment [org.hibernate.jpa.boot.internal.StandardJpaScanEnvironmentImpl@1f748d43] into BootstrapContext; was [null]
&amp#27;[30m2020-02-08 10:21:42,140&amp#27;[0;39m &amp#27;[39mDEBUG&amp#27;[0;39m [&amp#27;[34mmain&amp#27;[0;39m] &amp#27;[33morg.hibernate.boot.internal.BootstrapContextImpl&amp#27;[0;39m: Injecting ScanOptions [org.hibernate.boot.archive.scan.internal.StandardScanOptions@1104cc93] into BootstrapContext; was [org.hibernate.boot.archive.scan.internal.StandardScanOptions@19dc9dda]
&amp#27;[30m2020-02-08 10:21:42,147&amp#27;[0;39m &amp#27;[39mDEBUG&amp#27;[0;39m [&amp#27;[34mmain&amp#27;[0;39m] &amp#27;[33morg.hibernate.boot.internal.BootstrapContextImpl&amp#27;[0;39m: Injecting JPA temp ClassLoader [null] into BootstrapContext; was [org.springframework.instrument.classloading.SimpleThrowawayClassLoader@2b1818d1]
&amp#27;[30m2020-02-08 10:21:42,147&amp#27;[0;39m &amp#27;[39mDEBUG&amp#27;[0;39m [&amp#27;[34mmain&amp#27;[0;39m] &amp#27;[33morg.hibernate.boot.internal.ClassLoaderAccessImpl&amp#27;[0;39m: ClassLoaderAccessImpl#injectTempClassLoader(null) [was org.springframework.instrument.classloading.SimpleThrowawayClassLoader@2b1818d1]
&amp#27;[30m2020-02-08 10:21:42,148&amp#27;[0;39m &amp#27;[39mDEBUG&amp#27;[0;39m [&amp#27;[34mmain&amp#27;[0;39m] &amp#27;[33morg.hibernate.id.factory.internal.DefaultIdentifierGeneratorFactory&amp#27;[0;39m: Registering IdentifierGenerator strategy [uuid2] -> [org.hibernate.id.UUIDGenerator]
&amp#27;[30m2020-02-08 10:21:42,148&amp#27;[0;39m &amp#27;[39mDEBUG&amp#27;[0;39m [&amp#27;[34mmain&amp#27;[0;39m] &amp#27;[33morg.hibernate.id.factory.internal.DefaultIdentifierGeneratorFactory&amp#27;[0;39m: Registering IdentifierGenerator strategy [guid] -> [org.hibernate.id.GUIDGenerator]
&amp#27;[30m2020-02-08 10:21:42,149&amp#27;[0;39m &amp#27;[39mDEBUG&amp#27;[0;39m [&amp#27;[34mmain&amp#27;[0;39m] &amp#27;[33morg.hibernate.id.factory.internal.DefaultIdentifierGeneratorFactory&amp#27;[0;39m: Registering IdentifierGenerator strategy [uuid] -> [org.hibernate.id.UUIDHexGenerator]
&amp#27;[30m2020-02-08 10:21:42,149&amp#27;[0;39m &amp#27;[39mDEBUG&amp#27;[0;39m [&amp#27;[34mmain&amp#27;[0;39m] &amp#27;[33morg.hibernate.id.factory.internal.DefaultIdentifierGeneratorFactory&amp#27;[0;39m: Registering IdentifierGenerator strategy [uuid.hex] -> [org.hibernate.id.UUIDHexGenerator]
&amp#27;[30m2020-02-08 10:21:42,149&amp#27;[0;39m &amp#27;[39mDEBUG&amp#27;[0;39m [&amp#27;[34mmain&amp#27;[0;39m] &amp#27;[33morg.hibernate.id.factory.internal.DefaultIdentifierGeneratorFactory&amp#27;[0;39m: Registering IdentifierGenerator strategy [assigned] -> [org.hibernate.id.Assigned]
&amp#27;[30m2020-02-08 10:21:42,150&amp#27;[0;39m &amp#27;[39mDEBUG&amp#27;[0;39m [&amp#27;[34mHikariPool-4 housekeeper&amp#27;[0;39m] &amp#27;[33mcom.zaxxer.hikari.pool.HikariPool&amp#27;[0;39m: HikariPool-4 - Pool stats (total=1, active=0, idle=1, waiting=0)
&amp#27;[30m2020-02-08 10:21:42,150&amp#27;[0;39m &amp#27;[39mDEBUG&amp#27;[0;39m [&amp#27;[34mmain&amp#27;[0;39m] &amp#27;[33morg.hibernate.id.factory.internal.DefaultIdentifierGeneratorFactory&amp#27;[0;39m: Registering IdentifierGenerator strategy [identity] -> [org.hibernate.id.IdentityGenerator]
&amp#27;[30m2020-02-08 10:21:42,155&amp#27;[0;39m &amp#27;[39mDEBUG&amp#27;[0;39m [&amp#27;[34mmain&amp#27;[0;39m] &amp#27;[33morg.hibernate.id.factory.internal.DefaultIdentifierGeneratorFactory&amp#27;[0;39m: Registering IdentifierGenerator strategy [select] -> [org.hibernate.id.SelectGenerator]
&amp#27;[30m2020-02-08 10:21:42,157&amp#27;[0;39m &amp#27;[39mDEBUG&amp#27;[0;39m [&amp#27;[34mmain&amp#27;[0;39m] &amp#27;[33morg.hibernate.id.factory.internal.DefaultIdentifierGeneratorFactory&amp#27;[0;39m: Registering IdentifierGenerator strategy [sequence] -> [org.hibernate.id.enhanced.SequenceStyleGenerator]
&amp#27;[30m2020-02-08 10:21:42,157&amp#27;[0;39m &amp#27;[39mDEBUG&amp#27;[0;39m [&amp#27;[34mmain&amp#27;[0;39m] &amp#27;[33morg.hibernate.id.factory.internal.DefaultIdentifierGeneratorFactory&amp#27;[0;39m: Registering IdentifierGenerator strategy [seqhilo] -> [org.hibernate.id.SequenceHiLoGenerator]
&amp#27;[30m2020-02-08 10:21:42,157&amp#27;[0;39m &amp#27;[39mDEBUG&amp#27;[0;39m [&amp#27;[34mmain&amp#27;[0;39m] &amp#27;[33morg.hibernate.id.factory.internal.DefaultIdentifierGeneratorFactory&amp#27;[0;39m: Registering IdentifierGenerator strategy [increment] -> [org.hibernate.id.IncrementGenerator]
&amp#27;[30m2020-02-08 10:21:42,158&amp#27;[0;39m &amp#27;[39mDEBUG&amp#27;[0;39m [&amp#27;[34mmain&amp#27;[0;39m] &amp#27;[33morg.hibernate.id.factory.internal.DefaultIdentifierGeneratorFactory&amp#27;[0;39m: Registering IdentifierGenerator strategy [foreign] -> [org.hibernate.id.ForeignGenerator]
&amp#27;[30m2020-02-08 10:21:42,158&amp#27;[0;39m &amp#27;[39mDEBUG&amp#27;[0;39m [&amp#27;[34mHikariPool-4 connection adder&amp#27;[0;39m] &amp#27;[33mcom.zaxxer.hikari.pool.HikariPool$PoolEntryCreator&amp#27;[0;39m: HikariPool-4 - Added connection conn39: url=jdbc:h2:mem:db user=SA
&amp#27;[30m2020-02-08 10:21:42,158&amp#27;[0;39m &amp#27;[39mDEBUG&amp#27;[0;39m [&amp#27;[34mmain&amp#27;[0;39m] &amp#27;[33morg.hibernate.id.factory.internal.DefaultIdentifierGeneratorFactory&amp#27;[0;39m: Registering IdentifierGenerator strategy [sequence-identity] -> [org.hibernate.id.SequenceIdentityGenerator]
&amp#27;[30m2020-02-08 10:21:42,159&amp#27;[0;39m &amp#27;[39mDEBUG&amp#27;[0;39m [&amp#27;[34mmain&amp#27;[0;39m] &amp#27;[33morg.hibernate.id.factory.internal.DefaultIdentifierGeneratorFactory&amp#27;[0;39m: Registering IdentifierGenerator strategy [enhanced-sequence] -> [org.hibernate.id.enhanced.SequenceStyleGenerator]
&amp#27;[30m2020-02-08 10:21:42,159&amp#27;[0;39m &amp#27;[39mDEBUG&amp#27;[0;39m [&amp#27;[34mmain&amp#27;[0;39m] &amp#27;[33morg.hibernate.id.factory.internal.DefaultIdentifierGeneratorFactory&amp#27;[0;39m: Registering IdentifierGenerator strategy [enhanced-table] -> [org.hibernate.id.enhanced.TableGenerator]
&amp#27;[30m2020-02-08 10:21:42,160&amp#27;[0;39m &amp#27;[39mDEBUG&amp#27;[0;39m [&amp#27;[34mmain&amp#27;[0;39m] &amp#27;[33morg.hibernate.engine.jdbc.env.internal.JdbcEnvironmentInitiator&amp#27;[0;39m: Database ->
       name : H2
    version : 1.4.199 (2019-03-13)
      major : 1
      minor : 4
&amp#27;[30m2020-02-08 10:21:42,161&amp#27;[0;39m &amp#27;[39mDEBUG&amp#27;[0;39m [&amp#27;[34mmain&amp#27;[0;39m] &amp#27;[33morg.hibernate.engine.jdbc.env.internal.JdbcEnvironmentInitiator&amp#27;[0;39m: Driver ->
       name : H2 JDBC Driver
    version : 1.4.199 (2019-03-13)
      major : 1
      minor : 4
&amp#27;[30m2020-02-08 10:21:42,161&amp#27;[0;39m &amp#27;[39mDEBUG&amp#27;[0;39m [&amp#27;[34mmain&amp#27;[0;39m] &amp#27;[33morg.jboss.logging.DelegatingBasicLogger&amp#27;[0;39m: JDBC version : 4.1
&amp#27;[30m2020-02-08 10:21:42,162&amp#27;[0;39m &amp#27;[34mINFO &amp#27;[0;39m [&amp#27;[34mmain&amp#27;[0;39m] &amp#27;[33morg.hibernate.dialect.Dialect&amp#27;[0;39m: HHH000400: Using dialect: org.hibernate.dialect.H2Dialect
&amp#27;[30m2020-02-08 10:21:42,161&amp#27;[0;39m &amp#27;[39mDEBUG&amp#27;[0;39m [&amp#27;[34mHikariPool-4 connection adder&amp#27;[0;39m] &amp#27;[33mcom.zaxxer.hikari.pool.HikariPool$PoolEntryCreator&amp#27;[0;39m: HikariPool-4 - Added connection conn40: url=jdbc:h2:mem:db user=SA
&amp#27;[30m2020-02-08 10:21:42,189&amp#27;[0;39m &amp#27;[39mDEBUG&amp#27;[0;39m [&amp#27;[34mmain&amp#27;[0;39m] &amp#27;[33morg.hibernate.engine.jdbc.env.spi.IdentifierHelperBuilder&amp#27;[0;39m: JDBC driver metadata reported database stores quoted identifiers in neither upper, lower nor mixed case
&amp#27;[30m2020-02-08 10:21:42,190&amp#27;[0;39m &amp#27;[39mDEBUG&amp#27;[0;39m [&amp#27;[34mHikariPool-4 connection adder&amp#27;[0;39m] &amp#27;[33mcom.zaxxer.hikari.pool.HikariPool$PoolEntryCreator&amp#27;[0;39m: HikariPool-4 - Added connection conn41: url=jdbc:h2:mem:db user=SA
&amp#27;[30m2020-02-08 10:21:42,196&amp#27;[0;39m &amp#27;[39mDEBUG&amp#27;[0;39m [&amp#27;[34mHikariPool-4 connection adder&amp#27;[0;39m] &amp#27;[33mcom.zaxxer.hikari.pool.HikariPool$PoolEntryCreator&amp#27;[0;39m: HikariPool-4 - Added connection conn42: url=jdbc:h2:mem:db user=SA
&amp#27;[30m2020-02-08 10:21:42,197&amp#27;[0;39m &amp#27;[39mDEBUG&amp#27;[0;39m [&amp#27;[34mHikariPool-4 connection adder&amp#27;[0;39m] &amp#27;[33mcom.zaxxer.hikari.pool.HikariPool$PoolEntryCreator&amp#27;[0;39m: HikariPool-4 - Added connection conn43: url=jdbc:h2:mem:db user=SA
&amp#27;[30m2020-02-08 10:21:42,197&amp#27;[0;39m &amp#27;[39mDEBUG&amp#27;[0;39m [&amp#27;[34mHikariPool-4 connection adder&amp#27;[0;39m] &amp#27;[33mcom.zaxxer.hikari.pool.HikariPool$PoolEntryCreator&amp#27;[0;39m: HikariPool-4 - Added connection conn44: url=jdbc:h2:mem:db user=SA
&amp#27;[30m2020-02-08 10:21:42,199&amp#27;[0;39m &amp#27;[39mDEBUG&amp#27;[0;39m [&amp#27;[34mmain&amp#27;[0;39m] &amp#27;[33morg.hibernate.boot.model.relational.Namespace&amp#27;[0;39m: Created database namespace [logicalName=Name{catalog=null, schema=null}, physicalName=Name{catalog=null, schema=null}]
&amp#27;[30m2020-02-08 10:21:42,201&amp#27;[0;39m &amp#27;[39mDEBUG&amp#27;[0;39m [&amp#27;[34mHikariPool-4 connection adder&amp#27;[0;39m] &amp#27;[33mcom.zaxxer.hikari.pool.HikariPool$PoolEntryCreator&amp#27;[0;39m: HikariPool-4 - Added connection conn45: url=jdbc:h2:mem:db user=SA
&amp#27;[30m2020-02-08 10:21:42,202&amp#27;[0;39m &amp#27;[39mDEBUG&amp#27;[0;39m [&amp#27;[34mmain&amp#27;[0;39m] &amp#27;[33morg.hibernate.type.spi.TypeConfiguration&amp#27;[0;39m: Scoping TypeConfiguration [org.hibernate.type.spi.TypeConfiguration@309d9033] to MetadataBuildingContext [org.hibernate.boot.internal.MetadataBuildingContextRootImpl@5ebd80f8]
&amp#27;[30m2020-02-08 10:21:42,203&amp#27;[0;39m &amp#27;[39mDEBUG&amp#27;[0;39m [&amp#27;[34mHikariPool-4 connection adder&amp#27;[0;39m] &amp#27;[33mcom.zaxxer.hikari.pool.HikariPool$PoolEntryCreator&amp#27;[0;39m: HikariPool-4 - Added connection conn46: url=jdbc:h2:mem:db user=SA
&amp#27;[30m2020-02-08 10:21:42,207&amp#27;[0;39m &amp#27;[39mDEBUG&amp#27;[0;39m [&amp#27;[34mHikariPool-4 connection adder&amp#27;[0;39m] &amp#27;[33mcom.zaxxer.hikari.pool.HikariPool$PoolEntryCreator&amp#27;[0;39m: HikariPool-4 - Added connection conn47: url=jdbc:h2:mem:db user=SA
&amp#27;[30m2020-02-08 10:21:42,207&amp#27;[0;39m &amp#27;[39mDEBUG&amp#27;[0;39m [&amp#27;[34mHikariPool-4 connection adder&amp#27;[0;39m] &amp#27;[33mcom.zaxxer.hikari.pool.HikariPool&amp#27;[0;39m: HikariPool-4 - After adding stats (total=10, active=0, idle=10, waiting=0)
&amp#27;[30m2020-02-08 10:21:42,207&amp#27;[0;39m &amp#27;[39mDEBUG&amp#27;[0;39m [&amp#27;[34mmain&amp#27;[0;39m] &amp#27;[33morg.hibernate.cfg.AnnotationBinder&amp#27;[0;39m: Binding entity from annotated class: in.rgukt.r081247.universityapi.entity.Course
&amp#27;[30m2020-02-08 10:21:42,208&amp#27;[0;39m &amp#27;[39mDEBUG&amp#27;[0;39m [&amp#27;[34mmain&amp#27;[0;39m] &amp#27;[33morg.hibernate.cfg.Ejb3Column&amp#27;[0;39m: Binding column: Ejb3DiscriminatorColumn{logicalColumnName'DTYPE', discriminatorTypeName='string'}
&amp#27;[30m2020-02-08 10:21:42,209&amp#27;[0;39m &amp#27;[39mDEBUG&amp#27;[0;39m [&amp#27;[34mmain&amp#27;[0;39m] &amp#27;[33morg.hibernate.cfg.annotations.EntityBinder&amp#27;[0;39m: Import with entity name Course
&amp#27;[30m2020-02-08 10:21:42,209&amp#27;[0;39m &amp#27;[39mDEBUG&amp#27;[0;39m [&amp#27;[34mmain&amp#27;[0;39m] &amp#27;[33morg.hibernate.cfg.annotations.EntityBinder&amp#27;[0;39m: Bind entity in.rgukt.r081247.universityapi.entity.Course on table course
&amp#27;[30m2020-02-08 10:21:42,213&amp#27;[0;39m &amp#27;[39mDEBUG&amp#27;[0;39m [&amp#27;[34mmain&amp#27;[0;39m] &amp#27;[33morg.hibernate.cfg.Ejb3Column&amp#27;[0;39m: Binding column: Ejb3Column{table=org.hibernate.mapping.Table(course), mappingColumn=id, insertable=true, updatable=true, unique=false}
&amp#27;[30m2020-02-08 10:21:42,213&amp#27;[0;39m &amp#27;[39mDEBUG&amp#27;[0;39m [&amp#27;[34mmain&amp#27;[0;39m] &amp#27;[33morg.hibernate.cfg.annotations.PropertyBinder&amp#27;[0;39m: MetadataSourceProcessor property id with lazy=false
&amp#27;[30m2020-02-08 10:21:42,214&amp#27;[0;39m &amp#27;[39mDEBUG&amp#27;[0;39m [&amp#27;[34mmain&amp#27;[0;39m] &amp#27;[33morg.hibernate.cfg.AbstractPropertyHolder&amp#27;[0;39m: Attempting to locate auto-apply AttributeConverter for property [in.rgukt.r081247.universityapi.entity.Course:id]
&amp#27;[30m2020-02-08 10:21:42,214&amp#27;[0;39m &amp#27;[39mDEBUG&amp#27;[0;39m [&amp#27;[34mmain&amp#27;[0;39m] &amp#27;[33morg.hibernate.cfg.annotations.SimpleValueBinder&amp#27;[0;39m: building SimpleValue for id
&amp#27;[30m2020-02-08 10:21:42,214&amp#27;[0;39m &amp#27;[39mDEBUG&amp#27;[0;39m [&amp#27;[34mmain&amp#27;[0;39m] &amp#27;[33morg.hibernate.cfg.annotations.PropertyBinder&amp#27;[0;39m: Building property id
&amp#27;[30m2020-02-08 10:21:42,214&amp#27;[0;39m &amp#27;[39mDEBUG&amp#27;[0;39m [&amp#27;[34mmain&amp#27;[0;39m] &amp#27;[33morg.hibernate.cfg.BinderHelper&amp#27;[0;39m: #makeIdGenerator(org.hibernate.mapping.SimpleValue([org.hibernate.mapping.Column(id)]), id, identity, , ...)
&amp#27;[30m2020-02-08 10:21:42,217&amp#27;[0;39m &amp#27;[39mDEBUG&amp#27;[0;39m [&amp#27;[34mmain&amp#27;[0;39m] &amp#27;[33morg.hibernate.cfg.Ejb3Column&amp#27;[0;39m: Binding column: Ejb3JoinColumn{logicalColumnName='DEPARTMENT_ID', referencedColumn='', mappedBy=''}
&amp#27;[30m2020-02-08 10:21:42,217&amp#27;[0;39m &amp#27;[39mDEBUG&amp#27;[0;39m [&amp#27;[34mmain&amp#27;[0;39m] &amp#27;[33morg.hibernate.cfg.Ejb3Column&amp#27;[0;39m: Binding column: Ejb3Column{table=org.hibernate.mapping.Table(course), mappingColumn=department, insertable=true, updatable=true, unique=false}
&amp#27;[30m2020-02-08 10:21:42,218&amp#27;[0;39m &amp#27;[39mDEBUG&amp#27;[0;39m [&amp#27;[34mmain&amp#27;[0;39m] &amp#27;[33morg.hibernate.cfg.annotations.PropertyBinder&amp#27;[0;39m: Building property department
&amp#27;[30m2020-02-08 10:21:42,218&amp#27;[0;39m &amp#27;[39mDEBUG&amp#27;[0;39m [&amp#27;[34mmain&amp#27;[0;39m] &amp#27;[33morg.hibernate.cfg.Ejb3Column&amp#27;[0;39m: Binding column: Ejb3Column{table=org.hibernate.mapping.Table(course), mappingColumn=name, insertable=true, updatable=true, unique=false}
&amp#27;[30m2020-02-08 10:21:42,219&amp#27;[0;39m &amp#27;[39mDEBUG&amp#27;[0;39m [&amp#27;[34mmain&amp#27;[0;39m] &amp#27;[33morg.hibernate.cfg.annotations.PropertyBinder&amp#27;[0;39m: MetadataSourceProcessor property name with lazy=false
&amp#27;[30m2020-02-08 10:21:42,220&amp#27;[0;39m &amp#27;[39mDEBUG&amp#27;[0;39m [&amp#27;[34mmain&amp#27;[0;39m] &amp#27;[33morg.hibernate.cfg.AbstractPropertyHolder&amp#27;[0;39m: Attempting to locate auto-apply AttributeConverter for property [in.rgukt.r081247.universityapi.entity.Course:name]
&amp#27;[30m2020-02-08 10:21:42,221&amp#27;[0;39m &amp#27;[39mDEBUG&amp#27;[0;39m [&amp#27;[34mmain&amp#27;[0;39m] &amp#27;[33morg.hibernate.cfg.annotations.SimpleValueBinder&amp#27;[0;39m: building SimpleValue for name
&amp#27;[30m2020-02-08 10:21:42,221&amp#27;[0;39m &amp#27;[39mDEBUG&amp#27;[0;39m [&amp#27;[34mmain&amp#27;[0;39m] &amp#27;[33morg.hibernate.cfg.annotations.PropertyBinder&amp#27;[0;39m: Building property name
&amp#27;[30m2020-02-08 10:21:42,223&amp#27;[0;39m &amp#27;[39mDEBUG&amp#27;[0;39m [&amp#27;[34mmain&amp#27;[0;39m] &amp#27;[33morg.hibernate.cfg.Ejb3Column&amp#27;[0;39m: Binding column: Ejb3Column{table=org.hibernate.mapping.Table(course), mappingColumn=null, insertable=true, updatable=true, unique=false}
&amp#27;[30m2020-02-08 10:21:42,223&amp#27;[0;39m &amp#27;[39mDEBUG&amp#27;[0;39m [&amp#27;[34mmain&amp#27;[0;39m] &amp#27;[33morg.hibernate.cfg.Ejb3Column&amp#27;[0;39m: Binding column: Ejb3Column{table=org.hibernate.mapping.Table(course), mappingColumn=element, insertable=true, updatable=true, unique=false}
&amp#27;[30m2020-02-08 10:21:42,224&amp#27;[0;39m &amp#27;[39mDEBUG&amp#27;[0;39m [&amp#27;[34mmain&amp#27;[0;39m] &amp#27;[33morg.hibernate.cfg.Ejb3Column&amp#27;[0;39m: Binding column: Ejb3Column{table=org.hibernate.mapping.Table(course), mappingColumn=students_key, insertable=true, updatable=true, unique=false}
&amp#27;[30m2020-02-08 10:21:42,224&amp#27;[0;39m &amp#27;[39mDEBUG&amp#27;[0;39m [&amp#27;[34mmain&amp#27;[0;39m] &amp#27;[33morg.hibernate.cfg.Ejb3Column&amp#27;[0;39m: Binding column: Ejb3JoinColumn{logicalColumnName='students_KEY', referencedColumn='null', mappedBy='null'}
&amp#27;[30m2020-02-08 10:21:42,225&amp#27;[0;39m &amp#27;[39mDEBUG&amp#27;[0;39m [&amp#27;[34mmain&amp#27;[0;39m] &amp#27;[33morg.hibernate.cfg.Ejb3Column&amp#27;[0;39m: Binding column: Ejb3JoinColumn{logicalColumnName='null', referencedColumn='null', mappedBy='courses'}
&amp#27;[30m2020-02-08 10:21:42,225&amp#27;[0;39m &amp#27;[39mDEBUG&amp#27;[0;39m [&amp#27;[34mmain&amp#27;[0;39m] &amp#27;[33morg.hibernate.cfg.Ejb3Column&amp#27;[0;39m: Binding column: Ejb3JoinColumn{logicalColumnName='null', referencedColumn='null', mappedBy='courses'}
&amp#27;[30m2020-02-08 10:21:42,225&amp#27;[0;39m &amp#27;[39mDEBUG&amp#27;[0;39m [&amp#27;[34mmain&amp#27;[0;39m] &amp#27;[33morg.hibernate.cfg.annotations.CollectionBinder&amp#27;[0;39m: Collection role: in.rgukt.r081247.universityapi.entity.Course.students
&amp#27;[30m2020-02-08 10:21:42,225&amp#27;[0;39m &amp#27;[39mDEBUG&amp#27;[0;39m [&amp#27;[34mmain&amp#27;[0;39m] &amp#27;[33morg.hibernate.cfg.annotations.PropertyBinder&amp#27;[0;39m: Building property students
&amp#27;[30m2020-02-08 10:21:42,225&amp#27;[0;39m &amp#27;[39mDEBUG&amp#27;[0;39m [&amp#27;[34mmain&amp#27;[0;39m] &amp#27;[33morg.hibernate.cfg.AnnotationBinder&amp#27;[0;39m: Binding entity from annotated class: in.rgukt.r081247.universityapi.entity.Department
&amp#27;[30m2020-02-08 10:21:42,226&amp#27;[0;39m &amp#27;[39mDEBUG&amp#27;[0;39m [&amp#27;[34mmain&amp#27;[0;39m] &amp#27;[33morg.hibernate.cfg.Ejb3Column&amp#27;[0;39m: Binding column: Ejb3DiscriminatorColumn{logicalColumnName'DTYPE', discriminatorTypeName='string'}
&amp#27;[30m2020-02-08 10:21:42,226&amp#27;[0;39m &amp#27;[39mDEBUG&amp#27;[0;39m [&amp#27;[34mmain&amp#27;[0;39m] &amp#27;[33morg.hibernate.cfg.annotations.EntityBinder&amp#27;[0;39m: Import with entity name Department
&amp#27;[30m2020-02-08 10:21:42,226&amp#27;[0;39m &amp#27;[39mDEBUG&amp#27;[0;39m [&amp#27;[34mmain&amp#27;[0;39m] &amp#27;[33morg.hibernate.cfg.annotations.EntityBinder&amp#27;[0;39m: Bind entity in.rgukt.r081247.universityapi.entity.Department on table department
&amp#27;[30m2020-02-08 10:21:42,227&amp#27;[0;39m &amp#27;[39mDEBUG&amp#27;[0;39m [&amp#27;[34mmain&amp#27;[0;39m] &amp#27;[33morg.hibernate.cfg.Ejb3Column&amp#27;[0;39m: Binding column: Ejb3Column{table=org.hibernate.mapping.Table(department), mappingColumn=id, insertable=true, updatable=true, unique=false}
&amp#27;[30m2020-02-08 10:21:42,240&amp#27;[0;39m &amp#27;[39mDEBUG&amp#27;[0;39m [&amp#27;[34mmain&amp#27;[0;39m] &amp#27;[33morg.hibernate.cfg.annotations.PropertyBinder&amp#27;[0;39m: MetadataSourceProcessor property id with lazy=false
&amp#27;[30m2020-02-08 10:21:42,240&amp#27;[0;39m &amp#27;[39mDEBUG&amp#27;[0;39m [&amp#27;[34mmain&amp#27;[0;39m] &amp#27;[33morg.hibernate.cfg.AbstractPropertyHolder&amp#27;[0;39m: Attempting to locate auto-apply AttributeConverter for property [in.rgukt.r081247.universityapi.entity.Department:id]
&amp#27;[30m2020-02-08 10:21:42,240&amp#27;[0;39m &amp#27;[39mDEBUG&amp#27;[0;39m [&amp#27;[34mmain&amp#27;[0;39m] &amp#27;[33morg.hibernate.cfg.annotations.SimpleValueBinder&amp#27;[0;39m: building SimpleValue for id
&amp#27;[30m2020-02-08 10:21:42,240&amp#27;[0;39m &amp#27;[39mDEBUG&amp#27;[0;39m [&amp#27;[34mmain&amp#27;[0;39m] &amp#27;[33morg.hibernate.cfg.annotations.PropertyBinder&amp#27;[0;39m: Building property id
&amp#27;[30m2020-02-08 10:21:42,241&amp#27;[0;39m &amp#27;[39mDEBUG&amp#27;[0;39m [&amp#27;[34mmain&amp#27;[0;39m] &amp#27;[33morg.hibernate.cfg.BinderHelper&amp#27;[0;39m: #makeIdGenerator(org.hibernate.mapping.SimpleValue([org.hibernate.mapping.Column(id)]), id, identity, , ...)
&amp#27;[30m2020-02-08 10:21:42,241&amp#27;[0;39m &amp#27;[39mDEBUG&amp#27;[0;39m [&amp#27;[34mmain&amp#27;[0;39m] &amp#27;[33morg.hibernate.cfg.Ejb3Column&amp#27;[0;39m: Binding column: Ejb3JoinColumn{logicalColumnName='null', referencedColumn='null', mappedBy='department'}
&amp#27;[30m2020-02-08 10:21:42,241&amp#27;[0;39m &amp#27;[39mDEBUG&amp#27;[0;39m [&amp#27;[34mmain&amp#27;[0;39m] &amp#27;[33morg.hibernate.cfg.Ejb3Column&amp#27;[0;39m: Binding column: Ejb3Column{table=org.hibernate.mapping.Table(department), mappingColumn=courses, insertable=true, updatable=true, unique=false}
&amp#27;[30m2020-02-08 10:21:42,242&amp#27;[0;39m &amp#27;[39mDEBUG&amp#27;[0;39m [&amp#27;[34mmain&amp#27;[0;39m] &amp#27;[33morg.hibernate.cfg.Ejb3Column&amp#27;[0;39m: Binding column: Ejb3Column{table=org.hibernate.mapping.Table(department), mappingColumn=null, insertable=true, updatable=true, unique=false}
&amp#27;[30m2020-02-08 10:21:42,242&amp#27;[0;39m &amp#27;[39mDEBUG&amp#27;[0;39m [&amp#27;[34mmain&amp#27;[0;39m] &amp#27;[33morg.hibernate.cfg.Ejb3Column&amp#27;[0;39m: Binding column: Ejb3Column{table=org.hibernate.mapping.Table(department), mappingColumn=element, insertable=true, updatable=true, unique=false}
&amp#27;[30m2020-02-08 10:21:42,242&amp#27;[0;39m &amp#27;[39mDEBUG&amp#27;[0;39m [&amp#27;[34mmain&amp#27;[0;39m] &amp#27;[33morg.hibernate.cfg.Ejb3Column&amp#27;[0;39m: Binding column: Ejb3Column{table=org.hibernate.mapping.Table(department), mappingColumn=courses_key, insertable=true, updatable=true, unique=false}
&amp#27;[30m2020-02-08 10:21:42,246&amp#27;[0;39m &amp#27;[39mDEBUG&amp#27;[0;39m [&amp#27;[34mmain&amp#27;[0;39m] &amp#27;[33morg.hibernate.cfg.Ejb3Column&amp#27;[0;39m: Binding column: Ejb3JoinColumn{logicalColumnName='courses_KEY', referencedColumn='null', mappedBy='null'}
&amp#27;[30m2020-02-08 10:21:42,247&amp#27;[0;39m &amp#27;[39mDEBUG&amp#27;[0;39m [&amp#27;[34mmain&amp#27;[0;39m] &amp#27;[33morg.hibernate.cfg.Ejb3Column&amp#27;[0;39m: Binding column: Ejb3JoinColumn{logicalColumnName='null', referencedColumn='null', mappedBy='department'}
&amp#27;[30m2020-02-08 10:21:42,247&amp#27;[0;39m &amp#27;[39mDEBUG&amp#27;[0;39m [&amp#27;[34mmain&amp#27;[0;39m] &amp#27;[33morg.hibernate.cfg.Ejb3Column&amp#27;[0;39m: Binding column: Ejb3JoinColumn{logicalColumnName='null', referencedColumn='null', mappedBy='department'}
&amp#27;[30m2020-02-08 10:21:42,247&amp#27;[0;39m &amp#27;[39mDEBUG&amp#27;[0;39m [&amp#27;[34mmain&amp#27;[0;39m] &amp#27;[33morg.hibernate.cfg.annotations.CollectionBinder&amp#27;[0;39m: Collection role: in.rgukt.r081247.universityapi.entity.Department.courses
&amp#27;[30m2020-02-08 10:21:42,247&amp#27;[0;39m &amp#27;[39mDEBUG&amp#27;[0;39m [&amp#27;[34mmain&amp#27;[0;39m] &amp#27;[33morg.hibernate.cfg.annotations.PropertyBinder&amp#27;[0;39m: Building property courses
&amp#27;[30m2020-02-08 10:21:42,248&amp#27;[0;39m &amp#27;[39mDEBUG&amp#27;[0;39m [&amp#27;[34mmain&amp#27;[0;39m] &amp#27;[33morg.hibernate.cfg.Ejb3Column&amp#27;[0;39m: Binding column: Ejb3Column{table=org.hibernate.mapping.Table(department), mappingColumn=name, insertable=true, updatable=true, unique=false}
&amp#27;[30m2020-02-08 10:21:42,248&amp#27;[0;39m &amp#27;[39mDEBUG&amp#27;[0;39m [&amp#27;[34mmain&amp#27;[0;39m] &amp#27;[33morg.hibernate.cfg.annotations.PropertyBinder&amp#27;[0;39m: MetadataSourceProcessor property name with lazy=false
&amp#27;[30m2020-02-08 10:21:42,248&amp#27;[0;39m &amp#27;[39mDEBUG&amp#27;[0;39m [&amp#27;[34mmain&amp#27;[0;39m] &amp#27;[33morg.hibernate.cfg.AbstractPropertyHolder&amp#27;[0;39m: Attempting to locate auto-apply AttributeConverter for property [in.rgukt.r081247.universityapi.entity.Department:name]
&amp#27;[30m2020-02-08 10:21:42,249&amp#27;[0;39m &amp#27;[39mDEBUG&amp#27;[0;39m [&amp#27;[34mmain&amp#27;[0;39m] &amp#27;[33morg.hibernate.cfg.annotations.SimpleValueBinder&amp#27;[0;39m: building SimpleValue for name
&amp#27;[30m2020-02-08 10:21:42,249&amp#27;[0;39m &amp#27;[39mDEBUG&amp#27;[0;39m [&amp#27;[34mmain&amp#27;[0;39m] &amp#27;[33morg.hibernate.cfg.annotations.PropertyBinder&amp#27;[0;39m: Building property name
&amp#27;[30m2020-02-08 10:21:42,249&amp#27;[0;39m &amp#27;[39mDEBUG&amp#27;[0;39m [&amp#27;[34mmain&amp#27;[0;39m] &amp#27;[33morg.hibernate.cfg.AnnotationBinder&amp#27;[0;39m: Binding entity from annotated class: in.rgukt.r081247.universityapi.entity.Student
&amp#27;[30m2020-02-08 10:21:42,249&amp#27;[0;39m &amp#27;[39mDEBUG&amp#27;[0;39m [&amp#27;[34mmain&amp#27;[0;39m] &amp#27;[33morg.hibernate.cfg.Ejb3Column&amp#27;[0;39m: Binding column: Ejb3DiscriminatorColumn{logicalColumnName'DTYPE', discriminatorTypeName='string'}
&amp#27;[30m2020-02-08 10:21:42,250&amp#27;[0;39m &amp#27;[39mDEBUG&amp#27;[0;39m [&amp#27;[34mmain&amp#27;[0;39m] &amp#27;[33morg.hibernate.cfg.annotations.EntityBinder&amp#27;[0;39m: Import with entity name Student
&amp#27;[30m2020-02-08 10:21:42,250&amp#27;[0;39m &amp#27;[39mDEBUG&amp#27;[0;39m [&amp#27;[34mmain&amp#27;[0;39m] &amp#27;[33morg.hibernate.cfg.annotations.EntityBinder&amp#27;[0;39m: Bind entity in.rgukt.r081247.universityapi.entity.Student on table student
&amp#27;[30m2020-02-08 10:21:42,251&amp#27;[0;39m &amp#27;[39mDEBUG&amp#27;[0;39m [&amp#27;[34mmain&amp#27;[0;39m] &amp#27;[33morg.hibernate.cfg.Ejb3Column&amp#27;[0;39m: Binding column: Ejb3Column{table=org.hibernate.mapping.Table(student), mappingColumn=id, insertable=true, updatable=true, unique=false}
&amp#27;[30m2020-02-08 10:21:42,251&amp#27;[0;39m &amp#27;[39mDEBUG&amp#27;[0;39m [&amp#27;[34mmain&amp#27;[0;39m] &amp#27;[33morg.hibernate.cfg.annotations.PropertyBinder&amp#27;[0;39m: MetadataSourceProcessor property id with lazy=false
&amp#27;[30m2020-02-08 10:21:42,251&amp#27;[0;39m &amp#27;[39mDEBUG&amp#27;[0;39m [&amp#27;[34mmain&amp#27;[0;39m] &amp#27;[33morg.hibernate.cfg.AbstractPropertyHolder&amp#27;[0;39m: Attempting to locate auto-apply AttributeConverter for property [in.rgukt.r081247.universityapi.entity.Student:id]
&amp#27;[30m2020-02-08 10:21:42,252&amp#27;[0;39m &amp#27;[39mDEBUG&amp#27;[0;39m [&amp#27;[34mmain&amp#27;[0;39m] &amp#27;[33morg.hibernate.cfg.annotations.SimpleValueBinder&amp#27;[0;39m: building SimpleValue for id
&amp#27;[30m2020-02-08 10:21:42,252&amp#27;[0;39m &amp#27;[39mDEBUG&amp#27;[0;39m [&amp#27;[34mmain&amp#27;[0;39m] &amp#27;[33morg.hibernate.cfg.annotations.PropertyBinder&amp#27;[0;39m: Building property id
&amp#27;[30m2020-02-08 10:21:42,252&amp#27;[0;39m &amp#27;[39mDEBUG&amp#27;[0;39m [&amp#27;[34mmain&amp#27;[0;39m] &amp#27;[33morg.hibernate.cfg.BinderHelper&amp#27;[0;39m: #makeIdGenerator(org.hibernate.mapping.SimpleValue([org.hibernate.mapping.Column(id)]), id, identity, , ...)
&amp#27;[30m2020-02-08 10:21:42,253&amp#27;[0;39m &amp#27;[39mDEBUG&amp#27;[0;39m [&amp#27;[34mmain&amp#27;[0;39m] &amp#27;[33morg.hibernate.cfg.Ejb3Column&amp#27;[0;39m: Binding column: Ejb3Column{table=org.hibernate.mapping.Table(student), mappingColumn=null, insertable=true, updatable=true, unique=false}
&amp#27;[30m2020-02-08 10:21:42,253&amp#27;[0;39m &amp#27;[39mDEBUG&amp#27;[0;39m [&amp#27;[34mmain&amp#27;[0;39m] &amp#27;[33morg.hibernate.cfg.Ejb3Column&amp#27;[0;39m: Binding column: Ejb3Column{table=org.hibernate.mapping.Table(student), mappingColumn=element, insertable=true, updatable=true, unique=false}
&amp#27;[30m2020-02-08 10:21:42,253&amp#27;[0;39m &amp#27;[39mDEBUG&amp#27;[0;39m [&amp#27;[34mmain&amp#27;[0;39m] &amp#27;[33morg.hibernate.cfg.Ejb3Column&amp#27;[0;39m: Binding column: Ejb3Column{table=org.hibernate.mapping.Table(student), mappingColumn=courses_key, insertable=true, updatable=true, unique=false}
&amp#27;[30m2020-02-08 10:21:42,254&amp#27;[0;39m &amp#27;[39mDEBUG&amp#27;[0;39m [&amp#27;[34mmain&amp#27;[0;39m] &amp#27;[33morg.hibernate.cfg.Ejb3Column&amp#27;[0;39m: Binding column: Ejb3JoinColumn{logicalColumnName='courses_KEY', referencedColumn='null', mappedBy='null'}
&amp#27;[30m2020-02-08 10:21:42,254&amp#27;[0;39m &amp#27;[39mDEBUG&amp#27;[0;39m [&amp#27;[34mmain&amp#27;[0;39m] &amp#27;[33morg.hibernate.cfg.Ejb3Column&amp#27;[0;39m: Binding column: Ejb3JoinColumn{logicalColumnName='STUDENT_ID', referencedColumn='', mappedBy=''}
&amp#27;[30m2020-02-08 10:21:42,254&amp#27;[0;39m &amp#27;[39mDEBUG&amp#27;[0;39m [&amp#27;[34mmain&amp#27;[0;39m] &amp#27;[33morg.hibernate.cfg.Ejb3Column&amp#27;[0;39m: Binding column: Ejb3JoinColumn{logicalColumnName='COURSE_ID', referencedColumn='', mappedBy=''}
&amp#27;[30m2020-02-08 10:21:42,254&amp#27;[0;39m &amp#27;[39mDEBUG&amp#27;[0;39m [&amp#27;[34mmain&amp#27;[0;39m] &amp#27;[33morg.hibernate.cfg.annotations.CollectionBinder&amp#27;[0;39m: Collection role: in.rgukt.r081247.universityapi.entity.Student.courses
&amp#27;[30m2020-02-08 10:21:42,255&amp#27;[0;39m &amp#27;[39mDEBUG&amp#27;[0;39m [&amp#27;[34mmain&amp#27;[0;39m] &amp#27;[33morg.hibernate.cfg.annotations.PropertyBinder&amp#27;[0;39m: Building property courses
&amp#27;[30m2020-02-08 10:21:42,255&amp#27;[0;39m &amp#27;[39mDEBUG&amp#27;[0;39m [&amp#27;[34mmain&amp#27;[0;39m] &amp#27;[33morg.hibernate.cfg.Ejb3Column&amp#27;[0;39m: Binding column: Ejb3Column{table=org.hibernate.mapping.Table(student), mappingColumn=dob, insertable=true, updatable=true, unique=false}
&amp#27;[30m2020-02-08 10:21:42,257&amp#27;[0;39m &amp#27;[39mDEBUG&amp#27;[0;39m [&amp#27;[34mmain&amp#27;[0;39m] &amp#27;[33morg.hibernate.cfg.annotations.PropertyBinder&amp#27;[0;39m: MetadataSourceProcessor property dob with lazy=false
&amp#27;[30m2020-02-08 10:21:42,258&amp#27;[0;39m &amp#27;[39mDEBUG&amp#27;[0;39m [&amp#27;[34mmain&amp#27;[0;39m] &amp#27;[33morg.hibernate.cfg.AbstractPropertyHolder&amp#27;[0;39m: Attempting to locate auto-apply AttributeConverter for property [in.rgukt.r081247.universityapi.entity.Student:dob]
&amp#27;[30m2020-02-08 10:21:42,258&amp#27;[0;39m &amp#27;[39mDEBUG&amp#27;[0;39m [&amp#27;[34mmain&amp#27;[0;39m] &amp#27;[33morg.hibernate.cfg.annotations.SimpleValueBinder&amp#27;[0;39m: building SimpleValue for dob
&amp#27;[30m2020-02-08 10:21:42,258&amp#27;[0;39m &amp#27;[39mDEBUG&amp#27;[0;39m [&amp#27;[34mmain&amp#27;[0;39m] &amp#27;[33morg.hibernate.cfg.annotations.PropertyBinder&amp#27;[0;39m: Building property dob
&amp#27;[30m2020-02-08 10:21:42,258&amp#27;[0;39m &amp#27;[39mDEBUG&amp#27;[0;39m [&amp#27;[34mmain&amp#27;[0;39m] &amp#27;[33morg.hibernate.cfg.Ejb3Column&amp#27;[0;39m: Binding column: Ejb3Column{table=org.hibernate.mapping.Table(student), mappingColumn=name, insertable=true, updatable=true, unique=false}
&amp#27;[30m2020-02-08 10:21:42,259&amp#27;[0;39m &amp#27;[39mDEBUG&amp#27;[0;39m [&amp#27;[34mmain&amp#27;[0;39m] &amp#27;[33morg.hibernate.cfg.annotations.PropertyBinder&amp#27;[0;39m: MetadataSourceProcessor property name with lazy=false
&amp#27;[30m2020-02-08 10:21:42,259&amp#27;[0;39m &amp#27;[39mDEBUG&amp#27;[0;39m [&amp#27;[34mmain&amp#27;[0;39m] &amp#27;[33morg.hibernate.cfg.AbstractPropertyHolder&amp#27;[0;39m: Attempting to locate auto-apply AttributeConverter for property [in.rgukt.r081247.universityapi.entity.Student:name]
&amp#27;[30m2020-02-08 10:21:42,259&amp#27;[0;39m &amp#27;[39mDEBUG&amp#27;[0;39m [&amp#27;[34mmain&amp#27;[0;39m] &amp#27;[33morg.hibernate.cfg.annotations.SimpleValueBinder&amp#27;[0;39m: building SimpleValue for name
&amp#27;[30m2020-02-08 10:21:42,259&amp#27;[0;39m &amp#27;[39mDEBUG&amp#27;[0;39m [&amp#27;[34mmain&amp#27;[0;39m] &amp#27;[33morg.hibernate.cfg.annotations.PropertyBinder&amp#27;[0;39m: Building property name
&amp#27;[30m2020-02-08 10:21:42,260&amp#27;[0;39m &amp#27;[39mDEBUG&amp#27;[0;39m [&amp#27;[34mmain&amp#27;[0;39m] &amp#27;[33morg.hibernate.cfg.annotations.SimpleValueBinder&amp#27;[0;39m: Starting fillSimpleValue for id
&amp#27;[30m2020-02-08 10:21:42,260&amp#27;[0;39m &amp#27;[39mDEBUG&amp#27;[0;39m [&amp#27;[34mmain&amp#27;[0;39m] &amp#27;[33morg.hibernate.cfg.annotations.SimpleValueBinder&amp#27;[0;39m: Starting fillSimpleValue for name
&amp#27;[30m2020-02-08 10:21:42,260&amp#27;[0;39m &amp#27;[39mDEBUG&amp#27;[0;39m [&amp#27;[34mmain&amp#27;[0;39m] &amp#27;[33morg.hibernate.cfg.annotations.SimpleValueBinder&amp#27;[0;39m: Starting fillSimpleValue for id
&amp#27;[30m2020-02-08 10:21:42,261&amp#27;[0;39m &amp#27;[39mDEBUG&amp#27;[0;39m [&amp#27;[34mmain&amp#27;[0;39m] &amp#27;[33morg.hibernate.cfg.annotations.SimpleValueBinder&amp#27;[0;39m: Starting fillSimpleValue for name
&amp#27;[30m2020-02-08 10:21:42,261&amp#27;[0;39m &amp#27;[39mDEBUG&amp#27;[0;39m [&amp#27;[34mmain&amp#27;[0;39m] &amp#27;[33morg.hibernate.cfg.annotations.SimpleValueBinder&amp#27;[0;39m: Starting fillSimpleValue for id
&amp#27;[30m2020-02-08 10:21:42,261&amp#27;[0;39m &amp#27;[39mDEBUG&amp#27;[0;39m [&amp#27;[34mmain&amp#27;[0;39m] &amp#27;[33morg.hibernate.cfg.annotations.SimpleValueBinder&amp#27;[0;39m: Starting fillSimpleValue for dob
&amp#27;[30m2020-02-08 10:21:42,261&amp#27;[0;39m &amp#27;[39mDEBUG&amp#27;[0;39m [&amp#27;[34mmain&amp#27;[0;39m] &amp#27;[33morg.hibernate.cfg.annotations.SimpleValueBinder&amp#27;[0;39m: Starting fillSimpleValue for name
&amp#27;[30m2020-02-08 10:21:42,261&amp#27;[0;39m &amp#27;[39mDEBUG&amp#27;[0;39m [&amp#27;[34mmain&amp#27;[0;39m] &amp#27;[33morg.hibernate.mapping.PrimaryKey&amp#27;[0;39m: Forcing column [id] to be non-null as it is part of the primary key for table [course]
&amp#27;[30m2020-02-08 10:21:42,262&amp#27;[0;39m &amp#27;[39mDEBUG&amp#27;[0;39m [&amp#27;[34mmain&amp#27;[0;39m] &amp#27;[33morg.hibernate.mapping.PrimaryKey&amp#27;[0;39m: Forcing column [id] to be non-null as it is part of the primary key for table [department]
&amp#27;[30m2020-02-08 10:21:42,262&amp#27;[0;39m &amp#27;[39mDEBUG&amp#27;[0;39m [&amp#27;[34mmain&amp#27;[0;39m] &amp#27;[33morg.hibernate.mapping.PrimaryKey&amp#27;[0;39m: Forcing column [id] to be non-null as it is part of the primary key for table [student]
&amp#27;[30m2020-02-08 10:21:42,262&amp#27;[0;39m &amp#27;[39mDEBUG&amp#27;[0;39m [&amp#27;[34mmain&amp#27;[0;39m] &amp#27;[33morg.hibernate.cfg.CollectionSecondPass&amp#27;[0;39m: Second pass for collection: in.rgukt.r081247.universityapi.entity.Student.courses
&amp#27;[30m2020-02-08 10:21:42,262&amp#27;[0;39m &amp#27;[39mDEBUG&amp#27;[0;39m [&amp#27;[34mmain&amp#27;[0;39m] &amp#27;[33morg.hibernate.cfg.annotations.CollectionBinder&amp#27;[0;39m: Binding as ManyToMany: in.rgukt.r081247.universityapi.entity.Student.courses
&amp#27;[30m2020-02-08 10:21:42,263&amp#27;[0;39m &amp#27;[39mDEBUG&amp#27;[0;39m [&amp#27;[34mmain&amp#27;[0;39m] &amp#27;[33morg.hibernate.mapping.PrimaryKey&amp#27;[0;39m: Forcing column [student_id] to be non-null as it is part of the primary key for table [student_course]
&amp#27;[30m2020-02-08 10:21:42,263&amp#27;[0;39m &amp#27;[39mDEBUG&amp#27;[0;39m [&amp#27;[34mmain&amp#27;[0;39m] &amp#27;[33morg.hibernate.mapping.PrimaryKey&amp#27;[0;39m: Forcing column [course_id] to be non-null as it is part of the primary key for table [student_course]
&amp#27;[30m2020-02-08 10:21:42,263&amp#27;[0;39m &amp#27;[39mDEBUG&amp#27;[0;39m [&amp#27;[34mmain&amp#27;[0;39m] &amp#27;[33morg.hibernate.cfg.CollectionSecondPass&amp#27;[0;39m: Mapped collection key: student_id, element: course_id
&amp#27;[30m2020-02-08 10:21:42,263&amp#27;[0;39m &amp#27;[39mDEBUG&amp#27;[0;39m [&amp#27;[34mmain&amp#27;[0;39m] &amp#27;[33morg.hibernate.cfg.CollectionSecondPass&amp#27;[0;39m: Second pass for collection: in.rgukt.r081247.universityapi.entity.Course.students
&amp#27;[30m2020-02-08 10:21:42,264&amp#27;[0;39m &amp#27;[39mDEBUG&amp#27;[0;39m [&amp#27;[34mmain&amp#27;[0;39m] &amp#27;[33morg.hibernate.cfg.annotations.CollectionBinder&amp#27;[0;39m: Binding as ManyToMany: in.rgukt.r081247.universityapi.entity.Course.students
&amp#27;[30m2020-02-08 10:21:42,264&amp#27;[0;39m &amp#27;[39mDEBUG&amp#27;[0;39m [&amp#27;[34mmain&amp#27;[0;39m] &amp#27;[33morg.hibernate.cfg.annotations.TableBinder&amp#27;[0;39m: Retrieving property in.rgukt.r081247.universityapi.entity.Student.courses
&amp#27;[30m2020-02-08 10:21:42,265&amp#27;[0;39m &amp#27;[39mDEBUG&amp#27;[0;39m [&amp#27;[34mmain&amp#27;[0;39m] &amp#27;[33morg.hibernate.cfg.CollectionSecondPass&amp#27;[0;39m: Mapped collection key: course_id, element: student_id
&amp#27;[30m2020-02-08 10:21:42,265&amp#27;[0;39m &amp#27;[39mDEBUG&amp#27;[0;39m [&amp#27;[34mmain&amp#27;[0;39m] &amp#27;[33morg.hibernate.cfg.CollectionSecondPass&amp#27;[0;39m: Second pass for collection: in.rgukt.r081247.universityapi.entity.Department.courses
&amp#27;[30m2020-02-08 10:21:42,265&amp#27;[0;39m &amp#27;[39mDEBUG&amp#27;[0;39m [&amp#27;[34mmain&amp#27;[0;39m] &amp#27;[33morg.hibernate.cfg.annotations.CollectionBinder&amp#27;[0;39m: Binding a OneToMany: in.rgukt.r081247.universityapi.entity.Department.courses through a foreign key
&amp#27;[30m2020-02-08 10:21:42,265&amp#27;[0;39m &amp#27;[39mDEBUG&amp#27;[0;39m [&amp#27;[34mmain&amp#27;[0;39m] &amp#27;[33morg.hibernate.cfg.annotations.CollectionBinder&amp#27;[0;39m: Mapping collection: in.rgukt.r081247.universityapi.entity.Department.courses -> course
&amp#27;[30m2020-02-08 10:21:42,265&amp#27;[0;39m &amp#27;[39mDEBUG&amp#27;[0;39m [&amp#27;[34mmain&amp#27;[0;39m] &amp#27;[33morg.hibernate.cfg.annotations.TableBinder&amp#27;[0;39m: Retrieving property in.rgukt.r081247.universityapi.entity.Course.department
&amp#27;[30m2020-02-08 10:21:42,266&amp#27;[0;39m &amp#27;[39mDEBUG&amp#27;[0;39m [&amp#27;[34mmain&amp#27;[0;39m] &amp#27;[33morg.hibernate.cfg.CollectionSecondPass&amp#27;[0;39m: Mapped collection key: department_id, one-to-many: in.rgukt.r081247.universityapi.entity.Course
&amp#27;[30m2020-02-08 10:21:42,266&amp#27;[0;39m &amp#27;[39mDEBUG&amp#27;[0;39m [&amp#27;[34mmain&amp#27;[0;39m] &amp#27;[33morg.hibernate.boot.internal.InFlightMetadataCollectorImpl&amp#27;[0;39m: Resolving reference to class: in.rgukt.r081247.universityapi.entity.Department
&amp#27;[30m2020-02-08 10:21:42,266&amp#27;[0;39m &amp#27;[39mDEBUG&amp#27;[0;39m [&amp#27;[34mmain&amp#27;[0;39m] &amp#27;[33morg.hibernate.boot.internal.InFlightMetadataCollectorImpl&amp#27;[0;39m: Resolving reference to class: in.rgukt.r081247.universityapi.entity.Course
&amp#27;[30m2020-02-08 10:21:42,267&amp#27;[0;39m &amp#27;[39mDEBUG&amp#27;[0;39m [&amp#27;[34mmain&amp#27;[0;39m] &amp#27;[33morg.hibernate.boot.internal.InFlightMetadataCollectorImpl&amp#27;[0;39m: Resolving reference to class: in.rgukt.r081247.universityapi.entity.Student
&amp#27;[30m2020-02-08 10:21:42,268&amp#27;[0;39m &amp#27;[39mDEBUG&amp#27;[0;39m [&amp#27;[34mmain&amp#27;[0;39m] &amp#27;[33morg.hibernate.boot.internal.InFlightMetadataCollectorImpl&amp#27;[0;39m: Resolving reference to class: in.rgukt.r081247.universityapi.entity.Department
&amp#27;[30m2020-02-08 10:21:42,268&amp#27;[0;39m &amp#27;[39mDEBUG&amp#27;[0;39m [&amp#27;[34mmain&amp#27;[0;39m] &amp#27;[33morg.hibernate.boot.internal.InFlightMetadataCollectorImpl&amp#27;[0;39m: Resolving reference to class: in.rgukt.r081247.universityapi.entity.Course
&amp#27;[30m2020-02-08 10:21:42,268&amp#27;[0;39m &amp#27;[39mDEBUG&amp#27;[0;39m [&amp#27;[34mmain&amp#27;[0;39m] &amp#27;[33morg.hibernate.boot.internal.InFlightMetadataCollectorImpl&amp#27;[0;39m: Resolving reference to class: in.rgukt.r081247.universityapi.entity.Student
&amp#27;[30m2020-02-08 10:21:42,270&amp#27;[0;39m &amp#27;[39mDEBUG&amp#27;[0;39m [&amp#27;[34mmain&amp#27;[0;39m] &amp#27;[33morg.hibernate.internal.SessionFactoryImpl&amp#27;[0;39m: Building session factory
&amp#27;[30m2020-02-08 10:21:42,270&amp#27;[0;39m &amp#27;[39mDEBUG&amp#27;[0;39m [&amp#27;[34mmain&amp#27;[0;39m] &amp#27;[33morg.hibernate.cfg.Settings&amp#27;[0;39m: SessionFactory name : null
&amp#27;[30m2020-02-08 10:21:42,270&amp#27;[0;39m &amp#27;[39mDEBUG&amp#27;[0;39m [&amp#27;[34mmain&amp#27;[0;39m] &amp#27;[33morg.hibernate.cfg.Settings&amp#27;[0;39m: Automatic flush during beforeCompletion(): enabled
&amp#27;[30m2020-02-08 10:21:42,270&amp#27;[0;39m &amp#27;[39mDEBUG&amp#27;[0;39m [&amp#27;[34mmain&amp#27;[0;39m] &amp#27;[33morg.hibernate.cfg.Settings&amp#27;[0;39m: Automatic session close at end of transaction: disabled
&amp#27;[30m2020-02-08 10:21:42,270&amp#27;[0;39m &amp#27;[39mDEBUG&amp#27;[0;39m [&amp#27;[34mmain&amp#27;[0;39m] &amp#27;[33morg.hibernate.cfg.Settings&amp#27;[0;39m: Statistics: disabled
&amp#27;[30m2020-02-08 10:21:42,271&amp#27;[0;39m &amp#27;[39mDEBUG&amp#27;[0;39m [&amp#27;[34mmain&amp#27;[0;39m] &amp#27;[33morg.hibernate.cfg.Settings&amp#27;[0;39m: Deleted entity synthetic identifier rollback: disabled
&amp#27;[30m2020-02-08 10:21:42,271&amp#27;[0;39m &amp#27;[39mDEBUG&amp#27;[0;39m [&amp#27;[34mmain&amp#27;[0;39m] &amp#27;[33morg.hibernate.cfg.Settings&amp#27;[0;39m: Default entity-mode: pojo
&amp#27;[30m2020-02-08 10:21:42,271&amp#27;[0;39m &amp#27;[39mDEBUG&amp#27;[0;39m [&amp#27;[34mmain&amp#27;[0;39m] &amp#27;[33morg.hibernate.cfg.Settings&amp#27;[0;39m: Check Nullability in Core (should be disabled when Bean Validation is on): enabled
&amp#27;[30m2020-02-08 10:21:42,271&amp#27;[0;39m &amp#27;[39mDEBUG&amp#27;[0;39m [&amp#27;[34mmain&amp#27;[0;39m] &amp#27;[33morg.hibernate.cfg.Settings&amp#27;[0;39m: Allow initialization of lazy state outside session : disabled
&amp#27;[30m2020-02-08 10:21:42,271&amp#27;[0;39m &amp#27;[39mDEBUG&amp#27;[0;39m [&amp#27;[34mmain&amp#27;[0;39m] &amp#27;[33morg.hibernate.cfg.Settings&amp#27;[0;39m: Using BatchFetchStyle : LEGACY
&amp#27;[30m2020-02-08 10:21:42,271&amp#27;[0;39m &amp#27;[39mDEBUG&amp#27;[0;39m [&amp#27;[34mmain&amp#27;[0;39m] &amp#27;[33morg.hibernate.cfg.Settings&amp#27;[0;39m: Default batch fetch size: -1
&amp#27;[30m2020-02-08 10:21:42,272&amp#27;[0;39m &amp#27;[39mDEBUG&amp#27;[0;39m [&amp#27;[34mmain&amp#27;[0;39m] &amp#27;[33morg.hibernate.cfg.Settings&amp#27;[0;39m: Maximum outer join fetch depth: null
&amp#27;[30m2020-02-08 10:21:42,272&amp#27;[0;39m &amp#27;[39mDEBUG&amp#27;[0;39m [&amp#27;[34mmain&amp#27;[0;39m] &amp#27;[33morg.hibernate.cfg.Settings&amp#27;[0;39m: Default null ordering: NONE
&amp#27;[30m2020-02-08 10:21:42,272&amp#27;[0;39m &amp#27;[39mDEBUG&amp#27;[0;39m [&amp#27;[34mmain&amp#27;[0;39m] &amp#27;[33morg.hibernate.cfg.Settings&amp#27;[0;39m: Order SQL updates by primary key: disabled
&amp#27;[30m2020-02-08 10:21:42,272&amp#27;[0;39m &amp#27;[39mDEBUG&amp#27;[0;39m [&amp#27;[34mmain&amp#27;[0;39m] &amp#27;[33morg.hibernate.cfg.Settings&amp#27;[0;39m: Order SQL inserts for batching: disabled
&amp#27;[30m2020-02-08 10:21:42,272&amp#27;[0;39m &amp#27;[39mDEBUG&amp#27;[0;39m [&amp#27;[34mmain&amp#27;[0;39m] &amp#27;[33morg.hibernate.cfg.Settings&amp#27;[0;39m: multi-tenancy strategy : NONE
&amp#27;[30m2020-02-08 10:21:42,272&amp#27;[0;39m &amp#27;[39mDEBUG&amp#27;[0;39m [&amp#27;[34mmain&amp#27;[0;39m] &amp#27;[33morg.hibernate.cfg.Settings&amp#27;[0;39m: JTA Track by Thread: enabled
&amp#27;[30m2020-02-08 10:21:42,273&amp#27;[0;39m &amp#27;[39mDEBUG&amp#27;[0;39m [&amp#27;[34mmain&amp#27;[0;39m] &amp#27;[33morg.hibernate.cfg.Settings&amp#27;[0;39m: Query language substitutions: {}
&amp#27;[30m2020-02-08 10:21:42,273&amp#27;[0;39m &amp#27;[39mDEBUG&amp#27;[0;39m [&amp#27;[34mmain&amp#27;[0;39m] &amp#27;[33morg.hibernate.cfg.Settings&amp#27;[0;39m: Named query checking : enabled
&amp#27;[30m2020-02-08 10:21:42,273&amp#27;[0;39m &amp#27;[39mDEBUG&amp#27;[0;39m [&amp#27;[34mmain&amp#27;[0;39m] &amp#27;[33morg.hibernate.cfg.Settings&amp#27;[0;39m: Second-level cache: disabled
&amp#27;[30m2020-02-08 10:21:42,273&amp#27;[0;39m &amp#27;[39mDEBUG&amp#27;[0;39m [&amp#27;[34mmain&amp#27;[0;39m] &amp#27;[33morg.hibernate.cfg.Settings&amp#27;[0;39m: Second-level query cache: disabled
&amp#27;[30m2020-02-08 10:21:42,273&amp#27;[0;39m &amp#27;[39mDEBUG&amp#27;[0;39m [&amp#27;[34mmain&amp#27;[0;39m] &amp#27;[33morg.hibernate.cfg.Settings&amp#27;[0;39m: Second-level query cache factory: null
&amp#27;[30m2020-02-08 10:21:42,273&amp#27;[0;39m &amp#27;[39mDEBUG&amp#27;[0;39m [&amp#27;[34mmain&amp#27;[0;39m] &amp#27;[33morg.hibernate.cfg.Settings&amp#27;[0;39m: Second-level cache region prefix: null
&amp#27;[30m2020-02-08 10:21:42,273&amp#27;[0;39m &amp#27;[39mDEBUG&amp#27;[0;39m [&amp#27;[34mmain&amp#27;[0;39m] &amp#27;[33morg.hibernate.cfg.Settings&amp#27;[0;39m: Optimize second-level cache for minimal puts: disabled
&amp#27;[30m2020-02-08 10:21:42,274&amp#27;[0;39m &amp#27;[39mDEBUG&amp#27;[0;39m [&amp#27;[34mmain&amp#27;[0;39m] &amp#27;[33morg.hibernate.cfg.Settings&amp#27;[0;39m: Structured second-level cache entries: disabled
&amp#27;[30m2020-02-08 10:21:42,274&amp#27;[0;39m &amp#27;[39mDEBUG&amp#27;[0;39m [&amp#27;[34mmain&amp#27;[0;39m] &amp#27;[33morg.hibernate.cfg.Settings&amp#27;[0;39m: Second-level cache direct-reference entries: disabled
&amp#27;[30m2020-02-08 10:21:42,274&amp#27;[0;39m &amp#27;[39mDEBUG&amp#27;[0;39m [&amp#27;[34mmain&amp#27;[0;39m] &amp#27;[33morg.hibernate.cfg.Settings&amp#27;[0;39m: Automatic eviction of collection cache: disabled
&amp#27;[30m2020-02-08 10:21:42,274&amp#27;[0;39m &amp#27;[39mDEBUG&amp#27;[0;39m [&amp#27;[34mmain&amp#27;[0;39m] &amp#27;[33morg.hibernate.cfg.Settings&amp#27;[0;39m: JDBC batch size: 15
&amp#27;[30m2020-02-08 10:21:42,274&amp#27;[0;39m &amp#27;[39mDEBUG&amp#27;[0;39m [&amp#27;[34mmain&amp#27;[0;39m] &amp#27;[33morg.hibernate.cfg.Settings&amp#27;[0;39m: JDBC batch updates for versioned data: enabled
&amp#27;[30m2020-02-08 10:21:42,274&amp#27;[0;39m &amp#27;[39mDEBUG&amp#27;[0;39m [&amp#27;[34mmain&amp#27;[0;39m] &amp#27;[33morg.hibernate.cfg.Settings&amp#27;[0;39m: Scrollable result sets: enabled
&amp#27;[30m2020-02-08 10:21:42,275&amp#27;[0;39m &amp#27;[39mDEBUG&amp#27;[0;39m [&amp#27;[34mmain&amp#27;[0;39m] &amp#27;[33morg.hibernate.cfg.Settings&amp#27;[0;39m: Wrap result sets: disabled
&amp#27;[30m2020-02-08 10:21:42,275&amp#27;[0;39m &amp#27;[39mDEBUG&amp#27;[0;39m [&amp#27;[34mmain&amp#27;[0;39m] &amp#27;[33morg.hibernate.cfg.Settings&amp#27;[0;39m: JDBC3 getGeneratedKeys(): enabled
&amp#27;[30m2020-02-08 10:21:42,275&amp#27;[0;39m &amp#27;[39mDEBUG&amp#27;[0;39m [&amp#27;[34mmain&amp#27;[0;39m] &amp#27;[33morg.hibernate.cfg.Settings&amp#27;[0;39m: JDBC result set fetch size: null
&amp#27;[30m2020-02-08 10:21:42,275&amp#27;[0;39m &amp#27;[39mDEBUG&amp#27;[0;39m [&amp#27;[34mmain&amp#27;[0;39m] &amp#27;[33morg.hibernate.cfg.Settings&amp#27;[0;39m: Connection release mode: ON_CLOSE
&amp#27;[30m2020-02-08 10:21:42,275&amp#27;[0;39m &amp#27;[39mDEBUG&amp#27;[0;39m [&amp#27;[34mmain&amp#27;[0;39m] &amp#27;[33morg.hibernate.cfg.Settings&amp#27;[0;39m: Generate SQL with comments: disabled
&amp#27;[30m2020-02-08 10:21:42,275&amp#27;[0;39m &amp#27;[39mDEBUG&amp#27;[0;39m [&amp#27;[34mmain&amp#27;[0;39m] &amp#27;[33morg.hibernate.cfg.Settings&amp#27;[0;39m: JPA compliance - query : 
&amp#27;[30m2020-02-08 10:21:42,276&amp#27;[0;39m &amp#27;[39mDEBUG&amp#27;[0;39m [&amp#27;[34mmain&amp#27;[0;39m] &amp#27;[33morg.hibernate.cfg.Settings&amp#27;[0;39m: JPA compliance - closed-handling : 
&amp#27;[30m2020-02-08 10:21:42,276&amp#27;[0;39m &amp#27;[39mDEBUG&amp#27;[0;39m [&amp#27;[34mmain&amp#27;[0;39m] &amp#27;[33morg.hibernate.cfg.Settings&amp#27;[0;39m: JPA compliance - lists : 
&amp#27;[30m2020-02-08 10:21:42,276&amp#27;[0;39m &amp#27;[39mDEBUG&amp#27;[0;39m [&amp#27;[34mmain&amp#27;[0;39m] &amp#27;[33morg.hibernate.cfg.Settings&amp#27;[0;39m: JPA compliance - transactions : 
&amp#27;[30m2020-02-08 10:21:42,278&amp#27;[0;39m &amp#27;[39mDEBUG&amp#27;[0;39m [&amp#27;[34mmain&amp#27;[0;39m] &amp#27;[33morg.hibernate.internal.SessionFactoryImpl&amp#27;[0;39m: Session factory constructed with filter configurations : {}
&amp#27;[30m2020-02-08 10:21:42,279&amp#27;[0;39m &amp#27;[39mDEBUG&amp#27;[0;39m [&amp#27;[34mmain&amp#27;[0;39m] &amp#27;[33morg.hibernate.internal.SessionFactoryImpl&amp#27;[0;39m: Instantiating session factory with properties: {sun.desktop=gnome, awt.toolkit=sun.awt.X11.XToolkit, hibernate.format_sql=true, hibernate.id.new_generator_mappings=true, java.specification.version=11, sun.cpu.isalist=, hibernate.resource.beans.container=org.springframework.orm.hibernate5.SpringBeanContainer@21b508a0, hibernate.connection.handling_mode=DELAYED_ACQUISITION_AND_HOLD, sun.jnu.encoding=UTF-8, hibernate.dialect=org.hibernate.dialect.H2Dialect, hibernate.implicit_naming_strategy=org.springframework.boot.orm.jpa.hibernate.SpringImplicitNamingStrategy, java.class.path=/home/vinod/Desktop/desk/projects/universityapi/target/test-classes:/home/vinod/Desktop/desk/projects/universityapi/target/classes:/home/vinod/.m2/repository/org/springframework/boot/spring-boot-starter-data-jpa/2.1.5.RELEASE/spring-boot-starter-data-jpa-2.1.5.RELEASE.jar:/home/vinod/.m2/repository/org/springframework/boot/spring-boot-starter-aop/2.1.5.RELEASE/spring-boot-starter-aop-2.1.5.RELEASE.jar:/home/vinod/.m2/repository/org/aspectj/aspectjweaver/1.9.4/aspectjweaver-1.9.4.jar:/home/vinod/.m2/repository/org/springframework/boot/spring-boot-starter-jdbc/2.1.5.RELEASE/spring-boot-starter-jdbc-2.1.5.RELEASE.jar:/home/vinod/.m2/repository/com/zaxxer/HikariCP/3.2.0/HikariCP-3.2.0.jar:/home/vinod/.m2/repository/org/springframework/spring-jdbc/5.1.7.RELEASE/spring-jdbc-5.1.7.RELEASE.jar:/home/vinod/.m2/repository/javax/transaction/javax.transaction-api/1.3/javax.transaction-api-1.3.jar:/home/vinod/.m2/repository/javax/xml/bind/jaxb-api/2.3.1/jaxb-api-2.3.1.jar:/home/vinod/.m2/repository/javax/activation/javax.activation-api/1.2.0/javax.activation-api-1.2.0.jar:/home/vinod/.m2/repository/org/hibernate/hibernate-core/5.3.10.Final/hibernate-core-5.3.10.Final.jar:/home/vinod/.m2/repository/org/jboss/logging/jboss-logging/3.3.2.Final/jboss-logging-3.3.2.Final.jar:/home/vinod/.m2/repository/javax/persistence/javax.persistence-api/2.2/javax.persistence-api-2.2.jar:/home/vinod/.m2/repository/org/javassist/javassist/3.23.2-GA/javassist-3.23.2-GA.jar:/home/vinod/.m2/repository/net/bytebuddy/byte-buddy/1.9.12/byte-buddy-1.9.12.jar:/home/vinod/.m2/repository/antlr/antlr/2.7.7/antlr-2.7.7.jar:/home/vinod/.m2/repository/org/jboss/jandex/2.0.5.Final/jandex-2.0.5.Final.jar:/home/vinod/.m2/repository/com/fasterxml/classmate/1.4.0/classmate-1.4.0.jar:/home/vinod/.m2/repository/org/dom4j/dom4j/2.1.1/dom4j-2.1.1.jar:/home/vinod/.m2/repository/org/hibernate/common/hibernate-commons-annotations/5.0.4.Final/hibernate-commons-annotations-5.0.4.Final.jar:/home/vinod/.m2/repository/org/springframework/data/spring-data-jpa/2.1.8.RELEASE/spring-data-jpa-2.1.8.RELEASE.jar:/home/vinod/.m2/repository/org/springframework/data/spring-data-commons/2.1.8.RELEASE/spring-data-commons-2.1.8.RELEASE.jar:/home/vinod/.m2/repository/org/springframework/spring-orm/5.1.7.RELEASE/spring-orm-5.1.7.RELEASE.jar:/home/vinod/.m2/repository/org/springframework/spring-context/5.1.7.RELEASE/spring-context-5.1.7.RELEASE.jar:/home/vinod/.m2/repository/org/springframework/spring-tx/5.1.7.RELEASE/spring-tx-5.1.7.RELEASE.jar:/home/vinod/.m2/repository/org/springframework/spring-beans/5.1.7.RELEASE/spring-beans-5.1.7.RELEASE.jar:/home/vinod/.m2/repository/org/slf4j/slf4j-api/1.7.26/slf4j-api-1.7.26.jar:/home/vinod/.m2/repository/org/springframework/spring-aspects/5.1.7.RELEASE/spring-aspects-5.1.7.RELEASE.jar:/home/vinod/.m2/repository/org/springframework/boot/spring-boot-starter-security/2.1.5.RELEASE/spring-boot-starter-security-2.1.5.RELEASE.jar:/home/vinod/.m2/repository/org/springframework/boot/spring-boot-starter/2.1.5.RELEASE/spring-boot-starter-2.1.5.RELEASE.jar:/home/vinod/.m2/repository/org/springframework/boot/spring-boot-starter-logging/2.1.5.RELEASE/spring-boot-starter-logging-2.1.5.RELEASE.jar:/home/vinod/.m2/repository/ch/qos/logback/logback-classic/1.2.3/logback-classic-1.2.3.jar:/home/vinod/.m2/repository/ch/qos/logback/logback-core/1.2.3/logback-core-1.2.3.jar:/home/vinod/.m2/repository/org/apache/logging/log4j/log4j-to-slf4j/2.11.2/log4j-to-slf4j-2.11.2.jar:/home/vinod/.m2/repository/org/apache/logging/log4j/log4j-api/2.11.2/log4j-api-2.11.2.jar:/home/vinod/.m2/repository/org/slf4j/jul-to-slf4j/1.7.26/jul-to-slf4j-1.7.26.jar:/home/vinod/.m2/repository/javax/annotation/javax.annotation-api/1.3.2/javax.annotation-api-1.3.2.jar:/home/vinod/.m2/repository/org/yaml/snakeyaml/1.23/snakeyaml-1.23.jar:/home/vinod/.m2/repository/org/springframework/spring-aop/5.1.7.RELEASE/spring-aop-5.1.7.RELEASE.jar:/home/vinod/.m2/repository/org/springframework/security/spring-security-config/5.1.5.RELEASE/spring-security-config-5.1.5.RELEASE.jar:/home/vinod/.m2/repository/org/springframework/security/spring-security-web/5.1.5.RELEASE/spring-security-web-5.1.5.RELEASE.jar:/home/vinod/.m2/repository/org/springframework/spring-expression/5.1.7.RELEASE/spring-expression-5.1.7.RELEASE.jar:/home/vinod/.m2/repository/org/springframework/boot/spring-boot-starter-web/2.1.5.RELEASE/spring-boot-starter-web-2.1.5.RELEASE.jar:/home/vinod/.m2/repository/org/springframework/boot/spring-boot-starter-json/2.1.5.RELEASE/spring-boot-starter-json-2.1.5.RELEASE.jar:/home/vinod/.m2/repository/com/fasterxml/jackson/core/jackson-databind/2.9.8/jackson-databind-2.9.8.jar:/home/vinod/.m2/repository/com/fasterxml/jackson/core/jackson-annotations/2.9.0/jackson-annotations-2.9.0.jar:/home/vinod/.m2/repository/com/fasterxml/jackson/core/jackson-core/2.9.8/jackson-core-2.9.8.jar:/home/vinod/.m2/repository/com/fasterxml/jackson/datatype/jackson-datatype-jdk8/2.9.8/jackson-datatype-jdk8-2.9.8.jar:/home/vinod/.m2/repository/com/fasterxml/jackson/datatype/jackson-datatype-jsr310/2.9.8/jackson-datatype-jsr310-2.9.8.jar:/home/vinod/.m2/repository/com/fasterxml/jackson/module/jackson-module-parameter-names/2.9.8/jackson-module-parameter-names-2.9.8.jar:/home/vinod/.m2/repository/org/springframework/boot/spring-boot-starter-tomcat/2.1.5.RELEASE/spring-boot-starter-tomcat-2.1.5.RELEASE.jar:/home/vinod/.m2/repository/org/apache/tomcat/embed/tomcat-embed-core/9.0.19/tomcat-embed-core-9.0.19.jar:/home/vinod/.m2/repository/org/apache/tomcat/embed/tomcat-embed-el/9.0.19/tomcat-embed-el-9.0.19.jar:/home/vinod/.m2/repository/org/apache/tomcat/embed/tomcat-embed-websocket/9.0.19/tomcat-embed-websocket-9.0.19.jar:/home/vinod/.m2/repository/org/hibernate/validator/hibernate-validator/6.0.16.Final/hibernate-validator-6.0.16.Final.jar:/home/vinod/.m2/repository/javax/validation/validation-api/2.0.1.Final/validation-api-2.0.1.Final.jar:/home/vinod/.m2/repository/org/springframework/spring-web/5.1.7.RELEASE/spring-web-5.1.7.RELEASE.jar:/home/vinod/.m2/repository/org/springframework/spring-webmvc/5.1.7.RELEASE/spring-webmvc-5.1.7.RELEASE.jar:/home/vinod/.m2/repository/mysql/mysql-connector-java/8.0.16/mysql-connector-java-8.0.16.jar:/home/vinod/.m2/repository/org/springframework/boot/spring-boot-starter-test/2.1.5.RELEASE/spring-boot-starter-test-2.1.5.RELEASE.jar:/home/vinod/.m2/repository/org/springframework/boot/spring-boot-test/2.1.5.RELEASE/spring-boot-test-2.1.5.RELEASE.jar:/home/vinod/.m2/repository/org/springframework/boot/spring-boot-test-autoconfigure/2.1.5.RELEASE/spring-boot-test-autoconfigure-2.1.5.RELEASE.jar:/home/vinod/.m2/repository/com/jayway/jsonpath/json-path/2.4.0/json-path-2.4.0.jar:/home/vinod/.m2/repository/net/minidev/json-smart/2.3/json-smart-2.3.jar:/home/vinod/.m2/repository/net/minidev/accessors-smart/1.2/accessors-smart-1.2.jar:/home/vinod/.m2/repository/org/ow2/asm/asm/5.0.4/asm-5.0.4.jar:/home/vinod/.m2/repository/junit/junit/4.12/junit-4.12.jar:/home/vinod/.m2/repository/org/assertj/assertj-core/3.11.1/assertj-core-3.11.1.jar:/home/vinod/.m2/repository/org/mockito/mockito-core/2.23.4/mockito-core-2.23.4.jar:/home/vinod/.m2/repository/net/bytebuddy/byte-buddy-agent/1.9.12/byte-buddy-agent-1.9.12.jar:/home/vinod/.m2/repository/org/objenesis/objenesis/2.6/objenesis-2.6.jar:/home/vinod/.m2/repository/org/hamcrest/hamcrest-core/1.3/hamcrest-core-1.3.jar:/home/vinod/.m2/repository/org/hamcrest/hamcrest-library/1.3/hamcrest-library-1.3.jar:/home/vinod/.m2/repository/org/skyscreamer/jsonassert/1.5.0/jsonassert-1.5.0.jar:/home/vinod/.m2/repository/com/vaadin/external/google/android-json/0.0.20131108.vaadin1/android-json-0.0.20131108.vaadin1.jar:/home/vinod/.m2/repository/org/springframework/spring-core/5.1.7.RELEASE/spring-core-5.1.7.RELEASE.jar:/home/vinod/.m2/repository/org/springframework/spring-jcl/5.1.7.RELEASE/spring-jcl-5.1.7.RELEASE.jar:/home/vinod/.m2/repository/org/springframework/spring-test/5.1.7.RELEASE/spring-test-5.1.7.RELEASE.jar:/home/vinod/.m2/repository/org/xmlunit/xmlunit-core/2.6.2/xmlunit-core-2.6.2.jar:/home/vinod/.m2/repository/com/h2database/h2/1.4.199/h2-1.4.199.jar:/home/vinod/.m2/repository/org/springframework/security/spring-security-test/5.1.5.RELEASE/spring-security-test-5.1.5.RELEASE.jar:/home/vinod/.m2/repository/org/springframework/security/spring-security-core/5.1.5.RELEASE/spring-security-core-5.1.5.RELEASE.jar:/home/vinod/.m2/repository/org/springframework/boot/spring-boot-devtools/2.1.5.RELEASE/spring-boot-devtools-2.1.5.RELEASE.jar:/home/vinod/.m2/repository/org/springframework/boot/spring-boot/2.1.5.RELEASE/spring-boot-2.1.5.RELEASE.jar:/home/vinod/.m2/repository/org/springframework/boot/spring-boot-autoconfigure/2.1.5.RELEASE/spring-boot-autoconfigure-2.1.5.RELEASE.jar:, java.vm.vendor=AdoptOpenJDK, sun.arch.data.model=64, java.vendor.url=https://adoptopenjdk.net/, user.timezone=Asia/Kolkata, os.name=Linux, java.vm.specification.version=11, javax.persistence.validation.mode=AUTO, sun.java.launcher=SUN_STANDARD, user.country=IN, sun.boot.library.path=/home/vinod/.sdkman/candidates/java/11.0.4.hs-adpt/lib, sun.java.command=/home/vinod/Desktop/desk/projects/universityapi/target/surefire/surefirebooter9337132622826742852.jar /home/vinod/Desktop/desk/projects/universityapi/target/surefire 2020-02-08T10-21-20_114-jvmRun1 surefire10272446337612567938tmp surefire_012652112760342641946tmp, hibernate.transaction.jta.platform=org.hibernate.engine.transaction.jta.platform.internal.NoJtaPlatform@16d7f503, javax.persistence.sharedCache.mode=UNSPECIFIED, jdk.debug=release, surefire.test.class.path=/home/vinod/Desktop/desk/projects/universityapi/target/test-classes:/home/vinod/Desktop/desk/projects/universityapi/target/classes:/home/vinod/.m2/repository/org/springframework/boot/spring-boot-starter-data-jpa/2.1.5.RELEASE/spring-boot-starter-data-jpa-2.1.5.RELEASE.jar:/home/vinod/.m2/repository/org/springframework/boot/spring-boot-starter-aop/2.1.5.RELEASE/spring-boot-starter-aop-2.1.5.RELEASE.jar:/home/vinod/.m2/repository/org/aspectj/aspectjweaver/1.9.4/aspectjweaver-1.9.4.jar:/home/vinod/.m2/repository/org/springframework/boot/spring-boot-starter-jdbc/2.1.5.RELEASE/spring-boot-starter-jdbc-2.1.5.RELEASE.jar:/home/vinod/.m2/repository/com/zaxxer/HikariCP/3.2.0/HikariCP-3.2.0.jar:/home/vinod/.m2/repository/org/springframework/spring-jdbc/5.1.7.RELEASE/spring-jdbc-5.1.7.RELEASE.jar:/home/vinod/.m2/repository/javax/transaction/javax.transaction-api/1.3/javax.transaction-api-1.3.jar:/home/vinod/.m2/repository/javax/xml/bind/jaxb-api/2.3.1/jaxb-api-2.3.1.jar:/home/vinod/.m2/repository/javax/activation/javax.activation-api/1.2.0/javax.activation-api-1.2.0.jar:/home/vinod/.m2/repository/org/hibernate/hibernate-core/5.3.10.Final/hibernate-core-5.3.10.Final.jar:/home/vinod/.m2/repository/org/jboss/logging/jboss-logging/3.3.2.Final/jboss-logging-3.3.2.Final.jar:/home/vinod/.m2/repository/javax/persistence/javax.persistence-api/2.2/javax.persistence-api-2.2.jar:/home/vinod/.m2/repository/org/javassist/javassist/3.23.2-GA/javassist-3.23.2-GA.jar:/home/vinod/.m2/repository/net/bytebuddy/byte-buddy/1.9.12/byte-buddy-1.9.12.jar:/home/vinod/.m2/repository/antlr/antlr/2.7.7/antlr-2.7.7.jar:/home/vinod/.m2/repository/org/jboss/jandex/2.0.5.Final/jandex-2.0.5.Final.jar:/home/vinod/.m2/repository/com/fasterxml/classmate/1.4.0/classmate-1.4.0.jar:/home/vinod/.m2/repository/org/dom4j/dom4j/2.1.1/dom4j-2.1.1.jar:/home/vinod/.m2/repository/org/hibernate/common/hibernate-commons-annotations/5.0.4.Final/hibernate-commons-annotations-5.0.4.Final.jar:/home/vinod/.m2/repository/org/springframework/data/spring-data-jpa/2.1.8.RELEASE/spring-data-jpa-2.1.8.RELEASE.jar:/home/vinod/.m2/repository/org/springframework/data/spring-data-commons/2.1.8.RELEASE/spring-data-commons-2.1.8.RELEASE.jar:/home/vinod/.m2/repository/org/springframework/spring-orm/5.1.7.RELEASE/spring-orm-5.1.7.RELEASE.jar:/home/vinod/.m2/repository/org/springframework/spring-context/5.1.7.RELEASE/spring-context-5.1.7.RELEASE.jar:/home/vinod/.m2/repository/org/springframework/spring-tx/5.1.7.RELEASE/spring-tx-5.1.7.RELEASE.jar:/home/vinod/.m2/repository/org/springframework/spring-beans/5.1.7.RELEASE/spring-beans-5.1.7.RELEASE.jar:/home/vinod/.m2/repository/org/slf4j/slf4j-api/1.7.26/slf4j-api-1.7.26.jar:/home/vinod/.m2/repository/org/springframework/spring-aspects/5.1.7.RELEASE/spring-aspects-5.1.7.RELEASE.jar:/home/vinod/.m2/repository/org/springframework/boot/spring-boot-starter-security/2.1.5.RELEASE/spring-boot-starter-security-2.1.5.RELEASE.jar:/home/vinod/.m2/repository/org/springframework/boot/spring-boot-starter/2.1.5.RELEASE/spring-boot-starter-2.1.5.RELEASE.jar:/home/vinod/.m2/repository/org/springframework/boot/spring-boot-starter-logging/2.1.5.RELEASE/spring-boot-starter-logging-2.1.5.RELEASE.jar:/home/vinod/.m2/repository/ch/qos/logback/logback-classic/1.2.3/logback-classic-1.2.3.jar:/home/vinod/.m2/repository/ch/qos/logback/logback-core/1.2.3/logback-core-1.2.3.jar:/home/vinod/.m2/repository/org/apache/logging/log4j/log4j-to-slf4j/2.11.2/log4j-to-slf4j-2.11.2.jar:/home/vinod/.m2/repository/org/apache/logging/log4j/log4j-api/2.11.2/log4j-api-2.11.2.jar:/home/vinod/.m2/repository/org/slf4j/jul-to-slf4j/1.7.26/jul-to-slf4j-1.7.26.jar:/home/vinod/.m2/repository/javax/annotation/javax.annotation-api/1.3.2/javax.annotation-api-1.3.2.jar:/home/vinod/.m2/repository/org/yaml/snakeyaml/1.23/snakeyaml-1.23.jar:/home/vinod/.m2/repository/org/springframework/spring-aop/5.1.7.RELEASE/spring-aop-5.1.7.RELEASE.jar:/home/vinod/.m2/repository/org/springframework/security/spring-security-config/5.1.5.RELEASE/spring-security-config-5.1.5.RELEASE.jar:/home/vinod/.m2/repository/org/springframework/security/spring-security-web/5.1.5.RELEASE/spring-security-web-5.1.5.RELEASE.jar:/home/vinod/.m2/repository/org/springframework/spring-expression/5.1.7.RELEASE/spring-expression-5.1.7.RELEASE.jar:/home/vinod/.m2/repository/org/springframework/boot/spring-boot-starter-web/2.1.5.RELEASE/spring-boot-starter-web-2.1.5.RELEASE.jar:/home/vinod/.m2/repository/org/springframework/boot/spring-boot-starter-json/2.1.5.RELEASE/spring-boot-starter-json-2.1.5.RELEASE.jar:/home/vinod/.m2/repository/com/fasterxml/jackson/core/jackson-databind/2.9.8/jackson-databind-2.9.8.jar:/home/vinod/.m2/repository/com/fasterxml/jackson/core/jackson-annotations/2.9.0/jackson-annotations-2.9.0.jar:/home/vinod/.m2/repository/com/fasterxml/jackson/core/jackson-core/2.9.8/jackson-core-2.9.8.jar:/home/vinod/.m2/repository/com/fasterxml/jackson/datatype/jackson-datatype-jdk8/2.9.8/jackson-datatype-jdk8-2.9.8.jar:/home/vinod/.m2/repository/com/fasterxml/jackson/datatype/jackson-datatype-jsr310/2.9.8/jackson-datatype-jsr310-2.9.8.jar:/home/vinod/.m2/repository/com/fasterxml/jackson/module/jackson-module-parameter-names/2.9.8/jackson-module-parameter-names-2.9.8.jar:/home/vinod/.m2/repository/org/springframework/boot/spring-boot-starter-tomcat/2.1.5.RELEASE/spring-boot-starter-tomcat-2.1.5.RELEASE.jar:/home/vinod/.m2/repository/org/apache/tomcat/embed/tomcat-embed-core/9.0.19/tomcat-embed-core-9.0.19.jar:/home/vinod/.m2/repository/org/apache/tomcat/embed/tomcat-embed-el/9.0.19/tomcat-embed-el-9.0.19.jar:/home/vinod/.m2/repository/org/apache/tomcat/embed/tomcat-embed-websocket/9.0.19/tomcat-embed-websocket-9.0.19.jar:/home/vinod/.m2/repository/org/hibernate/validator/hibernate-validator/6.0.16.Final/hibernate-validator-6.0.16.Final.jar:/home/vinod/.m2/repository/javax/validation/validation-api/2.0.1.Final/validation-api-2.0.1.Final.jar:/home/vinod/.m2/repository/org/springframework/spring-web/5.1.7.RELEASE/spring-web-5.1.7.RELEASE.jar:/home/vinod/.m2/repository/org/springframework/spring-webmvc/5.1.7.RELEASE/spring-webmvc-5.1.7.RELEASE.jar:/home/vinod/.m2/repository/mysql/mysql-connector-java/8.0.16/mysql-connector-java-8.0.16.jar:/home/vinod/.m2/repository/org/springframework/boot/spring-boot-starter-test/2.1.5.RELEASE/spring-boot-starter-test-2.1.5.RELEASE.jar:/home/vinod/.m2/repository/org/springframework/boot/spring-boot-test/2.1.5.RELEASE/spring-boot-test-2.1.5.RELEASE.jar:/home/vinod/.m2/repository/org/springframework/boot/spring-boot-test-autoconfigure/2.1.5.RELEASE/spring-boot-test-autoconfigure-2.1.5.RELEASE.jar:/home/vinod/.m2/repository/com/jayway/jsonpath/json-path/2.4.0/json-path-2.4.0.jar:/home/vinod/.m2/repository/net/minidev/json-smart/2.3/json-smart-2.3.jar:/home/vinod/.m2/repository/net/minidev/accessors-smart/1.2/accessors-smart-1.2.jar:/home/vinod/.m2/repository/org/ow2/asm/asm/5.0.4/asm-5.0.4.jar:/home/vinod/.m2/repository/junit/junit/4.12/junit-4.12.jar:/home/vinod/.m2/repository/org/assertj/assertj-core/3.11.1/assertj-core-3.11.1.jar:/home/vinod/.m2/repository/org/mockito/mockito-core/2.23.4/mockito-core-2.23.4.jar:/home/vinod/.m2/repository/net/bytebuddy/byte-buddy-agent/1.9.12/byte-buddy-agent-1.9.12.jar:/home/vinod/.m2/repository/org/objenesis/objenesis/2.6/objenesis-2.6.jar:/home/vinod/.m2/repository/org/hamcrest/hamcrest-core/1.3/hamcrest-core-1.3.jar:/home/vinod/.m2/repository/org/hamcrest/hamcrest-library/1.3/hamcrest-library-1.3.jar:/home/vinod/.m2/repository/org/skyscreamer/jsonassert/1.5.0/jsonassert-1.5.0.jar:/home/vinod/.m2/repository/com/vaadin/external/google/android-json/0.0.20131108.vaadin1/android-json-0.0.20131108.vaadin1.jar:/home/vinod/.m2/repository/org/springframework/spring-core/5.1.7.RELEASE/spring-core-5.1.7.RELEASE.jar:/home/vinod/.m2/repository/org/springframework/spring-jcl/5.1.7.RELEASE/spring-jcl-5.1.7.RELEASE.jar:/home/vinod/.m2/repository/org/springframework/spring-test/5.1.7.RELEASE/spring-test-5.1.7.RELEASE.jar:/home/vinod/.m2/repository/org/xmlunit/xmlunit-core/2.6.2/xmlunit-core-2.6.2.jar:/home/vinod/.m2/repository/com/h2database/h2/1.4.199/h2-1.4.199.jar:/home/vinod/.m2/repository/org/springframework/security/spring-security-test/5.1.5.RELEASE/spring-security-test-5.1.5.RELEASE.jar:/home/vinod/.m2/repository/org/springframework/security/spring-security-core/5.1.5.RELEASE/spring-security-core-5.1.5.RELEASE.jar:/home/vinod/.m2/repository/org/springframework/boot/spring-boot-devtools/2.1.5.RELEASE/spring-boot-devtools-2.1.5.RELEASE.jar:/home/vinod/.m2/repository/org/springframework/boot/spring-boot/2.1.5.RELEASE/spring-boot-2.1.5.RELEASE.jar:/home/vinod/.m2/repository/org/springframework/boot/spring-boot-autoconfigure/2.1.5.RELEASE/spring-boot-autoconfigure-2.1.5.RELEASE.jar:, sun.cpu.endian=little, user.home=/home/vinod, user.language=en, java.specification.vendor=Oracle Corporation, java.version.date=2019-07-16, java.home=/home/vinod/.sdkman/candidates/java/11.0.4.hs-adpt, file.separator=/, basedir=/home/vinod/Desktop/desk/projects/universityapi, java.vm.compressedOopsMode=32-bit, line.separator=
, java.specification.name=Java Platform API Specification, java.vm.specification.vendor=Oracle Corporation, hibernate.transaction.coordinator_class=class org.hibernate.resource.transaction.backend.jdbc.internal.JdbcResourceLocalTransactionCoordinatorBuilderImpl, java.awt.graphicsenv=sun.awt.X11GraphicsEnvironment, java.awt.headless=true, surefire.real.class.path=/home/vinod/Desktop/desk/projects/universityapi/target/surefire/surefirebooter9337132622826742852.jar, hibernate.hbm2ddl.auto=create, sun.management.compiler=HotSpot 64-Bit Tiered Compilers, java.runtime.version=11.0.4+11, user.name=vinod, path.separator=:, os.version=4.9.0-8-amd64, java.runtime.name=OpenJDK Runtime Environment, file.encoding=UTF-8, hibernate.ejb.persistenceUnitName=default, spring.beaninfo.ignore=true, java.vm.name=OpenJDK 64-Bit Server VM, java.vendor.version=AdoptOpenJDK, localRepository=/home/vinod/.m2/repository, java.vendor.url.bug=https://github.com/AdoptOpenJDK/openjdk-build/issues, java.io.tmpdir=/tmp, com.zaxxer.hikari.pool_number=1, java.version=11.0.4, hibernate.physical_naming_strategy=org.springframework.boot.orm.jpa.hibernate.SpringPhysicalNamingStrategy, user.dir=/home/vinod/Desktop/desk/projects/universityapi, os.arch=amd64, java.vm.specification.name=Java Virtual Machine Specification, PID=6772, java.awt.printerjob=sun.print.PSPrinterJob, idea.version2019.1.2=true, sun.os.patch.level=unknown, hibernate.boot.CfgXmlAccessService.key=org.hibernate.boot.cfgxml.spi.LoadedConfig@6dabad5c, java.library.path=/usr/java/packages/lib:/usr/lib64:/lib64:/lib:/usr/lib, java.vendor=AdoptOpenJDK, java.vm.info=mixed mode, java.vm.version=11.0.4+11, hibernate.bytecode.use_reflection_optimizer=false, sun.io.unicode.encoding=UnicodeLittle, hibernate.connection.datasource=HikariDataSource (HikariPool-4), java.class.version=55.0}
&amp#27;[30m2020-02-08 10:21:42,280&amp#27;[0;39m &amp#27;[39mDEBUG&amp#27;[0;39m [&amp#27;[34mmain&amp#27;[0;39m] &amp#27;[33morg.hibernate.validator.internal.engine.resolver.TraversableResolvers&amp#27;[0;39m: Found javax.persistence.Persistence on classpath containing 'getPersistenceUtil'. Assuming JPA 2 environment. Trying to instantiate JPA aware TraversableResolver
&amp#27;[30m2020-02-08 10:21:42,280&amp#27;[0;39m &amp#27;[39mDEBUG&amp#27;[0;39m [&amp#27;[34mmain&amp#27;[0;39m] &amp#27;[33morg.hibernate.validator.internal.engine.resolver.TraversableResolvers&amp#27;[0;39m: Instantiated JPA aware TraversableResolver of type org.hibernate.validator.internal.engine.resolver.JPATraversableResolver.
&amp#27;[30m2020-02-08 10:21:42,281&amp#27;[0;39m &amp#27;[39mDEBUG&amp#27;[0;39m [&amp#27;[34mmain&amp#27;[0;39m] &amp#27;[33morg.hibernate.validator.internal.xml.config.ValidationXmlParser&amp#27;[0;39m: Trying to load META-INF/validation.xml for XML based Validator configuration.
&amp#27;[30m2020-02-08 10:21:42,281&amp#27;[0;39m &amp#27;[39mDEBUG&amp#27;[0;39m [&amp#27;[34mmain&amp#27;[0;39m] &amp#27;[33morg.hibernate.validator.internal.xml.config.ResourceLoaderHelper&amp#27;[0;39m: Trying to load META-INF/validation.xml via TCCL
&amp#27;[30m2020-02-08 10:21:42,281&amp#27;[0;39m &amp#27;[39mDEBUG&amp#27;[0;39m [&amp#27;[34mmain&amp#27;[0;39m] &amp#27;[33morg.hibernate.validator.internal.xml.config.ResourceLoaderHelper&amp#27;[0;39m: Trying to load META-INF/validation.xml via Hibernate Validator's class loader
&amp#27;[30m2020-02-08 10:21:42,282&amp#27;[0;39m &amp#27;[39mDEBUG&amp#27;[0;39m [&amp#27;[34mmain&amp#27;[0;39m] &amp#27;[33morg.hibernate.validator.internal.xml.config.ValidationXmlParser&amp#27;[0;39m: No META-INF/validation.xml found. Using annotation based configuration only.
&amp#27;[30m2020-02-08 10:21:42,289&amp#27;[0;39m &amp#27;[39mDEBUG&amp#27;[0;39m [&amp#27;[34mmain&amp#27;[0;39m] &amp#27;[33morg.hibernate.validator.messageinterpolation.ResourceBundleMessageInterpolator&amp#27;[0;39m: Loaded expression factory via original TCCL
&amp#27;[30m2020-02-08 10:21:42,289&amp#27;[0;39m &amp#27;[39mDEBUG&amp#27;[0;39m [&amp#27;[34mmain&amp#27;[0;39m] &amp#27;[33morg.hibernate.validator.internal.engine.ValidatorFactoryImpl&amp#27;[0;39m: HV000234: Using org.hibernate.validator.messageinterpolation.ResourceBundleMessageInterpolator as ValidatorFactory-scoped message interpolator.
&amp#27;[30m2020-02-08 10:21:42,290&amp#27;[0;39m &amp#27;[39mDEBUG&amp#27;[0;39m [&amp#27;[34mmain&amp#27;[0;39m] &amp#27;[33morg.hibernate.validator.internal.engine.ValidatorFactoryImpl&amp#27;[0;39m: HV000234: Using org.hibernate.validator.internal.engine.resolver.JPATraversableResolver as ValidatorFactory-scoped traversable resolver.
&amp#27;[30m2020-02-08 10:21:42,290&amp#27;[0;39m &amp#27;[39mDEBUG&amp#27;[0;39m [&amp#27;[34mmain&amp#27;[0;39m] &amp#27;[33morg.hibernate.validator.internal.engine.ValidatorFactoryImpl&amp#27;[0;39m: HV000234: Using org.hibernate.validator.internal.util.ExecutableParameterNameProvider as ValidatorFactory-scoped parameter name provider.
&amp#27;[30m2020-02-08 10:21:42,290&amp#27;[0;39m &amp#27;[39mDEBUG&amp#27;[0;39m [&amp#27;[34mmain&amp#27;[0;39m] &amp#27;[33morg.hibernate.validator.internal.engine.ValidatorFactoryImpl&amp#27;[0;39m: HV000234: Using org.hibernate.validator.internal.engine.DefaultClockProvider as ValidatorFactory-scoped clock provider.
&amp#27;[30m2020-02-08 10:21:42,290&amp#27;[0;39m &amp#27;[39mDEBUG&amp#27;[0;39m [&amp#27;[34mmain&amp#27;[0;39m] &amp#27;[33morg.hibernate.validator.internal.engine.ValidatorFactoryImpl&amp#27;[0;39m: HV000234: Using org.hibernate.validator.internal.engine.scripting.DefaultScriptEvaluatorFactory as ValidatorFactory-scoped script evaluator factory.
&amp#27;[30m2020-02-08 10:21:42,290&amp#27;[0;39m &amp#27;[39mDEBUG&amp#27;[0;39m [&amp#27;[34mmain&amp#27;[0;39m] &amp#27;[33morg.hibernate.boot.internal.ClassLoaderAccessImpl&amp#27;[0;39m: Not known whether passed class name [in.rgukt.r081247.universityapi.entity.Course] is safe
&amp#27;[30m2020-02-08 10:21:42,291&amp#27;[0;39m &amp#27;[39mDEBUG&amp#27;[0;39m [&amp#27;[34mmain&amp#27;[0;39m] &amp#27;[33morg.hibernate.boot.internal.ClassLoaderAccessImpl&amp#27;[0;39m: No temp ClassLoader provided; using live ClassLoader for loading potentially unsafe class : in.rgukt.r081247.universityapi.entity.Course
&amp#27;[30m2020-02-08 10:21:42,298&amp#27;[0;39m &amp#27;[39mDEBUG&amp#27;[0;39m [&amp#27;[34mmain&amp#27;[0;39m] &amp#27;[33morg.hibernate.boot.internal.ClassLoaderAccessImpl&amp#27;[0;39m: Not known whether passed class name [in.rgukt.r081247.universityapi.entity.Department] is safe
&amp#27;[30m2020-02-08 10:21:42,299&amp#27;[0;39m &amp#27;[39mDEBUG&amp#27;[0;39m [&amp#27;[34mmain&amp#27;[0;39m] &amp#27;[33morg.hibernate.boot.internal.ClassLoaderAccessImpl&amp#27;[0;39m: No temp ClassLoader provided; using live ClassLoader for loading potentially unsafe class : in.rgukt.r081247.universityapi.entity.Department
&amp#27;[30m2020-02-08 10:21:42,304&amp#27;[0;39m &amp#27;[39mDEBUG&amp#27;[0;39m [&amp#27;[34mmain&amp#27;[0;39m] &amp#27;[33morg.hibernate.boot.internal.ClassLoaderAccessImpl&amp#27;[0;39m: Not known whether passed class name [in.rgukt.r081247.universityapi.entity.Student] is safe
&amp#27;[30m2020-02-08 10:21:42,304&amp#27;[0;39m &amp#27;[39mDEBUG&amp#27;[0;39m [&amp#27;[34mmain&amp#27;[0;39m] &amp#27;[33morg.hibernate.boot.internal.ClassLoaderAccessImpl&amp#27;[0;39m: No temp ClassLoader provided; using live ClassLoader for loading potentially unsafe class : in.rgukt.r081247.universityapi.entity.Student
&amp#27;[30m2020-02-08 10:21:42,309&amp#27;[0;39m &amp#27;[39mDEBUG&amp#27;[0;39m [&amp#27;[34mmain&amp#27;[0;39m] &amp#27;[33morg.hibernate.secure.spi.JaccIntegrator&amp#27;[0;39m: Skipping JACC integration as it was not enabled
&amp#27;[30m2020-02-08 10:21:42,309&amp#27;[0;39m &amp#27;[39mDEBUG&amp#27;[0;39m [&amp#27;[34mmain&amp#27;[0;39m] &amp#27;[33morg.hibernate.internal.SessionFactoryImpl&amp#27;[0;39m: Instantiated session factory
&amp#27;[30m2020-02-08 10:21:42,310&amp#27;[0;39m &amp#27;[39mDEBUG&amp#27;[0;39m [&amp#27;[34mmain&amp#27;[0;39m] &amp#27;[33morg.hibernate.type.spi.TypeConfiguration&amp#27;[0;39m: Scoping TypeConfiguration [org.hibernate.type.spi.TypeConfiguration@309d9033] to SessionFactoryImpl [org.hibernate.internal.SessionFactoryImpl@b45e264]
&amp#27;[30m2020-02-08 10:21:42,310&amp#27;[0;39m &amp#27;[39mDEBUG&amp#27;[0;39m [&amp#27;[34mmain&amp#27;[0;39m] &amp#27;[33morg.hibernate.boot.internal.ClassLoaderAccessImpl&amp#27;[0;39m: Not known whether passed class name [in.rgukt.r081247.universityapi.entity.Course] is safe
&amp#27;[30m2020-02-08 10:21:42,310&amp#27;[0;39m &amp#27;[39mDEBUG&amp#27;[0;39m [&amp#27;[34mmain&amp#27;[0;39m] &amp#27;[33morg.hibernate.boot.internal.ClassLoaderAccessImpl&amp#27;[0;39m: No temp ClassLoader provided; using live ClassLoader for loading potentially unsafe class : in.rgukt.r081247.universityapi.entity.Course
&amp#27;[30m2020-02-08 10:21:42,311&amp#27;[0;39m &amp#27;[39mDEBUG&amp#27;[0;39m [&amp#27;[34mmain&amp#27;[0;39m] &amp#27;[33morg.hibernate.boot.internal.ClassLoaderAccessImpl&amp#27;[0;39m: Not known whether passed class name [in.rgukt.r081247.universityapi.entity.Course] is safe
&amp#27;[30m2020-02-08 10:21:42,311&amp#27;[0;39m &amp#27;[39mDEBUG&amp#27;[0;39m [&amp#27;[34mmain&amp#27;[0;39m] &amp#27;[33morg.hibernate.boot.internal.ClassLoaderAccessImpl&amp#27;[0;39m: No temp ClassLoader provided; using live ClassLoader for loading potentially unsafe class : in.rgukt.r081247.universityapi.entity.Course
&amp#27;[30m2020-02-08 10:21:42,370&amp#27;[0;39m &amp#27;[39mDEBUG&amp#27;[0;39m [&amp#27;[34mmain&amp#27;[0;39m] &amp#27;[33morg.hibernate.boot.internal.ClassLoaderAccessImpl&amp#27;[0;39m: Not known whether passed class name [in.rgukt.r081247.universityapi.entity.Department] is safe
&amp#27;[30m2020-02-08 10:21:42,371&amp#27;[0;39m &amp#27;[39mDEBUG&amp#27;[0;39m [&amp#27;[34mmain&amp#27;[0;39m] &amp#27;[33morg.hibernate.boot.internal.ClassLoaderAccessImpl&amp#27;[0;39m: No temp ClassLoader provided; using live ClassLoader for loading potentially unsafe class : in.rgukt.r081247.universityapi.entity.Department
&amp#27;[30m2020-02-08 10:21:42,371&amp#27;[0;39m &amp#27;[39mDEBUG&amp#27;[0;39m [&amp#27;[34mmain&amp#27;[0;39m] &amp#27;[33morg.hibernate.boot.internal.ClassLoaderAccessImpl&amp#27;[0;39m: Not known whether passed class name [in.rgukt.r081247.universityapi.entity.Department] is safe
&amp#27;[30m2020-02-08 10:21:42,372&amp#27;[0;39m &amp#27;[39mDEBUG&amp#27;[0;39m [&amp#27;[34mmain&amp#27;[0;39m] &amp#27;[33morg.hibernate.boot.internal.ClassLoaderAccessImpl&amp#27;[0;39m: No temp ClassLoader provided; using live ClassLoader for loading potentially unsafe class : in.rgukt.r081247.universityapi.entity.Department
&amp#27;[30m2020-02-08 10:21:42,406&amp#27;[0;39m &amp#27;[39mDEBUG&amp#27;[0;39m [&amp#27;[34mmain&amp#27;[0;39m] &amp#27;[33morg.hibernate.boot.internal.ClassLoaderAccessImpl&amp#27;[0;39m: Not known whether passed class name [in.rgukt.r081247.universityapi.entity.Student] is safe
&amp#27;[30m2020-02-08 10:21:42,410&amp#27;[0;39m &amp#27;[39mDEBUG&amp#27;[0;39m [&amp#27;[34mmain&amp#27;[0;39m] &amp#27;[33morg.hibernate.boot.internal.ClassLoaderAccessImpl&amp#27;[0;39m: No temp ClassLoader provided; using live ClassLoader for loading potentially unsafe class : in.rgukt.r081247.universityapi.entity.Student
&amp#27;[30m2020-02-08 10:21:42,413&amp#27;[0;39m &amp#27;[39mDEBUG&amp#27;[0;39m [&amp#27;[34mmain&amp#27;[0;39m] &amp#27;[33morg.hibernate.boot.internal.ClassLoaderAccessImpl&amp#27;[0;39m: Not known whether passed class name [in.rgukt.r081247.universityapi.entity.Student] is safe
&amp#27;[30m2020-02-08 10:21:42,414&amp#27;[0;39m &amp#27;[39mDEBUG&amp#27;[0;39m [&amp#27;[34mmain&amp#27;[0;39m] &amp#27;[33morg.hibernate.boot.internal.ClassLoaderAccessImpl&amp#27;[0;39m: No temp ClassLoader provided; using live ClassLoader for loading potentially unsafe class : in.rgukt.r081247.universityapi.entity.Student
&amp#27;[30m2020-02-08 10:21:42,456&amp#27;[0;39m &amp#27;[39mDEBUG&amp#27;[0;39m [&amp#27;[34mmain&amp#27;[0;39m] &amp#27;[33morg.hibernate.persister.collection.AbstractCollectionPersister&amp#27;[0;39m: Static SQL for collection: in.rgukt.r081247.universityapi.entity.Student.courses
&amp#27;[30m2020-02-08 10:21:42,456&amp#27;[0;39m &amp#27;[39mDEBUG&amp#27;[0;39m [&amp#27;[34mmain&amp#27;[0;39m] &amp#27;[33morg.hibernate.persister.collection.AbstractCollectionPersister&amp#27;[0;39m:  Row insert: insert into student_course (student_id, course_id) values (?, ?)
&amp#27;[30m2020-02-08 10:21:42,457&amp#27;[0;39m &amp#27;[39mDEBUG&amp#27;[0;39m [&amp#27;[34mmain&amp#27;[0;39m] &amp#27;[33morg.hibernate.persister.collection.AbstractCollectionPersister&amp#27;[0;39m:  Row update: update student_course set course_id=? where student_id=? and course_id=?
&amp#27;[30m2020-02-08 10:21:42,457&amp#27;[0;39m &amp#27;[39mDEBUG&amp#27;[0;39m [&amp#27;[34mmain&amp#27;[0;39m] &amp#27;[33morg.hibernate.persister.collection.AbstractCollectionPersister&amp#27;[0;39m:  Row delete: delete from student_course where student_id=? and course_id=?
&amp#27;[30m2020-02-08 10:21:42,457&amp#27;[0;39m &amp#27;[39mDEBUG&amp#27;[0;39m [&amp#27;[34mmain&amp#27;[0;39m] &amp#27;[33morg.hibernate.persister.collection.AbstractCollectionPersister&amp#27;[0;39m:  One-shot delete: delete from student_course where student_id=?
&amp#27;[30m2020-02-08 10:21:42,459&amp#27;[0;39m &amp#27;[39mDEBUG&amp#27;[0;39m [&amp#27;[34mmain&amp#27;[0;39m] &amp#27;[33morg.hibernate.persister.collection.AbstractCollectionPersister&amp#27;[0;39m: Static SQL for collection: in.rgukt.r081247.universityapi.entity.Department.courses
&amp#27;[30m2020-02-08 10:21:42,459&amp#27;[0;39m &amp#27;[39mDEBUG&amp#27;[0;39m [&amp#27;[34mmain&amp#27;[0;39m] &amp#27;[33morg.hibernate.persister.collection.AbstractCollectionPersister&amp#27;[0;39m:  Row insert: update course set department_id=? where id=?
&amp#27;[30m2020-02-08 10:21:42,459&amp#27;[0;39m &amp#27;[39mDEBUG&amp#27;[0;39m [&amp#27;[34mmain&amp#27;[0;39m] &amp#27;[33morg.hibernate.persister.collection.AbstractCollectionPersister&amp#27;[0;39m:  Row update: update course set  where id=?
&amp#27;[30m2020-02-08 10:21:42,459&amp#27;[0;39m &amp#27;[39mDEBUG&amp#27;[0;39m [&amp#27;[34mmain&amp#27;[0;39m] &amp#27;[33morg.hibernate.persister.collection.AbstractCollectionPersister&amp#27;[0;39m:  Row delete: update course set department_id=null where department_id=? and id=?
&amp#27;[30m2020-02-08 10:21:42,460&amp#27;[0;39m &amp#27;[39mDEBUG&amp#27;[0;39m [&amp#27;[34mmain&amp#27;[0;39m] &amp#27;[33morg.hibernate.persister.collection.AbstractCollectionPersister&amp#27;[0;39m:  One-shot delete: update course set department_id=null where department_id=?
&amp#27;[30m2020-02-08 10:21:42,460&amp#27;[0;39m &amp#27;[39mDEBUG&amp#27;[0;39m [&amp#27;[34mmain&amp#27;[0;39m] &amp#27;[33morg.hibernate.persister.collection.AbstractCollectionPersister&amp#27;[0;39m: Static SQL for collection: in.rgukt.r081247.universityapi.entity.Course.students
&amp#27;[30m2020-02-08 10:21:42,461&amp#27;[0;39m &amp#27;[39mDEBUG&amp#27;[0;39m [&amp#27;[34mmain&amp#27;[0;39m] &amp#27;[33morg.hibernate.persister.collection.AbstractCollectionPersister&amp#27;[0;39m:  Row insert: insert into student_course (course_id, student_id) values (?, ?)
&amp#27;[30m2020-02-08 10:21:42,461&amp#27;[0;39m &amp#27;[39mDEBUG&amp#27;[0;39m [&amp#27;[34mmain&amp#27;[0;39m] &amp#27;[33morg.hibernate.persister.collection.AbstractCollectionPersister&amp#27;[0;39m:  Row update: update student_course set student_id=? where course_id=? and student_id=?
&amp#27;[30m2020-02-08 10:21:42,461&amp#27;[0;39m &amp#27;[39mDEBUG&amp#27;[0;39m [&amp#27;[34mmain&amp#27;[0;39m] &amp#27;[33morg.hibernate.persister.collection.AbstractCollectionPersister&amp#27;[0;39m:  Row delete: delete from student_course where course_id=? and student_id=?
&amp#27;[30m2020-02-08 10:21:42,462&amp#27;[0;39m &amp#27;[39mDEBUG&amp#27;[0;39m [&amp#27;[34mmain&amp#27;[0;39m] &amp#27;[33morg.hibernate.persister.collection.AbstractCollectionPersister&amp#27;[0;39m:  One-shot delete: delete from student_course where course_id=?
&amp#27;[30m2020-02-08 10:21:42,462&amp#27;[0;39m &amp#27;[39mDEBUG&amp#27;[0;39m [&amp#27;[34mmain&amp#27;[0;39m] &amp#27;[33morg.hibernate.persister.entity.AbstractEntityPersister&amp#27;[0;39m: Static SQL for entity: in.rgukt.r081247.universityapi.entity.Course
&amp#27;[30m2020-02-08 10:21:42,463&amp#27;[0;39m &amp#27;[39mDEBUG&amp#27;[0;39m [&amp#27;[34mmain&amp#27;[0;39m] &amp#27;[33morg.hibernate.persister.entity.AbstractEntityPersister&amp#27;[0;39m:  Version select: select id from course where id =?
&amp#27;[30m2020-02-08 10:21:42,463&amp#27;[0;39m &amp#27;[39mDEBUG&amp#27;[0;39m [&amp#27;[34mmain&amp#27;[0;39m] &amp#27;[33morg.hibernate.persister.entity.AbstractEntityPersister&amp#27;[0;39m:  Snapshot select: select course_.id, course_.department_id as departme3_0_, course_.name as name2_0_ from course course_ where course_.id=?
&amp#27;[30m2020-02-08 10:21:42,463&amp#27;[0;39m &amp#27;[39mDEBUG&amp#27;[0;39m [&amp#27;[34mmain&amp#27;[0;39m] &amp#27;[33morg.jboss.logging.DelegatingBasicLogger&amp#27;[0;39m:  Insert 0: insert into course (department_id, name, id) values (?, ?, ?)
&amp#27;[30m2020-02-08 10:21:42,463&amp#27;[0;39m &amp#27;[39mDEBUG&amp#27;[0;39m [&amp#27;[34mmain&amp#27;[0;39m] &amp#27;[33morg.jboss.logging.DelegatingBasicLogger&amp#27;[0;39m:  Update 0: update course set department_id=?, name=? where id=?
&amp#27;[30m2020-02-08 10:21:42,463&amp#27;[0;39m &amp#27;[39mDEBUG&amp#27;[0;39m [&amp#27;[34mmain&amp#27;[0;39m] &amp#27;[33morg.jboss.logging.DelegatingBasicLogger&amp#27;[0;39m:  Delete 0: delete from course where id=?
&amp#27;[30m2020-02-08 10:21:42,464&amp#27;[0;39m &amp#27;[39mDEBUG&amp#27;[0;39m [&amp#27;[34mmain&amp#27;[0;39m] &amp#27;[33morg.hibernate.persister.entity.AbstractEntityPersister&amp#27;[0;39m:  Identity insert: insert into course (id, department_id, name) values (null, ?, ?)
&amp#27;[30m2020-02-08 10:21:42,464&amp#27;[0;39m &amp#27;[39mDEBUG&amp#27;[0;39m [&amp#27;[34mmain&amp#27;[0;39m] &amp#27;[33morg.hibernate.loader.plan.build.internal.spaces.QuerySpacesImpl&amp#27;[0;39m: Adding QuerySpace : uid = <gen:0> -> org.hibernate.loader.plan.build.internal.spaces.EntityQuerySpaceImpl@24c4370a]
&amp#27;[30m2020-02-08 10:21:42,465&amp#27;[0;39m &amp#27;[39mDEBUG&amp#27;[0;39m [&amp#27;[34mmain&amp#27;[0;39m] &amp#27;[33morg.hibernate.persister.walking.spi.MetamodelGraphWalker&amp#27;[0;39m: Visiting attribute path : department
&amp#27;[30m2020-02-08 10:21:42,465&amp#27;[0;39m &amp#27;[39mDEBUG&amp#27;[0;39m [&amp#27;[34mmain&amp#27;[0;39m] &amp#27;[33morg.hibernate.loader.plan.build.internal.spaces.QuerySpacesImpl&amp#27;[0;39m: Adding QuerySpace : uid = <gen:1> -> org.hibernate.loader.plan.build.internal.spaces.EntityQuerySpaceImpl@41a3656f]
&amp#27;[30m2020-02-08 10:21:42,466&amp#27;[0;39m &amp#27;[39mDEBUG&amp#27;[0;39m [&amp#27;[34mmain&amp#27;[0;39m] &amp#27;[33morg.hibernate.persister.walking.spi.MetamodelGraphWalker&amp#27;[0;39m: Visiting attribute path : name
&amp#27;[30m2020-02-08 10:21:42,466&amp#27;[0;39m &amp#27;[39mDEBUG&amp#27;[0;39m [&amp#27;[34mmain&amp#27;[0;39m] &amp#27;[33morg.hibernate.persister.walking.spi.MetamodelGraphWalker&amp#27;[0;39m: Visiting attribute path : students
&amp#27;[30m2020-02-08 10:21:42,467&amp#27;[0;39m &amp#27;[39mDEBUG&amp#27;[0;39m [&amp#27;[34mmain&amp#27;[0;39m] &amp#27;[33morg.hibernate.loader.plan.build.internal.spaces.QuerySpacesImpl&amp#27;[0;39m: Adding QuerySpace : uid = <gen:2> -> org.hibernate.loader.plan.build.internal.spaces.CollectionQuerySpaceImpl@5086e144]
&amp#27;[30m2020-02-08 10:21:42,467&amp#27;[0;39m &amp#27;[39mDEBUG&amp#27;[0;39m [&amp#27;[34mmain&amp#27;[0;39m] &amp#27;[33morg.hibernate.loader.plan.build.internal.spaces.QuerySpacesImpl&amp#27;[0;39m: Adding QuerySpace : uid = <gen:3> -> org.hibernate.loader.plan.build.internal.spaces.EntityQuerySpaceImpl@557fe039]
&amp#27;[30m2020-02-08 10:21:42,467&amp#27;[0;39m &amp#27;[39mDEBUG&amp#27;[0;39m [&amp#27;[34mmain&amp#27;[0;39m] &amp#27;[33morg.hibernate.loader.plan.build.internal.FetchStyleLoadPlanBuildingAssociationVisitationStrategy&amp#27;[0;39m: Building LoadPlan...
&amp#27;[30m2020-02-08 10:21:42,468&amp#27;[0;39m &amp#27;[39mDEBUG&amp#27;[0;39m [&amp#27;[34mmain&amp#27;[0;39m] &amp#27;[33morg.hibernate.loader.plan.exec.internal.LoadQueryJoinAndFetchProcessor&amp#27;[0;39m: processing queryspace <gen:0>
&amp#27;[30m2020-02-08 10:21:42,469&amp#27;[0;39m &amp#27;[39mDEBUG&amp#27;[0;39m [&amp#27;[34mmain&amp#27;[0;39m] &amp#27;[33morg.hibernate.loader.plan.build.spi.LoadPlanTreePrinter&amp#27;[0;39m: LoadPlan(entity=in.rgukt.r081247.universityapi.entity.Course)
    - Returns
       - EntityReturnImpl(entity=in.rgukt.r081247.universityapi.entity.Course, querySpaceUid=<gen:0>, path=in.rgukt.r081247.universityapi.entity.Course)
          - EntityAttributeFetchImpl(entity=in.rgukt.r081247.universityapi.entity.Department, querySpaceUid=<gen:1>, path=in.rgukt.r081247.universityapi.entity.Course.department)
          - CollectionAttributeFetchImpl(collection=in.rgukt.r081247.universityapi.entity.Course.students, querySpaceUid=<gen:2>, path=in.rgukt.r081247.universityapi.entity.Course.students)
             - (collection element) CollectionFetchableElementEntityGraph(entity=in.rgukt.r081247.universityapi.entity.Student, querySpaceUid=<gen:3>, path=in.rgukt.r081247.universityapi.entity.Course.students.<elements>)
    - QuerySpaces
       - EntityQuerySpaceImpl(uid=<gen:0>, entity=in.rgukt.r081247.universityapi.entity.Course)
          - SQL table alias mapping - course0_
          - alias suffix - 0_
          - suffixed key columns - {id1_0_0_}

&amp#27;[30m2020-02-08 10:21:42,469&amp#27;[0;39m &amp#27;[39mDEBUG&amp#27;[0;39m [&amp#27;[34mmain&amp#27;[0;39m] &amp#27;[33morg.hibernate.loader.entity.plan.EntityLoader&amp#27;[0;39m: Static select for entity in.rgukt.r081247.universityapi.entity.Course [NONE]: select course0_.id as id1_0_0_, course0_.department_id as departme3_0_0_, course0_.name as name2_0_0_ from course course0_ where course0_.id=?
&amp#27;[30m2020-02-08 10:21:42,469&amp#27;[0;39m &amp#27;[39mDEBUG&amp#27;[0;39m [&amp#27;[34mmain&amp#27;[0;39m] &amp#27;[33morg.hibernate.loader.plan.build.internal.spaces.QuerySpacesImpl&amp#27;[0;39m: Adding QuerySpace : uid = <gen:0> -> org.hibernate.loader.plan.build.internal.spaces.EntityQuerySpaceImpl@231d5119]
&amp#27;[30m2020-02-08 10:21:42,470&amp#27;[0;39m &amp#27;[39mDEBUG&amp#27;[0;39m [&amp#27;[34mmain&amp#27;[0;39m] &amp#27;[33morg.hibernate.persister.walking.spi.MetamodelGraphWalker&amp#27;[0;39m: Visiting attribute path : department
&amp#27;[30m2020-02-08 10:21:42,470&amp#27;[0;39m &amp#27;[39mDEBUG&amp#27;[0;39m [&amp#27;[34mmain&amp#27;[0;39m] &amp#27;[33morg.hibernate.loader.plan.build.internal.spaces.QuerySpacesImpl&amp#27;[0;39m: Adding QuerySpace : uid = <gen:1> -> org.hibernate.loader.plan.build.internal.spaces.EntityQuerySpaceImpl@1ea482b4]
&amp#27;[30m2020-02-08 10:21:42,470&amp#27;[0;39m &amp#27;[39mDEBUG&amp#27;[0;39m [&amp#27;[34mmain&amp#27;[0;39m] &amp#27;[33morg.hibernate.persister.walking.spi.MetamodelGraphWalker&amp#27;[0;39m: Visiting attribute path : name
&amp#27;[30m2020-02-08 10:21:42,471&amp#27;[0;39m &amp#27;[39mDEBUG&amp#27;[0;39m [&amp#27;[34mmain&amp#27;[0;39m] &amp#27;[33morg.hibernate.persister.walking.spi.MetamodelGraphWalker&amp#27;[0;39m: Visiting attribute path : students
&amp#27;[30m2020-02-08 10:21:42,471&amp#27;[0;39m &amp#27;[39mDEBUG&amp#27;[0;39m [&amp#27;[34mmain&amp#27;[0;39m] &amp#27;[33morg.hibernate.loader.plan.build.internal.spaces.QuerySpacesImpl&amp#27;[0;39m: Adding QuerySpace : uid = <gen:2> -> org.hibernate.loader.plan.build.internal.spaces.CollectionQuerySpaceImpl@3470c771]
&amp#27;[30m2020-02-08 10:21:42,471&amp#27;[0;39m &amp#27;[39mDEBUG&amp#27;[0;39m [&amp#27;[34mmain&amp#27;[0;39m] &amp#27;[33morg.hibernate.loader.plan.build.internal.spaces.QuerySpacesImpl&amp#27;[0;39m: Adding QuerySpace : uid = <gen:3> -> org.hibernate.loader.plan.build.internal.spaces.EntityQuerySpaceImpl@7d2ccd7f]
&amp#27;[30m2020-02-08 10:21:42,472&amp#27;[0;39m &amp#27;[39mDEBUG&amp#27;[0;39m [&amp#27;[34mmain&amp#27;[0;39m] &amp#27;[33morg.hibernate.loader.plan.build.internal.FetchStyleLoadPlanBuildingAssociationVisitationStrategy&amp#27;[0;39m: Building LoadPlan...
&amp#27;[30m2020-02-08 10:21:42,472&amp#27;[0;39m &amp#27;[39mDEBUG&amp#27;[0;39m [&amp#27;[34mmain&amp#27;[0;39m] &amp#27;[33morg.hibernate.loader.plan.exec.internal.LoadQueryJoinAndFetchProcessor&amp#27;[0;39m: processing queryspace <gen:0>
&amp#27;[30m2020-02-08 10:21:42,473&amp#27;[0;39m &amp#27;[39mDEBUG&amp#27;[0;39m [&amp#27;[34mmain&amp#27;[0;39m] &amp#27;[33morg.hibernate.loader.plan.build.spi.LoadPlanTreePrinter&amp#27;[0;39m: LoadPlan(entity=in.rgukt.r081247.universityapi.entity.Course)
    - Returns
       - EntityReturnImpl(entity=in.rgukt.r081247.universityapi.entity.Course, querySpaceUid=<gen:0>, path=in.rgukt.r081247.universityapi.entity.Course)
          - EntityAttributeFetchImpl(entity=in.rgukt.r081247.universityapi.entity.Department, querySpaceUid=<gen:1>, path=in.rgukt.r081247.universityapi.entity.Course.department)
          - CollectionAttributeFetchImpl(collection=in.rgukt.r081247.universityapi.entity.Course.students, querySpaceUid=<gen:2>, path=in.rgukt.r081247.universityapi.entity.Course.students)
             - (collection element) CollectionFetchableElementEntityGraph(entity=in.rgukt.r081247.universityapi.entity.Student, querySpaceUid=<gen:3>, path=in.rgukt.r081247.universityapi.entity.Course.students.<elements>)
    - QuerySpaces
       - EntityQuerySpaceImpl(uid=<gen:0>, entity=in.rgukt.r081247.universityapi.entity.Course)
          - SQL table alias mapping - course0_
          - alias suffix - 0_
          - suffixed key columns - {id1_0_0_}

&amp#27;[30m2020-02-08 10:21:42,473&amp#27;[0;39m &amp#27;[39mDEBUG&amp#27;[0;39m [&amp#27;[34mmain&amp#27;[0;39m] &amp#27;[33morg.hibernate.loader.entity.plan.EntityLoader&amp#27;[0;39m: Static select for entity in.rgukt.r081247.universityapi.entity.Course [READ]: select course0_.id as id1_0_0_, course0_.department_id as departme3_0_0_, course0_.name as name2_0_0_ from course course0_ where course0_.id=?
&amp#27;[30m2020-02-08 10:21:42,474&amp#27;[0;39m &amp#27;[39mDEBUG&amp#27;[0;39m [&amp#27;[34mmain&amp#27;[0;39m] &amp#27;[33morg.hibernate.loader.entity.CascadeEntityLoader&amp#27;[0;39m: Static select for action ACTION_MERGE on entity in.rgukt.r081247.universityapi.entity.Course: select course0_.id as id1_0_0_, course0_.department_id as departme3_0_0_, course0_.name as name2_0_0_ from course course0_ where course0_.id=?
&amp#27;[30m2020-02-08 10:21:42,475&amp#27;[0;39m &amp#27;[39mDEBUG&amp#27;[0;39m [&amp#27;[34mmain&amp#27;[0;39m] &amp#27;[33morg.hibernate.loader.entity.CascadeEntityLoader&amp#27;[0;39m: Static select for action ACTION_REFRESH on entity in.rgukt.r081247.universityapi.entity.Course: select course0_.id as id1_0_0_, course0_.department_id as departme3_0_0_, course0_.name as name2_0_0_ from course course0_ where course0_.id=?
&amp#27;[30m2020-02-08 10:21:42,475&amp#27;[0;39m &amp#27;[39mDEBUG&amp#27;[0;39m [&amp#27;[34mmain&amp#27;[0;39m] &amp#27;[33morg.hibernate.persister.entity.AbstractEntityPersister&amp#27;[0;39m: Static SQL for entity: in.rgukt.r081247.universityapi.entity.Department
&amp#27;[30m2020-02-08 10:21:42,476&amp#27;[0;39m &amp#27;[39mDEBUG&amp#27;[0;39m [&amp#27;[34mmain&amp#27;[0;39m] &amp#27;[33morg.hibernate.persister.entity.AbstractEntityPersister&amp#27;[0;39m:  Version select: select id from department where id =?
&amp#27;[30m2020-02-08 10:21:42,476&amp#27;[0;39m &amp#27;[39mDEBUG&amp#27;[0;39m [&amp#27;[34mmain&amp#27;[0;39m] &amp#27;[33morg.hibernate.persister.entity.AbstractEntityPersister&amp#27;[0;39m:  Snapshot select: select department_.id, department_.name as name2_1_ from department department_ where department_.id=?
&amp#27;[30m2020-02-08 10:21:42,476&amp#27;[0;39m &amp#27;[39mDEBUG&amp#27;[0;39m [&amp#27;[34mmain&amp#27;[0;39m] &amp#27;[33morg.jboss.logging.DelegatingBasicLogger&amp#27;[0;39m:  Insert 0: insert into department (name, id) values (?, ?)
&amp#27;[30m2020-02-08 10:21:42,476&amp#27;[0;39m &amp#27;[39mDEBUG&amp#27;[0;39m [&amp#27;[34mmain&amp#27;[0;39m] &amp#27;[33morg.jboss.logging.DelegatingBasicLogger&amp#27;[0;39m:  Update 0: update department set name=? where id=?
&amp#27;[30m2020-02-08 10:21:42,476&amp#27;[0;39m &amp#27;[39mDEBUG&amp#27;[0;39m [&amp#27;[34mmain&amp#27;[0;39m] &amp#27;[33morg.jboss.logging.DelegatingBasicLogger&amp#27;[0;39m:  Delete 0: delete from department where id=?
&amp#27;[30m2020-02-08 10:21:42,476&amp#27;[0;39m &amp#27;[39mDEBUG&amp#27;[0;39m [&amp#27;[34mmain&amp#27;[0;39m] &amp#27;[33morg.hibernate.persister.entity.AbstractEntityPersister&amp#27;[0;39m:  Identity insert: insert into department (id, name) values (null, ?)
&amp#27;[30m2020-02-08 10:21:42,477&amp#27;[0;39m &amp#27;[39mDEBUG&amp#27;[0;39m [&amp#27;[34mmain&amp#27;[0;39m] &amp#27;[33morg.hibernate.loader.plan.build.internal.spaces.QuerySpacesImpl&amp#27;[0;39m: Adding QuerySpace : uid = <gen:0> -> org.hibernate.loader.plan.build.internal.spaces.EntityQuerySpaceImpl@7ae49d52]
&amp#27;[30m2020-02-08 10:21:42,477&amp#27;[0;39m &amp#27;[39mDEBUG&amp#27;[0;39m [&amp#27;[34mmain&amp#27;[0;39m] &amp#27;[33morg.hibernate.persister.walking.spi.MetamodelGraphWalker&amp#27;[0;39m: Visiting attribute path : courses
&amp#27;[30m2020-02-08 10:21:42,477&amp#27;[0;39m &amp#27;[39mDEBUG&amp#27;[0;39m [&amp#27;[34mmain&amp#27;[0;39m] &amp#27;[33morg.hibernate.loader.plan.build.internal.spaces.QuerySpacesImpl&amp#27;[0;39m: Adding QuerySpace : uid = <gen:1> -> org.hibernate.loader.plan.build.internal.spaces.CollectionQuerySpaceImpl@72161dbb]
&amp#27;[30m2020-02-08 10:21:42,478&amp#27;[0;39m &amp#27;[39mDEBUG&amp#27;[0;39m [&amp#27;[34mmain&amp#27;[0;39m] &amp#27;[33morg.hibernate.loader.plan.build.internal.spaces.QuerySpacesImpl&amp#27;[0;39m: Adding QuerySpace : uid = <gen:2> -> org.hibernate.loader.plan.build.internal.spaces.EntityQuerySpaceImpl@69ca71b3]
&amp#27;[30m2020-02-08 10:21:42,478&amp#27;[0;39m &amp#27;[39mDEBUG&amp#27;[0;39m [&amp#27;[34mmain&amp#27;[0;39m] &amp#27;[33morg.hibernate.persister.walking.spi.MetamodelGraphWalker&amp#27;[0;39m: Visiting attribute path : name
&amp#27;[30m2020-02-08 10:21:42,478&amp#27;[0;39m &amp#27;[39mDEBUG&amp#27;[0;39m [&amp#27;[34mmain&amp#27;[0;39m] &amp#27;[33morg.hibernate.loader.plan.build.internal.FetchStyleLoadPlanBuildingAssociationVisitationStrategy&amp#27;[0;39m: Building LoadPlan...
&amp#27;[30m2020-02-08 10:21:42,479&amp#27;[0;39m &amp#27;[39mDEBUG&amp#27;[0;39m [&amp#27;[34mmain&amp#27;[0;39m] &amp#27;[33morg.hibernate.loader.plan.exec.internal.LoadQueryJoinAndFetchProcessor&amp#27;[0;39m: processing queryspace <gen:0>
&amp#27;[30m2020-02-08 10:21:42,480&amp#27;[0;39m &amp#27;[39mDEBUG&amp#27;[0;39m [&amp#27;[34mmain&amp#27;[0;39m] &amp#27;[33morg.hibernate.loader.plan.build.spi.LoadPlanTreePrinter&amp#27;[0;39m: LoadPlan(entity=in.rgukt.r081247.universityapi.entity.Department)
    - Returns
       - EntityReturnImpl(entity=in.rgukt.r081247.universityapi.entity.Department, querySpaceUid=<gen:0>, path=in.rgukt.r081247.universityapi.entity.Department)
          - CollectionAttributeFetchImpl(collection=in.rgukt.r081247.universityapi.entity.Department.courses, querySpaceUid=<gen:1>, path=in.rgukt.r081247.universityapi.entity.Department.courses)
             - (collection element) CollectionFetchableElementEntityGraph(entity=in.rgukt.r081247.universityapi.entity.Course, querySpaceUid=<gen:2>, path=in.rgukt.r081247.universityapi.entity.Department.courses.<elements>)
    - QuerySpaces
       - EntityQuerySpaceImpl(uid=<gen:0>, entity=in.rgukt.r081247.universityapi.entity.Department)
          - SQL table alias mapping - department0_
          - alias suffix - 0_
          - suffixed key columns - {id1_1_0_}

&amp#27;[30m2020-02-08 10:21:42,481&amp#27;[0;39m &amp#27;[39mDEBUG&amp#27;[0;39m [&amp#27;[34mmain&amp#27;[0;39m] &amp#27;[33morg.hibernate.loader.entity.plan.EntityLoader&amp#27;[0;39m: Static select for entity in.rgukt.r081247.universityapi.entity.Department [NONE]: select department0_.id as id1_1_0_, department0_.name as name2_1_0_ from department department0_ where department0_.id=?
&amp#27;[30m2020-02-08 10:21:42,481&amp#27;[0;39m &amp#27;[39mDEBUG&amp#27;[0;39m [&amp#27;[34mmain&amp#27;[0;39m] &amp#27;[33morg.hibernate.loader.plan.build.internal.spaces.QuerySpacesImpl&amp#27;[0;39m: Adding QuerySpace : uid = <gen:0> -> org.hibernate.loader.plan.build.internal.spaces.EntityQuerySpaceImpl@371a7fd5]
&amp#27;[30m2020-02-08 10:21:42,481&amp#27;[0;39m &amp#27;[39mDEBUG&amp#27;[0;39m [&amp#27;[34mmain&amp#27;[0;39m] &amp#27;[33morg.hibernate.persister.walking.spi.MetamodelGraphWalker&amp#27;[0;39m: Visiting attribute path : courses
&amp#27;[30m2020-02-08 10:21:42,482&amp#27;[0;39m &amp#27;[39mDEBUG&amp#27;[0;39m [&amp#27;[34mmain&amp#27;[0;39m] &amp#27;[33morg.hibernate.loader.plan.build.internal.spaces.QuerySpacesImpl&amp#27;[0;39m: Adding QuerySpace : uid = <gen:1> -> org.hibernate.loader.plan.build.internal.spaces.CollectionQuerySpaceImpl@4df8f4e9]
&amp#27;[30m2020-02-08 10:21:42,482&amp#27;[0;39m &amp#27;[39mDEBUG&amp#27;[0;39m [&amp#27;[34mmain&amp#27;[0;39m] &amp#27;[33morg.hibernate.loader.plan.build.internal.spaces.QuerySpacesImpl&amp#27;[0;39m: Adding QuerySpace : uid = <gen:2> -> org.hibernate.loader.plan.build.internal.spaces.EntityQuerySpaceImpl@7785430c]
&amp#27;[30m2020-02-08 10:21:42,482&amp#27;[0;39m &amp#27;[39mDEBUG&amp#27;[0;39m [&amp#27;[34mmain&amp#27;[0;39m] &amp#27;[33morg.hibernate.persister.walking.spi.MetamodelGraphWalker&amp#27;[0;39m: Visiting attribute path : name
&amp#27;[30m2020-02-08 10:21:42,483&amp#27;[0;39m &amp#27;[39mDEBUG&amp#27;[0;39m [&amp#27;[34mmain&amp#27;[0;39m] &amp#27;[33morg.hibernate.loader.plan.build.internal.FetchStyleLoadPlanBuildingAssociationVisitationStrategy&amp#27;[0;39m: Building LoadPlan...
&amp#27;[30m2020-02-08 10:21:42,483&amp#27;[0;39m &amp#27;[39mDEBUG&amp#27;[0;39m [&amp#27;[34mmain&amp#27;[0;39m] &amp#27;[33morg.hibernate.loader.plan.exec.internal.LoadQueryJoinAndFetchProcessor&amp#27;[0;39m: processing queryspace <gen:0>
&amp#27;[30m2020-02-08 10:21:42,484&amp#27;[0;39m &amp#27;[39mDEBUG&amp#27;[0;39m [&amp#27;[34mmain&amp#27;[0;39m] &amp#27;[33morg.hibernate.loader.plan.build.spi.LoadPlanTreePrinter&amp#27;[0;39m: LoadPlan(entity=in.rgukt.r081247.universityapi.entity.Department)
    - Returns
       - EntityReturnImpl(entity=in.rgukt.r081247.universityapi.entity.Department, querySpaceUid=<gen:0>, path=in.rgukt.r081247.universityapi.entity.Department)
          - CollectionAttributeFetchImpl(collection=in.rgukt.r081247.universityapi.entity.Department.courses, querySpaceUid=<gen:1>, path=in.rgukt.r081247.universityapi.entity.Department.courses)
             - (collection element) CollectionFetchableElementEntityGraph(entity=in.rgukt.r081247.universityapi.entity.Course, querySpaceUid=<gen:2>, path=in.rgukt.r081247.universityapi.entity.Department.courses.<elements>)
    - QuerySpaces
       - EntityQuerySpaceImpl(uid=<gen:0>, entity=in.rgukt.r081247.universityapi.entity.Department)
          - SQL table alias mapping - department0_
          - alias suffix - 0_
          - suffixed key columns - {id1_1_0_}

&amp#27;[30m2020-02-08 10:21:42,484&amp#27;[0;39m &amp#27;[39mDEBUG&amp#27;[0;39m [&amp#27;[34mmain&amp#27;[0;39m] &amp#27;[33morg.hibernate.loader.entity.plan.EntityLoader&amp#27;[0;39m: Static select for entity in.rgukt.r081247.universityapi.entity.Department [READ]: select department0_.id as id1_1_0_, department0_.name as name2_1_0_ from department department0_ where department0_.id=?
&amp#27;[30m2020-02-08 10:21:42,485&amp#27;[0;39m &amp#27;[39mDEBUG&amp#27;[0;39m [&amp#27;[34mmain&amp#27;[0;39m] &amp#27;[33morg.hibernate.loader.entity.CascadeEntityLoader&amp#27;[0;39m: Static select for action ACTION_MERGE on entity in.rgukt.r081247.universityapi.entity.Department: select department0_.id as id1_1_1_, department0_.name as name2_1_1_, courses1_.department_id as departme3_0_3_, courses1_.id as id1_0_3_, courses1_.id as id1_0_0_, courses1_.department_id as departme3_0_0_, courses1_.name as name2_0_0_ from department department0_ left outer join course courses1_ on department0_.id=courses1_.department_id where department0_.id=?
&amp#27;[30m2020-02-08 10:21:42,486&amp#27;[0;39m &amp#27;[39mDEBUG&amp#27;[0;39m [&amp#27;[34mmain&amp#27;[0;39m] &amp#27;[33morg.hibernate.loader.entity.CascadeEntityLoader&amp#27;[0;39m: Static select for action ACTION_REFRESH on entity in.rgukt.r081247.universityapi.entity.Department: select department0_.id as id1_1_1_, department0_.name as name2_1_1_, courses1_.department_id as departme3_0_3_, courses1_.id as id1_0_3_, courses1_.id as id1_0_0_, courses1_.department_id as departme3_0_0_, courses1_.name as name2_0_0_ from department department0_ left outer join course courses1_ on department0_.id=courses1_.department_id where department0_.id=?
&amp#27;[30m2020-02-08 10:21:42,486&amp#27;[0;39m &amp#27;[39mDEBUG&amp#27;[0;39m [&amp#27;[34mmain&amp#27;[0;39m] &amp#27;[33morg.hibernate.persister.entity.AbstractEntityPersister&amp#27;[0;39m: Static SQL for entity: in.rgukt.r081247.universityapi.entity.Student
&amp#27;[30m2020-02-08 10:21:42,486&amp#27;[0;39m &amp#27;[39mDEBUG&amp#27;[0;39m [&amp#27;[34mmain&amp#27;[0;39m] &amp#27;[33morg.hibernate.persister.entity.AbstractEntityPersister&amp#27;[0;39m:  Version select: select id from student where id =?
&amp#27;[30m2020-02-08 10:21:42,486&amp#27;[0;39m &amp#27;[39mDEBUG&amp#27;[0;39m [&amp#27;[34mmain&amp#27;[0;39m] &amp#27;[33morg.hibernate.persister.entity.AbstractEntityPersister&amp#27;[0;39m:  Snapshot select: select student_.id, student_.dob as dob2_2_, student_.name as name3_2_ from student student_ where student_.id=?
&amp#27;[30m2020-02-08 10:21:42,487&amp#27;[0;39m &amp#27;[39mDEBUG&amp#27;[0;39m [&amp#27;[34mmain&amp#27;[0;39m] &amp#27;[33morg.jboss.logging.DelegatingBasicLogger&amp#27;[0;39m:  Insert 0: insert into student (dob, name, id) values (?, ?, ?)
&amp#27;[30m2020-02-08 10:21:42,487&amp#27;[0;39m &amp#27;[39mDEBUG&amp#27;[0;39m [&amp#27;[34mmain&amp#27;[0;39m] &amp#27;[33morg.jboss.logging.DelegatingBasicLogger&amp#27;[0;39m:  Update 0: update student set dob=?, name=? where id=?
&amp#27;[30m2020-02-08 10:21:42,487&amp#27;[0;39m &amp#27;[39mDEBUG&amp#27;[0;39m [&amp#27;[34mmain&amp#27;[0;39m] &amp#27;[33morg.jboss.logging.DelegatingBasicLogger&amp#27;[0;39m:  Delete 0: delete from student where id=?
&amp#27;[30m2020-02-08 10:21:42,487&amp#27;[0;39m &amp#27;[39mDEBUG&amp#27;[0;39m [&amp#27;[34mmain&amp#27;[0;39m] &amp#27;[33morg.hibernate.persister.entity.AbstractEntityPersister&amp#27;[0;39m:  Identity insert: insert into student (id, dob, name) values (null, ?, ?)
&amp#27;[30m2020-02-08 10:21:42,487&amp#27;[0;39m &amp#27;[39mDEBUG&amp#27;[0;39m [&amp#27;[34mmain&amp#27;[0;39m] &amp#27;[33morg.hibernate.loader.plan.build.internal.spaces.QuerySpacesImpl&amp#27;[0;39m: Adding QuerySpace : uid = <gen:0> -> org.hibernate.loader.plan.build.internal.spaces.EntityQuerySpaceImpl@13056efe]
&amp#27;[30m2020-02-08 10:21:42,488&amp#27;[0;39m &amp#27;[39mDEBUG&amp#27;[0;39m [&amp#27;[34mmain&amp#27;[0;39m] &amp#27;[33morg.hibernate.persister.walking.spi.MetamodelGraphWalker&amp#27;[0;39m: Visiting attribute path : courses
&amp#27;[30m2020-02-08 10:21:42,489&amp#27;[0;39m &amp#27;[39mDEBUG&amp#27;[0;39m [&amp#27;[34mmain&amp#27;[0;39m] &amp#27;[33morg.hibernate.loader.plan.build.internal.spaces.QuerySpacesImpl&amp#27;[0;39m: Adding QuerySpace : uid = <gen:1> -> org.hibernate.loader.plan.build.internal.spaces.CollectionQuerySpaceImpl@184b24d4]
&amp#27;[30m2020-02-08 10:21:42,489&amp#27;[0;39m &amp#27;[39mDEBUG&amp#27;[0;39m [&amp#27;[34mmain&amp#27;[0;39m] &amp#27;[33morg.hibernate.loader.plan.build.internal.spaces.QuerySpacesImpl&amp#27;[0;39m: Adding QuerySpace : uid = <gen:2> -> org.hibernate.loader.plan.build.internal.spaces.EntityQuerySpaceImpl@450b99f2]
&amp#27;[30m2020-02-08 10:21:42,490&amp#27;[0;39m &amp#27;[39mDEBUG&amp#27;[0;39m [&amp#27;[34mmain&amp#27;[0;39m] &amp#27;[33morg.hibernate.persister.walking.spi.MetamodelGraphWalker&amp#27;[0;39m: Visiting attribute path : dob
&amp#27;[30m2020-02-08 10:21:42,490&amp#27;[0;39m &amp#27;[39mDEBUG&amp#27;[0;39m [&amp#27;[34mmain&amp#27;[0;39m] &amp#27;[33morg.hibernate.persister.walking.spi.MetamodelGraphWalker&amp#27;[0;39m: Visiting attribute path : name
&amp#27;[30m2020-02-08 10:21:42,490&amp#27;[0;39m &amp#27;[39mDEBUG&amp#27;[0;39m [&amp#27;[34mmain&amp#27;[0;39m] &amp#27;[33morg.hibernate.loader.plan.build.internal.FetchStyleLoadPlanBuildingAssociationVisitationStrategy&amp#27;[0;39m: Building LoadPlan...
&amp#27;[30m2020-02-08 10:21:42,490&amp#27;[0;39m &amp#27;[39mDEBUG&amp#27;[0;39m [&amp#27;[34mmain&amp#27;[0;39m] &amp#27;[33morg.hibernate.loader.plan.exec.internal.LoadQueryJoinAndFetchProcessor&amp#27;[0;39m: processing queryspace <gen:0>
&amp#27;[30m2020-02-08 10:21:42,491&amp#27;[0;39m &amp#27;[39mDEBUG&amp#27;[0;39m [&amp#27;[34mmain&amp#27;[0;39m] &amp#27;[33morg.hibernate.loader.plan.build.spi.LoadPlanTreePrinter&amp#27;[0;39m: LoadPlan(entity=in.rgukt.r081247.universityapi.entity.Student)
    - Returns
       - EntityReturnImpl(entity=in.rgukt.r081247.universityapi.entity.Student, querySpaceUid=<gen:0>, path=in.rgukt.r081247.universityapi.entity.Student)
          - CollectionAttributeFetchImpl(collection=in.rgukt.r081247.universityapi.entity.Student.courses, querySpaceUid=<gen:1>, path=in.rgukt.r081247.universityapi.entity.Student.courses)
             - (collection element) CollectionFetchableElementEntityGraph(entity=in.rgukt.r081247.universityapi.entity.Course, querySpaceUid=<gen:2>, path=in.rgukt.r081247.universityapi.entity.Student.courses.<elements>)
    - QuerySpaces
       - EntityQuerySpaceImpl(uid=<gen:0>, entity=in.rgukt.r081247.universityapi.entity.Student)
          - SQL table alias mapping - student0_
          - alias suffix - 0_
          - suffixed key columns - {id1_2_0_}

&amp#27;[30m2020-02-08 10:21:42,492&amp#27;[0;39m &amp#27;[39mDEBUG&amp#27;[0;39m [&amp#27;[34mmain&amp#27;[0;39m] &amp#27;[33morg.hibernate.loader.entity.plan.EntityLoader&amp#27;[0;39m: Static select for entity in.rgukt.r081247.universityapi.entity.Student [NONE]: select student0_.id as id1_2_0_, student0_.dob as dob2_2_0_, student0_.name as name3_2_0_ from student student0_ where student0_.id=?
&amp#27;[30m2020-02-08 10:21:42,492&amp#27;[0;39m &amp#27;[39mDEBUG&amp#27;[0;39m [&amp#27;[34mmain&amp#27;[0;39m] &amp#27;[33morg.hibernate.loader.plan.build.internal.spaces.QuerySpacesImpl&amp#27;[0;39m: Adding QuerySpace : uid = <gen:0> -> org.hibernate.loader.plan.build.internal.spaces.EntityQuerySpaceImpl@7dc16d33]
&amp#27;[30m2020-02-08 10:21:42,493&amp#27;[0;39m &amp#27;[39mDEBUG&amp#27;[0;39m [&amp#27;[34mmain&amp#27;[0;39m] &amp#27;[33morg.hibernate.persister.walking.spi.MetamodelGraphWalker&amp#27;[0;39m: Visiting attribute path : courses
&amp#27;[30m2020-02-08 10:21:42,493&amp#27;[0;39m &amp#27;[39mDEBUG&amp#27;[0;39m [&amp#27;[34mmain&amp#27;[0;39m] &amp#27;[33morg.hibernate.loader.plan.build.internal.spaces.QuerySpacesImpl&amp#27;[0;39m: Adding QuerySpace : uid = <gen:1> -> org.hibernate.loader.plan.build.internal.spaces.CollectionQuerySpaceImpl@58397dee]
&amp#27;[30m2020-02-08 10:21:42,493&amp#27;[0;39m &amp#27;[39mDEBUG&amp#27;[0;39m [&amp#27;[34mmain&amp#27;[0;39m] &amp#27;[33morg.hibernate.loader.plan.build.internal.spaces.QuerySpacesImpl&amp#27;[0;39m: Adding QuerySpace : uid = <gen:2> -> org.hibernate.loader.plan.build.internal.spaces.EntityQuerySpaceImpl@4164ab12]
&amp#27;[30m2020-02-08 10:21:42,494&amp#27;[0;39m &amp#27;[39mDEBUG&amp#27;[0;39m [&amp#27;[34mmain&amp#27;[0;39m] &amp#27;[33morg.hibernate.persister.walking.spi.MetamodelGraphWalker&amp#27;[0;39m: Visiting attribute path : dob
&amp#27;[30m2020-02-08 10:21:42,494&amp#27;[0;39m &amp#27;[39mDEBUG&amp#27;[0;39m [&amp#27;[34mmain&amp#27;[0;39m] &amp#27;[33morg.hibernate.persister.walking.spi.MetamodelGraphWalker&amp#27;[0;39m: Visiting attribute path : name
&amp#27;[30m2020-02-08 10:21:42,494&amp#27;[0;39m &amp#27;[39mDEBUG&amp#27;[0;39m [&amp#27;[34mmain&amp#27;[0;39m] &amp#27;[33morg.hibernate.loader.plan.build.internal.FetchStyleLoadPlanBuildingAssociationVisitationStrategy&amp#27;[0;39m: Building LoadPlan...
&amp#27;[30m2020-02-08 10:21:42,494&amp#27;[0;39m &amp#27;[39mDEBUG&amp#27;[0;39m [&amp#27;[34mmain&amp#27;[0;39m] &amp#27;[33morg.hibernate.loader.plan.exec.internal.LoadQueryJoinAndFetchProcessor&amp#27;[0;39m: processing queryspace <gen:0>
&amp#27;[30m2020-02-08 10:21:42,496&amp#27;[0;39m &amp#27;[39mDEBUG&amp#27;[0;39m [&amp#27;[34mmain&amp#27;[0;39m] &amp#27;[33morg.hibernate.loader.plan.build.spi.LoadPlanTreePrinter&amp#27;[0;39m: LoadPlan(entity=in.rgukt.r081247.universityapi.entity.Student)
    - Returns
       - EntityReturnImpl(entity=in.rgukt.r081247.universityapi.entity.Student, querySpaceUid=<gen:0>, path=in.rgukt.r081247.universityapi.entity.Student)
          - CollectionAttributeFetchImpl(collection=in.rgukt.r081247.universityapi.entity.Student.courses, querySpaceUid=<gen:1>, path=in.rgukt.r081247.universityapi.entity.Student.courses)
             - (collection element) CollectionFetchableElementEntityGraph(entity=in.rgukt.r081247.universityapi.entity.Course, querySpaceUid=<gen:2>, path=in.rgukt.r081247.universityapi.entity.Student.courses.<elements>)
    - QuerySpaces
       - EntityQuerySpaceImpl(uid=<gen:0>, entity=in.rgukt.r081247.universityapi.entity.Student)
          - SQL table alias mapping - student0_
          - alias suffix - 0_
          - suffixed key columns - {id1_2_0_}

&amp#27;[30m2020-02-08 10:21:42,497&amp#27;[0;39m &amp#27;[39mDEBUG&amp#27;[0;39m [&amp#27;[34mmain&amp#27;[0;39m] &amp#27;[33morg.hibernate.loader.entity.plan.EntityLoader&amp#27;[0;39m: Static select for entity in.rgukt.r081247.universityapi.entity.Student [READ]: select student0_.id as id1_2_0_, student0_.dob as dob2_2_0_, student0_.name as name3_2_0_ from student student0_ where student0_.id=?
&amp#27;[30m2020-02-08 10:21:42,497&amp#27;[0;39m &amp#27;[39mDEBUG&amp#27;[0;39m [&amp#27;[34mmain&amp#27;[0;39m] &amp#27;[33morg.hibernate.loader.entity.CascadeEntityLoader&amp#27;[0;39m: Static select for action ACTION_MERGE on entity in.rgukt.r081247.universityapi.entity.Student: select student0_.id as id1_2_1_, student0_.dob as dob2_2_1_, student0_.name as name3_2_1_, courses1_.student_id as student_1_3_3_, course2_.id as course_i2_3_3_, course2_.id as id1_0_0_, course2_.department_id as departme3_0_0_, course2_.name as name2_0_0_ from student student0_ left outer join student_course courses1_ on student0_.id=courses1_.student_id left outer join course course2_ on courses1_.course_id=course2_.id where student0_.id=?
&amp#27;[30m2020-02-08 10:21:42,500&amp#27;[0;39m &amp#27;[39mDEBUG&amp#27;[0;39m [&amp#27;[34mmain&amp#27;[0;39m] &amp#27;[33morg.hibernate.loader.entity.CascadeEntityLoader&amp#27;[0;39m: Static select for action ACTION_REFRESH on entity in.rgukt.r081247.universityapi.entity.Student: select student0_.id as id1_2_1_, student0_.dob as dob2_2_1_, student0_.name as name3_2_1_, courses1_.student_id as student_1_3_3_, course2_.id as course_i2_3_3_, course2_.id as id1_0_0_, course2_.department_id as departme3_0_0_, course2_.name as name2_0_0_ from student student0_ left outer join student_course courses1_ on student0_.id=courses1_.student_id left outer join course course2_ on courses1_.course_id=course2_.id where student0_.id=?
&amp#27;[30m2020-02-08 10:21:42,500&amp#27;[0;39m &amp#27;[39mDEBUG&amp#27;[0;39m [&amp#27;[34mmain&amp#27;[0;39m] &amp#27;[33morg.hibernate.loader.plan.build.internal.spaces.QuerySpacesImpl&amp#27;[0;39m: Adding QuerySpace : uid = <gen:0> -> org.hibernate.loader.plan.build.internal.spaces.CollectionQuerySpaceImpl@37bafef8]
&amp#27;[30m2020-02-08 10:21:42,501&amp#27;[0;39m &amp#27;[39mDEBUG&amp#27;[0;39m [&amp#27;[34mmain&amp#27;[0;39m] &amp#27;[33morg.hibernate.loader.plan.build.internal.spaces.QuerySpacesImpl&amp#27;[0;39m: Adding QuerySpace : uid = <gen:1> -> org.hibernate.loader.plan.build.internal.spaces.EntityQuerySpaceImpl@2a6b6f4]
&amp#27;[30m2020-02-08 10:21:42,501&amp#27;[0;39m &amp#27;[39mDEBUG&amp#27;[0;39m [&amp#27;[34mmain&amp#27;[0;39m] &amp#27;[33morg.hibernate.persister.walking.spi.MetamodelGraphWalker&amp#27;[0;39m: Visiting attribute path : department
&amp#27;[30m2020-02-08 10:21:42,501&amp#27;[0;39m &amp#27;[39mDEBUG&amp#27;[0;39m [&amp#27;[34mmain&amp#27;[0;39m] &amp#27;[33morg.hibernate.loader.plan.build.internal.spaces.QuerySpacesImpl&amp#27;[0;39m: Adding QuerySpace : uid = <gen:2> -> org.hibernate.loader.plan.build.internal.spaces.EntityQuerySpaceImpl@15961527]
&amp#27;[30m2020-02-08 10:21:42,502&amp#27;[0;39m &amp#27;[39mDEBUG&amp#27;[0;39m [&amp#27;[34mmain&amp#27;[0;39m] &amp#27;[33morg.hibernate.persister.walking.spi.MetamodelGraphWalker&amp#27;[0;39m: Visiting attribute path : name
&amp#27;[30m2020-02-08 10:21:42,502&amp#27;[0;39m &amp#27;[39mDEBUG&amp#27;[0;39m [&amp#27;[34mmain&amp#27;[0;39m] &amp#27;[33morg.hibernate.persister.walking.spi.MetamodelGraphWalker&amp#27;[0;39m: Visiting attribute path : students
&amp#27;[30m2020-02-08 10:21:42,502&amp#27;[0;39m &amp#27;[39mDEBUG&amp#27;[0;39m [&amp#27;[34mmain&amp#27;[0;39m] &amp#27;[33morg.hibernate.persister.walking.spi.MetamodelGraphWalker&amp#27;[0;39m: Property path deemed to be circular : students
&amp#27;[30m2020-02-08 10:21:42,502&amp#27;[0;39m &amp#27;[39mDEBUG&amp#27;[0;39m [&amp#27;[34mmain&amp#27;[0;39m] &amp#27;[33morg.hibernate.loader.plan.build.internal.FetchStyleLoadPlanBuildingAssociationVisitationStrategy&amp#27;[0;39m: Building LoadPlan...
&amp#27;[30m2020-02-08 10:21:42,503&amp#27;[0;39m &amp#27;[39mDEBUG&amp#27;[0;39m [&amp#27;[34mmain&amp#27;[0;39m] &amp#27;[33morg.hibernate.loader.plan.exec.internal.LoadQueryJoinAndFetchProcessor&amp#27;[0;39m: processing queryspace <gen:0>
&amp#27;[30m2020-02-08 10:21:42,504&amp#27;[0;39m &amp#27;[39mDEBUG&amp#27;[0;39m [&amp#27;[34mmain&amp#27;[0;39m] &amp#27;[33morg.hibernate.loader.plan.build.spi.LoadPlanTreePrinter&amp#27;[0;39m: LoadPlan(collection=in.rgukt.r081247.universityapi.entity.Student.courses)
    - Returns
       - CollectionReturnImpl(collection=in.rgukt.r081247.universityapi.entity.Student.courses, querySpaceUid=<gen:0>, path=[in.rgukt.r081247.universityapi.entity.Student.courses])
          - (collection element) CollectionFetchableElementEntityGraph(entity=in.rgukt.r081247.universityapi.entity.Course, querySpaceUid=<gen:1>, path=[in.rgukt.r081247.universityapi.entity.Student.courses].<elements>)
             - EntityAttributeFetchImpl(entity=in.rgukt.r081247.universityapi.entity.Department, querySpaceUid=<gen:2>, path=[in.rgukt.r081247.universityapi.entity.Student.courses].<elements>.department)
    - QuerySpaces
       - CollectionQuerySpaceImpl(uid=<gen:0>, collection=in.rgukt.r081247.universityapi.entity.Student.courses)
          - SQL table alias mapping - courses0_
          - alias suffix - 0_
          - suffixed key columns - {student_1_3_0_}
          - entity-element alias suffix - 1_
          - 1_entity-element suffixed key columns - id1_0_1_
          - JOIN (JoinDefinedByMetadata(elements)) : <gen:0> -> <gen:1>
             - EntityQuerySpaceImpl(uid=<gen:1>, entity=in.rgukt.r081247.universityapi.entity.Course)
                - SQL table alias mapping - course1_
                - alias suffix - 1_
                - suffixed key columns - {id1_0_1_}

&amp#27;[30m2020-02-08 10:21:42,505&amp#27;[0;39m &amp#27;[39mDEBUG&amp#27;[0;39m [&amp#27;[34mmain&amp#27;[0;39m] &amp#27;[33morg.hibernate.loader.collection.plan.CollectionLoader&amp#27;[0;39m: Static select for collection in.rgukt.r081247.universityapi.entity.Student.courses: select courses0_.student_id as student_1_3_0_, courses0_.course_id as course_i2_3_0_, course1_.id as id1_0_1_, course1_.department_id as departme3_0_1_, course1_.name as name2_0_1_ from student_course courses0_ inner join course course1_ on courses0_.course_id=course1_.id where courses0_.student_id=?
&amp#27;[30m2020-02-08 10:21:42,505&amp#27;[0;39m &amp#27;[39mDEBUG&amp#27;[0;39m [&amp#27;[34mmain&amp#27;[0;39m] &amp#27;[33morg.hibernate.loader.plan.build.internal.spaces.QuerySpacesImpl&amp#27;[0;39m: Adding QuerySpace : uid = <gen:0> -> org.hibernate.loader.plan.build.internal.spaces.CollectionQuerySpaceImpl@22b00077]
&amp#27;[30m2020-02-08 10:21:42,505&amp#27;[0;39m &amp#27;[39mDEBUG&amp#27;[0;39m [&amp#27;[34mmain&amp#27;[0;39m] &amp#27;[33morg.hibernate.loader.plan.build.internal.spaces.QuerySpacesImpl&amp#27;[0;39m: Adding QuerySpace : uid = <gen:1> -> org.hibernate.loader.plan.build.internal.spaces.EntityQuerySpaceImpl@28b36817]
&amp#27;[30m2020-02-08 10:21:42,505&amp#27;[0;39m &amp#27;[39mDEBUG&amp#27;[0;39m [&amp#27;[34mmain&amp#27;[0;39m] &amp#27;[33morg.hibernate.persister.walking.spi.MetamodelGraphWalker&amp#27;[0;39m: Visiting attribute path : department
&amp#27;[30m2020-02-08 10:21:42,506&amp#27;[0;39m &amp#27;[39mDEBUG&amp#27;[0;39m [&amp#27;[34mmain&amp#27;[0;39m] &amp#27;[33morg.hibernate.persister.walking.spi.MetamodelGraphWalker&amp#27;[0;39m: Property path deemed to be circular : department
&amp#27;[30m2020-02-08 10:21:42,506&amp#27;[0;39m &amp#27;[39mDEBUG&amp#27;[0;39m [&amp#27;[34mmain&amp#27;[0;39m] &amp#27;[33morg.hibernate.persister.walking.spi.MetamodelGraphWalker&amp#27;[0;39m: Visiting attribute path : name
&amp#27;[30m2020-02-08 10:21:42,506&amp#27;[0;39m &amp#27;[39mDEBUG&amp#27;[0;39m [&amp#27;[34mmain&amp#27;[0;39m] &amp#27;[33morg.hibernate.persister.walking.spi.MetamodelGraphWalker&amp#27;[0;39m: Visiting attribute path : students
&amp#27;[30m2020-02-08 10:21:42,506&amp#27;[0;39m &amp#27;[39mDEBUG&amp#27;[0;39m [&amp#27;[34mmain&amp#27;[0;39m] &amp#27;[33morg.hibernate.loader.plan.build.internal.spaces.QuerySpacesImpl&amp#27;[0;39m: Adding QuerySpace : uid = <gen:2> -> org.hibernate.loader.plan.build.internal.spaces.CollectionQuerySpaceImpl@1ef4179]
&amp#27;[30m2020-02-08 10:21:42,507&amp#27;[0;39m &amp#27;[39mDEBUG&amp#27;[0;39m [&amp#27;[34mmain&amp#27;[0;39m] &amp#27;[33morg.hibernate.loader.plan.build.internal.spaces.QuerySpacesImpl&amp#27;[0;39m: Adding QuerySpace : uid = <gen:3> -> org.hibernate.loader.plan.build.internal.spaces.EntityQuerySpaceImpl@322f6283]
&amp#27;[30m2020-02-08 10:21:42,507&amp#27;[0;39m &amp#27;[39mDEBUG&amp#27;[0;39m [&amp#27;[34mmain&amp#27;[0;39m] &amp#27;[33morg.hibernate.loader.plan.build.internal.FetchStyleLoadPlanBuildingAssociationVisitationStrategy&amp#27;[0;39m: Building LoadPlan...
&amp#27;[30m2020-02-08 10:21:42,508&amp#27;[0;39m &amp#27;[39mDEBUG&amp#27;[0;39m [&amp#27;[34mmain&amp#27;[0;39m] &amp#27;[33morg.hibernate.loader.plan.exec.internal.LoadQueryJoinAndFetchProcessor&amp#27;[0;39m: processing queryspace <gen:0>
&amp#27;[30m2020-02-08 10:21:42,508&amp#27;[0;39m &amp#27;[39mDEBUG&amp#27;[0;39m [&amp#27;[34mmain&amp#27;[0;39m] &amp#27;[33morg.hibernate.loader.plan.build.spi.LoadPlanTreePrinter&amp#27;[0;39m: LoadPlan(collection=in.rgukt.r081247.universityapi.entity.Department.courses)
    - Returns
       - CollectionReturnImpl(collection=in.rgukt.r081247.universityapi.entity.Department.courses, querySpaceUid=<gen:0>, path=[in.rgukt.r081247.universityapi.entity.Department.courses])
          - (collection element) CollectionFetchableElementEntityGraph(entity=in.rgukt.r081247.universityapi.entity.Course, querySpaceUid=<gen:1>, path=[in.rgukt.r081247.universityapi.entity.Department.courses].<elements>)
             - CollectionAttributeFetchImpl(collection=in.rgukt.r081247.universityapi.entity.Course.students, querySpaceUid=<gen:2>, path=[in.rgukt.r081247.universityapi.entity.Department.courses].<elements>.students)
                - (collection element) CollectionFetchableElementEntityGraph(entity=in.rgukt.r081247.universityapi.entity.Student, querySpaceUid=<gen:3>, path=[in.rgukt.r081247.universityapi.entity.Department.courses].<elements>.students.<elements>)
    - QuerySpaces
       - CollectionQuerySpaceImpl(uid=<gen:0>, collection=in.rgukt.r081247.universityapi.entity.Department.courses)
          - SQL table alias mapping - courses0_
          - alias suffix - 0_
          - suffixed key columns - {departme3_0_0_}
          - entity-element alias suffix - 1_
          - 1_entity-element suffixed key columns - id1_0_1_
          - JOIN (JoinDefinedByMetadata(elements)) : <gen:0> -> <gen:1>
             - EntityQuerySpaceImpl(uid=<gen:1>, entity=in.rgukt.r081247.universityapi.entity.Course)
                - SQL table alias mapping - courses0_
                - alias suffix - 1_
                - suffixed key columns - {id1_0_1_}

&amp#27;[30m2020-02-08 10:21:42,509&amp#27;[0;39m &amp#27;[39mDEBUG&amp#27;[0;39m [&amp#27;[34mmain&amp#27;[0;39m] &amp#27;[33morg.hibernate.loader.collection.plan.CollectionLoader&amp#27;[0;39m: Static select for collection in.rgukt.r081247.universityapi.entity.Department.courses: select courses0_.department_id as departme3_0_0_, courses0_.id as id1_0_0_, courses0_.id as id1_0_1_, courses0_.department_id as departme3_0_1_, courses0_.name as name2_0_1_ from course courses0_ where courses0_.department_id=?
&amp#27;[30m2020-02-08 10:21:42,509&amp#27;[0;39m &amp#27;[39mDEBUG&amp#27;[0;39m [&amp#27;[34mmain&amp#27;[0;39m] &amp#27;[33morg.hibernate.loader.plan.build.internal.spaces.QuerySpacesImpl&amp#27;[0;39m: Adding QuerySpace : uid = <gen:0> -> org.hibernate.loader.plan.build.internal.spaces.CollectionQuerySpaceImpl@168f447d]
&amp#27;[30m2020-02-08 10:21:42,509&amp#27;[0;39m &amp#27;[39mDEBUG&amp#27;[0;39m [&amp#27;[34mmain&amp#27;[0;39m] &amp#27;[33morg.hibernate.loader.plan.build.internal.spaces.QuerySpacesImpl&amp#27;[0;39m: Adding QuerySpace : uid = <gen:1> -> org.hibernate.loader.plan.build.internal.spaces.EntityQuerySpaceImpl@4756c8f3]
&amp#27;[30m2020-02-08 10:21:42,509&amp#27;[0;39m &amp#27;[39mDEBUG&amp#27;[0;39m [&amp#27;[34mmain&amp#27;[0;39m] &amp#27;[33morg.hibernate.persister.walking.spi.MetamodelGraphWalker&amp#27;[0;39m: Visiting attribute path : courses
&amp#27;[30m2020-02-08 10:21:42,510&amp#27;[0;39m &amp#27;[39mDEBUG&amp#27;[0;39m [&amp#27;[34mmain&amp#27;[0;39m] &amp#27;[33morg.hibernate.persister.walking.spi.MetamodelGraphWalker&amp#27;[0;39m: Property path deemed to be circular : courses
&amp#27;[30m2020-02-08 10:21:42,510&amp#27;[0;39m &amp#27;[39mDEBUG&amp#27;[0;39m [&amp#27;[34mmain&amp#27;[0;39m] &amp#27;[33morg.hibernate.persister.walking.spi.MetamodelGraphWalker&amp#27;[0;39m: Visiting attribute path : dob
&amp#27;[30m2020-02-08 10:21:42,510&amp#27;[0;39m &amp#27;[39mDEBUG&amp#27;[0;39m [&amp#27;[34mmain&amp#27;[0;39m] &amp#27;[33morg.hibernate.persister.walking.spi.MetamodelGraphWalker&amp#27;[0;39m: Visiting attribute path : name
&amp#27;[30m2020-02-08 10:21:42,510&amp#27;[0;39m &amp#27;[39mDEBUG&amp#27;[0;39m [&amp#27;[34mmain&amp#27;[0;39m] &amp#27;[33morg.hibernate.loader.plan.build.internal.FetchStyleLoadPlanBuildingAssociationVisitationStrategy&amp#27;[0;39m: Building LoadPlan...
&amp#27;[30m2020-02-08 10:21:42,511&amp#27;[0;39m &amp#27;[39mDEBUG&amp#27;[0;39m [&amp#27;[34mmain&amp#27;[0;39m] &amp#27;[33morg.hibernate.loader.plan.exec.internal.LoadQueryJoinAndFetchProcessor&amp#27;[0;39m: processing queryspace <gen:0>
&amp#27;[30m2020-02-08 10:21:42,512&amp#27;[0;39m &amp#27;[39mDEBUG&amp#27;[0;39m [&amp#27;[34mmain&amp#27;[0;39m] &amp#27;[33morg.hibernate.loader.plan.build.spi.LoadPlanTreePrinter&amp#27;[0;39m: LoadPlan(collection=in.rgukt.r081247.universityapi.entity.Course.students)
    - Returns
       - CollectionReturnImpl(collection=in.rgukt.r081247.universityapi.entity.Course.students, querySpaceUid=<gen:0>, path=[in.rgukt.r081247.universityapi.entity.Course.students])
          - (collection element) CollectionFetchableElementEntityGraph(entity=in.rgukt.r081247.universityapi.entity.Student, querySpaceUid=<gen:1>, path=[in.rgukt.r081247.universityapi.entity.Course.students].<elements>)
    - QuerySpaces
       - CollectionQuerySpaceImpl(uid=<gen:0>, collection=in.rgukt.r081247.universityapi.entity.Course.students)
          - SQL table alias mapping - students0_
          - alias suffix - 0_
          - suffixed key columns - {course_i2_3_0_}
          - entity-element alias suffix - 1_
          - 1_entity-element suffixed key columns - id1_2_1_
          - JOIN (JoinDefinedByMetadata(elements)) : <gen:0> -> <gen:1>
             - EntityQuerySpaceImpl(uid=<gen:1>, entity=in.rgukt.r081247.universityapi.entity.Student)
                - SQL table alias mapping - student1_
                - alias suffix - 1_
                - suffixed key columns - {id1_2_1_}

&amp#27;[30m2020-02-08 10:21:42,512&amp#27;[0;39m &amp#27;[39mDEBUG&amp#27;[0;39m [&amp#27;[34mmain&amp#27;[0;39m] &amp#27;[33morg.hibernate.loader.collection.plan.CollectionLoader&amp#27;[0;39m: Static select for collection in.rgukt.r081247.universityapi.entity.Course.students: select students0_.course_id as course_i2_3_0_, students0_.student_id as student_1_3_0_, student1_.id as id1_2_1_, student1_.dob as dob2_2_1_, student1_.name as name3_2_1_ from student_course students0_ inner join student student1_ on students0_.student_id=student1_.id where students0_.course_id=?
&amp#27;[30m2020-02-08 10:21:42,515&amp#27;[0;39m &amp#27;[39mDEBUG&amp#27;[0;39m [&amp#27;[34mmain&amp#27;[0;39m] &amp#27;[33morg.hibernate.engine.jdbc.spi.SqlStatementLogger&amp#27;[0;39m: 
    
    drop table course if exists
&amp#27;[30m2020-02-08 10:21:42,515&amp#27;[0;39m &amp#27;[39mDEBUG&amp#27;[0;39m [&amp#27;[34mmain&amp#27;[0;39m] &amp#27;[33morg.hibernate.engine.jdbc.spi.SqlStatementLogger&amp#27;[0;39m: 
    
    drop table department if exists
&amp#27;[30m2020-02-08 10:21:42,516&amp#27;[0;39m &amp#27;[39mDEBUG&amp#27;[0;39m [&amp#27;[34mmain&amp#27;[0;39m] &amp#27;[33morg.hibernate.engine.jdbc.spi.SqlStatementLogger&amp#27;[0;39m: 
    
    drop table student if exists
&amp#27;[30m2020-02-08 10:21:42,516&amp#27;[0;39m &amp#27;[39mDEBUG&amp#27;[0;39m [&amp#27;[34mmain&amp#27;[0;39m] &amp#27;[33morg.hibernate.engine.jdbc.spi.SqlStatementLogger&amp#27;[0;39m: 
    
    drop table student_course if exists
&amp#27;[30m2020-02-08 10:21:42,518&amp#27;[0;39m &amp#27;[39mDEBUG&amp#27;[0;39m [&amp#27;[34mmain&amp#27;[0;39m] &amp#27;[33morg.hibernate.engine.jdbc.spi.SqlStatementLogger&amp#27;[0;39m: 
    
    create table course (
       id bigint generated by default as identity,
        name varchar(100) not null,
        department_id bigint,
        primary key (id)
    )
&amp#27;[30m2020-02-08 10:21:42,524&amp#27;[0;39m &amp#27;[39mDEBUG&amp#27;[0;39m [&amp#27;[34mmain&amp#27;[0;39m] &amp#27;[33morg.hibernate.engine.jdbc.spi.SqlStatementLogger&amp#27;[0;39m: 
    
    create table department (
       id bigint generated by default as identity,
        name varchar(100) not null,
        primary key (id)
    )
&amp#27;[30m2020-02-08 10:21:42,527&amp#27;[0;39m &amp#27;[39mDEBUG&amp#27;[0;39m [&amp#27;[34mmain&amp#27;[0;39m] &amp#27;[33morg.hibernate.engine.jdbc.spi.SqlStatementLogger&amp#27;[0;39m: 
    
    create table student (
       id bigint generated by default as identity,
        dob date,
        name varchar(100) not null,
        primary key (id)
    )
&amp#27;[30m2020-02-08 10:21:42,531&amp#27;[0;39m &amp#27;[39mDEBUG&amp#27;[0;39m [&amp#27;[34mmain&amp#27;[0;39m] &amp#27;[33morg.hibernate.engine.jdbc.spi.SqlStatementLogger&amp#27;[0;39m: 
    
    create table student_course (
       student_id bigint not null,
        course_id bigint not null,
        primary key (student_id, course_id)
    )
&amp#27;[30m2020-02-08 10:21:42,534&amp#27;[0;39m &amp#27;[39mDEBUG&amp#27;[0;39m [&amp#27;[34mmain&amp#27;[0;39m] &amp#27;[33morg.hibernate.engine.jdbc.spi.SqlStatementLogger&amp#27;[0;39m: 
    
    alter table course 
       add constraint FKi1btm7ma8n3gaj6afdno300wm 
       foreign key (department_id) 
       references department
&amp#27;[30m2020-02-08 10:21:42,537&amp#27;[0;39m &amp#27;[39mDEBUG&amp#27;[0;39m [&amp#27;[34mmain&amp#27;[0;39m] &amp#27;[33morg.hibernate.engine.jdbc.spi.SqlStatementLogger&amp#27;[0;39m: 
    
    alter table student_course 
       add constraint FKejrkh4gv8iqgmspsanaji90ws 
       foreign key (course_id) 
       references course
&amp#27;[30m2020-02-08 10:21:42,541&amp#27;[0;39m &amp#27;[39mDEBUG&amp#27;[0;39m [&amp#27;[34mmain&amp#27;[0;39m] &amp#27;[33morg.hibernate.engine.jdbc.spi.SqlStatementLogger&amp#27;[0;39m: 
    
    alter table student_course 
       add constraint FKq7yw2wg9wlt2cnj480hcdn6dq 
       foreign key (student_id) 
       references student
&amp#27;[30m2020-02-08 10:21:42,545&amp#27;[0;39m &amp#27;[34mINFO &amp#27;[0;39m [&amp#27;[34mmain&amp#27;[0;39m] &amp#27;[33morg.hibernate.tool.schema.internal.SchemaCreatorImpl&amp#27;[0;39m: HHH000476: Executing import script 'org.hibernate.tool.schema.internal.exec.ScriptSourceInputNonExistentImpl@6ab1f85b'
&amp#27;[30m2020-02-08 10:21:42,546&amp#27;[0;39m &amp#27;[39mDEBUG&amp#27;[0;39m [&amp#27;[34mmain&amp#27;[0;39m] &amp#27;[33morg.hibernate.query.spi.NamedQueryRepository&amp#27;[0;39m: Checking 0 named HQL queries
&amp#27;[30m2020-02-08 10:21:42,546&amp#27;[0;39m &amp#27;[39mDEBUG&amp#27;[0;39m [&amp#27;[34mmain&amp#27;[0;39m] &amp#27;[33morg.hibernate.query.spi.NamedQueryRepository&amp#27;[0;39m: Checking 0 named SQL queries
&amp#27;[30m2020-02-08 10:21:42,546&amp#27;[0;39m &amp#27;[39mDEBUG&amp#27;[0;39m [&amp#27;[34mmain&amp#27;[0;39m] &amp#27;[33morg.hibernate.internal.SessionFactoryRegistry&amp#27;[0;39m: Registering SessionFactory: 5468c19a-ec02-4bc9-a0a7-b8d613629ed0 (<unnamed>)
&amp#27;[30m2020-02-08 10:21:42,547&amp#27;[0;39m &amp#27;[39mDEBUG&amp#27;[0;39m [&amp#27;[34mmain&amp#27;[0;39m] &amp#27;[33morg.hibernate.internal.SessionFactoryRegistry&amp#27;[0;39m: Not binding SessionFactory to JNDI, no JNDI name configured
&amp#27;[30m2020-02-08 10:21:42,547&amp#27;[0;39m &amp#27;[34mINFO &amp#27;[0;39m [&amp#27;[34mmain&amp#27;[0;39m] &amp#27;[33morg.springframework.orm.jpa.AbstractEntityManagerFactoryBean&amp#27;[0;39m: Initialized JPA EntityManagerFactory for persistence unit 'default'
&amp#27;[30m2020-02-08 10:21:42,553&amp#27;[0;39m &amp#27;[39mDEBUG&amp#27;[0;39m [&amp#27;[34mmain&amp#27;[0;39m] &amp#27;[33morg.springframework.beans.factory.support.DefaultSingletonBeanRegistry&amp#27;[0;39m: Creating shared instance of singleton bean 'delegatingApplicationListener'
&amp#27;[30m2020-02-08 10:21:42,556&amp#27;[0;39m &amp#27;[39mDEBUG&amp#27;[0;39m [&amp#27;[34mmain&amp#27;[0;39m] &amp#27;[33morg.springframework.beans.factory.support.DefaultSingletonBeanRegistry&amp#27;[0;39m: Creating shared instance of singleton bean 'crmApplication'
&amp#27;[30m2020-02-08 10:21:42,560&amp#27;[0;39m &amp#27;[39mDEBUG&amp#27;[0;39m [&amp#27;[34mmain&amp#27;[0;39m] &amp#27;[33morg.springframework.beans.factory.support.DefaultSingletonBeanRegistry&amp#27;[0;39m: Creating shared instance of singleton bean 'crmCofig'
&amp#27;[30m2020-02-08 10:21:42,564&amp#27;[0;39m &amp#27;[39mDEBUG&amp#27;[0;39m [&amp#27;[34mmain&amp#27;[0;39m] &amp#27;[33morg.springframework.beans.factory.support.DefaultSingletonBeanRegistry&amp#27;[0;39m: Creating shared instance of singleton bean 'securityConfiguration'
&amp#27;[30m2020-02-08 10:21:42,573&amp#27;[0;39m &amp#27;[39mDEBUG&amp#27;[0;39m [&amp#27;[34mmain&amp#27;[0;39m] &amp#27;[33morg.springframework.beans.factory.support.DefaultSingletonBeanRegistry&amp#27;[0;39m: Creating shared instance of singleton bean 'mvcContentNegotiationManager'
&amp#27;[30m2020-02-08 10:21:42,574&amp#27;[0;39m &amp#27;[39mDEBUG&amp#27;[0;39m [&amp#27;[34mmain&amp#27;[0;39m] &amp#27;[33morg.springframework.beans.factory.support.DefaultSingletonBeanRegistry&amp#27;[0;39m: Creating shared instance of singleton bean 'org.springframework.boot.autoconfigure.web.servlet.WebMvcAutoConfiguration$EnableWebMvcConfiguration'
&amp#27;[30m2020-02-08 10:21:42,575&amp#27;[0;39m &amp#27;[39mDEBUG&amp#27;[0;39m [&amp#27;[34mmain&amp#27;[0;39m] &amp#27;[33morg.springframework.core.LocalVariableTableParameterNameDiscoverer&amp#27;[0;39m: Cannot find '.class' file for class [class org.springframework.boot.autoconfigure.web.servlet.WebMvcAutoConfiguration$EnableWebMvcConfiguration$$EnhancerBySpringCGLIB$$415b28eb] - unable to determine constructor/method parameter names
&amp#27;[30m2020-02-08 10:21:42,576&amp#27;[0;39m &amp#27;[39mDEBUG&amp#27;[0;39m [&amp#27;[34mmain&amp#27;[0;39m] &amp#27;[33morg.springframework.beans.factory.support.ConstructorResolver&amp#27;[0;39m: Autowiring by type from bean name 'org.springframework.boot.autoconfigure.web.servlet.WebMvcAutoConfiguration$EnableWebMvcConfiguration' via constructor to bean named 'org.springframework.beans.factory.support.DefaultListableBeanFactory@3fb54673'
&amp#27;[30m2020-02-08 10:21:42,603&amp#27;[0;39m &amp#27;[39mDEBUG&amp#27;[0;39m [&amp#27;[34mmain&amp#27;[0;39m] &amp#27;[33morg.springframework.beans.factory.support.DefaultSingletonBeanRegistry&amp#27;[0;39m: Creating shared instance of singleton bean 'org.springframework.security.config.annotation.web.configuration.WebMvcSecurityConfiguration'
&amp#27;[30m2020-02-08 10:21:42,618&amp#27;[0;39m &amp#27;[39mDEBUG&amp#27;[0;39m [&amp#27;[34mmain&amp#27;[0;39m] &amp#27;[33morg.springframework.beans.factory.support.DefaultSingletonBeanRegistry&amp#27;[0;39m: Creating shared instance of singleton bean 'org.springframework.boot.autoconfigure.web.servlet.WebMvcAutoConfiguration$WebMvcAutoConfigurationAdapter'
&amp#27;[30m2020-02-08 10:21:42,619&amp#27;[0;39m &amp#27;[39mDEBUG&amp#27;[0;39m [&amp#27;[34mmain&amp#27;[0;39m] &amp#27;[33morg.springframework.core.LocalVariableTableParameterNameDiscoverer&amp#27;[0;39m: Cannot find '.class' file for class [class org.springframework.boot.autoconfigure.web.servlet.WebMvcAutoConfiguration$WebMvcAutoConfigurationAdapter$$EnhancerBySpringCGLIB$$e35ef3d0] - unable to determine constructor/method parameter names
&amp#27;[30m2020-02-08 10:21:42,625&amp#27;[0;39m &amp#27;[39mDEBUG&amp#27;[0;39m [&amp#27;[34mmain&amp#27;[0;39m] &amp#27;[33morg.springframework.beans.factory.support.ConstructorResolver&amp#27;[0;39m: Autowiring by type from bean name 'org.springframework.boot.autoconfigure.web.servlet.WebMvcAutoConfiguration$WebMvcAutoConfigurationAdapter' via constructor to bean named 'spring.resources-org.springframework.boot.autoconfigure.web.ResourceProperties'
&amp#27;[30m2020-02-08 10:21:42,625&amp#27;[0;39m &amp#27;[39mDEBUG&amp#27;[0;39m [&amp#27;[34mmain&amp#27;[0;39m] &amp#27;[33morg.springframework.beans.factory.support.ConstructorResolver&amp#27;[0;39m: Autowiring by type from bean name 'org.springframework.boot.autoconfigure.web.servlet.WebMvcAutoConfiguration$WebMvcAutoConfigurationAdapter' via constructor to bean named 'spring.mvc-org.springframework.boot.autoconfigure.web.servlet.WebMvcProperties'
&amp#27;[30m2020-02-08 10:21:42,625&amp#27;[0;39m &amp#27;[39mDEBUG&amp#27;[0;39m [&amp#27;[34mmain&amp#27;[0;39m] &amp#27;[33morg.springframework.beans.factory.support.ConstructorResolver&amp#27;[0;39m: Autowiring by type from bean name 'org.springframework.boot.autoconfigure.web.servlet.WebMvcAutoConfiguration$WebMvcAutoConfigurationAdapter' via constructor to bean named 'org.springframework.beans.factory.support.DefaultListableBeanFactory@3fb54673'
&amp#27;[30m2020-02-08 10:21:42,638&amp#27;[0;39m &amp#27;[39mDEBUG&amp#27;[0;39m [&amp#27;[34mmain&amp#27;[0;39m] &amp#27;[33morg.springframework.beans.factory.support.DefaultSingletonBeanRegistry&amp#27;[0;39m: Creating shared instance of singleton bean 'org.springframework.boot.autoconfigure.orm.jpa.JpaBaseConfiguration$JpaWebConfiguration$JpaWebMvcConfiguration'
&amp#27;[30m2020-02-08 10:21:42,639&amp#27;[0;39m &amp#27;[39mDEBUG&amp#27;[0;39m [&amp#27;[34mmain&amp#27;[0;39m] &amp#27;[33morg.springframework.core.LocalVariableTableParameterNameDiscoverer&amp#27;[0;39m: Cannot find '.class' file for class [class org.springframework.boot.autoconfigure.orm.jpa.JpaBaseConfiguration$JpaWebConfiguration$JpaWebMvcConfiguration$$EnhancerBySpringCGLIB$$1fa8e563] - unable to determine constructor/method parameter names
&amp#27;[30m2020-02-08 10:21:42,640&amp#27;[0;39m &amp#27;[39mDEBUG&amp#27;[0;39m [&amp#27;[34mmain&amp#27;[0;39m] &amp#27;[33morg.springframework.beans.factory.support.ConstructorResolver&amp#27;[0;39m: Autowiring by type from bean name 'org.springframework.boot.autoconfigure.orm.jpa.JpaBaseConfiguration$JpaWebConfiguration$JpaWebMvcConfiguration' via constructor to bean named 'spring.jpa-org.springframework.boot.autoconfigure.orm.jpa.JpaProperties'
&amp#27;[30m2020-02-08 10:21:42,648&amp#27;[0;39m &amp#27;[39mDEBUG&amp#27;[0;39m [&amp#27;[34mmain&amp#27;[0;39m] &amp#27;[33morg.springframework.beans.factory.support.DefaultSingletonBeanRegistry&amp#27;[0;39m: Creating shared instance of singleton bean 'org.springframework.data.web.config.SpringDataWebConfiguration'
&amp#27;[30m2020-02-08 10:21:42,648&amp#27;[0;39m &amp#27;[39mDEBUG&amp#27;[0;39m [&amp#27;[34mmain&amp#27;[0;39m] &amp#27;[33morg.springframework.core.LocalVariableTableParameterNameDiscoverer&amp#27;[0;39m: Cannot find '.class' file for class [class org.springframework.data.web.config.SpringDataWebConfiguration$$EnhancerBySpringCGLIB$$37d206be] - unable to determine constructor/method parameter names
&amp#27;[30m2020-02-08 10:21:42,650&amp#27;[0;39m &amp#27;[39mDEBUG&amp#27;[0;39m [&amp#27;[34mmain&amp#27;[0;39m] &amp#27;[33morg.springframework.beans.factory.support.ConstructorResolver&amp#27;[0;39m: Autowiring by type from bean name 'org.springframework.data.web.config.SpringDataWebConfiguration' via constructor to bean named 'org.springframework.boot.web.servlet.context.AnnotationConfigServletWebServerApplicationContext@6ae1d5f1'
&amp#27;[30m2020-02-08 10:21:42,657&amp#27;[0;39m &amp#27;[39mDEBUG&amp#27;[0;39m [&amp#27;[34mmain&amp#27;[0;39m] &amp#27;[33morg.springframework.beans.factory.support.DefaultSingletonBeanRegistry&amp#27;[0;39m: Creating shared instance of singleton bean 'pageableCustomizer'
&amp#27;[30m2020-02-08 10:21:42,658&amp#27;[0;39m &amp#27;[39mDEBUG&amp#27;[0;39m [&amp#27;[34mmain&amp#27;[0;39m] &amp#27;[33morg.springframework.beans.factory.support.DefaultSingletonBeanRegistry&amp#27;[0;39m: Creating shared instance of singleton bean 'org.springframework.boot.autoconfigure.data.web.SpringDataWebAutoConfiguration'
&amp#27;[30m2020-02-08 10:21:42,658&amp#27;[0;39m &amp#27;[39mDEBUG&amp#27;[0;39m [&amp#27;[34mmain&amp#27;[0;39m] &amp#27;[33morg.springframework.core.LocalVariableTableParameterNameDiscoverer&amp#27;[0;39m: Cannot find '.class' file for class [class org.springframework.boot.autoconfigure.data.web.SpringDataWebAutoConfiguration$$EnhancerBySpringCGLIB$$c2048e8c] - unable to determine constructor/method parameter names
&amp#27;[30m2020-02-08 10:21:42,660&amp#27;[0;39m &amp#27;[39mDEBUG&amp#27;[0;39m [&amp#27;[34mmain&amp#27;[0;39m] &amp#27;[33morg.springframework.beans.factory.support.DefaultSingletonBeanRegistry&amp#27;[0;39m: Creating shared instance of singleton bean 'spring.data.web-org.springframework.boot.autoconfigure.data.web.SpringDataWebProperties'
&amp#27;[30m2020-02-08 10:21:42,664&amp#27;[0;39m &amp#27;[39mDEBUG&amp#27;[0;39m [&amp#27;[34mmain&amp#27;[0;39m] &amp#27;[33morg.springframework.beans.factory.support.ConstructorResolver&amp#27;[0;39m: Autowiring by type from bean name 'org.springframework.boot.autoconfigure.data.web.SpringDataWebAutoConfiguration' via constructor to bean named 'spring.data.web-org.springframework.boot.autoconfigure.data.web.SpringDataWebProperties'
&amp#27;[30m2020-02-08 10:21:42,674&amp#27;[0;39m &amp#27;[39mDEBUG&amp#27;[0;39m [&amp#27;[34mmain&amp#27;[0;39m] &amp#27;[33morg.springframework.beans.factory.support.DefaultSingletonBeanRegistry&amp#27;[0;39m: Creating shared instance of singleton bean 'sortCustomizer'
&amp#27;[30m2020-02-08 10:21:42,699&amp#27;[0;39m &amp#27;[39mDEBUG&amp#27;[0;39m [&amp#27;[34mmain&amp#27;[0;39m] &amp#27;[33morg.springframework.beans.factory.support.DefaultSingletonBeanRegistry&amp#27;[0;39m: Creating shared instance of singleton bean 'org.springframework.security.config.annotation.authentication.configuration.AuthenticationConfiguration'
&amp#27;[30m2020-02-08 10:21:42,705&amp#27;[0;39m &amp#27;[39mDEBUG&amp#27;[0;39m [&amp#27;[34mmain&amp#27;[0;39m] &amp#27;[33morg.springframework.beans.factory.support.DefaultSingletonBeanRegistry&amp#27;[0;39m: Creating shared instance of singleton bean 'enableGlobalAuthenticationAutowiredConfigurer'
&amp#27;[30m2020-02-08 10:21:42,707&amp#27;[0;39m &amp#27;[39mDEBUG&amp#27;[0;39m [&amp#27;[34mmain&amp#27;[0;39m] &amp#27;[33morg.springframework.beans.factory.support.ConstructorResolver&amp#27;[0;39m: Autowiring by type from bean name 'enableGlobalAuthenticationAutowiredConfigurer' via factory method to bean named 'org.springframework.boot.web.servlet.context.AnnotationConfigServletWebServerApplicationContext@6ae1d5f1'
&amp#27;[30m2020-02-08 10:21:42,719&amp#27;[0;39m &amp#27;[39mDEBUG&amp#27;[0;39m [&amp#27;[34mmain&amp#27;[0;39m] &amp#27;[33morg.springframework.beans.factory.support.DefaultSingletonBeanRegistry&amp#27;[0;39m: Creating shared instance of singleton bean 'initializeUserDetailsBeanManagerConfigurer'
&amp#27;[30m2020-02-08 10:21:42,720&amp#27;[0;39m &amp#27;[39mDEBUG&amp#27;[0;39m [&amp#27;[34mmain&amp#27;[0;39m] &amp#27;[33morg.springframework.beans.factory.support.ConstructorResolver&amp#27;[0;39m: Autowiring by type from bean name 'initializeUserDetailsBeanManagerConfigurer' via factory method to bean named 'org.springframework.boot.web.servlet.context.AnnotationConfigServletWebServerApplicationContext@6ae1d5f1'
&amp#27;[30m2020-02-08 10:21:42,725&amp#27;[0;39m &amp#27;[39mDEBUG&amp#27;[0;39m [&amp#27;[34mmain&amp#27;[0;39m] &amp#27;[33morg.springframework.beans.factory.support.DefaultSingletonBeanRegistry&amp#27;[0;39m: Creating shared instance of singleton bean 'initializeAuthenticationProviderBeanManagerConfigurer'
&amp#27;[30m2020-02-08 10:21:42,725&amp#27;[0;39m &amp#27;[39mDEBUG&amp#27;[0;39m [&amp#27;[34mmain&amp#27;[0;39m] &amp#27;[33morg.springframework.beans.factory.support.ConstructorResolver&amp#27;[0;39m: Autowiring by type from bean name 'initializeAuthenticationProviderBeanManagerConfigurer' via factory method to bean named 'org.springframework.boot.web.servlet.context.AnnotationConfigServletWebServerApplicationContext@6ae1d5f1'
&amp#27;[30m2020-02-08 10:21:42,752&amp#27;[0;39m &amp#27;[39mDEBUG&amp#27;[0;39m [&amp#27;[34mmain&amp#27;[0;39m] &amp#27;[33morg.springframework.beans.factory.support.DefaultSingletonBeanRegistry&amp#27;[0;39m: Creating shared instance of singleton bean 'courseController'
&amp#27;[30m2020-02-08 10:21:42,755&amp#27;[0;39m &amp#27;[39mDEBUG&amp#27;[0;39m [&amp#27;[34mmain&amp#27;[0;39m] &amp#27;[33morg.springframework.beans.factory.support.DefaultSingletonBeanRegistry&amp#27;[0;39m: Creating shared instance of singleton bean 'courseService'
&amp#27;[30m2020-02-08 10:21:42,759&amp#27;[0;39m &amp#27;[31mWARN &amp#27;[0;39m [&amp#27;[34mmain&amp#27;[0;39m] &amp#27;[33morg.springframework.context.support.AbstractApplicationContext&amp#27;[0;39m: Exception encountered during context initialization - cancelling refresh attempt: org.springframework.beans.factory.UnsatisfiedDependencyException: Error creating bean with name 'courseController': Unsatisfied dependency expressed through field 'courseService'; nested exception is org.springframework.beans.factory.UnsatisfiedDependencyException: Error creating bean with name 'courseService': Unsatisfied dependency expressed through field 'departmentRepository'; nested exception is org.springframework.beans.factory.NoSuchBeanDefinitionException: No qualifying bean of type 'in.rgukt.r081247.universityapi.repository.DepartmentRepository' available: expected at least 1 bean which qualifies as autowire candidate. Dependency annotations: {@org.springframework.beans.factory.annotation.Autowired(required=true)}
&amp#27;[30m2020-02-08 10:21:42,759&amp#27;[0;39m &amp#27;[34mINFO &amp#27;[0;39m [&amp#27;[34mmain&amp#27;[0;39m] &amp#27;[33morg.springframework.orm.jpa.AbstractEntityManagerFactoryBean&amp#27;[0;39m: Closing JPA EntityManagerFactory for persistence unit 'default'
&amp#27;[30m2020-02-08 10:21:42,759&amp#27;[0;39m &amp#27;[39mDEBUG&amp#27;[0;39m [&amp#27;[34mmain&amp#27;[0;39m] &amp#27;[33morg.hibernate.internal.SessionFactoryImpl&amp#27;[0;39m: HHH000031: Closing
&amp#27;[30m2020-02-08 10:21:42,761&amp#27;[0;39m &amp#27;[39mDEBUG&amp#27;[0;39m [&amp#27;[34mmain&amp#27;[0;39m] &amp#27;[33morg.hibernate.type.spi.TypeConfiguration$Scope&amp#27;[0;39m: Un-scoping TypeConfiguration [org.hibernate.type.spi.TypeConfiguration$Scope@1d0695da] from SessionFactory [org.hibernate.internal.SessionFactoryImpl@b45e264]
&amp#27;[30m2020-02-08 10:21:42,761&amp#27;[0;39m &amp#27;[39mDEBUG&amp#27;[0;39m [&amp#27;[34mmain&amp#27;[0;39m] &amp#27;[33morg.hibernate.service.internal.AbstractServiceRegistryImpl&amp#27;[0;39m: Implicitly destroying ServiceRegistry on de-registration of all child ServiceRegistries
&amp#27;[30m2020-02-08 10:21:42,762&amp#27;[0;39m &amp#27;[39mDEBUG&amp#27;[0;39m [&amp#27;[34mmain&amp#27;[0;39m] &amp#27;[33morg.hibernate.boot.registry.internal.BootstrapServiceRegistryImpl&amp#27;[0;39m: Implicitly destroying Boot-strap registry on de-registration of all child ServiceRegistries
&amp#27;[30m2020-02-08 10:21:42,778&amp#27;[0;39m &amp#27;[34mINFO &amp#27;[0;39m [&amp#27;[34mmain&amp#27;[0;39m] &amp#27;[33morg.springframework.beans.factory.support.DisposableBeanAdapter&amp#27;[0;39m: Invocation of destroy method failed on bean with name 'inMemoryDatabaseShutdownExecutor'
org.h2.jdbc.JdbcSQLNonTransientConnectionException: Database is already closed (to disable automatic closing at VM shutdown, add ";DB_CLOSE_ON_EXIT=FALSE" to the db URL) [90121-199]
	at org.h2.message.DbException.getJdbcSQLException(DbException.java:617)
	at org.h2.message.DbException.getJdbcSQLException(DbException.java:427)
	at org.h2.message.DbException.get(DbException.java:205)
	at org.h2.message.DbException.get(DbException.java:181)
	at org.h2.message.DbException.get(DbException.java:170)
	at org.h2.jdbc.JdbcConnection.checkClosed(JdbcConnection.java:1571)
	at org.h2.jdbc.JdbcConnection.checkClosed(JdbcConnection.java:1547)
	at org.h2.jdbc.JdbcConnection.clearWarnings(JdbcConnection.java:708)
	at com.zaxxer.hikari.pool.ProxyConnection.close(ProxyConnection.java:242)
	at org.springframework.boot.devtools.autoconfigure.DevToolsDataSourceAutoConfiguration$NonEmbeddedInMemoryDatabaseShutdownExecutor.destroy(DevToolsDataSourceAutoConfiguration.java:106)
	at org.springframework.beans.factory.support.DisposableBeanAdapter.destroy(DisposableBeanAdapter.java:256)
	at org.springframework.beans.factory.support.DefaultSingletonBeanRegistry.destroyBean(DefaultSingletonBeanRegistry.java:571)
	at org.springframework.beans.factory.support.DefaultSingletonBeanRegistry.destroySingleton(DefaultSingletonBeanRegistry.java:543)
	at org.springframework.beans.factory.support.DefaultListableBeanFactory.destroySingleton(DefaultListableBeanFactory.java:1034)
	at org.springframework.beans.factory.support.DefaultSingletonBeanRegistry.destroySingletons(DefaultSingletonBeanRegistry.java:504)
	at org.springframework.beans.factory.support.DefaultListableBeanFactory.destroySingletons(DefaultListableBeanFactory.java:1027)
	at org.springframework.context.support.AbstractApplicationContext.destroyBeans(AbstractApplicationContext.java:1057)
	at org.springframework.context.support.AbstractApplicationContext.refresh(AbstractApplicationContext.java:562)
	at org.springframework.boot.web.servlet.context.ServletWebServerApplicationContext.refresh(ServletWebServerApplicationContext.java:142)
	at org.springframework.boot.SpringApplication.refresh(SpringApplication.java:775)
	at org.springframework.boot.SpringApplication.refreshContext(SpringApplication.java:397)
	at org.springframework.boot.SpringApplication.run(SpringApplication.java:316)
	at org.springframework.boot.test.context.SpringBootContextLoader.loadContext(SpringBootContextLoader.java:127)
	at org.springframework.test.context.cache.DefaultCacheAwareContextLoaderDelegate.loadContextInternal(DefaultCacheAwareContextLoaderDelegate.java:99)
	at org.springframework.test.context.cache.DefaultCacheAwareContextLoaderDelegate.loadContext(DefaultCacheAwareContextLoaderDelegate.java:117)
	at org.springframework.test.context.support.DefaultTestContext.getApplicationContext(DefaultTestContext.java:108)
	at org.springframework.test.context.support.DependencyInjectionTestExecutionListener.injectDependencies(DependencyInjectionTestExecutionListener.java:118)
	at org.springframework.test.context.support.DependencyInjectionTestExecutionListener.prepareTestInstance(DependencyInjectionTestExecutionListener.java:83)
	at org.springframework.boot.test.autoconfigure.SpringBootDependencyInjectionTestExecutionListener.prepareTestInstance(SpringBootDependencyInjectionTestExecutionListener.java:44)
	at org.springframework.test.context.TestContextManager.prepareTestInstance(TestContextManager.java:246)
	at org.springframework.test.context.junit4.SpringJUnit4ClassRunner.createTest(SpringJUnit4ClassRunner.java:227)
	at org.springframework.test.context.junit4.SpringJUnit4ClassRunner$1.runReflectiveCall(SpringJUnit4ClassRunner.java:289)
	at org.junit.internal.runners.model.ReflectiveCallable.run(ReflectiveCallable.java:12)
	at org.springframework.test.context.junit4.SpringJUnit4ClassRunner.methodBlock(SpringJUnit4ClassRunner.java:291)
	at org.springframework.test.context.junit4.SpringJUnit4ClassRunner.runChild(SpringJUnit4ClassRunner.java:246)
	at org.springframework.test.context.junit4.SpringJUnit4ClassRunner.runChild(SpringJUnit4ClassRunner.java:97)
	at org.junit.runners.ParentRunner$3.run(ParentRunner.java:290)
	at org.junit.runners.ParentRunner$1.schedule(ParentRunner.java:71)
	at org.junit.runners.ParentRunner.runChildren(ParentRunner.java:288)
	at org.junit.runners.ParentRunner.access$000(ParentRunner.java:58)
	at org.junit.runners.ParentRunner$2.evaluate(ParentRunner.java:268)
	at org.springframework.test.context.junit4.statements.RunBeforeTestClassCallbacks.evaluate(RunBeforeTestClassCallbacks.java:61)
	at org.springframework.test.context.junit4.statements.RunAfterTestClassCallbacks.evaluate(RunAfterTestClassCallbacks.java:70)
	at org.junit.runners.ParentRunner.run(ParentRunner.java:363)
	at org.springframework.test.context.junit4.SpringJUnit4ClassRunner.run(SpringJUnit4ClassRunner.java:190)
	at org.apache.maven.surefire.junit4.JUnit4Provider.execute(JUnit4Provider.java:365)
	at org.apache.maven.surefire.junit4.JUnit4Provider.executeWithRerun(JUnit4Provider.java:273)
	at org.apache.maven.surefire.junit4.JUnit4Provider.executeTestSet(JUnit4Provider.java:238)
	at org.apache.maven.surefire.junit4.JUnit4Provider.invoke(JUnit4Provider.java:159)
	at org.apache.maven.surefire.booter.ForkedBooter.invokeProviderInSameClassLoader(ForkedBooter.java:384)
	at org.apache.maven.surefire.booter.ForkedBooter.runSuitesInProcess(ForkedBooter.java:345)
	at org.apache.maven.surefire.booter.ForkedBooter.execute(ForkedBooter.java:126)
	at org.apache.maven.surefire.booter.ForkedBooter.main(ForkedBooter.java:418)
&amp#27;[30m2020-02-08 10:21:42,779&amp#27;[0;39m &amp#27;[34mINFO &amp#27;[0;39m [&amp#27;[34mmain&amp#27;[0;39m] &amp#27;[33mcom.zaxxer.hikari.HikariDataSource&amp#27;[0;39m: HikariPool-4 - Shutdown initiated...
&amp#27;[30m2020-02-08 10:21:42,779&amp#27;[0;39m &amp#27;[39mDEBUG&amp#27;[0;39m [&amp#27;[34mmain&amp#27;[0;39m] &amp#27;[33mcom.zaxxer.hikari.pool.HikariPool&amp#27;[0;39m: HikariPool-4 - Before shutdown stats (total=10, active=0, idle=10, waiting=0)
&amp#27;[30m2020-02-08 10:21:42,791&amp#27;[0;39m &amp#27;[39mDEBUG&amp#27;[0;39m [&amp#27;[34mHikariPool-4 connection closer&amp#27;[0;39m] &amp#27;[33mcom.zaxxer.hikari.pool.PoolBase&amp#27;[0;39m: HikariPool-4 - Closing connection conn38: url=jdbc:h2:mem:db user=SA: (connection evicted)
&amp#27;[30m2020-02-08 10:21:42,792&amp#27;[0;39m &amp#27;[39mDEBUG&amp#27;[0;39m [&amp#27;[34mHikariPool-4 connection closer&amp#27;[0;39m] &amp#27;[33mcom.zaxxer.hikari.pool.PoolBase&amp#27;[0;39m: HikariPool-4 - Closing connection conn39: url=jdbc:h2:mem:db user=SA: (connection evicted)
&amp#27;[30m2020-02-08 10:21:42,792&amp#27;[0;39m &amp#27;[39mDEBUG&amp#27;[0;39m [&amp#27;[34mHikariPool-4 connection closer&amp#27;[0;39m] &amp#27;[33mcom.zaxxer.hikari.pool.PoolBase&amp#27;[0;39m: HikariPool-4 - Closing connection conn40: url=jdbc:h2:mem:db user=SA: (connection evicted)
&amp#27;[30m2020-02-08 10:21:42,793&amp#27;[0;39m &amp#27;[39mDEBUG&amp#27;[0;39m [&amp#27;[34mHikariPool-4 connection closer&amp#27;[0;39m] &amp#27;[33mcom.zaxxer.hikari.pool.PoolBase&amp#27;[0;39m: HikariPool-4 - Closing connection conn41: url=jdbc:h2:mem:db user=SA: (connection evicted)
&amp#27;[30m2020-02-08 10:21:42,793&amp#27;[0;39m &amp#27;[39mDEBUG&amp#27;[0;39m [&amp#27;[34mHikariPool-4 connection closer&amp#27;[0;39m] &amp#27;[33mcom.zaxxer.hikari.pool.PoolBase&amp#27;[0;39m: HikariPool-4 - Closing connection conn42: url=jdbc:h2:mem:db user=SA: (connection evicted)
&amp#27;[30m2020-02-08 10:21:42,793&amp#27;[0;39m &amp#27;[39mDEBUG&amp#27;[0;39m [&amp#27;[34mHikariPool-4 connection closer&amp#27;[0;39m] &amp#27;[33mcom.zaxxer.hikari.pool.PoolBase&amp#27;[0;39m: HikariPool-4 - Closing connection conn43: url=jdbc:h2:mem:db user=SA: (connection evicted)
&amp#27;[30m2020-02-08 10:21:42,793&amp#27;[0;39m &amp#27;[39mDEBUG&amp#27;[0;39m [&amp#27;[34mHikariPool-4 connection closer&amp#27;[0;39m] &amp#27;[33mcom.zaxxer.hikari.pool.PoolBase&amp#27;[0;39m: HikariPool-4 - Closing connection conn44: url=jdbc:h2:mem:db user=SA: (connection evicted)
&amp#27;[30m2020-02-08 10:21:42,794&amp#27;[0;39m &amp#27;[39mDEBUG&amp#27;[0;39m [&amp#27;[34mHikariPool-4 connection closer&amp#27;[0;39m] &amp#27;[33mcom.zaxxer.hikari.pool.PoolBase&amp#27;[0;39m: HikariPool-4 - Closing connection conn45: url=jdbc:h2:mem:db user=SA: (connection evicted)
&amp#27;[30m2020-02-08 10:21:42,794&amp#27;[0;39m &amp#27;[39mDEBUG&amp#27;[0;39m [&amp#27;[34mHikariPool-4 connection closer&amp#27;[0;39m] &amp#27;[33mcom.zaxxer.hikari.pool.PoolBase&amp#27;[0;39m: HikariPool-4 - Closing connection conn46: url=jdbc:h2:mem:db user=SA: (connection evicted)
&amp#27;[30m2020-02-08 10:21:42,794&amp#27;[0;39m &amp#27;[39mDEBUG&amp#27;[0;39m [&amp#27;[34mHikariPool-4 connection closer&amp#27;[0;39m] &amp#27;[33mcom.zaxxer.hikari.pool.PoolBase&amp#27;[0;39m: HikariPool-4 - Closing connection conn47: url=jdbc:h2:mem:db user=SA: (connection evicted)
&amp#27;[30m2020-02-08 10:21:42,794&amp#27;[0;39m &amp#27;[39mDEBUG&amp#27;[0;39m [&amp#27;[34mmain&amp#27;[0;39m] &amp#27;[33mcom.zaxxer.hikari.pool.HikariPool&amp#27;[0;39m: HikariPool-4 - After shutdown stats (total=0, active=0, idle=0, waiting=0)
&amp#27;[30m2020-02-08 10:21:42,795&amp#27;[0;39m &amp#27;[34mINFO &amp#27;[0;39m [&amp#27;[34mmain&amp#27;[0;39m] &amp#27;[33mcom.zaxxer.hikari.HikariDataSource&amp#27;[0;39m: HikariPool-4 - Shutdown completed.
&amp#27;[30m2020-02-08 10:21:42,796&amp#27;[0;39m &amp#27;[34mINFO &amp#27;[0;39m [&amp#27;[34mmain&amp#27;[0;39m] &amp#27;[33morg.apache.juli.logging.DirectJDKLog&amp#27;[0;39m: Stopping service [Tomcat]
&amp#27;[30m2020-02-08 10:21:42,800&amp#27;[0;39m &amp#27;[39mDEBUG&amp#27;[0;39m [&amp#27;[34mmain&amp#27;[0;39m] &amp#27;[33morg.springframework.boot.context.logging.ClasspathLoggingApplicationListener&amp#27;[0;39m: Application failed to start with classpath: unknown
&amp#27;[30m2020-02-08 10:21:42,849&amp#27;[0;39m &amp#27;[39mDEBUG&amp#27;[0;39m [&amp#27;[34mmain&amp#27;[0;39m] &amp#27;[33morg.springframework.boot.autoconfigure.logging.ConditionEvaluationReportLoggingListener&amp#27;[0;39m: 


============================
CONDITIONS EVALUATION REPORT
============================


Positive matches:
-----------------

   AopAutoConfiguration matched:
      - @ConditionalOnClass found required classes 'org.springframework.context.annotation.EnableAspectJAutoProxy', 'org.aspectj.lang.annotation.Aspect', 'org.aspectj.lang.reflect.Advice', 'org.aspectj.weaver.AnnotatedElement' (OnClassCondition)
      - @ConditionalOnProperty (spring.aop.auto=true) matched (OnPropertyCondition)

   AopAutoConfiguration.CglibAutoProxyConfiguration matched:
      - @ConditionalOnProperty (spring.aop.proxy-target-class=true) matched (OnPropertyCondition)

   CodecsAutoConfiguration matched:
      - @ConditionalOnClass found required class 'org.springframework.http.codec.CodecConfigurer' (OnClassCondition)

   CodecsAutoConfiguration.JacksonCodecConfiguration matched:
      - @ConditionalOnClass found required class 'com.fasterxml.jackson.databind.ObjectMapper' (OnClassCondition)

   CodecsAutoConfiguration.JacksonCodecConfiguration#jacksonCodecCustomizer matched:
      - @ConditionalOnBean (types: com.fasterxml.jackson.databind.ObjectMapper; SearchStrategy: all) found bean 'jacksonObjectMapper' (OnBeanCondition)

   DataSourceAutoConfiguration matched:
      - @ConditionalOnClass found required classes 'javax.sql.DataSource', 'org.springframework.jdbc.datasource.embedded.EmbeddedDatabaseType' (OnClassCondition)

   DataSourceAutoConfiguration.PooledDataSourceConfiguration matched:
      - AnyNestedCondition 1 matched 1 did not; NestedCondition on DataSourceAutoConfiguration.PooledDataSourceCondition.PooledDataSourceAvailable PooledDataSource found supported DataSource; NestedCondition on DataSourceAutoConfiguration.PooledDataSourceCondition.ExplicitType @ConditionalOnProperty (spring.datasource.type) did not find property 'type' (DataSourceAutoConfiguration.PooledDataSourceCondition)
      - @ConditionalOnMissingBean (types: javax.sql.DataSource,javax.sql.XADataSource; SearchStrategy: all) did not find any beans (OnBeanCondition)

   DataSourceConfiguration.Hikari matched:
      - @ConditionalOnClass found required class 'com.zaxxer.hikari.HikariDataSource' (OnClassCondition)
      - @ConditionalOnProperty (spring.datasource.type=com.zaxxer.hikari.HikariDataSource) matched (OnPropertyCondition)
      - @ConditionalOnMissingBean (types: javax.sql.DataSource; SearchStrategy: all) did not find any beans (OnBeanCondition)

   DataSourcePoolMetadataProvidersConfiguration.HikariPoolDataSourceMetadataProviderConfiguration matched:
      - @ConditionalOnClass found required class 'com.zaxxer.hikari.HikariDataSource' (OnClassCondition)

   DataSourceTransactionManagerAutoConfiguration matched:
      - @ConditionalOnClass found required classes 'org.springframework.jdbc.core.JdbcTemplate', 'org.springframework.transaction.PlatformTransactionManager' (OnClassCondition)

   DataSourceTransactionManagerAutoConfiguration.DataSourceTransactionManagerConfiguration matched:
      - @ConditionalOnSingleCandidate (types: javax.sql.DataSource; SearchStrategy: all) found a primary bean from beans 'dataSource' (OnBeanCondition)

   DevToolsDataSourceAutoConfiguration matched:
      - DevTools DataSource Condition found auto-configured DataSource (DevToolsDataSourceAutoConfiguration.DevToolsDataSourceCondition)

   DevToolsDataSourceAutoConfiguration.DatabaseShutdownExecutorJpaDependencyConfiguration matched:
      - @ConditionalOnClass found required class 'org.springframework.orm.jpa.LocalContainerEntityManagerFactoryBean' (OnClassCondition)
      - @ConditionalOnBean (types: org.springframework.orm.jpa.AbstractEntityManagerFactoryBean; SearchStrategy: all) found bean '&entityManagerFactory' (OnBeanCondition)

   DispatcherServletAutoConfiguration matched:
      - @ConditionalOnClass found required class 'org.springframework.web.servlet.DispatcherServlet' (OnClassCondition)
      - found 'session' scope (OnWebApplicationCondition)

   DispatcherServletAutoConfiguration.DispatcherServletConfiguration matched:
      - @ConditionalOnClass found required class 'javax.servlet.ServletRegistration' (OnClassCondition)
      - Default DispatcherServlet did not find dispatcher servlet beans (DispatcherServletAutoConfiguration.DefaultDispatcherServletCondition)

   DispatcherServletAutoConfiguration.DispatcherServletRegistrationConfiguration matched:
      - @ConditionalOnClass found required class 'javax.servlet.ServletRegistration' (OnClassCondition)
      - DispatcherServlet Registration did not find servlet registration bean (DispatcherServletAutoConfiguration.DispatcherServletRegistrationCondition)

   DispatcherServletAutoConfiguration.DispatcherServletRegistrationConfiguration#dispatcherServletRegistration matched:
      - @ConditionalOnBean (names: dispatcherServlet; types: org.springframework.web.servlet.DispatcherServlet; SearchStrategy: all) found bean 'dispatcherServlet' (OnBeanCondition)

   EmbeddedWebServerFactoryCustomizerAutoConfiguration matched:
      - @ConditionalOnWebApplication (required) found 'session' scope (OnWebApplicationCondition)

   EmbeddedWebServerFactoryCustomizerAutoConfiguration.TomcatWebServerFactoryCustomizerConfiguration matched:
      - @ConditionalOnClass found required classes 'org.apache.catalina.startup.Tomcat', 'org.apache.coyote.UpgradeProtocol' (OnClassCondition)

   ErrorMvcAutoConfiguration matched:
      - @ConditionalOnClass found required classes 'javax.servlet.Servlet', 'org.springframework.web.servlet.DispatcherServlet' (OnClassCondition)
      - found 'session' scope (OnWebApplicationCondition)

   ErrorMvcAutoConfiguration#basicErrorController matched:
      - @ConditionalOnMissingBean (types: org.springframework.boot.web.servlet.error.ErrorController; SearchStrategy: current) did not find any beans (OnBeanCondition)

   ErrorMvcAutoConfiguration#errorAttributes matched:
      - @ConditionalOnMissingBean (types: org.springframework.boot.web.servlet.error.ErrorAttributes; SearchStrategy: current) did not find any beans (OnBeanCondition)

   ErrorMvcAutoConfiguration.DefaultErrorViewResolverConfiguration#conventionErrorViewResolver matched:
      - @ConditionalOnBean (types: org.springframework.web.servlet.DispatcherServlet; SearchStrategy: all) found bean 'dispatcherServlet'; @ConditionalOnMissingBean (types: org.springframework.boot.autoconfigure.web.servlet.error.DefaultErrorViewResolver; SearchStrategy: all) did not find any beans (OnBeanCondition)

   ErrorMvcAutoConfiguration.WhitelabelErrorViewConfiguration matched:
      - @ConditionalOnProperty (server.error.whitelabel.enabled) matched (OnPropertyCondition)
      - ErrorTemplate Missing did not find error template view (ErrorMvcAutoConfiguration.ErrorTemplateMissingCondition)

   ErrorMvcAutoConfiguration.WhitelabelErrorViewConfiguration#beanNameViewResolver matched:
      - @ConditionalOnMissingBean (types: org.springframework.web.servlet.view.BeanNameViewResolver; SearchStrategy: all) did not find any beans (OnBeanCondition)

   ErrorMvcAutoConfiguration.WhitelabelErrorViewConfiguration#defaultErrorView matched:
      - @ConditionalOnMissingBean (names: error; SearchStrategy: all) did not find any beans (OnBeanCondition)

   GenericCacheConfiguration matched:
      - Cache org.springframework.boot.autoconfigure.cache.GenericCacheConfiguration automatic cache type (CacheCondition)

   H2ConsoleAutoConfiguration matched:
      - @ConditionalOnClass found required class 'org.h2.server.web.WebServlet' (OnClassCondition)
      - found 'session' scope (OnWebApplicationCondition)
      - @ConditionalOnProperty (spring.h2.console.enabled=true) matched (OnPropertyCondition)

   HibernateJpaAutoConfiguration matched:
      - @ConditionalOnClass found required classes 'org.springframework.orm.jpa.LocalContainerEntityManagerFactoryBean', 'javax.persistence.EntityManager' (OnClassCondition)
      - HibernateEntityManager found class 'org.hibernate.ejb.HibernateEntityManager' (HibernateJpaAutoConfiguration.HibernateEntityManagerCondition)

   HibernateJpaConfiguration matched:
      - @ConditionalOnSingleCandidate (types: javax.sql.DataSource; SearchStrategy: all) found a primary bean from beans 'dataSource' (OnBeanCondition)

   HttpEncodingAutoConfiguration matched:
      - @ConditionalOnClass found required class 'org.springframework.web.filter.CharacterEncodingFilter' (OnClassCondition)
      - found 'session' scope (OnWebApplicationCondition)
      - @ConditionalOnProperty (spring.http.encoding.enabled) matched (OnPropertyCondition)

   HttpEncodingAutoConfiguration#characterEncodingFilter matched:
      - @ConditionalOnMissingBean (types: org.springframework.web.filter.CharacterEncodingFilter; SearchStrategy: all) did not find any beans (OnBeanCondition)

   HttpMessageConvertersAutoConfiguration matched:
      - @ConditionalOnClass found required class 'org.springframework.http.converter.HttpMessageConverter' (OnClassCondition)

   HttpMessageConvertersAutoConfiguration#messageConverters matched:
      - @ConditionalOnMissingBean (types: org.springframework.boot.autoconfigure.http.HttpMessageConverters; SearchStrategy: all) did not find any beans (OnBeanCondition)

   HttpMessageConvertersAutoConfiguration.StringHttpMessageConverterConfiguration matched:
      - @ConditionalOnClass found required class 'org.springframework.http.converter.StringHttpMessageConverter' (OnClassCondition)

   HttpMessageConvertersAutoConfiguration.StringHttpMessageConverterConfiguration#stringHttpMessageConverter matched:
      - @ConditionalOnMissingBean (types: org.springframework.http.converter.StringHttpMessageConverter; SearchStrategy: all) did not find any beans (OnBeanCondition)

   JacksonAutoConfiguration matched:
      - @ConditionalOnClass found required class 'com.fasterxml.jackson.databind.ObjectMapper' (OnClassCondition)

   JacksonAutoConfiguration.Jackson2ObjectMapperBuilderCustomizerConfiguration matched:
      - @ConditionalOnClass found required class 'org.springframework.http.converter.json.Jackson2ObjectMapperBuilder' (OnClassCondition)

   JacksonAutoConfiguration.JacksonObjectMapperBuilderConfiguration matched:
      - @ConditionalOnClass found required class 'org.springframework.http.converter.json.Jackson2ObjectMapperBuilder' (OnClassCondition)

   JacksonAutoConfiguration.JacksonObjectMapperBuilderConfiguration#jacksonObjectMapperBuilder matched:
      - @ConditionalOnMissingBean (types: org.springframework.http.converter.json.Jackson2ObjectMapperBuilder; SearchStrategy: all) did not find any beans (OnBeanCondition)

   JacksonAutoConfiguration.JacksonObjectMapperConfiguration matched:
      - @ConditionalOnClass found required class 'org.springframework.http.converter.json.Jackson2ObjectMapperBuilder' (OnClassCondition)

   JacksonAutoConfiguration.JacksonObjectMapperConfiguration#jacksonObjectMapper matched:
      - @ConditionalOnMissingBean (types: com.fasterxml.jackson.databind.ObjectMapper; SearchStrategy: all) did not find any beans (OnBeanCondition)

   JacksonAutoConfiguration.ParameterNamesModuleConfiguration matched:
      - @ConditionalOnClass found required class 'com.fasterxml.jackson.module.paramnames.ParameterNamesModule' (OnClassCondition)

   JacksonAutoConfiguration.ParameterNamesModuleConfiguration#parameterNamesModule matched:
      - @ConditionalOnMissingBean (types: com.fasterxml.jackson.module.paramnames.ParameterNamesModule; SearchStrategy: all) did not find any beans (OnBeanCondition)

   JacksonHttpMessageConvertersConfiguration.MappingJackson2HttpMessageConverterConfiguration matched:
      - @ConditionalOnClass found required class 'com.fasterxml.jackson.databind.ObjectMapper' (OnClassCondition)
      - @ConditionalOnProperty (spring.http.converters.preferred-json-mapper=jackson) matched (OnPropertyCondition)
      - @ConditionalOnBean (types: com.fasterxml.jackson.databind.ObjectMapper; SearchStrategy: all) found bean 'jacksonObjectMapper' (OnBeanCondition)

   JacksonHttpMessageConvertersConfiguration.MappingJackson2HttpMessageConverterConfiguration#mappingJackson2HttpMessageConverter matched:
      - @ConditionalOnMissingBean (types: org.springframework.http.converter.json.MappingJackson2HttpMessageConverter; SearchStrategy: all) did not find any beans (OnBeanCondition)

   JdbcTemplateAutoConfiguration matched:
      - @ConditionalOnClass found required classes 'javax.sql.DataSource', 'org.springframework.jdbc.core.JdbcTemplate' (OnClassCondition)
      - @ConditionalOnSingleCandidate (types: javax.sql.DataSource; SearchStrategy: all) found a primary bean from beans 'dataSource' (OnBeanCondition)

   JdbcTemplateAutoConfiguration.JdbcTemplateConfiguration#jdbcTemplate matched:
      - @ConditionalOnMissingBean (types: org.springframework.jdbc.core.JdbcOperations; SearchStrategy: all) did not find any beans (OnBeanCondition)

   JdbcTemplateAutoConfiguration.NamedParameterJdbcTemplateConfiguration#namedParameterJdbcTemplate matched:
      - @ConditionalOnSingleCandidate (types: org.springframework.jdbc.core.JdbcTemplate; SearchStrategy: all) found a primary bean from beans 'jdbcTemplate'; @ConditionalOnMissingBean (types: org.springframework.jdbc.core.namedparam.NamedParameterJdbcOperations; SearchStrategy: all) did not find any beans (OnBeanCondition)

   JpaBaseConfiguration#entityManagerFactory matched:
      - @ConditionalOnMissingBean (types: org.springframework.orm.jpa.LocalContainerEntityManagerFactoryBean,javax.persistence.EntityManagerFactory; SearchStrategy: all) did not find any beans (OnBeanCondition)

   JpaBaseConfiguration#entityManagerFactoryBuilder matched:
      - @ConditionalOnMissingBean (types: org.springframework.boot.orm.jpa.EntityManagerFactoryBuilder; SearchStrategy: all) did not find any beans (OnBeanCondition)

   JpaBaseConfiguration#jpaVendorAdapter matched:
      - @ConditionalOnMissingBean (types: org.springframework.orm.jpa.JpaVendorAdapter; SearchStrategy: all) did not find any beans (OnBeanCondition)

   JpaBaseConfiguration#transactionManager matched:
      - @ConditionalOnMissingBean (types: org.springframework.transaction.PlatformTransactionManager; SearchStrategy: all) did not find any beans (OnBeanCondition)

   JpaBaseConfiguration.JpaWebConfiguration matched:
      - @ConditionalOnClass found required class 'org.springframework.web.servlet.config.annotation.WebMvcConfigurer' (OnClassCondition)
      - found 'session' scope (OnWebApplicationCondition)
      - @ConditionalOnProperty (spring.jpa.open-in-view=true) matched (OnPropertyCondition)
      - @ConditionalOnMissingBean (types: org.springframework.orm.jpa.support.OpenEntityManagerInViewInterceptor,org.springframework.orm.jpa.support.OpenEntityManagerInViewFilter; SearchStrategy: all) did not find any beans (OnBeanCondition)

   JtaAutoConfiguration matched:
      - @ConditionalOnClass found required class 'javax.transaction.Transaction' (OnClassCondition)
      - @ConditionalOnProperty (spring.jta.enabled) matched (OnPropertyCondition)

   MultipartAutoConfiguration matched:
      - @ConditionalOnClass found required classes 'javax.servlet.Servlet', 'org.springframework.web.multipart.support.StandardServletMultipartResolver', 'javax.servlet.MultipartConfigElement' (OnClassCondition)
      - found 'session' scope (OnWebApplicationCondition)
      - @ConditionalOnProperty (spring.servlet.multipart.enabled) matched (OnPropertyCondition)

   MultipartAutoConfiguration#multipartConfigElement matched:
      - @ConditionalOnMissingBean (types: javax.servlet.MultipartConfigElement,org.springframework.web.multipart.commons.CommonsMultipartResolver; SearchStrategy: all) did not find any beans (OnBeanCondition)

   MultipartAutoConfiguration#multipartResolver matched:
      - @ConditionalOnMissingBean (types: org.springframework.web.multipart.MultipartResolver; SearchStrategy: all) did not find any beans (OnBeanCondition)

   NoOpCacheConfiguration matched:
      - Cache org.springframework.boot.autoconfigure.cache.NoOpCacheConfiguration automatic cache type (CacheCondition)

   PersistenceExceptionTranslationAutoConfiguration matched:
      - @ConditionalOnClass found required class 'org.springframework.dao.annotation.PersistenceExceptionTranslationPostProcessor' (OnClassCondition)

   PersistenceExceptionTranslationAutoConfiguration#persistenceExceptionTranslationPostProcessor matched:
      - @ConditionalOnProperty (spring.dao.exceptiontranslation.enabled) matched (OnPropertyCondition)
      - @ConditionalOnMissingBean (types: org.springframework.dao.annotation.PersistenceExceptionTranslationPostProcessor; SearchStrategy: all) did not find any beans (OnBeanCondition)

   PropertyPlaceholderAutoConfiguration#propertySourcesPlaceholderConfigurer matched:
      - @ConditionalOnMissingBean (types: org.springframework.context.support.PropertySourcesPlaceholderConfigurer; SearchStrategy: current) did not find any beans (OnBeanCondition)

   RestTemplateAutoConfiguration matched:
      - @ConditionalOnClass found required class 'org.springframework.web.client.RestTemplate' (OnClassCondition)

   RestTemplateAutoConfiguration#restTemplateBuilder matched:
      - @ConditionalOnMissingBean (types: org.springframework.boot.web.client.RestTemplateBuilder; SearchStrategy: all) did not find any beans (OnBeanCondition)

   SecurityAutoConfiguration matched:
      - @ConditionalOnClass found required class 'org.springframework.security.authentication.DefaultAuthenticationEventPublisher' (OnClassCondition)

   SecurityAutoConfiguration#authenticationEventPublisher matched:
      - @ConditionalOnMissingBean (types: org.springframework.security.authentication.AuthenticationEventPublisher; SearchStrategy: all) did not find any beans (OnBeanCondition)

   SecurityFilterAutoConfiguration matched:
      - @ConditionalOnClass found required classes 'org.springframework.security.web.context.AbstractSecurityWebApplicationInitializer', 'org.springframework.security.config.http.SessionCreationPolicy' (OnClassCondition)
      - found 'session' scope (OnWebApplicationCondition)

   SecurityFilterAutoConfiguration#securityFilterChainRegistration matched:
      - @ConditionalOnBean (names: springSecurityFilterChain; SearchStrategy: all) found bean 'springSecurityFilterChain' (OnBeanCondition)

   SecurityRequestMatcherProviderAutoConfiguration matched:
      - @ConditionalOnClass found required class 'org.springframework.security.web.util.matcher.RequestMatcher' (OnClassCondition)
      - found 'session' scope (OnWebApplicationCondition)

   SecurityRequestMatcherProviderAutoConfiguration.MvcRequestMatcherConfiguration matched:
      - @ConditionalOnClass found required class 'org.springframework.web.servlet.DispatcherServlet' (OnClassCondition)
      - @ConditionalOnBean (types: org.springframework.web.servlet.handler.HandlerMappingIntrospector; SearchStrategy: all) found bean 'mvcHandlerMappingIntrospector' (OnBeanCondition)

   SecurityRequestMatcherProviderAutoConfiguration.MvcRequestMatcherConfiguration#requestMatcherProvider matched:
      - @ConditionalOnClass found required class 'org.springframework.web.servlet.DispatcherServlet' (OnClassCondition)

   ServletWebServerFactoryAutoConfiguration matched:
      - @ConditionalOnClass found required class 'javax.servlet.ServletRequest' (OnClassCondition)
      - found 'session' scope (OnWebApplicationCondition)

   ServletWebServerFactoryAutoConfiguration#tomcatServletWebServerFactoryCustomizer matched:
      - @ConditionalOnClass found required class 'org.apache.catalina.startup.Tomcat' (OnClassCondition)

   ServletWebServerFactoryConfiguration.EmbeddedTomcat matched:
      - @ConditionalOnClass found required classes 'javax.servlet.Servlet', 'org.apache.catalina.startup.Tomcat', 'org.apache.coyote.UpgradeProtocol' (OnClassCondition)
      - @ConditionalOnMissingBean (types: org.springframework.boot.web.servlet.server.ServletWebServerFactory; SearchStrategy: current) did not find any beans (OnBeanCondition)

   SimpleCacheConfiguration matched:
      - Cache org.springframework.boot.autoconfigure.cache.SimpleCacheConfiguration automatic cache type (CacheCondition)

   SpringDataWebAutoConfiguration matched:
      - @ConditionalOnClass found required classes 'org.springframework.data.web.PageableHandlerMethodArgumentResolver', 'org.springframework.web.servlet.config.annotation.WebMvcConfigurer' (OnClassCondition)
      - found 'session' scope (OnWebApplicationCondition)
      - @ConditionalOnMissingBean (types: org.springframework.data.web.PageableHandlerMethodArgumentResolver; SearchStrategy: all) did not find any beans (OnBeanCondition)

   SpringDataWebAutoConfiguration#pageableCustomizer matched:
      - @ConditionalOnMissingBean (types: org.springframework.data.web.config.PageableHandlerMethodArgumentResolverCustomizer; SearchStrategy: all) did not find any beans (OnBeanCondition)

   SpringDataWebAutoConfiguration#sortCustomizer matched:
      - @ConditionalOnMissingBean (types: org.springframework.data.web.config.SortHandlerMethodArgumentResolverCustomizer; SearchStrategy: all) did not find any beans (OnBeanCondition)

   TaskExecutionAutoConfiguration matched:
      - @ConditionalOnClass found required class 'org.springframework.scheduling.concurrent.ThreadPoolTaskExecutor' (OnClassCondition)

   TaskExecutionAutoConfiguration#applicationTaskExecutor matched:
      - @ConditionalOnMissingBean (types: java.util.concurrent.Executor; SearchStrategy: all) did not find any beans (OnBeanCondition)

   TaskExecutionAutoConfiguration#taskExecutorBuilder matched:
      - @ConditionalOnMissingBean (types: org.springframework.boot.task.TaskExecutorBuilder; SearchStrategy: all) did not find any beans (OnBeanCondition)

   TaskSchedulingAutoConfiguration matched:
      - @ConditionalOnClass found required class 'org.springframework.scheduling.concurrent.ThreadPoolTaskScheduler' (OnClassCondition)

   TaskSchedulingAutoConfiguration#taskSchedulerBuilder matched:
      - @ConditionalOnMissingBean (types: org.springframework.boot.task.TaskSchedulerBuilder; SearchStrategy: all) did not find any beans (OnBeanCondition)

   TransactionAutoConfiguration matched:
      - @ConditionalOnClass found required class 'org.springframework.transaction.PlatformTransactionManager' (OnClassCondition)

   TransactionAutoConfiguration#platformTransactionManagerCustomizers matched:
      - @ConditionalOnMissingBean (types: org.springframework.boot.autoconfigure.transaction.TransactionManagerCustomizers; SearchStrategy: all) did not find any beans (OnBeanCondition)

   TransactionAutoConfiguration.TransactionTemplateConfiguration matched:
      - @ConditionalOnSingleCandidate (types: org.springframework.transaction.PlatformTransactionManager; SearchStrategy: all) found a primary bean from beans 'transactionManager' (OnBeanCondition)

   TransactionAutoConfiguration.TransactionTemplateConfiguration#transactionTemplate matched:
      - @ConditionalOnMissingBean (types: org.springframework.transaction.support.TransactionTemplate; SearchStrategy: all) did not find any beans (OnBeanCondition)

   UserDetailsServiceAutoConfiguration matched:
      - @ConditionalOnClass found required class 'org.springframework.security.authentication.AuthenticationManager' (OnClassCondition)
      - @ConditionalOnBean (types: org.springframework.security.config.annotation.ObjectPostProcessor; SearchStrategy: all) found bean 'objectPostProcessor'; @ConditionalOnMissingBean (types: org.springframework.security.authentication.AuthenticationManager,org.springframework.security.authentication.AuthenticationProvider,org.springframework.security.core.userdetails.UserDetailsService; SearchStrategy: all) did not find any beans (OnBeanCondition)

   UserDetailsServiceAutoConfiguration#inMemoryUserDetailsManager matched:
      - @ConditionalOnMissingBean (types: org.springframework.security.oauth2.client.registration.ClientRegistrationRepository; SearchStrategy: all) did not find any beans (OnBeanCondition)

   ValidationAutoConfiguration matched:
      - @ConditionalOnClass found required class 'javax.validation.executable.ExecutableValidator' (OnClassCondition)
      - @ConditionalOnResource found location classpath:META-INF/services/javax.validation.spi.ValidationProvider (OnResourceCondition)

   ValidationAutoConfiguration#defaultValidator matched:
      - @ConditionalOnMissingBean (types: javax.validation.Validator; SearchStrategy: all) did not find any beans (OnBeanCondition)

   ValidationAutoConfiguration#methodValidationPostProcessor matched:
      - @ConditionalOnMissingBean (types: org.springframework.validation.beanvalidation.MethodValidationPostProcessor; SearchStrategy: all) did not find any beans (OnBeanCondition)

   WebMvcAutoConfiguration matched:
      - @ConditionalOnClass found required classes 'javax.servlet.Servlet', 'org.springframework.web.servlet.DispatcherServlet', 'org.springframework.web.servlet.config.annotation.WebMvcConfigurer' (OnClassCondition)
      - found 'session' scope (OnWebApplicationCondition)
      - @ConditionalOnMissingBean (types: org.springframework.web.servlet.config.annotation.WebMvcConfigurationSupport; SearchStrategy: all) did not find any beans (OnBeanCondition)

   WebMvcAutoConfiguration#formContentFilter matched:
      - @ConditionalOnProperty (spring.mvc.formcontent.filter.enabled) matched (OnPropertyCondition)
      - @ConditionalOnMissingBean (types: org.springframework.web.filter.FormContentFilter; SearchStrategy: all) did not find any beans (OnBeanCondition)

   WebMvcAutoConfiguration#hiddenHttpMethodFilter matched:
      - @ConditionalOnProperty (spring.mvc.hiddenmethod.filter.enabled) matched (OnPropertyCondition)
      - @ConditionalOnMissingBean (types: org.springframework.web.filter.HiddenHttpMethodFilter; SearchStrategy: all) did not find any beans (OnBeanCondition)

   WebMvcAutoConfiguration.WebMvcAutoConfigurationAdapter#defaultViewResolver matched:
      - @ConditionalOnMissingBean (types: org.springframework.web.servlet.view.InternalResourceViewResolver; SearchStrategy: all) did not find any beans (OnBeanCondition)

   WebMvcAutoConfiguration.WebMvcAutoConfigurationAdapter#requestContextFilter matched:
      - @ConditionalOnMissingBean (types: org.springframework.web.context.request.RequestContextListener,org.springframework.web.filter.RequestContextFilter; SearchStrategy: all) did not find any beans (OnBeanCondition)

   WebMvcAutoConfiguration.WebMvcAutoConfigurationAdapter#viewResolver matched:
      - @ConditionalOnBean (types: org.springframework.web.servlet.ViewResolver; SearchStrategy: all) found beans 'defaultViewResolver', 'beanNameViewResolver', 'mvcViewResolver'; @ConditionalOnMissingBean (names: viewResolver; types: org.springframework.web.servlet.view.ContentNegotiatingViewResolver; SearchStrategy: all) did not find any beans (OnBeanCondition)

   WebMvcAutoConfiguration.WebMvcAutoConfigurationAdapter.FaviconConfiguration matched:
      - @ConditionalOnProperty (spring.mvc.favicon.enabled) matched (OnPropertyCondition)

   WebSocketServletAutoConfiguration matched:
      - @ConditionalOnClass found required classes 'javax.servlet.Servlet', 'javax.websocket.server.ServerContainer' (OnClassCondition)
      - found 'session' scope (OnWebApplicationCondition)

   WebSocketServletAutoConfiguration.TomcatWebSocketConfiguration matched:
      - @ConditionalOnClass found required classes 'org.apache.catalina.startup.Tomcat', 'org.apache.tomcat.websocket.server.WsSci' (OnClassCondition)

   WebSocketServletAutoConfiguration.TomcatWebSocketConfiguration#websocketServletWebServerCustomizer matched:
      - @ConditionalOnMissingBean (names: websocketServletWebServerCustomizer; SearchStrategy: all) did not find any beans (OnBeanCondition)


Negative matches:
-----------------

   ActiveMQAutoConfiguration:
      Did not match:
         - @ConditionalOnClass did not find required class 'javax.jms.ConnectionFactory' (OnClassCondition)

   AopAutoConfiguration.JdkDynamicAutoProxyConfiguration:
      Did not match:
         - @ConditionalOnProperty (spring.aop.proxy-target-class=false) did not find property 'proxy-target-class' (OnPropertyCondition)

   ArtemisAutoConfiguration:
      Did not match:
         - @ConditionalOnClass did not find required class 'javax.jms.ConnectionFactory' (OnClassCondition)

   AtomikosJtaConfiguration:
      Did not match:
         - @ConditionalOnClass did not find required class 'com.atomikos.icatch.jta.UserTransactionManager' (OnClassCondition)

   BatchAutoConfiguration:
      Did not match:
         - @ConditionalOnClass did not find required class 'org.springframework.batch.core.launch.JobLauncher' (OnClassCondition)

   BitronixJtaConfiguration:
      Did not match:
         - @ConditionalOnClass did not find required class 'bitronix.tm.jndi.BitronixContext' (OnClassCondition)

   CacheAutoConfiguration:
      Did not match:
         - @ConditionalOnBean (types: org.springframework.cache.interceptor.CacheAspectSupport; SearchStrategy: all) did not find any beans of type org.springframework.cache.interceptor.CacheAspectSupport (OnBeanCondition)
      Matched:
         - @ConditionalOnClass found required class 'org.springframework.cache.CacheManager' (OnClassCondition)

   CacheAutoConfiguration.CacheManagerJpaDependencyConfiguration:
      Did not match:
         - Ancestor org.springframework.boot.autoconfigure.cache.CacheAutoConfiguration did not match (ConditionEvaluationReport.AncestorsMatchedCondition)
      Matched:
         - @ConditionalOnClass found required class 'org.springframework.orm.jpa.LocalContainerEntityManagerFactoryBean' (OnClassCondition)

   CaffeineCacheConfiguration:
      Did not match:
         - @ConditionalOnClass did not find required classes 'com.github.benmanes.caffeine.cache.Caffeine', 'org.springframework.cache.caffeine.CaffeineCacheManager' (OnClassCondition)

   CassandraAutoConfiguration:
      Did not match:
         - @ConditionalOnClass did not find required class 'com.datastax.driver.core.Cluster' (OnClassCondition)

   CassandraDataAutoConfiguration:
      Did not match:
         - @ConditionalOnClass did not find required class 'com.datastax.driver.core.Cluster' (OnClassCondition)

   CassandraReactiveDataAutoConfiguration:
      Did not match:
         - @ConditionalOnClass did not find required class 'com.datastax.driver.core.Cluster' (OnClassCondition)

   CassandraReactiveRepositoriesAutoConfiguration:
      Did not match:
         - @ConditionalOnClass did not find required class 'org.springframework.data.cassandra.ReactiveSession' (OnClassCondition)

   CassandraRepositoriesAutoConfiguration:
      Did not match:
         - @ConditionalOnClass did not find required class 'com.datastax.driver.core.Session' (OnClassCondition)

   ClientHttpConnectorAutoConfiguration:
      Did not match:
         - @ConditionalOnClass did not find required class 'org.springframework.web.reactive.function.client.WebClient' (OnClassCondition)

   CloudServiceConnectorsAutoConfiguration:
      Did not match:
         - @ConditionalOnClass did not find required class 'org.springframework.cloud.config.java.CloudScanConfiguration' (OnClassCondition)

   CouchbaseAutoConfiguration:
      Did not match:
         - @ConditionalOnClass did not find required class 'com.couchbase.client.java.Cluster' (OnClassCondition)

   CouchbaseCacheConfiguration:
      Did not match:
         - @ConditionalOnClass did not find required classes 'com.couchbase.client.java.Bucket', 'com.couchbase.client.spring.cache.CouchbaseCacheManager' (OnClassCondition)

   CouchbaseDataAutoConfiguration:
      Did not match:
         - @ConditionalOnClass did not find required class 'com.couchbase.client.java.Bucket' (OnClassCondition)

   CouchbaseReactiveDataAutoConfiguration:
      Did not match:
         - @ConditionalOnClass did not find required class 'com.couchbase.client.java.Bucket' (OnClassCondition)

   CouchbaseReactiveRepositoriesAutoConfiguration:
      Did not match:
         - @ConditionalOnClass did not find required class 'com.couchbase.client.java.Bucket' (OnClassCondition)

   CouchbaseRepositoriesAutoConfiguration:
      Did not match:
         - @ConditionalOnClass did not find required class 'com.couchbase.client.java.Bucket' (OnClassCondition)

   DataSourceAutoConfiguration.EmbeddedDatabaseConfiguration:
      Did not match:
         - EmbeddedDataSource found supported pooled data source (DataSourceAutoConfiguration.EmbeddedDatabaseCondition)

   DataSourceConfiguration.Dbcp2:
      Did not match:
         - @ConditionalOnClass did not find required class 'org.apache.commons.dbcp2.BasicDataSource' (OnClassCondition)

   DataSourceConfiguration.Generic:
      Did not match:
         - @ConditionalOnProperty (spring.datasource.type) did not find property 'spring.datasource.type' (OnPropertyCondition)

   DataSourceConfiguration.Tomcat:
      Did not match:
         - @ConditionalOnClass did not find required class 'org.apache.tomcat.jdbc.pool.DataSource' (OnClassCondition)

   DataSourceJmxConfiguration:
      Did not match:
         - @ConditionalOnProperty (spring.jmx.enabled=true) found different value in property 'enabled' (OnPropertyCondition)

   DataSourcePoolMetadataProvidersConfiguration.CommonsDbcp2PoolDataSourceMetadataProviderConfiguration:
      Did not match:
         - @ConditionalOnClass did not find required class 'org.apache.commons.dbcp2.BasicDataSource' (OnClassCondition)

   DataSourcePoolMetadataProvidersConfiguration.TomcatDataSourcePoolMetadataProviderConfiguration:
      Did not match:
         - @ConditionalOnClass did not find required class 'org.apache.tomcat.jdbc.pool.DataSource' (OnClassCondition)

   DataSourceTransactionManagerAutoConfiguration.DataSourceTransactionManagerConfiguration#transactionManager:
      Did not match:
         - @ConditionalOnMissingBean (types: org.springframework.transaction.PlatformTransactionManager; SearchStrategy: all) found beans of type 'org.springframework.transaction.PlatformTransactionManager' transactionManager (OnBeanCondition)

   DispatcherServletAutoConfiguration.DispatcherServletConfiguration#multipartResolver:
      Did not match:
         - @ConditionalOnBean (types: org.springframework.web.multipart.MultipartResolver; SearchStrategy: all) did not find any beans of type org.springframework.web.multipart.MultipartResolver (OnBeanCondition)

   EhCacheCacheConfiguration:
      Did not match:
         - @ConditionalOnClass did not find required classes 'net.sf.ehcache.Cache', 'org.springframework.cache.ehcache.EhCacheCacheManager' (OnClassCondition)

   ElasticsearchAutoConfiguration:
      Did not match:
         - @ConditionalOnClass did not find required class 'org.elasticsearch.client.Client' (OnClassCondition)

   ElasticsearchDataAutoConfiguration:
      Did not match:
         - @ConditionalOnClass did not find required class 'org.elasticsearch.client.Client' (OnClassCondition)

   ElasticsearchRepositoriesAutoConfiguration:
      Did not match:
         - @ConditionalOnClass did not find required class 'org.elasticsearch.client.Client' (OnClassCondition)

   EmbeddedLdapAutoConfiguration:
      Did not match:
         - @ConditionalOnClass did not find required class 'com.unboundid.ldap.listener.InMemoryDirectoryServer' (OnClassCondition)

   EmbeddedMongoAutoConfiguration:
      Did not match:
         - @ConditionalOnClass did not find required class 'com.mongodb.MongoClient' (OnClassCondition)

   EmbeddedWebServerFactoryCustomizerAutoConfiguration.JettyWebServerFactoryCustomizerConfiguration:
      Did not match:
         - @ConditionalOnClass did not find required classes 'org.eclipse.jetty.server.Server', 'org.eclipse.jetty.util.Loader', 'org.eclipse.jetty.webapp.WebAppContext' (OnClassCondition)

   EmbeddedWebServerFactoryCustomizerAutoConfiguration.NettyWebServerFactoryCustomizerConfiguration:
      Did not match:
         - @ConditionalOnClass did not find required class 'reactor.netty.http.server.HttpServer' (OnClassCondition)

   EmbeddedWebServerFactoryCustomizerAutoConfiguration.UndertowWebServerFactoryCustomizerConfiguration:
      Did not match:
         - @ConditionalOnClass did not find required classes 'io.undertow.Undertow', 'org.xnio.SslClientAuthMode' (OnClassCondition)

   ErrorWebFluxAutoConfiguration:
      Did not match:
         - @ConditionalOnClass did not find required class 'org.springframework.web.reactive.config.WebFluxConfigurer' (OnClassCondition)

   FlywayAutoConfiguration:
      Did not match:
         - @ConditionalOnClass did not find required class 'org.flywaydb.core.Flyway' (OnClassCondition)

   FreeMarkerAutoConfiguration:
      Did not match:
         - @ConditionalOnClass did not find required class 'freemarker.template.Configuration' (OnClassCondition)

   GroovyTemplateAutoConfiguration:
      Did not match:
         - @ConditionalOnClass did not find required class 'groovy.text.markup.MarkupTemplateEngine' (OnClassCondition)

   GsonAutoConfiguration:
      Did not match:
         - @ConditionalOnClass did not find required class 'com.google.gson.Gson' (OnClassCondition)

   GsonHttpMessageConvertersConfiguration:
      Did not match:
         - @ConditionalOnClass did not find required class 'com.google.gson.Gson' (OnClassCondition)

   HazelcastAutoConfiguration:
      Did not match:
         - @ConditionalOnClass did not find required class 'com.hazelcast.core.HazelcastInstance' (OnClassCondition)

   HazelcastCacheConfiguration:
      Did not match:
         - @ConditionalOnClass did not find required classes 'com.hazelcast.core.HazelcastInstance', 'com.hazelcast.spring.cache.HazelcastCacheManager' (OnClassCondition)

   HazelcastJpaDependencyAutoConfiguration:
      Did not match:
         - @ConditionalOnClass did not find required class 'com.hazelcast.core.HazelcastInstance' (OnClassCondition)

   HttpHandlerAutoConfiguration:
      Did not match:
         - @ConditionalOnClass did not find required class 'org.springframework.web.reactive.DispatcherHandler' (OnClassCondition)

   HypermediaAutoConfiguration:
      Did not match:
         - @ConditionalOnClass did not find required class 'org.springframework.hateoas.Resource' (OnClassCondition)

   InfinispanCacheConfiguration:
      Did not match:
         - @ConditionalOnClass did not find required class 'org.infinispan.spring.provider.SpringEmbeddedCacheManager' (OnClassCondition)

   InfluxDbAutoConfiguration:
      Did not match:
         - @ConditionalOnClass did not find required class 'org.influxdb.InfluxDB' (OnClassCondition)

   IntegrationAutoConfiguration:
      Did not match:
         - @ConditionalOnClass did not find required class 'org.springframework.integration.config.EnableIntegration' (OnClassCondition)

   JCacheCacheConfiguration:
      Did not match:
         - @ConditionalOnClass did not find required classes 'javax.cache.Caching', 'org.springframework.cache.jcache.JCacheCacheManager' (OnClassCondition)

   JacksonAutoConfiguration.JodaDateTimeJacksonConfiguration:
      Did not match:
         - @ConditionalOnClass did not find required classes 'org.joda.time.DateTime', 'com.fasterxml.jackson.datatype.joda.ser.DateTimeSerializer', 'com.fasterxml.jackson.datatype.joda.cfg.JacksonJodaDateFormat' (OnClassCondition)

   JacksonHttpMessageConvertersConfiguration.MappingJackson2XmlHttpMessageConverterConfiguration:
      Did not match:
         - @ConditionalOnClass did not find required class 'com.fasterxml.jackson.dataformat.xml.XmlMapper' (OnClassCondition)

   JdbcRepositoriesAutoConfiguration:
      Did not match:
         - @ConditionalOnClass did not find required class 'org.springframework.data.jdbc.repository.config.JdbcConfiguration' (OnClassCondition)

   JerseyAutoConfiguration:
      Did not match:
         - @ConditionalOnClass did not find required class 'org.glassfish.jersey.server.spring.SpringComponentProvider' (OnClassCondition)

   JestAutoConfiguration:
      Did not match:
         - @ConditionalOnClass did not find required class 'io.searchbox.client.JestClient' (OnClassCondition)

   JmsAutoConfiguration:
      Did not match:
         - @ConditionalOnClass did not find required class 'javax.jms.Message' (OnClassCondition)

   JmxAutoConfiguration:
      Did not match:
         - @ConditionalOnProperty (spring.jmx.enabled=true) found different value in property 'enabled' (OnPropertyCondition)
      Matched:
         - @ConditionalOnClass found required class 'org.springframework.jmx.export.MBeanExporter' (OnClassCondition)

   JndiConnectionFactoryAutoConfiguration:
      Did not match:
         - @ConditionalOnClass did not find required class 'org.springframework.jms.core.JmsTemplate' (OnClassCondition)

   JndiDataSourceAutoConfiguration:
      Did not match:
         - @ConditionalOnProperty (spring.datasource.jndi-name) did not find property 'jndi-name' (OnPropertyCondition)
      Matched:
         - @ConditionalOnClass found required classes 'javax.sql.DataSource', 'org.springframework.jdbc.datasource.embedded.EmbeddedDatabaseType' (OnClassCondition)

   JndiJtaConfiguration:
      Did not match:
         - @ConditionalOnJndi JNDI environment is not available (OnJndiCondition)
      Matched:
         - @ConditionalOnClass found required class 'org.springframework.transaction.jta.JtaTransactionManager' (OnClassCondition)

   JooqAutoConfiguration:
      Did not match:
         - @ConditionalOnClass did not find required class 'org.jooq.DSLContext' (OnClassCondition)

   JpaRepositoriesAutoConfiguration:
      Did not match:
         - @ConditionalOnMissingBean (types: org.springframework.data.jpa.repository.support.JpaRepositoryFactoryBean,org.springframework.data.jpa.repository.config.JpaRepositoryConfigExtension; SearchStrategy: all) found beans of type 'org.springframework.data.jpa.repository.config.JpaRepositoryConfigExtension' org.springframework.data.jpa.repository.config.JpaRepositoryConfigExtension#0 (OnBeanCondition)
      Matched:
         - @ConditionalOnClass found required class 'org.springframework.data.jpa.repository.JpaRepository' (OnClassCondition)
         - @ConditionalOnProperty (spring.data.jpa.repositories.enabled=true) matched (OnPropertyCondition)

   JsonbAutoConfiguration:
      Did not match:
         - @ConditionalOnClass did not find required class 'javax.json.bind.Jsonb' (OnClassCondition)

   JsonbHttpMessageConvertersConfiguration:
      Did not match:
         - @ConditionalOnClass did not find required class 'javax.json.bind.Jsonb' (OnClassCondition)

   KafkaAutoConfiguration:
      Did not match:
         - @ConditionalOnClass did not find required class 'org.springframework.kafka.core.KafkaTemplate' (OnClassCondition)

   LdapAutoConfiguration:
      Did not match:
         - @ConditionalOnClass did not find required class 'org.springframework.ldap.core.ContextSource' (OnClassCondition)

   LdapRepositoriesAutoConfiguration:
      Did not match:
         - @ConditionalOnClass did not find required class 'org.springframework.data.ldap.repository.LdapRepository' (OnClassCondition)

   LiquibaseAutoConfiguration:
      Did not match:
         - @ConditionalOnClass did not find required class 'liquibase.change.DatabaseChange' (OnClassCondition)

   LocalDevToolsAutoConfiguration:
      Did not match:
         - Initialized Restarter Condition initialized without URLs (OnInitializedRestarterCondition)

   MailSenderAutoConfiguration:
      Did not match:
         - @ConditionalOnClass did not find required class 'javax.mail.internet.MimeMessage' (OnClassCondition)

   MailSenderValidatorAutoConfiguration:
      Did not match:
         - @ConditionalOnSingleCandidate did not find required type 'org.springframework.mail.javamail.JavaMailSenderImpl' (OnBeanCondition)

   MessageSourceAutoConfiguration:
      Did not match:
         - ResourceBundle did not find bundle with basename messages (MessageSourceAutoConfiguration.ResourceBundleCondition)

   MongoAutoConfiguration:
      Did not match:
         - @ConditionalOnClass did not find required class 'com.mongodb.MongoClient' (OnClassCondition)

   MongoDataAutoConfiguration:
      Did not match:
         - @ConditionalOnClass did not find required class 'com.mongodb.client.MongoClient' (OnClassCondition)

   MongoReactiveAutoConfiguration:
      Did not match:
         - @ConditionalOnClass did not find required class 'com.mongodb.reactivestreams.client.MongoClient' (OnClassCondition)

   MongoReactiveDataAutoConfiguration:
      Did not match:
         - @ConditionalOnClass did not find required class 'com.mongodb.reactivestreams.client.MongoClient' (OnClassCondition)

   MongoReactiveRepositoriesAutoConfiguration:
      Did not match:
         - @ConditionalOnClass did not find required class 'com.mongodb.reactivestreams.client.MongoClient' (OnClassCondition)

   MongoRepositoriesAutoConfiguration:
      Did not match:
         - @ConditionalOnClass did not find required class 'com.mongodb.MongoClient' (OnClassCondition)

   MustacheAutoConfiguration:
      Did not match:
         - @ConditionalOnClass did not find required class 'com.samskivert.mustache.Mustache' (OnClassCondition)

   Neo4jDataAutoConfiguration:
      Did not match:
         - @ConditionalOnClass did not find required class 'org.neo4j.ogm.session.SessionFactory' (OnClassCondition)

   Neo4jRepositoriesAutoConfiguration:
      Did not match:
         - @ConditionalOnClass did not find required class 'org.neo4j.ogm.session.Neo4jSession' (OnClassCondition)

   OAuth2ClientAutoConfiguration:
      Did not match:
         - @ConditionalOnClass did not find required class 'org.springframework.security.oauth2.client.registration.ClientRegistration' (OnClassCondition)

   OAuth2ResourceServerAutoConfiguration:
      Did not match:
         - @ConditionalOnClass did not find required class 'org.springframework.security.oauth2.jwt.JwtDecoder' (OnClassCondition)

   ProjectInfoAutoConfiguration#buildProperties:
      Did not match:
         - @ConditionalOnResource did not find resource '${spring.info.build.location:classpath:META-INF/build-info.properties}' (OnResourceCondition)

   ProjectInfoAutoConfiguration#gitProperties:
      Did not match:
         - GitResource did not find git info at classpath:git.properties (ProjectInfoAutoConfiguration.GitResourceAvailableCondition)

   QuartzAutoConfiguration:
      Did not match:
         - @ConditionalOnClass did not find required class 'org.quartz.Scheduler' (OnClassCondition)

   RabbitAutoConfiguration:
      Did not match:
         - @ConditionalOnClass did not find required class 'com.rabbitmq.client.Channel' (OnClassCondition)

   ReactiveOAuth2ClientAutoConfiguration:
      Did not match:
         - @ConditionalOnClass did not find required class 'reactor.core.publisher.Flux' (OnClassCondition)

   ReactiveOAuth2ResourceServerAutoConfiguration:
      Did not match:
         - @ConditionalOnClass did not find required class 'org.springframework.security.oauth2.jwt.ReactiveJwtDecoder' (OnClassCondition)

   ReactiveSecurityAutoConfiguration:
      Did not match:
         - @ConditionalOnClass did not find required class 'reactor.core.publisher.Flux' (OnClassCondition)

   ReactiveUserDetailsServiceAutoConfiguration:
      Did not match:
         - @ConditionalOnWebApplication did not find reactive web application classes (OnWebApplicationCondition)

   ReactiveWebServerFactoryAutoConfiguration:
      Did not match:
         - @ConditionalOnWebApplication did not find reactive web application classes (OnWebApplicationCondition)

   ReactorCoreAutoConfiguration:
      Did not match:
         - @ConditionalOnClass did not find required class 'reactor.core.publisher.Flux' (OnClassCondition)

   RedisAutoConfiguration:
      Did not match:
         - @ConditionalOnClass did not find required class 'org.springframework.data.redis.core.RedisOperations' (OnClassCondition)

   RedisCacheConfiguration:
      Did not match:
         - @ConditionalOnClass did not find required class 'org.springframework.data.redis.connection.RedisConnectionFactory' (OnClassCondition)

   RedisReactiveAutoConfiguration:
      Did not match:
         - @ConditionalOnClass did not find required class 'reactor.core.publisher.Flux' (OnClassCondition)

   RedisRepositoriesAutoConfiguration:
      Did not match:
         - @ConditionalOnClass did not find required class 'org.springframework.data.redis.repository.configuration.EnableRedisRepositories' (OnClassCondition)

   RemoteDevToolsAutoConfiguration:
      Did not match:
         - @ConditionalOnProperty (spring.devtools.remote.secret) did not find property 'secret' (OnPropertyCondition)
      Matched:
         - @ConditionalOnClass found required classes 'javax.servlet.Filter', 'org.springframework.http.server.ServerHttpRequest' (OnClassCondition)

   RepositoryRestMvcAutoConfiguration:
      Did not match:
         - @ConditionalOnClass did not find required class 'org.springframework.data.rest.webmvc.config.RepositoryRestMvcConfiguration' (OnClassCondition)

   RestClientAutoConfiguration:
      Did not match:
         - @ConditionalOnClass did not find required class 'org.elasticsearch.client.RestClient' (OnClassCondition)

   SecurityDataConfiguration:
      Did not match:
         - @ConditionalOnClass did not find required class 'org.springframework.security.data.repository.query.SecurityEvaluationContextExtension' (OnClassCondition)

   SecurityRequestMatcherProviderAutoConfiguration.JerseyRequestMatcherConfiguration:
      Did not match:
         - @ConditionalOnClass did not find required class 'org.glassfish.jersey.server.ResourceConfig' (OnClassCondition)

   SendGridAutoConfiguration:
      Did not match:
         - @ConditionalOnClass did not find required class 'com.sendgrid.SendGrid' (OnClassCondition)

   ServletWebServerFactoryConfiguration.EmbeddedJetty:
      Did not match:
         - @ConditionalOnClass did not find required classes 'org.eclipse.jetty.server.Server', 'org.eclipse.jetty.util.Loader', 'org.eclipse.jetty.webapp.WebAppContext' (OnClassCondition)

   ServletWebServerFactoryConfiguration.EmbeddedUndertow:
      Did not match:
         - @ConditionalOnClass did not find required classes 'io.undertow.Undertow', 'org.xnio.SslClientAuthMode' (OnClassCondition)

   SessionAutoConfiguration:
      Did not match:
         - @ConditionalOnClass did not find required class 'org.springframework.session.Session' (OnClassCondition)

   SolrAutoConfiguration:
      Did not match:
         - @ConditionalOnClass did not find required class 'org.apache.solr.client.solrj.impl.CloudSolrClient' (OnClassCondition)

   SolrRepositoriesAutoConfiguration:
      Did not match:
         - @ConditionalOnClass did not find required class 'org.apache.solr.client.solrj.SolrClient' (OnClassCondition)

   SpringApplicationAdminJmxAutoConfiguration:
      Did not match:
         - @ConditionalOnProperty (spring.application.admin.enabled=true) did not find property 'enabled' (OnPropertyCondition)

   SpringBootWebSecurityConfiguration:
      Did not match:
         - @ConditionalOnMissingBean (types: org.springframework.security.config.annotation.web.configuration.WebSecurityConfigurerAdapter; SearchStrategy: all) found beans of type 'org.springframework.security.config.annotation.web.configuration.WebSecurityConfigurerAdapter' securityConfiguration (OnBeanCondition)
      Matched:
         - @ConditionalOnClass found required class 'org.springframework.security.config.annotation.web.configuration.WebSecurityConfigurerAdapter' (OnClassCondition)
         - found 'session' scope (OnWebApplicationCondition)

   TaskSchedulingAutoConfiguration#taskScheduler:
      Did not match:
         - @ConditionalOnBean (names: org.springframework.context.annotation.internalScheduledAnnotationProcessor; SearchStrategy: all) did not find any beans named org.springframework.context.annotation.internalScheduledAnnotationProcessor (OnBeanCondition)

   ThymeleafAutoConfiguration:
      Did not match:
         - @ConditionalOnClass did not find required class 'org.thymeleaf.spring5.SpringTemplateEngine' (OnClassCondition)

   TransactionAutoConfiguration.EnableTransactionManagementConfiguration:
      Did not match:
         - @ConditionalOnMissingBean (types: org.springframework.transaction.annotation.AbstractTransactionManagementConfiguration; SearchStrategy: all) found beans of type 'org.springframework.transaction.annotation.AbstractTransactionManagementConfiguration' org.springframework.transaction.annotation.ProxyTransactionManagementConfiguration (OnBeanCondition)

   TransactionAutoConfiguration.EnableTransactionManagementConfiguration.CglibAutoProxyConfiguration:
      Did not match:
         - Ancestor org.springframework.boot.autoconfigure.transaction.TransactionAutoConfiguration$EnableTransactionManagementConfiguration did not match (ConditionEvaluationReport.AncestorsMatchedCondition)
      Matched:
         - @ConditionalOnProperty (spring.aop.proxy-target-class=true) matched (OnPropertyCondition)

   TransactionAutoConfiguration.EnableTransactionManagementConfiguration.JdkDynamicAutoProxyConfiguration:
      Did not match:
         - @ConditionalOnProperty (spring.aop.proxy-target-class=false) did not find property 'proxy-target-class' (OnPropertyCondition)
         - Ancestor org.springframework.boot.autoconfigure.transaction.TransactionAutoConfiguration$EnableTransactionManagementConfiguration did not match (ConditionEvaluationReport.AncestorsMatchedCondition)

   WebClientAutoConfiguration:
      Did not match:
         - @ConditionalOnClass did not find required class 'org.springframework.web.reactive.function.client.WebClient' (OnClassCondition)

   WebFluxAutoConfiguration:
      Did not match:
         - @ConditionalOnClass did not find required class 'org.springframework.web.reactive.config.WebFluxConfigurer' (OnClassCondition)

   WebMvcAutoConfiguration.ResourceChainCustomizerConfiguration:
      Did not match:
         - @ConditionalOnEnabledResourceChain did not find class org.webjars.WebJarAssetLocator (OnEnabledResourceChainCondition)

   WebMvcAutoConfiguration.WebMvcAutoConfigurationAdapter#beanNameViewResolver:
      Did not match:
         - @ConditionalOnMissingBean (types: org.springframework.web.servlet.view.BeanNameViewResolver; SearchStrategy: all) found beans of type 'org.springframework.web.servlet.view.BeanNameViewResolver' beanNameViewResolver (OnBeanCondition)

   WebMvcAutoConfiguration.WebMvcAutoConfigurationAdapter#localeResolver:
      Did not match:
         - @ConditionalOnProperty (spring.mvc.locale) did not find property 'locale' (OnPropertyCondition)

   WebSecurityEnablerConfiguration:
      Did not match:
         - @ConditionalOnMissingBean (names: springSecurityFilterChain; SearchStrategy: all) found beans named springSecurityFilterChain (OnBeanCondition)
      Matched:
         - found 'session' scope (OnWebApplicationCondition)

   WebServiceTemplateAutoConfiguration:
      Did not match:
         - @ConditionalOnClass did not find required class 'org.springframework.oxm.Marshaller' (OnClassCondition)

   WebServicesAutoConfiguration:
      Did not match:
         - @ConditionalOnClass did not find required class 'org.springframework.ws.transport.http.MessageDispatcherServlet' (OnClassCondition)

   WebSocketMessagingAutoConfiguration:
      Did not match:
         - @ConditionalOnClass did not find required class 'org.springframework.web.socket.config.annotation.WebSocketMessageBrokerConfigurer' (OnClassCondition)

   WebSocketReactiveAutoConfiguration:
      Did not match:
         - @ConditionalOnWebApplication did not find reactive web application classes (OnWebApplicationCondition)

   WebSocketServletAutoConfiguration.JettyWebSocketConfiguration:
      Did not match:
         - @ConditionalOnClass did not find required class 'org.eclipse.jetty.websocket.jsr356.server.deploy.WebSocketServerContainerInitializer' (OnClassCondition)

   WebSocketServletAutoConfiguration.UndertowWebSocketConfiguration:
      Did not match:
         - @ConditionalOnClass did not find required class 'io.undertow.websockets.jsr.Bootstrap' (OnClassCondition)

   XADataSourceAutoConfiguration:
      Did not match:
         - @ConditionalOnBean (types: org.springframework.boot.jdbc.XADataSourceWrapper; SearchStrategy: all) did not find any beans of type org.springframework.boot.jdbc.XADataSourceWrapper (OnBeanCondition)
      Matched:
         - @ConditionalOnClass found required classes 'javax.sql.DataSource', 'javax.transaction.TransactionManager', 'org.springframework.jdbc.datasource.embedded.EmbeddedDatabaseType' (OnClassCondition)


Exclusions:
-----------

    None


Unconditional classes:
----------------------

    org.springframework.boot.autoconfigure.context.ConfigurationPropertiesAutoConfiguration

    org.springframework.boot.autoconfigure.context.PropertyPlaceholderAutoConfiguration

    org.springframework.boot.autoconfigure.info.ProjectInfoAutoConfiguration



&amp#27;[30m2020-02-08 10:21:43,015&amp#27;[0;39m &amp#27;[39mDEBUG&amp#27;[0;39m [&amp#27;[34mmain&amp#27;[0;39m] &amp#27;[33morg.springframework.beans.factory.support.DefaultSingletonBeanRegistry&amp#27;[0;39m: Creating shared instance of singleton bean 'org.springframework.transaction.config.internalTransactionAdvisor'
&amp#27;[30m2020-02-08 10:21:43,015&amp#27;[0;39m &amp#27;[39mDEBUG&amp#27;[0;39m [&amp#27;[34mmain&amp#27;[0;39m] &amp#27;[33morg.springframework.beans.factory.support.DefaultSingletonBeanRegistry&amp#27;[0;39m: Creating shared instance of singleton bean 'org.springframework.transaction.annotation.ProxyTransactionManagementConfiguration'
&amp#27;[30m2020-02-08 10:21:43,016&amp#27;[0;39m &amp#27;[39mDEBUG&amp#27;[0;39m [&amp#27;[34mmain&amp#27;[0;39m] &amp#27;[33morg.springframework.beans.factory.support.AbstractAutowireCapableBeanFactory&amp#27;[0;39m: Bean creation exception on singleton FactoryBean type check: org.springframework.beans.factory.BeanCreationException: Error creating bean with name 'org.springframework.transaction.annotation.ProxyTransactionManagementConfiguration': Initialization of bean failed; nested exception is org.springframework.beans.factory.NoSuchBeanDefinitionException: No bean named 'org.springframework.context.annotation.ConfigurationClassPostProcessor.importRegistry' available
&amp#27;[30m2020-02-08 10:21:43,017&amp#27;[0;39m &amp#27;[39mDEBUG&amp#27;[0;39m [&amp#27;[34mmain&amp#27;[0;39m] &amp#27;[33morg.springframework.boot.diagnostics.LoggingFailureAnalysisReporter&amp#27;[0;39m: Application failed to start due to an exception
org.springframework.beans.factory.NoSuchBeanDefinitionException: No qualifying bean of type 'in.rgukt.r081247.universityapi.repository.DepartmentRepository' available: expected at least 1 bean which qualifies as autowire candidate. Dependency annotations: {@org.springframework.beans.factory.annotation.Autowired(required=true)}
	at org.springframework.beans.factory.support.DefaultListableBeanFactory.raiseNoMatchingBeanFound(DefaultListableBeanFactory.java:1655)
	at org.springframework.beans.factory.support.DefaultListableBeanFactory.doResolveDependency(DefaultListableBeanFactory.java:1214)
	at org.springframework.beans.factory.support.DefaultListableBeanFactory.resolveDependency(DefaultListableBeanFactory.java:1168)
	at org.springframework.beans.factory.annotation.AutowiredAnnotationBeanPostProcessor$AutowiredFieldElement.inject(AutowiredAnnotationBeanPostProcessor.java:593)
	at org.springframework.beans.factory.annotation.InjectionMetadata.inject(InjectionMetadata.java:90)
	at org.springframework.beans.factory.annotation.AutowiredAnnotationBeanPostProcessor.postProcessProperties(AutowiredAnnotationBeanPostProcessor.java:374)
	at org.springframework.beans.factory.support.AbstractAutowireCapableBeanFactory.populateBean(AbstractAutowireCapableBeanFactory.java:1411)
	at org.springframework.beans.factory.support.AbstractAutowireCapableBeanFactory.doCreateBean(AbstractAutowireCapableBeanFactory.java:592)
	at org.springframework.beans.factory.support.AbstractAutowireCapableBeanFactory.createBean(AbstractAutowireCapableBeanFactory.java:515)
	at org.springframework.beans.factory.support.AbstractBeanFactory.lambda$doGetBean$0(AbstractBeanFactory.java:320)
	at org.springframework.beans.factory.support.DefaultSingletonBeanRegistry.getSingleton(DefaultSingletonBeanRegistry.java:222)
	at org.springframework.beans.factory.support.AbstractBeanFactory.doGetBean(AbstractBeanFactory.java:318)
	at org.springframework.beans.factory.support.AbstractBeanFactory.getBean(AbstractBeanFactory.java:199)
	at org.springframework.beans.factory.config.DependencyDescriptor.resolveCandidate(DependencyDescriptor.java:277)
	at org.springframework.beans.factory.support.DefaultListableBeanFactory.doResolveDependency(DefaultListableBeanFactory.java:1248)
	at org.springframework.beans.factory.support.DefaultListableBeanFactory.resolveDependency(DefaultListableBeanFactory.java:1168)
	at org.springframework.beans.factory.annotation.AutowiredAnnotationBeanPostProcessor$AutowiredFieldElement.inject(AutowiredAnnotationBeanPostProcessor.java:593)
	at org.springframework.beans.factory.annotation.InjectionMetadata.inject(InjectionMetadata.java:90)
	at org.springframework.beans.factory.annotation.AutowiredAnnotationBeanPostProcessor.postProcessProperties(AutowiredAnnotationBeanPostProcessor.java:374)
	at org.springframework.beans.factory.support.AbstractAutowireCapableBeanFactory.populateBean(AbstractAutowireCapableBeanFactory.java:1411)
	at org.springframework.beans.factory.support.AbstractAutowireCapableBeanFactory.doCreateBean(AbstractAutowireCapableBeanFactory.java:592)
	at org.springframework.beans.factory.support.AbstractAutowireCapableBeanFactory.createBean(AbstractAutowireCapableBeanFactory.java:515)
	at org.springframework.beans.factory.support.AbstractBeanFactory.lambda$doGetBean$0(AbstractBeanFactory.java:320)
	at org.springframework.beans.factory.support.DefaultSingletonBeanRegistry.getSingleton(DefaultSingletonBeanRegistry.java:222)
	at org.springframework.beans.factory.support.AbstractBeanFactory.doGetBean(AbstractBeanFactory.java:318)
	at org.springframework.beans.factory.support.AbstractBeanFactory.getBean(AbstractBeanFactory.java:199)
	at org.springframework.beans.factory.support.DefaultListableBeanFactory.preInstantiateSingletons(DefaultListableBeanFactory.java:843)
	at org.springframework.context.support.AbstractApplicationContext.finishBeanFactoryInitialization(AbstractApplicationContext.java:877)
	at org.springframework.context.support.AbstractApplicationContext.refresh(AbstractApplicationContext.java:549)
	at org.springframework.boot.web.servlet.context.ServletWebServerApplicationContext.refresh(ServletWebServerApplicationContext.java:142)
	at org.springframework.boot.SpringApplication.refresh(SpringApplication.java:775)
	at org.springframework.boot.SpringApplication.refreshContext(SpringApplication.java:397)
	at org.springframework.boot.SpringApplication.run(SpringApplication.java:316)
	at org.springframework.boot.test.context.SpringBootContextLoader.loadContext(SpringBootContextLoader.java:127)
	at org.springframework.test.context.cache.DefaultCacheAwareContextLoaderDelegate.loadContextInternal(DefaultCacheAwareContextLoaderDelegate.java:99)
	at org.springframework.test.context.cache.DefaultCacheAwareContextLoaderDelegate.loadContext(DefaultCacheAwareContextLoaderDelegate.java:117)
	at org.springframework.test.context.support.DefaultTestContext.getApplicationContext(DefaultTestContext.java:108)
	at org.springframework.test.context.support.DependencyInjectionTestExecutionListener.injectDependencies(DependencyInjectionTestExecutionListener.java:118)
	at org.springframework.test.context.support.DependencyInjectionTestExecutionListener.prepareTestInstance(DependencyInjectionTestExecutionListener.java:83)
	at org.springframework.boot.test.autoconfigure.SpringBootDependencyInjectionTestExecutionListener.prepareTestInstance(SpringBootDependencyInjectionTestExecutionListener.java:44)
	at org.springframework.test.context.TestContextManager.prepareTestInstance(TestContextManager.java:246)
	at org.springframework.test.context.junit4.SpringJUnit4ClassRunner.createTest(SpringJUnit4ClassRunner.java:227)
	at org.springframework.test.context.junit4.SpringJUnit4ClassRunner$1.runReflectiveCall(SpringJUnit4ClassRunner.java:289)
	at org.junit.internal.runners.model.ReflectiveCallable.run(ReflectiveCallable.java:12)
	at org.springframework.test.context.junit4.SpringJUnit4ClassRunner.methodBlock(SpringJUnit4ClassRunner.java:291)
	at org.springframework.test.context.junit4.SpringJUnit4ClassRunner.runChild(SpringJUnit4ClassRunner.java:246)
	at org.springframework.test.context.junit4.SpringJUnit4ClassRunner.runChild(SpringJUnit4ClassRunner.java:97)
	at org.junit.runners.ParentRunner$3.run(ParentRunner.java:290)
	at org.junit.runners.ParentRunner$1.schedule(ParentRunner.java:71)
	at org.junit.runners.ParentRunner.runChildren(ParentRunner.java:288)
	at org.junit.runners.ParentRunner.access$000(ParentRunner.java:58)
	at org.junit.runners.ParentRunner$2.evaluate(ParentRunner.java:268)
	at org.springframework.test.context.junit4.statements.RunBeforeTestClassCallbacks.evaluate(RunBeforeTestClassCallbacks.java:61)
	at org.springframework.test.context.junit4.statements.RunAfterTestClassCallbacks.evaluate(RunAfterTestClassCallbacks.java:70)
	at org.junit.runners.ParentRunner.run(ParentRunner.java:363)
	at org.springframework.test.context.junit4.SpringJUnit4ClassRunner.run(SpringJUnit4ClassRunner.java:190)
	at org.apache.maven.surefire.junit4.JUnit4Provider.execute(JUnit4Provider.java:365)
	at org.apache.maven.surefire.junit4.JUnit4Provider.executeWithRerun(JUnit4Provider.java:273)
	at org.apache.maven.surefire.junit4.JUnit4Provider.executeTestSet(JUnit4Provider.java:238)
	at org.apache.maven.surefire.junit4.JUnit4Provider.invoke(JUnit4Provider.java:159)
	at org.apache.maven.surefire.booter.ForkedBooter.invokeProviderInSameClassLoader(ForkedBooter.java:384)
	at org.apache.maven.surefire.booter.ForkedBooter.runSuitesInProcess(ForkedBooter.java:345)
	at org.apache.maven.surefire.booter.ForkedBooter.execute(ForkedBooter.java:126)
	at org.apache.maven.surefire.booter.ForkedBooter.main(ForkedBooter.java:418)
&amp#27;[30m2020-02-08 10:21:43,018&amp#27;[0;39m &amp#27;[1;31mERROR&amp#27;[0;39m [&amp#27;[34mmain&amp#27;[0;39m] &amp#27;[33morg.springframework.boot.diagnostics.LoggingFailureAnalysisReporter&amp#27;[0;39m: 

***************************
APPLICATION FAILED TO START
***************************

Description:

Field departmentRepository in in.rgukt.r081247.universityapi.service.CourseService required a bean of type 'in.rgukt.r081247.universityapi.repository.DepartmentRepository' that could not be found.

The injection point has the following annotations:
	- @org.springframework.beans.factory.annotation.Autowired(required=true)


Action:

Consider defining a bean of type 'in.rgukt.r081247.universityapi.repository.DepartmentRepository' in your configuration.

&amp#27;[30m2020-02-08 10:21:43,020&amp#27;[0;39m &amp#27;[39mDEBUG&amp#27;[0;39m [&amp#27;[34mmain&amp#27;[0;39m] &amp#27;[33morg.springframework.test.context.support.TestPropertySourceUtils&amp#27;[0;39m: Adding inlined properties to environment: {spring.jmx.enabled=false, org.springframework.boot.test.context.SpringBootTestContextBootstrapper=true, server.port=0}
&amp#27;[30m2020-02-08 10:21:43,061&amp#27;[0;39m &amp#27;[39mDEBUG&amp#27;[0;39m [&amp#27;[34mmain&amp#27;[0;39m] &amp#27;[33morg.springframework.boot.context.logging.ClasspathLoggingApplicationListener&amp#27;[0;39m: Application started with classpath: unknown

  .   ____          _            __ _ _
 /\\ / ___'_ __ _ _(_)_ __  __ _ \ \ \ \
( ( )\___ | '_ | '_| | '_ \/ _` | \ \ \ \
 \\/  ___)| |_)| | | | | || (_| |  ) ) ) )
  '  |____| .__|_| |_|_| |_\__, | / / / /
 =========|_|==============|___/=/_/_/_/
 :: Spring Boot ::        (v2.1.5.RELEASE)

&amp#27;[30m2020-02-08 10:21:43,077&amp#27;[0;39m &amp#27;[34mINFO &amp#27;[0;39m [&amp#27;[34mmain&amp#27;[0;39m] &amp#27;[33morg.springframework.boot.StartupInfoLogger&amp#27;[0;39m: Starting DepartmentControllerIntegrationTest on vinod with PID 6772 (started by vinod in /home/vinod/Desktop/desk/projects/universityapi)
&amp#27;[30m2020-02-08 10:21:43,077&amp#27;[0;39m &amp#27;[39mDEBUG&amp#27;[0;39m [&amp#27;[34mmain&amp#27;[0;39m] &amp#27;[33morg.springframework.boot.StartupInfoLogger&amp#27;[0;39m: Running with Spring Boot v2.1.5.RELEASE, Spring v5.1.7.RELEASE
&amp#27;[30m2020-02-08 10:21:43,078&amp#27;[0;39m &amp#27;[34mINFO &amp#27;[0;39m [&amp#27;[34mmain&amp#27;[0;39m] &amp#27;[33morg.springframework.boot.SpringApplication&amp#27;[0;39m: No active profile set, falling back to default profiles: default
&amp#27;[30m2020-02-08 10:21:43,078&amp#27;[0;39m &amp#27;[39mDEBUG&amp#27;[0;39m [&amp#27;[34mmain&amp#27;[0;39m] &amp#27;[33morg.springframework.boot.SpringApplication&amp#27;[0;39m: Loading source class in.rgukt.r081247.universityapi.CrmApplication
&amp#27;[30m2020-02-08 10:21:43,080&amp#27;[0;39m &amp#27;[39mDEBUG&amp#27;[0;39m [&amp#27;[34mmain&amp#27;[0;39m] &amp#27;[33morg.springframework.boot.logging.DeferredLog&amp#27;[0;39m: Loaded config file 'file:/home/vinod/Desktop/desk/projects/universityapi/target/test-classes/application.properties' (classpath:/application.properties)
&amp#27;[30m2020-02-08 10:21:43,081&amp#27;[0;39m &amp#27;[39mDEBUG&amp#27;[0;39m [&amp#27;[34mmain&amp#27;[0;39m] &amp#27;[33morg.springframework.context.support.AbstractApplicationContext&amp#27;[0;39m: Refreshing org.springframework.boot.web.servlet.context.AnnotationConfigServletWebServerApplicationContext@2ca9e25a
&amp#27;[30m2020-02-08 10:21:43,089&amp#27;[0;39m &amp#27;[39mDEBUG&amp#27;[0;39m [&amp#27;[34mmain&amp#27;[0;39m] &amp#27;[33morg.springframework.beans.factory.support.DefaultSingletonBeanRegistry&amp#27;[0;39m: Creating shared instance of singleton bean 'org.springframework.context.annotation.internalConfigurationAnnotationProcessor'
&amp#27;[30m2020-02-08 10:21:43,089&amp#27;[0;39m &amp#27;[39mDEBUG&amp#27;[0;39m [&amp#27;[34mmain&amp#27;[0;39m] &amp#27;[33morg.springframework.beans.factory.support.DefaultSingletonBeanRegistry&amp#27;[0;39m: Creating shared instance of singleton bean 'org.springframework.boot.autoconfigure.internalCachingMetadataReaderFactory'
&amp#27;[30m2020-02-08 10:21:43,108&amp#27;[0;39m &amp#27;[39mDEBUG&amp#27;[0;39m [&amp#27;[34mmain&amp#27;[0;39m] &amp#27;[33morg.springframework.context.annotation.ClassPathScanningCandidateComponentProvider&amp#27;[0;39m: Identified candidate component class: file [/home/vinod/Desktop/desk/projects/universityapi/target/classes/in/rgukt/r081247/universityapi/config/CrmCofig.class]
&amp#27;[30m2020-02-08 10:21:43,109&amp#27;[0;39m &amp#27;[39mDEBUG&amp#27;[0;39m [&amp#27;[34mmain&amp#27;[0;39m] &amp#27;[33morg.springframework.context.annotation.ClassPathScanningCandidateComponentProvider&amp#27;[0;39m: Identified candidate component class: file [/home/vinod/Desktop/desk/projects/universityapi/target/classes/in/rgukt/r081247/universityapi/config/SecurityConfiguration.class]
&amp#27;[30m2020-02-08 10:21:43,111&amp#27;[0;39m &amp#27;[39mDEBUG&amp#27;[0;39m [&amp#27;[34mmain&amp#27;[0;39m] &amp#27;[33morg.springframework.context.annotation.ClassPathScanningCandidateComponentProvider&amp#27;[0;39m: Identified candidate component class: file [/home/vinod/Desktop/desk/projects/universityapi/target/classes/in/rgukt/r081247/universityapi/controller/CourseController.class]
&amp#27;[30m2020-02-08 10:21:43,112&amp#27;[0;39m &amp#27;[39mDEBUG&amp#27;[0;39m [&amp#27;[34mmain&amp#27;[0;39m] &amp#27;[33morg.springframework.context.annotation.ClassPathScanningCandidateComponentProvider&amp#27;[0;39m: Identified candidate component class: file [/home/vinod/Desktop/desk/projects/universityapi/target/classes/in/rgukt/r081247/universityapi/controller/DepartmentController.class]
&amp#27;[30m2020-02-08 10:21:43,113&amp#27;[0;39m &amp#27;[39mDEBUG&amp#27;[0;39m [&amp#27;[34mmain&amp#27;[0;39m] &amp#27;[33morg.springframework.context.annotation.ClassPathScanningCandidateComponentProvider&amp#27;[0;39m: Identified candidate component class: file [/home/vinod/Desktop/desk/projects/universityapi/target/classes/in/rgukt/r081247/universityapi/controller/StudentController.class]
&amp#27;[30m2020-02-08 10:21:43,114&amp#27;[0;39m &amp#27;[39mDEBUG&amp#27;[0;39m [&amp#27;[34mmain&amp#27;[0;39m] &amp#27;[33morg.springframework.context.annotation.ClassPathScanningCandidateComponentProvider&amp#27;[0;39m: Identified candidate component class: file [/home/vinod/Desktop/desk/projects/universityapi/target/classes/in/rgukt/r081247/universityapi/controller/TestController.class]
&amp#27;[30m2020-02-08 10:21:43,116&amp#27;[0;39m &amp#27;[39mDEBUG&amp#27;[0;39m [&amp#27;[34mmain&amp#27;[0;39m] &amp#27;[33morg.springframework.context.annotation.ClassPathScanningCandidateComponentProvider&amp#27;[0;39m: Identified candidate component class: file [/home/vinod/Desktop/desk/projects/universityapi/target/classes/in/rgukt/r081247/universityapi/exception/CustomExceptionHandler.class]
&amp#27;[30m2020-02-08 10:21:43,117&amp#27;[0;39m &amp#27;[39mDEBUG&amp#27;[0;39m [&amp#27;[34mmain&amp#27;[0;39m] &amp#27;[33morg.springframework.context.annotation.ClassPathScanningCandidateComponentProvider&amp#27;[0;39m: Ignored because not a concrete top-level class: file [/home/vinod/Desktop/desk/projects/universityapi/target/classes/in/rgukt/r081247/universityapi/repository/CourseRepository.class]
&amp#27;[30m2020-02-08 10:21:43,118&amp#27;[0;39m &amp#27;[39mDEBUG&amp#27;[0;39m [&amp#27;[34mmain&amp#27;[0;39m] &amp#27;[33morg.springframework.context.annotation.ClassPathScanningCandidateComponentProvider&amp#27;[0;39m: Ignored because not a concrete top-level class: file [/home/vinod/Desktop/desk/projects/universityapi/target/classes/in/rgukt/r081247/universityapi/repository/DepartmentRepository.class]
&amp#27;[30m2020-02-08 10:21:43,118&amp#27;[0;39m &amp#27;[39mDEBUG&amp#27;[0;39m [&amp#27;[34mmain&amp#27;[0;39m] &amp#27;[33morg.springframework.context.annotation.ClassPathScanningCandidateComponentProvider&amp#27;[0;39m: Ignored because not a concrete top-level class: file [/home/vinod/Desktop/desk/projects/universityapi/target/classes/in/rgukt/r081247/universityapi/repository/StudentRepository.class]
&amp#27;[30m2020-02-08 10:21:43,119&amp#27;[0;39m &amp#27;[39mDEBUG&amp#27;[0;39m [&amp#27;[34mmain&amp#27;[0;39m] &amp#27;[33morg.springframework.context.annotation.ClassPathScanningCandidateComponentProvider&amp#27;[0;39m: Identified candidate component class: file [/home/vinod/Desktop/desk/projects/universityapi/target/classes/in/rgukt/r081247/universityapi/service/CourseService.class]
&amp#27;[30m2020-02-08 10:21:43,119&amp#27;[0;39m &amp#27;[39mDEBUG&amp#27;[0;39m [&amp#27;[34mmain&amp#27;[0;39m] &amp#27;[33morg.springframework.context.annotation.ClassPathScanningCandidateComponentProvider&amp#27;[0;39m: Identified candidate component class: file [/home/vinod/Desktop/desk/projects/universityapi/target/classes/in/rgukt/r081247/universityapi/service/DepartmentService.class]
&amp#27;[30m2020-02-08 10:21:43,120&amp#27;[0;39m &amp#27;[39mDEBUG&amp#27;[0;39m [&amp#27;[34mmain&amp#27;[0;39m] &amp#27;[33morg.springframework.context.annotation.ClassPathScanningCandidateComponentProvider&amp#27;[0;39m: Identified candidate component class: file [/home/vinod/Desktop/desk/projects/universityapi/target/classes/in/rgukt/r081247/universityapi/service/StudentService.class]
&amp#27;[30m2020-02-08 10:21:43,186&amp#27;[0;39m &amp#27;[39mDEBUG&amp#27;[0;39m [&amp#27;[34mmain&amp#27;[0;39m] &amp#27;[33morg.springframework.core.env.PropertySourcesPropertyResolver&amp#27;[0;39m: Found key 'spring.jmx.enabled' in PropertySource 'configurationProperties' with value of type String
&amp#27;[30m2020-02-08 10:21:43,206&amp#27;[0;39m &amp#27;[39mDEBUG&amp#27;[0;39m [&amp#27;[34mmain&amp#27;[0;39m] &amp#27;[33morg.springframework.core.env.PropertySourcesPropertyResolver&amp#27;[0;39m: Found key 'spring.jmx.enabled' in PropertySource 'configurationProperties' with value of type String
&amp#27;[30m2020-02-08 10:21:43,261&amp#27;[0;39m &amp#27;[39mDEBUG&amp#27;[0;39m [&amp#27;[34mmain&amp#27;[0;39m] &amp#27;[33morg.springframework.core.env.PropertySourcesPropertyResolver&amp#27;[0;39m: Found key 'spring.h2.console.enabled' in PropertySource 'configurationProperties' with value of type String
&amp#27;[30m2020-02-08 10:21:43,302&amp#27;[0;39m &amp#27;[34mINFO &amp#27;[0;39m [&amp#27;[34mmain&amp#27;[0;39m] &amp#27;[33morg.springframework.data.repository.config.RepositoryConfigurationDelegate&amp#27;[0;39m: Bootstrapping Spring Data repositories in DEFAULT mode.
&amp#27;[30m2020-02-08 10:21:43,303&amp#27;[0;39m &amp#27;[39mDEBUG&amp#27;[0;39m [&amp#27;[34mmain&amp#27;[0;39m] &amp#27;[33morg.springframework.data.repository.config.RepositoryConfigurationDelegate&amp#27;[0;39m: Scanning for repositories in packages org.nrp.crm.repository.
&amp#27;[30m2020-02-08 10:21:43,305&amp#27;[0;39m &amp#27;[34mINFO &amp#27;[0;39m [&amp#27;[34mmain&amp#27;[0;39m] &amp#27;[33morg.springframework.data.repository.config.RepositoryConfigurationDelegate&amp#27;[0;39m: Finished Spring Data repository scanning in 1ms. Found 0 repository interfaces.
&amp#27;[30m2020-02-08 10:21:43,306&amp#27;[0;39m &amp#27;[39mDEBUG&amp#27;[0;39m [&amp#27;[34mmain&amp#27;[0;39m] &amp#27;[33morg.springframework.beans.factory.support.DefaultSingletonBeanRegistry&amp#27;[0;39m: Creating shared instance of singleton bean 'org.springframework.boot.autoconfigure.condition.BeanTypeRegistry'
&amp#27;[30m2020-02-08 10:21:43,347&amp#27;[0;39m &amp#27;[39mDEBUG&amp#27;[0;39m [&amp#27;[34mmain&amp#27;[0;39m] &amp#27;[33morg.springframework.core.env.PropertySourcesPropertyResolver&amp#27;[0;39m: Found key 'spring.h2.console.enabled' in PropertySource 'configurationProperties' with value of type String
&amp#27;[30m2020-02-08 10:21:43,367&amp#27;[0;39m &amp#27;[39mDEBUG&amp#27;[0;39m [&amp#27;[34mmain&amp#27;[0;39m] &amp#27;[33morg.springframework.beans.factory.support.DefaultSingletonBeanRegistry&amp#27;[0;39m: Creating shared instance of singleton bean 'org.springframework.boot.test.web.client.TestRestTemplateContextCustomizer$TestRestTemplateRegistrar'
&amp#27;[30m2020-02-08 10:21:43,373&amp#27;[0;39m &amp#27;[39mDEBUG&amp#27;[0;39m [&amp#27;[34mmain&amp#27;[0;39m] &amp#27;[33morg.springframework.beans.factory.support.DefaultSingletonBeanRegistry&amp#27;[0;39m: Creating shared instance of singleton bean 'propertySourcesPlaceholderConfigurer'
&amp#27;[30m2020-02-08 10:21:43,375&amp#27;[0;39m &amp#27;[39mDEBUG&amp#27;[0;39m [&amp#27;[34mmain&amp#27;[0;39m] &amp#27;[33morg.springframework.beans.factory.support.DefaultSingletonBeanRegistry&amp#27;[0;39m: Creating shared instance of singleton bean 'org.springframework.boot.test.mock.mockito.MockitoPostProcessor'
&amp#27;[30m2020-02-08 10:21:43,375&amp#27;[0;39m &amp#27;[39mDEBUG&amp#27;[0;39m [&amp#27;[34mmain&amp#27;[0;39m] &amp#27;[33morg.springframework.beans.factory.support.DefaultSingletonBeanRegistry&amp#27;[0;39m: Creating shared instance of singleton bean 'emBeanDefinitionRegistrarPostProcessor'
&amp#27;[30m2020-02-08 10:21:43,385&amp#27;[0;39m &amp#27;[39mDEBUG&amp#27;[0;39m [&amp#27;[34mmain&amp#27;[0;39m] &amp#27;[33morg.springframework.beans.factory.support.DefaultSingletonBeanRegistry&amp#27;[0;39m: Creating shared instance of singleton bean 'org.springframework.context.event.internalEventListenerProcessor'
&amp#27;[30m2020-02-08 10:21:43,385&amp#27;[0;39m &amp#27;[39mDEBUG&amp#27;[0;39m [&amp#27;[34mmain&amp#27;[0;39m] &amp#27;[33morg.springframework.beans.factory.support.DefaultSingletonBeanRegistry&amp#27;[0;39m: Creating shared instance of singleton bean 'org.springframework.boot.context.properties.ConfigurationBeanFactoryMetadata'
&amp#27;[30m2020-02-08 10:21:43,385&amp#27;[0;39m &amp#27;[39mDEBUG&amp#27;[0;39m [&amp#27;[34mmain&amp#27;[0;39m] &amp#27;[33morg.springframework.beans.factory.support.DefaultSingletonBeanRegistry&amp#27;[0;39m: Creating shared instance of singleton bean 'preserveErrorControllerTargetClassPostProcessor'
&amp#27;[30m2020-02-08 10:21:43,386&amp#27;[0;39m &amp#27;[39mDEBUG&amp#27;[0;39m [&amp#27;[34mmain&amp#27;[0;39m] &amp#27;[33morg.springframework.beans.factory.support.DefaultSingletonBeanRegistry&amp#27;[0;39m: Creating shared instance of singleton bean 'org.springframework.boot.devtools.autoconfigure.DevToolsDataSourceAutoConfiguration$DatabaseShutdownExecutorJpaDependencyConfiguration'
&amp#27;[30m2020-02-08 10:21:43,387&amp#27;[0;39m &amp#27;[39mDEBUG&amp#27;[0;39m [&amp#27;[34mmain&amp#27;[0;39m] &amp#27;[33morg.springframework.beans.factory.support.DefaultSingletonBeanRegistry&amp#27;[0;39m: Creating shared instance of singleton bean 'org.springframework.context.event.internalEventListenerFactory'
&amp#27;[30m2020-02-08 10:21:43,387&amp#27;[0;39m &amp#27;[39mDEBUG&amp#27;[0;39m [&amp#27;[34mmain&amp#27;[0;39m] &amp#27;[33morg.springframework.beans.factory.support.DefaultSingletonBeanRegistry&amp#27;[0;39m: Creating shared instance of singleton bean 'org.springframework.transaction.config.internalTransactionalEventListenerFactory'
&amp#27;[30m2020-02-08 10:21:43,391&amp#27;[0;39m &amp#27;[39mDEBUG&amp#27;[0;39m [&amp#27;[34mmain&amp#27;[0;39m] &amp#27;[33morg.springframework.beans.factory.support.DefaultSingletonBeanRegistry&amp#27;[0;39m: Creating shared instance of singleton bean 'org.springframework.context.annotation.internalAutowiredAnnotationProcessor'
&amp#27;[30m2020-02-08 10:21:43,391&amp#27;[0;39m &amp#27;[39mDEBUG&amp#27;[0;39m [&amp#27;[34mmain&amp#27;[0;39m] &amp#27;[33morg.springframework.beans.factory.support.DefaultSingletonBeanRegistry&amp#27;[0;39m: Creating shared instance of singleton bean 'org.springframework.context.annotation.internalCommonAnnotationProcessor'
&amp#27;[30m2020-02-08 10:21:43,392&amp#27;[0;39m &amp#27;[39mDEBUG&amp#27;[0;39m [&amp#27;[34mmain&amp#27;[0;39m] &amp#27;[33morg.springframework.beans.factory.support.DefaultSingletonBeanRegistry&amp#27;[0;39m: Creating shared instance of singleton bean 'org.springframework.context.annotation.internalPersistenceAnnotationProcessor'
&amp#27;[30m2020-02-08 10:21:43,392&amp#27;[0;39m &amp#27;[39mDEBUG&amp#27;[0;39m [&amp#27;[34mmain&amp#27;[0;39m] &amp#27;[33morg.springframework.beans.factory.support.DefaultSingletonBeanRegistry&amp#27;[0;39m: Creating shared instance of singleton bean 'org.springframework.boot.test.mock.mockito.MockitoPostProcessor$SpyPostProcessor'
&amp#27;[30m2020-02-08 10:21:43,392&amp#27;[0;39m &amp#27;[39mDEBUG&amp#27;[0;39m [&amp#27;[34mmain&amp#27;[0;39m] &amp#27;[33morg.springframework.beans.factory.support.DefaultSingletonBeanRegistry&amp#27;[0;39m: Creating shared instance of singleton bean 'org.springframework.boot.context.properties.ConfigurationPropertiesBindingPostProcessor'
&amp#27;[30m2020-02-08 10:21:43,393&amp#27;[0;39m &amp#27;[39mDEBUG&amp#27;[0;39m [&amp#27;[34mmain&amp#27;[0;39m] &amp#27;[33morg.springframework.beans.factory.support.DefaultSingletonBeanRegistry&amp#27;[0;39m: Creating shared instance of singleton bean 'org.springframework.aop.config.internalAutoProxyCreator'
&amp#27;[30m2020-02-08 10:21:43,402&amp#27;[0;39m &amp#27;[39mDEBUG&amp#27;[0;39m [&amp#27;[34mmain&amp#27;[0;39m] &amp#27;[33morg.springframework.beans.factory.support.DefaultSingletonBeanRegistry&amp#27;[0;39m: Creating shared instance of singleton bean 'methodValidationPostProcessor'
&amp#27;[30m2020-02-08 10:21:43,403&amp#27;[0;39m &amp#27;[39mDEBUG&amp#27;[0;39m [&amp#27;[34mmain&amp#27;[0;39m] &amp#27;[33morg.springframework.beans.factory.support.ConstructorResolver&amp#27;[0;39m: Autowiring by type from bean name 'methodValidationPostProcessor' via factory method to bean named 'environment'
&amp#27;[30m2020-02-08 10:21:43,410&amp#27;[0;39m &amp#27;[39mDEBUG&amp#27;[0;39m [&amp#27;[34mmain&amp#27;[0;39m] &amp#27;[33morg.springframework.beans.factory.support.DefaultSingletonBeanRegistry&amp#27;[0;39m: Creating shared instance of singleton bean 'dataSourceInitializerPostProcessor'
&amp#27;[30m2020-02-08 10:21:43,413&amp#27;[0;39m &amp#27;[39mDEBUG&amp#27;[0;39m [&amp#27;[34mmain&amp#27;[0;39m] &amp#27;[33morg.springframework.beans.factory.support.DefaultSingletonBeanRegistry&amp#27;[0;39m: Creating shared instance of singleton bean 'persistenceExceptionTranslationPostProcessor'
&amp#27;[30m2020-02-08 10:21:43,414&amp#27;[0;39m &amp#27;[39mDEBUG&amp#27;[0;39m [&amp#27;[34mmain&amp#27;[0;39m] &amp#27;[33morg.springframework.beans.factory.support.ConstructorResolver&amp#27;[0;39m: Autowiring by type from bean name 'persistenceExceptionTranslationPostProcessor' via factory method to bean named 'environment'
&amp#27;[30m2020-02-08 10:21:43,419&amp#27;[0;39m &amp#27;[39mDEBUG&amp#27;[0;39m [&amp#27;[34mmain&amp#27;[0;39m] &amp#27;[33morg.springframework.beans.factory.support.DefaultSingletonBeanRegistry&amp#27;[0;39m: Creating shared instance of singleton bean 'webServerFactoryCustomizerBeanPostProcessor'
&amp#27;[30m2020-02-08 10:21:43,421&amp#27;[0;39m &amp#27;[39mDEBUG&amp#27;[0;39m [&amp#27;[34mmain&amp#27;[0;39m] &amp#27;[33morg.springframework.beans.factory.support.DefaultSingletonBeanRegistry&amp#27;[0;39m: Creating shared instance of singleton bean 'errorPageRegistrarBeanPostProcessor'
&amp#27;[30m2020-02-08 10:21:43,423&amp#27;[0;39m &amp#27;[39mDEBUG&amp#27;[0;39m [&amp#27;[34mmain&amp#27;[0;39m] &amp#27;[33morg.springframework.beans.factory.support.DefaultSingletonBeanRegistry&amp#27;[0;39m: Creating shared instance of singleton bean 'dataSourceInitializedPublisher'
&amp#27;[30m2020-02-08 10:21:43,425&amp#27;[0;39m &amp#27;[39mDEBUG&amp#27;[0;39m [&amp#27;[34mmain&amp#27;[0;39m] &amp#27;[33morg.springframework.beans.factory.support.DefaultSingletonBeanRegistry&amp#27;[0;39m: Creating shared instance of singleton bean 'projectingArgumentResolverBeanPostProcessor'
&amp#27;[30m2020-02-08 10:21:43,426&amp#27;[0;39m &amp#27;[39mDEBUG&amp#27;[0;39m [&amp#27;[34mmain&amp#27;[0;39m] &amp#27;[33morg.springframework.beans.factory.support.DefaultSingletonBeanRegistry&amp#27;[0;39m: Creating shared instance of singleton bean 'org.springframework.transaction.config.internalTransactionAdvisor'
&amp#27;[30m2020-02-08 10:21:43,427&amp#27;[0;39m &amp#27;[39mDEBUG&amp#27;[0;39m [&amp#27;[34mmain&amp#27;[0;39m] &amp#27;[33morg.springframework.beans.factory.support.DefaultSingletonBeanRegistry&amp#27;[0;39m: Creating shared instance of singleton bean 'org.springframework.transaction.annotation.ProxyTransactionManagementConfiguration'
&amp#27;[30m2020-02-08 10:21:43,427&amp#27;[0;39m &amp#27;[39mDEBUG&amp#27;[0;39m [&amp#27;[34mmain&amp#27;[0;39m] &amp#27;[33morg.springframework.beans.factory.support.DefaultSingletonBeanRegistry&amp#27;[0;39m: Creating shared instance of singleton bean 'metaDataSourceAdvisor'
&amp#27;[30m2020-02-08 10:21:43,427&amp#27;[0;39m &amp#27;[39mDEBUG&amp#27;[0;39m [&amp#27;[34mmain&amp#27;[0;39m] &amp#27;[33morg.springframework.beans.factory.support.DefaultSingletonBeanRegistry&amp#27;[0;39m: Creating shared instance of singleton bean 'methodSecurityMetadataSource'
&amp#27;[30m2020-02-08 10:21:43,427&amp#27;[0;39m &amp#27;[39mDEBUG&amp#27;[0;39m [&amp#27;[34mmain&amp#27;[0;39m] &amp#27;[33morg.springframework.beans.factory.support.DefaultSingletonBeanRegistry&amp#27;[0;39m: Creating shared instance of singleton bean 'org.springframework.security.config.annotation.method.configuration.GlobalMethodSecurityConfiguration'
&amp#27;[30m2020-02-08 10:21:43,435&amp#27;[0;39m &amp#27;[39mDEBUG&amp#27;[0;39m [&amp#27;[34mmain&amp#27;[0;39m] &amp#27;[33morg.springframework.beans.factory.support.DefaultSingletonBeanRegistry&amp#27;[0;39m: Creating shared instance of singleton bean 'objectPostProcessor'
&amp#27;[30m2020-02-08 10:21:43,436&amp#27;[0;39m &amp#27;[39mDEBUG&amp#27;[0;39m [&amp#27;[34mmain&amp#27;[0;39m] &amp#27;[33morg.springframework.beans.factory.support.DefaultSingletonBeanRegistry&amp#27;[0;39m: Creating shared instance of singleton bean 'org.springframework.security.config.annotation.configuration.ObjectPostProcessorConfiguration'
&amp#27;[30m2020-02-08 10:21:43,438&amp#27;[0;39m &amp#27;[34mINFO &amp#27;[0;39m [&amp#27;[34mmain&amp#27;[0;39m] &amp#27;[33morg.springframework.context.support.PostProcessorRegistrationDelegate$BeanPostProcessorChecker&amp#27;[0;39m: Bean 'org.springframework.security.config.annotation.configuration.ObjectPostProcessorConfiguration' of type [org.springframework.security.config.annotation.configuration.ObjectPostProcessorConfiguration$$EnhancerBySpringCGLIB$$6f1ba0a5] is not eligible for getting processed by all BeanPostProcessors (for example: not eligible for auto-proxying)
&amp#27;[30m2020-02-08 10:21:43,440&amp#27;[0;39m &amp#27;[39mDEBUG&amp#27;[0;39m [&amp#27;[34mmain&amp#27;[0;39m] &amp#27;[33morg.springframework.beans.factory.support.ConstructorResolver&amp#27;[0;39m: Autowiring by type from bean name 'objectPostProcessor' via factory method to bean named 'org.springframework.beans.factory.support.DefaultListableBeanFactory@eaa901a'
&amp#27;[30m2020-02-08 10:21:43,442&amp#27;[0;39m &amp#27;[34mINFO &amp#27;[0;39m [&amp#27;[34mmain&amp#27;[0;39m] &amp#27;[33morg.springframework.context.support.PostProcessorRegistrationDelegate$BeanPostProcessorChecker&amp#27;[0;39m: Bean 'objectPostProcessor' of type [org.springframework.security.config.annotation.configuration.AutowireBeanFactoryObjectPostProcessor] is not eligible for getting processed by all BeanPostProcessors (for example: not eligible for auto-proxying)
&amp#27;[30m2020-02-08 10:21:43,443&amp#27;[0;39m &amp#27;[34mINFO &amp#27;[0;39m [&amp#27;[34mmain&amp#27;[0;39m] &amp#27;[33morg.springframework.context.support.PostProcessorRegistrationDelegate$BeanPostProcessorChecker&amp#27;[0;39m: Bean 'org.springframework.security.access.expression.method.DefaultMethodSecurityExpressionHandler@33f5d807' of type [org.springframework.security.access.expression.method.DefaultMethodSecurityExpressionHandler] is not eligible for getting processed by all BeanPostProcessors (for example: not eligible for auto-proxying)
&amp#27;[30m2020-02-08 10:21:43,449&amp#27;[0;39m &amp#27;[34mINFO &amp#27;[0;39m [&amp#27;[34mmain&amp#27;[0;39m] &amp#27;[33morg.springframework.context.support.PostProcessorRegistrationDelegate$BeanPostProcessorChecker&amp#27;[0;39m: Bean 'org.springframework.security.config.annotation.method.configuration.GlobalMethodSecurityConfiguration' of type [org.springframework.security.config.annotation.method.configuration.GlobalMethodSecurityConfiguration$$EnhancerBySpringCGLIB$$93f04357] is not eligible for getting processed by all BeanPostProcessors (for example: not eligible for auto-proxying)
&amp#27;[30m2020-02-08 10:21:43,452&amp#27;[0;39m &amp#27;[34mINFO &amp#27;[0;39m [&amp#27;[34mmain&amp#27;[0;39m] &amp#27;[33morg.springframework.context.support.PostProcessorRegistrationDelegate$BeanPostProcessorChecker&amp#27;[0;39m: Bean 'methodSecurityMetadataSource' of type [org.springframework.security.access.method.DelegatingMethodSecurityMetadataSource] is not eligible for getting processed by all BeanPostProcessors (for example: not eligible for auto-proxying)
&amp#27;[30m2020-02-08 10:21:43,462&amp#27;[0;39m &amp#27;[34mINFO &amp#27;[0;39m [&amp#27;[34mmain&amp#27;[0;39m] &amp#27;[33morg.springframework.context.support.PostProcessorRegistrationDelegate$BeanPostProcessorChecker&amp#27;[0;39m: Bean 'org.springframework.transaction.annotation.ProxyTransactionManagementConfiguration' of type [org.springframework.transaction.annotation.ProxyTransactionManagementConfiguration$$EnhancerBySpringCGLIB$$d66dd86b] is not eligible for getting processed by all BeanPostProcessors (for example: not eligible for auto-proxying)
&amp#27;[30m2020-02-08 10:21:43,463&amp#27;[0;39m &amp#27;[39mDEBUG&amp#27;[0;39m [&amp#27;[34mmain&amp#27;[0;39m] &amp#27;[33morg.springframework.beans.factory.support.DefaultSingletonBeanRegistry&amp#27;[0;39m: Creating shared instance of singleton bean 'transactionAttributeSource'
&amp#27;[30m2020-02-08 10:21:43,466&amp#27;[0;39m &amp#27;[39mDEBUG&amp#27;[0;39m [&amp#27;[34mmain&amp#27;[0;39m] &amp#27;[33morg.springframework.beans.factory.support.DefaultSingletonBeanRegistry&amp#27;[0;39m: Creating shared instance of singleton bean 'transactionInterceptor'
&amp#27;[30m2020-02-08 10:21:43,477&amp#27;[0;39m &amp#27;[39mDEBUG&amp#27;[0;39m [&amp#27;[34mmain&amp#27;[0;39m] &amp#27;[33morg.springframework.ui.context.support.UiApplicationContextUtils&amp#27;[0;39m: Unable to locate ThemeSource with name 'themeSource': using default [org.springframework.ui.context.support.ResourceBundleThemeSource@7bdbf06f]
&amp#27;[30m2020-02-08 10:21:43,478&amp#27;[0;39m &amp#27;[39mDEBUG&amp#27;[0;39m [&amp#27;[34mmain&amp#27;[0;39m] &amp#27;[33morg.springframework.beans.factory.support.DefaultSingletonBeanRegistry&amp#27;[0;39m: Creating shared instance of singleton bean 'tomcatServletWebServerFactory'
&amp#27;[30m2020-02-08 10:21:43,478&amp#27;[0;39m &amp#27;[39mDEBUG&amp#27;[0;39m [&amp#27;[34mmain&amp#27;[0;39m] &amp#27;[33morg.springframework.beans.factory.support.DefaultSingletonBeanRegistry&amp#27;[0;39m: Creating shared instance of singleton bean 'org.springframework.boot.autoconfigure.web.servlet.ServletWebServerFactoryConfiguration$EmbeddedTomcat'
&amp#27;[30m2020-02-08 10:21:43,496&amp#27;[0;39m &amp#27;[39mDEBUG&amp#27;[0;39m [&amp#27;[34mmain&amp#27;[0;39m] &amp#27;[33morg.springframework.beans.factory.support.DefaultSingletonBeanRegistry&amp#27;[0;39m: Creating shared instance of singleton bean 'websocketServletWebServerCustomizer'
&amp#27;[30m2020-02-08 10:21:43,496&amp#27;[0;39m &amp#27;[39mDEBUG&amp#27;[0;39m [&amp#27;[34mmain&amp#27;[0;39m] &amp#27;[33morg.springframework.beans.factory.support.DefaultSingletonBeanRegistry&amp#27;[0;39m: Creating shared instance of singleton bean 'org.springframework.boot.autoconfigure.websocket.servlet.WebSocketServletAutoConfiguration$TomcatWebSocketConfiguration'
&amp#27;[30m2020-02-08 10:21:43,502&amp#27;[0;39m &amp#27;[39mDEBUG&amp#27;[0;39m [&amp#27;[34mmain&amp#27;[0;39m] &amp#27;[33morg.springframework.beans.factory.support.DefaultSingletonBeanRegistry&amp#27;[0;39m: Creating shared instance of singleton bean 'servletWebServerFactoryCustomizer'
&amp#27;[30m2020-02-08 10:21:43,503&amp#27;[0;39m &amp#27;[39mDEBUG&amp#27;[0;39m [&amp#27;[34mmain&amp#27;[0;39m] &amp#27;[33morg.springframework.beans.factory.support.DefaultSingletonBeanRegistry&amp#27;[0;39m: Creating shared instance of singleton bean 'org.springframework.boot.autoconfigure.web.servlet.ServletWebServerFactoryAutoConfiguration'
&amp#27;[30m2020-02-08 10:21:43,508&amp#27;[0;39m &amp#27;[39mDEBUG&amp#27;[0;39m [&amp#27;[34mmain&amp#27;[0;39m] &amp#27;[33morg.springframework.beans.factory.support.DefaultSingletonBeanRegistry&amp#27;[0;39m: Creating shared instance of singleton bean 'server-org.springframework.boot.autoconfigure.web.ServerProperties'
&amp#27;[30m2020-02-08 10:21:43,518&amp#27;[0;39m &amp#27;[39mDEBUG&amp#27;[0;39m [&amp#27;[34mmain&amp#27;[0;39m] &amp#27;[33morg.springframework.beans.factory.support.ConstructorResolver&amp#27;[0;39m: Autowiring by type from bean name 'servletWebServerFactoryCustomizer' via factory method to bean named 'server-org.springframework.boot.autoconfigure.web.ServerProperties'
&amp#27;[30m2020-02-08 10:21:43,521&amp#27;[0;39m &amp#27;[39mDEBUG&amp#27;[0;39m [&amp#27;[34mmain&amp#27;[0;39m] &amp#27;[33morg.springframework.beans.factory.support.DefaultSingletonBeanRegistry&amp#27;[0;39m: Creating shared instance of singleton bean 'tomcatServletWebServerFactoryCustomizer'
&amp#27;[30m2020-02-08 10:21:43,523&amp#27;[0;39m &amp#27;[39mDEBUG&amp#27;[0;39m [&amp#27;[34mmain&amp#27;[0;39m] &amp#27;[33morg.springframework.beans.factory.support.ConstructorResolver&amp#27;[0;39m: Autowiring by type from bean name 'tomcatServletWebServerFactoryCustomizer' via factory method to bean named 'server-org.springframework.boot.autoconfigure.web.ServerProperties'
&amp#27;[30m2020-02-08 10:21:43,526&amp#27;[0;39m &amp#27;[39mDEBUG&amp#27;[0;39m [&amp#27;[34mmain&amp#27;[0;39m] &amp#27;[33morg.springframework.beans.factory.support.DefaultSingletonBeanRegistry&amp#27;[0;39m: Creating shared instance of singleton bean 'tomcatWebServerFactoryCustomizer'
&amp#27;[30m2020-02-08 10:21:43,527&amp#27;[0;39m &amp#27;[39mDEBUG&amp#27;[0;39m [&amp#27;[34mmain&amp#27;[0;39m] &amp#27;[33morg.springframework.beans.factory.support.DefaultSingletonBeanRegistry&amp#27;[0;39m: Creating shared instance of singleton bean 'org.springframework.boot.autoconfigure.web.embedded.EmbeddedWebServerFactoryCustomizerAutoConfiguration$TomcatWebServerFactoryCustomizerConfiguration'
&amp#27;[30m2020-02-08 10:21:43,533&amp#27;[0;39m &amp#27;[39mDEBUG&amp#27;[0;39m [&amp#27;[34mmain&amp#27;[0;39m] &amp#27;[33morg.springframework.beans.factory.support.ConstructorResolver&amp#27;[0;39m: Autowiring by type from bean name 'tomcatWebServerFactoryCustomizer' via factory method to bean named 'environment'
&amp#27;[30m2020-02-08 10:21:43,534&amp#27;[0;39m &amp#27;[39mDEBUG&amp#27;[0;39m [&amp#27;[34mmain&amp#27;[0;39m] &amp#27;[33morg.springframework.beans.factory.support.ConstructorResolver&amp#27;[0;39m: Autowiring by type from bean name 'tomcatWebServerFactoryCustomizer' via factory method to bean named 'server-org.springframework.boot.autoconfigure.web.ServerProperties'
&amp#27;[30m2020-02-08 10:21:43,538&amp#27;[0;39m &amp#27;[39mDEBUG&amp#27;[0;39m [&amp#27;[34mmain&amp#27;[0;39m] &amp#27;[33morg.springframework.beans.factory.support.DefaultSingletonBeanRegistry&amp#27;[0;39m: Creating shared instance of singleton bean 'localeCharsetMappingsCustomizer'
&amp#27;[30m2020-02-08 10:21:43,538&amp#27;[0;39m &amp#27;[39mDEBUG&amp#27;[0;39m [&amp#27;[34mmain&amp#27;[0;39m] &amp#27;[33morg.springframework.beans.factory.support.DefaultSingletonBeanRegistry&amp#27;[0;39m: Creating shared instance of singleton bean 'org.springframework.boot.autoconfigure.web.servlet.HttpEncodingAutoConfiguration'
&amp#27;[30m2020-02-08 10:21:43,539&amp#27;[0;39m &amp#27;[39mDEBUG&amp#27;[0;39m [&amp#27;[34mmain&amp#27;[0;39m] &amp#27;[33morg.springframework.core.LocalVariableTableParameterNameDiscoverer&amp#27;[0;39m: Cannot find '.class' file for class [class org.springframework.boot.autoconfigure.web.servlet.HttpEncodingAutoConfiguration$$EnhancerBySpringCGLIB$$a9c28f0d] - unable to determine constructor/method parameter names
&amp#27;[30m2020-02-08 10:21:43,540&amp#27;[0;39m &amp#27;[39mDEBUG&amp#27;[0;39m [&amp#27;[34mmain&amp#27;[0;39m] &amp#27;[33morg.springframework.beans.factory.support.DefaultSingletonBeanRegistry&amp#27;[0;39m: Creating shared instance of singleton bean 'spring.http-org.springframework.boot.autoconfigure.http.HttpProperties'
&amp#27;[30m2020-02-08 10:21:43,544&amp#27;[0;39m &amp#27;[39mDEBUG&amp#27;[0;39m [&amp#27;[34mmain&amp#27;[0;39m] &amp#27;[33morg.springframework.beans.factory.support.ConstructorResolver&amp#27;[0;39m: Autowiring by type from bean name 'org.springframework.boot.autoconfigure.web.servlet.HttpEncodingAutoConfiguration' via constructor to bean named 'spring.http-org.springframework.boot.autoconfigure.http.HttpProperties'
&amp#27;[30m2020-02-08 10:21:43,554&amp#27;[0;39m &amp#27;[39mDEBUG&amp#27;[0;39m [&amp#27;[34mmain&amp#27;[0;39m] &amp#27;[33morg.springframework.beans.factory.support.DefaultSingletonBeanRegistry&amp#27;[0;39m: Creating shared instance of singleton bean 'errorPageCustomizer'
&amp#27;[30m2020-02-08 10:21:43,554&amp#27;[0;39m &amp#27;[39mDEBUG&amp#27;[0;39m [&amp#27;[34mmain&amp#27;[0;39m] &amp#27;[33morg.springframework.beans.factory.support.DefaultSingletonBeanRegistry&amp#27;[0;39m: Creating shared instance of singleton bean 'org.springframework.boot.autoconfigure.web.servlet.error.ErrorMvcAutoConfiguration'
&amp#27;[30m2020-02-08 10:21:43,555&amp#27;[0;39m &amp#27;[39mDEBUG&amp#27;[0;39m [&amp#27;[34mmain&amp#27;[0;39m] &amp#27;[33morg.springframework.core.LocalVariableTableParameterNameDiscoverer&amp#27;[0;39m: Cannot find '.class' file for class [class org.springframework.boot.autoconfigure.web.servlet.error.ErrorMvcAutoConfiguration$$EnhancerBySpringCGLIB$$219ddf0] - unable to determine constructor/method parameter names
&amp#27;[30m2020-02-08 10:21:43,558&amp#27;[0;39m &amp#27;[39mDEBUG&amp#27;[0;39m [&amp#27;[34mmain&amp#27;[0;39m] &amp#27;[33morg.springframework.beans.factory.support.DefaultSingletonBeanRegistry&amp#27;[0;39m: Creating shared instance of singleton bean 'dispatcherServletRegistration'
&amp#27;[30m2020-02-08 10:21:43,558&amp#27;[0;39m &amp#27;[39mDEBUG&amp#27;[0;39m [&amp#27;[34mmain&amp#27;[0;39m] &amp#27;[33morg.springframework.beans.factory.support.DefaultSingletonBeanRegistry&amp#27;[0;39m: Creating shared instance of singleton bean 'org.springframework.boot.autoconfigure.web.servlet.DispatcherServletAutoConfiguration$DispatcherServletRegistrationConfiguration'
&amp#27;[30m2020-02-08 10:21:43,559&amp#27;[0;39m &amp#27;[39mDEBUG&amp#27;[0;39m [&amp#27;[34mmain&amp#27;[0;39m] &amp#27;[33morg.springframework.core.LocalVariableTableParameterNameDiscoverer&amp#27;[0;39m: Cannot find '.class' file for class [class org.springframework.boot.autoconfigure.web.servlet.DispatcherServletAutoConfiguration$DispatcherServletRegistrationConfiguration$$EnhancerBySpringCGLIB$$8874fcdb] - unable to determine constructor/method parameter names
&amp#27;[30m2020-02-08 10:21:43,561&amp#27;[0;39m &amp#27;[39mDEBUG&amp#27;[0;39m [&amp#27;[34mmain&amp#27;[0;39m] &amp#27;[33morg.springframework.beans.factory.support.DefaultSingletonBeanRegistry&amp#27;[0;39m: Creating shared instance of singleton bean 'spring.mvc-org.springframework.boot.autoconfigure.web.servlet.WebMvcProperties'
&amp#27;[30m2020-02-08 10:21:43,565&amp#27;[0;39m &amp#27;[39mDEBUG&amp#27;[0;39m [&amp#27;[34mmain&amp#27;[0;39m] &amp#27;[33morg.springframework.beans.factory.support.ConstructorResolver&amp#27;[0;39m: Autowiring by type from bean name 'org.springframework.boot.autoconfigure.web.servlet.DispatcherServletAutoConfiguration$DispatcherServletRegistrationConfiguration' via constructor to bean named 'spring.mvc-org.springframework.boot.autoconfigure.web.servlet.WebMvcProperties'
&amp#27;[30m2020-02-08 10:21:43,567&amp#27;[0;39m &amp#27;[39mDEBUG&amp#27;[0;39m [&amp#27;[34mmain&amp#27;[0;39m] &amp#27;[33morg.springframework.beans.factory.support.DefaultSingletonBeanRegistry&amp#27;[0;39m: Creating shared instance of singleton bean 'multipartConfigElement'
&amp#27;[30m2020-02-08 10:21:43,568&amp#27;[0;39m &amp#27;[39mDEBUG&amp#27;[0;39m [&amp#27;[34mmain&amp#27;[0;39m] &amp#27;[33morg.springframework.beans.factory.support.DefaultSingletonBeanRegistry&amp#27;[0;39m: Creating shared instance of singleton bean 'org.springframework.boot.autoconfigure.web.servlet.MultipartAutoConfiguration'
&amp#27;[30m2020-02-08 10:21:43,568&amp#27;[0;39m &amp#27;[39mDEBUG&amp#27;[0;39m [&amp#27;[34mmain&amp#27;[0;39m] &amp#27;[33morg.springframework.core.LocalVariableTableParameterNameDiscoverer&amp#27;[0;39m: Cannot find '.class' file for class [class org.springframework.boot.autoconfigure.web.servlet.MultipartAutoConfiguration$$EnhancerBySpringCGLIB$$18b3171a] - unable to determine constructor/method parameter names
&amp#27;[30m2020-02-08 10:21:43,570&amp#27;[0;39m &amp#27;[39mDEBUG&amp#27;[0;39m [&amp#27;[34mmain&amp#27;[0;39m] &amp#27;[33morg.springframework.beans.factory.support.DefaultSingletonBeanRegistry&amp#27;[0;39m: Creating shared instance of singleton bean 'spring.servlet.multipart-org.springframework.boot.autoconfigure.web.servlet.MultipartProperties'
&amp#27;[30m2020-02-08 10:21:43,574&amp#27;[0;39m &amp#27;[39mDEBUG&amp#27;[0;39m [&amp#27;[34mmain&amp#27;[0;39m] &amp#27;[33morg.springframework.beans.factory.support.ConstructorResolver&amp#27;[0;39m: Autowiring by type from bean name 'org.springframework.boot.autoconfigure.web.servlet.MultipartAutoConfiguration' via constructor to bean named 'spring.servlet.multipart-org.springframework.boot.autoconfigure.web.servlet.MultipartProperties'
&amp#27;[30m2020-02-08 10:21:43,585&amp#27;[0;39m &amp#27;[39mDEBUG&amp#27;[0;39m [&amp#27;[34mmain&amp#27;[0;39m] &amp#27;[33morg.springframework.beans.factory.support.DefaultSingletonBeanRegistry&amp#27;[0;39m: Creating shared instance of singleton bean 'dispatcherServlet'
&amp#27;[30m2020-02-08 10:21:43,586&amp#27;[0;39m &amp#27;[39mDEBUG&amp#27;[0;39m [&amp#27;[34mmain&amp#27;[0;39m] &amp#27;[33morg.springframework.beans.factory.support.DefaultSingletonBeanRegistry&amp#27;[0;39m: Creating shared instance of singleton bean 'org.springframework.boot.autoconfigure.web.servlet.DispatcherServletAutoConfiguration$DispatcherServletConfiguration'
&amp#27;[30m2020-02-08 10:21:43,586&amp#27;[0;39m &amp#27;[39mDEBUG&amp#27;[0;39m [&amp#27;[34mmain&amp#27;[0;39m] &amp#27;[33morg.springframework.core.LocalVariableTableParameterNameDiscoverer&amp#27;[0;39m: Cannot find '.class' file for class [class org.springframework.boot.autoconfigure.web.servlet.DispatcherServletAutoConfiguration$DispatcherServletConfiguration$$EnhancerBySpringCGLIB$$266d6834] - unable to determine constructor/method parameter names
&amp#27;[30m2020-02-08 10:21:43,589&amp#27;[0;39m &amp#27;[39mDEBUG&amp#27;[0;39m [&amp#27;[34mmain&amp#27;[0;39m] &amp#27;[33morg.springframework.beans.factory.support.ConstructorResolver&amp#27;[0;39m: Autowiring by type from bean name 'org.springframework.boot.autoconfigure.web.servlet.DispatcherServletAutoConfiguration$DispatcherServletConfiguration' via constructor to bean named 'spring.http-org.springframework.boot.autoconfigure.http.HttpProperties'
&amp#27;[30m2020-02-08 10:21:43,589&amp#27;[0;39m &amp#27;[39mDEBUG&amp#27;[0;39m [&amp#27;[34mmain&amp#27;[0;39m] &amp#27;[33morg.springframework.beans.factory.support.ConstructorResolver&amp#27;[0;39m: Autowiring by type from bean name 'org.springframework.boot.autoconfigure.web.servlet.DispatcherServletAutoConfiguration$DispatcherServletConfiguration' via constructor to bean named 'spring.mvc-org.springframework.boot.autoconfigure.web.servlet.WebMvcProperties'
&amp#27;[30m2020-02-08 10:21:43,609&amp#27;[0;39m &amp#27;[39mDEBUG&amp#27;[0;39m [&amp#27;[34mmain&amp#27;[0;39m] &amp#27;[33morg.springframework.beans.factory.support.ConstructorResolver&amp#27;[0;39m: Autowiring by type from bean name 'dispatcherServletRegistration' via factory method to bean named 'dispatcherServlet'
&amp#27;[30m2020-02-08 10:21:43,617&amp#27;[0;39m &amp#27;[39mDEBUG&amp#27;[0;39m [&amp#27;[34mmain&amp#27;[0;39m] &amp#27;[33morg.springframework.beans.factory.support.ConstructorResolver&amp#27;[0;39m: Autowiring by type from bean name 'org.springframework.boot.autoconfigure.web.servlet.error.ErrorMvcAutoConfiguration' via constructor to bean named 'server-org.springframework.boot.autoconfigure.web.ServerProperties'
&amp#27;[30m2020-02-08 10:21:43,617&amp#27;[0;39m &amp#27;[39mDEBUG&amp#27;[0;39m [&amp#27;[34mmain&amp#27;[0;39m] &amp#27;[33morg.springframework.beans.factory.support.ConstructorResolver&amp#27;[0;39m: Autowiring by type from bean name 'org.springframework.boot.autoconfigure.web.servlet.error.ErrorMvcAutoConfiguration' via constructor to bean named 'dispatcherServletRegistration'
&amp#27;[30m2020-02-08 10:21:43,618&amp#27;[0;39m &amp#27;[39mDEBUG&amp#27;[0;39m [&amp#27;[34mmain&amp#27;[0;39m] &amp#27;[33morg.springframework.beans.factory.support.DefaultSingletonBeanRegistry&amp#27;[0;39m: Creating shared instance of singleton bean 'conventionErrorViewResolver'
&amp#27;[30m2020-02-08 10:21:43,618&amp#27;[0;39m &amp#27;[39mDEBUG&amp#27;[0;39m [&amp#27;[34mmain&amp#27;[0;39m] &amp#27;[33morg.springframework.beans.factory.support.DefaultSingletonBeanRegistry&amp#27;[0;39m: Creating shared instance of singleton bean 'org.springframework.boot.autoconfigure.web.servlet.error.ErrorMvcAutoConfiguration$DefaultErrorViewResolverConfiguration'
&amp#27;[30m2020-02-08 10:21:43,619&amp#27;[0;39m &amp#27;[39mDEBUG&amp#27;[0;39m [&amp#27;[34mmain&amp#27;[0;39m] &amp#27;[33morg.springframework.core.LocalVariableTableParameterNameDiscoverer&amp#27;[0;39m: Cannot find '.class' file for class [class org.springframework.boot.autoconfigure.web.servlet.error.ErrorMvcAutoConfiguration$DefaultErrorViewResolverConfiguration$$EnhancerBySpringCGLIB$$16aeb290] - unable to determine constructor/method parameter names
&amp#27;[30m2020-02-08 10:21:43,621&amp#27;[0;39m &amp#27;[39mDEBUG&amp#27;[0;39m [&amp#27;[34mmain&amp#27;[0;39m] &amp#27;[33morg.springframework.beans.factory.support.DefaultSingletonBeanRegistry&amp#27;[0;39m: Creating shared instance of singleton bean 'spring.resources-org.springframework.boot.autoconfigure.web.ResourceProperties'
&amp#27;[30m2020-02-08 10:21:43,625&amp#27;[0;39m &amp#27;[39mDEBUG&amp#27;[0;39m [&amp#27;[34mmain&amp#27;[0;39m] &amp#27;[33morg.springframework.beans.factory.support.ConstructorResolver&amp#27;[0;39m: Autowiring by type from bean name 'org.springframework.boot.autoconfigure.web.servlet.error.ErrorMvcAutoConfiguration$DefaultErrorViewResolverConfiguration' via constructor to bean named 'org.springframework.boot.web.servlet.context.AnnotationConfigServletWebServerApplicationContext@2ca9e25a'
&amp#27;[30m2020-02-08 10:21:43,625&amp#27;[0;39m &amp#27;[39mDEBUG&amp#27;[0;39m [&amp#27;[34mmain&amp#27;[0;39m] &amp#27;[33morg.springframework.beans.factory.support.ConstructorResolver&amp#27;[0;39m: Autowiring by type from bean name 'org.springframework.boot.autoconfigure.web.servlet.error.ErrorMvcAutoConfiguration$DefaultErrorViewResolverConfiguration' via constructor to bean named 'spring.resources-org.springframework.boot.autoconfigure.web.ResourceProperties'
&amp#27;[30m2020-02-08 10:21:43,642&amp#27;[0;39m &amp#27;[39mDEBUG&amp#27;[0;39m [&amp#27;[34mmain&amp#27;[0;39m] &amp#27;[33morg.springframework.boot.web.servlet.server.DocumentRoot&amp#27;[0;39m: Code archive: /home/vinod/.m2/repository/org/springframework/boot/spring-boot/2.1.5.RELEASE/spring-boot-2.1.5.RELEASE.jar
&amp#27;[30m2020-02-08 10:21:43,642&amp#27;[0;39m &amp#27;[39mDEBUG&amp#27;[0;39m [&amp#27;[34mmain&amp#27;[0;39m] &amp#27;[33morg.springframework.boot.web.servlet.server.DocumentRoot&amp#27;[0;39m: Code archive: /home/vinod/.m2/repository/org/springframework/boot/spring-boot/2.1.5.RELEASE/spring-boot-2.1.5.RELEASE.jar
&amp#27;[30m2020-02-08 10:21:43,642&amp#27;[0;39m &amp#27;[39mDEBUG&amp#27;[0;39m [&amp#27;[34mmain&amp#27;[0;39m] &amp#27;[33morg.springframework.boot.web.servlet.server.DocumentRoot&amp#27;[0;39m: None of the document roots [src/main/webapp, public, static] point to a directory and will be ignored.
&amp#27;[30m2020-02-08 10:21:43,644&amp#27;[0;39m &amp#27;[34mINFO &amp#27;[0;39m [&amp#27;[34mmain&amp#27;[0;39m] &amp#27;[33morg.springframework.boot.web.embedded.tomcat.TomcatWebServer&amp#27;[0;39m: Tomcat initialized with port(s): 0 (http)
&amp#27;[30m2020-02-08 10:21:43,645&amp#27;[0;39m &amp#27;[34mINFO &amp#27;[0;39m [&amp#27;[34mmain&amp#27;[0;39m] &amp#27;[33morg.apache.juli.logging.DirectJDKLog&amp#27;[0;39m: Initializing ProtocolHandler ["http-nio-auto-4"]
&amp#27;[30m2020-02-08 10:21:43,646&amp#27;[0;39m &amp#27;[34mINFO &amp#27;[0;39m [&amp#27;[34mmain&amp#27;[0;39m] &amp#27;[33morg.apache.juli.logging.DirectJDKLog&amp#27;[0;39m: Starting service [Tomcat]
&amp#27;[30m2020-02-08 10:21:43,646&amp#27;[0;39m &amp#27;[34mINFO &amp#27;[0;39m [&amp#27;[34mmain&amp#27;[0;39m] &amp#27;[33morg.apache.juli.logging.DirectJDKLog&amp#27;[0;39m: Starting Servlet engine: [Apache Tomcat/9.0.19]
&amp#27;[30m2020-02-08 10:21:43,663&amp#27;[0;39m &amp#27;[34mINFO &amp#27;[0;39m [&amp#27;[34mmain&amp#27;[0;39m] &amp#27;[33morg.apache.juli.logging.DirectJDKLog&amp#27;[0;39m: Initializing Spring embedded WebApplicationContext
&amp#27;[30m2020-02-08 10:21:43,663&amp#27;[0;39m &amp#27;[39mDEBUG&amp#27;[0;39m [&amp#27;[34mmain&amp#27;[0;39m] &amp#27;[33morg.springframework.boot.web.servlet.context.ServletWebServerApplicationContext&amp#27;[0;39m: Published root WebApplicationContext as ServletContext attribute with name [org.springframework.web.context.WebApplicationContext.ROOT]
&amp#27;[30m2020-02-08 10:21:43,663&amp#27;[0;39m &amp#27;[34mINFO &amp#27;[0;39m [&amp#27;[34mmain&amp#27;[0;39m] &amp#27;[33morg.springframework.boot.web.servlet.context.ServletWebServerApplicationContext&amp#27;[0;39m: Root WebApplicationContext: initialization completed in 582 ms
&amp#27;[30m2020-02-08 10:21:43,665&amp#27;[0;39m &amp#27;[39mDEBUG&amp#27;[0;39m [&amp#27;[34mmain&amp#27;[0;39m] &amp#27;[33morg.springframework.beans.factory.support.DefaultSingletonBeanRegistry&amp#27;[0;39m: Creating shared instance of singleton bean 'h2Console'
&amp#27;[30m2020-02-08 10:21:43,665&amp#27;[0;39m &amp#27;[39mDEBUG&amp#27;[0;39m [&amp#27;[34mmain&amp#27;[0;39m] &amp#27;[33morg.springframework.beans.factory.support.DefaultSingletonBeanRegistry&amp#27;[0;39m: Creating shared instance of singleton bean 'org.springframework.boot.autoconfigure.h2.H2ConsoleAutoConfiguration'
&amp#27;[30m2020-02-08 10:21:43,665&amp#27;[0;39m &amp#27;[39mDEBUG&amp#27;[0;39m [&amp#27;[34mmain&amp#27;[0;39m] &amp#27;[33morg.springframework.core.LocalVariableTableParameterNameDiscoverer&amp#27;[0;39m: Cannot find '.class' file for class [class org.springframework.boot.autoconfigure.h2.H2ConsoleAutoConfiguration$$EnhancerBySpringCGLIB$$a6065ea2] - unable to determine constructor/method parameter names
&amp#27;[30m2020-02-08 10:21:43,666&amp#27;[0;39m &amp#27;[39mDEBUG&amp#27;[0;39m [&amp#27;[34mmain&amp#27;[0;39m] &amp#27;[33morg.springframework.beans.factory.support.DefaultSingletonBeanRegistry&amp#27;[0;39m: Creating shared instance of singleton bean 'spring.h2.console-org.springframework.boot.autoconfigure.h2.H2ConsoleProperties'
&amp#27;[30m2020-02-08 10:21:43,671&amp#27;[0;39m &amp#27;[39mDEBUG&amp#27;[0;39m [&amp#27;[34mmain&amp#27;[0;39m] &amp#27;[33morg.springframework.beans.factory.support.ConstructorResolver&amp#27;[0;39m: Autowiring by type from bean name 'org.springframework.boot.autoconfigure.h2.H2ConsoleAutoConfiguration' via constructor to bean named 'spring.h2.console-org.springframework.boot.autoconfigure.h2.H2ConsoleProperties'
&amp#27;[30m2020-02-08 10:21:43,684&amp#27;[0;39m &amp#27;[39mDEBUG&amp#27;[0;39m [&amp#27;[34mmain&amp#27;[0;39m] &amp#27;[33morg.springframework.beans.factory.support.DefaultSingletonBeanRegistry&amp#27;[0;39m: Creating shared instance of singleton bean 'securityFilterChainRegistration'
&amp#27;[30m2020-02-08 10:21:43,685&amp#27;[0;39m &amp#27;[39mDEBUG&amp#27;[0;39m [&amp#27;[34mmain&amp#27;[0;39m] &amp#27;[33morg.springframework.beans.factory.support.DefaultSingletonBeanRegistry&amp#27;[0;39m: Creating shared instance of singleton bean 'org.springframework.boot.autoconfigure.security.servlet.SecurityFilterAutoConfiguration'
&amp#27;[30m2020-02-08 10:21:43,692&amp#27;[0;39m &amp#27;[39mDEBUG&amp#27;[0;39m [&amp#27;[34mmain&amp#27;[0;39m] &amp#27;[33morg.springframework.beans.factory.support.DefaultSingletonBeanRegistry&amp#27;[0;39m: Creating shared instance of singleton bean 'spring.security-org.springframework.boot.autoconfigure.security.SecurityProperties'
&amp#27;[30m2020-02-08 10:21:43,697&amp#27;[0;39m &amp#27;[39mDEBUG&amp#27;[0;39m [&amp#27;[34mmain&amp#27;[0;39m] &amp#27;[33morg.springframework.beans.factory.support.ConstructorResolver&amp#27;[0;39m: Autowiring by type from bean name 'securityFilterChainRegistration' via factory method to bean named 'spring.security-org.springframework.boot.autoconfigure.security.SecurityProperties'
&amp#27;[30m2020-02-08 10:21:43,713&amp#27;[0;39m &amp#27;[39mDEBUG&amp#27;[0;39m [&amp#27;[34mmain&amp#27;[0;39m] &amp#27;[33morg.springframework.beans.factory.support.DefaultSingletonBeanRegistry&amp#27;[0;39m: Creating shared instance of singleton bean 'requestContextFilter'
&amp#27;[30m2020-02-08 10:21:43,727&amp#27;[0;39m &amp#27;[39mDEBUG&amp#27;[0;39m [&amp#27;[34mmain&amp#27;[0;39m] &amp#27;[33morg.springframework.beans.factory.support.DefaultSingletonBeanRegistry&amp#27;[0;39m: Creating shared instance of singleton bean 'hiddenHttpMethodFilter'
&amp#27;[30m2020-02-08 10:21:43,727&amp#27;[0;39m &amp#27;[39mDEBUG&amp#27;[0;39m [&amp#27;[34mmain&amp#27;[0;39m] &amp#27;[33morg.springframework.beans.factory.support.DefaultSingletonBeanRegistry&amp#27;[0;39m: Creating shared instance of singleton bean 'org.springframework.boot.autoconfigure.web.servlet.WebMvcAutoConfiguration'
&amp#27;[30m2020-02-08 10:21:43,747&amp#27;[0;39m &amp#27;[39mDEBUG&amp#27;[0;39m [&amp#27;[34mmain&amp#27;[0;39m] &amp#27;[33morg.springframework.beans.factory.support.DefaultSingletonBeanRegistry&amp#27;[0;39m: Creating shared instance of singleton bean 'formContentFilter'
&amp#27;[30m2020-02-08 10:21:43,762&amp#27;[0;39m &amp#27;[39mDEBUG&amp#27;[0;39m [&amp#27;[34mmain&amp#27;[0;39m] &amp#27;[33morg.springframework.beans.factory.support.DefaultSingletonBeanRegistry&amp#27;[0;39m: Creating shared instance of singleton bean 'characterEncodingFilter'
&amp#27;[30m2020-02-08 10:21:43,785&amp#27;[0;39m &amp#27;[39mDEBUG&amp#27;[0;39m [&amp#27;[34mmain&amp#27;[0;39m] &amp#27;[33morg.springframework.boot.web.servlet.ServletContextInitializerBeans&amp#27;[0;39m: Mapping filters: springSecurityFilterChain urls=[/*], characterEncodingFilter urls=[/*], hiddenHttpMethodFilter urls=[/*], formContentFilter urls=[/*], requestContextFilter urls=[/*]
&amp#27;[30m2020-02-08 10:21:43,785&amp#27;[0;39m &amp#27;[39mDEBUG&amp#27;[0;39m [&amp#27;[34mmain&amp#27;[0;39m] &amp#27;[33morg.springframework.boot.web.servlet.ServletContextInitializerBeans&amp#27;[0;39m: Mapping servlets: dispatcherServlet urls=[/], webServlet urls=[/h2-console/*]
&amp#27;[30m2020-02-08 10:21:43,787&amp#27;[0;39m &amp#27;[39mDEBUG&amp#27;[0;39m [&amp#27;[34mmain&amp#27;[0;39m] &amp#27;[33morg.springframework.web.filter.GenericFilterBean&amp#27;[0;39m: Filter 'requestContextFilter' configured for use
&amp#27;[30m2020-02-08 10:21:43,788&amp#27;[0;39m &amp#27;[39mDEBUG&amp#27;[0;39m [&amp#27;[34mmain&amp#27;[0;39m] &amp#27;[33morg.springframework.web.filter.GenericFilterBean&amp#27;[0;39m: Filter 'hiddenHttpMethodFilter' configured for use
&amp#27;[30m2020-02-08 10:21:43,788&amp#27;[0;39m &amp#27;[39mDEBUG&amp#27;[0;39m [&amp#27;[34mmain&amp#27;[0;39m] &amp#27;[33morg.springframework.web.filter.GenericFilterBean&amp#27;[0;39m: Filter 'characterEncodingFilter' configured for use
&amp#27;[30m2020-02-08 10:21:43,789&amp#27;[0;39m &amp#27;[39mDEBUG&amp#27;[0;39m [&amp#27;[34mmain&amp#27;[0;39m] &amp#27;[33morg.springframework.web.filter.GenericFilterBean&amp#27;[0;39m: Filter 'springSecurityFilterChain' configured for use
&amp#27;[30m2020-02-08 10:21:43,789&amp#27;[0;39m &amp#27;[39mDEBUG&amp#27;[0;39m [&amp#27;[34mmain&amp#27;[0;39m] &amp#27;[33morg.springframework.web.filter.GenericFilterBean&amp#27;[0;39m: Filter 'formContentFilter' configured for use
&amp#27;[30m2020-02-08 10:21:43,799&amp#27;[0;39m &amp#27;[39mDEBUG&amp#27;[0;39m [&amp#27;[34mmain&amp#27;[0;39m] &amp#27;[33morg.springframework.beans.factory.support.DefaultSingletonBeanRegistry&amp#27;[0;39m: Creating shared instance of singleton bean 'inMemoryDatabaseShutdownExecutor'
&amp#27;[30m2020-02-08 10:21:43,799&amp#27;[0;39m &amp#27;[39mDEBUG&amp#27;[0;39m [&amp#27;[34mmain&amp#27;[0;39m] &amp#27;[33morg.springframework.beans.factory.support.DefaultSingletonBeanRegistry&amp#27;[0;39m: Creating shared instance of singleton bean 'org.springframework.boot.devtools.autoconfigure.DevToolsDataSourceAutoConfiguration'
&amp#27;[30m2020-02-08 10:21:43,804&amp#27;[0;39m &amp#27;[39mDEBUG&amp#27;[0;39m [&amp#27;[34mmain&amp#27;[0;39m] &amp#27;[33morg.springframework.beans.factory.support.DefaultSingletonBeanRegistry&amp#27;[0;39m: Creating shared instance of singleton bean 'dataSource'
&amp#27;[30m2020-02-08 10:21:43,804&amp#27;[0;39m &amp#27;[39mDEBUG&amp#27;[0;39m [&amp#27;[34mmain&amp#27;[0;39m] &amp#27;[33morg.springframework.beans.factory.support.DefaultSingletonBeanRegistry&amp#27;[0;39m: Creating shared instance of singleton bean 'org.springframework.boot.autoconfigure.jdbc.DataSourceConfiguration$Hikari'
&amp#27;[30m2020-02-08 10:21:43,810&amp#27;[0;39m &amp#27;[39mDEBUG&amp#27;[0;39m [&amp#27;[34mmain&amp#27;[0;39m] &amp#27;[33morg.springframework.beans.factory.support.DefaultSingletonBeanRegistry&amp#27;[0;39m: Creating shared instance of singleton bean 'spring.datasource-org.springframework.boot.autoconfigure.jdbc.DataSourceProperties'
&amp#27;[30m2020-02-08 10:21:43,822&amp#27;[0;39m &amp#27;[39mDEBUG&amp#27;[0;39m [&amp#27;[34mmain&amp#27;[0;39m] &amp#27;[33morg.springframework.beans.factory.support.ConstructorResolver&amp#27;[0;39m: Autowiring by type from bean name 'dataSource' via factory method to bean named 'spring.datasource-org.springframework.boot.autoconfigure.jdbc.DataSourceProperties'
&amp#27;[30m2020-02-08 10:21:43,825&amp#27;[0;39m &amp#27;[39mDEBUG&amp#27;[0;39m [&amp#27;[34mmain&amp#27;[0;39m] &amp#27;[33mcom.zaxxer.hikari.HikariConfig&amp#27;[0;39m: Driver class org.h2.Driver found in Thread context class loader jdk.internal.loader.ClassLoaders$AppClassLoader@4b85612c
&amp#27;[30m2020-02-08 10:21:43,840&amp#27;[0;39m &amp#27;[39mDEBUG&amp#27;[0;39m [&amp#27;[34mmain&amp#27;[0;39m] &amp#27;[33morg.springframework.beans.factory.support.DefaultSingletonBeanRegistry&amp#27;[0;39m: Creating shared instance of singleton bean 'org.springframework.boot.autoconfigure.jdbc.DataSourceInitializerInvoker'
&amp#27;[30m2020-02-08 10:21:43,842&amp#27;[0;39m &amp#27;[39mDEBUG&amp#27;[0;39m [&amp#27;[34mmain&amp#27;[0;39m] &amp#27;[33morg.springframework.beans.factory.support.ConstructorResolver&amp#27;[0;39m: Autowiring by type from bean name 'org.springframework.boot.autoconfigure.jdbc.DataSourceInitializerInvoker' via constructor to bean named 'spring.datasource-org.springframework.boot.autoconfigure.jdbc.DataSourceProperties'
&amp#27;[30m2020-02-08 10:21:43,842&amp#27;[0;39m &amp#27;[39mDEBUG&amp#27;[0;39m [&amp#27;[34mmain&amp#27;[0;39m] &amp#27;[33morg.springframework.beans.factory.support.ConstructorResolver&amp#27;[0;39m: Autowiring by type from bean name 'org.springframework.boot.autoconfigure.jdbc.DataSourceInitializerInvoker' via constructor to bean named 'org.springframework.boot.web.servlet.context.AnnotationConfigServletWebServerApplicationContext@2ca9e25a'
&amp#27;[30m2020-02-08 10:21:43,847&amp#27;[0;39m &amp#27;[39mDEBUG&amp#27;[0;39m [&amp#27;[34mmain&amp#27;[0;39m] &amp#27;[33morg.springframework.beans.factory.support.ConstructorResolver&amp#27;[0;39m: Autowiring by type from bean name 'inMemoryDatabaseShutdownExecutor' via factory method to bean named 'dataSource'
&amp#27;[30m2020-02-08 10:21:43,848&amp#27;[0;39m &amp#27;[39mDEBUG&amp#27;[0;39m [&amp#27;[34mmain&amp#27;[0;39m] &amp#27;[33morg.springframework.beans.factory.support.ConstructorResolver&amp#27;[0;39m: Autowiring by type from bean name 'inMemoryDatabaseShutdownExecutor' via factory method to bean named 'spring.datasource-org.springframework.boot.autoconfigure.jdbc.DataSourceProperties'
&amp#27;[30m2020-02-08 10:21:43,849&amp#27;[0;39m &amp#27;[39mDEBUG&amp#27;[0;39m [&amp#27;[34mmain&amp#27;[0;39m] &amp#27;[33morg.springframework.beans.factory.support.DefaultSingletonBeanRegistry&amp#27;[0;39m: Creating shared instance of singleton bean 'entityManagerFactory'
&amp#27;[30m2020-02-08 10:21:43,850&amp#27;[0;39m &amp#27;[39mDEBUG&amp#27;[0;39m [&amp#27;[34mmain&amp#27;[0;39m] &amp#27;[33morg.springframework.beans.factory.support.DefaultSingletonBeanRegistry&amp#27;[0;39m: Creating shared instance of singleton bean 'org.springframework.boot.autoconfigure.orm.jpa.HibernateJpaConfiguration'
&amp#27;[30m2020-02-08 10:21:43,850&amp#27;[0;39m &amp#27;[39mDEBUG&amp#27;[0;39m [&amp#27;[34mmain&amp#27;[0;39m] &amp#27;[33morg.springframework.core.LocalVariableTableParameterNameDiscoverer&amp#27;[0;39m: Cannot find '.class' file for class [class org.springframework.boot.autoconfigure.orm.jpa.HibernateJpaConfiguration$$EnhancerBySpringCGLIB$$f5449ada] - unable to determine constructor/method parameter names
&amp#27;[30m2020-02-08 10:21:43,853&amp#27;[0;39m &amp#27;[39mDEBUG&amp#27;[0;39m [&amp#27;[34mmain&amp#27;[0;39m] &amp#27;[33morg.springframework.beans.factory.support.DefaultSingletonBeanRegistry&amp#27;[0;39m: Creating shared instance of singleton bean 'spring.jpa-org.springframework.boot.autoconfigure.orm.jpa.JpaProperties'
&amp#27;[30m2020-02-08 10:21:43,861&amp#27;[0;39m &amp#27;[39mDEBUG&amp#27;[0;39m [&amp#27;[34mmain&amp#27;[0;39m] &amp#27;[33morg.springframework.beans.factory.support.DefaultSingletonBeanRegistry&amp#27;[0;39m: Creating shared instance of singleton bean 'spring.jpa.hibernate-org.springframework.boot.autoconfigure.orm.jpa.HibernateProperties'
&amp#27;[30m2020-02-08 10:21:43,865&amp#27;[0;39m &amp#27;[39mDEBUG&amp#27;[0;39m [&amp#27;[34mmain&amp#27;[0;39m] &amp#27;[33morg.springframework.beans.factory.support.ConstructorResolver&amp#27;[0;39m: Autowiring by type from bean name 'org.springframework.boot.autoconfigure.orm.jpa.HibernateJpaConfiguration' via constructor to bean named 'dataSource'
&amp#27;[30m2020-02-08 10:21:43,865&amp#27;[0;39m &amp#27;[39mDEBUG&amp#27;[0;39m [&amp#27;[34mmain&amp#27;[0;39m] &amp#27;[33morg.springframework.beans.factory.support.ConstructorResolver&amp#27;[0;39m: Autowiring by type from bean name 'org.springframework.boot.autoconfigure.orm.jpa.HibernateJpaConfiguration' via constructor to bean named 'spring.jpa-org.springframework.boot.autoconfigure.orm.jpa.JpaProperties'
&amp#27;[30m2020-02-08 10:21:43,865&amp#27;[0;39m &amp#27;[39mDEBUG&amp#27;[0;39m [&amp#27;[34mmain&amp#27;[0;39m] &amp#27;[33morg.springframework.beans.factory.support.ConstructorResolver&amp#27;[0;39m: Autowiring by type from bean name 'org.springframework.boot.autoconfigure.orm.jpa.HibernateJpaConfiguration' via constructor to bean named 'org.springframework.beans.factory.support.DefaultListableBeanFactory@eaa901a'
&amp#27;[30m2020-02-08 10:21:43,865&amp#27;[0;39m &amp#27;[39mDEBUG&amp#27;[0;39m [&amp#27;[34mmain&amp#27;[0;39m] &amp#27;[33morg.springframework.beans.factory.support.ConstructorResolver&amp#27;[0;39m: Autowiring by type from bean name 'org.springframework.boot.autoconfigure.orm.jpa.HibernateJpaConfiguration' via constructor to bean named 'spring.jpa.hibernate-org.springframework.boot.autoconfigure.orm.jpa.HibernateProperties'
&amp#27;[30m2020-02-08 10:21:43,867&amp#27;[0;39m &amp#27;[39mDEBUG&amp#27;[0;39m [&amp#27;[34mmain&amp#27;[0;39m] &amp#27;[33morg.springframework.beans.factory.support.DefaultSingletonBeanRegistry&amp#27;[0;39m: Creating shared instance of singleton bean 'platformTransactionManagerCustomizers'
&amp#27;[30m2020-02-08 10:21:43,868&amp#27;[0;39m &amp#27;[39mDEBUG&amp#27;[0;39m [&amp#27;[34mmain&amp#27;[0;39m] &amp#27;[33morg.springframework.beans.factory.support.DefaultSingletonBeanRegistry&amp#27;[0;39m: Creating shared instance of singleton bean 'org.springframework.boot.autoconfigure.transaction.TransactionAutoConfiguration'
&amp#27;[30m2020-02-08 10:21:43,874&amp#27;[0;39m &amp#27;[39mDEBUG&amp#27;[0;39m [&amp#27;[34mmain&amp#27;[0;39m] &amp#27;[33morg.springframework.beans.factory.support.DefaultSingletonBeanRegistry&amp#27;[0;39m: Creating shared instance of singleton bean 'spring.transaction-org.springframework.boot.autoconfigure.transaction.TransactionProperties'
&amp#27;[30m2020-02-08 10:21:43,881&amp#27;[0;39m &amp#27;[39mDEBUG&amp#27;[0;39m [&amp#27;[34mmain&amp#27;[0;39m] &amp#27;[33morg.springframework.beans.factory.support.DefaultSingletonBeanRegistry&amp#27;[0;39m: Creating shared instance of singleton bean 'hikariPoolDataSourceMetadataProvider'
&amp#27;[30m2020-02-08 10:21:43,882&amp#27;[0;39m &amp#27;[39mDEBUG&amp#27;[0;39m [&amp#27;[34mmain&amp#27;[0;39m] &amp#27;[33morg.springframework.beans.factory.support.DefaultSingletonBeanRegistry&amp#27;[0;39m: Creating shared instance of singleton bean 'org.springframework.boot.autoconfigure.jdbc.metadata.DataSourcePoolMetadataProvidersConfiguration$HikariPoolDataSourceMetadataProviderConfiguration'
&amp#27;[30m2020-02-08 10:21:43,900&amp#27;[0;39m &amp#27;[39mDEBUG&amp#27;[0;39m [&amp#27;[34mmain&amp#27;[0;39m] &amp#27;[33morg.springframework.beans.factory.support.DefaultSingletonBeanRegistry&amp#27;[0;39m: Creating shared instance of singleton bean 'entityManagerFactoryBuilder'
&amp#27;[30m2020-02-08 10:21:43,902&amp#27;[0;39m &amp#27;[39mDEBUG&amp#27;[0;39m [&amp#27;[34mmain&amp#27;[0;39m] &amp#27;[33morg.springframework.beans.factory.support.DefaultSingletonBeanRegistry&amp#27;[0;39m: Creating shared instance of singleton bean 'jpaVendorAdapter'
&amp#27;[30m2020-02-08 10:21:43,902&amp#27;[0;39m &amp#27;[39mDEBUG&amp#27;[0;39m [&amp#27;[34mmain&amp#27;[0;39m] &amp#27;[33morg.springframework.jdbc.datasource.DataSourceUtils&amp#27;[0;39m: Fetching JDBC Connection from DataSource
&amp#27;[30m2020-02-08 10:21:43,903&amp#27;[0;39m &amp#27;[39mDEBUG&amp#27;[0;39m [&amp#27;[34mmain&amp#27;[0;39m] &amp#27;[33mcom.zaxxer.hikari.HikariConfig&amp#27;[0;39m: HikariPool-5 - configuration:
&amp#27;[30m2020-02-08 10:21:43,904&amp#27;[0;39m &amp#27;[39mDEBUG&amp#27;[0;39m [&amp#27;[34mmain&amp#27;[0;39m] &amp#27;[33mcom.zaxxer.hikari.HikariConfig&amp#27;[0;39m: allowPoolSuspension.............false
&amp#27;[30m2020-02-08 10:21:43,904&amp#27;[0;39m &amp#27;[39mDEBUG&amp#27;[0;39m [&amp#27;[34mmain&amp#27;[0;39m] &amp#27;[33mcom.zaxxer.hikari.HikariConfig&amp#27;[0;39m: autoCommit......................true
&amp#27;[30m2020-02-08 10:21:43,905&amp#27;[0;39m &amp#27;[39mDEBUG&amp#27;[0;39m [&amp#27;[34mmain&amp#27;[0;39m] &amp#27;[33mcom.zaxxer.hikari.HikariConfig&amp#27;[0;39m: catalog.........................none
&amp#27;[30m2020-02-08 10:21:43,905&amp#27;[0;39m &amp#27;[39mDEBUG&amp#27;[0;39m [&amp#27;[34mmain&amp#27;[0;39m] &amp#27;[33mcom.zaxxer.hikari.HikariConfig&amp#27;[0;39m: connectionInitSql...............none
&amp#27;[30m2020-02-08 10:21:43,905&amp#27;[0;39m &amp#27;[39mDEBUG&amp#27;[0;39m [&amp#27;[34mmain&amp#27;[0;39m] &amp#27;[33mcom.zaxxer.hikari.HikariConfig&amp#27;[0;39m: connectionTestQuery.............none
&amp#27;[30m2020-02-08 10:21:43,905&amp#27;[0;39m &amp#27;[39mDEBUG&amp#27;[0;39m [&amp#27;[34mmain&amp#27;[0;39m] &amp#27;[33mcom.zaxxer.hikari.HikariConfig&amp#27;[0;39m: connectionTimeout...............30000
&amp#27;[30m2020-02-08 10:21:43,905&amp#27;[0;39m &amp#27;[39mDEBUG&amp#27;[0;39m [&amp#27;[34mmain&amp#27;[0;39m] &amp#27;[33mcom.zaxxer.hikari.HikariConfig&amp#27;[0;39m: dataSource......................none
&amp#27;[30m2020-02-08 10:21:43,906&amp#27;[0;39m &amp#27;[39mDEBUG&amp#27;[0;39m [&amp#27;[34mmain&amp#27;[0;39m] &amp#27;[33mcom.zaxxer.hikari.HikariConfig&amp#27;[0;39m: dataSourceClassName.............none
&amp#27;[30m2020-02-08 10:21:43,906&amp#27;[0;39m &amp#27;[39mDEBUG&amp#27;[0;39m [&amp#27;[34mmain&amp#27;[0;39m] &amp#27;[33mcom.zaxxer.hikari.HikariConfig&amp#27;[0;39m: dataSourceJNDI..................none
&amp#27;[30m2020-02-08 10:21:43,906&amp#27;[0;39m &amp#27;[39mDEBUG&amp#27;[0;39m [&amp#27;[34mmain&amp#27;[0;39m] &amp#27;[33mcom.zaxxer.hikari.HikariConfig&amp#27;[0;39m: dataSourceProperties............{password=<masked>}
&amp#27;[30m2020-02-08 10:21:43,906&amp#27;[0;39m &amp#27;[39mDEBUG&amp#27;[0;39m [&amp#27;[34mmain&amp#27;[0;39m] &amp#27;[33mcom.zaxxer.hikari.HikariConfig&amp#27;[0;39m: driverClassName................."org.h2.Driver"
&amp#27;[30m2020-02-08 10:21:43,907&amp#27;[0;39m &amp#27;[39mDEBUG&amp#27;[0;39m [&amp#27;[34mmain&amp#27;[0;39m] &amp#27;[33mcom.zaxxer.hikari.HikariConfig&amp#27;[0;39m: healthCheckProperties...........{}
&amp#27;[30m2020-02-08 10:21:43,907&amp#27;[0;39m &amp#27;[39mDEBUG&amp#27;[0;39m [&amp#27;[34mmain&amp#27;[0;39m] &amp#27;[33mcom.zaxxer.hikari.HikariConfig&amp#27;[0;39m: healthCheckRegistry.............none
&amp#27;[30m2020-02-08 10:21:43,907&amp#27;[0;39m &amp#27;[39mDEBUG&amp#27;[0;39m [&amp#27;[34mmain&amp#27;[0;39m] &amp#27;[33mcom.zaxxer.hikari.HikariConfig&amp#27;[0;39m: idleTimeout.....................600000
&amp#27;[30m2020-02-08 10:21:43,907&amp#27;[0;39m &amp#27;[39mDEBUG&amp#27;[0;39m [&amp#27;[34mmain&amp#27;[0;39m] &amp#27;[33mcom.zaxxer.hikari.HikariConfig&amp#27;[0;39m: initializationFailTimeout.......1
&amp#27;[30m2020-02-08 10:21:43,908&amp#27;[0;39m &amp#27;[39mDEBUG&amp#27;[0;39m [&amp#27;[34mmain&amp#27;[0;39m] &amp#27;[33mcom.zaxxer.hikari.HikariConfig&amp#27;[0;39m: isolateInternalQueries..........false
&amp#27;[30m2020-02-08 10:21:43,908&amp#27;[0;39m &amp#27;[39mDEBUG&amp#27;[0;39m [&amp#27;[34mmain&amp#27;[0;39m] &amp#27;[33mcom.zaxxer.hikari.HikariConfig&amp#27;[0;39m: jdbcUrl.........................jdbc:h2:mem:db;DB_CLOSE_DELAY=-1
&amp#27;[30m2020-02-08 10:21:43,908&amp#27;[0;39m &amp#27;[39mDEBUG&amp#27;[0;39m [&amp#27;[34mmain&amp#27;[0;39m] &amp#27;[33mcom.zaxxer.hikari.HikariConfig&amp#27;[0;39m: leakDetectionThreshold..........0
&amp#27;[30m2020-02-08 10:21:43,909&amp#27;[0;39m &amp#27;[39mDEBUG&amp#27;[0;39m [&amp#27;[34mmain&amp#27;[0;39m] &amp#27;[33mcom.zaxxer.hikari.HikariConfig&amp#27;[0;39m: maxLifetime.....................1800000
&amp#27;[30m2020-02-08 10:21:43,909&amp#27;[0;39m &amp#27;[39mDEBUG&amp#27;[0;39m [&amp#27;[34mmain&amp#27;[0;39m] &amp#27;[33mcom.zaxxer.hikari.HikariConfig&amp#27;[0;39m: maximumPoolSize.................10
&amp#27;[30m2020-02-08 10:21:43,909&amp#27;[0;39m &amp#27;[39mDEBUG&amp#27;[0;39m [&amp#27;[34mmain&amp#27;[0;39m] &amp#27;[33mcom.zaxxer.hikari.HikariConfig&amp#27;[0;39m: metricRegistry..................none
&amp#27;[30m2020-02-08 10:21:43,909&amp#27;[0;39m &amp#27;[39mDEBUG&amp#27;[0;39m [&amp#27;[34mmain&amp#27;[0;39m] &amp#27;[33mcom.zaxxer.hikari.HikariConfig&amp#27;[0;39m: metricsTrackerFactory...........none
&amp#27;[30m2020-02-08 10:21:43,910&amp#27;[0;39m &amp#27;[39mDEBUG&amp#27;[0;39m [&amp#27;[34mmain&amp#27;[0;39m] &amp#27;[33mcom.zaxxer.hikari.HikariConfig&amp#27;[0;39m: minimumIdle.....................10
&amp#27;[30m2020-02-08 10:21:43,910&amp#27;[0;39m &amp#27;[39mDEBUG&amp#27;[0;39m [&amp#27;[34mmain&amp#27;[0;39m] &amp#27;[33mcom.zaxxer.hikari.HikariConfig&amp#27;[0;39m: password........................<masked>
&amp#27;[30m2020-02-08 10:21:43,910&amp#27;[0;39m &amp#27;[39mDEBUG&amp#27;[0;39m [&amp#27;[34mmain&amp#27;[0;39m] &amp#27;[33mcom.zaxxer.hikari.HikariConfig&amp#27;[0;39m: poolName........................"HikariPool-5"
&amp#27;[30m2020-02-08 10:21:43,910&amp#27;[0;39m &amp#27;[39mDEBUG&amp#27;[0;39m [&amp#27;[34mmain&amp#27;[0;39m] &amp#27;[33mcom.zaxxer.hikari.HikariConfig&amp#27;[0;39m: readOnly........................false
&amp#27;[30m2020-02-08 10:21:43,911&amp#27;[0;39m &amp#27;[39mDEBUG&amp#27;[0;39m [&amp#27;[34mmain&amp#27;[0;39m] &amp#27;[33mcom.zaxxer.hikari.HikariConfig&amp#27;[0;39m: registerMbeans..................false
&amp#27;[30m2020-02-08 10:21:43,911&amp#27;[0;39m &amp#27;[39mDEBUG&amp#27;[0;39m [&amp#27;[34mmain&amp#27;[0;39m] &amp#27;[33mcom.zaxxer.hikari.HikariConfig&amp#27;[0;39m: scheduledExecutor...............none
&amp#27;[30m2020-02-08 10:21:43,911&amp#27;[0;39m &amp#27;[39mDEBUG&amp#27;[0;39m [&amp#27;[34mmain&amp#27;[0;39m] &amp#27;[33mcom.zaxxer.hikari.HikariConfig&amp#27;[0;39m: schema..........................none
&amp#27;[30m2020-02-08 10:21:43,911&amp#27;[0;39m &amp#27;[39mDEBUG&amp#27;[0;39m [&amp#27;[34mmain&amp#27;[0;39m] &amp#27;[33mcom.zaxxer.hikari.HikariConfig&amp#27;[0;39m: threadFactory...................internal
&amp#27;[30m2020-02-08 10:21:43,912&amp#27;[0;39m &amp#27;[39mDEBUG&amp#27;[0;39m [&amp#27;[34mmain&amp#27;[0;39m] &amp#27;[33mcom.zaxxer.hikari.HikariConfig&amp#27;[0;39m: transactionIsolation............default
&amp#27;[30m2020-02-08 10:21:43,912&amp#27;[0;39m &amp#27;[39mDEBUG&amp#27;[0;39m [&amp#27;[34mmain&amp#27;[0;39m] &amp#27;[33mcom.zaxxer.hikari.HikariConfig&amp#27;[0;39m: username........................"sa"
&amp#27;[30m2020-02-08 10:21:43,912&amp#27;[0;39m &amp#27;[39mDEBUG&amp#27;[0;39m [&amp#27;[34mmain&amp#27;[0;39m] &amp#27;[33mcom.zaxxer.hikari.HikariConfig&amp#27;[0;39m: validationTimeout...............5000
&amp#27;[30m2020-02-08 10:21:43,912&amp#27;[0;39m &amp#27;[34mINFO &amp#27;[0;39m [&amp#27;[34mmain&amp#27;[0;39m] &amp#27;[33mcom.zaxxer.hikari.HikariDataSource&amp#27;[0;39m: HikariPool-5 - Starting...
&amp#27;[30m2020-02-08 10:21:43,916&amp#27;[0;39m &amp#27;[39mDEBUG&amp#27;[0;39m [&amp#27;[34mmain&amp#27;[0;39m] &amp#27;[33mcom.zaxxer.hikari.pool.HikariPool&amp#27;[0;39m: HikariPool-5 - Added connection conn48: url=jdbc:h2:mem:db user=SA
&amp#27;[30m2020-02-08 10:21:43,917&amp#27;[0;39m &amp#27;[34mINFO &amp#27;[0;39m [&amp#27;[34mmain&amp#27;[0;39m] &amp#27;[33mcom.zaxxer.hikari.HikariDataSource&amp#27;[0;39m: HikariPool-5 - Start completed.
&amp#27;[30m2020-02-08 10:21:43,922&amp#27;[0;39m &amp#27;[39mDEBUG&amp#27;[0;39m [&amp#27;[34mmain&amp#27;[0;39m] &amp#27;[33morg.springframework.beans.factory.support.ConstructorResolver&amp#27;[0;39m: Autowiring by type from bean name 'entityManagerFactoryBuilder' via factory method to bean named 'jpaVendorAdapter'
&amp#27;[30m2020-02-08 10:21:43,925&amp#27;[0;39m &amp#27;[39mDEBUG&amp#27;[0;39m [&amp#27;[34mmain&amp#27;[0;39m] &amp#27;[33morg.springframework.beans.factory.support.ConstructorResolver&amp#27;[0;39m: Autowiring by type from bean name 'entityManagerFactory' via factory method to bean named 'entityManagerFactoryBuilder'
&amp#27;[30m2020-02-08 10:21:43,926&amp#27;[0;39m &amp#27;[39mDEBUG&amp#27;[0;39m [&amp#27;[34mmain&amp#27;[0;39m] &amp#27;[33morg.springframework.beans.factory.support.DefaultSingletonBeanRegistry&amp#27;[0;39m: Creating shared instance of singleton bean 'org.springframework.boot.autoconfigure.AutoConfigurationPackages'
&amp#27;[30m2020-02-08 10:21:43,927&amp#27;[0;39m &amp#27;[39mDEBUG&amp#27;[0;39m [&amp#27;[34mmain&amp#27;[0;39m] &amp#27;[33morg.springframework.boot.autoconfigure.AutoConfigurationPackages$BasePackages&amp#27;[0;39m: @EnableAutoConfiguration was declared on a class in the package 'in.rgukt.r081247.universityapi'. Automatic @Repository and @Entity scanning is enabled.
&amp#27;[30m2020-02-08 10:21:43,937&amp#27;[0;39m &amp#27;[39mDEBUG&amp#27;[0;39m [&amp#27;[34mmain&amp#27;[0;39m] &amp#27;[33morg.springframework.orm.jpa.LocalContainerEntityManagerFactoryBean&amp#27;[0;39m: Building JPA container EntityManagerFactory for persistence unit 'default'
&amp#27;[30m2020-02-08 10:21:43,938&amp#27;[0;39m &amp#27;[39mDEBUG&amp#27;[0;39m [&amp#27;[34mmain&amp#27;[0;39m] &amp#27;[33morg.hibernate.jpa.internal.util.LogHelper&amp#27;[0;39m: PersistenceUnitInfo [
	name: default
	persistence provider classname: null
	classloader: jdk.internal.loader.ClassLoaders$AppClassLoader@4b85612c
	excludeUnlistedClasses: true
	JTA datasource: null
	Non JTA datasource: HikariDataSource (HikariPool-5)
	Transaction type: RESOURCE_LOCAL
	PU root URL: file:/home/vinod/Desktop/desk/projects/universityapi/target/test-classes/
	Shared Cache Mode: UNSPECIFIED
	Validation Mode: AUTO
	Jar files URLs []
	Managed classes names [
		in.rgukt.r081247.universityapi.entity.Course
		in.rgukt.r081247.universityapi.entity.Department
		in.rgukt.r081247.universityapi.entity.Student]
	Mapping files names []
	Properties []
&amp#27;[30m2020-02-08 10:21:43,938&amp#27;[0;39m &amp#27;[39mDEBUG&amp#27;[0;39m [&amp#27;[34mmain&amp#27;[0;39m] &amp#27;[33morg.hibernate.integrator.internal.IntegratorServiceImpl&amp#27;[0;39m: Adding Integrator [org.hibernate.cfg.beanvalidation.BeanValidationIntegrator].
&amp#27;[30m2020-02-08 10:21:43,938&amp#27;[0;39m &amp#27;[39mDEBUG&amp#27;[0;39m [&amp#27;[34mmain&amp#27;[0;39m] &amp#27;[33morg.hibernate.integrator.internal.IntegratorServiceImpl&amp#27;[0;39m: Adding Integrator [org.hibernate.secure.spi.JaccIntegrator].
&amp#27;[30m2020-02-08 10:21:43,938&amp#27;[0;39m &amp#27;[39mDEBUG&amp#27;[0;39m [&amp#27;[34mmain&amp#27;[0;39m] &amp#27;[33morg.hibernate.integrator.internal.IntegratorServiceImpl&amp#27;[0;39m: Adding Integrator [org.hibernate.cache.internal.CollectionCacheInvalidator].
&amp#27;[30m2020-02-08 10:21:43,940&amp#27;[0;39m &amp#27;[39mDEBUG&amp#27;[0;39m [&amp#27;[34mmain&amp#27;[0;39m] &amp#27;[33morg.hibernate.service.spi.ServiceBinding&amp#27;[0;39m: Overriding existing service binding [org.hibernate.secure.spi.JaccService]
&amp#27;[30m2020-02-08 10:21:43,941&amp#27;[0;39m &amp#27;[39mDEBUG&amp#27;[0;39m [&amp#27;[34mmain&amp#27;[0;39m] &amp#27;[33morg.hibernate.cache.internal.RegionFactoryInitiator&amp#27;[0;39m: Cannot default RegionFactory based on registered strategies as `[]` RegionFactory strategies were registered
&amp#27;[30m2020-02-08 10:21:43,942&amp#27;[0;39m &amp#27;[39mDEBUG&amp#27;[0;39m [&amp#27;[34mmain&amp#27;[0;39m] &amp#27;[33morg.hibernate.cache.internal.RegionFactoryInitiator&amp#27;[0;39m: Cache region factory : org.hibernate.cache.internal.NoCachingRegionFactory
&amp#27;[30m2020-02-08 10:21:43,942&amp#27;[0;39m &amp#27;[39mDEBUG&amp#27;[0;39m [&amp#27;[34mmain&amp#27;[0;39m] &amp#27;[33morg.hibernate.type.BasicTypeRegistry&amp#27;[0;39m: Adding type registration boolean -> org.hibernate.type.BooleanType@486bd064
&amp#27;[30m2020-02-08 10:21:43,942&amp#27;[0;39m &amp#27;[39mDEBUG&amp#27;[0;39m [&amp#27;[34mmain&amp#27;[0;39m] &amp#27;[33morg.hibernate.type.BasicTypeRegistry&amp#27;[0;39m: Adding type registration boolean -> org.hibernate.type.BooleanType@486bd064
&amp#27;[30m2020-02-08 10:21:43,942&amp#27;[0;39m &amp#27;[39mDEBUG&amp#27;[0;39m [&amp#27;[34mmain&amp#27;[0;39m] &amp#27;[33morg.hibernate.type.BasicTypeRegistry&amp#27;[0;39m: Adding type registration java.lang.Boolean -> org.hibernate.type.BooleanType@486bd064
&amp#27;[30m2020-02-08 10:21:43,943&amp#27;[0;39m &amp#27;[39mDEBUG&amp#27;[0;39m [&amp#27;[34mmain&amp#27;[0;39m] &amp#27;[33morg.hibernate.type.BasicTypeRegistry&amp#27;[0;39m: Adding type registration numeric_boolean -> org.hibernate.type.NumericBooleanType@5111de7c
&amp#27;[30m2020-02-08 10:21:43,943&amp#27;[0;39m &amp#27;[39mDEBUG&amp#27;[0;39m [&amp#27;[34mmain&amp#27;[0;39m] &amp#27;[33morg.hibernate.type.BasicTypeRegistry&amp#27;[0;39m: Adding type registration true_false -> org.hibernate.type.TrueFalseType@342ee097
&amp#27;[30m2020-02-08 10:21:43,943&amp#27;[0;39m &amp#27;[39mDEBUG&amp#27;[0;39m [&amp#27;[34mmain&amp#27;[0;39m] &amp#27;[33morg.hibernate.type.BasicTypeRegistry&amp#27;[0;39m: Adding type registration yes_no -> org.hibernate.type.YesNoType@231cdda8
&amp#27;[30m2020-02-08 10:21:43,943&amp#27;[0;39m &amp#27;[39mDEBUG&amp#27;[0;39m [&amp#27;[34mmain&amp#27;[0;39m] &amp#27;[33morg.hibernate.type.BasicTypeRegistry&amp#27;[0;39m: Adding type registration byte -> org.hibernate.type.ByteType@14f060b8
&amp#27;[30m2020-02-08 10:21:43,943&amp#27;[0;39m &amp#27;[39mDEBUG&amp#27;[0;39m [&amp#27;[34mmain&amp#27;[0;39m] &amp#27;[33morg.hibernate.type.BasicTypeRegistry&amp#27;[0;39m: Adding type registration byte -> org.hibernate.type.ByteType@14f060b8
&amp#27;[30m2020-02-08 10:21:43,944&amp#27;[0;39m &amp#27;[39mDEBUG&amp#27;[0;39m [&amp#27;[34mmain&amp#27;[0;39m] &amp#27;[33morg.hibernate.type.BasicTypeRegistry&amp#27;[0;39m: Adding type registration java.lang.Byte -> org.hibernate.type.ByteType@14f060b8
&amp#27;[30m2020-02-08 10:21:43,944&amp#27;[0;39m &amp#27;[39mDEBUG&amp#27;[0;39m [&amp#27;[34mmain&amp#27;[0;39m] &amp#27;[33morg.hibernate.type.BasicTypeRegistry&amp#27;[0;39m: Adding type registration character -> org.hibernate.type.CharacterType@5a2ae1ab
&amp#27;[30m2020-02-08 10:21:43,944&amp#27;[0;39m &amp#27;[39mDEBUG&amp#27;[0;39m [&amp#27;[34mmain&amp#27;[0;39m] &amp#27;[33morg.hibernate.type.BasicTypeRegistry&amp#27;[0;39m: Adding type registration char -> org.hibernate.type.CharacterType@5a2ae1ab
&amp#27;[30m2020-02-08 10:21:43,944&amp#27;[0;39m &amp#27;[39mDEBUG&amp#27;[0;39m [&amp#27;[34mmain&amp#27;[0;39m] &amp#27;[33morg.hibernate.type.BasicTypeRegistry&amp#27;[0;39m: Adding type registration java.lang.Character -> org.hibernate.type.CharacterType@5a2ae1ab
&amp#27;[30m2020-02-08 10:21:43,944&amp#27;[0;39m &amp#27;[39mDEBUG&amp#27;[0;39m [&amp#27;[34mmain&amp#27;[0;39m] &amp#27;[33morg.hibernate.type.BasicTypeRegistry&amp#27;[0;39m: Adding type registration short -> org.hibernate.type.ShortType@448462f0
&amp#27;[30m2020-02-08 10:21:43,944&amp#27;[0;39m &amp#27;[39mDEBUG&amp#27;[0;39m [&amp#27;[34mmain&amp#27;[0;39m] &amp#27;[33morg.hibernate.type.BasicTypeRegistry&amp#27;[0;39m: Adding type registration short -> org.hibernate.type.ShortType@448462f0
&amp#27;[30m2020-02-08 10:21:43,944&amp#27;[0;39m &amp#27;[39mDEBUG&amp#27;[0;39m [&amp#27;[34mmain&amp#27;[0;39m] &amp#27;[33morg.hibernate.type.BasicTypeRegistry&amp#27;[0;39m: Adding type registration java.lang.Short -> org.hibernate.type.ShortType@448462f0
&amp#27;[30m2020-02-08 10:21:43,945&amp#27;[0;39m &amp#27;[39mDEBUG&amp#27;[0;39m [&amp#27;[34mmain&amp#27;[0;39m] &amp#27;[33morg.hibernate.type.BasicTypeRegistry&amp#27;[0;39m: Adding type registration integer -> org.hibernate.type.IntegerType@2b43f314
&amp#27;[30m2020-02-08 10:21:43,945&amp#27;[0;39m &amp#27;[39mDEBUG&amp#27;[0;39m [&amp#27;[34mmain&amp#27;[0;39m] &amp#27;[33morg.hibernate.type.BasicTypeRegistry&amp#27;[0;39m: Adding type registration int -> org.hibernate.type.IntegerType@2b43f314
&amp#27;[30m2020-02-08 10:21:43,945&amp#27;[0;39m &amp#27;[39mDEBUG&amp#27;[0;39m [&amp#27;[34mmain&amp#27;[0;39m] &amp#27;[33morg.hibernate.type.BasicTypeRegistry&amp#27;[0;39m: Adding type registration java.lang.Integer -> org.hibernate.type.IntegerType@2b43f314
&amp#27;[30m2020-02-08 10:21:43,945&amp#27;[0;39m &amp#27;[39mDEBUG&amp#27;[0;39m [&amp#27;[34mmain&amp#27;[0;39m] &amp#27;[33morg.hibernate.type.BasicTypeRegistry&amp#27;[0;39m: Adding type registration long -> org.hibernate.type.LongType@6f50d55c
&amp#27;[30m2020-02-08 10:21:43,945&amp#27;[0;39m &amp#27;[39mDEBUG&amp#27;[0;39m [&amp#27;[34mmain&amp#27;[0;39m] &amp#27;[33morg.hibernate.type.BasicTypeRegistry&amp#27;[0;39m: Adding type registration long -> org.hibernate.type.LongType@6f50d55c
&amp#27;[30m2020-02-08 10:21:43,945&amp#27;[0;39m &amp#27;[39mDEBUG&amp#27;[0;39m [&amp#27;[34mmain&amp#27;[0;39m] &amp#27;[33morg.hibernate.type.BasicTypeRegistry&amp#27;[0;39m: Adding type registration java.lang.Long -> org.hibernate.type.LongType@6f50d55c
&amp#27;[30m2020-02-08 10:21:43,945&amp#27;[0;39m &amp#27;[39mDEBUG&amp#27;[0;39m [&amp#27;[34mmain&amp#27;[0;39m] &amp#27;[33morg.hibernate.type.BasicTypeRegistry&amp#27;[0;39m: Adding type registration float -> org.hibernate.type.FloatType@6889f56f
&amp#27;[30m2020-02-08 10:21:43,946&amp#27;[0;39m &amp#27;[39mDEBUG&amp#27;[0;39m [&amp#27;[34mmain&amp#27;[0;39m] &amp#27;[33morg.hibernate.type.BasicTypeRegistry&amp#27;[0;39m: Adding type registration float -> org.hibernate.type.FloatType@6889f56f
&amp#27;[30m2020-02-08 10:21:43,946&amp#27;[0;39m &amp#27;[39mDEBUG&amp#27;[0;39m [&amp#27;[34mmain&amp#27;[0;39m] &amp#27;[33morg.hibernate.type.BasicTypeRegistry&amp#27;[0;39m: Adding type registration java.lang.Float -> org.hibernate.type.FloatType@6889f56f
&amp#27;[30m2020-02-08 10:21:43,946&amp#27;[0;39m &amp#27;[39mDEBUG&amp#27;[0;39m [&amp#27;[34mmain&amp#27;[0;39m] &amp#27;[33morg.hibernate.type.BasicTypeRegistry&amp#27;[0;39m: Adding type registration double -> org.hibernate.type.DoubleType@3b4ef59f
&amp#27;[30m2020-02-08 10:21:43,946&amp#27;[0;39m &amp#27;[39mDEBUG&amp#27;[0;39m [&amp#27;[34mmain&amp#27;[0;39m] &amp#27;[33morg.hibernate.type.BasicTypeRegistry&amp#27;[0;39m: Adding type registration double -> org.hibernate.type.DoubleType@3b4ef59f
&amp#27;[30m2020-02-08 10:21:43,946&amp#27;[0;39m &amp#27;[39mDEBUG&amp#27;[0;39m [&amp#27;[34mmain&amp#27;[0;39m] &amp#27;[33morg.hibernate.type.BasicTypeRegistry&amp#27;[0;39m: Adding type registration java.lang.Double -> org.hibernate.type.DoubleType@3b4ef59f
&amp#27;[30m2020-02-08 10:21:43,946&amp#27;[0;39m &amp#27;[39mDEBUG&amp#27;[0;39m [&amp#27;[34mmain&amp#27;[0;39m] &amp#27;[33morg.hibernate.type.BasicTypeRegistry&amp#27;[0;39m: Adding type registration big_decimal -> org.hibernate.type.BigDecimalType@5a7b309b
&amp#27;[30m2020-02-08 10:21:43,947&amp#27;[0;39m &amp#27;[39mDEBUG&amp#27;[0;39m [&amp#27;[34mmain&amp#27;[0;39m] &amp#27;[33morg.hibernate.type.BasicTypeRegistry&amp#27;[0;39m: Adding type registration java.math.BigDecimal -> org.hibernate.type.BigDecimalType@5a7b309b
&amp#27;[30m2020-02-08 10:21:43,947&amp#27;[0;39m &amp#27;[39mDEBUG&amp#27;[0;39m [&amp#27;[34mmain&amp#27;[0;39m] &amp#27;[33morg.hibernate.type.BasicTypeRegistry&amp#27;[0;39m: Adding type registration big_integer -> org.hibernate.type.BigIntegerType@b022551
&amp#27;[30m2020-02-08 10:21:43,947&amp#27;[0;39m &amp#27;[39mDEBUG&amp#27;[0;39m [&amp#27;[34mmain&amp#27;[0;39m] &amp#27;[33morg.hibernate.type.BasicTypeRegistry&amp#27;[0;39m: Adding type registration java.math.BigInteger -> org.hibernate.type.BigIntegerType@b022551
&amp#27;[30m2020-02-08 10:21:43,947&amp#27;[0;39m &amp#27;[39mDEBUG&amp#27;[0;39m [&amp#27;[34mmain&amp#27;[0;39m] &amp#27;[33morg.hibernate.type.BasicTypeRegistry&amp#27;[0;39m: Adding type registration string -> org.hibernate.type.StringType@530ee28b
&amp#27;[30m2020-02-08 10:21:43,947&amp#27;[0;39m &amp#27;[39mDEBUG&amp#27;[0;39m [&amp#27;[34mmain&amp#27;[0;39m] &amp#27;[33morg.hibernate.type.BasicTypeRegistry&amp#27;[0;39m: Adding type registration java.lang.String -> org.hibernate.type.StringType@530ee28b
&amp#27;[30m2020-02-08 10:21:43,947&amp#27;[0;39m &amp#27;[39mDEBUG&amp#27;[0;39m [&amp#27;[34mmain&amp#27;[0;39m] &amp#27;[33morg.hibernate.type.BasicTypeRegistry&amp#27;[0;39m: Adding type registration nstring -> org.hibernate.type.StringNVarcharType@67f946c3
&amp#27;[30m2020-02-08 10:21:43,947&amp#27;[0;39m &amp#27;[39mDEBUG&amp#27;[0;39m [&amp#27;[34mmain&amp#27;[0;39m] &amp#27;[33morg.hibernate.type.BasicTypeRegistry&amp#27;[0;39m: Adding type registration ncharacter -> org.hibernate.type.CharacterNCharType@46a8c2b4
&amp#27;[30m2020-02-08 10:21:43,948&amp#27;[0;39m &amp#27;[39mDEBUG&amp#27;[0;39m [&amp#27;[34mmain&amp#27;[0;39m] &amp#27;[33morg.hibernate.type.BasicTypeRegistry&amp#27;[0;39m: Adding type registration url -> org.hibernate.type.UrlType@5b8853
&amp#27;[30m2020-02-08 10:21:43,948&amp#27;[0;39m &amp#27;[39mDEBUG&amp#27;[0;39m [&amp#27;[34mmain&amp#27;[0;39m] &amp#27;[33morg.hibernate.type.BasicTypeRegistry&amp#27;[0;39m: Adding type registration java.net.URL -> org.hibernate.type.UrlType@5b8853
&amp#27;[30m2020-02-08 10:21:43,948&amp#27;[0;39m &amp#27;[39mDEBUG&amp#27;[0;39m [&amp#27;[34mmain&amp#27;[0;39m] &amp#27;[33morg.hibernate.type.BasicTypeRegistry&amp#27;[0;39m: Adding type registration Duration -> org.hibernate.type.DurationType@73e4387
&amp#27;[30m2020-02-08 10:21:43,948&amp#27;[0;39m &amp#27;[39mDEBUG&amp#27;[0;39m [&amp#27;[34mmain&amp#27;[0;39m] &amp#27;[33morg.hibernate.type.BasicTypeRegistry&amp#27;[0;39m: Adding type registration java.time.Duration -> org.hibernate.type.DurationType@73e4387
&amp#27;[30m2020-02-08 10:21:43,948&amp#27;[0;39m &amp#27;[39mDEBUG&amp#27;[0;39m [&amp#27;[34mmain&amp#27;[0;39m] &amp#27;[33morg.hibernate.type.BasicTypeRegistry&amp#27;[0;39m: Adding type registration Instant -> org.hibernate.type.InstantType@72c9ebfa
&amp#27;[30m2020-02-08 10:21:43,948&amp#27;[0;39m &amp#27;[39mDEBUG&amp#27;[0;39m [&amp#27;[34mmain&amp#27;[0;39m] &amp#27;[33morg.hibernate.type.BasicTypeRegistry&amp#27;[0;39m: Adding type registration java.time.Instant -> org.hibernate.type.InstantType@72c9ebfa
&amp#27;[30m2020-02-08 10:21:43,948&amp#27;[0;39m &amp#27;[39mDEBUG&amp#27;[0;39m [&amp#27;[34mmain&amp#27;[0;39m] &amp#27;[33morg.hibernate.type.BasicTypeRegistry&amp#27;[0;39m: Adding type registration LocalDateTime -> org.hibernate.type.LocalDateTimeType@27ec8754
&amp#27;[30m2020-02-08 10:21:43,949&amp#27;[0;39m &amp#27;[39mDEBUG&amp#27;[0;39m [&amp#27;[34mmain&amp#27;[0;39m] &amp#27;[33morg.hibernate.type.BasicTypeRegistry&amp#27;[0;39m: Adding type registration java.time.LocalDateTime -> org.hibernate.type.LocalDateTimeType@27ec8754
&amp#27;[30m2020-02-08 10:21:43,949&amp#27;[0;39m &amp#27;[39mDEBUG&amp#27;[0;39m [&amp#27;[34mmain&amp#27;[0;39m] &amp#27;[33morg.hibernate.type.BasicTypeRegistry&amp#27;[0;39m: Adding type registration LocalDate -> org.hibernate.type.LocalDateType@4981d95b
&amp#27;[30m2020-02-08 10:21:43,949&amp#27;[0;39m &amp#27;[39mDEBUG&amp#27;[0;39m [&amp#27;[34mmain&amp#27;[0;39m] &amp#27;[33morg.hibernate.type.BasicTypeRegistry&amp#27;[0;39m: Adding type registration java.time.LocalDate -> org.hibernate.type.LocalDateType@4981d95b
&amp#27;[30m2020-02-08 10:21:43,949&amp#27;[0;39m &amp#27;[39mDEBUG&amp#27;[0;39m [&amp#27;[34mmain&amp#27;[0;39m] &amp#27;[33morg.hibernate.type.BasicTypeRegistry&amp#27;[0;39m: Adding type registration LocalTime -> org.hibernate.type.LocalTimeType@595f9916
&amp#27;[30m2020-02-08 10:21:43,949&amp#27;[0;39m &amp#27;[39mDEBUG&amp#27;[0;39m [&amp#27;[34mmain&amp#27;[0;39m] &amp#27;[33morg.hibernate.type.BasicTypeRegistry&amp#27;[0;39m: Adding type registration java.time.LocalTime -> org.hibernate.type.LocalTimeType@595f9916
&amp#27;[30m2020-02-08 10:21:43,949&amp#27;[0;39m &amp#27;[39mDEBUG&amp#27;[0;39m [&amp#27;[34mmain&amp#27;[0;39m] &amp#27;[33morg.hibernate.type.BasicTypeRegistry&amp#27;[0;39m: Adding type registration OffsetDateTime -> org.hibernate.type.OffsetDateTimeType@5f8f1712
&amp#27;[30m2020-02-08 10:21:43,950&amp#27;[0;39m &amp#27;[39mDEBUG&amp#27;[0;39m [&amp#27;[34mmain&amp#27;[0;39m] &amp#27;[33morg.hibernate.type.BasicTypeRegistry&amp#27;[0;39m: Adding type registration java.time.OffsetDateTime -> org.hibernate.type.OffsetDateTimeType@5f8f1712
&amp#27;[30m2020-02-08 10:21:43,950&amp#27;[0;39m &amp#27;[39mDEBUG&amp#27;[0;39m [&amp#27;[34mmain&amp#27;[0;39m] &amp#27;[33morg.hibernate.type.BasicTypeRegistry&amp#27;[0;39m: Adding type registration OffsetTime -> org.hibernate.type.OffsetTimeType@511da44f
&amp#27;[30m2020-02-08 10:21:43,950&amp#27;[0;39m &amp#27;[39mDEBUG&amp#27;[0;39m [&amp#27;[34mmain&amp#27;[0;39m] &amp#27;[33morg.hibernate.type.BasicTypeRegistry&amp#27;[0;39m: Adding type registration java.time.OffsetTime -> org.hibernate.type.OffsetTimeType@511da44f
&amp#27;[30m2020-02-08 10:21:43,950&amp#27;[0;39m &amp#27;[39mDEBUG&amp#27;[0;39m [&amp#27;[34mmain&amp#27;[0;39m] &amp#27;[33morg.hibernate.type.BasicTypeRegistry&amp#27;[0;39m: Adding type registration ZonedDateTime -> org.hibernate.type.ZonedDateTimeType@29d070c7
&amp#27;[30m2020-02-08 10:21:43,950&amp#27;[0;39m &amp#27;[39mDEBUG&amp#27;[0;39m [&amp#27;[34mmain&amp#27;[0;39m] &amp#27;[33morg.hibernate.type.BasicTypeRegistry&amp#27;[0;39m: Adding type registration java.time.ZonedDateTime -> org.hibernate.type.ZonedDateTimeType@29d070c7
&amp#27;[30m2020-02-08 10:21:43,950&amp#27;[0;39m &amp#27;[39mDEBUG&amp#27;[0;39m [&amp#27;[34mmain&amp#27;[0;39m] &amp#27;[33morg.hibernate.type.BasicTypeRegistry&amp#27;[0;39m: Adding type registration date -> org.hibernate.type.DateType@39d77de9
&amp#27;[30m2020-02-08 10:21:43,950&amp#27;[0;39m &amp#27;[39mDEBUG&amp#27;[0;39m [&amp#27;[34mmain&amp#27;[0;39m] &amp#27;[33morg.hibernate.type.BasicTypeRegistry&amp#27;[0;39m: Adding type registration java.sql.Date -> org.hibernate.type.DateType@39d77de9
&amp#27;[30m2020-02-08 10:21:43,951&amp#27;[0;39m &amp#27;[39mDEBUG&amp#27;[0;39m [&amp#27;[34mmain&amp#27;[0;39m] &amp#27;[33morg.hibernate.type.BasicTypeRegistry&amp#27;[0;39m: Adding type registration time -> org.hibernate.type.TimeType@272778ae
&amp#27;[30m2020-02-08 10:21:43,951&amp#27;[0;39m &amp#27;[39mDEBUG&amp#27;[0;39m [&amp#27;[34mmain&amp#27;[0;39m] &amp#27;[33morg.hibernate.type.BasicTypeRegistry&amp#27;[0;39m: Adding type registration java.sql.Time -> org.hibernate.type.TimeType@272778ae
&amp#27;[30m2020-02-08 10:21:43,951&amp#27;[0;39m &amp#27;[39mDEBUG&amp#27;[0;39m [&amp#27;[34mmain&amp#27;[0;39m] &amp#27;[33morg.hibernate.type.BasicTypeRegistry&amp#27;[0;39m: Adding type registration timestamp -> org.hibernate.type.TimestampType@47fcefb3
&amp#27;[30m2020-02-08 10:21:43,951&amp#27;[0;39m &amp#27;[39mDEBUG&amp#27;[0;39m [&amp#27;[34mmain&amp#27;[0;39m] &amp#27;[33morg.hibernate.type.BasicTypeRegistry&amp#27;[0;39m: Adding type registration java.sql.Timestamp -> org.hibernate.type.TimestampType@47fcefb3
&amp#27;[30m2020-02-08 10:21:43,951&amp#27;[0;39m &amp#27;[39mDEBUG&amp#27;[0;39m [&amp#27;[34mmain&amp#27;[0;39m] &amp#27;[33morg.hibernate.type.BasicTypeRegistry&amp#27;[0;39m: Adding type registration java.util.Date -> org.hibernate.type.TimestampType@47fcefb3
&amp#27;[30m2020-02-08 10:21:43,951&amp#27;[0;39m &amp#27;[39mDEBUG&amp#27;[0;39m [&amp#27;[34mmain&amp#27;[0;39m] &amp#27;[33morg.hibernate.type.BasicTypeRegistry&amp#27;[0;39m: Adding type registration dbtimestamp -> org.hibernate.type.DbTimestampType@32ab408e
&amp#27;[30m2020-02-08 10:21:43,951&amp#27;[0;39m &amp#27;[39mDEBUG&amp#27;[0;39m [&amp#27;[34mmain&amp#27;[0;39m] &amp#27;[33morg.hibernate.type.BasicTypeRegistry&amp#27;[0;39m: Adding type registration calendar -> org.hibernate.type.CalendarType@175c5c3a
&amp#27;[30m2020-02-08 10:21:43,952&amp#27;[0;39m &amp#27;[39mDEBUG&amp#27;[0;39m [&amp#27;[34mmain&amp#27;[0;39m] &amp#27;[33morg.hibernate.type.BasicTypeRegistry&amp#27;[0;39m: Adding type registration java.util.Calendar -> org.hibernate.type.CalendarType@175c5c3a
&amp#27;[30m2020-02-08 10:21:43,952&amp#27;[0;39m &amp#27;[39mDEBUG&amp#27;[0;39m [&amp#27;[34mmain&amp#27;[0;39m] &amp#27;[33morg.hibernate.type.BasicTypeRegistry&amp#27;[0;39m: Adding type registration java.util.GregorianCalendar -> org.hibernate.type.CalendarType@175c5c3a
&amp#27;[30m2020-02-08 10:21:43,952&amp#27;[0;39m &amp#27;[39mDEBUG&amp#27;[0;39m [&amp#27;[34mmain&amp#27;[0;39m] &amp#27;[33morg.hibernate.type.BasicTypeRegistry&amp#27;[0;39m: Adding type registration calendar_date -> org.hibernate.type.CalendarDateType@7b6141f0
&amp#27;[30m2020-02-08 10:21:43,952&amp#27;[0;39m &amp#27;[39mDEBUG&amp#27;[0;39m [&amp#27;[34mmain&amp#27;[0;39m] &amp#27;[33morg.hibernate.type.BasicTypeRegistry&amp#27;[0;39m: Adding type registration locale -> org.hibernate.type.LocaleType@2d130ac4
&amp#27;[30m2020-02-08 10:21:43,952&amp#27;[0;39m &amp#27;[39mDEBUG&amp#27;[0;39m [&amp#27;[34mmain&amp#27;[0;39m] &amp#27;[33morg.hibernate.type.BasicTypeRegistry&amp#27;[0;39m: Adding type registration java.util.Locale -> org.hibernate.type.LocaleType@2d130ac4
&amp#27;[30m2020-02-08 10:21:43,952&amp#27;[0;39m &amp#27;[39mDEBUG&amp#27;[0;39m [&amp#27;[34mmain&amp#27;[0;39m] &amp#27;[33morg.hibernate.type.BasicTypeRegistry&amp#27;[0;39m: Adding type registration currency -> org.hibernate.type.CurrencyType@2ee4706d
&amp#27;[30m2020-02-08 10:21:43,953&amp#27;[0;39m &amp#27;[39mDEBUG&amp#27;[0;39m [&amp#27;[34mmain&amp#27;[0;39m] &amp#27;[33morg.hibernate.type.BasicTypeRegistry&amp#27;[0;39m: Adding type registration java.util.Currency -> org.hibernate.type.CurrencyType@2ee4706d
&amp#27;[30m2020-02-08 10:21:43,953&amp#27;[0;39m &amp#27;[39mDEBUG&amp#27;[0;39m [&amp#27;[34mmain&amp#27;[0;39m] &amp#27;[33morg.hibernate.type.BasicTypeRegistry&amp#27;[0;39m: Adding type registration timezone -> org.hibernate.type.TimeZoneType@2484dbb7
&amp#27;[30m2020-02-08 10:21:43,953&amp#27;[0;39m &amp#27;[39mDEBUG&amp#27;[0;39m [&amp#27;[34mmain&amp#27;[0;39m] &amp#27;[33morg.hibernate.type.BasicTypeRegistry&amp#27;[0;39m: Adding type registration java.util.TimeZone -> org.hibernate.type.TimeZoneType@2484dbb7
&amp#27;[30m2020-02-08 10:21:43,953&amp#27;[0;39m &amp#27;[39mDEBUG&amp#27;[0;39m [&amp#27;[34mmain&amp#27;[0;39m] &amp#27;[33morg.hibernate.type.BasicTypeRegistry&amp#27;[0;39m: Adding type registration class -> org.hibernate.type.ClassType@58a3d521
&amp#27;[30m2020-02-08 10:21:43,953&amp#27;[0;39m &amp#27;[39mDEBUG&amp#27;[0;39m [&amp#27;[34mmain&amp#27;[0;39m] &amp#27;[33morg.hibernate.type.BasicTypeRegistry&amp#27;[0;39m: Adding type registration java.lang.Class -> org.hibernate.type.ClassType@58a3d521
&amp#27;[30m2020-02-08 10:21:43,953&amp#27;[0;39m &amp#27;[39mDEBUG&amp#27;[0;39m [&amp#27;[34mmain&amp#27;[0;39m] &amp#27;[33morg.hibernate.type.BasicTypeRegistry&amp#27;[0;39m: Adding type registration uuid-binary -> org.hibernate.type.UUIDBinaryType@68dfda77
&amp#27;[30m2020-02-08 10:21:43,953&amp#27;[0;39m &amp#27;[39mDEBUG&amp#27;[0;39m [&amp#27;[34mmain&amp#27;[0;39m] &amp#27;[33morg.hibernate.type.BasicTypeRegistry&amp#27;[0;39m: Adding type registration java.util.UUID -> org.hibernate.type.UUIDBinaryType@68dfda77
&amp#27;[30m2020-02-08 10:21:43,954&amp#27;[0;39m &amp#27;[39mDEBUG&amp#27;[0;39m [&amp#27;[34mmain&amp#27;[0;39m] &amp#27;[33morg.hibernate.type.BasicTypeRegistry&amp#27;[0;39m: Adding type registration uuid-char -> org.hibernate.type.UUIDCharType@6fbf5db2
&amp#27;[30m2020-02-08 10:21:43,954&amp#27;[0;39m &amp#27;[39mDEBUG&amp#27;[0;39m [&amp#27;[34mmain&amp#27;[0;39m] &amp#27;[33morg.hibernate.type.BasicTypeRegistry&amp#27;[0;39m: Adding type registration binary -> org.hibernate.type.BinaryType@3ab595c8
&amp#27;[30m2020-02-08 10:21:43,954&amp#27;[0;39m &amp#27;[39mDEBUG&amp#27;[0;39m [&amp#27;[34mmain&amp#27;[0;39m] &amp#27;[33morg.hibernate.type.BasicTypeRegistry&amp#27;[0;39m: Adding type registration byte[] -> org.hibernate.type.BinaryType@3ab595c8
&amp#27;[30m2020-02-08 10:21:43,954&amp#27;[0;39m &amp#27;[39mDEBUG&amp#27;[0;39m [&amp#27;[34mmain&amp#27;[0;39m] &amp#27;[33morg.hibernate.type.BasicTypeRegistry&amp#27;[0;39m: Adding type registration [B -> org.hibernate.type.BinaryType@3ab595c8
&amp#27;[30m2020-02-08 10:21:43,954&amp#27;[0;39m &amp#27;[39mDEBUG&amp#27;[0;39m [&amp#27;[34mmain&amp#27;[0;39m] &amp#27;[33morg.hibernate.type.BasicTypeRegistry&amp#27;[0;39m: Adding type registration wrapper-binary -> org.hibernate.type.WrapperBinaryType@7781263c
&amp#27;[30m2020-02-08 10:21:43,954&amp#27;[0;39m &amp#27;[39mDEBUG&amp#27;[0;39m [&amp#27;[34mmain&amp#27;[0;39m] &amp#27;[33morg.hibernate.type.BasicTypeRegistry&amp#27;[0;39m: Adding type registration Byte[] -> org.hibernate.type.WrapperBinaryType@7781263c
&amp#27;[30m2020-02-08 10:21:43,955&amp#27;[0;39m &amp#27;[39mDEBUG&amp#27;[0;39m [&amp#27;[34mmain&amp#27;[0;39m] &amp#27;[33morg.hibernate.type.BasicTypeRegistry&amp#27;[0;39m: Adding type registration [Ljava.lang.Byte; -> org.hibernate.type.WrapperBinaryType@7781263c
&amp#27;[30m2020-02-08 10:21:43,955&amp#27;[0;39m &amp#27;[39mDEBUG&amp#27;[0;39m [&amp#27;[34mmain&amp#27;[0;39m] &amp#27;[33morg.hibernate.type.BasicTypeRegistry&amp#27;[0;39m: Adding type registration row_version -> org.hibernate.type.RowVersionType@37d3e140
&amp#27;[30m2020-02-08 10:21:43,955&amp#27;[0;39m &amp#27;[39mDEBUG&amp#27;[0;39m [&amp#27;[34mmain&amp#27;[0;39m] &amp#27;[33morg.hibernate.type.BasicTypeRegistry&amp#27;[0;39m: Adding type registration image -> org.hibernate.type.ImageType@a3cba3a
&amp#27;[30m2020-02-08 10:21:43,955&amp#27;[0;39m &amp#27;[39mDEBUG&amp#27;[0;39m [&amp#27;[34mmain&amp#27;[0;39m] &amp#27;[33morg.hibernate.type.BasicTypeRegistry&amp#27;[0;39m: Adding type registration characters -> org.hibernate.type.CharArrayType@6169be09
&amp#27;[30m2020-02-08 10:21:43,955&amp#27;[0;39m &amp#27;[39mDEBUG&amp#27;[0;39m [&amp#27;[34mmain&amp#27;[0;39m] &amp#27;[33morg.hibernate.type.BasicTypeRegistry&amp#27;[0;39m: Adding type registration char[] -> org.hibernate.type.CharArrayType@6169be09
&amp#27;[30m2020-02-08 10:21:43,955&amp#27;[0;39m &amp#27;[39mDEBUG&amp#27;[0;39m [&amp#27;[34mmain&amp#27;[0;39m] &amp#27;[33morg.hibernate.type.BasicTypeRegistry&amp#27;[0;39m: Adding type registration [C -> org.hibernate.type.CharArrayType@6169be09
&amp#27;[30m2020-02-08 10:21:43,956&amp#27;[0;39m &amp#27;[39mDEBUG&amp#27;[0;39m [&amp#27;[34mmain&amp#27;[0;39m] &amp#27;[33morg.hibernate.type.BasicTypeRegistry&amp#27;[0;39m: Adding type registration wrapper-characters -> org.hibernate.type.CharacterArrayType@49c1e294
&amp#27;[30m2020-02-08 10:21:43,956&amp#27;[0;39m &amp#27;[39mDEBUG&amp#27;[0;39m [&amp#27;[34mmain&amp#27;[0;39m] &amp#27;[33morg.hibernate.type.BasicTypeRegistry&amp#27;[0;39m: Adding type registration [Ljava.lang.Character; -> org.hibernate.type.CharacterArrayType@49c1e294
&amp#27;[30m2020-02-08 10:21:43,956&amp#27;[0;39m &amp#27;[39mDEBUG&amp#27;[0;39m [&amp#27;[34mmain&amp#27;[0;39m] &amp#27;[33morg.hibernate.type.BasicTypeRegistry&amp#27;[0;39m: Adding type registration Character[] -> org.hibernate.type.CharacterArrayType@49c1e294
&amp#27;[30m2020-02-08 10:21:43,956&amp#27;[0;39m &amp#27;[39mDEBUG&amp#27;[0;39m [&amp#27;[34mmain&amp#27;[0;39m] &amp#27;[33morg.hibernate.type.BasicTypeRegistry&amp#27;[0;39m: Adding type registration text -> org.hibernate.type.TextType@124eb83d
&amp#27;[30m2020-02-08 10:21:43,956&amp#27;[0;39m &amp#27;[39mDEBUG&amp#27;[0;39m [&amp#27;[34mmain&amp#27;[0;39m] &amp#27;[33morg.hibernate.type.BasicTypeRegistry&amp#27;[0;39m: Adding type registration ntext -> org.hibernate.type.NTextType@4a22e4d7
&amp#27;[30m2020-02-08 10:21:43,956&amp#27;[0;39m &amp#27;[39mDEBUG&amp#27;[0;39m [&amp#27;[34mmain&amp#27;[0;39m] &amp#27;[33morg.hibernate.type.BasicTypeRegistry&amp#27;[0;39m: Adding type registration blob -> org.hibernate.type.BlobType@1e2445f6
&amp#27;[30m2020-02-08 10:21:43,957&amp#27;[0;39m &amp#27;[39mDEBUG&amp#27;[0;39m [&amp#27;[34mmain&amp#27;[0;39m] &amp#27;[33morg.hibernate.type.BasicTypeRegistry&amp#27;[0;39m: Adding type registration java.sql.Blob -> org.hibernate.type.BlobType@1e2445f6
&amp#27;[30m2020-02-08 10:21:43,957&amp#27;[0;39m &amp#27;[39mDEBUG&amp#27;[0;39m [&amp#27;[34mmain&amp#27;[0;39m] &amp#27;[33morg.hibernate.type.BasicTypeRegistry&amp#27;[0;39m: Adding type registration materialized_blob -> org.hibernate.type.MaterializedBlobType@6aea99e7
&amp#27;[30m2020-02-08 10:21:43,957&amp#27;[0;39m &amp#27;[39mDEBUG&amp#27;[0;39m [&amp#27;[34mmain&amp#27;[0;39m] &amp#27;[33morg.hibernate.type.BasicTypeRegistry&amp#27;[0;39m: Adding type registration clob -> org.hibernate.type.ClobType@39652a30
&amp#27;[30m2020-02-08 10:21:43,957&amp#27;[0;39m &amp#27;[39mDEBUG&amp#27;[0;39m [&amp#27;[34mmain&amp#27;[0;39m] &amp#27;[33morg.hibernate.type.BasicTypeRegistry&amp#27;[0;39m: Adding type registration java.sql.Clob -> org.hibernate.type.ClobType@39652a30
&amp#27;[30m2020-02-08 10:21:43,957&amp#27;[0;39m &amp#27;[39mDEBUG&amp#27;[0;39m [&amp#27;[34mmain&amp#27;[0;39m] &amp#27;[33morg.hibernate.type.BasicTypeRegistry&amp#27;[0;39m: Adding type registration nclob -> org.hibernate.type.NClobType@559991f5
&amp#27;[30m2020-02-08 10:21:43,957&amp#27;[0;39m &amp#27;[39mDEBUG&amp#27;[0;39m [&amp#27;[34mmain&amp#27;[0;39m] &amp#27;[33morg.hibernate.type.BasicTypeRegistry&amp#27;[0;39m: Adding type registration java.sql.NClob -> org.hibernate.type.NClobType@559991f5
&amp#27;[30m2020-02-08 10:21:43,958&amp#27;[0;39m &amp#27;[39mDEBUG&amp#27;[0;39m [&amp#27;[34mmain&amp#27;[0;39m] &amp#27;[33morg.hibernate.type.BasicTypeRegistry&amp#27;[0;39m: Adding type registration materialized_clob -> org.hibernate.type.MaterializedClobType@61d60e38
&amp#27;[30m2020-02-08 10:21:43,958&amp#27;[0;39m &amp#27;[39mDEBUG&amp#27;[0;39m [&amp#27;[34mmain&amp#27;[0;39m] &amp#27;[33morg.hibernate.type.BasicTypeRegistry&amp#27;[0;39m: Adding type registration materialized_nclob -> org.hibernate.type.MaterializedNClobType@20256a0b
&amp#27;[30m2020-02-08 10:21:43,958&amp#27;[0;39m &amp#27;[39mDEBUG&amp#27;[0;39m [&amp#27;[34mmain&amp#27;[0;39m] &amp#27;[33morg.hibernate.type.BasicTypeRegistry&amp#27;[0;39m: Adding type registration serializable -> org.hibernate.type.SerializableType@ceb7701
&amp#27;[30m2020-02-08 10:21:43,958&amp#27;[0;39m &amp#27;[39mDEBUG&amp#27;[0;39m [&amp#27;[34mmain&amp#27;[0;39m] &amp#27;[33morg.hibernate.type.BasicTypeRegistry&amp#27;[0;39m: Adding type registration object -> org.hibernate.type.ObjectType@61b60600
&amp#27;[30m2020-02-08 10:21:43,958&amp#27;[0;39m &amp#27;[39mDEBUG&amp#27;[0;39m [&amp#27;[34mmain&amp#27;[0;39m] &amp#27;[33morg.hibernate.type.BasicTypeRegistry&amp#27;[0;39m: Adding type registration java.lang.Object -> org.hibernate.type.ObjectType@61b60600
&amp#27;[30m2020-02-08 10:21:43,958&amp#27;[0;39m &amp#27;[39mDEBUG&amp#27;[0;39m [&amp#27;[34mmain&amp#27;[0;39m] &amp#27;[33morg.hibernate.type.BasicTypeRegistry&amp#27;[0;39m: Adding type registration imm_date -> org.hibernate.type.AdaptedImmutableType@71cdb24
&amp#27;[30m2020-02-08 10:21:43,959&amp#27;[0;39m &amp#27;[39mDEBUG&amp#27;[0;39m [&amp#27;[34mmain&amp#27;[0;39m] &amp#27;[33morg.hibernate.type.BasicTypeRegistry&amp#27;[0;39m: Adding type registration imm_time -> org.hibernate.type.AdaptedImmutableType@33a1bb90
&amp#27;[30m2020-02-08 10:21:43,959&amp#27;[0;39m &amp#27;[39mDEBUG&amp#27;[0;39m [&amp#27;[34mmain&amp#27;[0;39m] &amp#27;[33morg.hibernate.type.BasicTypeRegistry&amp#27;[0;39m: Adding type registration imm_timestamp -> org.hibernate.type.AdaptedImmutableType@520b547c
&amp#27;[30m2020-02-08 10:21:43,959&amp#27;[0;39m &amp#27;[39mDEBUG&amp#27;[0;39m [&amp#27;[34mmain&amp#27;[0;39m] &amp#27;[33morg.hibernate.type.BasicTypeRegistry&amp#27;[0;39m: Adding type registration imm_dbtimestamp -> org.hibernate.type.AdaptedImmutableType@79c4c973
&amp#27;[30m2020-02-08 10:21:43,959&amp#27;[0;39m &amp#27;[39mDEBUG&amp#27;[0;39m [&amp#27;[34mmain&amp#27;[0;39m] &amp#27;[33morg.hibernate.type.BasicTypeRegistry&amp#27;[0;39m: Adding type registration imm_calendar -> org.hibernate.type.AdaptedImmutableType@18e0f894
&amp#27;[30m2020-02-08 10:21:43,959&amp#27;[0;39m &amp#27;[39mDEBUG&amp#27;[0;39m [&amp#27;[34mmain&amp#27;[0;39m] &amp#27;[33morg.hibernate.type.BasicTypeRegistry&amp#27;[0;39m: Adding type registration imm_calendar_date -> org.hibernate.type.AdaptedImmutableType@2623ad23
&amp#27;[30m2020-02-08 10:21:43,959&amp#27;[0;39m &amp#27;[39mDEBUG&amp#27;[0;39m [&amp#27;[34mmain&amp#27;[0;39m] &amp#27;[33morg.hibernate.type.BasicTypeRegistry&amp#27;[0;39m: Adding type registration imm_binary -> org.hibernate.type.AdaptedImmutableType@2e03b52f
&amp#27;[30m2020-02-08 10:21:43,960&amp#27;[0;39m &amp#27;[39mDEBUG&amp#27;[0;39m [&amp#27;[34mmain&amp#27;[0;39m] &amp#27;[33morg.hibernate.type.BasicTypeRegistry&amp#27;[0;39m: Adding type registration imm_serializable -> org.hibernate.type.AdaptedImmutableType@71d37ecd
&amp#27;[30m2020-02-08 10:21:43,961&amp#27;[0;39m &amp#27;[39mDEBUG&amp#27;[0;39m [&amp#27;[34mmain&amp#27;[0;39m] &amp#27;[33morg.hibernate.boot.internal.BootstrapContextImpl&amp#27;[0;39m: Injecting JPA temp ClassLoader [org.springframework.instrument.classloading.SimpleThrowawayClassLoader@5519ee60] into BootstrapContext; was [null]
&amp#27;[30m2020-02-08 10:21:43,961&amp#27;[0;39m &amp#27;[39mDEBUG&amp#27;[0;39m [&amp#27;[34mmain&amp#27;[0;39m] &amp#27;[33morg.hibernate.boot.internal.ClassLoaderAccessImpl&amp#27;[0;39m: ClassLoaderAccessImpl#injectTempClassLoader(org.springframework.instrument.classloading.SimpleThrowawayClassLoader@5519ee60) [was null]
&amp#27;[30m2020-02-08 10:21:43,961&amp#27;[0;39m &amp#27;[39mDEBUG&amp#27;[0;39m [&amp#27;[34mmain&amp#27;[0;39m] &amp#27;[33morg.hibernate.boot.internal.BootstrapContextImpl&amp#27;[0;39m: Injecting ScanEnvironment [org.hibernate.jpa.boot.internal.StandardJpaScanEnvironmentImpl@66008321] into BootstrapContext; was [null]
&amp#27;[30m2020-02-08 10:21:43,961&amp#27;[0;39m &amp#27;[39mDEBUG&amp#27;[0;39m [&amp#27;[34mmain&amp#27;[0;39m] &amp#27;[33morg.hibernate.boot.internal.BootstrapContextImpl&amp#27;[0;39m: Injecting ScanOptions [org.hibernate.boot.archive.scan.internal.StandardScanOptions@c4fac3a] into BootstrapContext; was [org.hibernate.boot.archive.scan.internal.StandardScanOptions@22e8f04c]
&amp#27;[30m2020-02-08 10:21:43,964&amp#27;[0;39m &amp#27;[39mDEBUG&amp#27;[0;39m [&amp#27;[34mmain&amp#27;[0;39m] &amp#27;[33morg.hibernate.boot.internal.BootstrapContextImpl&amp#27;[0;39m: Injecting JPA temp ClassLoader [null] into BootstrapContext; was [org.springframework.instrument.classloading.SimpleThrowawayClassLoader@5519ee60]
&amp#27;[30m2020-02-08 10:21:43,964&amp#27;[0;39m &amp#27;[39mDEBUG&amp#27;[0;39m [&amp#27;[34mmain&amp#27;[0;39m] &amp#27;[33morg.hibernate.boot.internal.ClassLoaderAccessImpl&amp#27;[0;39m: ClassLoaderAccessImpl#injectTempClassLoader(null) [was org.springframework.instrument.classloading.SimpleThrowawayClassLoader@5519ee60]
&amp#27;[30m2020-02-08 10:21:43,965&amp#27;[0;39m &amp#27;[39mDEBUG&amp#27;[0;39m [&amp#27;[34mmain&amp#27;[0;39m] &amp#27;[33morg.hibernate.id.factory.internal.DefaultIdentifierGeneratorFactory&amp#27;[0;39m: Registering IdentifierGenerator strategy [uuid2] -> [org.hibernate.id.UUIDGenerator]
&amp#27;[30m2020-02-08 10:21:43,965&amp#27;[0;39m &amp#27;[39mDEBUG&amp#27;[0;39m [&amp#27;[34mmain&amp#27;[0;39m] &amp#27;[33morg.hibernate.id.factory.internal.DefaultIdentifierGeneratorFactory&amp#27;[0;39m: Registering IdentifierGenerator strategy [guid] -> [org.hibernate.id.GUIDGenerator]
&amp#27;[30m2020-02-08 10:21:43,965&amp#27;[0;39m &amp#27;[39mDEBUG&amp#27;[0;39m [&amp#27;[34mmain&amp#27;[0;39m] &amp#27;[33morg.hibernate.id.factory.internal.DefaultIdentifierGeneratorFactory&amp#27;[0;39m: Registering IdentifierGenerator strategy [uuid] -> [org.hibernate.id.UUIDHexGenerator]
&amp#27;[30m2020-02-08 10:21:43,965&amp#27;[0;39m &amp#27;[39mDEBUG&amp#27;[0;39m [&amp#27;[34mmain&amp#27;[0;39m] &amp#27;[33morg.hibernate.id.factory.internal.DefaultIdentifierGeneratorFactory&amp#27;[0;39m: Registering IdentifierGenerator strategy [uuid.hex] -> [org.hibernate.id.UUIDHexGenerator]
&amp#27;[30m2020-02-08 10:21:43,965&amp#27;[0;39m &amp#27;[39mDEBUG&amp#27;[0;39m [&amp#27;[34mmain&amp#27;[0;39m] &amp#27;[33morg.hibernate.id.factory.internal.DefaultIdentifierGeneratorFactory&amp#27;[0;39m: Registering IdentifierGenerator strategy [assigned] -> [org.hibernate.id.Assigned]
&amp#27;[30m2020-02-08 10:21:43,966&amp#27;[0;39m &amp#27;[39mDEBUG&amp#27;[0;39m [&amp#27;[34mmain&amp#27;[0;39m] &amp#27;[33morg.hibernate.id.factory.internal.DefaultIdentifierGeneratorFactory&amp#27;[0;39m: Registering IdentifierGenerator strategy [identity] -> [org.hibernate.id.IdentityGenerator]
&amp#27;[30m2020-02-08 10:21:43,966&amp#27;[0;39m &amp#27;[39mDEBUG&amp#27;[0;39m [&amp#27;[34mmain&amp#27;[0;39m] &amp#27;[33morg.hibernate.id.factory.internal.DefaultIdentifierGeneratorFactory&amp#27;[0;39m: Registering IdentifierGenerator strategy [select] -> [org.hibernate.id.SelectGenerator]
&amp#27;[30m2020-02-08 10:21:43,966&amp#27;[0;39m &amp#27;[39mDEBUG&amp#27;[0;39m [&amp#27;[34mmain&amp#27;[0;39m] &amp#27;[33morg.hibernate.id.factory.internal.DefaultIdentifierGeneratorFactory&amp#27;[0;39m: Registering IdentifierGenerator strategy [sequence] -> [org.hibernate.id.enhanced.SequenceStyleGenerator]
&amp#27;[30m2020-02-08 10:21:43,966&amp#27;[0;39m &amp#27;[39mDEBUG&amp#27;[0;39m [&amp#27;[34mmain&amp#27;[0;39m] &amp#27;[33morg.hibernate.id.factory.internal.DefaultIdentifierGeneratorFactory&amp#27;[0;39m: Registering IdentifierGenerator strategy [seqhilo] -> [org.hibernate.id.SequenceHiLoGenerator]
&amp#27;[30m2020-02-08 10:21:43,966&amp#27;[0;39m &amp#27;[39mDEBUG&amp#27;[0;39m [&amp#27;[34mmain&amp#27;[0;39m] &amp#27;[33morg.hibernate.id.factory.internal.DefaultIdentifierGeneratorFactory&amp#27;[0;39m: Registering IdentifierGenerator strategy [increment] -> [org.hibernate.id.IncrementGenerator]
&amp#27;[30m2020-02-08 10:21:43,967&amp#27;[0;39m &amp#27;[39mDEBUG&amp#27;[0;39m [&amp#27;[34mmain&amp#27;[0;39m] &amp#27;[33morg.hibernate.id.factory.internal.DefaultIdentifierGeneratorFactory&amp#27;[0;39m: Registering IdentifierGenerator strategy [foreign] -> [org.hibernate.id.ForeignGenerator]
&amp#27;[30m2020-02-08 10:21:43,967&amp#27;[0;39m &amp#27;[39mDEBUG&amp#27;[0;39m [&amp#27;[34mmain&amp#27;[0;39m] &amp#27;[33morg.hibernate.id.factory.internal.DefaultIdentifierGeneratorFactory&amp#27;[0;39m: Registering IdentifierGenerator strategy [sequence-identity] -> [org.hibernate.id.SequenceIdentityGenerator]
&amp#27;[30m2020-02-08 10:21:43,967&amp#27;[0;39m &amp#27;[39mDEBUG&amp#27;[0;39m [&amp#27;[34mmain&amp#27;[0;39m] &amp#27;[33morg.hibernate.id.factory.internal.DefaultIdentifierGeneratorFactory&amp#27;[0;39m: Registering IdentifierGenerator strategy [enhanced-sequence] -> [org.hibernate.id.enhanced.SequenceStyleGenerator]
&amp#27;[30m2020-02-08 10:21:43,967&amp#27;[0;39m &amp#27;[39mDEBUG&amp#27;[0;39m [&amp#27;[34mmain&amp#27;[0;39m] &amp#27;[33morg.hibernate.id.factory.internal.DefaultIdentifierGeneratorFactory&amp#27;[0;39m: Registering IdentifierGenerator strategy [enhanced-table] -> [org.hibernate.id.enhanced.TableGenerator]
&amp#27;[30m2020-02-08 10:21:43,968&amp#27;[0;39m &amp#27;[39mDEBUG&amp#27;[0;39m [&amp#27;[34mmain&amp#27;[0;39m] &amp#27;[33morg.hibernate.engine.jdbc.env.internal.JdbcEnvironmentInitiator&amp#27;[0;39m: Database ->
       name : H2
    version : 1.4.199 (2019-03-13)
      major : 1
      minor : 4
&amp#27;[30m2020-02-08 10:21:43,968&amp#27;[0;39m &amp#27;[39mDEBUG&amp#27;[0;39m [&amp#27;[34mmain&amp#27;[0;39m] &amp#27;[33morg.hibernate.engine.jdbc.env.internal.JdbcEnvironmentInitiator&amp#27;[0;39m: Driver ->
       name : H2 JDBC Driver
    version : 1.4.199 (2019-03-13)
      major : 1
      minor : 4
&amp#27;[30m2020-02-08 10:21:43,968&amp#27;[0;39m &amp#27;[39mDEBUG&amp#27;[0;39m [&amp#27;[34mmain&amp#27;[0;39m] &amp#27;[33morg.jboss.logging.DelegatingBasicLogger&amp#27;[0;39m: JDBC version : 4.1
&amp#27;[30m2020-02-08 10:21:43,968&amp#27;[0;39m &amp#27;[34mINFO &amp#27;[0;39m [&amp#27;[34mmain&amp#27;[0;39m] &amp#27;[33morg.hibernate.dialect.Dialect&amp#27;[0;39m: HHH000400: Using dialect: org.hibernate.dialect.H2Dialect
&amp#27;[30m2020-02-08 10:21:43,973&amp#27;[0;39m &amp#27;[39mDEBUG&amp#27;[0;39m [&amp#27;[34mmain&amp#27;[0;39m] &amp#27;[33morg.hibernate.engine.jdbc.env.spi.IdentifierHelperBuilder&amp#27;[0;39m: JDBC driver metadata reported database stores quoted identifiers in neither upper, lower nor mixed case
&amp#27;[30m2020-02-08 10:21:43,978&amp#27;[0;39m &amp#27;[39mDEBUG&amp#27;[0;39m [&amp#27;[34mmain&amp#27;[0;39m] &amp#27;[33morg.hibernate.boot.model.relational.Namespace&amp#27;[0;39m: Created database namespace [logicalName=Name{catalog=null, schema=null}, physicalName=Name{catalog=null, schema=null}]
&amp#27;[30m2020-02-08 10:21:43,978&amp#27;[0;39m &amp#27;[39mDEBUG&amp#27;[0;39m [&amp#27;[34mmain&amp#27;[0;39m] &amp#27;[33morg.hibernate.type.spi.TypeConfiguration&amp#27;[0;39m: Scoping TypeConfiguration [org.hibernate.type.spi.TypeConfiguration@226346d4] to MetadataBuildingContext [org.hibernate.boot.internal.MetadataBuildingContextRootImpl@7aeb5402]
&amp#27;[30m2020-02-08 10:21:43,979&amp#27;[0;39m &amp#27;[39mDEBUG&amp#27;[0;39m [&amp#27;[34mmain&amp#27;[0;39m] &amp#27;[33morg.hibernate.cfg.AnnotationBinder&amp#27;[0;39m: Binding entity from annotated class: in.rgukt.r081247.universityapi.entity.Course
&amp#27;[30m2020-02-08 10:21:43,979&amp#27;[0;39m &amp#27;[39mDEBUG&amp#27;[0;39m [&amp#27;[34mmain&amp#27;[0;39m] &amp#27;[33morg.hibernate.cfg.Ejb3Column&amp#27;[0;39m: Binding column: Ejb3DiscriminatorColumn{logicalColumnName'DTYPE', discriminatorTypeName='string'}
&amp#27;[30m2020-02-08 10:21:43,979&amp#27;[0;39m &amp#27;[39mDEBUG&amp#27;[0;39m [&amp#27;[34mmain&amp#27;[0;39m] &amp#27;[33morg.hibernate.cfg.annotations.EntityBinder&amp#27;[0;39m: Import with entity name Course
&amp#27;[30m2020-02-08 10:21:43,980&amp#27;[0;39m &amp#27;[39mDEBUG&amp#27;[0;39m [&amp#27;[34mmain&amp#27;[0;39m] &amp#27;[33morg.hibernate.cfg.annotations.EntityBinder&amp#27;[0;39m: Bind entity in.rgukt.r081247.universityapi.entity.Course on table course
&amp#27;[30m2020-02-08 10:21:43,984&amp#27;[0;39m &amp#27;[39mDEBUG&amp#27;[0;39m [&amp#27;[34mmain&amp#27;[0;39m] &amp#27;[33morg.hibernate.cfg.Ejb3Column&amp#27;[0;39m: Binding column: Ejb3Column{table=org.hibernate.mapping.Table(course), mappingColumn=id, insertable=true, updatable=true, unique=false}
&amp#27;[30m2020-02-08 10:21:43,985&amp#27;[0;39m &amp#27;[39mDEBUG&amp#27;[0;39m [&amp#27;[34mmain&amp#27;[0;39m] &amp#27;[33morg.hibernate.cfg.annotations.PropertyBinder&amp#27;[0;39m: MetadataSourceProcessor property id with lazy=false
&amp#27;[30m2020-02-08 10:21:43,985&amp#27;[0;39m &amp#27;[39mDEBUG&amp#27;[0;39m [&amp#27;[34mmain&amp#27;[0;39m] &amp#27;[33morg.hibernate.cfg.AbstractPropertyHolder&amp#27;[0;39m: Attempting to locate auto-apply AttributeConverter for property [in.rgukt.r081247.universityapi.entity.Course:id]
&amp#27;[30m2020-02-08 10:21:43,985&amp#27;[0;39m &amp#27;[39mDEBUG&amp#27;[0;39m [&amp#27;[34mmain&amp#27;[0;39m] &amp#27;[33morg.hibernate.cfg.annotations.SimpleValueBinder&amp#27;[0;39m: building SimpleValue for id
&amp#27;[30m2020-02-08 10:21:43,985&amp#27;[0;39m &amp#27;[39mDEBUG&amp#27;[0;39m [&amp#27;[34mmain&amp#27;[0;39m] &amp#27;[33morg.hibernate.cfg.annotations.PropertyBinder&amp#27;[0;39m: Building property id
&amp#27;[30m2020-02-08 10:21:43,986&amp#27;[0;39m &amp#27;[39mDEBUG&amp#27;[0;39m [&amp#27;[34mmain&amp#27;[0;39m] &amp#27;[33morg.hibernate.cfg.BinderHelper&amp#27;[0;39m: #makeIdGenerator(org.hibernate.mapping.SimpleValue([org.hibernate.mapping.Column(id)]), id, identity, , ...)
&amp#27;[30m2020-02-08 10:21:43,986&amp#27;[0;39m &amp#27;[39mDEBUG&amp#27;[0;39m [&amp#27;[34mmain&amp#27;[0;39m] &amp#27;[33morg.hibernate.cfg.Ejb3Column&amp#27;[0;39m: Binding column: Ejb3JoinColumn{logicalColumnName='DEPARTMENT_ID', referencedColumn='', mappedBy=''}
&amp#27;[30m2020-02-08 10:21:43,987&amp#27;[0;39m &amp#27;[39mDEBUG&amp#27;[0;39m [&amp#27;[34mmain&amp#27;[0;39m] &amp#27;[33morg.hibernate.cfg.Ejb3Column&amp#27;[0;39m: Binding column: Ejb3Column{table=org.hibernate.mapping.Table(course), mappingColumn=department, insertable=true, updatable=true, unique=false}
&amp#27;[30m2020-02-08 10:21:43,988&amp#27;[0;39m &amp#27;[39mDEBUG&amp#27;[0;39m [&amp#27;[34mmain&amp#27;[0;39m] &amp#27;[33morg.hibernate.cfg.annotations.PropertyBinder&amp#27;[0;39m: Building property department
&amp#27;[30m2020-02-08 10:21:43,989&amp#27;[0;39m &amp#27;[39mDEBUG&amp#27;[0;39m [&amp#27;[34mmain&amp#27;[0;39m] &amp#27;[33morg.hibernate.cfg.Ejb3Column&amp#27;[0;39m: Binding column: Ejb3Column{table=org.hibernate.mapping.Table(course), mappingColumn=name, insertable=true, updatable=true, unique=false}
&amp#27;[30m2020-02-08 10:21:43,989&amp#27;[0;39m &amp#27;[39mDEBUG&amp#27;[0;39m [&amp#27;[34mmain&amp#27;[0;39m] &amp#27;[33morg.hibernate.cfg.annotations.PropertyBinder&amp#27;[0;39m: MetadataSourceProcessor property name with lazy=false
&amp#27;[30m2020-02-08 10:21:43,989&amp#27;[0;39m &amp#27;[39mDEBUG&amp#27;[0;39m [&amp#27;[34mmain&amp#27;[0;39m] &amp#27;[33morg.hibernate.cfg.AbstractPropertyHolder&amp#27;[0;39m: Attempting to locate auto-apply AttributeConverter for property [in.rgukt.r081247.universityapi.entity.Course:name]
&amp#27;[30m2020-02-08 10:21:43,990&amp#27;[0;39m &amp#27;[39mDEBUG&amp#27;[0;39m [&amp#27;[34mmain&amp#27;[0;39m] &amp#27;[33morg.hibernate.cfg.annotations.SimpleValueBinder&amp#27;[0;39m: building SimpleValue for name
&amp#27;[30m2020-02-08 10:21:43,990&amp#27;[0;39m &amp#27;[39mDEBUG&amp#27;[0;39m [&amp#27;[34mmain&amp#27;[0;39m] &amp#27;[33morg.hibernate.cfg.annotations.PropertyBinder&amp#27;[0;39m: Building property name
&amp#27;[30m2020-02-08 10:21:43,990&amp#27;[0;39m &amp#27;[39mDEBUG&amp#27;[0;39m [&amp#27;[34mmain&amp#27;[0;39m] &amp#27;[33morg.hibernate.cfg.Ejb3Column&amp#27;[0;39m: Binding column: Ejb3Column{table=org.hibernate.mapping.Table(course), mappingColumn=null, insertable=true, updatable=true, unique=false}
&amp#27;[30m2020-02-08 10:21:43,991&amp#27;[0;39m &amp#27;[39mDEBUG&amp#27;[0;39m [&amp#27;[34mmain&amp#27;[0;39m] &amp#27;[33morg.hibernate.cfg.Ejb3Column&amp#27;[0;39m: Binding column: Ejb3Column{table=org.hibernate.mapping.Table(course), mappingColumn=element, insertable=true, updatable=true, unique=false}
&amp#27;[30m2020-02-08 10:21:43,991&amp#27;[0;39m &amp#27;[39mDEBUG&amp#27;[0;39m [&amp#27;[34mmain&amp#27;[0;39m] &amp#27;[33morg.hibernate.cfg.Ejb3Column&amp#27;[0;39m: Binding column: Ejb3Column{table=org.hibernate.mapping.Table(course), mappingColumn=students_key, insertable=true, updatable=true, unique=false}
&amp#27;[30m2020-02-08 10:21:43,991&amp#27;[0;39m &amp#27;[39mDEBUG&amp#27;[0;39m [&amp#27;[34mmain&amp#27;[0;39m] &amp#27;[33morg.hibernate.cfg.Ejb3Column&amp#27;[0;39m: Binding column: Ejb3JoinColumn{logicalColumnName='students_KEY', referencedColumn='null', mappedBy='null'}
&amp#27;[30m2020-02-08 10:21:43,991&amp#27;[0;39m &amp#27;[39mDEBUG&amp#27;[0;39m [&amp#27;[34mmain&amp#27;[0;39m] &amp#27;[33morg.hibernate.cfg.Ejb3Column&amp#27;[0;39m: Binding column: Ejb3JoinColumn{logicalColumnName='null', referencedColumn='null', mappedBy='courses'}
&amp#27;[30m2020-02-08 10:21:43,992&amp#27;[0;39m &amp#27;[39mDEBUG&amp#27;[0;39m [&amp#27;[34mmain&amp#27;[0;39m] &amp#27;[33morg.hibernate.cfg.Ejb3Column&amp#27;[0;39m: Binding column: Ejb3JoinColumn{logicalColumnName='null', referencedColumn='null', mappedBy='courses'}
&amp#27;[30m2020-02-08 10:21:43,992&amp#27;[0;39m &amp#27;[39mDEBUG&amp#27;[0;39m [&amp#27;[34mmain&amp#27;[0;39m] &amp#27;[33morg.hibernate.cfg.annotations.CollectionBinder&amp#27;[0;39m: Collection role: in.rgukt.r081247.universityapi.entity.Course.students
&amp#27;[30m2020-02-08 10:21:43,992&amp#27;[0;39m &amp#27;[39mDEBUG&amp#27;[0;39m [&amp#27;[34mmain&amp#27;[0;39m] &amp#27;[33morg.hibernate.cfg.annotations.PropertyBinder&amp#27;[0;39m: Building property students
&amp#27;[30m2020-02-08 10:21:43,992&amp#27;[0;39m &amp#27;[39mDEBUG&amp#27;[0;39m [&amp#27;[34mmain&amp#27;[0;39m] &amp#27;[33morg.hibernate.cfg.AnnotationBinder&amp#27;[0;39m: Binding entity from annotated class: in.rgukt.r081247.universityapi.entity.Department
&amp#27;[30m2020-02-08 10:21:43,993&amp#27;[0;39m &amp#27;[39mDEBUG&amp#27;[0;39m [&amp#27;[34mmain&amp#27;[0;39m] &amp#27;[33morg.hibernate.cfg.Ejb3Column&amp#27;[0;39m: Binding column: Ejb3DiscriminatorColumn{logicalColumnName'DTYPE', discriminatorTypeName='string'}
&amp#27;[30m2020-02-08 10:21:43,993&amp#27;[0;39m &amp#27;[39mDEBUG&amp#27;[0;39m [&amp#27;[34mmain&amp#27;[0;39m] &amp#27;[33morg.hibernate.cfg.annotations.EntityBinder&amp#27;[0;39m: Import with entity name Department
&amp#27;[30m2020-02-08 10:21:43,993&amp#27;[0;39m &amp#27;[39mDEBUG&amp#27;[0;39m [&amp#27;[34mmain&amp#27;[0;39m] &amp#27;[33morg.hibernate.cfg.annotations.EntityBinder&amp#27;[0;39m: Bind entity in.rgukt.r081247.universityapi.entity.Department on table department
&amp#27;[30m2020-02-08 10:21:43,994&amp#27;[0;39m &amp#27;[39mDEBUG&amp#27;[0;39m [&amp#27;[34mmain&amp#27;[0;39m] &amp#27;[33morg.hibernate.cfg.Ejb3Column&amp#27;[0;39m: Binding column: Ejb3Column{table=org.hibernate.mapping.Table(department), mappingColumn=id, insertable=true, updatable=true, unique=false}
&amp#27;[30m2020-02-08 10:21:43,994&amp#27;[0;39m &amp#27;[39mDEBUG&amp#27;[0;39m [&amp#27;[34mmain&amp#27;[0;39m] &amp#27;[33morg.hibernate.cfg.annotations.PropertyBinder&amp#27;[0;39m: MetadataSourceProcessor property id with lazy=false
&amp#27;[30m2020-02-08 10:21:43,994&amp#27;[0;39m &amp#27;[39mDEBUG&amp#27;[0;39m [&amp#27;[34mmain&amp#27;[0;39m] &amp#27;[33morg.hibernate.cfg.AbstractPropertyHolder&amp#27;[0;39m: Attempting to locate auto-apply AttributeConverter for property [in.rgukt.r081247.universityapi.entity.Department:id]
&amp#27;[30m2020-02-08 10:21:43,995&amp#27;[0;39m &amp#27;[39mDEBUG&amp#27;[0;39m [&amp#27;[34mmain&amp#27;[0;39m] &amp#27;[33morg.hibernate.cfg.annotations.SimpleValueBinder&amp#27;[0;39m: building SimpleValue for id
&amp#27;[30m2020-02-08 10:21:43,995&amp#27;[0;39m &amp#27;[39mDEBUG&amp#27;[0;39m [&amp#27;[34mmain&amp#27;[0;39m] &amp#27;[33morg.hibernate.cfg.annotations.PropertyBinder&amp#27;[0;39m: Building property id
&amp#27;[30m2020-02-08 10:21:43,995&amp#27;[0;39m &amp#27;[39mDEBUG&amp#27;[0;39m [&amp#27;[34mmain&amp#27;[0;39m] &amp#27;[33morg.hibernate.cfg.BinderHelper&amp#27;[0;39m: #makeIdGenerator(org.hibernate.mapping.SimpleValue([org.hibernate.mapping.Column(id)]), id, identity, , ...)
&amp#27;[30m2020-02-08 10:21:43,995&amp#27;[0;39m &amp#27;[39mDEBUG&amp#27;[0;39m [&amp#27;[34mmain&amp#27;[0;39m] &amp#27;[33morg.hibernate.cfg.Ejb3Column&amp#27;[0;39m: Binding column: Ejb3JoinColumn{logicalColumnName='null', referencedColumn='null', mappedBy='department'}
&amp#27;[30m2020-02-08 10:21:43,996&amp#27;[0;39m &amp#27;[39mDEBUG&amp#27;[0;39m [&amp#27;[34mmain&amp#27;[0;39m] &amp#27;[33morg.hibernate.cfg.Ejb3Column&amp#27;[0;39m: Binding column: Ejb3Column{table=org.hibernate.mapping.Table(department), mappingColumn=courses, insertable=true, updatable=true, unique=false}
&amp#27;[30m2020-02-08 10:21:43,996&amp#27;[0;39m &amp#27;[39mDEBUG&amp#27;[0;39m [&amp#27;[34mmain&amp#27;[0;39m] &amp#27;[33morg.hibernate.cfg.Ejb3Column&amp#27;[0;39m: Binding column: Ejb3Column{table=org.hibernate.mapping.Table(department), mappingColumn=null, insertable=true, updatable=true, unique=false}
&amp#27;[30m2020-02-08 10:21:43,996&amp#27;[0;39m &amp#27;[39mDEBUG&amp#27;[0;39m [&amp#27;[34mmain&amp#27;[0;39m] &amp#27;[33morg.hibernate.cfg.Ejb3Column&amp#27;[0;39m: Binding column: Ejb3Column{table=org.hibernate.mapping.Table(department), mappingColumn=element, insertable=true, updatable=true, unique=false}
&amp#27;[30m2020-02-08 10:21:43,997&amp#27;[0;39m &amp#27;[39mDEBUG&amp#27;[0;39m [&amp#27;[34mmain&amp#27;[0;39m] &amp#27;[33morg.hibernate.cfg.Ejb3Column&amp#27;[0;39m: Binding column: Ejb3Column{table=org.hibernate.mapping.Table(department), mappingColumn=courses_key, insertable=true, updatable=true, unique=false}
&amp#27;[30m2020-02-08 10:21:43,997&amp#27;[0;39m &amp#27;[39mDEBUG&amp#27;[0;39m [&amp#27;[34mmain&amp#27;[0;39m] &amp#27;[33morg.hibernate.cfg.Ejb3Column&amp#27;[0;39m: Binding column: Ejb3JoinColumn{logicalColumnName='courses_KEY', referencedColumn='null', mappedBy='null'}
&amp#27;[30m2020-02-08 10:21:43,997&amp#27;[0;39m &amp#27;[39mDEBUG&amp#27;[0;39m [&amp#27;[34mmain&amp#27;[0;39m] &amp#27;[33morg.hibernate.cfg.Ejb3Column&amp#27;[0;39m: Binding column: Ejb3JoinColumn{logicalColumnName='null', referencedColumn='null', mappedBy='department'}
&amp#27;[30m2020-02-08 10:21:43,997&amp#27;[0;39m &amp#27;[39mDEBUG&amp#27;[0;39m [&amp#27;[34mmain&amp#27;[0;39m] &amp#27;[33morg.hibernate.cfg.Ejb3Column&amp#27;[0;39m: Binding column: Ejb3JoinColumn{logicalColumnName='null', referencedColumn='null', mappedBy='department'}
&amp#27;[30m2020-02-08 10:21:43,997&amp#27;[0;39m &amp#27;[39mDEBUG&amp#27;[0;39m [&amp#27;[34mmain&amp#27;[0;39m] &amp#27;[33morg.hibernate.cfg.annotations.CollectionBinder&amp#27;[0;39m: Collection role: in.rgukt.r081247.universityapi.entity.Department.courses
&amp#27;[30m2020-02-08 10:21:43,998&amp#27;[0;39m &amp#27;[39mDEBUG&amp#27;[0;39m [&amp#27;[34mmain&amp#27;[0;39m] &amp#27;[33morg.hibernate.cfg.annotations.PropertyBinder&amp#27;[0;39m: Building property courses
&amp#27;[30m2020-02-08 10:21:43,998&amp#27;[0;39m &amp#27;[39mDEBUG&amp#27;[0;39m [&amp#27;[34mmain&amp#27;[0;39m] &amp#27;[33morg.hibernate.cfg.Ejb3Column&amp#27;[0;39m: Binding column: Ejb3Column{table=org.hibernate.mapping.Table(department), mappingColumn=name, insertable=true, updatable=true, unique=false}
&amp#27;[30m2020-02-08 10:21:43,999&amp#27;[0;39m &amp#27;[39mDEBUG&amp#27;[0;39m [&amp#27;[34mmain&amp#27;[0;39m] &amp#27;[33morg.hibernate.cfg.annotations.PropertyBinder&amp#27;[0;39m: MetadataSourceProcessor property name with lazy=false
&amp#27;[30m2020-02-08 10:21:43,999&amp#27;[0;39m &amp#27;[39mDEBUG&amp#27;[0;39m [&amp#27;[34mmain&amp#27;[0;39m] &amp#27;[33morg.hibernate.cfg.AbstractPropertyHolder&amp#27;[0;39m: Attempting to locate auto-apply AttributeConverter for property [in.rgukt.r081247.universityapi.entity.Department:name]
&amp#27;[30m2020-02-08 10:21:43,999&amp#27;[0;39m &amp#27;[39mDEBUG&amp#27;[0;39m [&amp#27;[34mmain&amp#27;[0;39m] &amp#27;[33morg.hibernate.cfg.annotations.SimpleValueBinder&amp#27;[0;39m: building SimpleValue for name
&amp#27;[30m2020-02-08 10:21:43,999&amp#27;[0;39m &amp#27;[39mDEBUG&amp#27;[0;39m [&amp#27;[34mmain&amp#27;[0;39m] &amp#27;[33morg.hibernate.cfg.annotations.PropertyBinder&amp#27;[0;39m: Building property name
&amp#27;[30m2020-02-08 10:21:44,000&amp#27;[0;39m &amp#27;[39mDEBUG&amp#27;[0;39m [&amp#27;[34mmain&amp#27;[0;39m] &amp#27;[33morg.hibernate.cfg.AnnotationBinder&amp#27;[0;39m: Binding entity from annotated class: in.rgukt.r081247.universityapi.entity.Student
&amp#27;[30m2020-02-08 10:21:44,000&amp#27;[0;39m &amp#27;[39mDEBUG&amp#27;[0;39m [&amp#27;[34mmain&amp#27;[0;39m] &amp#27;[33morg.hibernate.cfg.Ejb3Column&amp#27;[0;39m: Binding column: Ejb3DiscriminatorColumn{logicalColumnName'DTYPE', discriminatorTypeName='string'}
&amp#27;[30m2020-02-08 10:21:44,000&amp#27;[0;39m &amp#27;[39mDEBUG&amp#27;[0;39m [&amp#27;[34mmain&amp#27;[0;39m] &amp#27;[33morg.hibernate.cfg.annotations.EntityBinder&amp#27;[0;39m: Import with entity name Student
&amp#27;[30m2020-02-08 10:21:44,000&amp#27;[0;39m &amp#27;[39mDEBUG&amp#27;[0;39m [&amp#27;[34mmain&amp#27;[0;39m] &amp#27;[33morg.hibernate.cfg.annotations.EntityBinder&amp#27;[0;39m: Bind entity in.rgukt.r081247.universityapi.entity.Student on table student
&amp#27;[30m2020-02-08 10:21:44,001&amp#27;[0;39m &amp#27;[39mDEBUG&amp#27;[0;39m [&amp#27;[34mmain&amp#27;[0;39m] &amp#27;[33morg.hibernate.cfg.Ejb3Column&amp#27;[0;39m: Binding column: Ejb3Column{table=org.hibernate.mapping.Table(student), mappingColumn=id, insertable=true, updatable=true, unique=false}
&amp#27;[30m2020-02-08 10:21:44,002&amp#27;[0;39m &amp#27;[39mDEBUG&amp#27;[0;39m [&amp#27;[34mmain&amp#27;[0;39m] &amp#27;[33morg.hibernate.cfg.annotations.PropertyBinder&amp#27;[0;39m: MetadataSourceProcessor property id with lazy=false
&amp#27;[30m2020-02-08 10:21:44,002&amp#27;[0;39m &amp#27;[39mDEBUG&amp#27;[0;39m [&amp#27;[34mmain&amp#27;[0;39m] &amp#27;[33morg.hibernate.cfg.AbstractPropertyHolder&amp#27;[0;39m: Attempting to locate auto-apply AttributeConverter for property [in.rgukt.r081247.universityapi.entity.Student:id]
&amp#27;[30m2020-02-08 10:21:44,002&amp#27;[0;39m &amp#27;[39mDEBUG&amp#27;[0;39m [&amp#27;[34mmain&amp#27;[0;39m] &amp#27;[33morg.hibernate.cfg.annotations.SimpleValueBinder&amp#27;[0;39m: building SimpleValue for id
&amp#27;[30m2020-02-08 10:21:44,002&amp#27;[0;39m &amp#27;[39mDEBUG&amp#27;[0;39m [&amp#27;[34mmain&amp#27;[0;39m] &amp#27;[33morg.hibernate.cfg.annotations.PropertyBinder&amp#27;[0;39m: Building property id
&amp#27;[30m2020-02-08 10:21:44,003&amp#27;[0;39m &amp#27;[39mDEBUG&amp#27;[0;39m [&amp#27;[34mmain&amp#27;[0;39m] &amp#27;[33morg.hibernate.cfg.BinderHelper&amp#27;[0;39m: #makeIdGenerator(org.hibernate.mapping.SimpleValue([org.hibernate.mapping.Column(id)]), id, identity, , ...)
&amp#27;[30m2020-02-08 10:21:44,003&amp#27;[0;39m &amp#27;[39mDEBUG&amp#27;[0;39m [&amp#27;[34mmain&amp#27;[0;39m] &amp#27;[33morg.hibernate.cfg.Ejb3Column&amp#27;[0;39m: Binding column: Ejb3Column{table=org.hibernate.mapping.Table(student), mappingColumn=null, insertable=true, updatable=true, unique=false}
&amp#27;[30m2020-02-08 10:21:44,004&amp#27;[0;39m &amp#27;[39mDEBUG&amp#27;[0;39m [&amp#27;[34mmain&amp#27;[0;39m] &amp#27;[33morg.hibernate.cfg.Ejb3Column&amp#27;[0;39m: Binding column: Ejb3Column{table=org.hibernate.mapping.Table(student), mappingColumn=element, insertable=true, updatable=true, unique=false}
&amp#27;[30m2020-02-08 10:21:44,004&amp#27;[0;39m &amp#27;[39mDEBUG&amp#27;[0;39m [&amp#27;[34mmain&amp#27;[0;39m] &amp#27;[33morg.hibernate.cfg.Ejb3Column&amp#27;[0;39m: Binding column: Ejb3Column{table=org.hibernate.mapping.Table(student), mappingColumn=courses_key, insertable=true, updatable=true, unique=false}
&amp#27;[30m2020-02-08 10:21:44,004&amp#27;[0;39m &amp#27;[39mDEBUG&amp#27;[0;39m [&amp#27;[34mmain&amp#27;[0;39m] &amp#27;[33morg.hibernate.cfg.Ejb3Column&amp#27;[0;39m: Binding column: Ejb3JoinColumn{logicalColumnName='courses_KEY', referencedColumn='null', mappedBy='null'}
&amp#27;[30m2020-02-08 10:21:44,005&amp#27;[0;39m &amp#27;[39mDEBUG&amp#27;[0;39m [&amp#27;[34mmain&amp#27;[0;39m] &amp#27;[33morg.hibernate.cfg.Ejb3Column&amp#27;[0;39m: Binding column: Ejb3JoinColumn{logicalColumnName='STUDENT_ID', referencedColumn='', mappedBy=''}
&amp#27;[30m2020-02-08 10:21:44,005&amp#27;[0;39m &amp#27;[39mDEBUG&amp#27;[0;39m [&amp#27;[34mmain&amp#27;[0;39m] &amp#27;[33morg.hibernate.cfg.Ejb3Column&amp#27;[0;39m: Binding column: Ejb3JoinColumn{logicalColumnName='COURSE_ID', referencedColumn='', mappedBy=''}
&amp#27;[30m2020-02-08 10:21:44,005&amp#27;[0;39m &amp#27;[39mDEBUG&amp#27;[0;39m [&amp#27;[34mmain&amp#27;[0;39m] &amp#27;[33morg.hibernate.cfg.annotations.CollectionBinder&amp#27;[0;39m: Collection role: in.rgukt.r081247.universityapi.entity.Student.courses
&amp#27;[30m2020-02-08 10:21:44,006&amp#27;[0;39m &amp#27;[39mDEBUG&amp#27;[0;39m [&amp#27;[34mmain&amp#27;[0;39m] &amp#27;[33morg.hibernate.cfg.annotations.PropertyBinder&amp#27;[0;39m: Building property courses
&amp#27;[30m2020-02-08 10:21:44,006&amp#27;[0;39m &amp#27;[39mDEBUG&amp#27;[0;39m [&amp#27;[34mmain&amp#27;[0;39m] &amp#27;[33morg.hibernate.cfg.Ejb3Column&amp#27;[0;39m: Binding column: Ejb3Column{table=org.hibernate.mapping.Table(student), mappingColumn=dob, insertable=true, updatable=true, unique=false}
&amp#27;[30m2020-02-08 10:21:44,006&amp#27;[0;39m &amp#27;[39mDEBUG&amp#27;[0;39m [&amp#27;[34mmain&amp#27;[0;39m] &amp#27;[33morg.hibernate.cfg.annotations.PropertyBinder&amp#27;[0;39m: MetadataSourceProcessor property dob with lazy=false
&amp#27;[30m2020-02-08 10:21:44,006&amp#27;[0;39m &amp#27;[39mDEBUG&amp#27;[0;39m [&amp#27;[34mmain&amp#27;[0;39m] &amp#27;[33morg.hibernate.cfg.AbstractPropertyHolder&amp#27;[0;39m: Attempting to locate auto-apply AttributeConverter for property [in.rgukt.r081247.universityapi.entity.Student:dob]
&amp#27;[30m2020-02-08 10:21:44,007&amp#27;[0;39m &amp#27;[39mDEBUG&amp#27;[0;39m [&amp#27;[34mmain&amp#27;[0;39m] &amp#27;[33morg.hibernate.cfg.annotations.SimpleValueBinder&amp#27;[0;39m: building SimpleValue for dob
&amp#27;[30m2020-02-08 10:21:44,007&amp#27;[0;39m &amp#27;[39mDEBUG&amp#27;[0;39m [&amp#27;[34mmain&amp#27;[0;39m] &amp#27;[33morg.hibernate.cfg.annotations.PropertyBinder&amp#27;[0;39m: Building property dob
&amp#27;[30m2020-02-08 10:21:44,007&amp#27;[0;39m &amp#27;[39mDEBUG&amp#27;[0;39m [&amp#27;[34mmain&amp#27;[0;39m] &amp#27;[33morg.hibernate.cfg.Ejb3Column&amp#27;[0;39m: Binding column: Ejb3Column{table=org.hibernate.mapping.Table(student), mappingColumn=name, insertable=true, updatable=true, unique=false}
&amp#27;[30m2020-02-08 10:21:44,008&amp#27;[0;39m &amp#27;[39mDEBUG&amp#27;[0;39m [&amp#27;[34mmain&amp#27;[0;39m] &amp#27;[33morg.hibernate.cfg.annotations.PropertyBinder&amp#27;[0;39m: MetadataSourceProcessor property name with lazy=false
&amp#27;[30m2020-02-08 10:21:44,008&amp#27;[0;39m &amp#27;[39mDEBUG&amp#27;[0;39m [&amp#27;[34mmain&amp#27;[0;39m] &amp#27;[33morg.hibernate.cfg.AbstractPropertyHolder&amp#27;[0;39m: Attempting to locate auto-apply AttributeConverter for property [in.rgukt.r081247.universityapi.entity.Student:name]
&amp#27;[30m2020-02-08 10:21:44,008&amp#27;[0;39m &amp#27;[39mDEBUG&amp#27;[0;39m [&amp#27;[34mmain&amp#27;[0;39m] &amp#27;[33morg.hibernate.cfg.annotations.SimpleValueBinder&amp#27;[0;39m: building SimpleValue for name
&amp#27;[30m2020-02-08 10:21:44,008&amp#27;[0;39m &amp#27;[39mDEBUG&amp#27;[0;39m [&amp#27;[34mmain&amp#27;[0;39m] &amp#27;[33morg.hibernate.cfg.annotations.PropertyBinder&amp#27;[0;39m: Building property name
&amp#27;[30m2020-02-08 10:21:44,009&amp#27;[0;39m &amp#27;[39mDEBUG&amp#27;[0;39m [&amp#27;[34mmain&amp#27;[0;39m] &amp#27;[33morg.hibernate.cfg.annotations.SimpleValueBinder&amp#27;[0;39m: Starting fillSimpleValue for id
&amp#27;[30m2020-02-08 10:21:44,009&amp#27;[0;39m &amp#27;[39mDEBUG&amp#27;[0;39m [&amp#27;[34mmain&amp#27;[0;39m] &amp#27;[33morg.hibernate.cfg.annotations.SimpleValueBinder&amp#27;[0;39m: Starting fillSimpleValue for name
&amp#27;[30m2020-02-08 10:21:44,009&amp#27;[0;39m &amp#27;[39mDEBUG&amp#27;[0;39m [&amp#27;[34mmain&amp#27;[0;39m] &amp#27;[33morg.hibernate.cfg.annotations.SimpleValueBinder&amp#27;[0;39m: Starting fillSimpleValue for id
&amp#27;[30m2020-02-08 10:21:44,010&amp#27;[0;39m &amp#27;[39mDEBUG&amp#27;[0;39m [&amp#27;[34mmain&amp#27;[0;39m] &amp#27;[33morg.hibernate.cfg.annotations.SimpleValueBinder&amp#27;[0;39m: Starting fillSimpleValue for name
&amp#27;[30m2020-02-08 10:21:44,010&amp#27;[0;39m &amp#27;[39mDEBUG&amp#27;[0;39m [&amp#27;[34mmain&amp#27;[0;39m] &amp#27;[33morg.hibernate.cfg.annotations.SimpleValueBinder&amp#27;[0;39m: Starting fillSimpleValue for id
&amp#27;[30m2020-02-08 10:21:44,010&amp#27;[0;39m &amp#27;[39mDEBUG&amp#27;[0;39m [&amp#27;[34mmain&amp#27;[0;39m] &amp#27;[33morg.hibernate.cfg.annotations.SimpleValueBinder&amp#27;[0;39m: Starting fillSimpleValue for dob
&amp#27;[30m2020-02-08 10:21:44,010&amp#27;[0;39m &amp#27;[39mDEBUG&amp#27;[0;39m [&amp#27;[34mmain&amp#27;[0;39m] &amp#27;[33morg.hibernate.cfg.annotations.SimpleValueBinder&amp#27;[0;39m: Starting fillSimpleValue for name
&amp#27;[30m2020-02-08 10:21:44,010&amp#27;[0;39m &amp#27;[39mDEBUG&amp#27;[0;39m [&amp#27;[34mmain&amp#27;[0;39m] &amp#27;[33morg.hibernate.mapping.PrimaryKey&amp#27;[0;39m: Forcing column [id] to be non-null as it is part of the primary key for table [course]
&amp#27;[30m2020-02-08 10:21:44,011&amp#27;[0;39m &amp#27;[39mDEBUG&amp#27;[0;39m [&amp#27;[34mmain&amp#27;[0;39m] &amp#27;[33morg.hibernate.mapping.PrimaryKey&amp#27;[0;39m: Forcing column [id] to be non-null as it is part of the primary key for table [department]
&amp#27;[30m2020-02-08 10:21:44,011&amp#27;[0;39m &amp#27;[39mDEBUG&amp#27;[0;39m [&amp#27;[34mmain&amp#27;[0;39m] &amp#27;[33morg.hibernate.mapping.PrimaryKey&amp#27;[0;39m: Forcing column [id] to be non-null as it is part of the primary key for table [student]
&amp#27;[30m2020-02-08 10:21:44,011&amp#27;[0;39m &amp#27;[39mDEBUG&amp#27;[0;39m [&amp#27;[34mmain&amp#27;[0;39m] &amp#27;[33morg.hibernate.cfg.CollectionSecondPass&amp#27;[0;39m: Second pass for collection: in.rgukt.r081247.universityapi.entity.Student.courses
&amp#27;[30m2020-02-08 10:21:44,011&amp#27;[0;39m &amp#27;[39mDEBUG&amp#27;[0;39m [&amp#27;[34mmain&amp#27;[0;39m] &amp#27;[33morg.hibernate.cfg.annotations.CollectionBinder&amp#27;[0;39m: Binding as ManyToMany: in.rgukt.r081247.universityapi.entity.Student.courses
&amp#27;[30m2020-02-08 10:21:44,012&amp#27;[0;39m &amp#27;[39mDEBUG&amp#27;[0;39m [&amp#27;[34mmain&amp#27;[0;39m] &amp#27;[33morg.hibernate.mapping.PrimaryKey&amp#27;[0;39m: Forcing column [student_id] to be non-null as it is part of the primary key for table [student_course]
&amp#27;[30m2020-02-08 10:21:44,012&amp#27;[0;39m &amp#27;[39mDEBUG&amp#27;[0;39m [&amp#27;[34mmain&amp#27;[0;39m] &amp#27;[33morg.hibernate.mapping.PrimaryKey&amp#27;[0;39m: Forcing column [course_id] to be non-null as it is part of the primary key for table [student_course]
&amp#27;[30m2020-02-08 10:21:44,012&amp#27;[0;39m &amp#27;[39mDEBUG&amp#27;[0;39m [&amp#27;[34mmain&amp#27;[0;39m] &amp#27;[33morg.hibernate.cfg.CollectionSecondPass&amp#27;[0;39m: Mapped collection key: student_id, element: course_id
&amp#27;[30m2020-02-08 10:21:44,012&amp#27;[0;39m &amp#27;[39mDEBUG&amp#27;[0;39m [&amp#27;[34mmain&amp#27;[0;39m] &amp#27;[33morg.hibernate.cfg.CollectionSecondPass&amp#27;[0;39m: Second pass for collection: in.rgukt.r081247.universityapi.entity.Course.students
&amp#27;[30m2020-02-08 10:21:44,013&amp#27;[0;39m &amp#27;[39mDEBUG&amp#27;[0;39m [&amp#27;[34mmain&amp#27;[0;39m] &amp#27;[33morg.hibernate.cfg.annotations.CollectionBinder&amp#27;[0;39m: Binding as ManyToMany: in.rgukt.r081247.universityapi.entity.Course.students
&amp#27;[30m2020-02-08 10:21:44,013&amp#27;[0;39m &amp#27;[39mDEBUG&amp#27;[0;39m [&amp#27;[34mmain&amp#27;[0;39m] &amp#27;[33morg.hibernate.cfg.annotations.TableBinder&amp#27;[0;39m: Retrieving property in.rgukt.r081247.universityapi.entity.Student.courses
&amp#27;[30m2020-02-08 10:21:44,013&amp#27;[0;39m &amp#27;[39mDEBUG&amp#27;[0;39m [&amp#27;[34mmain&amp#27;[0;39m] &amp#27;[33morg.hibernate.cfg.CollectionSecondPass&amp#27;[0;39m: Mapped collection key: course_id, element: student_id
&amp#27;[30m2020-02-08 10:21:44,013&amp#27;[0;39m &amp#27;[39mDEBUG&amp#27;[0;39m [&amp#27;[34mmain&amp#27;[0;39m] &amp#27;[33morg.hibernate.cfg.CollectionSecondPass&amp#27;[0;39m: Second pass for collection: in.rgukt.r081247.universityapi.entity.Department.courses
&amp#27;[30m2020-02-08 10:21:44,013&amp#27;[0;39m &amp#27;[39mDEBUG&amp#27;[0;39m [&amp#27;[34mmain&amp#27;[0;39m] &amp#27;[33morg.hibernate.cfg.annotations.CollectionBinder&amp#27;[0;39m: Binding a OneToMany: in.rgukt.r081247.universityapi.entity.Department.courses through a foreign key
&amp#27;[30m2020-02-08 10:21:44,014&amp#27;[0;39m &amp#27;[39mDEBUG&amp#27;[0;39m [&amp#27;[34mmain&amp#27;[0;39m] &amp#27;[33morg.hibernate.cfg.annotations.CollectionBinder&amp#27;[0;39m: Mapping collection: in.rgukt.r081247.universityapi.entity.Department.courses -> course
&amp#27;[30m2020-02-08 10:21:44,014&amp#27;[0;39m &amp#27;[39mDEBUG&amp#27;[0;39m [&amp#27;[34mmain&amp#27;[0;39m] &amp#27;[33morg.hibernate.cfg.annotations.TableBinder&amp#27;[0;39m: Retrieving property in.rgukt.r081247.universityapi.entity.Course.department
&amp#27;[30m2020-02-08 10:21:44,014&amp#27;[0;39m &amp#27;[39mDEBUG&amp#27;[0;39m [&amp#27;[34mmain&amp#27;[0;39m] &amp#27;[33morg.hibernate.cfg.CollectionSecondPass&amp#27;[0;39m: Mapped collection key: department_id, one-to-many: in.rgukt.r081247.universityapi.entity.Course
&amp#27;[30m2020-02-08 10:21:44,014&amp#27;[0;39m &amp#27;[39mDEBUG&amp#27;[0;39m [&amp#27;[34mmain&amp#27;[0;39m] &amp#27;[33morg.hibernate.boot.internal.InFlightMetadataCollectorImpl&amp#27;[0;39m: Resolving reference to class: in.rgukt.r081247.universityapi.entity.Department
&amp#27;[30m2020-02-08 10:21:44,015&amp#27;[0;39m &amp#27;[39mDEBUG&amp#27;[0;39m [&amp#27;[34mmain&amp#27;[0;39m] &amp#27;[33morg.hibernate.boot.internal.InFlightMetadataCollectorImpl&amp#27;[0;39m: Resolving reference to class: in.rgukt.r081247.universityapi.entity.Course
&amp#27;[30m2020-02-08 10:21:44,016&amp#27;[0;39m &amp#27;[39mDEBUG&amp#27;[0;39m [&amp#27;[34mmain&amp#27;[0;39m] &amp#27;[33morg.hibernate.boot.internal.InFlightMetadataCollectorImpl&amp#27;[0;39m: Resolving reference to class: in.rgukt.r081247.universityapi.entity.Student
&amp#27;[30m2020-02-08 10:21:44,017&amp#27;[0;39m &amp#27;[39mDEBUG&amp#27;[0;39m [&amp#27;[34mHikariPool-5 housekeeper&amp#27;[0;39m] &amp#27;[33mcom.zaxxer.hikari.pool.HikariPool&amp#27;[0;39m: HikariPool-5 - Pool stats (total=1, active=0, idle=1, waiting=0)
&amp#27;[30m2020-02-08 10:21:44,020&amp#27;[0;39m &amp#27;[39mDEBUG&amp#27;[0;39m [&amp#27;[34mmain&amp#27;[0;39m] &amp#27;[33morg.hibernate.boot.internal.InFlightMetadataCollectorImpl&amp#27;[0;39m: Resolving reference to class: in.rgukt.r081247.universityapi.entity.Department
&amp#27;[30m2020-02-08 10:21:44,020&amp#27;[0;39m &amp#27;[39mDEBUG&amp#27;[0;39m [&amp#27;[34mmain&amp#27;[0;39m] &amp#27;[33morg.hibernate.boot.internal.InFlightMetadataCollectorImpl&amp#27;[0;39m: Resolving reference to class: in.rgukt.r081247.universityapi.entity.Course
&amp#27;[30m2020-02-08 10:21:44,020&amp#27;[0;39m &amp#27;[39mDEBUG&amp#27;[0;39m [&amp#27;[34mmain&amp#27;[0;39m] &amp#27;[33morg.hibernate.boot.internal.InFlightMetadataCollectorImpl&amp#27;[0;39m: Resolving reference to class: in.rgukt.r081247.universityapi.entity.Student
&amp#27;[30m2020-02-08 10:21:44,022&amp#27;[0;39m &amp#27;[39mDEBUG&amp#27;[0;39m [&amp#27;[34mmain&amp#27;[0;39m] &amp#27;[33morg.hibernate.internal.SessionFactoryImpl&amp#27;[0;39m: Building session factory
&amp#27;[30m2020-02-08 10:21:44,022&amp#27;[0;39m &amp#27;[39mDEBUG&amp#27;[0;39m [&amp#27;[34mmain&amp#27;[0;39m] &amp#27;[33morg.hibernate.cfg.Settings&amp#27;[0;39m: SessionFactory name : null
&amp#27;[30m2020-02-08 10:21:44,022&amp#27;[0;39m &amp#27;[39mDEBUG&amp#27;[0;39m [&amp#27;[34mmain&amp#27;[0;39m] &amp#27;[33morg.hibernate.cfg.Settings&amp#27;[0;39m: Automatic flush during beforeCompletion(): enabled
&amp#27;[30m2020-02-08 10:21:44,023&amp#27;[0;39m &amp#27;[39mDEBUG&amp#27;[0;39m [&amp#27;[34mmain&amp#27;[0;39m] &amp#27;[33morg.hibernate.cfg.Settings&amp#27;[0;39m: Automatic session close at end of transaction: disabled
&amp#27;[30m2020-02-08 10:21:44,023&amp#27;[0;39m &amp#27;[39mDEBUG&amp#27;[0;39m [&amp#27;[34mmain&amp#27;[0;39m] &amp#27;[33morg.hibernate.cfg.Settings&amp#27;[0;39m: Statistics: disabled
&amp#27;[30m2020-02-08 10:21:44,023&amp#27;[0;39m &amp#27;[39mDEBUG&amp#27;[0;39m [&amp#27;[34mmain&amp#27;[0;39m] &amp#27;[33morg.hibernate.cfg.Settings&amp#27;[0;39m: Deleted entity synthetic identifier rollback: disabled
&amp#27;[30m2020-02-08 10:21:44,023&amp#27;[0;39m &amp#27;[39mDEBUG&amp#27;[0;39m [&amp#27;[34mmain&amp#27;[0;39m] &amp#27;[33morg.hibernate.cfg.Settings&amp#27;[0;39m: Default entity-mode: pojo
&amp#27;[30m2020-02-08 10:21:44,023&amp#27;[0;39m &amp#27;[39mDEBUG&amp#27;[0;39m [&amp#27;[34mmain&amp#27;[0;39m] &amp#27;[33morg.hibernate.cfg.Settings&amp#27;[0;39m: Check Nullability in Core (should be disabled when Bean Validation is on): enabled
&amp#27;[30m2020-02-08 10:21:44,023&amp#27;[0;39m &amp#27;[39mDEBUG&amp#27;[0;39m [&amp#27;[34mmain&amp#27;[0;39m] &amp#27;[33morg.hibernate.cfg.Settings&amp#27;[0;39m: Allow initialization of lazy state outside session : disabled
&amp#27;[30m2020-02-08 10:21:44,024&amp#27;[0;39m &amp#27;[39mDEBUG&amp#27;[0;39m [&amp#27;[34mmain&amp#27;[0;39m] &amp#27;[33morg.hibernate.cfg.Settings&amp#27;[0;39m: Using BatchFetchStyle : LEGACY
&amp#27;[30m2020-02-08 10:21:44,024&amp#27;[0;39m &amp#27;[39mDEBUG&amp#27;[0;39m [&amp#27;[34mmain&amp#27;[0;39m] &amp#27;[33morg.hibernate.cfg.Settings&amp#27;[0;39m: Default batch fetch size: -1
&amp#27;[30m2020-02-08 10:21:44,024&amp#27;[0;39m &amp#27;[39mDEBUG&amp#27;[0;39m [&amp#27;[34mmain&amp#27;[0;39m] &amp#27;[33morg.hibernate.cfg.Settings&amp#27;[0;39m: Maximum outer join fetch depth: null
&amp#27;[30m2020-02-08 10:21:44,024&amp#27;[0;39m &amp#27;[39mDEBUG&amp#27;[0;39m [&amp#27;[34mmain&amp#27;[0;39m] &amp#27;[33morg.hibernate.cfg.Settings&amp#27;[0;39m: Default null ordering: NONE
&amp#27;[30m2020-02-08 10:21:44,024&amp#27;[0;39m &amp#27;[39mDEBUG&amp#27;[0;39m [&amp#27;[34mmain&amp#27;[0;39m] &amp#27;[33morg.hibernate.cfg.Settings&amp#27;[0;39m: Order SQL updates by primary key: disabled
&amp#27;[30m2020-02-08 10:21:44,024&amp#27;[0;39m &amp#27;[39mDEBUG&amp#27;[0;39m [&amp#27;[34mmain&amp#27;[0;39m] &amp#27;[33morg.hibernate.cfg.Settings&amp#27;[0;39m: Order SQL inserts for batching: disabled
&amp#27;[30m2020-02-08 10:21:44,024&amp#27;[0;39m &amp#27;[39mDEBUG&amp#27;[0;39m [&amp#27;[34mmain&amp#27;[0;39m] &amp#27;[33morg.hibernate.cfg.Settings&amp#27;[0;39m: multi-tenancy strategy : NONE
&amp#27;[30m2020-02-08 10:21:44,025&amp#27;[0;39m &amp#27;[39mDEBUG&amp#27;[0;39m [&amp#27;[34mmain&amp#27;[0;39m] &amp#27;[33morg.hibernate.cfg.Settings&amp#27;[0;39m: JTA Track by Thread: enabled
&amp#27;[30m2020-02-08 10:21:44,025&amp#27;[0;39m &amp#27;[39mDEBUG&amp#27;[0;39m [&amp#27;[34mmain&amp#27;[0;39m] &amp#27;[33morg.hibernate.cfg.Settings&amp#27;[0;39m: Query language substitutions: {}
&amp#27;[30m2020-02-08 10:21:44,025&amp#27;[0;39m &amp#27;[39mDEBUG&amp#27;[0;39m [&amp#27;[34mmain&amp#27;[0;39m] &amp#27;[33morg.hibernate.cfg.Settings&amp#27;[0;39m: Named query checking : enabled
&amp#27;[30m2020-02-08 10:21:44,025&amp#27;[0;39m &amp#27;[39mDEBUG&amp#27;[0;39m [&amp#27;[34mmain&amp#27;[0;39m] &amp#27;[33morg.hibernate.cfg.Settings&amp#27;[0;39m: Second-level cache: disabled
&amp#27;[30m2020-02-08 10:21:44,025&amp#27;[0;39m &amp#27;[39mDEBUG&amp#27;[0;39m [&amp#27;[34mmain&amp#27;[0;39m] &amp#27;[33morg.hibernate.cfg.Settings&amp#27;[0;39m: Second-level query cache: disabled
&amp#27;[30m2020-02-08 10:21:44,025&amp#27;[0;39m &amp#27;[39mDEBUG&amp#27;[0;39m [&amp#27;[34mmain&amp#27;[0;39m] &amp#27;[33morg.hibernate.cfg.Settings&amp#27;[0;39m: Second-level query cache factory: null
&amp#27;[30m2020-02-08 10:21:44,025&amp#27;[0;39m &amp#27;[39mDEBUG&amp#27;[0;39m [&amp#27;[34mmain&amp#27;[0;39m] &amp#27;[33morg.hibernate.cfg.Settings&amp#27;[0;39m: Second-level cache region prefix: null
&amp#27;[30m2020-02-08 10:21:44,026&amp#27;[0;39m &amp#27;[39mDEBUG&amp#27;[0;39m [&amp#27;[34mmain&amp#27;[0;39m] &amp#27;[33morg.hibernate.cfg.Settings&amp#27;[0;39m: Optimize second-level cache for minimal puts: disabled
&amp#27;[30m2020-02-08 10:21:44,026&amp#27;[0;39m &amp#27;[39mDEBUG&amp#27;[0;39m [&amp#27;[34mmain&amp#27;[0;39m] &amp#27;[33morg.hibernate.cfg.Settings&amp#27;[0;39m: Structured second-level cache entries: disabled
&amp#27;[30m2020-02-08 10:21:44,026&amp#27;[0;39m &amp#27;[39mDEBUG&amp#27;[0;39m [&amp#27;[34mmain&amp#27;[0;39m] &amp#27;[33morg.hibernate.cfg.Settings&amp#27;[0;39m: Second-level cache direct-reference entries: disabled
&amp#27;[30m2020-02-08 10:21:44,026&amp#27;[0;39m &amp#27;[39mDEBUG&amp#27;[0;39m [&amp#27;[34mmain&amp#27;[0;39m] &amp#27;[33morg.hibernate.cfg.Settings&amp#27;[0;39m: Automatic eviction of collection cache: disabled
&amp#27;[30m2020-02-08 10:21:44,026&amp#27;[0;39m &amp#27;[39mDEBUG&amp#27;[0;39m [&amp#27;[34mmain&amp#27;[0;39m] &amp#27;[33morg.hibernate.cfg.Settings&amp#27;[0;39m: JDBC batch size: 15
&amp#27;[30m2020-02-08 10:21:44,026&amp#27;[0;39m &amp#27;[39mDEBUG&amp#27;[0;39m [&amp#27;[34mmain&amp#27;[0;39m] &amp#27;[33morg.hibernate.cfg.Settings&amp#27;[0;39m: JDBC batch updates for versioned data: enabled
&amp#27;[30m2020-02-08 10:21:44,026&amp#27;[0;39m &amp#27;[39mDEBUG&amp#27;[0;39m [&amp#27;[34mmain&amp#27;[0;39m] &amp#27;[33morg.hibernate.cfg.Settings&amp#27;[0;39m: Scrollable result sets: enabled
&amp#27;[30m2020-02-08 10:21:44,027&amp#27;[0;39m &amp#27;[39mDEBUG&amp#27;[0;39m [&amp#27;[34mmain&amp#27;[0;39m] &amp#27;[33morg.hibernate.cfg.Settings&amp#27;[0;39m: Wrap result sets: disabled
&amp#27;[30m2020-02-08 10:21:44,027&amp#27;[0;39m &amp#27;[39mDEBUG&amp#27;[0;39m [&amp#27;[34mmain&amp#27;[0;39m] &amp#27;[33morg.hibernate.cfg.Settings&amp#27;[0;39m: JDBC3 getGeneratedKeys(): enabled
&amp#27;[30m2020-02-08 10:21:44,027&amp#27;[0;39m &amp#27;[39mDEBUG&amp#27;[0;39m [&amp#27;[34mmain&amp#27;[0;39m] &amp#27;[33morg.hibernate.cfg.Settings&amp#27;[0;39m: JDBC result set fetch size: null
&amp#27;[30m2020-02-08 10:21:44,027&amp#27;[0;39m &amp#27;[39mDEBUG&amp#27;[0;39m [&amp#27;[34mmain&amp#27;[0;39m] &amp#27;[33morg.hibernate.cfg.Settings&amp#27;[0;39m: Connection release mode: ON_CLOSE
&amp#27;[30m2020-02-08 10:21:44,027&amp#27;[0;39m &amp#27;[39mDEBUG&amp#27;[0;39m [&amp#27;[34mmain&amp#27;[0;39m] &amp#27;[33morg.hibernate.cfg.Settings&amp#27;[0;39m: Generate SQL with comments: disabled
&amp#27;[30m2020-02-08 10:21:44,039&amp#27;[0;39m &amp#27;[39mDEBUG&amp#27;[0;39m [&amp#27;[34mmain&amp#27;[0;39m] &amp#27;[33morg.hibernate.cfg.Settings&amp#27;[0;39m: JPA compliance - query : 
&amp#27;[30m2020-02-08 10:21:44,040&amp#27;[0;39m &amp#27;[39mDEBUG&amp#27;[0;39m [&amp#27;[34mmain&amp#27;[0;39m] &amp#27;[33morg.hibernate.cfg.Settings&amp#27;[0;39m: JPA compliance - closed-handling : 
&amp#27;[30m2020-02-08 10:21:44,040&amp#27;[0;39m &amp#27;[39mDEBUG&amp#27;[0;39m [&amp#27;[34mmain&amp#27;[0;39m] &amp#27;[33morg.hibernate.cfg.Settings&amp#27;[0;39m: JPA compliance - lists : 
&amp#27;[30m2020-02-08 10:21:44,040&amp#27;[0;39m &amp#27;[39mDEBUG&amp#27;[0;39m [&amp#27;[34mmain&amp#27;[0;39m] &amp#27;[33morg.hibernate.cfg.Settings&amp#27;[0;39m: JPA compliance - transactions : 
&amp#27;[30m2020-02-08 10:21:44,045&amp#27;[0;39m &amp#27;[39mDEBUG&amp#27;[0;39m [&amp#27;[34mmain&amp#27;[0;39m] &amp#27;[33morg.hibernate.internal.SessionFactoryImpl&amp#27;[0;39m: Session factory constructed with filter configurations : {}
&amp#27;[30m2020-02-08 10:21:44,045&amp#27;[0;39m &amp#27;[39mDEBUG&amp#27;[0;39m [&amp#27;[34mmain&amp#27;[0;39m] &amp#27;[33morg.hibernate.internal.SessionFactoryImpl&amp#27;[0;39m: Instantiating session factory with properties: {sun.desktop=gnome, awt.toolkit=sun.awt.X11.XToolkit, hibernate.format_sql=true, hibernate.id.new_generator_mappings=true, java.specification.version=11, sun.cpu.isalist=, hibernate.resource.beans.container=org.springframework.orm.hibernate5.SpringBeanContainer@747795d7, hibernate.connection.handling_mode=DELAYED_ACQUISITION_AND_HOLD, sun.jnu.encoding=UTF-8, hibernate.dialect=org.hibernate.dialect.H2Dialect, hibernate.implicit_naming_strategy=org.springframework.boot.orm.jpa.hibernate.SpringImplicitNamingStrategy, java.class.path=/home/vinod/Desktop/desk/projects/universityapi/target/test-classes:/home/vinod/Desktop/desk/projects/universityapi/target/classes:/home/vinod/.m2/repository/org/springframework/boot/spring-boot-starter-data-jpa/2.1.5.RELEASE/spring-boot-starter-data-jpa-2.1.5.RELEASE.jar:/home/vinod/.m2/repository/org/springframework/boot/spring-boot-starter-aop/2.1.5.RELEASE/spring-boot-starter-aop-2.1.5.RELEASE.jar:/home/vinod/.m2/repository/org/aspectj/aspectjweaver/1.9.4/aspectjweaver-1.9.4.jar:/home/vinod/.m2/repository/org/springframework/boot/spring-boot-starter-jdbc/2.1.5.RELEASE/spring-boot-starter-jdbc-2.1.5.RELEASE.jar:/home/vinod/.m2/repository/com/zaxxer/HikariCP/3.2.0/HikariCP-3.2.0.jar:/home/vinod/.m2/repository/org/springframework/spring-jdbc/5.1.7.RELEASE/spring-jdbc-5.1.7.RELEASE.jar:/home/vinod/.m2/repository/javax/transaction/javax.transaction-api/1.3/javax.transaction-api-1.3.jar:/home/vinod/.m2/repository/javax/xml/bind/jaxb-api/2.3.1/jaxb-api-2.3.1.jar:/home/vinod/.m2/repository/javax/activation/javax.activation-api/1.2.0/javax.activation-api-1.2.0.jar:/home/vinod/.m2/repository/org/hibernate/hibernate-core/5.3.10.Final/hibernate-core-5.3.10.Final.jar:/home/vinod/.m2/repository/org/jboss/logging/jboss-logging/3.3.2.Final/jboss-logging-3.3.2.Final.jar:/home/vinod/.m2/repository/javax/persistence/javax.persistence-api/2.2/javax.persistence-api-2.2.jar:/home/vinod/.m2/repository/org/javassist/javassist/3.23.2-GA/javassist-3.23.2-GA.jar:/home/vinod/.m2/repository/net/bytebuddy/byte-buddy/1.9.12/byte-buddy-1.9.12.jar:/home/vinod/.m2/repository/antlr/antlr/2.7.7/antlr-2.7.7.jar:/home/vinod/.m2/repository/org/jboss/jandex/2.0.5.Final/jandex-2.0.5.Final.jar:/home/vinod/.m2/repository/com/fasterxml/classmate/1.4.0/classmate-1.4.0.jar:/home/vinod/.m2/repository/org/dom4j/dom4j/2.1.1/dom4j-2.1.1.jar:/home/vinod/.m2/repository/org/hibernate/common/hibernate-commons-annotations/5.0.4.Final/hibernate-commons-annotations-5.0.4.Final.jar:/home/vinod/.m2/repository/org/springframework/data/spring-data-jpa/2.1.8.RELEASE/spring-data-jpa-2.1.8.RELEASE.jar:/home/vinod/.m2/repository/org/springframework/data/spring-data-commons/2.1.8.RELEASE/spring-data-commons-2.1.8.RELEASE.jar:/home/vinod/.m2/repository/org/springframework/spring-orm/5.1.7.RELEASE/spring-orm-5.1.7.RELEASE.jar:/home/vinod/.m2/repository/org/springframework/spring-context/5.1.7.RELEASE/spring-context-5.1.7.RELEASE.jar:/home/vinod/.m2/repository/org/springframework/spring-tx/5.1.7.RELEASE/spring-tx-5.1.7.RELEASE.jar:/home/vinod/.m2/repository/org/springframework/spring-beans/5.1.7.RELEASE/spring-beans-5.1.7.RELEASE.jar:/home/vinod/.m2/repository/org/slf4j/slf4j-api/1.7.26/slf4j-api-1.7.26.jar:/home/vinod/.m2/repository/org/springframework/spring-aspects/5.1.7.RELEASE/spring-aspects-5.1.7.RELEASE.jar:/home/vinod/.m2/repository/org/springframework/boot/spring-boot-starter-security/2.1.5.RELEASE/spring-boot-starter-security-2.1.5.RELEASE.jar:/home/vinod/.m2/repository/org/springframework/boot/spring-boot-starter/2.1.5.RELEASE/spring-boot-starter-2.1.5.RELEASE.jar:/home/vinod/.m2/repository/org/springframework/boot/spring-boot-starter-logging/2.1.5.RELEASE/spring-boot-starter-logging-2.1.5.RELEASE.jar:/home/vinod/.m2/repository/ch/qos/logback/logback-classic/1.2.3/logback-classic-1.2.3.jar:/home/vinod/.m2/repository/ch/qos/logback/logback-core/1.2.3/logback-core-1.2.3.jar:/home/vinod/.m2/repository/org/apache/logging/log4j/log4j-to-slf4j/2.11.2/log4j-to-slf4j-2.11.2.jar:/home/vinod/.m2/repository/org/apache/logging/log4j/log4j-api/2.11.2/log4j-api-2.11.2.jar:/home/vinod/.m2/repository/org/slf4j/jul-to-slf4j/1.7.26/jul-to-slf4j-1.7.26.jar:/home/vinod/.m2/repository/javax/annotation/javax.annotation-api/1.3.2/javax.annotation-api-1.3.2.jar:/home/vinod/.m2/repository/org/yaml/snakeyaml/1.23/snakeyaml-1.23.jar:/home/vinod/.m2/repository/org/springframework/spring-aop/5.1.7.RELEASE/spring-aop-5.1.7.RELEASE.jar:/home/vinod/.m2/repository/org/springframework/security/spring-security-config/5.1.5.RELEASE/spring-security-config-5.1.5.RELEASE.jar:/home/vinod/.m2/repository/org/springframework/security/spring-security-web/5.1.5.RELEASE/spring-security-web-5.1.5.RELEASE.jar:/home/vinod/.m2/repository/org/springframework/spring-expression/5.1.7.RELEASE/spring-expression-5.1.7.RELEASE.jar:/home/vinod/.m2/repository/org/springframework/boot/spring-boot-starter-web/2.1.5.RELEASE/spring-boot-starter-web-2.1.5.RELEASE.jar:/home/vinod/.m2/repository/org/springframework/boot/spring-boot-starter-json/2.1.5.RELEASE/spring-boot-starter-json-2.1.5.RELEASE.jar:/home/vinod/.m2/repository/com/fasterxml/jackson/core/jackson-databind/2.9.8/jackson-databind-2.9.8.jar:/home/vinod/.m2/repository/com/fasterxml/jackson/core/jackson-annotations/2.9.0/jackson-annotations-2.9.0.jar:/home/vinod/.m2/repository/com/fasterxml/jackson/core/jackson-core/2.9.8/jackson-core-2.9.8.jar:/home/vinod/.m2/repository/com/fasterxml/jackson/datatype/jackson-datatype-jdk8/2.9.8/jackson-datatype-jdk8-2.9.8.jar:/home/vinod/.m2/repository/com/fasterxml/jackson/datatype/jackson-datatype-jsr310/2.9.8/jackson-datatype-jsr310-2.9.8.jar:/home/vinod/.m2/repository/com/fasterxml/jackson/module/jackson-module-parameter-names/2.9.8/jackson-module-parameter-names-2.9.8.jar:/home/vinod/.m2/repository/org/springframework/boot/spring-boot-starter-tomcat/2.1.5.RELEASE/spring-boot-starter-tomcat-2.1.5.RELEASE.jar:/home/vinod/.m2/repository/org/apache/tomcat/embed/tomcat-embed-core/9.0.19/tomcat-embed-core-9.0.19.jar:/home/vinod/.m2/repository/org/apache/tomcat/embed/tomcat-embed-el/9.0.19/tomcat-embed-el-9.0.19.jar:/home/vinod/.m2/repository/org/apache/tomcat/embed/tomcat-embed-websocket/9.0.19/tomcat-embed-websocket-9.0.19.jar:/home/vinod/.m2/repository/org/hibernate/validator/hibernate-validator/6.0.16.Final/hibernate-validator-6.0.16.Final.jar:/home/vinod/.m2/repository/javax/validation/validation-api/2.0.1.Final/validation-api-2.0.1.Final.jar:/home/vinod/.m2/repository/org/springframework/spring-web/5.1.7.RELEASE/spring-web-5.1.7.RELEASE.jar:/home/vinod/.m2/repository/org/springframework/spring-webmvc/5.1.7.RELEASE/spring-webmvc-5.1.7.RELEASE.jar:/home/vinod/.m2/repository/mysql/mysql-connector-java/8.0.16/mysql-connector-java-8.0.16.jar:/home/vinod/.m2/repository/org/springframework/boot/spring-boot-starter-test/2.1.5.RELEASE/spring-boot-starter-test-2.1.5.RELEASE.jar:/home/vinod/.m2/repository/org/springframework/boot/spring-boot-test/2.1.5.RELEASE/spring-boot-test-2.1.5.RELEASE.jar:/home/vinod/.m2/repository/org/springframework/boot/spring-boot-test-autoconfigure/2.1.5.RELEASE/spring-boot-test-autoconfigure-2.1.5.RELEASE.jar:/home/vinod/.m2/repository/com/jayway/jsonpath/json-path/2.4.0/json-path-2.4.0.jar:/home/vinod/.m2/repository/net/minidev/json-smart/2.3/json-smart-2.3.jar:/home/vinod/.m2/repository/net/minidev/accessors-smart/1.2/accessors-smart-1.2.jar:/home/vinod/.m2/repository/org/ow2/asm/asm/5.0.4/asm-5.0.4.jar:/home/vinod/.m2/repository/junit/junit/4.12/junit-4.12.jar:/home/vinod/.m2/repository/org/assertj/assertj-core/3.11.1/assertj-core-3.11.1.jar:/home/vinod/.m2/repository/org/mockito/mockito-core/2.23.4/mockito-core-2.23.4.jar:/home/vinod/.m2/repository/net/bytebuddy/byte-buddy-agent/1.9.12/byte-buddy-agent-1.9.12.jar:/home/vinod/.m2/repository/org/objenesis/objenesis/2.6/objenesis-2.6.jar:/home/vinod/.m2/repository/org/hamcrest/hamcrest-core/1.3/hamcrest-core-1.3.jar:/home/vinod/.m2/repository/org/hamcrest/hamcrest-library/1.3/hamcrest-library-1.3.jar:/home/vinod/.m2/repository/org/skyscreamer/jsonassert/1.5.0/jsonassert-1.5.0.jar:/home/vinod/.m2/repository/com/vaadin/external/google/android-json/0.0.20131108.vaadin1/android-json-0.0.20131108.vaadin1.jar:/home/vinod/.m2/repository/org/springframework/spring-core/5.1.7.RELEASE/spring-core-5.1.7.RELEASE.jar:/home/vinod/.m2/repository/org/springframework/spring-jcl/5.1.7.RELEASE/spring-jcl-5.1.7.RELEASE.jar:/home/vinod/.m2/repository/org/springframework/spring-test/5.1.7.RELEASE/spring-test-5.1.7.RELEASE.jar:/home/vinod/.m2/repository/org/xmlunit/xmlunit-core/2.6.2/xmlunit-core-2.6.2.jar:/home/vinod/.m2/repository/com/h2database/h2/1.4.199/h2-1.4.199.jar:/home/vinod/.m2/repository/org/springframework/security/spring-security-test/5.1.5.RELEASE/spring-security-test-5.1.5.RELEASE.jar:/home/vinod/.m2/repository/org/springframework/security/spring-security-core/5.1.5.RELEASE/spring-security-core-5.1.5.RELEASE.jar:/home/vinod/.m2/repository/org/springframework/boot/spring-boot-devtools/2.1.5.RELEASE/spring-boot-devtools-2.1.5.RELEASE.jar:/home/vinod/.m2/repository/org/springframework/boot/spring-boot/2.1.5.RELEASE/spring-boot-2.1.5.RELEASE.jar:/home/vinod/.m2/repository/org/springframework/boot/spring-boot-autoconfigure/2.1.5.RELEASE/spring-boot-autoconfigure-2.1.5.RELEASE.jar:, java.vm.vendor=AdoptOpenJDK, sun.arch.data.model=64, java.vendor.url=https://adoptopenjdk.net/, user.timezone=Asia/Kolkata, os.name=Linux, java.vm.specification.version=11, javax.persistence.validation.mode=AUTO, sun.java.launcher=SUN_STANDARD, user.country=IN, sun.boot.library.path=/home/vinod/.sdkman/candidates/java/11.0.4.hs-adpt/lib, sun.java.command=/home/vinod/Desktop/desk/projects/universityapi/target/surefire/surefirebooter9337132622826742852.jar /home/vinod/Desktop/desk/projects/universityapi/target/surefire 2020-02-08T10-21-20_114-jvmRun1 surefire10272446337612567938tmp surefire_012652112760342641946tmp, hibernate.transaction.jta.platform=org.hibernate.engine.transaction.jta.platform.internal.NoJtaPlatform@35408036, javax.persistence.sharedCache.mode=UNSPECIFIED, jdk.debug=release, surefire.test.class.path=/home/vinod/Desktop/desk/projects/universityapi/target/test-classes:/home/vinod/Desktop/desk/projects/universityapi/target/classes:/home/vinod/.m2/repository/org/springframework/boot/spring-boot-starter-data-jpa/2.1.5.RELEASE/spring-boot-starter-data-jpa-2.1.5.RELEASE.jar:/home/vinod/.m2/repository/org/springframework/boot/spring-boot-starter-aop/2.1.5.RELEASE/spring-boot-starter-aop-2.1.5.RELEASE.jar:/home/vinod/.m2/repository/org/aspectj/aspectjweaver/1.9.4/aspectjweaver-1.9.4.jar:/home/vinod/.m2/repository/org/springframework/boot/spring-boot-starter-jdbc/2.1.5.RELEASE/spring-boot-starter-jdbc-2.1.5.RELEASE.jar:/home/vinod/.m2/repository/com/zaxxer/HikariCP/3.2.0/HikariCP-3.2.0.jar:/home/vinod/.m2/repository/org/springframework/spring-jdbc/5.1.7.RELEASE/spring-jdbc-5.1.7.RELEASE.jar:/home/vinod/.m2/repository/javax/transaction/javax.transaction-api/1.3/javax.transaction-api-1.3.jar:/home/vinod/.m2/repository/javax/xml/bind/jaxb-api/2.3.1/jaxb-api-2.3.1.jar:/home/vinod/.m2/repository/javax/activation/javax.activation-api/1.2.0/javax.activation-api-1.2.0.jar:/home/vinod/.m2/repository/org/hibernate/hibernate-core/5.3.10.Final/hibernate-core-5.3.10.Final.jar:/home/vinod/.m2/repository/org/jboss/logging/jboss-logging/3.3.2.Final/jboss-logging-3.3.2.Final.jar:/home/vinod/.m2/repository/javax/persistence/javax.persistence-api/2.2/javax.persistence-api-2.2.jar:/home/vinod/.m2/repository/org/javassist/javassist/3.23.2-GA/javassist-3.23.2-GA.jar:/home/vinod/.m2/repository/net/bytebuddy/byte-buddy/1.9.12/byte-buddy-1.9.12.jar:/home/vinod/.m2/repository/antlr/antlr/2.7.7/antlr-2.7.7.jar:/home/vinod/.m2/repository/org/jboss/jandex/2.0.5.Final/jandex-2.0.5.Final.jar:/home/vinod/.m2/repository/com/fasterxml/classmate/1.4.0/classmate-1.4.0.jar:/home/vinod/.m2/repository/org/dom4j/dom4j/2.1.1/dom4j-2.1.1.jar:/home/vinod/.m2/repository/org/hibernate/common/hibernate-commons-annotations/5.0.4.Final/hibernate-commons-annotations-5.0.4.Final.jar:/home/vinod/.m2/repository/org/springframework/data/spring-data-jpa/2.1.8.RELEASE/spring-data-jpa-2.1.8.RELEASE.jar:/home/vinod/.m2/repository/org/springframework/data/spring-data-commons/2.1.8.RELEASE/spring-data-commons-2.1.8.RELEASE.jar:/home/vinod/.m2/repository/org/springframework/spring-orm/5.1.7.RELEASE/spring-orm-5.1.7.RELEASE.jar:/home/vinod/.m2/repository/org/springframework/spring-context/5.1.7.RELEASE/spring-context-5.1.7.RELEASE.jar:/home/vinod/.m2/repository/org/springframework/spring-tx/5.1.7.RELEASE/spring-tx-5.1.7.RELEASE.jar:/home/vinod/.m2/repository/org/springframework/spring-beans/5.1.7.RELEASE/spring-beans-5.1.7.RELEASE.jar:/home/vinod/.m2/repository/org/slf4j/slf4j-api/1.7.26/slf4j-api-1.7.26.jar:/home/vinod/.m2/repository/org/springframework/spring-aspects/5.1.7.RELEASE/spring-aspects-5.1.7.RELEASE.jar:/home/vinod/.m2/repository/org/springframework/boot/spring-boot-starter-security/2.1.5.RELEASE/spring-boot-starter-security-2.1.5.RELEASE.jar:/home/vinod/.m2/repository/org/springframework/boot/spring-boot-starter/2.1.5.RELEASE/spring-boot-starter-2.1.5.RELEASE.jar:/home/vinod/.m2/repository/org/springframework/boot/spring-boot-starter-logging/2.1.5.RELEASE/spring-boot-starter-logging-2.1.5.RELEASE.jar:/home/vinod/.m2/repository/ch/qos/logback/logback-classic/1.2.3/logback-classic-1.2.3.jar:/home/vinod/.m2/repository/ch/qos/logback/logback-core/1.2.3/logback-core-1.2.3.jar:/home/vinod/.m2/repository/org/apache/logging/log4j/log4j-to-slf4j/2.11.2/log4j-to-slf4j-2.11.2.jar:/home/vinod/.m2/repository/org/apache/logging/log4j/log4j-api/2.11.2/log4j-api-2.11.2.jar:/home/vinod/.m2/repository/org/slf4j/jul-to-slf4j/1.7.26/jul-to-slf4j-1.7.26.jar:/home/vinod/.m2/repository/javax/annotation/javax.annotation-api/1.3.2/javax.annotation-api-1.3.2.jar:/home/vinod/.m2/repository/org/yaml/snakeyaml/1.23/snakeyaml-1.23.jar:/home/vinod/.m2/repository/org/springframework/spring-aop/5.1.7.RELEASE/spring-aop-5.1.7.RELEASE.jar:/home/vinod/.m2/repository/org/springframework/security/spring-security-config/5.1.5.RELEASE/spring-security-config-5.1.5.RELEASE.jar:/home/vinod/.m2/repository/org/springframework/security/spring-security-web/5.1.5.RELEASE/spring-security-web-5.1.5.RELEASE.jar:/home/vinod/.m2/repository/org/springframework/spring-expression/5.1.7.RELEASE/spring-expression-5.1.7.RELEASE.jar:/home/vinod/.m2/repository/org/springframework/boot/spring-boot-starter-web/2.1.5.RELEASE/spring-boot-starter-web-2.1.5.RELEASE.jar:/home/vinod/.m2/repository/org/springframework/boot/spring-boot-starter-json/2.1.5.RELEASE/spring-boot-starter-json-2.1.5.RELEASE.jar:/home/vinod/.m2/repository/com/fasterxml/jackson/core/jackson-databind/2.9.8/jackson-databind-2.9.8.jar:/home/vinod/.m2/repository/com/fasterxml/jackson/core/jackson-annotations/2.9.0/jackson-annotations-2.9.0.jar:/home/vinod/.m2/repository/com/fasterxml/jackson/core/jackson-core/2.9.8/jackson-core-2.9.8.jar:/home/vinod/.m2/repository/com/fasterxml/jackson/datatype/jackson-datatype-jdk8/2.9.8/jackson-datatype-jdk8-2.9.8.jar:/home/vinod/.m2/repository/com/fasterxml/jackson/datatype/jackson-datatype-jsr310/2.9.8/jackson-datatype-jsr310-2.9.8.jar:/home/vinod/.m2/repository/com/fasterxml/jackson/module/jackson-module-parameter-names/2.9.8/jackson-module-parameter-names-2.9.8.jar:/home/vinod/.m2/repository/org/springframework/boot/spring-boot-starter-tomcat/2.1.5.RELEASE/spring-boot-starter-tomcat-2.1.5.RELEASE.jar:/home/vinod/.m2/repository/org/apache/tomcat/embed/tomcat-embed-core/9.0.19/tomcat-embed-core-9.0.19.jar:/home/vinod/.m2/repository/org/apache/tomcat/embed/tomcat-embed-el/9.0.19/tomcat-embed-el-9.0.19.jar:/home/vinod/.m2/repository/org/apache/tomcat/embed/tomcat-embed-websocket/9.0.19/tomcat-embed-websocket-9.0.19.jar:/home/vinod/.m2/repository/org/hibernate/validator/hibernate-validator/6.0.16.Final/hibernate-validator-6.0.16.Final.jar:/home/vinod/.m2/repository/javax/validation/validation-api/2.0.1.Final/validation-api-2.0.1.Final.jar:/home/vinod/.m2/repository/org/springframework/spring-web/5.1.7.RELEASE/spring-web-5.1.7.RELEASE.jar:/home/vinod/.m2/repository/org/springframework/spring-webmvc/5.1.7.RELEASE/spring-webmvc-5.1.7.RELEASE.jar:/home/vinod/.m2/repository/mysql/mysql-connector-java/8.0.16/mysql-connector-java-8.0.16.jar:/home/vinod/.m2/repository/org/springframework/boot/spring-boot-starter-test/2.1.5.RELEASE/spring-boot-starter-test-2.1.5.RELEASE.jar:/home/vinod/.m2/repository/org/springframework/boot/spring-boot-test/2.1.5.RELEASE/spring-boot-test-2.1.5.RELEASE.jar:/home/vinod/.m2/repository/org/springframework/boot/spring-boot-test-autoconfigure/2.1.5.RELEASE/spring-boot-test-autoconfigure-2.1.5.RELEASE.jar:/home/vinod/.m2/repository/com/jayway/jsonpath/json-path/2.4.0/json-path-2.4.0.jar:/home/vinod/.m2/repository/net/minidev/json-smart/2.3/json-smart-2.3.jar:/home/vinod/.m2/repository/net/minidev/accessors-smart/1.2/accessors-smart-1.2.jar:/home/vinod/.m2/repository/org/ow2/asm/asm/5.0.4/asm-5.0.4.jar:/home/vinod/.m2/repository/junit/junit/4.12/junit-4.12.jar:/home/vinod/.m2/repository/org/assertj/assertj-core/3.11.1/assertj-core-3.11.1.jar:/home/vinod/.m2/repository/org/mockito/mockito-core/2.23.4/mockito-core-2.23.4.jar:/home/vinod/.m2/repository/net/bytebuddy/byte-buddy-agent/1.9.12/byte-buddy-agent-1.9.12.jar:/home/vinod/.m2/repository/org/objenesis/objenesis/2.6/objenesis-2.6.jar:/home/vinod/.m2/repository/org/hamcrest/hamcrest-core/1.3/hamcrest-core-1.3.jar:/home/vinod/.m2/repository/org/hamcrest/hamcrest-library/1.3/hamcrest-library-1.3.jar:/home/vinod/.m2/repository/org/skyscreamer/jsonassert/1.5.0/jsonassert-1.5.0.jar:/home/vinod/.m2/repository/com/vaadin/external/google/android-json/0.0.20131108.vaadin1/android-json-0.0.20131108.vaadin1.jar:/home/vinod/.m2/repository/org/springframework/spring-core/5.1.7.RELEASE/spring-core-5.1.7.RELEASE.jar:/home/vinod/.m2/repository/org/springframework/spring-jcl/5.1.7.RELEASE/spring-jcl-5.1.7.RELEASE.jar:/home/vinod/.m2/repository/org/springframework/spring-test/5.1.7.RELEASE/spring-test-5.1.7.RELEASE.jar:/home/vinod/.m2/repository/org/xmlunit/xmlunit-core/2.6.2/xmlunit-core-2.6.2.jar:/home/vinod/.m2/repository/com/h2database/h2/1.4.199/h2-1.4.199.jar:/home/vinod/.m2/repository/org/springframework/security/spring-security-test/5.1.5.RELEASE/spring-security-test-5.1.5.RELEASE.jar:/home/vinod/.m2/repository/org/springframework/security/spring-security-core/5.1.5.RELEASE/spring-security-core-5.1.5.RELEASE.jar:/home/vinod/.m2/repository/org/springframework/boot/spring-boot-devtools/2.1.5.RELEASE/spring-boot-devtools-2.1.5.RELEASE.jar:/home/vinod/.m2/repository/org/springframework/boot/spring-boot/2.1.5.RELEASE/spring-boot-2.1.5.RELEASE.jar:/home/vinod/.m2/repository/org/springframework/boot/spring-boot-autoconfigure/2.1.5.RELEASE/spring-boot-autoconfigure-2.1.5.RELEASE.jar:, sun.cpu.endian=little, user.home=/home/vinod, user.language=en, java.specification.vendor=Oracle Corporation, java.version.date=2019-07-16, java.home=/home/vinod/.sdkman/candidates/java/11.0.4.hs-adpt, file.separator=/, basedir=/home/vinod/Desktop/desk/projects/universityapi, java.vm.compressedOopsMode=32-bit, line.separator=
, java.specification.name=Java Platform API Specification, java.vm.specification.vendor=Oracle Corporation, hibernate.transaction.coordinator_class=class org.hibernate.resource.transaction.backend.jdbc.internal.JdbcResourceLocalTransactionCoordinatorBuilderImpl, java.awt.graphicsenv=sun.awt.X11GraphicsEnvironment, java.awt.headless=true, surefire.real.class.path=/home/vinod/Desktop/desk/projects/universityapi/target/surefire/surefirebooter9337132622826742852.jar, hibernate.hbm2ddl.auto=create, sun.management.compiler=HotSpot 64-Bit Tiered Compilers, java.runtime.version=11.0.4+11, user.name=vinod, path.separator=:, os.version=4.9.0-8-amd64, java.runtime.name=OpenJDK Runtime Environment, file.encoding=UTF-8, hibernate.ejb.persistenceUnitName=default, spring.beaninfo.ignore=true, java.vm.name=OpenJDK 64-Bit Server VM, java.vendor.version=AdoptOpenJDK, localRepository=/home/vinod/.m2/repository, java.vendor.url.bug=https://github.com/AdoptOpenJDK/openjdk-build/issues, java.io.tmpdir=/tmp, com.zaxxer.hikari.pool_number=1, java.version=11.0.4, hibernate.physical_naming_strategy=org.springframework.boot.orm.jpa.hibernate.SpringPhysicalNamingStrategy, user.dir=/home/vinod/Desktop/desk/projects/universityapi, os.arch=amd64, java.vm.specification.name=Java Virtual Machine Specification, PID=6772, java.awt.printerjob=sun.print.PSPrinterJob, idea.version2019.1.2=true, sun.os.patch.level=unknown, hibernate.boot.CfgXmlAccessService.key=org.hibernate.boot.cfgxml.spi.LoadedConfig@6be8e6ee, java.library.path=/usr/java/packages/lib:/usr/lib64:/lib64:/lib:/usr/lib, java.vendor=AdoptOpenJDK, java.vm.info=mixed mode, java.vm.version=11.0.4+11, hibernate.bytecode.use_reflection_optimizer=false, sun.io.unicode.encoding=UnicodeLittle, hibernate.connection.datasource=HikariDataSource (HikariPool-5), java.class.version=55.0}
&amp#27;[30m2020-02-08 10:21:44,050&amp#27;[0;39m &amp#27;[39mDEBUG&amp#27;[0;39m [&amp#27;[34mmain&amp#27;[0;39m] &amp#27;[33morg.hibernate.validator.internal.engine.resolver.TraversableResolvers&amp#27;[0;39m: Found javax.persistence.Persistence on classpath containing 'getPersistenceUtil'. Assuming JPA 2 environment. Trying to instantiate JPA aware TraversableResolver
&amp#27;[30m2020-02-08 10:21:44,050&amp#27;[0;39m &amp#27;[39mDEBUG&amp#27;[0;39m [&amp#27;[34mmain&amp#27;[0;39m] &amp#27;[33morg.hibernate.validator.internal.engine.resolver.TraversableResolvers&amp#27;[0;39m: Instantiated JPA aware TraversableResolver of type org.hibernate.validator.internal.engine.resolver.JPATraversableResolver.
&amp#27;[30m2020-02-08 10:21:44,052&amp#27;[0;39m &amp#27;[39mDEBUG&amp#27;[0;39m [&amp#27;[34mmain&amp#27;[0;39m] &amp#27;[33morg.hibernate.validator.internal.xml.config.ValidationXmlParser&amp#27;[0;39m: Trying to load META-INF/validation.xml for XML based Validator configuration.
&amp#27;[30m2020-02-08 10:21:44,053&amp#27;[0;39m &amp#27;[39mDEBUG&amp#27;[0;39m [&amp#27;[34mmain&amp#27;[0;39m] &amp#27;[33morg.hibernate.validator.internal.xml.config.ResourceLoaderHelper&amp#27;[0;39m: Trying to load META-INF/validation.xml via TCCL
&amp#27;[30m2020-02-08 10:21:44,053&amp#27;[0;39m &amp#27;[39mDEBUG&amp#27;[0;39m [&amp#27;[34mmain&amp#27;[0;39m] &amp#27;[33morg.hibernate.validator.internal.xml.config.ResourceLoaderHelper&amp#27;[0;39m: Trying to load META-INF/validation.xml via Hibernate Validator's class loader
&amp#27;[30m2020-02-08 10:21:44,054&amp#27;[0;39m &amp#27;[39mDEBUG&amp#27;[0;39m [&amp#27;[34mmain&amp#27;[0;39m] &amp#27;[33morg.hibernate.validator.internal.xml.config.ValidationXmlParser&amp#27;[0;39m: No META-INF/validation.xml found. Using annotation based configuration only.
&amp#27;[30m2020-02-08 10:21:44,057&amp#27;[0;39m &amp#27;[39mDEBUG&amp#27;[0;39m [&amp#27;[34mHikariPool-5 connection adder&amp#27;[0;39m] &amp#27;[33mcom.zaxxer.hikari.pool.HikariPool$PoolEntryCreator&amp#27;[0;39m: HikariPool-5 - Added connection conn49: url=jdbc:h2:mem:db user=SA
&amp#27;[30m2020-02-08 10:21:44,058&amp#27;[0;39m &amp#27;[39mDEBUG&amp#27;[0;39m [&amp#27;[34mHikariPool-5 connection adder&amp#27;[0;39m] &amp#27;[33mcom.zaxxer.hikari.pool.HikariPool$PoolEntryCreator&amp#27;[0;39m: HikariPool-5 - Added connection conn50: url=jdbc:h2:mem:db user=SA
&amp#27;[30m2020-02-08 10:21:44,060&amp#27;[0;39m &amp#27;[39mDEBUG&amp#27;[0;39m [&amp#27;[34mHikariPool-5 connection adder&amp#27;[0;39m] &amp#27;[33mcom.zaxxer.hikari.pool.HikariPool$PoolEntryCreator&amp#27;[0;39m: HikariPool-5 - Added connection conn51: url=jdbc:h2:mem:db user=SA
&amp#27;[30m2020-02-08 10:21:44,061&amp#27;[0;39m &amp#27;[39mDEBUG&amp#27;[0;39m [&amp#27;[34mHikariPool-5 connection adder&amp#27;[0;39m] &amp#27;[33mcom.zaxxer.hikari.pool.HikariPool$PoolEntryCreator&amp#27;[0;39m: HikariPool-5 - Added connection conn52: url=jdbc:h2:mem:db user=SA
&amp#27;[30m2020-02-08 10:21:44,061&amp#27;[0;39m &amp#27;[39mDEBUG&amp#27;[0;39m [&amp#27;[34mmain&amp#27;[0;39m] &amp#27;[33morg.hibernate.validator.messageinterpolation.ResourceBundleMessageInterpolator&amp#27;[0;39m: Loaded expression factory via original TCCL
&amp#27;[30m2020-02-08 10:21:44,062&amp#27;[0;39m &amp#27;[39mDEBUG&amp#27;[0;39m [&amp#27;[34mmain&amp#27;[0;39m] &amp#27;[33morg.hibernate.validator.internal.engine.ValidatorFactoryImpl&amp#27;[0;39m: HV000234: Using org.hibernate.validator.messageinterpolation.ResourceBundleMessageInterpolator as ValidatorFactory-scoped message interpolator.
&amp#27;[30m2020-02-08 10:21:44,062&amp#27;[0;39m &amp#27;[39mDEBUG&amp#27;[0;39m [&amp#27;[34mmain&amp#27;[0;39m] &amp#27;[33morg.hibernate.validator.internal.engine.ValidatorFactoryImpl&amp#27;[0;39m: HV000234: Using org.hibernate.validator.internal.engine.resolver.JPATraversableResolver as ValidatorFactory-scoped traversable resolver.
&amp#27;[30m2020-02-08 10:21:44,062&amp#27;[0;39m &amp#27;[39mDEBUG&amp#27;[0;39m [&amp#27;[34mHikariPool-5 connection adder&amp#27;[0;39m] &amp#27;[33mcom.zaxxer.hikari.pool.HikariPool$PoolEntryCreator&amp#27;[0;39m: HikariPool-5 - Added connection conn53: url=jdbc:h2:mem:db user=SA
&amp#27;[30m2020-02-08 10:21:44,062&amp#27;[0;39m &amp#27;[39mDEBUG&amp#27;[0;39m [&amp#27;[34mmain&amp#27;[0;39m] &amp#27;[33morg.hibernate.validator.internal.engine.ValidatorFactoryImpl&amp#27;[0;39m: HV000234: Using org.hibernate.validator.internal.util.ExecutableParameterNameProvider as ValidatorFactory-scoped parameter name provider.
&amp#27;[30m2020-02-08 10:21:44,062&amp#27;[0;39m &amp#27;[39mDEBUG&amp#27;[0;39m [&amp#27;[34mmain&amp#27;[0;39m] &amp#27;[33morg.hibernate.validator.internal.engine.ValidatorFactoryImpl&amp#27;[0;39m: HV000234: Using org.hibernate.validator.internal.engine.DefaultClockProvider as ValidatorFactory-scoped clock provider.
&amp#27;[30m2020-02-08 10:21:44,063&amp#27;[0;39m &amp#27;[39mDEBUG&amp#27;[0;39m [&amp#27;[34mmain&amp#27;[0;39m] &amp#27;[33morg.hibernate.validator.internal.engine.ValidatorFactoryImpl&amp#27;[0;39m: HV000234: Using org.hibernate.validator.internal.engine.scripting.DefaultScriptEvaluatorFactory as ValidatorFactory-scoped script evaluator factory.
&amp#27;[30m2020-02-08 10:21:44,063&amp#27;[0;39m &amp#27;[39mDEBUG&amp#27;[0;39m [&amp#27;[34mmain&amp#27;[0;39m] &amp#27;[33morg.hibernate.boot.internal.ClassLoaderAccessImpl&amp#27;[0;39m: Not known whether passed class name [in.rgukt.r081247.universityapi.entity.Course] is safe
&amp#27;[30m2020-02-08 10:21:44,063&amp#27;[0;39m &amp#27;[39mDEBUG&amp#27;[0;39m [&amp#27;[34mmain&amp#27;[0;39m] &amp#27;[33morg.hibernate.boot.internal.ClassLoaderAccessImpl&amp#27;[0;39m: No temp ClassLoader provided; using live ClassLoader for loading potentially unsafe class : in.rgukt.r081247.universityapi.entity.Course
&amp#27;[30m2020-02-08 10:21:44,069&amp#27;[0;39m &amp#27;[39mDEBUG&amp#27;[0;39m [&amp#27;[34mHikariPool-5 connection adder&amp#27;[0;39m] &amp#27;[33mcom.zaxxer.hikari.pool.HikariPool$PoolEntryCreator&amp#27;[0;39m: HikariPool-5 - Added connection conn54: url=jdbc:h2:mem:db user=SA
&amp#27;[30m2020-02-08 10:21:44,070&amp#27;[0;39m &amp#27;[39mDEBUG&amp#27;[0;39m [&amp#27;[34mHikariPool-5 connection adder&amp#27;[0;39m] &amp#27;[33mcom.zaxxer.hikari.pool.HikariPool$PoolEntryCreator&amp#27;[0;39m: HikariPool-5 - Added connection conn55: url=jdbc:h2:mem:db user=SA
&amp#27;[30m2020-02-08 10:21:44,071&amp#27;[0;39m &amp#27;[39mDEBUG&amp#27;[0;39m [&amp#27;[34mHikariPool-5 connection adder&amp#27;[0;39m] &amp#27;[33mcom.zaxxer.hikari.pool.HikariPool$PoolEntryCreator&amp#27;[0;39m: HikariPool-5 - Added connection conn56: url=jdbc:h2:mem:db user=SA
&amp#27;[30m2020-02-08 10:21:44,072&amp#27;[0;39m &amp#27;[39mDEBUG&amp#27;[0;39m [&amp#27;[34mHikariPool-5 connection adder&amp#27;[0;39m] &amp#27;[33mcom.zaxxer.hikari.pool.HikariPool$PoolEntryCreator&amp#27;[0;39m: HikariPool-5 - Added connection conn57: url=jdbc:h2:mem:db user=SA
&amp#27;[30m2020-02-08 10:21:44,072&amp#27;[0;39m &amp#27;[39mDEBUG&amp#27;[0;39m [&amp#27;[34mHikariPool-5 connection adder&amp#27;[0;39m] &amp#27;[33mcom.zaxxer.hikari.pool.HikariPool&amp#27;[0;39m: HikariPool-5 - After adding stats (total=10, active=0, idle=10, waiting=0)
&amp#27;[30m2020-02-08 10:21:44,073&amp#27;[0;39m &amp#27;[39mDEBUG&amp#27;[0;39m [&amp#27;[34mmain&amp#27;[0;39m] &amp#27;[33morg.hibernate.boot.internal.ClassLoaderAccessImpl&amp#27;[0;39m: Not known whether passed class name [in.rgukt.r081247.universityapi.entity.Department] is safe
&amp#27;[30m2020-02-08 10:21:44,073&amp#27;[0;39m &amp#27;[39mDEBUG&amp#27;[0;39m [&amp#27;[34mmain&amp#27;[0;39m] &amp#27;[33morg.hibernate.boot.internal.ClassLoaderAccessImpl&amp#27;[0;39m: No temp ClassLoader provided; using live ClassLoader for loading potentially unsafe class : in.rgukt.r081247.universityapi.entity.Department
&amp#27;[30m2020-02-08 10:21:44,076&amp#27;[0;39m &amp#27;[39mDEBUG&amp#27;[0;39m [&amp#27;[34mmain&amp#27;[0;39m] &amp#27;[33morg.hibernate.boot.internal.ClassLoaderAccessImpl&amp#27;[0;39m: Not known whether passed class name [in.rgukt.r081247.universityapi.entity.Student] is safe
&amp#27;[30m2020-02-08 10:21:44,077&amp#27;[0;39m &amp#27;[39mDEBUG&amp#27;[0;39m [&amp#27;[34mmain&amp#27;[0;39m] &amp#27;[33morg.hibernate.boot.internal.ClassLoaderAccessImpl&amp#27;[0;39m: No temp ClassLoader provided; using live ClassLoader for loading potentially unsafe class : in.rgukt.r081247.universityapi.entity.Student
&amp#27;[30m2020-02-08 10:21:44,082&amp#27;[0;39m &amp#27;[39mDEBUG&amp#27;[0;39m [&amp#27;[34mmain&amp#27;[0;39m] &amp#27;[33morg.hibernate.secure.spi.JaccIntegrator&amp#27;[0;39m: Skipping JACC integration as it was not enabled
&amp#27;[30m2020-02-08 10:21:44,083&amp#27;[0;39m &amp#27;[39mDEBUG&amp#27;[0;39m [&amp#27;[34mmain&amp#27;[0;39m] &amp#27;[33morg.hibernate.internal.SessionFactoryImpl&amp#27;[0;39m: Instantiated session factory
&amp#27;[30m2020-02-08 10:21:44,083&amp#27;[0;39m &amp#27;[39mDEBUG&amp#27;[0;39m [&amp#27;[34mmain&amp#27;[0;39m] &amp#27;[33morg.hibernate.type.spi.TypeConfiguration&amp#27;[0;39m: Scoping TypeConfiguration [org.hibernate.type.spi.TypeConfiguration@226346d4] to SessionFactoryImpl [org.hibernate.internal.SessionFactoryImpl@17fd9fbb]
&amp#27;[30m2020-02-08 10:21:44,084&amp#27;[0;39m &amp#27;[39mDEBUG&amp#27;[0;39m [&amp#27;[34mmain&amp#27;[0;39m] &amp#27;[33morg.hibernate.boot.internal.ClassLoaderAccessImpl&amp#27;[0;39m: Not known whether passed class name [in.rgukt.r081247.universityapi.entity.Course] is safe
&amp#27;[30m2020-02-08 10:21:44,085&amp#27;[0;39m &amp#27;[39mDEBUG&amp#27;[0;39m [&amp#27;[34mmain&amp#27;[0;39m] &amp#27;[33morg.hibernate.boot.internal.ClassLoaderAccessImpl&amp#27;[0;39m: No temp ClassLoader provided; using live ClassLoader for loading potentially unsafe class : in.rgukt.r081247.universityapi.entity.Course
&amp#27;[30m2020-02-08 10:21:44,085&amp#27;[0;39m &amp#27;[39mDEBUG&amp#27;[0;39m [&amp#27;[34mmain&amp#27;[0;39m] &amp#27;[33morg.hibernate.boot.internal.ClassLoaderAccessImpl&amp#27;[0;39m: Not known whether passed class name [in.rgukt.r081247.universityapi.entity.Course] is safe
&amp#27;[30m2020-02-08 10:21:44,086&amp#27;[0;39m &amp#27;[39mDEBUG&amp#27;[0;39m [&amp#27;[34mmain&amp#27;[0;39m] &amp#27;[33morg.hibernate.boot.internal.ClassLoaderAccessImpl&amp#27;[0;39m: No temp ClassLoader provided; using live ClassLoader for loading potentially unsafe class : in.rgukt.r081247.universityapi.entity.Course
&amp#27;[30m2020-02-08 10:21:44,105&amp#27;[0;39m &amp#27;[39mDEBUG&amp#27;[0;39m [&amp#27;[34mmain&amp#27;[0;39m] &amp#27;[33morg.hibernate.boot.internal.ClassLoaderAccessImpl&amp#27;[0;39m: Not known whether passed class name [in.rgukt.r081247.universityapi.entity.Department] is safe
&amp#27;[30m2020-02-08 10:21:44,108&amp#27;[0;39m &amp#27;[39mDEBUG&amp#27;[0;39m [&amp#27;[34mmain&amp#27;[0;39m] &amp#27;[33morg.hibernate.boot.internal.ClassLoaderAccessImpl&amp#27;[0;39m: No temp ClassLoader provided; using live ClassLoader for loading potentially unsafe class : in.rgukt.r081247.universityapi.entity.Department
&amp#27;[30m2020-02-08 10:21:44,109&amp#27;[0;39m &amp#27;[39mDEBUG&amp#27;[0;39m [&amp#27;[34mmain&amp#27;[0;39m] &amp#27;[33morg.hibernate.boot.internal.ClassLoaderAccessImpl&amp#27;[0;39m: Not known whether passed class name [in.rgukt.r081247.universityapi.entity.Department] is safe
&amp#27;[30m2020-02-08 10:21:44,110&amp#27;[0;39m &amp#27;[39mDEBUG&amp#27;[0;39m [&amp#27;[34mmain&amp#27;[0;39m] &amp#27;[33morg.hibernate.boot.internal.ClassLoaderAccessImpl&amp#27;[0;39m: No temp ClassLoader provided; using live ClassLoader for loading potentially unsafe class : in.rgukt.r081247.universityapi.entity.Department
&amp#27;[30m2020-02-08 10:21:44,129&amp#27;[0;39m &amp#27;[39mDEBUG&amp#27;[0;39m [&amp#27;[34mmain&amp#27;[0;39m] &amp#27;[33morg.hibernate.boot.internal.ClassLoaderAccessImpl&amp#27;[0;39m: Not known whether passed class name [in.rgukt.r081247.universityapi.entity.Student] is safe
&amp#27;[30m2020-02-08 10:21:44,129&amp#27;[0;39m &amp#27;[39mDEBUG&amp#27;[0;39m [&amp#27;[34mmain&amp#27;[0;39m] &amp#27;[33morg.hibernate.boot.internal.ClassLoaderAccessImpl&amp#27;[0;39m: No temp ClassLoader provided; using live ClassLoader for loading potentially unsafe class : in.rgukt.r081247.universityapi.entity.Student
&amp#27;[30m2020-02-08 10:21:44,130&amp#27;[0;39m &amp#27;[39mDEBUG&amp#27;[0;39m [&amp#27;[34mmain&amp#27;[0;39m] &amp#27;[33morg.hibernate.boot.internal.ClassLoaderAccessImpl&amp#27;[0;39m: Not known whether passed class name [in.rgukt.r081247.universityapi.entity.Student] is safe
&amp#27;[30m2020-02-08 10:21:44,131&amp#27;[0;39m &amp#27;[39mDEBUG&amp#27;[0;39m [&amp#27;[34mmain&amp#27;[0;39m] &amp#27;[33morg.hibernate.boot.internal.ClassLoaderAccessImpl&amp#27;[0;39m: No temp ClassLoader provided; using live ClassLoader for loading potentially unsafe class : in.rgukt.r081247.universityapi.entity.Student
&amp#27;[30m2020-02-08 10:21:44,149&amp#27;[0;39m &amp#27;[39mDEBUG&amp#27;[0;39m [&amp#27;[34mmain&amp#27;[0;39m] &amp#27;[33morg.hibernate.persister.collection.AbstractCollectionPersister&amp#27;[0;39m: Static SQL for collection: in.rgukt.r081247.universityapi.entity.Student.courses
&amp#27;[30m2020-02-08 10:21:44,150&amp#27;[0;39m &amp#27;[39mDEBUG&amp#27;[0;39m [&amp#27;[34mmain&amp#27;[0;39m] &amp#27;[33morg.hibernate.persister.collection.AbstractCollectionPersister&amp#27;[0;39m:  Row insert: insert into student_course (student_id, course_id) values (?, ?)
&amp#27;[30m2020-02-08 10:21:44,150&amp#27;[0;39m &amp#27;[39mDEBUG&amp#27;[0;39m [&amp#27;[34mmain&amp#27;[0;39m] &amp#27;[33morg.hibernate.persister.collection.AbstractCollectionPersister&amp#27;[0;39m:  Row update: update student_course set course_id=? where student_id=? and course_id=?
&amp#27;[30m2020-02-08 10:21:44,151&amp#27;[0;39m &amp#27;[39mDEBUG&amp#27;[0;39m [&amp#27;[34mmain&amp#27;[0;39m] &amp#27;[33morg.hibernate.persister.collection.AbstractCollectionPersister&amp#27;[0;39m:  Row delete: delete from student_course where student_id=? and course_id=?
&amp#27;[30m2020-02-08 10:21:44,151&amp#27;[0;39m &amp#27;[39mDEBUG&amp#27;[0;39m [&amp#27;[34mmain&amp#27;[0;39m] &amp#27;[33morg.hibernate.persister.collection.AbstractCollectionPersister&amp#27;[0;39m:  One-shot delete: delete from student_course where student_id=?
&amp#27;[30m2020-02-08 10:21:44,151&amp#27;[0;39m &amp#27;[39mDEBUG&amp#27;[0;39m [&amp#27;[34mmain&amp#27;[0;39m] &amp#27;[33morg.hibernate.persister.collection.AbstractCollectionPersister&amp#27;[0;39m: Static SQL for collection: in.rgukt.r081247.universityapi.entity.Department.courses
&amp#27;[30m2020-02-08 10:21:44,152&amp#27;[0;39m &amp#27;[39mDEBUG&amp#27;[0;39m [&amp#27;[34mmain&amp#27;[0;39m] &amp#27;[33morg.hibernate.persister.collection.AbstractCollectionPersister&amp#27;[0;39m:  Row insert: update course set department_id=? where id=?
&amp#27;[30m2020-02-08 10:21:44,152&amp#27;[0;39m &amp#27;[39mDEBUG&amp#27;[0;39m [&amp#27;[34mmain&amp#27;[0;39m] &amp#27;[33morg.hibernate.persister.collection.AbstractCollectionPersister&amp#27;[0;39m:  Row update: update course set  where id=?
&amp#27;[30m2020-02-08 10:21:44,152&amp#27;[0;39m &amp#27;[39mDEBUG&amp#27;[0;39m [&amp#27;[34mmain&amp#27;[0;39m] &amp#27;[33morg.hibernate.persister.collection.AbstractCollectionPersister&amp#27;[0;39m:  Row delete: update course set department_id=null where department_id=? and id=?
&amp#27;[30m2020-02-08 10:21:44,152&amp#27;[0;39m &amp#27;[39mDEBUG&amp#27;[0;39m [&amp#27;[34mmain&amp#27;[0;39m] &amp#27;[33morg.hibernate.persister.collection.AbstractCollectionPersister&amp#27;[0;39m:  One-shot delete: update course set department_id=null where department_id=?
&amp#27;[30m2020-02-08 10:21:44,153&amp#27;[0;39m &amp#27;[39mDEBUG&amp#27;[0;39m [&amp#27;[34mmain&amp#27;[0;39m] &amp#27;[33morg.hibernate.persister.collection.AbstractCollectionPersister&amp#27;[0;39m: Static SQL for collection: in.rgukt.r081247.universityapi.entity.Course.students
&amp#27;[30m2020-02-08 10:21:44,153&amp#27;[0;39m &amp#27;[39mDEBUG&amp#27;[0;39m [&amp#27;[34mmain&amp#27;[0;39m] &amp#27;[33morg.hibernate.persister.collection.AbstractCollectionPersister&amp#27;[0;39m:  Row insert: insert into student_course (course_id, student_id) values (?, ?)
&amp#27;[30m2020-02-08 10:21:44,153&amp#27;[0;39m &amp#27;[39mDEBUG&amp#27;[0;39m [&amp#27;[34mmain&amp#27;[0;39m] &amp#27;[33morg.hibernate.persister.collection.AbstractCollectionPersister&amp#27;[0;39m:  Row update: update student_course set student_id=? where course_id=? and student_id=?
&amp#27;[30m2020-02-08 10:21:44,153&amp#27;[0;39m &amp#27;[39mDEBUG&amp#27;[0;39m [&amp#27;[34mmain&amp#27;[0;39m] &amp#27;[33morg.hibernate.persister.collection.AbstractCollectionPersister&amp#27;[0;39m:  Row delete: delete from student_course where course_id=? and student_id=?
&amp#27;[30m2020-02-08 10:21:44,154&amp#27;[0;39m &amp#27;[39mDEBUG&amp#27;[0;39m [&amp#27;[34mmain&amp#27;[0;39m] &amp#27;[33morg.hibernate.persister.collection.AbstractCollectionPersister&amp#27;[0;39m:  One-shot delete: delete from student_course where course_id=?
&amp#27;[30m2020-02-08 10:21:44,154&amp#27;[0;39m &amp#27;[39mDEBUG&amp#27;[0;39m [&amp#27;[34mmain&amp#27;[0;39m] &amp#27;[33morg.hibernate.persister.entity.AbstractEntityPersister&amp#27;[0;39m: Static SQL for entity: in.rgukt.r081247.universityapi.entity.Course
&amp#27;[30m2020-02-08 10:21:44,154&amp#27;[0;39m &amp#27;[39mDEBUG&amp#27;[0;39m [&amp#27;[34mmain&amp#27;[0;39m] &amp#27;[33morg.hibernate.persister.entity.AbstractEntityPersister&amp#27;[0;39m:  Version select: select id from course where id =?
&amp#27;[30m2020-02-08 10:21:44,155&amp#27;[0;39m &amp#27;[39mDEBUG&amp#27;[0;39m [&amp#27;[34mmain&amp#27;[0;39m] &amp#27;[33morg.hibernate.persister.entity.AbstractEntityPersister&amp#27;[0;39m:  Snapshot select: select course_.id, course_.department_id as departme3_0_, course_.name as name2_0_ from course course_ where course_.id=?
&amp#27;[30m2020-02-08 10:21:44,155&amp#27;[0;39m &amp#27;[39mDEBUG&amp#27;[0;39m [&amp#27;[34mmain&amp#27;[0;39m] &amp#27;[33morg.jboss.logging.DelegatingBasicLogger&amp#27;[0;39m:  Insert 0: insert into course (department_id, name, id) values (?, ?, ?)
&amp#27;[30m2020-02-08 10:21:44,155&amp#27;[0;39m &amp#27;[39mDEBUG&amp#27;[0;39m [&amp#27;[34mmain&amp#27;[0;39m] &amp#27;[33morg.jboss.logging.DelegatingBasicLogger&amp#27;[0;39m:  Update 0: update course set department_id=?, name=? where id=?
&amp#27;[30m2020-02-08 10:21:44,155&amp#27;[0;39m &amp#27;[39mDEBUG&amp#27;[0;39m [&amp#27;[34mmain&amp#27;[0;39m] &amp#27;[33morg.jboss.logging.DelegatingBasicLogger&amp#27;[0;39m:  Delete 0: delete from course where id=?
&amp#27;[30m2020-02-08 10:21:44,156&amp#27;[0;39m &amp#27;[39mDEBUG&amp#27;[0;39m [&amp#27;[34mmain&amp#27;[0;39m] &amp#27;[33morg.hibernate.persister.entity.AbstractEntityPersister&amp#27;[0;39m:  Identity insert: insert into course (id, department_id, name) values (null, ?, ?)
&amp#27;[30m2020-02-08 10:21:44,156&amp#27;[0;39m &amp#27;[39mDEBUG&amp#27;[0;39m [&amp#27;[34mmain&amp#27;[0;39m] &amp#27;[33morg.hibernate.loader.plan.build.internal.spaces.QuerySpacesImpl&amp#27;[0;39m: Adding QuerySpace : uid = <gen:0> -> org.hibernate.loader.plan.build.internal.spaces.EntityQuerySpaceImpl@1476e447]
&amp#27;[30m2020-02-08 10:21:44,156&amp#27;[0;39m &amp#27;[39mDEBUG&amp#27;[0;39m [&amp#27;[34mmain&amp#27;[0;39m] &amp#27;[33morg.hibernate.persister.walking.spi.MetamodelGraphWalker&amp#27;[0;39m: Visiting attribute path : department
&amp#27;[30m2020-02-08 10:21:44,156&amp#27;[0;39m &amp#27;[39mDEBUG&amp#27;[0;39m [&amp#27;[34mmain&amp#27;[0;39m] &amp#27;[33morg.hibernate.loader.plan.build.internal.spaces.QuerySpacesImpl&amp#27;[0;39m: Adding QuerySpace : uid = <gen:1> -> org.hibernate.loader.plan.build.internal.spaces.EntityQuerySpaceImpl@666033b1]
&amp#27;[30m2020-02-08 10:21:44,157&amp#27;[0;39m &amp#27;[39mDEBUG&amp#27;[0;39m [&amp#27;[34mmain&amp#27;[0;39m] &amp#27;[33morg.hibernate.persister.walking.spi.MetamodelGraphWalker&amp#27;[0;39m: Visiting attribute path : name
&amp#27;[30m2020-02-08 10:21:44,157&amp#27;[0;39m &amp#27;[39mDEBUG&amp#27;[0;39m [&amp#27;[34mmain&amp#27;[0;39m] &amp#27;[33morg.hibernate.persister.walking.spi.MetamodelGraphWalker&amp#27;[0;39m: Visiting attribute path : students
&amp#27;[30m2020-02-08 10:21:44,157&amp#27;[0;39m &amp#27;[39mDEBUG&amp#27;[0;39m [&amp#27;[34mmain&amp#27;[0;39m] &amp#27;[33morg.hibernate.loader.plan.build.internal.spaces.QuerySpacesImpl&amp#27;[0;39m: Adding QuerySpace : uid = <gen:2> -> org.hibernate.loader.plan.build.internal.spaces.CollectionQuerySpaceImpl@db9ecd]
&amp#27;[30m2020-02-08 10:21:44,158&amp#27;[0;39m &amp#27;[39mDEBUG&amp#27;[0;39m [&amp#27;[34mmain&amp#27;[0;39m] &amp#27;[33morg.hibernate.loader.plan.build.internal.spaces.QuerySpacesImpl&amp#27;[0;39m: Adding QuerySpace : uid = <gen:3> -> org.hibernate.loader.plan.build.internal.spaces.EntityQuerySpaceImpl@23ac164d]
&amp#27;[30m2020-02-08 10:21:44,158&amp#27;[0;39m &amp#27;[39mDEBUG&amp#27;[0;39m [&amp#27;[34mmain&amp#27;[0;39m] &amp#27;[33morg.hibernate.loader.plan.build.internal.FetchStyleLoadPlanBuildingAssociationVisitationStrategy&amp#27;[0;39m: Building LoadPlan...
&amp#27;[30m2020-02-08 10:21:44,158&amp#27;[0;39m &amp#27;[39mDEBUG&amp#27;[0;39m [&amp#27;[34mmain&amp#27;[0;39m] &amp#27;[33morg.hibernate.loader.plan.exec.internal.LoadQueryJoinAndFetchProcessor&amp#27;[0;39m: processing queryspace <gen:0>
&amp#27;[30m2020-02-08 10:21:44,159&amp#27;[0;39m &amp#27;[39mDEBUG&amp#27;[0;39m [&amp#27;[34mmain&amp#27;[0;39m] &amp#27;[33morg.hibernate.loader.plan.build.spi.LoadPlanTreePrinter&amp#27;[0;39m: LoadPlan(entity=in.rgukt.r081247.universityapi.entity.Course)
    - Returns
       - EntityReturnImpl(entity=in.rgukt.r081247.universityapi.entity.Course, querySpaceUid=<gen:0>, path=in.rgukt.r081247.universityapi.entity.Course)
          - EntityAttributeFetchImpl(entity=in.rgukt.r081247.universityapi.entity.Department, querySpaceUid=<gen:1>, path=in.rgukt.r081247.universityapi.entity.Course.department)
          - CollectionAttributeFetchImpl(collection=in.rgukt.r081247.universityapi.entity.Course.students, querySpaceUid=<gen:2>, path=in.rgukt.r081247.universityapi.entity.Course.students)
             - (collection element) CollectionFetchableElementEntityGraph(entity=in.rgukt.r081247.universityapi.entity.Student, querySpaceUid=<gen:3>, path=in.rgukt.r081247.universityapi.entity.Course.students.<elements>)
    - QuerySpaces
       - EntityQuerySpaceImpl(uid=<gen:0>, entity=in.rgukt.r081247.universityapi.entity.Course)
          - SQL table alias mapping - course0_
          - alias suffix - 0_
          - suffixed key columns - {id1_0_0_}

&amp#27;[30m2020-02-08 10:21:44,159&amp#27;[0;39m &amp#27;[39mDEBUG&amp#27;[0;39m [&amp#27;[34mmain&amp#27;[0;39m] &amp#27;[33morg.hibernate.loader.entity.plan.EntityLoader&amp#27;[0;39m: Static select for entity in.rgukt.r081247.universityapi.entity.Course [NONE]: select course0_.id as id1_0_0_, course0_.department_id as departme3_0_0_, course0_.name as name2_0_0_ from course course0_ where course0_.id=?
&amp#27;[30m2020-02-08 10:21:44,159&amp#27;[0;39m &amp#27;[39mDEBUG&amp#27;[0;39m [&amp#27;[34mmain&amp#27;[0;39m] &amp#27;[33morg.hibernate.loader.plan.build.internal.spaces.QuerySpacesImpl&amp#27;[0;39m: Adding QuerySpace : uid = <gen:0> -> org.hibernate.loader.plan.build.internal.spaces.EntityQuerySpaceImpl@4057babc]
&amp#27;[30m2020-02-08 10:21:44,160&amp#27;[0;39m &amp#27;[39mDEBUG&amp#27;[0;39m [&amp#27;[34mmain&amp#27;[0;39m] &amp#27;[33morg.hibernate.persister.walking.spi.MetamodelGraphWalker&amp#27;[0;39m: Visiting attribute path : department
&amp#27;[30m2020-02-08 10:21:44,160&amp#27;[0;39m &amp#27;[39mDEBUG&amp#27;[0;39m [&amp#27;[34mmain&amp#27;[0;39m] &amp#27;[33morg.hibernate.loader.plan.build.internal.spaces.QuerySpacesImpl&amp#27;[0;39m: Adding QuerySpace : uid = <gen:1> -> org.hibernate.loader.plan.build.internal.spaces.EntityQuerySpaceImpl@7bbc3b6e]
&amp#27;[30m2020-02-08 10:21:44,160&amp#27;[0;39m &amp#27;[39mDEBUG&amp#27;[0;39m [&amp#27;[34mmain&amp#27;[0;39m] &amp#27;[33morg.hibernate.persister.walking.spi.MetamodelGraphWalker&amp#27;[0;39m: Visiting attribute path : name
&amp#27;[30m2020-02-08 10:21:44,160&amp#27;[0;39m &amp#27;[39mDEBUG&amp#27;[0;39m [&amp#27;[34mmain&amp#27;[0;39m] &amp#27;[33morg.hibernate.persister.walking.spi.MetamodelGraphWalker&amp#27;[0;39m: Visiting attribute path : students
&amp#27;[30m2020-02-08 10:21:44,160&amp#27;[0;39m &amp#27;[39mDEBUG&amp#27;[0;39m [&amp#27;[34mmain&amp#27;[0;39m] &amp#27;[33morg.hibernate.loader.plan.build.internal.spaces.QuerySpacesImpl&amp#27;[0;39m: Adding QuerySpace : uid = <gen:2> -> org.hibernate.loader.plan.build.internal.spaces.CollectionQuerySpaceImpl@38e1442a]
&amp#27;[30m2020-02-08 10:21:44,161&amp#27;[0;39m &amp#27;[39mDEBUG&amp#27;[0;39m [&amp#27;[34mmain&amp#27;[0;39m] &amp#27;[33morg.hibernate.loader.plan.build.internal.spaces.QuerySpacesImpl&amp#27;[0;39m: Adding QuerySpace : uid = <gen:3> -> org.hibernate.loader.plan.build.internal.spaces.EntityQuerySpaceImpl@451e8bd0]
&amp#27;[30m2020-02-08 10:21:44,161&amp#27;[0;39m &amp#27;[39mDEBUG&amp#27;[0;39m [&amp#27;[34mmain&amp#27;[0;39m] &amp#27;[33morg.hibernate.loader.plan.build.internal.FetchStyleLoadPlanBuildingAssociationVisitationStrategy&amp#27;[0;39m: Building LoadPlan...
&amp#27;[30m2020-02-08 10:21:44,161&amp#27;[0;39m &amp#27;[39mDEBUG&amp#27;[0;39m [&amp#27;[34mmain&amp#27;[0;39m] &amp#27;[33morg.hibernate.loader.plan.exec.internal.LoadQueryJoinAndFetchProcessor&amp#27;[0;39m: processing queryspace <gen:0>
&amp#27;[30m2020-02-08 10:21:44,162&amp#27;[0;39m &amp#27;[39mDEBUG&amp#27;[0;39m [&amp#27;[34mmain&amp#27;[0;39m] &amp#27;[33morg.hibernate.loader.plan.build.spi.LoadPlanTreePrinter&amp#27;[0;39m: LoadPlan(entity=in.rgukt.r081247.universityapi.entity.Course)
    - Returns
       - EntityReturnImpl(entity=in.rgukt.r081247.universityapi.entity.Course, querySpaceUid=<gen:0>, path=in.rgukt.r081247.universityapi.entity.Course)
          - EntityAttributeFetchImpl(entity=in.rgukt.r081247.universityapi.entity.Department, querySpaceUid=<gen:1>, path=in.rgukt.r081247.universityapi.entity.Course.department)
          - CollectionAttributeFetchImpl(collection=in.rgukt.r081247.universityapi.entity.Course.students, querySpaceUid=<gen:2>, path=in.rgukt.r081247.universityapi.entity.Course.students)
             - (collection element) CollectionFetchableElementEntityGraph(entity=in.rgukt.r081247.universityapi.entity.Student, querySpaceUid=<gen:3>, path=in.rgukt.r081247.universityapi.entity.Course.students.<elements>)
    - QuerySpaces
       - EntityQuerySpaceImpl(uid=<gen:0>, entity=in.rgukt.r081247.universityapi.entity.Course)
          - SQL table alias mapping - course0_
          - alias suffix - 0_
          - suffixed key columns - {id1_0_0_}

&amp#27;[30m2020-02-08 10:21:44,162&amp#27;[0;39m &amp#27;[39mDEBUG&amp#27;[0;39m [&amp#27;[34mmain&amp#27;[0;39m] &amp#27;[33morg.hibernate.loader.entity.plan.EntityLoader&amp#27;[0;39m: Static select for entity in.rgukt.r081247.universityapi.entity.Course [READ]: select course0_.id as id1_0_0_, course0_.department_id as departme3_0_0_, course0_.name as name2_0_0_ from course course0_ where course0_.id=?
&amp#27;[30m2020-02-08 10:21:44,163&amp#27;[0;39m &amp#27;[39mDEBUG&amp#27;[0;39m [&amp#27;[34mmain&amp#27;[0;39m] &amp#27;[33morg.hibernate.loader.entity.CascadeEntityLoader&amp#27;[0;39m: Static select for action ACTION_MERGE on entity in.rgukt.r081247.universityapi.entity.Course: select course0_.id as id1_0_0_, course0_.department_id as departme3_0_0_, course0_.name as name2_0_0_ from course course0_ where course0_.id=?
&amp#27;[30m2020-02-08 10:21:44,163&amp#27;[0;39m &amp#27;[39mDEBUG&amp#27;[0;39m [&amp#27;[34mmain&amp#27;[0;39m] &amp#27;[33morg.hibernate.loader.entity.CascadeEntityLoader&amp#27;[0;39m: Static select for action ACTION_REFRESH on entity in.rgukt.r081247.universityapi.entity.Course: select course0_.id as id1_0_0_, course0_.department_id as departme3_0_0_, course0_.name as name2_0_0_ from course course0_ where course0_.id=?
&amp#27;[30m2020-02-08 10:21:44,164&amp#27;[0;39m &amp#27;[39mDEBUG&amp#27;[0;39m [&amp#27;[34mmain&amp#27;[0;39m] &amp#27;[33morg.hibernate.persister.entity.AbstractEntityPersister&amp#27;[0;39m: Static SQL for entity: in.rgukt.r081247.universityapi.entity.Department
&amp#27;[30m2020-02-08 10:21:44,164&amp#27;[0;39m &amp#27;[39mDEBUG&amp#27;[0;39m [&amp#27;[34mmain&amp#27;[0;39m] &amp#27;[33morg.hibernate.persister.entity.AbstractEntityPersister&amp#27;[0;39m:  Version select: select id from department where id =?
&amp#27;[30m2020-02-08 10:21:44,164&amp#27;[0;39m &amp#27;[39mDEBUG&amp#27;[0;39m [&amp#27;[34mmain&amp#27;[0;39m] &amp#27;[33morg.hibernate.persister.entity.AbstractEntityPersister&amp#27;[0;39m:  Snapshot select: select department_.id, department_.name as name2_1_ from department department_ where department_.id=?
&amp#27;[30m2020-02-08 10:21:44,164&amp#27;[0;39m &amp#27;[39mDEBUG&amp#27;[0;39m [&amp#27;[34mmain&amp#27;[0;39m] &amp#27;[33morg.jboss.logging.DelegatingBasicLogger&amp#27;[0;39m:  Insert 0: insert into department (name, id) values (?, ?)
&amp#27;[30m2020-02-08 10:21:44,164&amp#27;[0;39m &amp#27;[39mDEBUG&amp#27;[0;39m [&amp#27;[34mmain&amp#27;[0;39m] &amp#27;[33morg.jboss.logging.DelegatingBasicLogger&amp#27;[0;39m:  Update 0: update department set name=? where id=?
&amp#27;[30m2020-02-08 10:21:44,164&amp#27;[0;39m &amp#27;[39mDEBUG&amp#27;[0;39m [&amp#27;[34mmain&amp#27;[0;39m] &amp#27;[33morg.jboss.logging.DelegatingBasicLogger&amp#27;[0;39m:  Delete 0: delete from department where id=?
&amp#27;[30m2020-02-08 10:21:44,165&amp#27;[0;39m &amp#27;[39mDEBUG&amp#27;[0;39m [&amp#27;[34mmain&amp#27;[0;39m] &amp#27;[33morg.hibernate.persister.entity.AbstractEntityPersister&amp#27;[0;39m:  Identity insert: insert into department (id, name) values (null, ?)
&amp#27;[30m2020-02-08 10:21:44,165&amp#27;[0;39m &amp#27;[39mDEBUG&amp#27;[0;39m [&amp#27;[34mmain&amp#27;[0;39m] &amp#27;[33morg.hibernate.loader.plan.build.internal.spaces.QuerySpacesImpl&amp#27;[0;39m: Adding QuerySpace : uid = <gen:0> -> org.hibernate.loader.plan.build.internal.spaces.EntityQuerySpaceImpl@d3effcb]
&amp#27;[30m2020-02-08 10:21:44,165&amp#27;[0;39m &amp#27;[39mDEBUG&amp#27;[0;39m [&amp#27;[34mmain&amp#27;[0;39m] &amp#27;[33morg.hibernate.persister.walking.spi.MetamodelGraphWalker&amp#27;[0;39m: Visiting attribute path : courses
&amp#27;[30m2020-02-08 10:21:44,165&amp#27;[0;39m &amp#27;[39mDEBUG&amp#27;[0;39m [&amp#27;[34mmain&amp#27;[0;39m] &amp#27;[33morg.hibernate.loader.plan.build.internal.spaces.QuerySpacesImpl&amp#27;[0;39m: Adding QuerySpace : uid = <gen:1> -> org.hibernate.loader.plan.build.internal.spaces.CollectionQuerySpaceImpl@2531049f]
&amp#27;[30m2020-02-08 10:21:44,166&amp#27;[0;39m &amp#27;[39mDEBUG&amp#27;[0;39m [&amp#27;[34mmain&amp#27;[0;39m] &amp#27;[33morg.hibernate.loader.plan.build.internal.spaces.QuerySpacesImpl&amp#27;[0;39m: Adding QuerySpace : uid = <gen:2> -> org.hibernate.loader.plan.build.internal.spaces.EntityQuerySpaceImpl@14404be2]
&amp#27;[30m2020-02-08 10:21:44,166&amp#27;[0;39m &amp#27;[39mDEBUG&amp#27;[0;39m [&amp#27;[34mmain&amp#27;[0;39m] &amp#27;[33morg.hibernate.persister.walking.spi.MetamodelGraphWalker&amp#27;[0;39m: Visiting attribute path : name
&amp#27;[30m2020-02-08 10:21:44,166&amp#27;[0;39m &amp#27;[39mDEBUG&amp#27;[0;39m [&amp#27;[34mmain&amp#27;[0;39m] &amp#27;[33morg.hibernate.loader.plan.build.internal.FetchStyleLoadPlanBuildingAssociationVisitationStrategy&amp#27;[0;39m: Building LoadPlan...
&amp#27;[30m2020-02-08 10:21:44,167&amp#27;[0;39m &amp#27;[39mDEBUG&amp#27;[0;39m [&amp#27;[34mmain&amp#27;[0;39m] &amp#27;[33morg.hibernate.loader.plan.exec.internal.LoadQueryJoinAndFetchProcessor&amp#27;[0;39m: processing queryspace <gen:0>
&amp#27;[30m2020-02-08 10:21:44,167&amp#27;[0;39m &amp#27;[39mDEBUG&amp#27;[0;39m [&amp#27;[34mmain&amp#27;[0;39m] &amp#27;[33morg.hibernate.loader.plan.build.spi.LoadPlanTreePrinter&amp#27;[0;39m: LoadPlan(entity=in.rgukt.r081247.universityapi.entity.Department)
    - Returns
       - EntityReturnImpl(entity=in.rgukt.r081247.universityapi.entity.Department, querySpaceUid=<gen:0>, path=in.rgukt.r081247.universityapi.entity.Department)
          - CollectionAttributeFetchImpl(collection=in.rgukt.r081247.universityapi.entity.Department.courses, querySpaceUid=<gen:1>, path=in.rgukt.r081247.universityapi.entity.Department.courses)
             - (collection element) CollectionFetchableElementEntityGraph(entity=in.rgukt.r081247.universityapi.entity.Course, querySpaceUid=<gen:2>, path=in.rgukt.r081247.universityapi.entity.Department.courses.<elements>)
    - QuerySpaces
       - EntityQuerySpaceImpl(uid=<gen:0>, entity=in.rgukt.r081247.universityapi.entity.Department)
          - SQL table alias mapping - department0_
          - alias suffix - 0_
          - suffixed key columns - {id1_1_0_}

&amp#27;[30m2020-02-08 10:21:44,167&amp#27;[0;39m &amp#27;[39mDEBUG&amp#27;[0;39m [&amp#27;[34mmain&amp#27;[0;39m] &amp#27;[33morg.hibernate.loader.entity.plan.EntityLoader&amp#27;[0;39m: Static select for entity in.rgukt.r081247.universityapi.entity.Department [NONE]: select department0_.id as id1_1_0_, department0_.name as name2_1_0_ from department department0_ where department0_.id=?
&amp#27;[30m2020-02-08 10:21:44,168&amp#27;[0;39m &amp#27;[39mDEBUG&amp#27;[0;39m [&amp#27;[34mmain&amp#27;[0;39m] &amp#27;[33morg.hibernate.loader.plan.build.internal.spaces.QuerySpacesImpl&amp#27;[0;39m: Adding QuerySpace : uid = <gen:0> -> org.hibernate.loader.plan.build.internal.spaces.EntityQuerySpaceImpl@6efa2e06]
&amp#27;[30m2020-02-08 10:21:44,168&amp#27;[0;39m &amp#27;[39mDEBUG&amp#27;[0;39m [&amp#27;[34mmain&amp#27;[0;39m] &amp#27;[33morg.hibernate.persister.walking.spi.MetamodelGraphWalker&amp#27;[0;39m: Visiting attribute path : courses
&amp#27;[30m2020-02-08 10:21:44,168&amp#27;[0;39m &amp#27;[39mDEBUG&amp#27;[0;39m [&amp#27;[34mmain&amp#27;[0;39m] &amp#27;[33morg.hibernate.loader.plan.build.internal.spaces.QuerySpacesImpl&amp#27;[0;39m: Adding QuerySpace : uid = <gen:1> -> org.hibernate.loader.plan.build.internal.spaces.CollectionQuerySpaceImpl@4a9a0d9d]
&amp#27;[30m2020-02-08 10:21:44,168&amp#27;[0;39m &amp#27;[39mDEBUG&amp#27;[0;39m [&amp#27;[34mmain&amp#27;[0;39m] &amp#27;[33morg.hibernate.loader.plan.build.internal.spaces.QuerySpacesImpl&amp#27;[0;39m: Adding QuerySpace : uid = <gen:2> -> org.hibernate.loader.plan.build.internal.spaces.EntityQuerySpaceImpl@5c934077]
&amp#27;[30m2020-02-08 10:21:44,169&amp#27;[0;39m &amp#27;[39mDEBUG&amp#27;[0;39m [&amp#27;[34mmain&amp#27;[0;39m] &amp#27;[33morg.hibernate.persister.walking.spi.MetamodelGraphWalker&amp#27;[0;39m: Visiting attribute path : name
&amp#27;[30m2020-02-08 10:21:44,169&amp#27;[0;39m &amp#27;[39mDEBUG&amp#27;[0;39m [&amp#27;[34mmain&amp#27;[0;39m] &amp#27;[33morg.hibernate.loader.plan.build.internal.FetchStyleLoadPlanBuildingAssociationVisitationStrategy&amp#27;[0;39m: Building LoadPlan...
&amp#27;[30m2020-02-08 10:21:44,169&amp#27;[0;39m &amp#27;[39mDEBUG&amp#27;[0;39m [&amp#27;[34mmain&amp#27;[0;39m] &amp#27;[33morg.hibernate.loader.plan.exec.internal.LoadQueryJoinAndFetchProcessor&amp#27;[0;39m: processing queryspace <gen:0>
&amp#27;[30m2020-02-08 10:21:44,170&amp#27;[0;39m &amp#27;[39mDEBUG&amp#27;[0;39m [&amp#27;[34mmain&amp#27;[0;39m] &amp#27;[33morg.hibernate.loader.plan.build.spi.LoadPlanTreePrinter&amp#27;[0;39m: LoadPlan(entity=in.rgukt.r081247.universityapi.entity.Department)
    - Returns
       - EntityReturnImpl(entity=in.rgukt.r081247.universityapi.entity.Department, querySpaceUid=<gen:0>, path=in.rgukt.r081247.universityapi.entity.Department)
          - CollectionAttributeFetchImpl(collection=in.rgukt.r081247.universityapi.entity.Department.courses, querySpaceUid=<gen:1>, path=in.rgukt.r081247.universityapi.entity.Department.courses)
             - (collection element) CollectionFetchableElementEntityGraph(entity=in.rgukt.r081247.universityapi.entity.Course, querySpaceUid=<gen:2>, path=in.rgukt.r081247.universityapi.entity.Department.courses.<elements>)
    - QuerySpaces
       - EntityQuerySpaceImpl(uid=<gen:0>, entity=in.rgukt.r081247.universityapi.entity.Department)
          - SQL table alias mapping - department0_
          - alias suffix - 0_
          - suffixed key columns - {id1_1_0_}

&amp#27;[30m2020-02-08 10:21:44,170&amp#27;[0;39m &amp#27;[39mDEBUG&amp#27;[0;39m [&amp#27;[34mmain&amp#27;[0;39m] &amp#27;[33morg.hibernate.loader.entity.plan.EntityLoader&amp#27;[0;39m: Static select for entity in.rgukt.r081247.universityapi.entity.Department [READ]: select department0_.id as id1_1_0_, department0_.name as name2_1_0_ from department department0_ where department0_.id=?
&amp#27;[30m2020-02-08 10:21:44,171&amp#27;[0;39m &amp#27;[39mDEBUG&amp#27;[0;39m [&amp#27;[34mmain&amp#27;[0;39m] &amp#27;[33morg.hibernate.loader.entity.CascadeEntityLoader&amp#27;[0;39m: Static select for action ACTION_MERGE on entity in.rgukt.r081247.universityapi.entity.Department: select department0_.id as id1_1_1_, department0_.name as name2_1_1_, courses1_.department_id as departme3_0_3_, courses1_.id as id1_0_3_, courses1_.id as id1_0_0_, courses1_.department_id as departme3_0_0_, courses1_.name as name2_0_0_ from department department0_ left outer join course courses1_ on department0_.id=courses1_.department_id where department0_.id=?
&amp#27;[30m2020-02-08 10:21:44,171&amp#27;[0;39m &amp#27;[39mDEBUG&amp#27;[0;39m [&amp#27;[34mmain&amp#27;[0;39m] &amp#27;[33morg.hibernate.loader.entity.CascadeEntityLoader&amp#27;[0;39m: Static select for action ACTION_REFRESH on entity in.rgukt.r081247.universityapi.entity.Department: select department0_.id as id1_1_1_, department0_.name as name2_1_1_, courses1_.department_id as departme3_0_3_, courses1_.id as id1_0_3_, courses1_.id as id1_0_0_, courses1_.department_id as departme3_0_0_, courses1_.name as name2_0_0_ from department department0_ left outer join course courses1_ on department0_.id=courses1_.department_id where department0_.id=?
&amp#27;[30m2020-02-08 10:21:44,172&amp#27;[0;39m &amp#27;[39mDEBUG&amp#27;[0;39m [&amp#27;[34mmain&amp#27;[0;39m] &amp#27;[33morg.hibernate.persister.entity.AbstractEntityPersister&amp#27;[0;39m: Static SQL for entity: in.rgukt.r081247.universityapi.entity.Student
&amp#27;[30m2020-02-08 10:21:44,172&amp#27;[0;39m &amp#27;[39mDEBUG&amp#27;[0;39m [&amp#27;[34mmain&amp#27;[0;39m] &amp#27;[33morg.hibernate.persister.entity.AbstractEntityPersister&amp#27;[0;39m:  Version select: select id from student where id =?
&amp#27;[30m2020-02-08 10:21:44,172&amp#27;[0;39m &amp#27;[39mDEBUG&amp#27;[0;39m [&amp#27;[34mmain&amp#27;[0;39m] &amp#27;[33morg.hibernate.persister.entity.AbstractEntityPersister&amp#27;[0;39m:  Snapshot select: select student_.id, student_.dob as dob2_2_, student_.name as name3_2_ from student student_ where student_.id=?
&amp#27;[30m2020-02-08 10:21:44,172&amp#27;[0;39m &amp#27;[39mDEBUG&amp#27;[0;39m [&amp#27;[34mmain&amp#27;[0;39m] &amp#27;[33morg.jboss.logging.DelegatingBasicLogger&amp#27;[0;39m:  Insert 0: insert into student (dob, name, id) values (?, ?, ?)
&amp#27;[30m2020-02-08 10:21:44,172&amp#27;[0;39m &amp#27;[39mDEBUG&amp#27;[0;39m [&amp#27;[34mmain&amp#27;[0;39m] &amp#27;[33morg.jboss.logging.DelegatingBasicLogger&amp#27;[0;39m:  Update 0: update student set dob=?, name=? where id=?
&amp#27;[30m2020-02-08 10:21:44,173&amp#27;[0;39m &amp#27;[39mDEBUG&amp#27;[0;39m [&amp#27;[34mmain&amp#27;[0;39m] &amp#27;[33morg.jboss.logging.DelegatingBasicLogger&amp#27;[0;39m:  Delete 0: delete from student where id=?
&amp#27;[30m2020-02-08 10:21:44,173&amp#27;[0;39m &amp#27;[39mDEBUG&amp#27;[0;39m [&amp#27;[34mmain&amp#27;[0;39m] &amp#27;[33morg.hibernate.persister.entity.AbstractEntityPersister&amp#27;[0;39m:  Identity insert: insert into student (id, dob, name) values (null, ?, ?)
&amp#27;[30m2020-02-08 10:21:44,173&amp#27;[0;39m &amp#27;[39mDEBUG&amp#27;[0;39m [&amp#27;[34mmain&amp#27;[0;39m] &amp#27;[33morg.hibernate.loader.plan.build.internal.spaces.QuerySpacesImpl&amp#27;[0;39m: Adding QuerySpace : uid = <gen:0> -> org.hibernate.loader.plan.build.internal.spaces.EntityQuerySpaceImpl@63a6dffd]
&amp#27;[30m2020-02-08 10:21:44,173&amp#27;[0;39m &amp#27;[39mDEBUG&amp#27;[0;39m [&amp#27;[34mmain&amp#27;[0;39m] &amp#27;[33morg.hibernate.persister.walking.spi.MetamodelGraphWalker&amp#27;[0;39m: Visiting attribute path : courses
&amp#27;[30m2020-02-08 10:21:44,173&amp#27;[0;39m &amp#27;[39mDEBUG&amp#27;[0;39m [&amp#27;[34mmain&amp#27;[0;39m] &amp#27;[33morg.hibernate.loader.plan.build.internal.spaces.QuerySpacesImpl&amp#27;[0;39m: Adding QuerySpace : uid = <gen:1> -> org.hibernate.loader.plan.build.internal.spaces.CollectionQuerySpaceImpl@9d818b5]
&amp#27;[30m2020-02-08 10:21:44,174&amp#27;[0;39m &amp#27;[39mDEBUG&amp#27;[0;39m [&amp#27;[34mmain&amp#27;[0;39m] &amp#27;[33morg.hibernate.loader.plan.build.internal.spaces.QuerySpacesImpl&amp#27;[0;39m: Adding QuerySpace : uid = <gen:2> -> org.hibernate.loader.plan.build.internal.spaces.EntityQuerySpaceImpl@4f8e6101]
&amp#27;[30m2020-02-08 10:21:44,174&amp#27;[0;39m &amp#27;[39mDEBUG&amp#27;[0;39m [&amp#27;[34mmain&amp#27;[0;39m] &amp#27;[33morg.hibernate.persister.walking.spi.MetamodelGraphWalker&amp#27;[0;39m: Visiting attribute path : dob
&amp#27;[30m2020-02-08 10:21:44,174&amp#27;[0;39m &amp#27;[39mDEBUG&amp#27;[0;39m [&amp#27;[34mmain&amp#27;[0;39m] &amp#27;[33morg.hibernate.persister.walking.spi.MetamodelGraphWalker&amp#27;[0;39m: Visiting attribute path : name
&amp#27;[30m2020-02-08 10:21:44,174&amp#27;[0;39m &amp#27;[39mDEBUG&amp#27;[0;39m [&amp#27;[34mmain&amp#27;[0;39m] &amp#27;[33morg.hibernate.loader.plan.build.internal.FetchStyleLoadPlanBuildingAssociationVisitationStrategy&amp#27;[0;39m: Building LoadPlan...
&amp#27;[30m2020-02-08 10:21:44,175&amp#27;[0;39m &amp#27;[39mDEBUG&amp#27;[0;39m [&amp#27;[34mmain&amp#27;[0;39m] &amp#27;[33morg.hibernate.loader.plan.exec.internal.LoadQueryJoinAndFetchProcessor&amp#27;[0;39m: processing queryspace <gen:0>
&amp#27;[30m2020-02-08 10:21:44,175&amp#27;[0;39m &amp#27;[39mDEBUG&amp#27;[0;39m [&amp#27;[34mmain&amp#27;[0;39m] &amp#27;[33morg.hibernate.loader.plan.build.spi.LoadPlanTreePrinter&amp#27;[0;39m: LoadPlan(entity=in.rgukt.r081247.universityapi.entity.Student)
    - Returns
       - EntityReturnImpl(entity=in.rgukt.r081247.universityapi.entity.Student, querySpaceUid=<gen:0>, path=in.rgukt.r081247.universityapi.entity.Student)
          - CollectionAttributeFetchImpl(collection=in.rgukt.r081247.universityapi.entity.Student.courses, querySpaceUid=<gen:1>, path=in.rgukt.r081247.universityapi.entity.Student.courses)
             - (collection element) CollectionFetchableElementEntityGraph(entity=in.rgukt.r081247.universityapi.entity.Course, querySpaceUid=<gen:2>, path=in.rgukt.r081247.universityapi.entity.Student.courses.<elements>)
    - QuerySpaces
       - EntityQuerySpaceImpl(uid=<gen:0>, entity=in.rgukt.r081247.universityapi.entity.Student)
          - SQL table alias mapping - student0_
          - alias suffix - 0_
          - suffixed key columns - {id1_2_0_}

&amp#27;[30m2020-02-08 10:21:44,175&amp#27;[0;39m &amp#27;[39mDEBUG&amp#27;[0;39m [&amp#27;[34mmain&amp#27;[0;39m] &amp#27;[33morg.hibernate.loader.entity.plan.EntityLoader&amp#27;[0;39m: Static select for entity in.rgukt.r081247.universityapi.entity.Student [NONE]: select student0_.id as id1_2_0_, student0_.dob as dob2_2_0_, student0_.name as name3_2_0_ from student student0_ where student0_.id=?
&amp#27;[30m2020-02-08 10:21:44,176&amp#27;[0;39m &amp#27;[39mDEBUG&amp#27;[0;39m [&amp#27;[34mmain&amp#27;[0;39m] &amp#27;[33morg.hibernate.loader.plan.build.internal.spaces.QuerySpacesImpl&amp#27;[0;39m: Adding QuerySpace : uid = <gen:0> -> org.hibernate.loader.plan.build.internal.spaces.EntityQuerySpaceImpl@1a02063a]
&amp#27;[30m2020-02-08 10:21:44,176&amp#27;[0;39m &amp#27;[39mDEBUG&amp#27;[0;39m [&amp#27;[34mmain&amp#27;[0;39m] &amp#27;[33morg.hibernate.persister.walking.spi.MetamodelGraphWalker&amp#27;[0;39m: Visiting attribute path : courses
&amp#27;[30m2020-02-08 10:21:44,176&amp#27;[0;39m &amp#27;[39mDEBUG&amp#27;[0;39m [&amp#27;[34mmain&amp#27;[0;39m] &amp#27;[33morg.hibernate.loader.plan.build.internal.spaces.QuerySpacesImpl&amp#27;[0;39m: Adding QuerySpace : uid = <gen:1> -> org.hibernate.loader.plan.build.internal.spaces.CollectionQuerySpaceImpl@601c953c]
&amp#27;[30m2020-02-08 10:21:44,177&amp#27;[0;39m &amp#27;[39mDEBUG&amp#27;[0;39m [&amp#27;[34mmain&amp#27;[0;39m] &amp#27;[33morg.hibernate.loader.plan.build.internal.spaces.QuerySpacesImpl&amp#27;[0;39m: Adding QuerySpace : uid = <gen:2> -> org.hibernate.loader.plan.build.internal.spaces.EntityQuerySpaceImpl@5ca67657]
&amp#27;[30m2020-02-08 10:21:44,177&amp#27;[0;39m &amp#27;[39mDEBUG&amp#27;[0;39m [&amp#27;[34mmain&amp#27;[0;39m] &amp#27;[33morg.hibernate.persister.walking.spi.MetamodelGraphWalker&amp#27;[0;39m: Visiting attribute path : dob
&amp#27;[30m2020-02-08 10:21:44,177&amp#27;[0;39m &amp#27;[39mDEBUG&amp#27;[0;39m [&amp#27;[34mmain&amp#27;[0;39m] &amp#27;[33morg.hibernate.persister.walking.spi.MetamodelGraphWalker&amp#27;[0;39m: Visiting attribute path : name
&amp#27;[30m2020-02-08 10:21:44,177&amp#27;[0;39m &amp#27;[39mDEBUG&amp#27;[0;39m [&amp#27;[34mmain&amp#27;[0;39m] &amp#27;[33morg.hibernate.loader.plan.build.internal.FetchStyleLoadPlanBuildingAssociationVisitationStrategy&amp#27;[0;39m: Building LoadPlan...
&amp#27;[30m2020-02-08 10:21:44,177&amp#27;[0;39m &amp#27;[39mDEBUG&amp#27;[0;39m [&amp#27;[34mmain&amp#27;[0;39m] &amp#27;[33morg.hibernate.loader.plan.exec.internal.LoadQueryJoinAndFetchProcessor&amp#27;[0;39m: processing queryspace <gen:0>
&amp#27;[30m2020-02-08 10:21:44,178&amp#27;[0;39m &amp#27;[39mDEBUG&amp#27;[0;39m [&amp#27;[34mmain&amp#27;[0;39m] &amp#27;[33morg.hibernate.loader.plan.build.spi.LoadPlanTreePrinter&amp#27;[0;39m: LoadPlan(entity=in.rgukt.r081247.universityapi.entity.Student)
    - Returns
       - EntityReturnImpl(entity=in.rgukt.r081247.universityapi.entity.Student, querySpaceUid=<gen:0>, path=in.rgukt.r081247.universityapi.entity.Student)
          - CollectionAttributeFetchImpl(collection=in.rgukt.r081247.universityapi.entity.Student.courses, querySpaceUid=<gen:1>, path=in.rgukt.r081247.universityapi.entity.Student.courses)
             - (collection element) CollectionFetchableElementEntityGraph(entity=in.rgukt.r081247.universityapi.entity.Course, querySpaceUid=<gen:2>, path=in.rgukt.r081247.universityapi.entity.Student.courses.<elements>)
    - QuerySpaces
       - EntityQuerySpaceImpl(uid=<gen:0>, entity=in.rgukt.r081247.universityapi.entity.Student)
          - SQL table alias mapping - student0_
          - alias suffix - 0_
          - suffixed key columns - {id1_2_0_}

&amp#27;[30m2020-02-08 10:21:44,178&amp#27;[0;39m &amp#27;[39mDEBUG&amp#27;[0;39m [&amp#27;[34mmain&amp#27;[0;39m] &amp#27;[33morg.hibernate.loader.entity.plan.EntityLoader&amp#27;[0;39m: Static select for entity in.rgukt.r081247.universityapi.entity.Student [READ]: select student0_.id as id1_2_0_, student0_.dob as dob2_2_0_, student0_.name as name3_2_0_ from student student0_ where student0_.id=?
&amp#27;[30m2020-02-08 10:21:44,179&amp#27;[0;39m &amp#27;[39mDEBUG&amp#27;[0;39m [&amp#27;[34mmain&amp#27;[0;39m] &amp#27;[33morg.hibernate.loader.entity.CascadeEntityLoader&amp#27;[0;39m: Static select for action ACTION_MERGE on entity in.rgukt.r081247.universityapi.entity.Student: select student0_.id as id1_2_1_, student0_.dob as dob2_2_1_, student0_.name as name3_2_1_, courses1_.student_id as student_1_3_3_, course2_.id as course_i2_3_3_, course2_.id as id1_0_0_, course2_.department_id as departme3_0_0_, course2_.name as name2_0_0_ from student student0_ left outer join student_course courses1_ on student0_.id=courses1_.student_id left outer join course course2_ on courses1_.course_id=course2_.id where student0_.id=?
&amp#27;[30m2020-02-08 10:21:44,180&amp#27;[0;39m &amp#27;[39mDEBUG&amp#27;[0;39m [&amp#27;[34mmain&amp#27;[0;39m] &amp#27;[33morg.hibernate.loader.entity.CascadeEntityLoader&amp#27;[0;39m: Static select for action ACTION_REFRESH on entity in.rgukt.r081247.universityapi.entity.Student: select student0_.id as id1_2_1_, student0_.dob as dob2_2_1_, student0_.name as name3_2_1_, courses1_.student_id as student_1_3_3_, course2_.id as course_i2_3_3_, course2_.id as id1_0_0_, course2_.department_id as departme3_0_0_, course2_.name as name2_0_0_ from student student0_ left outer join student_course courses1_ on student0_.id=courses1_.student_id left outer join course course2_ on courses1_.course_id=course2_.id where student0_.id=?
&amp#27;[30m2020-02-08 10:21:44,180&amp#27;[0;39m &amp#27;[39mDEBUG&amp#27;[0;39m [&amp#27;[34mmain&amp#27;[0;39m] &amp#27;[33morg.hibernate.loader.plan.build.internal.spaces.QuerySpacesImpl&amp#27;[0;39m: Adding QuerySpace : uid = <gen:0> -> org.hibernate.loader.plan.build.internal.spaces.CollectionQuerySpaceImpl@561f982f]
&amp#27;[30m2020-02-08 10:21:44,180&amp#27;[0;39m &amp#27;[39mDEBUG&amp#27;[0;39m [&amp#27;[34mmain&amp#27;[0;39m] &amp#27;[33morg.hibernate.loader.plan.build.internal.spaces.QuerySpacesImpl&amp#27;[0;39m: Adding QuerySpace : uid = <gen:1> -> org.hibernate.loader.plan.build.internal.spaces.EntityQuerySpaceImpl@3ed79f41]
&amp#27;[30m2020-02-08 10:21:44,181&amp#27;[0;39m &amp#27;[39mDEBUG&amp#27;[0;39m [&amp#27;[34mmain&amp#27;[0;39m] &amp#27;[33morg.hibernate.persister.walking.spi.MetamodelGraphWalker&amp#27;[0;39m: Visiting attribute path : department
&amp#27;[30m2020-02-08 10:21:44,181&amp#27;[0;39m &amp#27;[39mDEBUG&amp#27;[0;39m [&amp#27;[34mmain&amp#27;[0;39m] &amp#27;[33morg.hibernate.loader.plan.build.internal.spaces.QuerySpacesImpl&amp#27;[0;39m: Adding QuerySpace : uid = <gen:2> -> org.hibernate.loader.plan.build.internal.spaces.EntityQuerySpaceImpl@7f69a16b]
&amp#27;[30m2020-02-08 10:21:44,181&amp#27;[0;39m &amp#27;[39mDEBUG&amp#27;[0;39m [&amp#27;[34mmain&amp#27;[0;39m] &amp#27;[33morg.hibernate.persister.walking.spi.MetamodelGraphWalker&amp#27;[0;39m: Visiting attribute path : name
&amp#27;[30m2020-02-08 10:21:44,181&amp#27;[0;39m &amp#27;[39mDEBUG&amp#27;[0;39m [&amp#27;[34mmain&amp#27;[0;39m] &amp#27;[33morg.hibernate.persister.walking.spi.MetamodelGraphWalker&amp#27;[0;39m: Visiting attribute path : students
&amp#27;[30m2020-02-08 10:21:44,181&amp#27;[0;39m &amp#27;[39mDEBUG&amp#27;[0;39m [&amp#27;[34mmain&amp#27;[0;39m] &amp#27;[33morg.hibernate.persister.walking.spi.MetamodelGraphWalker&amp#27;[0;39m: Property path deemed to be circular : students
&amp#27;[30m2020-02-08 10:21:44,182&amp#27;[0;39m &amp#27;[39mDEBUG&amp#27;[0;39m [&amp#27;[34mmain&amp#27;[0;39m] &amp#27;[33morg.hibernate.loader.plan.build.internal.FetchStyleLoadPlanBuildingAssociationVisitationStrategy&amp#27;[0;39m: Building LoadPlan...
&amp#27;[30m2020-02-08 10:21:44,182&amp#27;[0;39m &amp#27;[39mDEBUG&amp#27;[0;39m [&amp#27;[34mmain&amp#27;[0;39m] &amp#27;[33morg.hibernate.loader.plan.exec.internal.LoadQueryJoinAndFetchProcessor&amp#27;[0;39m: processing queryspace <gen:0>
&amp#27;[30m2020-02-08 10:21:44,183&amp#27;[0;39m &amp#27;[39mDEBUG&amp#27;[0;39m [&amp#27;[34mmain&amp#27;[0;39m] &amp#27;[33morg.hibernate.loader.plan.build.spi.LoadPlanTreePrinter&amp#27;[0;39m: LoadPlan(collection=in.rgukt.r081247.universityapi.entity.Student.courses)
    - Returns
       - CollectionReturnImpl(collection=in.rgukt.r081247.universityapi.entity.Student.courses, querySpaceUid=<gen:0>, path=[in.rgukt.r081247.universityapi.entity.Student.courses])
          - (collection element) CollectionFetchableElementEntityGraph(entity=in.rgukt.r081247.universityapi.entity.Course, querySpaceUid=<gen:1>, path=[in.rgukt.r081247.universityapi.entity.Student.courses].<elements>)
             - EntityAttributeFetchImpl(entity=in.rgukt.r081247.universityapi.entity.Department, querySpaceUid=<gen:2>, path=[in.rgukt.r081247.universityapi.entity.Student.courses].<elements>.department)
    - QuerySpaces
       - CollectionQuerySpaceImpl(uid=<gen:0>, collection=in.rgukt.r081247.universityapi.entity.Student.courses)
          - SQL table alias mapping - courses0_
          - alias suffix - 0_
          - suffixed key columns - {student_1_3_0_}
          - entity-element alias suffix - 1_
          - 1_entity-element suffixed key columns - id1_0_1_
          - JOIN (JoinDefinedByMetadata(elements)) : <gen:0> -> <gen:1>
             - EntityQuerySpaceImpl(uid=<gen:1>, entity=in.rgukt.r081247.universityapi.entity.Course)
                - SQL table alias mapping - course1_
                - alias suffix - 1_
                - suffixed key columns - {id1_0_1_}

&amp#27;[30m2020-02-08 10:21:44,183&amp#27;[0;39m &amp#27;[39mDEBUG&amp#27;[0;39m [&amp#27;[34mmain&amp#27;[0;39m] &amp#27;[33morg.hibernate.loader.collection.plan.CollectionLoader&amp#27;[0;39m: Static select for collection in.rgukt.r081247.universityapi.entity.Student.courses: select courses0_.student_id as student_1_3_0_, courses0_.course_id as course_i2_3_0_, course1_.id as id1_0_1_, course1_.department_id as departme3_0_1_, course1_.name as name2_0_1_ from student_course courses0_ inner join course course1_ on courses0_.course_id=course1_.id where courses0_.student_id=?
&amp#27;[30m2020-02-08 10:21:44,183&amp#27;[0;39m &amp#27;[39mDEBUG&amp#27;[0;39m [&amp#27;[34mmain&amp#27;[0;39m] &amp#27;[33morg.hibernate.loader.plan.build.internal.spaces.QuerySpacesImpl&amp#27;[0;39m: Adding QuerySpace : uid = <gen:0> -> org.hibernate.loader.plan.build.internal.spaces.CollectionQuerySpaceImpl@7d461450]
&amp#27;[30m2020-02-08 10:21:44,184&amp#27;[0;39m &amp#27;[39mDEBUG&amp#27;[0;39m [&amp#27;[34mmain&amp#27;[0;39m] &amp#27;[33morg.hibernate.loader.plan.build.internal.spaces.QuerySpacesImpl&amp#27;[0;39m: Adding QuerySpace : uid = <gen:1> -> org.hibernate.loader.plan.build.internal.spaces.EntityQuerySpaceImpl@75ee63f2]
&amp#27;[30m2020-02-08 10:21:44,184&amp#27;[0;39m &amp#27;[39mDEBUG&amp#27;[0;39m [&amp#27;[34mmain&amp#27;[0;39m] &amp#27;[33morg.hibernate.persister.walking.spi.MetamodelGraphWalker&amp#27;[0;39m: Visiting attribute path : department
&amp#27;[30m2020-02-08 10:21:44,184&amp#27;[0;39m &amp#27;[39mDEBUG&amp#27;[0;39m [&amp#27;[34mmain&amp#27;[0;39m] &amp#27;[33morg.hibernate.persister.walking.spi.MetamodelGraphWalker&amp#27;[0;39m: Property path deemed to be circular : department
&amp#27;[30m2020-02-08 10:21:44,185&amp#27;[0;39m &amp#27;[39mDEBUG&amp#27;[0;39m [&amp#27;[34mmain&amp#27;[0;39m] &amp#27;[33morg.hibernate.persister.walking.spi.MetamodelGraphWalker&amp#27;[0;39m: Visiting attribute path : name
&amp#27;[30m2020-02-08 10:21:44,185&amp#27;[0;39m &amp#27;[39mDEBUG&amp#27;[0;39m [&amp#27;[34mmain&amp#27;[0;39m] &amp#27;[33morg.hibernate.persister.walking.spi.MetamodelGraphWalker&amp#27;[0;39m: Visiting attribute path : students
&amp#27;[30m2020-02-08 10:21:44,185&amp#27;[0;39m &amp#27;[39mDEBUG&amp#27;[0;39m [&amp#27;[34mmain&amp#27;[0;39m] &amp#27;[33morg.hibernate.loader.plan.build.internal.spaces.QuerySpacesImpl&amp#27;[0;39m: Adding QuerySpace : uid = <gen:2> -> org.hibernate.loader.plan.build.internal.spaces.CollectionQuerySpaceImpl@339b9869]
&amp#27;[30m2020-02-08 10:21:44,185&amp#27;[0;39m &amp#27;[39mDEBUG&amp#27;[0;39m [&amp#27;[34mmain&amp#27;[0;39m] &amp#27;[33morg.hibernate.loader.plan.build.internal.spaces.QuerySpacesImpl&amp#27;[0;39m: Adding QuerySpace : uid = <gen:3> -> org.hibernate.loader.plan.build.internal.spaces.EntityQuerySpaceImpl@356c8c1b]
&amp#27;[30m2020-02-08 10:21:44,186&amp#27;[0;39m &amp#27;[39mDEBUG&amp#27;[0;39m [&amp#27;[34mmain&amp#27;[0;39m] &amp#27;[33morg.hibernate.loader.plan.build.internal.FetchStyleLoadPlanBuildingAssociationVisitationStrategy&amp#27;[0;39m: Building LoadPlan...
&amp#27;[30m2020-02-08 10:21:44,186&amp#27;[0;39m &amp#27;[39mDEBUG&amp#27;[0;39m [&amp#27;[34mmain&amp#27;[0;39m] &amp#27;[33morg.hibernate.loader.plan.exec.internal.LoadQueryJoinAndFetchProcessor&amp#27;[0;39m: processing queryspace <gen:0>
&amp#27;[30m2020-02-08 10:21:44,187&amp#27;[0;39m &amp#27;[39mDEBUG&amp#27;[0;39m [&amp#27;[34mmain&amp#27;[0;39m] &amp#27;[33morg.hibernate.loader.plan.build.spi.LoadPlanTreePrinter&amp#27;[0;39m: LoadPlan(collection=in.rgukt.r081247.universityapi.entity.Department.courses)
    - Returns
       - CollectionReturnImpl(collection=in.rgukt.r081247.universityapi.entity.Department.courses, querySpaceUid=<gen:0>, path=[in.rgukt.r081247.universityapi.entity.Department.courses])
          - (collection element) CollectionFetchableElementEntityGraph(entity=in.rgukt.r081247.universityapi.entity.Course, querySpaceUid=<gen:1>, path=[in.rgukt.r081247.universityapi.entity.Department.courses].<elements>)
             - CollectionAttributeFetchImpl(collection=in.rgukt.r081247.universityapi.entity.Course.students, querySpaceUid=<gen:2>, path=[in.rgukt.r081247.universityapi.entity.Department.courses].<elements>.students)
                - (collection element) CollectionFetchableElementEntityGraph(entity=in.rgukt.r081247.universityapi.entity.Student, querySpaceUid=<gen:3>, path=[in.rgukt.r081247.universityapi.entity.Department.courses].<elements>.students.<elements>)
    - QuerySpaces
       - CollectionQuerySpaceImpl(uid=<gen:0>, collection=in.rgukt.r081247.universityapi.entity.Department.courses)
          - SQL table alias mapping - courses0_
          - alias suffix - 0_
          - suffixed key columns - {departme3_0_0_}
          - entity-element alias suffix - 1_
          - 1_entity-element suffixed key columns - id1_0_1_
          - JOIN (JoinDefinedByMetadata(elements)) : <gen:0> -> <gen:1>
             - EntityQuerySpaceImpl(uid=<gen:1>, entity=in.rgukt.r081247.universityapi.entity.Course)
                - SQL table alias mapping - courses0_
                - alias suffix - 1_
                - suffixed key columns - {id1_0_1_}

&amp#27;[30m2020-02-08 10:21:44,188&amp#27;[0;39m &amp#27;[39mDEBUG&amp#27;[0;39m [&amp#27;[34mmain&amp#27;[0;39m] &amp#27;[33morg.hibernate.loader.collection.plan.CollectionLoader&amp#27;[0;39m: Static select for collection in.rgukt.r081247.universityapi.entity.Department.courses: select courses0_.department_id as departme3_0_0_, courses0_.id as id1_0_0_, courses0_.id as id1_0_1_, courses0_.department_id as departme3_0_1_, courses0_.name as name2_0_1_ from course courses0_ where courses0_.department_id=?
&amp#27;[30m2020-02-08 10:21:44,188&amp#27;[0;39m &amp#27;[39mDEBUG&amp#27;[0;39m [&amp#27;[34mmain&amp#27;[0;39m] &amp#27;[33morg.hibernate.loader.plan.build.internal.spaces.QuerySpacesImpl&amp#27;[0;39m: Adding QuerySpace : uid = <gen:0> -> org.hibernate.loader.plan.build.internal.spaces.CollectionQuerySpaceImpl@6a7a8e1e]
&amp#27;[30m2020-02-08 10:21:44,188&amp#27;[0;39m &amp#27;[39mDEBUG&amp#27;[0;39m [&amp#27;[34mmain&amp#27;[0;39m] &amp#27;[33morg.hibernate.loader.plan.build.internal.spaces.QuerySpacesImpl&amp#27;[0;39m: Adding QuerySpace : uid = <gen:1> -> org.hibernate.loader.plan.build.internal.spaces.EntityQuerySpaceImpl@39aa595]
&amp#27;[30m2020-02-08 10:21:44,189&amp#27;[0;39m &amp#27;[39mDEBUG&amp#27;[0;39m [&amp#27;[34mmain&amp#27;[0;39m] &amp#27;[33morg.hibernate.persister.walking.spi.MetamodelGraphWalker&amp#27;[0;39m: Visiting attribute path : courses
&amp#27;[30m2020-02-08 10:21:44,189&amp#27;[0;39m &amp#27;[39mDEBUG&amp#27;[0;39m [&amp#27;[34mmain&amp#27;[0;39m] &amp#27;[33morg.hibernate.persister.walking.spi.MetamodelGraphWalker&amp#27;[0;39m: Property path deemed to be circular : courses
&amp#27;[30m2020-02-08 10:21:44,189&amp#27;[0;39m &amp#27;[39mDEBUG&amp#27;[0;39m [&amp#27;[34mmain&amp#27;[0;39m] &amp#27;[33morg.hibernate.persister.walking.spi.MetamodelGraphWalker&amp#27;[0;39m: Visiting attribute path : dob
&amp#27;[30m2020-02-08 10:21:44,190&amp#27;[0;39m &amp#27;[39mDEBUG&amp#27;[0;39m [&amp#27;[34mmain&amp#27;[0;39m] &amp#27;[33morg.hibernate.persister.walking.spi.MetamodelGraphWalker&amp#27;[0;39m: Visiting attribute path : name
&amp#27;[30m2020-02-08 10:21:44,190&amp#27;[0;39m &amp#27;[39mDEBUG&amp#27;[0;39m [&amp#27;[34mmain&amp#27;[0;39m] &amp#27;[33morg.hibernate.loader.plan.build.internal.FetchStyleLoadPlanBuildingAssociationVisitationStrategy&amp#27;[0;39m: Building LoadPlan...
&amp#27;[30m2020-02-08 10:21:44,190&amp#27;[0;39m &amp#27;[39mDEBUG&amp#27;[0;39m [&amp#27;[34mmain&amp#27;[0;39m] &amp#27;[33morg.hibernate.loader.plan.exec.internal.LoadQueryJoinAndFetchProcessor&amp#27;[0;39m: processing queryspace <gen:0>
&amp#27;[30m2020-02-08 10:21:44,191&amp#27;[0;39m &amp#27;[39mDEBUG&amp#27;[0;39m [&amp#27;[34mmain&amp#27;[0;39m] &amp#27;[33morg.hibernate.loader.plan.build.spi.LoadPlanTreePrinter&amp#27;[0;39m: LoadPlan(collection=in.rgukt.r081247.universityapi.entity.Course.students)
    - Returns
       - CollectionReturnImpl(collection=in.rgukt.r081247.universityapi.entity.Course.students, querySpaceUid=<gen:0>, path=[in.rgukt.r081247.universityapi.entity.Course.students])
          - (collection element) CollectionFetchableElementEntityGraph(entity=in.rgukt.r081247.universityapi.entity.Student, querySpaceUid=<gen:1>, path=[in.rgukt.r081247.universityapi.entity.Course.students].<elements>)
    - QuerySpaces
       - CollectionQuerySpaceImpl(uid=<gen:0>, collection=in.rgukt.r081247.universityapi.entity.Course.students)
          - SQL table alias mapping - students0_
          - alias suffix - 0_
          - suffixed key columns - {course_i2_3_0_}
          - entity-element alias suffix - 1_
          - 1_entity-element suffixed key columns - id1_2_1_
          - JOIN (JoinDefinedByMetadata(elements)) : <gen:0> -> <gen:1>
             - EntityQuerySpaceImpl(uid=<gen:1>, entity=in.rgukt.r081247.universityapi.entity.Student)
                - SQL table alias mapping - student1_
                - alias suffix - 1_
                - suffixed key columns - {id1_2_1_}

&amp#27;[30m2020-02-08 10:21:44,191&amp#27;[0;39m &amp#27;[39mDEBUG&amp#27;[0;39m [&amp#27;[34mmain&amp#27;[0;39m] &amp#27;[33morg.hibernate.loader.collection.plan.CollectionLoader&amp#27;[0;39m: Static select for collection in.rgukt.r081247.universityapi.entity.Course.students: select students0_.course_id as course_i2_3_0_, students0_.student_id as student_1_3_0_, student1_.id as id1_2_1_, student1_.dob as dob2_2_1_, student1_.name as name3_2_1_ from student_course students0_ inner join student student1_ on students0_.student_id=student1_.id where students0_.course_id=?
&amp#27;[30m2020-02-08 10:21:44,193&amp#27;[0;39m &amp#27;[39mDEBUG&amp#27;[0;39m [&amp#27;[34mmain&amp#27;[0;39m] &amp#27;[33morg.hibernate.engine.jdbc.spi.SqlStatementLogger&amp#27;[0;39m: 
    
    drop table course if exists
&amp#27;[30m2020-02-08 10:21:44,194&amp#27;[0;39m &amp#27;[39mDEBUG&amp#27;[0;39m [&amp#27;[34mmain&amp#27;[0;39m] &amp#27;[33morg.hibernate.engine.jdbc.spi.SqlStatementLogger&amp#27;[0;39m: 
    
    drop table department if exists
&amp#27;[30m2020-02-08 10:21:44,194&amp#27;[0;39m &amp#27;[39mDEBUG&amp#27;[0;39m [&amp#27;[34mmain&amp#27;[0;39m] &amp#27;[33morg.hibernate.engine.jdbc.spi.SqlStatementLogger&amp#27;[0;39m: 
    
    drop table student if exists
&amp#27;[30m2020-02-08 10:21:44,195&amp#27;[0;39m &amp#27;[39mDEBUG&amp#27;[0;39m [&amp#27;[34mmain&amp#27;[0;39m] &amp#27;[33morg.hibernate.engine.jdbc.spi.SqlStatementLogger&amp#27;[0;39m: 
    
    drop table student_course if exists
&amp#27;[30m2020-02-08 10:21:44,195&amp#27;[0;39m &amp#27;[39mDEBUG&amp#27;[0;39m [&amp#27;[34mmain&amp#27;[0;39m] &amp#27;[33morg.hibernate.engine.jdbc.spi.SqlStatementLogger&amp#27;[0;39m: 
    
    create table course (
       id bigint generated by default as identity,
        name varchar(100) not null,
        department_id bigint,
        primary key (id)
    )
&amp#27;[30m2020-02-08 10:21:44,198&amp#27;[0;39m &amp#27;[39mDEBUG&amp#27;[0;39m [&amp#27;[34mmain&amp#27;[0;39m] &amp#27;[33morg.hibernate.engine.jdbc.spi.SqlStatementLogger&amp#27;[0;39m: 
    
    create table department (
       id bigint generated by default as identity,
        name varchar(100) not null,
        primary key (id)
    )
&amp#27;[30m2020-02-08 10:21:44,200&amp#27;[0;39m &amp#27;[39mDEBUG&amp#27;[0;39m [&amp#27;[34mmain&amp#27;[0;39m] &amp#27;[33morg.hibernate.engine.jdbc.spi.SqlStatementLogger&amp#27;[0;39m: 
    
    create table student (
       id bigint generated by default as identity,
        dob date,
        name varchar(100) not null,
        primary key (id)
    )
&amp#27;[30m2020-02-08 10:21:44,202&amp#27;[0;39m &amp#27;[39mDEBUG&amp#27;[0;39m [&amp#27;[34mmain&amp#27;[0;39m] &amp#27;[33morg.hibernate.engine.jdbc.spi.SqlStatementLogger&amp#27;[0;39m: 
    
    create table student_course (
       student_id bigint not null,
        course_id bigint not null,
        primary key (student_id, course_id)
    )
&amp#27;[30m2020-02-08 10:21:44,204&amp#27;[0;39m &amp#27;[39mDEBUG&amp#27;[0;39m [&amp#27;[34mmain&amp#27;[0;39m] &amp#27;[33morg.hibernate.engine.jdbc.spi.SqlStatementLogger&amp#27;[0;39m: 
    
    alter table course 
       add constraint FKi1btm7ma8n3gaj6afdno300wm 
       foreign key (department_id) 
       references department
&amp#27;[30m2020-02-08 10:21:44,208&amp#27;[0;39m &amp#27;[39mDEBUG&amp#27;[0;39m [&amp#27;[34mmain&amp#27;[0;39m] &amp#27;[33morg.hibernate.engine.jdbc.spi.SqlStatementLogger&amp#27;[0;39m: 
    
    alter table student_course 
       add constraint FKejrkh4gv8iqgmspsanaji90ws 
       foreign key (course_id) 
       references course
&amp#27;[30m2020-02-08 10:21:44,210&amp#27;[0;39m &amp#27;[39mDEBUG&amp#27;[0;39m [&amp#27;[34mmain&amp#27;[0;39m] &amp#27;[33morg.hibernate.engine.jdbc.spi.SqlStatementLogger&amp#27;[0;39m: 
    
    alter table student_course 
       add constraint FKq7yw2wg9wlt2cnj480hcdn6dq 
       foreign key (student_id) 
       references student
&amp#27;[30m2020-02-08 10:21:44,214&amp#27;[0;39m &amp#27;[34mINFO &amp#27;[0;39m [&amp#27;[34mmain&amp#27;[0;39m] &amp#27;[33morg.hibernate.tool.schema.internal.SchemaCreatorImpl&amp#27;[0;39m: HHH000476: Executing import script 'org.hibernate.tool.schema.internal.exec.ScriptSourceInputNonExistentImpl@6ab1f85b'
&amp#27;[30m2020-02-08 10:21:44,214&amp#27;[0;39m &amp#27;[39mDEBUG&amp#27;[0;39m [&amp#27;[34mmain&amp#27;[0;39m] &amp#27;[33morg.hibernate.query.spi.NamedQueryRepository&amp#27;[0;39m: Checking 0 named HQL queries
&amp#27;[30m2020-02-08 10:21:44,215&amp#27;[0;39m &amp#27;[39mDEBUG&amp#27;[0;39m [&amp#27;[34mmain&amp#27;[0;39m] &amp#27;[33morg.hibernate.query.spi.NamedQueryRepository&amp#27;[0;39m: Checking 0 named SQL queries
&amp#27;[30m2020-02-08 10:21:44,215&amp#27;[0;39m &amp#27;[39mDEBUG&amp#27;[0;39m [&amp#27;[34mmain&amp#27;[0;39m] &amp#27;[33morg.hibernate.internal.SessionFactoryRegistry&amp#27;[0;39m: Registering SessionFactory: 4286e516-7828-4074-a4e7-17290c7d091a (<unnamed>)
&amp#27;[30m2020-02-08 10:21:44,215&amp#27;[0;39m &amp#27;[39mDEBUG&amp#27;[0;39m [&amp#27;[34mmain&amp#27;[0;39m] &amp#27;[33morg.hibernate.internal.SessionFactoryRegistry&amp#27;[0;39m: Not binding SessionFactory to JNDI, no JNDI name configured
&amp#27;[30m2020-02-08 10:21:44,215&amp#27;[0;39m &amp#27;[34mINFO &amp#27;[0;39m [&amp#27;[34mmain&amp#27;[0;39m] &amp#27;[33morg.springframework.orm.jpa.AbstractEntityManagerFactoryBean&amp#27;[0;39m: Initialized JPA EntityManagerFactory for persistence unit 'default'
&amp#27;[30m2020-02-08 10:21:44,221&amp#27;[0;39m &amp#27;[39mDEBUG&amp#27;[0;39m [&amp#27;[34mmain&amp#27;[0;39m] &amp#27;[33morg.springframework.beans.factory.support.DefaultSingletonBeanRegistry&amp#27;[0;39m: Creating shared instance of singleton bean 'delegatingApplicationListener'
&amp#27;[30m2020-02-08 10:21:44,224&amp#27;[0;39m &amp#27;[39mDEBUG&amp#27;[0;39m [&amp#27;[34mmain&amp#27;[0;39m] &amp#27;[33morg.springframework.beans.factory.support.DefaultSingletonBeanRegistry&amp#27;[0;39m: Creating shared instance of singleton bean 'crmApplication'
&amp#27;[30m2020-02-08 10:21:44,227&amp#27;[0;39m &amp#27;[39mDEBUG&amp#27;[0;39m [&amp#27;[34mmain&amp#27;[0;39m] &amp#27;[33morg.springframework.beans.factory.support.DefaultSingletonBeanRegistry&amp#27;[0;39m: Creating shared instance of singleton bean 'crmCofig'
&amp#27;[30m2020-02-08 10:21:44,231&amp#27;[0;39m &amp#27;[39mDEBUG&amp#27;[0;39m [&amp#27;[34mmain&amp#27;[0;39m] &amp#27;[33morg.springframework.beans.factory.support.DefaultSingletonBeanRegistry&amp#27;[0;39m: Creating shared instance of singleton bean 'securityConfiguration'
&amp#27;[30m2020-02-08 10:21:44,242&amp#27;[0;39m &amp#27;[39mDEBUG&amp#27;[0;39m [&amp#27;[34mmain&amp#27;[0;39m] &amp#27;[33morg.springframework.beans.factory.support.DefaultSingletonBeanRegistry&amp#27;[0;39m: Creating shared instance of singleton bean 'mvcContentNegotiationManager'
&amp#27;[30m2020-02-08 10:21:44,242&amp#27;[0;39m &amp#27;[39mDEBUG&amp#27;[0;39m [&amp#27;[34mmain&amp#27;[0;39m] &amp#27;[33morg.springframework.beans.factory.support.DefaultSingletonBeanRegistry&amp#27;[0;39m: Creating shared instance of singleton bean 'org.springframework.boot.autoconfigure.web.servlet.WebMvcAutoConfiguration$EnableWebMvcConfiguration'
&amp#27;[30m2020-02-08 10:21:44,243&amp#27;[0;39m &amp#27;[39mDEBUG&amp#27;[0;39m [&amp#27;[34mmain&amp#27;[0;39m] &amp#27;[33morg.springframework.core.LocalVariableTableParameterNameDiscoverer&amp#27;[0;39m: Cannot find '.class' file for class [class org.springframework.boot.autoconfigure.web.servlet.WebMvcAutoConfiguration$EnableWebMvcConfiguration$$EnhancerBySpringCGLIB$$415b28eb] - unable to determine constructor/method parameter names
&amp#27;[30m2020-02-08 10:21:44,245&amp#27;[0;39m &amp#27;[39mDEBUG&amp#27;[0;39m [&amp#27;[34mmain&amp#27;[0;39m] &amp#27;[33morg.springframework.beans.factory.support.ConstructorResolver&amp#27;[0;39m: Autowiring by type from bean name 'org.springframework.boot.autoconfigure.web.servlet.WebMvcAutoConfiguration$EnableWebMvcConfiguration' via constructor to bean named 'org.springframework.beans.factory.support.DefaultListableBeanFactory@eaa901a'
&amp#27;[30m2020-02-08 10:21:44,255&amp#27;[0;39m &amp#27;[39mDEBUG&amp#27;[0;39m [&amp#27;[34mmain&amp#27;[0;39m] &amp#27;[33morg.springframework.beans.factory.support.DefaultSingletonBeanRegistry&amp#27;[0;39m: Creating shared instance of singleton bean 'org.springframework.security.config.annotation.web.configuration.WebMvcSecurityConfiguration'
&amp#27;[30m2020-02-08 10:21:44,260&amp#27;[0;39m &amp#27;[39mDEBUG&amp#27;[0;39m [&amp#27;[34mmain&amp#27;[0;39m] &amp#27;[33morg.springframework.beans.factory.support.DefaultSingletonBeanRegistry&amp#27;[0;39m: Creating shared instance of singleton bean 'org.springframework.boot.autoconfigure.web.servlet.WebMvcAutoConfiguration$WebMvcAutoConfigurationAdapter'
&amp#27;[30m2020-02-08 10:21:44,260&amp#27;[0;39m &amp#27;[39mDEBUG&amp#27;[0;39m [&amp#27;[34mmain&amp#27;[0;39m] &amp#27;[33morg.springframework.core.LocalVariableTableParameterNameDiscoverer&amp#27;[0;39m: Cannot find '.class' file for class [class org.springframework.boot.autoconfigure.web.servlet.WebMvcAutoConfiguration$WebMvcAutoConfigurationAdapter$$EnhancerBySpringCGLIB$$e35ef3d0] - unable to determine constructor/method parameter names
&amp#27;[30m2020-02-08 10:21:44,262&amp#27;[0;39m &amp#27;[39mDEBUG&amp#27;[0;39m [&amp#27;[34mmain&amp#27;[0;39m] &amp#27;[33morg.springframework.beans.factory.support.ConstructorResolver&amp#27;[0;39m: Autowiring by type from bean name 'org.springframework.boot.autoconfigure.web.servlet.WebMvcAutoConfiguration$WebMvcAutoConfigurationAdapter' via constructor to bean named 'spring.resources-org.springframework.boot.autoconfigure.web.ResourceProperties'
&amp#27;[30m2020-02-08 10:21:44,262&amp#27;[0;39m &amp#27;[39mDEBUG&amp#27;[0;39m [&amp#27;[34mmain&amp#27;[0;39m] &amp#27;[33morg.springframework.beans.factory.support.ConstructorResolver&amp#27;[0;39m: Autowiring by type from bean name 'org.springframework.boot.autoconfigure.web.servlet.WebMvcAutoConfiguration$WebMvcAutoConfigurationAdapter' via constructor to bean named 'spring.mvc-org.springframework.boot.autoconfigure.web.servlet.WebMvcProperties'
&amp#27;[30m2020-02-08 10:21:44,263&amp#27;[0;39m &amp#27;[39mDEBUG&amp#27;[0;39m [&amp#27;[34mmain&amp#27;[0;39m] &amp#27;[33morg.springframework.beans.factory.support.ConstructorResolver&amp#27;[0;39m: Autowiring by type from bean name 'org.springframework.boot.autoconfigure.web.servlet.WebMvcAutoConfiguration$WebMvcAutoConfigurationAdapter' via constructor to bean named 'org.springframework.beans.factory.support.DefaultListableBeanFactory@eaa901a'
&amp#27;[30m2020-02-08 10:21:44,274&amp#27;[0;39m &amp#27;[39mDEBUG&amp#27;[0;39m [&amp#27;[34mmain&amp#27;[0;39m] &amp#27;[33morg.springframework.beans.factory.support.DefaultSingletonBeanRegistry&amp#27;[0;39m: Creating shared instance of singleton bean 'org.springframework.boot.autoconfigure.orm.jpa.JpaBaseConfiguration$JpaWebConfiguration$JpaWebMvcConfiguration'
&amp#27;[30m2020-02-08 10:21:44,274&amp#27;[0;39m &amp#27;[39mDEBUG&amp#27;[0;39m [&amp#27;[34mmain&amp#27;[0;39m] &amp#27;[33morg.springframework.core.LocalVariableTableParameterNameDiscoverer&amp#27;[0;39m: Cannot find '.class' file for class [class org.springframework.boot.autoconfigure.orm.jpa.JpaBaseConfiguration$JpaWebConfiguration$JpaWebMvcConfiguration$$EnhancerBySpringCGLIB$$1fa8e563] - unable to determine constructor/method parameter names
&amp#27;[30m2020-02-08 10:21:44,276&amp#27;[0;39m &amp#27;[39mDEBUG&amp#27;[0;39m [&amp#27;[34mmain&amp#27;[0;39m] &amp#27;[33morg.springframework.beans.factory.support.ConstructorResolver&amp#27;[0;39m: Autowiring by type from bean name 'org.springframework.boot.autoconfigure.orm.jpa.JpaBaseConfiguration$JpaWebConfiguration$JpaWebMvcConfiguration' via constructor to bean named 'spring.jpa-org.springframework.boot.autoconfigure.orm.jpa.JpaProperties'
&amp#27;[30m2020-02-08 10:21:44,281&amp#27;[0;39m &amp#27;[39mDEBUG&amp#27;[0;39m [&amp#27;[34mmain&amp#27;[0;39m] &amp#27;[33morg.springframework.beans.factory.support.DefaultSingletonBeanRegistry&amp#27;[0;39m: Creating shared instance of singleton bean 'org.springframework.data.web.config.SpringDataWebConfiguration'
&amp#27;[30m2020-02-08 10:21:44,282&amp#27;[0;39m &amp#27;[39mDEBUG&amp#27;[0;39m [&amp#27;[34mmain&amp#27;[0;39m] &amp#27;[33morg.springframework.core.LocalVariableTableParameterNameDiscoverer&amp#27;[0;39m: Cannot find '.class' file for class [class org.springframework.data.web.config.SpringDataWebConfiguration$$EnhancerBySpringCGLIB$$37d206be] - unable to determine constructor/method parameter names
&amp#27;[30m2020-02-08 10:21:44,283&amp#27;[0;39m &amp#27;[39mDEBUG&amp#27;[0;39m [&amp#27;[34mmain&amp#27;[0;39m] &amp#27;[33morg.springframework.beans.factory.support.ConstructorResolver&amp#27;[0;39m: Autowiring by type from bean name 'org.springframework.data.web.config.SpringDataWebConfiguration' via constructor to bean named 'org.springframework.boot.web.servlet.context.AnnotationConfigServletWebServerApplicationContext@2ca9e25a'
&amp#27;[30m2020-02-08 10:21:44,289&amp#27;[0;39m &amp#27;[39mDEBUG&amp#27;[0;39m [&amp#27;[34mmain&amp#27;[0;39m] &amp#27;[33morg.springframework.beans.factory.support.DefaultSingletonBeanRegistry&amp#27;[0;39m: Creating shared instance of singleton bean 'pageableCustomizer'
&amp#27;[30m2020-02-08 10:21:44,290&amp#27;[0;39m &amp#27;[39mDEBUG&amp#27;[0;39m [&amp#27;[34mmain&amp#27;[0;39m] &amp#27;[33morg.springframework.beans.factory.support.DefaultSingletonBeanRegistry&amp#27;[0;39m: Creating shared instance of singleton bean 'org.springframework.boot.autoconfigure.data.web.SpringDataWebAutoConfiguration'
&amp#27;[30m2020-02-08 10:21:44,290&amp#27;[0;39m &amp#27;[39mDEBUG&amp#27;[0;39m [&amp#27;[34mmain&amp#27;[0;39m] &amp#27;[33morg.springframework.core.LocalVariableTableParameterNameDiscoverer&amp#27;[0;39m: Cannot find '.class' file for class [class org.springframework.boot.autoconfigure.data.web.SpringDataWebAutoConfiguration$$EnhancerBySpringCGLIB$$c2048e8c] - unable to determine constructor/method parameter names
&amp#27;[30m2020-02-08 10:21:44,292&amp#27;[0;39m &amp#27;[39mDEBUG&amp#27;[0;39m [&amp#27;[34mmain&amp#27;[0;39m] &amp#27;[33morg.springframework.beans.factory.support.DefaultSingletonBeanRegistry&amp#27;[0;39m: Creating shared instance of singleton bean 'spring.data.web-org.springframework.boot.autoconfigure.data.web.SpringDataWebProperties'
&amp#27;[30m2020-02-08 10:21:44,295&amp#27;[0;39m &amp#27;[39mDEBUG&amp#27;[0;39m [&amp#27;[34mmain&amp#27;[0;39m] &amp#27;[33morg.springframework.beans.factory.support.ConstructorResolver&amp#27;[0;39m: Autowiring by type from bean name 'org.springframework.boot.autoconfigure.data.web.SpringDataWebAutoConfiguration' via constructor to bean named 'spring.data.web-org.springframework.boot.autoconfigure.data.web.SpringDataWebProperties'
&amp#27;[30m2020-02-08 10:21:44,304&amp#27;[0;39m &amp#27;[39mDEBUG&amp#27;[0;39m [&amp#27;[34mmain&amp#27;[0;39m] &amp#27;[33morg.springframework.beans.factory.support.DefaultSingletonBeanRegistry&amp#27;[0;39m: Creating shared instance of singleton bean 'sortCustomizer'
&amp#27;[30m2020-02-08 10:21:44,325&amp#27;[0;39m &amp#27;[39mDEBUG&amp#27;[0;39m [&amp#27;[34mmain&amp#27;[0;39m] &amp#27;[33morg.springframework.beans.factory.support.DefaultSingletonBeanRegistry&amp#27;[0;39m: Creating shared instance of singleton bean 'org.springframework.security.config.annotation.authentication.configuration.AuthenticationConfiguration'
&amp#27;[30m2020-02-08 10:21:44,330&amp#27;[0;39m &amp#27;[39mDEBUG&amp#27;[0;39m [&amp#27;[34mmain&amp#27;[0;39m] &amp#27;[33morg.springframework.beans.factory.support.DefaultSingletonBeanRegistry&amp#27;[0;39m: Creating shared instance of singleton bean 'enableGlobalAuthenticationAutowiredConfigurer'
&amp#27;[30m2020-02-08 10:21:44,332&amp#27;[0;39m &amp#27;[39mDEBUG&amp#27;[0;39m [&amp#27;[34mmain&amp#27;[0;39m] &amp#27;[33morg.springframework.beans.factory.support.ConstructorResolver&amp#27;[0;39m: Autowiring by type from bean name 'enableGlobalAuthenticationAutowiredConfigurer' via factory method to bean named 'org.springframework.boot.web.servlet.context.AnnotationConfigServletWebServerApplicationContext@2ca9e25a'
&amp#27;[30m2020-02-08 10:21:44,337&amp#27;[0;39m &amp#27;[39mDEBUG&amp#27;[0;39m [&amp#27;[34mmain&amp#27;[0;39m] &amp#27;[33morg.springframework.beans.factory.support.DefaultSingletonBeanRegistry&amp#27;[0;39m: Creating shared instance of singleton bean 'initializeUserDetailsBeanManagerConfigurer'
&amp#27;[30m2020-02-08 10:21:44,337&amp#27;[0;39m &amp#27;[39mDEBUG&amp#27;[0;39m [&amp#27;[34mmain&amp#27;[0;39m] &amp#27;[33morg.springframework.beans.factory.support.ConstructorResolver&amp#27;[0;39m: Autowiring by type from bean name 'initializeUserDetailsBeanManagerConfigurer' via factory method to bean named 'org.springframework.boot.web.servlet.context.AnnotationConfigServletWebServerApplicationContext@2ca9e25a'
&amp#27;[30m2020-02-08 10:21:44,342&amp#27;[0;39m &amp#27;[39mDEBUG&amp#27;[0;39m [&amp#27;[34mmain&amp#27;[0;39m] &amp#27;[33morg.springframework.beans.factory.support.DefaultSingletonBeanRegistry&amp#27;[0;39m: Creating shared instance of singleton bean 'initializeAuthenticationProviderBeanManagerConfigurer'
&amp#27;[30m2020-02-08 10:21:44,343&amp#27;[0;39m &amp#27;[39mDEBUG&amp#27;[0;39m [&amp#27;[34mmain&amp#27;[0;39m] &amp#27;[33morg.springframework.beans.factory.support.ConstructorResolver&amp#27;[0;39m: Autowiring by type from bean name 'initializeAuthenticationProviderBeanManagerConfigurer' via factory method to bean named 'org.springframework.boot.web.servlet.context.AnnotationConfigServletWebServerApplicationContext@2ca9e25a'
&amp#27;[30m2020-02-08 10:21:44,372&amp#27;[0;39m &amp#27;[39mDEBUG&amp#27;[0;39m [&amp#27;[34mmain&amp#27;[0;39m] &amp#27;[33morg.springframework.beans.factory.support.DefaultSingletonBeanRegistry&amp#27;[0;39m: Creating shared instance of singleton bean 'courseController'
&amp#27;[30m2020-02-08 10:21:44,375&amp#27;[0;39m &amp#27;[39mDEBUG&amp#27;[0;39m [&amp#27;[34mmain&amp#27;[0;39m] &amp#27;[33morg.springframework.beans.factory.support.DefaultSingletonBeanRegistry&amp#27;[0;39m: Creating shared instance of singleton bean 'courseService'
&amp#27;[30m2020-02-08 10:21:44,378&amp#27;[0;39m &amp#27;[31mWARN &amp#27;[0;39m [&amp#27;[34mmain&amp#27;[0;39m] &amp#27;[33morg.springframework.context.support.AbstractApplicationContext&amp#27;[0;39m: Exception encountered during context initialization - cancelling refresh attempt: org.springframework.beans.factory.UnsatisfiedDependencyException: Error creating bean with name 'courseController': Unsatisfied dependency expressed through field 'courseService'; nested exception is org.springframework.beans.factory.UnsatisfiedDependencyException: Error creating bean with name 'courseService': Unsatisfied dependency expressed through field 'departmentRepository'; nested exception is org.springframework.beans.factory.NoSuchBeanDefinitionException: No qualifying bean of type 'in.rgukt.r081247.universityapi.repository.DepartmentRepository' available: expected at least 1 bean which qualifies as autowire candidate. Dependency annotations: {@org.springframework.beans.factory.annotation.Autowired(required=true)}
&amp#27;[30m2020-02-08 10:21:44,378&amp#27;[0;39m &amp#27;[34mINFO &amp#27;[0;39m [&amp#27;[34mmain&amp#27;[0;39m] &amp#27;[33morg.springframework.orm.jpa.AbstractEntityManagerFactoryBean&amp#27;[0;39m: Closing JPA EntityManagerFactory for persistence unit 'default'
&amp#27;[30m2020-02-08 10:21:44,379&amp#27;[0;39m &amp#27;[39mDEBUG&amp#27;[0;39m [&amp#27;[34mmain&amp#27;[0;39m] &amp#27;[33morg.hibernate.internal.SessionFactoryImpl&amp#27;[0;39m: HHH000031: Closing
&amp#27;[30m2020-02-08 10:21:44,379&amp#27;[0;39m &amp#27;[39mDEBUG&amp#27;[0;39m [&amp#27;[34mmain&amp#27;[0;39m] &amp#27;[33morg.hibernate.type.spi.TypeConfiguration$Scope&amp#27;[0;39m: Un-scoping TypeConfiguration [org.hibernate.type.spi.TypeConfiguration$Scope@18c2b4c6] from SessionFactory [org.hibernate.internal.SessionFactoryImpl@17fd9fbb]
&amp#27;[30m2020-02-08 10:21:44,379&amp#27;[0;39m &amp#27;[39mDEBUG&amp#27;[0;39m [&amp#27;[34mmain&amp#27;[0;39m] &amp#27;[33morg.hibernate.service.internal.AbstractServiceRegistryImpl&amp#27;[0;39m: Implicitly destroying ServiceRegistry on de-registration of all child ServiceRegistries
&amp#27;[30m2020-02-08 10:21:44,379&amp#27;[0;39m &amp#27;[39mDEBUG&amp#27;[0;39m [&amp#27;[34mmain&amp#27;[0;39m] &amp#27;[33morg.hibernate.boot.registry.internal.BootstrapServiceRegistryImpl&amp#27;[0;39m: Implicitly destroying Boot-strap registry on de-registration of all child ServiceRegistries
&amp#27;[30m2020-02-08 10:21:44,381&amp#27;[0;39m &amp#27;[34mINFO &amp#27;[0;39m [&amp#27;[34mmain&amp#27;[0;39m] &amp#27;[33morg.springframework.beans.factory.support.DisposableBeanAdapter&amp#27;[0;39m: Invocation of destroy method failed on bean with name 'inMemoryDatabaseShutdownExecutor'
org.h2.jdbc.JdbcSQLNonTransientConnectionException: Database is already closed (to disable automatic closing at VM shutdown, add ";DB_CLOSE_ON_EXIT=FALSE" to the db URL) [90121-199]
	at org.h2.message.DbException.getJdbcSQLException(DbException.java:617)
	at org.h2.message.DbException.getJdbcSQLException(DbException.java:427)
	at org.h2.message.DbException.get(DbException.java:205)
	at org.h2.message.DbException.get(DbException.java:181)
	at org.h2.message.DbException.get(DbException.java:170)
	at org.h2.jdbc.JdbcConnection.checkClosed(JdbcConnection.java:1571)
	at org.h2.jdbc.JdbcConnection.checkClosed(JdbcConnection.java:1547)
	at org.h2.jdbc.JdbcConnection.clearWarnings(JdbcConnection.java:708)
	at com.zaxxer.hikari.pool.ProxyConnection.close(ProxyConnection.java:242)
	at org.springframework.boot.devtools.autoconfigure.DevToolsDataSourceAutoConfiguration$NonEmbeddedInMemoryDatabaseShutdownExecutor.destroy(DevToolsDataSourceAutoConfiguration.java:106)
	at org.springframework.beans.factory.support.DisposableBeanAdapter.destroy(DisposableBeanAdapter.java:256)
	at org.springframework.beans.factory.support.DefaultSingletonBeanRegistry.destroyBean(DefaultSingletonBeanRegistry.java:571)
	at org.springframework.beans.factory.support.DefaultSingletonBeanRegistry.destroySingleton(DefaultSingletonBeanRegistry.java:543)
	at org.springframework.beans.factory.support.DefaultListableBeanFactory.destroySingleton(DefaultListableBeanFactory.java:1034)
	at org.springframework.beans.factory.support.DefaultSingletonBeanRegistry.destroySingletons(DefaultSingletonBeanRegistry.java:504)
	at org.springframework.beans.factory.support.DefaultListableBeanFactory.destroySingletons(DefaultListableBeanFactory.java:1027)
	at org.springframework.context.support.AbstractApplicationContext.destroyBeans(AbstractApplicationContext.java:1057)
	at org.springframework.context.support.AbstractApplicationContext.refresh(AbstractApplicationContext.java:562)
	at org.springframework.boot.web.servlet.context.ServletWebServerApplicationContext.refresh(ServletWebServerApplicationContext.java:142)
	at org.springframework.boot.SpringApplication.refresh(SpringApplication.java:775)
	at org.springframework.boot.SpringApplication.refreshContext(SpringApplication.java:397)
	at org.springframework.boot.SpringApplication.run(SpringApplication.java:316)
	at org.springframework.boot.test.context.SpringBootContextLoader.loadContext(SpringBootContextLoader.java:127)
	at org.springframework.test.context.cache.DefaultCacheAwareContextLoaderDelegate.loadContextInternal(DefaultCacheAwareContextLoaderDelegate.java:99)
	at org.springframework.test.context.cache.DefaultCacheAwareContextLoaderDelegate.loadContext(DefaultCacheAwareContextLoaderDelegate.java:117)
	at org.springframework.test.context.support.DefaultTestContext.getApplicationContext(DefaultTestContext.java:108)
	at org.springframework.boot.test.autoconfigure.SpringBootDependencyInjectionTestExecutionListener.outputConditionEvaluationReport(SpringBootDependencyInjectionTestExecutionListener.java:54)
	at org.springframework.boot.test.autoconfigure.SpringBootDependencyInjectionTestExecutionListener.prepareTestInstance(SpringBootDependencyInjectionTestExecutionListener.java:47)
	at org.springframework.test.context.TestContextManager.prepareTestInstance(TestContextManager.java:246)
	at org.springframework.test.context.junit4.SpringJUnit4ClassRunner.createTest(SpringJUnit4ClassRunner.java:227)
	at org.springframework.test.context.junit4.SpringJUnit4ClassRunner$1.runReflectiveCall(SpringJUnit4ClassRunner.java:289)
	at org.junit.internal.runners.model.ReflectiveCallable.run(ReflectiveCallable.java:12)
	at org.springframework.test.context.junit4.SpringJUnit4ClassRunner.methodBlock(SpringJUnit4ClassRunner.java:291)
	at org.springframework.test.context.junit4.SpringJUnit4ClassRunner.runChild(SpringJUnit4ClassRunner.java:246)
	at org.springframework.test.context.junit4.SpringJUnit4ClassRunner.runChild(SpringJUnit4ClassRunner.java:97)
	at org.junit.runners.ParentRunner$3.run(ParentRunner.java:290)
	at org.junit.runners.ParentRunner$1.schedule(ParentRunner.java:71)
	at org.junit.runners.ParentRunner.runChildren(ParentRunner.java:288)
	at org.junit.runners.ParentRunner.access$000(ParentRunner.java:58)
	at org.junit.runners.ParentRunner$2.evaluate(ParentRunner.java:268)
	at org.springframework.test.context.junit4.statements.RunBeforeTestClassCallbacks.evaluate(RunBeforeTestClassCallbacks.java:61)
	at org.springframework.test.context.junit4.statements.RunAfterTestClassCallbacks.evaluate(RunAfterTestClassCallbacks.java:70)
	at org.junit.runners.ParentRunner.run(ParentRunner.java:363)
	at org.springframework.test.context.junit4.SpringJUnit4ClassRunner.run(SpringJUnit4ClassRunner.java:190)
	at org.apache.maven.surefire.junit4.JUnit4Provider.execute(JUnit4Provider.java:365)
	at org.apache.maven.surefire.junit4.JUnit4Provider.executeWithRerun(JUnit4Provider.java:273)
	at org.apache.maven.surefire.junit4.JUnit4Provider.executeTestSet(JUnit4Provider.java:238)
	at org.apache.maven.surefire.junit4.JUnit4Provider.invoke(JUnit4Provider.java:159)
	at org.apache.maven.surefire.booter.ForkedBooter.invokeProviderInSameClassLoader(ForkedBooter.java:384)
	at org.apache.maven.surefire.booter.ForkedBooter.runSuitesInProcess(ForkedBooter.java:345)
	at org.apache.maven.surefire.booter.ForkedBooter.execute(ForkedBooter.java:126)
	at org.apache.maven.surefire.booter.ForkedBooter.main(ForkedBooter.java:418)
&amp#27;[30m2020-02-08 10:21:44,381&amp#27;[0;39m &amp#27;[34mINFO &amp#27;[0;39m [&amp#27;[34mmain&amp#27;[0;39m] &amp#27;[33mcom.zaxxer.hikari.HikariDataSource&amp#27;[0;39m: HikariPool-5 - Shutdown initiated...
&amp#27;[30m2020-02-08 10:21:44,381&amp#27;[0;39m &amp#27;[39mDEBUG&amp#27;[0;39m [&amp#27;[34mmain&amp#27;[0;39m] &amp#27;[33mcom.zaxxer.hikari.pool.HikariPool&amp#27;[0;39m: HikariPool-5 - Before shutdown stats (total=10, active=0, idle=10, waiting=0)
&amp#27;[30m2020-02-08 10:21:44,383&amp#27;[0;39m &amp#27;[39mDEBUG&amp#27;[0;39m [&amp#27;[34mHikariPool-5 connection closer&amp#27;[0;39m] &amp#27;[33mcom.zaxxer.hikari.pool.PoolBase&amp#27;[0;39m: HikariPool-5 - Closing connection conn48: url=jdbc:h2:mem:db user=SA: (connection evicted)
&amp#27;[30m2020-02-08 10:21:44,384&amp#27;[0;39m &amp#27;[39mDEBUG&amp#27;[0;39m [&amp#27;[34mHikariPool-5 connection closer&amp#27;[0;39m] &amp#27;[33mcom.zaxxer.hikari.pool.PoolBase&amp#27;[0;39m: HikariPool-5 - Closing connection conn49: url=jdbc:h2:mem:db user=SA: (connection evicted)
&amp#27;[30m2020-02-08 10:21:44,385&amp#27;[0;39m &amp#27;[39mDEBUG&amp#27;[0;39m [&amp#27;[34mHikariPool-5 connection closer&amp#27;[0;39m] &amp#27;[33mcom.zaxxer.hikari.pool.PoolBase&amp#27;[0;39m: HikariPool-5 - Closing connection conn50: url=jdbc:h2:mem:db user=SA: (connection evicted)
&amp#27;[30m2020-02-08 10:21:44,385&amp#27;[0;39m &amp#27;[39mDEBUG&amp#27;[0;39m [&amp#27;[34mHikariPool-5 connection closer&amp#27;[0;39m] &amp#27;[33mcom.zaxxer.hikari.pool.PoolBase&amp#27;[0;39m: HikariPool-5 - Closing connection conn51: url=jdbc:h2:mem:db user=SA: (connection evicted)
&amp#27;[30m2020-02-08 10:21:44,385&amp#27;[0;39m &amp#27;[39mDEBUG&amp#27;[0;39m [&amp#27;[34mHikariPool-5 connection closer&amp#27;[0;39m] &amp#27;[33mcom.zaxxer.hikari.pool.PoolBase&amp#27;[0;39m: HikariPool-5 - Closing connection conn52: url=jdbc:h2:mem:db user=SA: (connection evicted)
&amp#27;[30m2020-02-08 10:21:44,386&amp#27;[0;39m &amp#27;[39mDEBUG&amp#27;[0;39m [&amp#27;[34mHikariPool-5 connection closer&amp#27;[0;39m] &amp#27;[33mcom.zaxxer.hikari.pool.PoolBase&amp#27;[0;39m: HikariPool-5 - Closing connection conn53: url=jdbc:h2:mem:db user=SA: (connection evicted)
&amp#27;[30m2020-02-08 10:21:44,386&amp#27;[0;39m &amp#27;[39mDEBUG&amp#27;[0;39m [&amp#27;[34mHikariPool-5 connection closer&amp#27;[0;39m] &amp#27;[33mcom.zaxxer.hikari.pool.PoolBase&amp#27;[0;39m: HikariPool-5 - Closing connection conn54: url=jdbc:h2:mem:db user=SA: (connection evicted)
&amp#27;[30m2020-02-08 10:21:44,386&amp#27;[0;39m &amp#27;[39mDEBUG&amp#27;[0;39m [&amp#27;[34mHikariPool-5 connection closer&amp#27;[0;39m] &amp#27;[33mcom.zaxxer.hikari.pool.PoolBase&amp#27;[0;39m: HikariPool-5 - Closing connection conn55: url=jdbc:h2:mem:db user=SA: (connection evicted)
&amp#27;[30m2020-02-08 10:21:44,386&amp#27;[0;39m &amp#27;[39mDEBUG&amp#27;[0;39m [&amp#27;[34mHikariPool-5 connection closer&amp#27;[0;39m] &amp#27;[33mcom.zaxxer.hikari.pool.PoolBase&amp#27;[0;39m: HikariPool-5 - Closing connection conn56: url=jdbc:h2:mem:db user=SA: (connection evicted)
&amp#27;[30m2020-02-08 10:21:44,386&amp#27;[0;39m &amp#27;[39mDEBUG&amp#27;[0;39m [&amp#27;[34mHikariPool-5 connection closer&amp#27;[0;39m] &amp#27;[33mcom.zaxxer.hikari.pool.PoolBase&amp#27;[0;39m: HikariPool-5 - Closing connection conn57: url=jdbc:h2:mem:db user=SA: (connection evicted)
&amp#27;[30m2020-02-08 10:21:44,387&amp#27;[0;39m &amp#27;[39mDEBUG&amp#27;[0;39m [&amp#27;[34mmain&amp#27;[0;39m] &amp#27;[33mcom.zaxxer.hikari.pool.HikariPool&amp#27;[0;39m: HikariPool-5 - After shutdown stats (total=0, active=0, idle=0, waiting=0)
&amp#27;[30m2020-02-08 10:21:44,388&amp#27;[0;39m &amp#27;[34mINFO &amp#27;[0;39m [&amp#27;[34mmain&amp#27;[0;39m] &amp#27;[33mcom.zaxxer.hikari.HikariDataSource&amp#27;[0;39m: HikariPool-5 - Shutdown completed.
&amp#27;[30m2020-02-08 10:21:44,388&amp#27;[0;39m &amp#27;[34mINFO &amp#27;[0;39m [&amp#27;[34mmain&amp#27;[0;39m] &amp#27;[33morg.apache.juli.logging.DirectJDKLog&amp#27;[0;39m: Stopping service [Tomcat]
&amp#27;[30m2020-02-08 10:21:44,393&amp#27;[0;39m &amp#27;[39mDEBUG&amp#27;[0;39m [&amp#27;[34mmain&amp#27;[0;39m] &amp#27;[33morg.springframework.boot.context.logging.ClasspathLoggingApplicationListener&amp#27;[0;39m: Application failed to start with classpath: unknown
&amp#27;[30m2020-02-08 10:21:44,405&amp#27;[0;39m &amp#27;[39mDEBUG&amp#27;[0;39m [&amp#27;[34mmain&amp#27;[0;39m] &amp#27;[33morg.springframework.boot.autoconfigure.logging.ConditionEvaluationReportLoggingListener&amp#27;[0;39m: 


============================
CONDITIONS EVALUATION REPORT
============================


Positive matches:
-----------------

   AopAutoConfiguration matched:
      - @ConditionalOnClass found required classes 'org.springframework.context.annotation.EnableAspectJAutoProxy', 'org.aspectj.lang.annotation.Aspect', 'org.aspectj.lang.reflect.Advice', 'org.aspectj.weaver.AnnotatedElement' (OnClassCondition)
      - @ConditionalOnProperty (spring.aop.auto=true) matched (OnPropertyCondition)

   AopAutoConfiguration.CglibAutoProxyConfiguration matched:
      - @ConditionalOnProperty (spring.aop.proxy-target-class=true) matched (OnPropertyCondition)

   CodecsAutoConfiguration matched:
      - @ConditionalOnClass found required class 'org.springframework.http.codec.CodecConfigurer' (OnClassCondition)

   CodecsAutoConfiguration.JacksonCodecConfiguration matched:
      - @ConditionalOnClass found required class 'com.fasterxml.jackson.databind.ObjectMapper' (OnClassCondition)

   CodecsAutoConfiguration.JacksonCodecConfiguration#jacksonCodecCustomizer matched:
      - @ConditionalOnBean (types: com.fasterxml.jackson.databind.ObjectMapper; SearchStrategy: all) found bean 'jacksonObjectMapper' (OnBeanCondition)

   DataSourceAutoConfiguration matched:
      - @ConditionalOnClass found required classes 'javax.sql.DataSource', 'org.springframework.jdbc.datasource.embedded.EmbeddedDatabaseType' (OnClassCondition)

   DataSourceAutoConfiguration.PooledDataSourceConfiguration matched:
      - AnyNestedCondition 1 matched 1 did not; NestedCondition on DataSourceAutoConfiguration.PooledDataSourceCondition.PooledDataSourceAvailable PooledDataSource found supported DataSource; NestedCondition on DataSourceAutoConfiguration.PooledDataSourceCondition.ExplicitType @ConditionalOnProperty (spring.datasource.type) did not find property 'type' (DataSourceAutoConfiguration.PooledDataSourceCondition)
      - @ConditionalOnMissingBean (types: javax.sql.DataSource,javax.sql.XADataSource; SearchStrategy: all) did not find any beans (OnBeanCondition)

   DataSourceConfiguration.Hikari matched:
      - @ConditionalOnClass found required class 'com.zaxxer.hikari.HikariDataSource' (OnClassCondition)
      - @ConditionalOnProperty (spring.datasource.type=com.zaxxer.hikari.HikariDataSource) matched (OnPropertyCondition)
      - @ConditionalOnMissingBean (types: javax.sql.DataSource; SearchStrategy: all) did not find any beans (OnBeanCondition)

   DataSourcePoolMetadataProvidersConfiguration.HikariPoolDataSourceMetadataProviderConfiguration matched:
      - @ConditionalOnClass found required class 'com.zaxxer.hikari.HikariDataSource' (OnClassCondition)

   DataSourceTransactionManagerAutoConfiguration matched:
      - @ConditionalOnClass found required classes 'org.springframework.jdbc.core.JdbcTemplate', 'org.springframework.transaction.PlatformTransactionManager' (OnClassCondition)

   DataSourceTransactionManagerAutoConfiguration.DataSourceTransactionManagerConfiguration matched:
      - @ConditionalOnSingleCandidate (types: javax.sql.DataSource; SearchStrategy: all) found a primary bean from beans 'dataSource' (OnBeanCondition)

   DevToolsDataSourceAutoConfiguration matched:
      - DevTools DataSource Condition found auto-configured DataSource (DevToolsDataSourceAutoConfiguration.DevToolsDataSourceCondition)

   DevToolsDataSourceAutoConfiguration.DatabaseShutdownExecutorJpaDependencyConfiguration matched:
      - @ConditionalOnClass found required class 'org.springframework.orm.jpa.LocalContainerEntityManagerFactoryBean' (OnClassCondition)
      - @ConditionalOnBean (types: org.springframework.orm.jpa.AbstractEntityManagerFactoryBean; SearchStrategy: all) found bean '&entityManagerFactory' (OnBeanCondition)

   DispatcherServletAutoConfiguration matched:
      - @ConditionalOnClass found required class 'org.springframework.web.servlet.DispatcherServlet' (OnClassCondition)
      - found 'session' scope (OnWebApplicationCondition)

   DispatcherServletAutoConfiguration.DispatcherServletConfiguration matched:
      - @ConditionalOnClass found required class 'javax.servlet.ServletRegistration' (OnClassCondition)
      - Default DispatcherServlet did not find dispatcher servlet beans (DispatcherServletAutoConfiguration.DefaultDispatcherServletCondition)

   DispatcherServletAutoConfiguration.DispatcherServletRegistrationConfiguration matched:
      - @ConditionalOnClass found required class 'javax.servlet.ServletRegistration' (OnClassCondition)
      - DispatcherServlet Registration did not find servlet registration bean (DispatcherServletAutoConfiguration.DispatcherServletRegistrationCondition)

   DispatcherServletAutoConfiguration.DispatcherServletRegistrationConfiguration#dispatcherServletRegistration matched:
      - @ConditionalOnBean (names: dispatcherServlet; types: org.springframework.web.servlet.DispatcherServlet; SearchStrategy: all) found bean 'dispatcherServlet' (OnBeanCondition)

   EmbeddedWebServerFactoryCustomizerAutoConfiguration matched:
      - @ConditionalOnWebApplication (required) found 'session' scope (OnWebApplicationCondition)

   EmbeddedWebServerFactoryCustomizerAutoConfiguration.TomcatWebServerFactoryCustomizerConfiguration matched:
      - @ConditionalOnClass found required classes 'org.apache.catalina.startup.Tomcat', 'org.apache.coyote.UpgradeProtocol' (OnClassCondition)

   ErrorMvcAutoConfiguration matched:
      - @ConditionalOnClass found required classes 'javax.servlet.Servlet', 'org.springframework.web.servlet.DispatcherServlet' (OnClassCondition)
      - found 'session' scope (OnWebApplicationCondition)

   ErrorMvcAutoConfiguration#basicErrorController matched:
      - @ConditionalOnMissingBean (types: org.springframework.boot.web.servlet.error.ErrorController; SearchStrategy: current) did not find any beans (OnBeanCondition)

   ErrorMvcAutoConfiguration#errorAttributes matched:
      - @ConditionalOnMissingBean (types: org.springframework.boot.web.servlet.error.ErrorAttributes; SearchStrategy: current) did not find any beans (OnBeanCondition)

   ErrorMvcAutoConfiguration.DefaultErrorViewResolverConfiguration#conventionErrorViewResolver matched:
      - @ConditionalOnBean (types: org.springframework.web.servlet.DispatcherServlet; SearchStrategy: all) found bean 'dispatcherServlet'; @ConditionalOnMissingBean (types: org.springframework.boot.autoconfigure.web.servlet.error.DefaultErrorViewResolver; SearchStrategy: all) did not find any beans (OnBeanCondition)

   ErrorMvcAutoConfiguration.WhitelabelErrorViewConfiguration matched:
      - @ConditionalOnProperty (server.error.whitelabel.enabled) matched (OnPropertyCondition)
      - ErrorTemplate Missing did not find error template view (ErrorMvcAutoConfiguration.ErrorTemplateMissingCondition)

   ErrorMvcAutoConfiguration.WhitelabelErrorViewConfiguration#beanNameViewResolver matched:
      - @ConditionalOnMissingBean (types: org.springframework.web.servlet.view.BeanNameViewResolver; SearchStrategy: all) did not find any beans (OnBeanCondition)

   ErrorMvcAutoConfiguration.WhitelabelErrorViewConfiguration#defaultErrorView matched:
      - @ConditionalOnMissingBean (names: error; SearchStrategy: all) did not find any beans (OnBeanCondition)

   GenericCacheConfiguration matched:
      - Cache org.springframework.boot.autoconfigure.cache.GenericCacheConfiguration automatic cache type (CacheCondition)

   H2ConsoleAutoConfiguration matched:
      - @ConditionalOnClass found required class 'org.h2.server.web.WebServlet' (OnClassCondition)
      - found 'session' scope (OnWebApplicationCondition)
      - @ConditionalOnProperty (spring.h2.console.enabled=true) matched (OnPropertyCondition)

   HibernateJpaAutoConfiguration matched:
      - @ConditionalOnClass found required classes 'org.springframework.orm.jpa.LocalContainerEntityManagerFactoryBean', 'javax.persistence.EntityManager' (OnClassCondition)
      - HibernateEntityManager found class 'org.hibernate.ejb.HibernateEntityManager' (HibernateJpaAutoConfiguration.HibernateEntityManagerCondition)

   HibernateJpaConfiguration matched:
      - @ConditionalOnSingleCandidate (types: javax.sql.DataSource; SearchStrategy: all) found a primary bean from beans 'dataSource' (OnBeanCondition)

   HttpEncodingAutoConfiguration matched:
      - @ConditionalOnClass found required class 'org.springframework.web.filter.CharacterEncodingFilter' (OnClassCondition)
      - found 'session' scope (OnWebApplicationCondition)
      - @ConditionalOnProperty (spring.http.encoding.enabled) matched (OnPropertyCondition)

   HttpEncodingAutoConfiguration#characterEncodingFilter matched:
      - @ConditionalOnMissingBean (types: org.springframework.web.filter.CharacterEncodingFilter; SearchStrategy: all) did not find any beans (OnBeanCondition)

   HttpMessageConvertersAutoConfiguration matched:
      - @ConditionalOnClass found required class 'org.springframework.http.converter.HttpMessageConverter' (OnClassCondition)

   HttpMessageConvertersAutoConfiguration#messageConverters matched:
      - @ConditionalOnMissingBean (types: org.springframework.boot.autoconfigure.http.HttpMessageConverters; SearchStrategy: all) did not find any beans (OnBeanCondition)

   HttpMessageConvertersAutoConfiguration.StringHttpMessageConverterConfiguration matched:
      - @ConditionalOnClass found required class 'org.springframework.http.converter.StringHttpMessageConverter' (OnClassCondition)

   HttpMessageConvertersAutoConfiguration.StringHttpMessageConverterConfiguration#stringHttpMessageConverter matched:
      - @ConditionalOnMissingBean (types: org.springframework.http.converter.StringHttpMessageConverter; SearchStrategy: all) did not find any beans (OnBeanCondition)

   JacksonAutoConfiguration matched:
      - @ConditionalOnClass found required class 'com.fasterxml.jackson.databind.ObjectMapper' (OnClassCondition)

   JacksonAutoConfiguration.Jackson2ObjectMapperBuilderCustomizerConfiguration matched:
      - @ConditionalOnClass found required class 'org.springframework.http.converter.json.Jackson2ObjectMapperBuilder' (OnClassCondition)

   JacksonAutoConfiguration.JacksonObjectMapperBuilderConfiguration matched:
      - @ConditionalOnClass found required class 'org.springframework.http.converter.json.Jackson2ObjectMapperBuilder' (OnClassCondition)

   JacksonAutoConfiguration.JacksonObjectMapperBuilderConfiguration#jacksonObjectMapperBuilder matched:
      - @ConditionalOnMissingBean (types: org.springframework.http.converter.json.Jackson2ObjectMapperBuilder; SearchStrategy: all) did not find any beans (OnBeanCondition)

   JacksonAutoConfiguration.JacksonObjectMapperConfiguration matched:
      - @ConditionalOnClass found required class 'org.springframework.http.converter.json.Jackson2ObjectMapperBuilder' (OnClassCondition)

   JacksonAutoConfiguration.JacksonObjectMapperConfiguration#jacksonObjectMapper matched:
      - @ConditionalOnMissingBean (types: com.fasterxml.jackson.databind.ObjectMapper; SearchStrategy: all) did not find any beans (OnBeanCondition)

   JacksonAutoConfiguration.ParameterNamesModuleConfiguration matched:
      - @ConditionalOnClass found required class 'com.fasterxml.jackson.module.paramnames.ParameterNamesModule' (OnClassCondition)

   JacksonAutoConfiguration.ParameterNamesModuleConfiguration#parameterNamesModule matched:
      - @ConditionalOnMissingBean (types: com.fasterxml.jackson.module.paramnames.ParameterNamesModule; SearchStrategy: all) did not find any beans (OnBeanCondition)

   JacksonHttpMessageConvertersConfiguration.MappingJackson2HttpMessageConverterConfiguration matched:
      - @ConditionalOnClass found required class 'com.fasterxml.jackson.databind.ObjectMapper' (OnClassCondition)
      - @ConditionalOnProperty (spring.http.converters.preferred-json-mapper=jackson) matched (OnPropertyCondition)
      - @ConditionalOnBean (types: com.fasterxml.jackson.databind.ObjectMapper; SearchStrategy: all) found bean 'jacksonObjectMapper' (OnBeanCondition)

   JacksonHttpMessageConvertersConfiguration.MappingJackson2HttpMessageConverterConfiguration#mappingJackson2HttpMessageConverter matched:
      - @ConditionalOnMissingBean (types: org.springframework.http.converter.json.MappingJackson2HttpMessageConverter; SearchStrategy: all) did not find any beans (OnBeanCondition)

   JdbcTemplateAutoConfiguration matched:
      - @ConditionalOnClass found required classes 'javax.sql.DataSource', 'org.springframework.jdbc.core.JdbcTemplate' (OnClassCondition)
      - @ConditionalOnSingleCandidate (types: javax.sql.DataSource; SearchStrategy: all) found a primary bean from beans 'dataSource' (OnBeanCondition)

   JdbcTemplateAutoConfiguration.JdbcTemplateConfiguration#jdbcTemplate matched:
      - @ConditionalOnMissingBean (types: org.springframework.jdbc.core.JdbcOperations; SearchStrategy: all) did not find any beans (OnBeanCondition)

   JdbcTemplateAutoConfiguration.NamedParameterJdbcTemplateConfiguration#namedParameterJdbcTemplate matched:
      - @ConditionalOnSingleCandidate (types: org.springframework.jdbc.core.JdbcTemplate; SearchStrategy: all) found a primary bean from beans 'jdbcTemplate'; @ConditionalOnMissingBean (types: org.springframework.jdbc.core.namedparam.NamedParameterJdbcOperations; SearchStrategy: all) did not find any beans (OnBeanCondition)

   JpaBaseConfiguration#entityManagerFactory matched:
      - @ConditionalOnMissingBean (types: org.springframework.orm.jpa.LocalContainerEntityManagerFactoryBean,javax.persistence.EntityManagerFactory; SearchStrategy: all) did not find any beans (OnBeanCondition)

   JpaBaseConfiguration#entityManagerFactoryBuilder matched:
      - @ConditionalOnMissingBean (types: org.springframework.boot.orm.jpa.EntityManagerFactoryBuilder; SearchStrategy: all) did not find any beans (OnBeanCondition)

   JpaBaseConfiguration#jpaVendorAdapter matched:
      - @ConditionalOnMissingBean (types: org.springframework.orm.jpa.JpaVendorAdapter; SearchStrategy: all) did not find any beans (OnBeanCondition)

   JpaBaseConfiguration#transactionManager matched:
      - @ConditionalOnMissingBean (types: org.springframework.transaction.PlatformTransactionManager; SearchStrategy: all) did not find any beans (OnBeanCondition)

   JpaBaseConfiguration.JpaWebConfiguration matched:
      - @ConditionalOnClass found required class 'org.springframework.web.servlet.config.annotation.WebMvcConfigurer' (OnClassCondition)
      - found 'session' scope (OnWebApplicationCondition)
      - @ConditionalOnProperty (spring.jpa.open-in-view=true) matched (OnPropertyCondition)
      - @ConditionalOnMissingBean (types: org.springframework.orm.jpa.support.OpenEntityManagerInViewInterceptor,org.springframework.orm.jpa.support.OpenEntityManagerInViewFilter; SearchStrategy: all) did not find any beans (OnBeanCondition)

   JtaAutoConfiguration matched:
      - @ConditionalOnClass found required class 'javax.transaction.Transaction' (OnClassCondition)
      - @ConditionalOnProperty (spring.jta.enabled) matched (OnPropertyCondition)

   MultipartAutoConfiguration matched:
      - @ConditionalOnClass found required classes 'javax.servlet.Servlet', 'org.springframework.web.multipart.support.StandardServletMultipartResolver', 'javax.servlet.MultipartConfigElement' (OnClassCondition)
      - found 'session' scope (OnWebApplicationCondition)
      - @ConditionalOnProperty (spring.servlet.multipart.enabled) matched (OnPropertyCondition)

   MultipartAutoConfiguration#multipartConfigElement matched:
      - @ConditionalOnMissingBean (types: javax.servlet.MultipartConfigElement,org.springframework.web.multipart.commons.CommonsMultipartResolver; SearchStrategy: all) did not find any beans (OnBeanCondition)

   MultipartAutoConfiguration#multipartResolver matched:
      - @ConditionalOnMissingBean (types: org.springframework.web.multipart.MultipartResolver; SearchStrategy: all) did not find any beans (OnBeanCondition)

   NoOpCacheConfiguration matched:
      - Cache org.springframework.boot.autoconfigure.cache.NoOpCacheConfiguration automatic cache type (CacheCondition)

   PersistenceExceptionTranslationAutoConfiguration matched:
      - @ConditionalOnClass found required class 'org.springframework.dao.annotation.PersistenceExceptionTranslationPostProcessor' (OnClassCondition)

   PersistenceExceptionTranslationAutoConfiguration#persistenceExceptionTranslationPostProcessor matched:
      - @ConditionalOnProperty (spring.dao.exceptiontranslation.enabled) matched (OnPropertyCondition)
      - @ConditionalOnMissingBean (types: org.springframework.dao.annotation.PersistenceExceptionTranslationPostProcessor; SearchStrategy: all) did not find any beans (OnBeanCondition)

   PropertyPlaceholderAutoConfiguration#propertySourcesPlaceholderConfigurer matched:
      - @ConditionalOnMissingBean (types: org.springframework.context.support.PropertySourcesPlaceholderConfigurer; SearchStrategy: current) did not find any beans (OnBeanCondition)

   RestTemplateAutoConfiguration matched:
      - @ConditionalOnClass found required class 'org.springframework.web.client.RestTemplate' (OnClassCondition)

   RestTemplateAutoConfiguration#restTemplateBuilder matched:
      - @ConditionalOnMissingBean (types: org.springframework.boot.web.client.RestTemplateBuilder; SearchStrategy: all) did not find any beans (OnBeanCondition)

   SecurityAutoConfiguration matched:
      - @ConditionalOnClass found required class 'org.springframework.security.authentication.DefaultAuthenticationEventPublisher' (OnClassCondition)

   SecurityAutoConfiguration#authenticationEventPublisher matched:
      - @ConditionalOnMissingBean (types: org.springframework.security.authentication.AuthenticationEventPublisher; SearchStrategy: all) did not find any beans (OnBeanCondition)

   SecurityFilterAutoConfiguration matched:
      - @ConditionalOnClass found required classes 'org.springframework.security.web.context.AbstractSecurityWebApplicationInitializer', 'org.springframework.security.config.http.SessionCreationPolicy' (OnClassCondition)
      - found 'session' scope (OnWebApplicationCondition)

   SecurityFilterAutoConfiguration#securityFilterChainRegistration matched:
      - @ConditionalOnBean (names: springSecurityFilterChain; SearchStrategy: all) found bean 'springSecurityFilterChain' (OnBeanCondition)

   SecurityRequestMatcherProviderAutoConfiguration matched:
      - @ConditionalOnClass found required class 'org.springframework.security.web.util.matcher.RequestMatcher' (OnClassCondition)
      - found 'session' scope (OnWebApplicationCondition)

   SecurityRequestMatcherProviderAutoConfiguration.MvcRequestMatcherConfiguration matched:
      - @ConditionalOnClass found required class 'org.springframework.web.servlet.DispatcherServlet' (OnClassCondition)
      - @ConditionalOnBean (types: org.springframework.web.servlet.handler.HandlerMappingIntrospector; SearchStrategy: all) found bean 'mvcHandlerMappingIntrospector' (OnBeanCondition)

   SecurityRequestMatcherProviderAutoConfiguration.MvcRequestMatcherConfiguration#requestMatcherProvider matched:
      - @ConditionalOnClass found required class 'org.springframework.web.servlet.DispatcherServlet' (OnClassCondition)

   ServletWebServerFactoryAutoConfiguration matched:
      - @ConditionalOnClass found required class 'javax.servlet.ServletRequest' (OnClassCondition)
      - found 'session' scope (OnWebApplicationCondition)

   ServletWebServerFactoryAutoConfiguration#tomcatServletWebServerFactoryCustomizer matched:
      - @ConditionalOnClass found required class 'org.apache.catalina.startup.Tomcat' (OnClassCondition)

   ServletWebServerFactoryConfiguration.EmbeddedTomcat matched:
      - @ConditionalOnClass found required classes 'javax.servlet.Servlet', 'org.apache.catalina.startup.Tomcat', 'org.apache.coyote.UpgradeProtocol' (OnClassCondition)
      - @ConditionalOnMissingBean (types: org.springframework.boot.web.servlet.server.ServletWebServerFactory; SearchStrategy: current) did not find any beans (OnBeanCondition)

   SimpleCacheConfiguration matched:
      - Cache org.springframework.boot.autoconfigure.cache.SimpleCacheConfiguration automatic cache type (CacheCondition)

   SpringDataWebAutoConfiguration matched:
      - @ConditionalOnClass found required classes 'org.springframework.data.web.PageableHandlerMethodArgumentResolver', 'org.springframework.web.servlet.config.annotation.WebMvcConfigurer' (OnClassCondition)
      - found 'session' scope (OnWebApplicationCondition)
      - @ConditionalOnMissingBean (types: org.springframework.data.web.PageableHandlerMethodArgumentResolver; SearchStrategy: all) did not find any beans (OnBeanCondition)

   SpringDataWebAutoConfiguration#pageableCustomizer matched:
      - @ConditionalOnMissingBean (types: org.springframework.data.web.config.PageableHandlerMethodArgumentResolverCustomizer; SearchStrategy: all) did not find any beans (OnBeanCondition)

   SpringDataWebAutoConfiguration#sortCustomizer matched:
      - @ConditionalOnMissingBean (types: org.springframework.data.web.config.SortHandlerMethodArgumentResolverCustomizer; SearchStrategy: all) did not find any beans (OnBeanCondition)

   TaskExecutionAutoConfiguration matched:
      - @ConditionalOnClass found required class 'org.springframework.scheduling.concurrent.ThreadPoolTaskExecutor' (OnClassCondition)

   TaskExecutionAutoConfiguration#applicationTaskExecutor matched:
      - @ConditionalOnMissingBean (types: java.util.concurrent.Executor; SearchStrategy: all) did not find any beans (OnBeanCondition)

   TaskExecutionAutoConfiguration#taskExecutorBuilder matched:
      - @ConditionalOnMissingBean (types: org.springframework.boot.task.TaskExecutorBuilder; SearchStrategy: all) did not find any beans (OnBeanCondition)

   TaskSchedulingAutoConfiguration matched:
      - @ConditionalOnClass found required class 'org.springframework.scheduling.concurrent.ThreadPoolTaskScheduler' (OnClassCondition)

   TaskSchedulingAutoConfiguration#taskSchedulerBuilder matched:
      - @ConditionalOnMissingBean (types: org.springframework.boot.task.TaskSchedulerBuilder; SearchStrategy: all) did not find any beans (OnBeanCondition)

   TransactionAutoConfiguration matched:
      - @ConditionalOnClass found required class 'org.springframework.transaction.PlatformTransactionManager' (OnClassCondition)

   TransactionAutoConfiguration#platformTransactionManagerCustomizers matched:
      - @ConditionalOnMissingBean (types: org.springframework.boot.autoconfigure.transaction.TransactionManagerCustomizers; SearchStrategy: all) did not find any beans (OnBeanCondition)

   TransactionAutoConfiguration.TransactionTemplateConfiguration matched:
      - @ConditionalOnSingleCandidate (types: org.springframework.transaction.PlatformTransactionManager; SearchStrategy: all) found a primary bean from beans 'transactionManager' (OnBeanCondition)

   TransactionAutoConfiguration.TransactionTemplateConfiguration#transactionTemplate matched:
      - @ConditionalOnMissingBean (types: org.springframework.transaction.support.TransactionTemplate; SearchStrategy: all) did not find any beans (OnBeanCondition)

   UserDetailsServiceAutoConfiguration matched:
      - @ConditionalOnClass found required class 'org.springframework.security.authentication.AuthenticationManager' (OnClassCondition)
      - @ConditionalOnBean (types: org.springframework.security.config.annotation.ObjectPostProcessor; SearchStrategy: all) found bean 'objectPostProcessor'; @ConditionalOnMissingBean (types: org.springframework.security.authentication.AuthenticationManager,org.springframework.security.authentication.AuthenticationProvider,org.springframework.security.core.userdetails.UserDetailsService; SearchStrategy: all) did not find any beans (OnBeanCondition)

   UserDetailsServiceAutoConfiguration#inMemoryUserDetailsManager matched:
      - @ConditionalOnMissingBean (types: org.springframework.security.oauth2.client.registration.ClientRegistrationRepository; SearchStrategy: all) did not find any beans (OnBeanCondition)

   ValidationAutoConfiguration matched:
      - @ConditionalOnClass found required class 'javax.validation.executable.ExecutableValidator' (OnClassCondition)
      - @ConditionalOnResource found location classpath:META-INF/services/javax.validation.spi.ValidationProvider (OnResourceCondition)

   ValidationAutoConfiguration#defaultValidator matched:
      - @ConditionalOnMissingBean (types: javax.validation.Validator; SearchStrategy: all) did not find any beans (OnBeanCondition)

   ValidationAutoConfiguration#methodValidationPostProcessor matched:
      - @ConditionalOnMissingBean (types: org.springframework.validation.beanvalidation.MethodValidationPostProcessor; SearchStrategy: all) did not find any beans (OnBeanCondition)

   WebMvcAutoConfiguration matched:
      - @ConditionalOnClass found required classes 'javax.servlet.Servlet', 'org.springframework.web.servlet.DispatcherServlet', 'org.springframework.web.servlet.config.annotation.WebMvcConfigurer' (OnClassCondition)
      - found 'session' scope (OnWebApplicationCondition)
      - @ConditionalOnMissingBean (types: org.springframework.web.servlet.config.annotation.WebMvcConfigurationSupport; SearchStrategy: all) did not find any beans (OnBeanCondition)

   WebMvcAutoConfiguration#formContentFilter matched:
      - @ConditionalOnProperty (spring.mvc.formcontent.filter.enabled) matched (OnPropertyCondition)
      - @ConditionalOnMissingBean (types: org.springframework.web.filter.FormContentFilter; SearchStrategy: all) did not find any beans (OnBeanCondition)

   WebMvcAutoConfiguration#hiddenHttpMethodFilter matched:
      - @ConditionalOnProperty (spring.mvc.hiddenmethod.filter.enabled) matched (OnPropertyCondition)
      - @ConditionalOnMissingBean (types: org.springframework.web.filter.HiddenHttpMethodFilter; SearchStrategy: all) did not find any beans (OnBeanCondition)

   WebMvcAutoConfiguration.WebMvcAutoConfigurationAdapter#defaultViewResolver matched:
      - @ConditionalOnMissingBean (types: org.springframework.web.servlet.view.InternalResourceViewResolver; SearchStrategy: all) did not find any beans (OnBeanCondition)

   WebMvcAutoConfiguration.WebMvcAutoConfigurationAdapter#requestContextFilter matched:
      - @ConditionalOnMissingBean (types: org.springframework.web.context.request.RequestContextListener,org.springframework.web.filter.RequestContextFilter; SearchStrategy: all) did not find any beans (OnBeanCondition)

   WebMvcAutoConfiguration.WebMvcAutoConfigurationAdapter#viewResolver matched:
      - @ConditionalOnBean (types: org.springframework.web.servlet.ViewResolver; SearchStrategy: all) found beans 'defaultViewResolver', 'beanNameViewResolver', 'mvcViewResolver'; @ConditionalOnMissingBean (names: viewResolver; types: org.springframework.web.servlet.view.ContentNegotiatingViewResolver; SearchStrategy: all) did not find any beans (OnBeanCondition)

   WebMvcAutoConfiguration.WebMvcAutoConfigurationAdapter.FaviconConfiguration matched:
      - @ConditionalOnProperty (spring.mvc.favicon.enabled) matched (OnPropertyCondition)

   WebSocketServletAutoConfiguration matched:
      - @ConditionalOnClass found required classes 'javax.servlet.Servlet', 'javax.websocket.server.ServerContainer' (OnClassCondition)
      - found 'session' scope (OnWebApplicationCondition)

   WebSocketServletAutoConfiguration.TomcatWebSocketConfiguration matched:
      - @ConditionalOnClass found required classes 'org.apache.catalina.startup.Tomcat', 'org.apache.tomcat.websocket.server.WsSci' (OnClassCondition)

   WebSocketServletAutoConfiguration.TomcatWebSocketConfiguration#websocketServletWebServerCustomizer matched:
      - @ConditionalOnMissingBean (names: websocketServletWebServerCustomizer; SearchStrategy: all) did not find any beans (OnBeanCondition)


Negative matches:
-----------------

   ActiveMQAutoConfiguration:
      Did not match:
         - @ConditionalOnClass did not find required class 'javax.jms.ConnectionFactory' (OnClassCondition)

   AopAutoConfiguration.JdkDynamicAutoProxyConfiguration:
      Did not match:
         - @ConditionalOnProperty (spring.aop.proxy-target-class=false) did not find property 'proxy-target-class' (OnPropertyCondition)

   ArtemisAutoConfiguration:
      Did not match:
         - @ConditionalOnClass did not find required class 'javax.jms.ConnectionFactory' (OnClassCondition)

   AtomikosJtaConfiguration:
      Did not match:
         - @ConditionalOnClass did not find required class 'com.atomikos.icatch.jta.UserTransactionManager' (OnClassCondition)

   BatchAutoConfiguration:
      Did not match:
         - @ConditionalOnClass did not find required class 'org.springframework.batch.core.launch.JobLauncher' (OnClassCondition)

   BitronixJtaConfiguration:
      Did not match:
         - @ConditionalOnClass did not find required class 'bitronix.tm.jndi.BitronixContext' (OnClassCondition)

   CacheAutoConfiguration:
      Did not match:
         - @ConditionalOnBean (types: org.springframework.cache.interceptor.CacheAspectSupport; SearchStrategy: all) did not find any beans of type org.springframework.cache.interceptor.CacheAspectSupport (OnBeanCondition)
      Matched:
         - @ConditionalOnClass found required class 'org.springframework.cache.CacheManager' (OnClassCondition)

   CacheAutoConfiguration.CacheManagerJpaDependencyConfiguration:
      Did not match:
         - Ancestor org.springframework.boot.autoconfigure.cache.CacheAutoConfiguration did not match (ConditionEvaluationReport.AncestorsMatchedCondition)
      Matched:
         - @ConditionalOnClass found required class 'org.springframework.orm.jpa.LocalContainerEntityManagerFactoryBean' (OnClassCondition)

   CaffeineCacheConfiguration:
      Did not match:
         - @ConditionalOnClass did not find required classes 'com.github.benmanes.caffeine.cache.Caffeine', 'org.springframework.cache.caffeine.CaffeineCacheManager' (OnClassCondition)

   CassandraAutoConfiguration:
      Did not match:
         - @ConditionalOnClass did not find required class 'com.datastax.driver.core.Cluster' (OnClassCondition)

   CassandraDataAutoConfiguration:
      Did not match:
         - @ConditionalOnClass did not find required class 'com.datastax.driver.core.Cluster' (OnClassCondition)

   CassandraReactiveDataAutoConfiguration:
      Did not match:
         - @ConditionalOnClass did not find required class 'com.datastax.driver.core.Cluster' (OnClassCondition)

   CassandraReactiveRepositoriesAutoConfiguration:
      Did not match:
         - @ConditionalOnClass did not find required class 'org.springframework.data.cassandra.ReactiveSession' (OnClassCondition)

   CassandraRepositoriesAutoConfiguration:
      Did not match:
         - @ConditionalOnClass did not find required class 'com.datastax.driver.core.Session' (OnClassCondition)

   ClientHttpConnectorAutoConfiguration:
      Did not match:
         - @ConditionalOnClass did not find required class 'org.springframework.web.reactive.function.client.WebClient' (OnClassCondition)

   CloudServiceConnectorsAutoConfiguration:
      Did not match:
         - @ConditionalOnClass did not find required class 'org.springframework.cloud.config.java.CloudScanConfiguration' (OnClassCondition)

   CouchbaseAutoConfiguration:
      Did not match:
         - @ConditionalOnClass did not find required class 'com.couchbase.client.java.Cluster' (OnClassCondition)

   CouchbaseCacheConfiguration:
      Did not match:
         - @ConditionalOnClass did not find required classes 'com.couchbase.client.java.Bucket', 'com.couchbase.client.spring.cache.CouchbaseCacheManager' (OnClassCondition)

   CouchbaseDataAutoConfiguration:
      Did not match:
         - @ConditionalOnClass did not find required class 'com.couchbase.client.java.Bucket' (OnClassCondition)

   CouchbaseReactiveDataAutoConfiguration:
      Did not match:
         - @ConditionalOnClass did not find required class 'com.couchbase.client.java.Bucket' (OnClassCondition)

   CouchbaseReactiveRepositoriesAutoConfiguration:
      Did not match:
         - @ConditionalOnClass did not find required class 'com.couchbase.client.java.Bucket' (OnClassCondition)

   CouchbaseRepositoriesAutoConfiguration:
      Did not match:
         - @ConditionalOnClass did not find required class 'com.couchbase.client.java.Bucket' (OnClassCondition)

   DataSourceAutoConfiguration.EmbeddedDatabaseConfiguration:
      Did not match:
         - EmbeddedDataSource found supported pooled data source (DataSourceAutoConfiguration.EmbeddedDatabaseCondition)

   DataSourceConfiguration.Dbcp2:
      Did not match:
         - @ConditionalOnClass did not find required class 'org.apache.commons.dbcp2.BasicDataSource' (OnClassCondition)

   DataSourceConfiguration.Generic:
      Did not match:
         - @ConditionalOnProperty (spring.datasource.type) did not find property 'spring.datasource.type' (OnPropertyCondition)

   DataSourceConfiguration.Tomcat:
      Did not match:
         - @ConditionalOnClass did not find required class 'org.apache.tomcat.jdbc.pool.DataSource' (OnClassCondition)

   DataSourceJmxConfiguration:
      Did not match:
         - @ConditionalOnProperty (spring.jmx.enabled=true) found different value in property 'enabled' (OnPropertyCondition)

   DataSourcePoolMetadataProvidersConfiguration.CommonsDbcp2PoolDataSourceMetadataProviderConfiguration:
      Did not match:
         - @ConditionalOnClass did not find required class 'org.apache.commons.dbcp2.BasicDataSource' (OnClassCondition)

   DataSourcePoolMetadataProvidersConfiguration.TomcatDataSourcePoolMetadataProviderConfiguration:
      Did not match:
         - @ConditionalOnClass did not find required class 'org.apache.tomcat.jdbc.pool.DataSource' (OnClassCondition)

   DataSourceTransactionManagerAutoConfiguration.DataSourceTransactionManagerConfiguration#transactionManager:
      Did not match:
         - @ConditionalOnMissingBean (types: org.springframework.transaction.PlatformTransactionManager; SearchStrategy: all) found beans of type 'org.springframework.transaction.PlatformTransactionManager' transactionManager (OnBeanCondition)

   DispatcherServletAutoConfiguration.DispatcherServletConfiguration#multipartResolver:
      Did not match:
         - @ConditionalOnBean (types: org.springframework.web.multipart.MultipartResolver; SearchStrategy: all) did not find any beans of type org.springframework.web.multipart.MultipartResolver (OnBeanCondition)

   EhCacheCacheConfiguration:
      Did not match:
         - @ConditionalOnClass did not find required classes 'net.sf.ehcache.Cache', 'org.springframework.cache.ehcache.EhCacheCacheManager' (OnClassCondition)

   ElasticsearchAutoConfiguration:
      Did not match:
         - @ConditionalOnClass did not find required class 'org.elasticsearch.client.Client' (OnClassCondition)

   ElasticsearchDataAutoConfiguration:
      Did not match:
         - @ConditionalOnClass did not find required class 'org.elasticsearch.client.Client' (OnClassCondition)

   ElasticsearchRepositoriesAutoConfiguration:
      Did not match:
         - @ConditionalOnClass did not find required class 'org.elasticsearch.client.Client' (OnClassCondition)

   EmbeddedLdapAutoConfiguration:
      Did not match:
         - @ConditionalOnClass did not find required class 'com.unboundid.ldap.listener.InMemoryDirectoryServer' (OnClassCondition)

   EmbeddedMongoAutoConfiguration:
      Did not match:
         - @ConditionalOnClass did not find required class 'com.mongodb.MongoClient' (OnClassCondition)

   EmbeddedWebServerFactoryCustomizerAutoConfiguration.JettyWebServerFactoryCustomizerConfiguration:
      Did not match:
         - @ConditionalOnClass did not find required classes 'org.eclipse.jetty.server.Server', 'org.eclipse.jetty.util.Loader', 'org.eclipse.jetty.webapp.WebAppContext' (OnClassCondition)

   EmbeddedWebServerFactoryCustomizerAutoConfiguration.NettyWebServerFactoryCustomizerConfiguration:
      Did not match:
         - @ConditionalOnClass did not find required class 'reactor.netty.http.server.HttpServer' (OnClassCondition)

   EmbeddedWebServerFactoryCustomizerAutoConfiguration.UndertowWebServerFactoryCustomizerConfiguration:
      Did not match:
         - @ConditionalOnClass did not find required classes 'io.undertow.Undertow', 'org.xnio.SslClientAuthMode' (OnClassCondition)

   ErrorWebFluxAutoConfiguration:
      Did not match:
         - @ConditionalOnClass did not find required class 'org.springframework.web.reactive.config.WebFluxConfigurer' (OnClassCondition)

   FlywayAutoConfiguration:
      Did not match:
         - @ConditionalOnClass did not find required class 'org.flywaydb.core.Flyway' (OnClassCondition)

   FreeMarkerAutoConfiguration:
      Did not match:
         - @ConditionalOnClass did not find required class 'freemarker.template.Configuration' (OnClassCondition)

   GroovyTemplateAutoConfiguration:
      Did not match:
         - @ConditionalOnClass did not find required class 'groovy.text.markup.MarkupTemplateEngine' (OnClassCondition)

   GsonAutoConfiguration:
      Did not match:
         - @ConditionalOnClass did not find required class 'com.google.gson.Gson' (OnClassCondition)

   GsonHttpMessageConvertersConfiguration:
      Did not match:
         - @ConditionalOnClass did not find required class 'com.google.gson.Gson' (OnClassCondition)

   HazelcastAutoConfiguration:
      Did not match:
         - @ConditionalOnClass did not find required class 'com.hazelcast.core.HazelcastInstance' (OnClassCondition)

   HazelcastCacheConfiguration:
      Did not match:
         - @ConditionalOnClass did not find required classes 'com.hazelcast.core.HazelcastInstance', 'com.hazelcast.spring.cache.HazelcastCacheManager' (OnClassCondition)

   HazelcastJpaDependencyAutoConfiguration:
      Did not match:
         - @ConditionalOnClass did not find required class 'com.hazelcast.core.HazelcastInstance' (OnClassCondition)

   HttpHandlerAutoConfiguration:
      Did not match:
         - @ConditionalOnClass did not find required class 'org.springframework.web.reactive.DispatcherHandler' (OnClassCondition)

   HypermediaAutoConfiguration:
      Did not match:
         - @ConditionalOnClass did not find required class 'org.springframework.hateoas.Resource' (OnClassCondition)

   InfinispanCacheConfiguration:
      Did not match:
         - @ConditionalOnClass did not find required class 'org.infinispan.spring.provider.SpringEmbeddedCacheManager' (OnClassCondition)

   InfluxDbAutoConfiguration:
      Did not match:
         - @ConditionalOnClass did not find required class 'org.influxdb.InfluxDB' (OnClassCondition)

   IntegrationAutoConfiguration:
      Did not match:
         - @ConditionalOnClass did not find required class 'org.springframework.integration.config.EnableIntegration' (OnClassCondition)

   JCacheCacheConfiguration:
      Did not match:
         - @ConditionalOnClass did not find required classes 'javax.cache.Caching', 'org.springframework.cache.jcache.JCacheCacheManager' (OnClassCondition)

   JacksonAutoConfiguration.JodaDateTimeJacksonConfiguration:
      Did not match:
         - @ConditionalOnClass did not find required classes 'org.joda.time.DateTime', 'com.fasterxml.jackson.datatype.joda.ser.DateTimeSerializer', 'com.fasterxml.jackson.datatype.joda.cfg.JacksonJodaDateFormat' (OnClassCondition)

   JacksonHttpMessageConvertersConfiguration.MappingJackson2XmlHttpMessageConverterConfiguration:
      Did not match:
         - @ConditionalOnClass did not find required class 'com.fasterxml.jackson.dataformat.xml.XmlMapper' (OnClassCondition)

   JdbcRepositoriesAutoConfiguration:
      Did not match:
         - @ConditionalOnClass did not find required class 'org.springframework.data.jdbc.repository.config.JdbcConfiguration' (OnClassCondition)

   JerseyAutoConfiguration:
      Did not match:
         - @ConditionalOnClass did not find required class 'org.glassfish.jersey.server.spring.SpringComponentProvider' (OnClassCondition)

   JestAutoConfiguration:
      Did not match:
         - @ConditionalOnClass did not find required class 'io.searchbox.client.JestClient' (OnClassCondition)

   JmsAutoConfiguration:
      Did not match:
         - @ConditionalOnClass did not find required class 'javax.jms.Message' (OnClassCondition)

   JmxAutoConfiguration:
      Did not match:
         - @ConditionalOnProperty (spring.jmx.enabled=true) found different value in property 'enabled' (OnPropertyCondition)
      Matched:
         - @ConditionalOnClass found required class 'org.springframework.jmx.export.MBeanExporter' (OnClassCondition)

   JndiConnectionFactoryAutoConfiguration:
      Did not match:
         - @ConditionalOnClass did not find required class 'org.springframework.jms.core.JmsTemplate' (OnClassCondition)

   JndiDataSourceAutoConfiguration:
      Did not match:
         - @ConditionalOnProperty (spring.datasource.jndi-name) did not find property 'jndi-name' (OnPropertyCondition)
      Matched:
         - @ConditionalOnClass found required classes 'javax.sql.DataSource', 'org.springframework.jdbc.datasource.embedded.EmbeddedDatabaseType' (OnClassCondition)

   JndiJtaConfiguration:
      Did not match:
         - @ConditionalOnJndi JNDI environment is not available (OnJndiCondition)
      Matched:
         - @ConditionalOnClass found required class 'org.springframework.transaction.jta.JtaTransactionManager' (OnClassCondition)

   JooqAutoConfiguration:
      Did not match:
         - @ConditionalOnClass did not find required class 'org.jooq.DSLContext' (OnClassCondition)

   JpaRepositoriesAutoConfiguration:
      Did not match:
         - @ConditionalOnMissingBean (types: org.springframework.data.jpa.repository.support.JpaRepositoryFactoryBean,org.springframework.data.jpa.repository.config.JpaRepositoryConfigExtension; SearchStrategy: all) found beans of type 'org.springframework.data.jpa.repository.config.JpaRepositoryConfigExtension' org.springframework.data.jpa.repository.config.JpaRepositoryConfigExtension#0 (OnBeanCondition)
      Matched:
         - @ConditionalOnClass found required class 'org.springframework.data.jpa.repository.JpaRepository' (OnClassCondition)
         - @ConditionalOnProperty (spring.data.jpa.repositories.enabled=true) matched (OnPropertyCondition)

   JsonbAutoConfiguration:
      Did not match:
         - @ConditionalOnClass did not find required class 'javax.json.bind.Jsonb' (OnClassCondition)

   JsonbHttpMessageConvertersConfiguration:
      Did not match:
         - @ConditionalOnClass did not find required class 'javax.json.bind.Jsonb' (OnClassCondition)

   KafkaAutoConfiguration:
      Did not match:
         - @ConditionalOnClass did not find required class 'org.springframework.kafka.core.KafkaTemplate' (OnClassCondition)

   LdapAutoConfiguration:
      Did not match:
         - @ConditionalOnClass did not find required class 'org.springframework.ldap.core.ContextSource' (OnClassCondition)

   LdapRepositoriesAutoConfiguration:
      Did not match:
         - @ConditionalOnClass did not find required class 'org.springframework.data.ldap.repository.LdapRepository' (OnClassCondition)

   LiquibaseAutoConfiguration:
      Did not match:
         - @ConditionalOnClass did not find required class 'liquibase.change.DatabaseChange' (OnClassCondition)

   LocalDevToolsAutoConfiguration:
      Did not match:
         - Initialized Restarter Condition initialized without URLs (OnInitializedRestarterCondition)

   MailSenderAutoConfiguration:
      Did not match:
         - @ConditionalOnClass did not find required class 'javax.mail.internet.MimeMessage' (OnClassCondition)

   MailSenderValidatorAutoConfiguration:
      Did not match:
         - @ConditionalOnSingleCandidate did not find required type 'org.springframework.mail.javamail.JavaMailSenderImpl' (OnBeanCondition)

   MessageSourceAutoConfiguration:
      Did not match:
         - ResourceBundle did not find bundle with basename messages (MessageSourceAutoConfiguration.ResourceBundleCondition)

   MongoAutoConfiguration:
      Did not match:
         - @ConditionalOnClass did not find required class 'com.mongodb.MongoClient' (OnClassCondition)

   MongoDataAutoConfiguration:
      Did not match:
         - @ConditionalOnClass did not find required class 'com.mongodb.client.MongoClient' (OnClassCondition)

   MongoReactiveAutoConfiguration:
      Did not match:
         - @ConditionalOnClass did not find required class 'com.mongodb.reactivestreams.client.MongoClient' (OnClassCondition)

   MongoReactiveDataAutoConfiguration:
      Did not match:
         - @ConditionalOnClass did not find required class 'com.mongodb.reactivestreams.client.MongoClient' (OnClassCondition)

   MongoReactiveRepositoriesAutoConfiguration:
      Did not match:
         - @ConditionalOnClass did not find required class 'com.mongodb.reactivestreams.client.MongoClient' (OnClassCondition)

   MongoRepositoriesAutoConfiguration:
      Did not match:
         - @ConditionalOnClass did not find required class 'com.mongodb.MongoClient' (OnClassCondition)

   MustacheAutoConfiguration:
      Did not match:
         - @ConditionalOnClass did not find required class 'com.samskivert.mustache.Mustache' (OnClassCondition)

   Neo4jDataAutoConfiguration:
      Did not match:
         - @ConditionalOnClass did not find required class 'org.neo4j.ogm.session.SessionFactory' (OnClassCondition)

   Neo4jRepositoriesAutoConfiguration:
      Did not match:
         - @ConditionalOnClass did not find required class 'org.neo4j.ogm.session.Neo4jSession' (OnClassCondition)

   OAuth2ClientAutoConfiguration:
      Did not match:
         - @ConditionalOnClass did not find required class 'org.springframework.security.oauth2.client.registration.ClientRegistration' (OnClassCondition)

   OAuth2ResourceServerAutoConfiguration:
      Did not match:
         - @ConditionalOnClass did not find required class 'org.springframework.security.oauth2.jwt.JwtDecoder' (OnClassCondition)

   ProjectInfoAutoConfiguration#buildProperties:
      Did not match:
         - @ConditionalOnResource did not find resource '${spring.info.build.location:classpath:META-INF/build-info.properties}' (OnResourceCondition)

   ProjectInfoAutoConfiguration#gitProperties:
      Did not match:
         - GitResource did not find git info at classpath:git.properties (ProjectInfoAutoConfiguration.GitResourceAvailableCondition)

   QuartzAutoConfiguration:
      Did not match:
         - @ConditionalOnClass did not find required class 'org.quartz.Scheduler' (OnClassCondition)

   RabbitAutoConfiguration:
      Did not match:
         - @ConditionalOnClass did not find required class 'com.rabbitmq.client.Channel' (OnClassCondition)

   ReactiveOAuth2ClientAutoConfiguration:
      Did not match:
         - @ConditionalOnClass did not find required class 'reactor.core.publisher.Flux' (OnClassCondition)

   ReactiveOAuth2ResourceServerAutoConfiguration:
      Did not match:
         - @ConditionalOnClass did not find required class 'org.springframework.security.oauth2.jwt.ReactiveJwtDecoder' (OnClassCondition)

   ReactiveSecurityAutoConfiguration:
      Did not match:
         - @ConditionalOnClass did not find required class 'reactor.core.publisher.Flux' (OnClassCondition)

   ReactiveUserDetailsServiceAutoConfiguration:
      Did not match:
         - @ConditionalOnWebApplication did not find reactive web application classes (OnWebApplicationCondition)

   ReactiveWebServerFactoryAutoConfiguration:
      Did not match:
         - @ConditionalOnWebApplication did not find reactive web application classes (OnWebApplicationCondition)

   ReactorCoreAutoConfiguration:
      Did not match:
         - @ConditionalOnClass did not find required class 'reactor.core.publisher.Flux' (OnClassCondition)

   RedisAutoConfiguration:
      Did not match:
         - @ConditionalOnClass did not find required class 'org.springframework.data.redis.core.RedisOperations' (OnClassCondition)

   RedisCacheConfiguration:
      Did not match:
         - @ConditionalOnClass did not find required class 'org.springframework.data.redis.connection.RedisConnectionFactory' (OnClassCondition)

   RedisReactiveAutoConfiguration:
      Did not match:
         - @ConditionalOnClass did not find required class 'reactor.core.publisher.Flux' (OnClassCondition)

   RedisRepositoriesAutoConfiguration:
      Did not match:
         - @ConditionalOnClass did not find required class 'org.springframework.data.redis.repository.configuration.EnableRedisRepositories' (OnClassCondition)

   RemoteDevToolsAutoConfiguration:
      Did not match:
         - @ConditionalOnProperty (spring.devtools.remote.secret) did not find property 'secret' (OnPropertyCondition)
      Matched:
         - @ConditionalOnClass found required classes 'javax.servlet.Filter', 'org.springframework.http.server.ServerHttpRequest' (OnClassCondition)

   RepositoryRestMvcAutoConfiguration:
      Did not match:
         - @ConditionalOnClass did not find required class 'org.springframework.data.rest.webmvc.config.RepositoryRestMvcConfiguration' (OnClassCondition)

   RestClientAutoConfiguration:
      Did not match:
         - @ConditionalOnClass did not find required class 'org.elasticsearch.client.RestClient' (OnClassCondition)

   SecurityDataConfiguration:
      Did not match:
         - @ConditionalOnClass did not find required class 'org.springframework.security.data.repository.query.SecurityEvaluationContextExtension' (OnClassCondition)

   SecurityRequestMatcherProviderAutoConfiguration.JerseyRequestMatcherConfiguration:
      Did not match:
         - @ConditionalOnClass did not find required class 'org.glassfish.jersey.server.ResourceConfig' (OnClassCondition)

   SendGridAutoConfiguration:
      Did not match:
         - @ConditionalOnClass did not find required class 'com.sendgrid.SendGrid' (OnClassCondition)

   ServletWebServerFactoryConfiguration.EmbeddedJetty:
      Did not match:
         - @ConditionalOnClass did not find required classes 'org.eclipse.jetty.server.Server', 'org.eclipse.jetty.util.Loader', 'org.eclipse.jetty.webapp.WebAppContext' (OnClassCondition)

   ServletWebServerFactoryConfiguration.EmbeddedUndertow:
      Did not match:
         - @ConditionalOnClass did not find required classes 'io.undertow.Undertow', 'org.xnio.SslClientAuthMode' (OnClassCondition)

   SessionAutoConfiguration:
      Did not match:
         - @ConditionalOnClass did not find required class 'org.springframework.session.Session' (OnClassCondition)

   SolrAutoConfiguration:
      Did not match:
         - @ConditionalOnClass did not find required class 'org.apache.solr.client.solrj.impl.CloudSolrClient' (OnClassCondition)

   SolrRepositoriesAutoConfiguration:
      Did not match:
         - @ConditionalOnClass did not find required class 'org.apache.solr.client.solrj.SolrClient' (OnClassCondition)

   SpringApplicationAdminJmxAutoConfiguration:
      Did not match:
         - @ConditionalOnProperty (spring.application.admin.enabled=true) did not find property 'enabled' (OnPropertyCondition)

   SpringBootWebSecurityConfiguration:
      Did not match:
         - @ConditionalOnMissingBean (types: org.springframework.security.config.annotation.web.configuration.WebSecurityConfigurerAdapter; SearchStrategy: all) found beans of type 'org.springframework.security.config.annotation.web.configuration.WebSecurityConfigurerAdapter' securityConfiguration (OnBeanCondition)
      Matched:
         - @ConditionalOnClass found required class 'org.springframework.security.config.annotation.web.configuration.WebSecurityConfigurerAdapter' (OnClassCondition)
         - found 'session' scope (OnWebApplicationCondition)

   TaskSchedulingAutoConfiguration#taskScheduler:
      Did not match:
         - @ConditionalOnBean (names: org.springframework.context.annotation.internalScheduledAnnotationProcessor; SearchStrategy: all) did not find any beans named org.springframework.context.annotation.internalScheduledAnnotationProcessor (OnBeanCondition)

   ThymeleafAutoConfiguration:
      Did not match:
         - @ConditionalOnClass did not find required class 'org.thymeleaf.spring5.SpringTemplateEngine' (OnClassCondition)

   TransactionAutoConfiguration.EnableTransactionManagementConfiguration:
      Did not match:
         - @ConditionalOnMissingBean (types: org.springframework.transaction.annotation.AbstractTransactionManagementConfiguration; SearchStrategy: all) found beans of type 'org.springframework.transaction.annotation.AbstractTransactionManagementConfiguration' org.springframework.transaction.annotation.ProxyTransactionManagementConfiguration (OnBeanCondition)

   TransactionAutoConfiguration.EnableTransactionManagementConfiguration.CglibAutoProxyConfiguration:
      Did not match:
         - Ancestor org.springframework.boot.autoconfigure.transaction.TransactionAutoConfiguration$EnableTransactionManagementConfiguration did not match (ConditionEvaluationReport.AncestorsMatchedCondition)
      Matched:
         - @ConditionalOnProperty (spring.aop.proxy-target-class=true) matched (OnPropertyCondition)

   TransactionAutoConfiguration.EnableTransactionManagementConfiguration.JdkDynamicAutoProxyConfiguration:
      Did not match:
         - @ConditionalOnProperty (spring.aop.proxy-target-class=false) did not find property 'proxy-target-class' (OnPropertyCondition)
         - Ancestor org.springframework.boot.autoconfigure.transaction.TransactionAutoConfiguration$EnableTransactionManagementConfiguration did not match (ConditionEvaluationReport.AncestorsMatchedCondition)

   WebClientAutoConfiguration:
      Did not match:
         - @ConditionalOnClass did not find required class 'org.springframework.web.reactive.function.client.WebClient' (OnClassCondition)

   WebFluxAutoConfiguration:
      Did not match:
         - @ConditionalOnClass did not find required class 'org.springframework.web.reactive.config.WebFluxConfigurer' (OnClassCondition)

   WebMvcAutoConfiguration.ResourceChainCustomizerConfiguration:
      Did not match:
         - @ConditionalOnEnabledResourceChain did not find class org.webjars.WebJarAssetLocator (OnEnabledResourceChainCondition)

   WebMvcAutoConfiguration.WebMvcAutoConfigurationAdapter#beanNameViewResolver:
      Did not match:
         - @ConditionalOnMissingBean (types: org.springframework.web.servlet.view.BeanNameViewResolver; SearchStrategy: all) found beans of type 'org.springframework.web.servlet.view.BeanNameViewResolver' beanNameViewResolver (OnBeanCondition)

   WebMvcAutoConfiguration.WebMvcAutoConfigurationAdapter#localeResolver:
      Did not match:
         - @ConditionalOnProperty (spring.mvc.locale) did not find property 'locale' (OnPropertyCondition)

   WebSecurityEnablerConfiguration:
      Did not match:
         - @ConditionalOnMissingBean (names: springSecurityFilterChain; SearchStrategy: all) found beans named springSecurityFilterChain (OnBeanCondition)
      Matched:
         - found 'session' scope (OnWebApplicationCondition)

   WebServiceTemplateAutoConfiguration:
      Did not match:
         - @ConditionalOnClass did not find required class 'org.springframework.oxm.Marshaller' (OnClassCondition)

   WebServicesAutoConfiguration:
      Did not match:
         - @ConditionalOnClass did not find required class 'org.springframework.ws.transport.http.MessageDispatcherServlet' (OnClassCondition)

   WebSocketMessagingAutoConfiguration:
      Did not match:
         - @ConditionalOnClass did not find required class 'org.springframework.web.socket.config.annotation.WebSocketMessageBrokerConfigurer' (OnClassCondition)

   WebSocketReactiveAutoConfiguration:
      Did not match:
         - @ConditionalOnWebApplication did not find reactive web application classes (OnWebApplicationCondition)

   WebSocketServletAutoConfiguration.JettyWebSocketConfiguration:
      Did not match:
         - @ConditionalOnClass did not find required class 'org.eclipse.jetty.websocket.jsr356.server.deploy.WebSocketServerContainerInitializer' (OnClassCondition)

   WebSocketServletAutoConfiguration.UndertowWebSocketConfiguration:
      Did not match:
         - @ConditionalOnClass did not find required class 'io.undertow.websockets.jsr.Bootstrap' (OnClassCondition)

   XADataSourceAutoConfiguration:
      Did not match:
         - @ConditionalOnBean (types: org.springframework.boot.jdbc.XADataSourceWrapper; SearchStrategy: all) did not find any beans of type org.springframework.boot.jdbc.XADataSourceWrapper (OnBeanCondition)
      Matched:
         - @ConditionalOnClass found required classes 'javax.sql.DataSource', 'javax.transaction.TransactionManager', 'org.springframework.jdbc.datasource.embedded.EmbeddedDatabaseType' (OnClassCondition)


Exclusions:
-----------

    None


Unconditional classes:
----------------------

    org.springframework.boot.autoconfigure.context.ConfigurationPropertiesAutoConfiguration

    org.springframework.boot.autoconfigure.context.PropertyPlaceholderAutoConfiguration

    org.springframework.boot.autoconfigure.info.ProjectInfoAutoConfiguration



&amp#27;[30m2020-02-08 10:21:44,507&amp#27;[0;39m &amp#27;[39mDEBUG&amp#27;[0;39m [&amp#27;[34mmain&amp#27;[0;39m] &amp#27;[33morg.springframework.beans.factory.support.DefaultSingletonBeanRegistry&amp#27;[0;39m: Creating shared instance of singleton bean 'org.springframework.transaction.config.internalTransactionAdvisor'
&amp#27;[30m2020-02-08 10:21:44,507&amp#27;[0;39m &amp#27;[39mDEBUG&amp#27;[0;39m [&amp#27;[34mmain&amp#27;[0;39m] &amp#27;[33morg.springframework.beans.factory.support.DefaultSingletonBeanRegistry&amp#27;[0;39m: Creating shared instance of singleton bean 'org.springframework.transaction.annotation.ProxyTransactionManagementConfiguration'
&amp#27;[30m2020-02-08 10:21:44,508&amp#27;[0;39m &amp#27;[39mDEBUG&amp#27;[0;39m [&amp#27;[34mmain&amp#27;[0;39m] &amp#27;[33morg.springframework.beans.factory.support.AbstractAutowireCapableBeanFactory&amp#27;[0;39m: Bean creation exception on singleton FactoryBean type check: org.springframework.beans.factory.BeanCreationException: Error creating bean with name 'org.springframework.transaction.annotation.ProxyTransactionManagementConfiguration': Initialization of bean failed; nested exception is org.springframework.beans.factory.NoSuchBeanDefinitionException: No bean named 'org.springframework.context.annotation.ConfigurationClassPostProcessor.importRegistry' available
&amp#27;[30m2020-02-08 10:21:44,509&amp#27;[0;39m &amp#27;[39mDEBUG&amp#27;[0;39m [&amp#27;[34mmain&amp#27;[0;39m] &amp#27;[33morg.springframework.boot.diagnostics.LoggingFailureAnalysisReporter&amp#27;[0;39m: Application failed to start due to an exception
org.springframework.beans.factory.NoSuchBeanDefinitionException: No qualifying bean of type 'in.rgukt.r081247.universityapi.repository.DepartmentRepository' available: expected at least 1 bean which qualifies as autowire candidate. Dependency annotations: {@org.springframework.beans.factory.annotation.Autowired(required=true)}
	at org.springframework.beans.factory.support.DefaultListableBeanFactory.raiseNoMatchingBeanFound(DefaultListableBeanFactory.java:1655)
	at org.springframework.beans.factory.support.DefaultListableBeanFactory.doResolveDependency(DefaultListableBeanFactory.java:1214)
	at org.springframework.beans.factory.support.DefaultListableBeanFactory.resolveDependency(DefaultListableBeanFactory.java:1168)
	at org.springframework.beans.factory.annotation.AutowiredAnnotationBeanPostProcessor$AutowiredFieldElement.inject(AutowiredAnnotationBeanPostProcessor.java:593)
	at org.springframework.beans.factory.annotation.InjectionMetadata.inject(InjectionMetadata.java:90)
	at org.springframework.beans.factory.annotation.AutowiredAnnotationBeanPostProcessor.postProcessProperties(AutowiredAnnotationBeanPostProcessor.java:374)
	at org.springframework.beans.factory.support.AbstractAutowireCapableBeanFactory.populateBean(AbstractAutowireCapableBeanFactory.java:1411)
	at org.springframework.beans.factory.support.AbstractAutowireCapableBeanFactory.doCreateBean(AbstractAutowireCapableBeanFactory.java:592)
	at org.springframework.beans.factory.support.AbstractAutowireCapableBeanFactory.createBean(AbstractAutowireCapableBeanFactory.java:515)
	at org.springframework.beans.factory.support.AbstractBeanFactory.lambda$doGetBean$0(AbstractBeanFactory.java:320)
	at org.springframework.beans.factory.support.DefaultSingletonBeanRegistry.getSingleton(DefaultSingletonBeanRegistry.java:222)
	at org.springframework.beans.factory.support.AbstractBeanFactory.doGetBean(AbstractBeanFactory.java:318)
	at org.springframework.beans.factory.support.AbstractBeanFactory.getBean(AbstractBeanFactory.java:199)
	at org.springframework.beans.factory.config.DependencyDescriptor.resolveCandidate(DependencyDescriptor.java:277)
	at org.springframework.beans.factory.support.DefaultListableBeanFactory.doResolveDependency(DefaultListableBeanFactory.java:1248)
	at org.springframework.beans.factory.support.DefaultListableBeanFactory.resolveDependency(DefaultListableBeanFactory.java:1168)
	at org.springframework.beans.factory.annotation.AutowiredAnnotationBeanPostProcessor$AutowiredFieldElement.inject(AutowiredAnnotationBeanPostProcessor.java:593)
	at org.springframework.beans.factory.annotation.InjectionMetadata.inject(InjectionMetadata.java:90)
	at org.springframework.beans.factory.annotation.AutowiredAnnotationBeanPostProcessor.postProcessProperties(AutowiredAnnotationBeanPostProcessor.java:374)
	at org.springframework.beans.factory.support.AbstractAutowireCapableBeanFactory.populateBean(AbstractAutowireCapableBeanFactory.java:1411)
	at org.springframework.beans.factory.support.AbstractAutowireCapableBeanFactory.doCreateBean(AbstractAutowireCapableBeanFactory.java:592)
	at org.springframework.beans.factory.support.AbstractAutowireCapableBeanFactory.createBean(AbstractAutowireCapableBeanFactory.java:515)
	at org.springframework.beans.factory.support.AbstractBeanFactory.lambda$doGetBean$0(AbstractBeanFactory.java:320)
	at org.springframework.beans.factory.support.DefaultSingletonBeanRegistry.getSingleton(DefaultSingletonBeanRegistry.java:222)
	at org.springframework.beans.factory.support.AbstractBeanFactory.doGetBean(AbstractBeanFactory.java:318)
	at org.springframework.beans.factory.support.AbstractBeanFactory.getBean(AbstractBeanFactory.java:199)
	at org.springframework.beans.factory.support.DefaultListableBeanFactory.preInstantiateSingletons(DefaultListableBeanFactory.java:843)
	at org.springframework.context.support.AbstractApplicationContext.finishBeanFactoryInitialization(AbstractApplicationContext.java:877)
	at org.springframework.context.support.AbstractApplicationContext.refresh(AbstractApplicationContext.java:549)
	at org.springframework.boot.web.servlet.context.ServletWebServerApplicationContext.refresh(ServletWebServerApplicationContext.java:142)
	at org.springframework.boot.SpringApplication.refresh(SpringApplication.java:775)
	at org.springframework.boot.SpringApplication.refreshContext(SpringApplication.java:397)
	at org.springframework.boot.SpringApplication.run(SpringApplication.java:316)
	at org.springframework.boot.test.context.SpringBootContextLoader.loadContext(SpringBootContextLoader.java:127)
	at org.springframework.test.context.cache.DefaultCacheAwareContextLoaderDelegate.loadContextInternal(DefaultCacheAwareContextLoaderDelegate.java:99)
	at org.springframework.test.context.cache.DefaultCacheAwareContextLoaderDelegate.loadContext(DefaultCacheAwareContextLoaderDelegate.java:117)
	at org.springframework.test.context.support.DefaultTestContext.getApplicationContext(DefaultTestContext.java:108)
	at org.springframework.boot.test.autoconfigure.SpringBootDependencyInjectionTestExecutionListener.outputConditionEvaluationReport(SpringBootDependencyInjectionTestExecutionListener.java:54)
	at org.springframework.boot.test.autoconfigure.SpringBootDependencyInjectionTestExecutionListener.prepareTestInstance(SpringBootDependencyInjectionTestExecutionListener.java:47)
	at org.springframework.test.context.TestContextManager.prepareTestInstance(TestContextManager.java:246)
	at org.springframework.test.context.junit4.SpringJUnit4ClassRunner.createTest(SpringJUnit4ClassRunner.java:227)
	at org.springframework.test.context.junit4.SpringJUnit4ClassRunner$1.runReflectiveCall(SpringJUnit4ClassRunner.java:289)
	at org.junit.internal.runners.model.ReflectiveCallable.run(ReflectiveCallable.java:12)
	at org.springframework.test.context.junit4.SpringJUnit4ClassRunner.methodBlock(SpringJUnit4ClassRunner.java:291)
	at org.springframework.test.context.junit4.SpringJUnit4ClassRunner.runChild(SpringJUnit4ClassRunner.java:246)
	at org.springframework.test.context.junit4.SpringJUnit4ClassRunner.runChild(SpringJUnit4ClassRunner.java:97)
	at org.junit.runners.ParentRunner$3.run(ParentRunner.java:290)
	at org.junit.runners.ParentRunner$1.schedule(ParentRunner.java:71)
	at org.junit.runners.ParentRunner.runChildren(ParentRunner.java:288)
	at org.junit.runners.ParentRunner.access$000(ParentRunner.java:58)
	at org.junit.runners.ParentRunner$2.evaluate(ParentRunner.java:268)
	at org.springframework.test.context.junit4.statements.RunBeforeTestClassCallbacks.evaluate(RunBeforeTestClassCallbacks.java:61)
	at org.springframework.test.context.junit4.statements.RunAfterTestClassCallbacks.evaluate(RunAfterTestClassCallbacks.java:70)
	at org.junit.runners.ParentRunner.run(ParentRunner.java:363)
	at org.springframework.test.context.junit4.SpringJUnit4ClassRunner.run(SpringJUnit4ClassRunner.java:190)
	at org.apache.maven.surefire.junit4.JUnit4Provider.execute(JUnit4Provider.java:365)
	at org.apache.maven.surefire.junit4.JUnit4Provider.executeWithRerun(JUnit4Provider.java:273)
	at org.apache.maven.surefire.junit4.JUnit4Provider.executeTestSet(JUnit4Provider.java:238)
	at org.apache.maven.surefire.junit4.JUnit4Provider.invoke(JUnit4Provider.java:159)
	at org.apache.maven.surefire.booter.ForkedBooter.invokeProviderInSameClassLoader(ForkedBooter.java:384)
	at org.apache.maven.surefire.booter.ForkedBooter.runSuitesInProcess(ForkedBooter.java:345)
	at org.apache.maven.surefire.booter.ForkedBooter.execute(ForkedBooter.java:126)
	at org.apache.maven.surefire.booter.ForkedBooter.main(ForkedBooter.java:418)
&amp#27;[30m2020-02-08 10:21:44,509&amp#27;[0;39m &amp#27;[1;31mERROR&amp#27;[0;39m [&amp#27;[34mmain&amp#27;[0;39m] &amp#27;[33morg.springframework.boot.diagnostics.LoggingFailureAnalysisReporter&amp#27;[0;39m: 

***************************
APPLICATION FAILED TO START
***************************

Description:

Field departmentRepository in in.rgukt.r081247.universityapi.service.CourseService required a bean of type 'in.rgukt.r081247.universityapi.repository.DepartmentRepository' that could not be found.

The injection point has the following annotations:
	- @org.springframework.beans.factory.annotation.Autowired(required=true)


Action:

Consider defining a bean of type 'in.rgukt.r081247.universityapi.repository.DepartmentRepository' in your configuration.

&amp#27;[30m2020-02-08 10:21:44,510&amp#27;[0;39m &amp#27;[1;31mERROR&amp#27;[0;39m [&amp#27;[34mmain&amp#27;[0;39m] &amp#27;[33morg.springframework.test.context.TestContextManager&amp#27;[0;39m: Caught exception while allowing TestExecutionListener [org.springframework.boot.test.autoconfigure.SpringBootDependencyInjectionTestExecutionListener@41dc34c8] to prepare test instance [in.rgukt.r081247.universityapi.controller.DepartmentControllerIntegrationTest@7b0d88e0]
java.lang.IllegalStateException: Failed to load ApplicationContext
	at org.springframework.test.context.cache.DefaultCacheAwareContextLoaderDelegate.loadContext(DefaultCacheAwareContextLoaderDelegate.java:125)
	at org.springframework.test.context.support.DefaultTestContext.getApplicationContext(DefaultTestContext.java:108)
	at org.springframework.test.context.support.DependencyInjectionTestExecutionListener.injectDependencies(DependencyInjectionTestExecutionListener.java:118)
	at org.springframework.test.context.support.DependencyInjectionTestExecutionListener.prepareTestInstance(DependencyInjectionTestExecutionListener.java:83)
	at org.springframework.boot.test.autoconfigure.SpringBootDependencyInjectionTestExecutionListener.prepareTestInstance(SpringBootDependencyInjectionTestExecutionListener.java:44)
	at org.springframework.test.context.TestContextManager.prepareTestInstance(TestContextManager.java:246)
	at org.springframework.test.context.junit4.SpringJUnit4ClassRunner.createTest(SpringJUnit4ClassRunner.java:227)
	at org.springframework.test.context.junit4.SpringJUnit4ClassRunner$1.runReflectiveCall(SpringJUnit4ClassRunner.java:289)
	at org.junit.internal.runners.model.ReflectiveCallable.run(ReflectiveCallable.java:12)
	at org.springframework.test.context.junit4.SpringJUnit4ClassRunner.methodBlock(SpringJUnit4ClassRunner.java:291)
	at org.springframework.test.context.junit4.SpringJUnit4ClassRunner.runChild(SpringJUnit4ClassRunner.java:246)
	at org.springframework.test.context.junit4.SpringJUnit4ClassRunner.runChild(SpringJUnit4ClassRunner.java:97)
	at org.junit.runners.ParentRunner$3.run(ParentRunner.java:290)
	at org.junit.runners.ParentRunner$1.schedule(ParentRunner.java:71)
	at org.junit.runners.ParentRunner.runChildren(ParentRunner.java:288)
	at org.junit.runners.ParentRunner.access$000(ParentRunner.java:58)
	at org.junit.runners.ParentRunner$2.evaluate(ParentRunner.java:268)
	at org.springframework.test.context.junit4.statements.RunBeforeTestClassCallbacks.evaluate(RunBeforeTestClassCallbacks.java:61)
	at org.springframework.test.context.junit4.statements.RunAfterTestClassCallbacks.evaluate(RunAfterTestClassCallbacks.java:70)
	at org.junit.runners.ParentRunner.run(ParentRunner.java:363)
	at org.springframework.test.context.junit4.SpringJUnit4ClassRunner.run(SpringJUnit4ClassRunner.java:190)
	at org.apache.maven.surefire.junit4.JUnit4Provider.execute(JUnit4Provider.java:365)
	at org.apache.maven.surefire.junit4.JUnit4Provider.executeWithRerun(JUnit4Provider.java:273)
	at org.apache.maven.surefire.junit4.JUnit4Provider.executeTestSet(JUnit4Provider.java:238)
	at org.apache.maven.surefire.junit4.JUnit4Provider.invoke(JUnit4Provider.java:159)
	at org.apache.maven.surefire.booter.ForkedBooter.invokeProviderInSameClassLoader(ForkedBooter.java:384)
	at org.apache.maven.surefire.booter.ForkedBooter.runSuitesInProcess(ForkedBooter.java:345)
	at org.apache.maven.surefire.booter.ForkedBooter.execute(ForkedBooter.java:126)
	at org.apache.maven.surefire.booter.ForkedBooter.main(ForkedBooter.java:418)
Caused by: org.springframework.beans.factory.UnsatisfiedDependencyException: Error creating bean with name 'courseController': Unsatisfied dependency expressed through field 'courseService'; nested exception is org.springframework.beans.factory.UnsatisfiedDependencyException: Error creating bean with name 'courseService': Unsatisfied dependency expressed through field 'departmentRepository'; nested exception is org.springframework.beans.factory.NoSuchBeanDefinitionException: No qualifying bean of type 'in.rgukt.r081247.universityapi.repository.DepartmentRepository' available: expected at least 1 bean which qualifies as autowire candidate. Dependency annotations: {@org.springframework.beans.factory.annotation.Autowired(required=true)}
	at org.springframework.beans.factory.annotation.AutowiredAnnotationBeanPostProcessor$AutowiredFieldElement.inject(AutowiredAnnotationBeanPostProcessor.java:596)
	at org.springframework.beans.factory.annotation.InjectionMetadata.inject(InjectionMetadata.java:90)
	at org.springframework.beans.factory.annotation.AutowiredAnnotationBeanPostProcessor.postProcessProperties(AutowiredAnnotationBeanPostProcessor.java:374)
	at org.springframework.beans.factory.support.AbstractAutowireCapableBeanFactory.populateBean(AbstractAutowireCapableBeanFactory.java:1411)
	at org.springframework.beans.factory.support.AbstractAutowireCapableBeanFactory.doCreateBean(AbstractAutowireCapableBeanFactory.java:592)
	at org.springframework.beans.factory.support.AbstractAutowireCapableBeanFactory.createBean(AbstractAutowireCapableBeanFactory.java:515)
	at org.springframework.beans.factory.support.AbstractBeanFactory.lambda$doGetBean$0(AbstractBeanFactory.java:320)
	at org.springframework.beans.factory.support.DefaultSingletonBeanRegistry.getSingleton(DefaultSingletonBeanRegistry.java:222)
	at org.springframework.beans.factory.support.AbstractBeanFactory.doGetBean(AbstractBeanFactory.java:318)
	at org.springframework.beans.factory.support.AbstractBeanFactory.getBean(AbstractBeanFactory.java:199)
	at org.springframework.beans.factory.support.DefaultListableBeanFactory.preInstantiateSingletons(DefaultListableBeanFactory.java:843)
	at org.springframework.context.support.AbstractApplicationContext.finishBeanFactoryInitialization(AbstractApplicationContext.java:877)
	at org.springframework.context.support.AbstractApplicationContext.refresh(AbstractApplicationContext.java:549)
	at org.springframework.boot.web.servlet.context.ServletWebServerApplicationContext.refresh(ServletWebServerApplicationContext.java:142)
	at org.springframework.boot.SpringApplication.refresh(SpringApplication.java:775)
	at org.springframework.boot.SpringApplication.refreshContext(SpringApplication.java:397)
	at org.springframework.boot.SpringApplication.run(SpringApplication.java:316)
	at org.springframework.boot.test.context.SpringBootContextLoader.loadContext(SpringBootContextLoader.java:127)
	at org.springframework.test.context.cache.DefaultCacheAwareContextLoaderDelegate.loadContextInternal(DefaultCacheAwareContextLoaderDelegate.java:99)
	at org.springframework.test.context.cache.DefaultCacheAwareContextLoaderDelegate.loadContext(DefaultCacheAwareContextLoaderDelegate.java:117)
	... 28 common frames omitted
Caused by: org.springframework.beans.factory.UnsatisfiedDependencyException: Error creating bean with name 'courseService': Unsatisfied dependency expressed through field 'departmentRepository'; nested exception is org.springframework.beans.factory.NoSuchBeanDefinitionException: No qualifying bean of type 'in.rgukt.r081247.universityapi.repository.DepartmentRepository' available: expected at least 1 bean which qualifies as autowire candidate. Dependency annotations: {@org.springframework.beans.factory.annotation.Autowired(required=true)}
	at org.springframework.beans.factory.annotation.AutowiredAnnotationBeanPostProcessor$AutowiredFieldElement.inject(AutowiredAnnotationBeanPostProcessor.java:596)
	at org.springframework.beans.factory.annotation.InjectionMetadata.inject(InjectionMetadata.java:90)
	at org.springframework.beans.factory.annotation.AutowiredAnnotationBeanPostProcessor.postProcessProperties(AutowiredAnnotationBeanPostProcessor.java:374)
	at org.springframework.beans.factory.support.AbstractAutowireCapableBeanFactory.populateBean(AbstractAutowireCapableBeanFactory.java:1411)
	at org.springframework.beans.factory.support.AbstractAutowireCapableBeanFactory.doCreateBean(AbstractAutowireCapableBeanFactory.java:592)
	at org.springframework.beans.factory.support.AbstractAutowireCapableBeanFactory.createBean(AbstractAutowireCapableBeanFactory.java:515)
	at org.springframework.beans.factory.support.AbstractBeanFactory.lambda$doGetBean$0(AbstractBeanFactory.java:320)
	at org.springframework.beans.factory.support.DefaultSingletonBeanRegistry.getSingleton(DefaultSingletonBeanRegistry.java:222)
	at org.springframework.beans.factory.support.AbstractBeanFactory.doGetBean(AbstractBeanFactory.java:318)
	at org.springframework.beans.factory.support.AbstractBeanFactory.getBean(AbstractBeanFactory.java:199)
	at org.springframework.beans.factory.config.DependencyDescriptor.resolveCandidate(DependencyDescriptor.java:277)
	at org.springframework.beans.factory.support.DefaultListableBeanFactory.doResolveDependency(DefaultListableBeanFactory.java:1248)
	at org.springframework.beans.factory.support.DefaultListableBeanFactory.resolveDependency(DefaultListableBeanFactory.java:1168)
	at org.springframework.beans.factory.annotation.AutowiredAnnotationBeanPostProcessor$AutowiredFieldElement.inject(AutowiredAnnotationBeanPostProcessor.java:593)
	... 47 common frames omitted
Caused by: org.springframework.beans.factory.NoSuchBeanDefinitionException: No qualifying bean of type 'in.rgukt.r081247.universityapi.repository.DepartmentRepository' available: expected at least 1 bean which qualifies as autowire candidate. Dependency annotations: {@org.springframework.beans.factory.annotation.Autowired(required=true)}
	at org.springframework.beans.factory.support.DefaultListableBeanFactory.raiseNoMatchingBeanFound(DefaultListableBeanFactory.java:1655)
	at org.springframework.beans.factory.support.DefaultListableBeanFactory.doResolveDependency(DefaultListableBeanFactory.java:1214)
	at org.springframework.beans.factory.support.DefaultListableBeanFactory.resolveDependency(DefaultListableBeanFactory.java:1168)
	at org.springframework.beans.factory.annotation.AutowiredAnnotationBeanPostProcessor$AutowiredFieldElement.inject(AutowiredAnnotationBeanPostProcessor.java:593)
	... 60 common frames omitted
]]></system-out>
  </testcase>
</testsuite>